[2024-05-01T15:00:36.134+0000] {local_task_job_runner.py:120} INFO - ::group::Pre task execution logs
[2024-05-01T15:00:36.148+0000] {taskinstance.py:2073} INFO - Dependencies all met for dep_context=non-requeueable deps ti=<TaskInstance: monthly_report_BushuevaTatiana.transform manual__2024-05-01T15:00:34.024225+00:00 [queued]>
[2024-05-01T15:00:36.153+0000] {taskinstance.py:2073} INFO - Dependencies all met for dep_context=requeueable deps ti=<TaskInstance: monthly_report_BushuevaTatiana.transform manual__2024-05-01T15:00:34.024225+00:00 [queued]>
[2024-05-01T15:00:36.153+0000] {taskinstance.py:2303} INFO - Starting attempt 1 of 1
[2024-05-01T15:00:36.161+0000] {taskinstance.py:2327} INFO - Executing <Task(PythonOperator): transform> on 2024-05-01 15:00:34.024225+00:00
[2024-05-01T15:00:36.166+0000] {warnings.py:110} WARNING - /home/***/.local/lib/python3.12/site-packages/***/task/task_runner/standard_task_runner.py:61: DeprecationWarning: This process (pid=11447) is multi-threaded, use of fork() may lead to deadlocks in the child.
  pid = os.fork()

[2024-05-01T15:00:36.167+0000] {standard_task_runner.py:63} INFO - Started process 11449 to run task
[2024-05-01T15:00:36.167+0000] {standard_task_runner.py:90} INFO - Running: ['***', 'tasks', 'run', 'monthly_report_BushuevaTatiana', 'transform', 'manual__2024-05-01T15:00:34.024225+00:00', '--job-id', '6', '--raw', '--subdir', 'DAGS_FOLDER/homework2.py', '--cfg-path', '/tmp/tmp0vodubr5']
[2024-05-01T15:00:36.168+0000] {standard_task_runner.py:91} INFO - Job 6: Subtask transform
[2024-05-01T15:00:36.199+0000] {task_command.py:426} INFO - Running <TaskInstance: monthly_report_BushuevaTatiana.transform manual__2024-05-01T15:00:34.024225+00:00 [running]> on host bdc10b020525
[2024-05-01T15:00:36.256+0000] {taskinstance.py:2644} INFO - Exporting env vars: AIRFLOW_CTX_DAG_OWNER='***' AIRFLOW_CTX_DAG_ID='monthly_report_BushuevaTatiana' AIRFLOW_CTX_TASK_ID='transform' AIRFLOW_CTX_EXECUTION_DATE='2024-05-01T15:00:34.024225+00:00' AIRFLOW_CTX_TRY_NUMBER='1' AIRFLOW_CTX_DAG_RUN_ID='manual__2024-05-01T15:00:34.024225+00:00'
[2024-05-01T15:00:36.258+0000] {taskinstance.py:430} INFO - ::endgroup::
[2024-05-01T15:00:39.787+0000] {logging_mixin.py:188} WARNING -   0%|          | 0/10 [00:00<?, ?it/s]
[2024-05-01T15:00:40.953+0000] {logging_mixin.py:188} WARNING -  10%|#         | 1/10 [00:01<00:10,  1.17s/it]
[2024-05-01T15:00:41.857+0000] {logging_mixin.py:188} WARNING -  20%|##        | 2/10 [00:02<00:08,  1.01s/it]
[2024-05-01T15:00:42.808+0000] {logging_mixin.py:188} WARNING -  30%|###       | 3/10 [00:03<00:06,  1.02it/s]
[2024-05-01T15:00:43.971+0000] {logging_mixin.py:188} WARNING -  40%|####      | 4/10 [00:04<00:06,  1.05s/it]
[2024-05-01T15:00:44.892+0000] {logging_mixin.py:188} WARNING -  50%|#####     | 5/10 [00:05<00:05,  1.01s/it]
[2024-05-01T15:00:45.892+0000] {logging_mixin.py:188} WARNING -  60%|######    | 6/10 [00:06<00:04,  1.00s/it]
[2024-05-01T15:00:46.784+0000] {logging_mixin.py:188} WARNING -  70%|#######   | 7/10 [00:06<00:02,  1.03it/s]
[2024-05-01T15:00:47.648+0000] {logging_mixin.py:188} WARNING -  80%|########  | 8/10 [00:07<00:01,  1.07it/s]
[2024-05-01T15:00:48.516+0000] {logging_mixin.py:188} WARNING -  90%|######### | 9/10 [00:08<00:00,  1.09it/s]
[2024-05-01T15:00:49.364+0000] {logging_mixin.py:188} WARNING - 100%|##########| 10/10 [00:09<00:00,  1.12it/s]
[2024-05-01T15:00:49.365+0000] {logging_mixin.py:188} WARNING - 100%|##########| 10/10 [00:09<00:00,  1.04it/s]
[2024-05-01T15:00:49.895+0000] {python.py:237} INFO - Done. Returned value was: None
[2024-05-01T15:00:49.896+0000] {taskinstance.py:441} INFO - ::group::Post task execution logs
[2024-05-01T15:00:49.903+0000] {taskinstance.py:1205} INFO - Marking task as SUCCESS. dag_id=monthly_report_BushuevaTatiana, task_id=transform, execution_date=20240501T150034, start_date=20240501T150036, end_date=20240501T150049
[2024-05-01T15:00:49.952+0000] {local_task_job_runner.py:240} INFO - Task exited with return code 0
[2024-05-01T15:00:49.964+0000] {taskinstance.py:3482} INFO - 0 downstream tasks scheduled from follow-on schedule check
[2024-05-01T15:00:49.965+0000] {local_task_job_runner.py:222} INFO - ::endgroup::
