[2024-04-24T18:08:36.564+0000] {local_task_job_runner.py:120} INFO - ::group::Pre task execution logs
[2024-04-24T18:08:36.581+0000] {taskinstance.py:2073} INFO - Dependencies all met for dep_context=non-requeueable deps ti=<TaskInstance: monthly_report.transform manual__2024-04-24T18:01:30.902223+00:00 [queued]>
[2024-04-24T18:08:36.586+0000] {taskinstance.py:2073} INFO - Dependencies all met for dep_context=requeueable deps ti=<TaskInstance: monthly_report.transform manual__2024-04-24T18:01:30.902223+00:00 [queued]>
[2024-04-24T18:08:36.587+0000] {taskinstance.py:2303} INFO - Starting attempt 3 of 3
[2024-04-24T18:08:36.594+0000] {taskinstance.py:2327} INFO - Executing <Task(PythonOperator): transform> on 2024-04-24 18:01:30.902223+00:00
[2024-04-24T18:08:36.599+0000] {warnings.py:110} WARNING - /home/***/.local/lib/python3.12/site-packages/***/task/task_runner/standard_task_runner.py:61: DeprecationWarning: This process (pid=220) is multi-threaded, use of fork() may lead to deadlocks in the child.
  pid = os.fork()

[2024-04-24T18:08:36.600+0000] {standard_task_runner.py:63} INFO - Started process 222 to run task
[2024-04-24T18:08:36.600+0000] {standard_task_runner.py:90} INFO - Running: ['***', 'tasks', 'run', 'monthly_report', 'transform', 'manual__2024-04-24T18:01:30.902223+00:00', '--job-id', '5', '--raw', '--subdir', 'DAGS_FOLDER/homework2.py', '--cfg-path', '/tmp/tmptqq0hvxf']
[2024-04-24T18:08:36.601+0000] {standard_task_runner.py:91} INFO - Job 5: Subtask transform
[2024-04-24T18:08:36.635+0000] {task_command.py:426} INFO - Running <TaskInstance: monthly_report.transform manual__2024-04-24T18:01:30.902223+00:00 [running]> on host bdc10b020525
[2024-04-24T18:08:36.701+0000] {taskinstance.py:2644} INFO - Exporting env vars: AIRFLOW_CTX_DAG_OWNER='***' AIRFLOW_CTX_DAG_ID='monthly_report' AIRFLOW_CTX_TASK_ID='transform' AIRFLOW_CTX_EXECUTION_DATE='2024-04-24T18:01:30.902223+00:00' AIRFLOW_CTX_TRY_NUMBER='3' AIRFLOW_CTX_DAG_RUN_ID='manual__2024-04-24T18:01:30.902223+00:00'
[2024-04-24T18:08:36.702+0000] {taskinstance.py:430} INFO - ::endgroup::
[2024-04-24T18:08:40.376+0000] {logging_mixin.py:188} WARNING -   0%|          | 0/10 [00:00<?, ?it/s]
[2024-04-24T18:08:42.543+0000] {logging_mixin.py:188} WARNING -  10%|#         | 1/10 [00:02<00:19,  2.17s/it]
[2024-04-24T18:08:43.803+0000] {logging_mixin.py:188} WARNING -  20%|##        | 2/10 [00:03<00:13,  1.63s/it]
[2024-04-24T18:08:44.822+0000] {logging_mixin.py:188} WARNING -  30%|###       | 3/10 [00:04<00:09,  1.35s/it]
[2024-04-24T18:08:45.972+0000] {logging_mixin.py:188} WARNING -  40%|####      | 4/10 [00:05<00:07,  1.27s/it]
[2024-04-24T18:08:47.178+0000] {logging_mixin.py:188} WARNING -  50%|#####     | 5/10 [00:06<00:06,  1.25s/it]
[2024-04-24T18:08:48.481+0000] {logging_mixin.py:188} WARNING -  60%|######    | 6/10 [00:08<00:05,  1.27s/it]
[2024-04-24T18:08:49.354+0000] {logging_mixin.py:188} WARNING -  70%|#######   | 7/10 [00:08<00:03,  1.14s/it]
[2024-04-24T18:08:50.333+0000] {logging_mixin.py:188} WARNING -  80%|########  | 8/10 [00:09<00:02,  1.09s/it]
[2024-04-24T18:08:51.306+0000] {logging_mixin.py:188} WARNING -  90%|######### | 9/10 [00:10<00:01,  1.05s/it]
[2024-04-24T18:08:52.544+0000] {logging_mixin.py:188} WARNING - 100%|##########| 10/10 [00:12<00:00,  1.11s/it]
[2024-04-24T18:08:52.545+0000] {logging_mixin.py:188} WARNING - 100%|##########| 10/10 [00:12<00:00,  1.22s/it]
[2024-04-24T18:08:53.185+0000] {python.py:237} INFO - Done. Returned value was: None
[2024-04-24T18:08:53.186+0000] {taskinstance.py:441} INFO - ::group::Post task execution logs
[2024-04-24T18:08:53.224+0000] {taskinstance.py:1205} INFO - Marking task as SUCCESS. dag_id=monthly_report, task_id=transform, execution_date=20240424T180130, start_date=20240424T180836, end_date=20240424T180853
[2024-04-24T18:08:53.266+0000] {local_task_job_runner.py:240} INFO - Task exited with return code 0
[2024-04-24T18:08:53.295+0000] {taskinstance.py:3482} INFO - 0 downstream tasks scheduled from follow-on schedule check
[2024-04-24T18:08:53.299+0000] {local_task_job_runner.py:222} INFO - ::endgroup::
