[2024-05-01T14:59:06.447+0000] {processor.py:161} INFO - Started process (PID=2047) to work on /opt/airflow/dags/homework2_part2.py
[2024-05-01T14:59:06.448+0000] {processor.py:830} INFO - Processing file /opt/airflow/dags/homework2_part2.py for tasks to queue
[2024-05-01T14:59:06.449+0000] {logging_mixin.py:188} INFO - [2024-05-01T14:59:06.448+0000] {dagbag.py:540} INFO - Filling up the DagBag from /opt/airflow/dags/homework2_part2.py
[2024-05-01T14:59:06.668+0000] {processor.py:840} INFO - DAG(s) 'monthly_report_igor' retrieved from /opt/airflow/dags/homework2_part2.py
[2024-05-01T14:59:06.742+0000] {logging_mixin.py:188} INFO - [2024-05-01T14:59:06.742+0000] {override.py:1829} INFO - Created Permission View: can read on DAG:monthly_report_igor
[2024-05-01T14:59:06.749+0000] {logging_mixin.py:188} INFO - [2024-05-01T14:59:06.749+0000] {override.py:1829} INFO - Created Permission View: can edit on DAG:monthly_report_igor
[2024-05-01T14:59:06.753+0000] {logging_mixin.py:188} INFO - [2024-05-01T14:59:06.752+0000] {override.py:1829} INFO - Created Permission View: can delete on DAG:monthly_report_igor
[2024-05-01T14:59:06.753+0000] {logging_mixin.py:188} INFO - [2024-05-01T14:59:06.753+0000] {dag.py:3096} INFO - Sync 1 DAGs
[2024-05-01T14:59:06.761+0000] {logging_mixin.py:188} INFO - [2024-05-01T14:59:06.761+0000] {dag.py:3118} INFO - Creating ORM DAG for monthly_report_igor
[2024-05-01T14:59:06.769+0000] {logging_mixin.py:188} INFO - [2024-05-01T14:59:06.769+0000] {dag.py:3954} INFO - Setting next_dagrun for monthly_report_igor to 2024-01-05 00:00:00+00:00, run_after=2024-02-05 00:00:00+00:00
[2024-05-01T14:59:06.789+0000] {logging_mixin.py:188} INFO - [2024-05-01T14:59:06.784+0000] {dagbag.py:649} ERROR - Failed to write serialized DAG: /opt/airflow/dags/homework2_part2.py
Traceback (most recent call last):
  File "/home/airflow/.local/lib/python3.12/site-packages/airflow/models/dagbag.py", line 637, in _serialize_dag_capturing_errors
    dag_was_updated = SerializedDagModel.write_dag(
                      ^^^^^^^^^^^^^^^^^^^^^^^^^^^^^
  File "/home/airflow/.local/lib/python3.12/site-packages/airflow/utils/session.py", line 76, in wrapper
    return func(*args, **kwargs)
           ^^^^^^^^^^^^^^^^^^^^^
  File "/home/airflow/.local/lib/python3.12/site-packages/airflow/models/serialized_dag.py", line 158, in write_dag
    if session.scalar(
       ^^^^^^^^^^^^^^^
  File "/home/airflow/.local/lib/python3.12/site-packages/sqlalchemy/orm/session.py", line 1747, in scalar
    return self.execute(
           ^^^^^^^^^^^^^
  File "/home/airflow/.local/lib/python3.12/site-packages/sqlalchemy/orm/session.py", line 1716, in execute
    conn = self._connection_for_bind(bind)
           ^^^^^^^^^^^^^^^^^^^^^^^^^^^^^^^
  File "/home/airflow/.local/lib/python3.12/site-packages/sqlalchemy/orm/session.py", line 1555, in _connection_for_bind
    return self._transaction._connection_for_bind(
           ^^^^^^^^^^^^^^^^^^^^^^^^^^^^^^^^^^^^^^^
  File "/home/airflow/.local/lib/python3.12/site-packages/sqlalchemy/orm/session.py", line 724, in _connection_for_bind
    self._assert_active()
  File "/home/airflow/.local/lib/python3.12/site-packages/sqlalchemy/orm/session.py", line 604, in _assert_active
    raise sa_exc.PendingRollbackError(
sqlalchemy.exc.PendingRollbackError: This Session's transaction has been rolled back due to a previous exception during flush. To begin a new transaction with this Session, first issue Session.rollback(). Original exception was: (psycopg2.errors.UniqueViolation) duplicate key value violates unique constraint "dag_pkey"
DETAIL:  Key (dag_id)=(monthly_report_igor) already exists.

[SQL: INSERT INTO dag (dag_id, root_dag_id, is_paused, is_subdag, is_active, last_parsed_time, last_pickled, last_expired, scheduler_lock, pickle_id, fileloc, processor_subdir, owners, dag_display_name, description, default_view, schedule_interval, timetable_description, dataset_expression, max_active_tasks, max_active_runs, max_consecutive_failed_dag_runs, has_task_concurrency_limits, has_import_errors, next_dagrun, next_dagrun_data_interval_start, next_dagrun_data_interval_end, next_dagrun_create_after) VALUES (%(dag_id)s, %(root_dag_id)s, %(is_paused)s, %(is_subdag)s, %(is_active)s, %(last_parsed_time)s, %(last_pickled)s, %(last_expired)s, %(scheduler_lock)s, %(pickle_id)s, %(fileloc)s, %(processor_subdir)s, %(owners)s, %(dag_display_name)s, %(description)s, %(default_view)s, %(schedule_interval)s, %(timetable_description)s, %(dataset_expression)s, %(max_active_tasks)s, %(max_active_runs)s, %(max_consecutive_failed_dag_runs)s, %(has_task_concurrency_limits)s, %(has_import_errors)s, %(next_dagrun)s, %(next_dagrun_data_interval_start)s, %(next_dagrun_data_interval_end)s, %(next_dagrun_create_after)s)]
[parameters: {'dag_id': 'monthly_report_igor', 'root_dag_id': None, 'is_paused': True, 'is_subdag': False, 'is_active': True, 'last_parsed_time': datetime.datetime(2024, 5, 1, 14, 59, 6, 768436, tzinfo=Timezone('UTC')), 'last_pickled': None, 'last_expired': None, 'scheduler_lock': None, 'pickle_id': None, 'fileloc': '/opt/airflow/dags/homework2_part2.py', 'processor_subdir': '/opt/airflow/dags', 'owners': 'airflow', 'dag_display_name': None, 'description': 'Bushueva Tatiana', 'default_view': 'grid', 'schedule_interval': '"0 0 5 * *"', 'timetable_description': 'At 00:00, on day 5 of the month', 'dataset_expression': 'null', 'max_active_tasks': 16, 'max_active_runs': 16, 'max_consecutive_failed_dag_runs': 0, 'has_task_concurrency_limits': False, 'has_import_errors': False, 'next_dagrun': DateTime(2024, 1, 5, 0, 0, 0, tzinfo=Timezone('UTC')), 'next_dagrun_data_interval_start': DateTime(2024, 1, 5, 0, 0, 0, tzinfo=Timezone('UTC')), 'next_dagrun_data_interval_end': DateTime(2024, 2, 5, 0, 0, 0, tzinfo=Timezone('UTC')), 'next_dagrun_create_after': DateTime(2024, 2, 5, 0, 0, 0, tzinfo=Timezone('UTC'))}]
(Background on this error at: https://sqlalche.me/e/14/gkpj) (Background on this error at: https://sqlalche.me/e/14/7s2a)
[2024-05-01T14:59:06.790+0000] {logging_mixin.py:188} INFO - [2024-05-01T14:59:06.790+0000] {dag.py:3096} INFO - Sync 1 DAGs
[2024-05-01T14:59:06.790+0000] {processor.py:186} ERROR - Got an exception! Propagating...
Traceback (most recent call last):
  File "/home/airflow/.local/lib/python3.12/site-packages/airflow/dag_processing/processor.py", line 182, in _run_file_processor
    _handle_dag_file_processing()
  File "/home/airflow/.local/lib/python3.12/site-packages/airflow/dag_processing/processor.py", line 163, in _handle_dag_file_processing
    result: tuple[int, int] = dag_file_processor.process_file(
                              ^^^^^^^^^^^^^^^^^^^^^^^^^^^^^^^^
  File "/home/airflow/.local/lib/python3.12/site-packages/airflow/utils/session.py", line 79, in wrapper
    return func(*args, session=session, **kwargs)
           ^^^^^^^^^^^^^^^^^^^^^^^^^^^^^^^^^^^^^^
  File "/home/airflow/.local/lib/python3.12/site-packages/airflow/dag_processing/processor.py", line 859, in process_file
    serialize_errors = DagFileProcessor.save_dag_to_db(
                       ^^^^^^^^^^^^^^^^^^^^^^^^^^^^^^^^
  File "/home/airflow/.local/lib/python3.12/site-packages/airflow/api_internal/internal_api_call.py", line 115, in wrapper
    return func(*args, **kwargs)
           ^^^^^^^^^^^^^^^^^^^^^
  File "/home/airflow/.local/lib/python3.12/site-packages/airflow/utils/session.py", line 79, in wrapper
    return func(*args, session=session, **kwargs)
           ^^^^^^^^^^^^^^^^^^^^^^^^^^^^^^^^^^^^^^
  File "/home/airflow/.local/lib/python3.12/site-packages/airflow/dag_processing/processor.py", line 895, in save_dag_to_db
    import_errors = DagBag._sync_to_db(dags=dags, processor_subdir=dag_directory, session=session)
                    ^^^^^^^^^^^^^^^^^^^^^^^^^^^^^^^^^^^^^^^^^^^^^^^^^^^^^^^^^^^^^^^^^^^^^^^^^^^^^^
  File "/home/airflow/.local/lib/python3.12/site-packages/airflow/utils/session.py", line 76, in wrapper
    return func(*args, **kwargs)
           ^^^^^^^^^^^^^^^^^^^^^
  File "/home/airflow/.local/lib/python3.12/site-packages/airflow/models/dagbag.py", line 659, in _sync_to_db
    for attempt in run_with_db_retries(logger=log):
  File "/home/airflow/.local/lib/python3.12/site-packages/tenacity/__init__.py", line 347, in __iter__
    do = self.iter(retry_state=retry_state)
         ^^^^^^^^^^^^^^^^^^^^^^^^^^^^^^^^^^
  File "/home/airflow/.local/lib/python3.12/site-packages/tenacity/__init__.py", line 314, in iter
    return fut.result()
           ^^^^^^^^^^^^
  File "/usr/local/lib/python3.12/concurrent/futures/_base.py", line 449, in result
    return self.__get_result()
           ^^^^^^^^^^^^^^^^^^^
  File "/usr/local/lib/python3.12/concurrent/futures/_base.py", line 401, in __get_result
    raise self._exception
  File "/home/airflow/.local/lib/python3.12/site-packages/airflow/models/dagbag.py", line 675, in _sync_to_db
    DAG.bulk_write_to_db(dags.values(), processor_subdir=processor_subdir, session=session)
  File "/home/airflow/.local/lib/python3.12/site-packages/airflow/utils/session.py", line 76, in wrapper
    return func(*args, **kwargs)
           ^^^^^^^^^^^^^^^^^^^^^
  File "/home/airflow/.local/lib/python3.12/site-packages/airflow/models/dag.py", line 3108, in bulk_write_to_db
    orm_dags: list[DagModel] = session.scalars(query).unique().all()
                               ^^^^^^^^^^^^^^^^^^^^^^
  File "/home/airflow/.local/lib/python3.12/site-packages/sqlalchemy/orm/session.py", line 1778, in scalars
    return self.execute(
           ^^^^^^^^^^^^^
  File "/home/airflow/.local/lib/python3.12/site-packages/sqlalchemy/orm/session.py", line 1716, in execute
    conn = self._connection_for_bind(bind)
           ^^^^^^^^^^^^^^^^^^^^^^^^^^^^^^^
  File "/home/airflow/.local/lib/python3.12/site-packages/sqlalchemy/orm/session.py", line 1555, in _connection_for_bind
    return self._transaction._connection_for_bind(
           ^^^^^^^^^^^^^^^^^^^^^^^^^^^^^^^^^^^^^^^
  File "/home/airflow/.local/lib/python3.12/site-packages/sqlalchemy/orm/session.py", line 724, in _connection_for_bind
    self._assert_active()
  File "/home/airflow/.local/lib/python3.12/site-packages/sqlalchemy/orm/session.py", line 604, in _assert_active
    raise sa_exc.PendingRollbackError(
sqlalchemy.exc.PendingRollbackError: This Session's transaction has been rolled back due to a previous exception during flush. To begin a new transaction with this Session, first issue Session.rollback(). Original exception was: (psycopg2.errors.UniqueViolation) duplicate key value violates unique constraint "dag_pkey"
DETAIL:  Key (dag_id)=(monthly_report_igor) already exists.

[SQL: INSERT INTO dag (dag_id, root_dag_id, is_paused, is_subdag, is_active, last_parsed_time, last_pickled, last_expired, scheduler_lock, pickle_id, fileloc, processor_subdir, owners, dag_display_name, description, default_view, schedule_interval, timetable_description, dataset_expression, max_active_tasks, max_active_runs, max_consecutive_failed_dag_runs, has_task_concurrency_limits, has_import_errors, next_dagrun, next_dagrun_data_interval_start, next_dagrun_data_interval_end, next_dagrun_create_after) VALUES (%(dag_id)s, %(root_dag_id)s, %(is_paused)s, %(is_subdag)s, %(is_active)s, %(last_parsed_time)s, %(last_pickled)s, %(last_expired)s, %(scheduler_lock)s, %(pickle_id)s, %(fileloc)s, %(processor_subdir)s, %(owners)s, %(dag_display_name)s, %(description)s, %(default_view)s, %(schedule_interval)s, %(timetable_description)s, %(dataset_expression)s, %(max_active_tasks)s, %(max_active_runs)s, %(max_consecutive_failed_dag_runs)s, %(has_task_concurrency_limits)s, %(has_import_errors)s, %(next_dagrun)s, %(next_dagrun_data_interval_start)s, %(next_dagrun_data_interval_end)s, %(next_dagrun_create_after)s)]
[parameters: {'dag_id': 'monthly_report_igor', 'root_dag_id': None, 'is_paused': True, 'is_subdag': False, 'is_active': True, 'last_parsed_time': datetime.datetime(2024, 5, 1, 14, 59, 6, 768436, tzinfo=Timezone('UTC')), 'last_pickled': None, 'last_expired': None, 'scheduler_lock': None, 'pickle_id': None, 'fileloc': '/opt/airflow/dags/homework2_part2.py', 'processor_subdir': '/opt/airflow/dags', 'owners': 'airflow', 'dag_display_name': None, 'description': 'Bushueva Tatiana', 'default_view': 'grid', 'schedule_interval': '"0 0 5 * *"', 'timetable_description': 'At 00:00, on day 5 of the month', 'dataset_expression': 'null', 'max_active_tasks': 16, 'max_active_runs': 16, 'max_consecutive_failed_dag_runs': 0, 'has_task_concurrency_limits': False, 'has_import_errors': False, 'next_dagrun': DateTime(2024, 1, 5, 0, 0, 0, tzinfo=Timezone('UTC')), 'next_dagrun_data_interval_start': DateTime(2024, 1, 5, 0, 0, 0, tzinfo=Timezone('UTC')), 'next_dagrun_data_interval_end': DateTime(2024, 2, 5, 0, 0, 0, tzinfo=Timezone('UTC')), 'next_dagrun_create_after': DateTime(2024, 2, 5, 0, 0, 0, tzinfo=Timezone('UTC'))}]
(Background on this error at: https://sqlalche.me/e/14/gkpj) (Background on this error at: https://sqlalche.me/e/14/7s2a)
[2024-05-01T14:59:37.412+0000] {processor.py:161} INFO - Started process (PID=2113) to work on /opt/airflow/dags/homework2_part2.py
[2024-05-01T14:59:37.413+0000] {processor.py:830} INFO - Processing file /opt/airflow/dags/homework2_part2.py for tasks to queue
[2024-05-01T14:59:37.414+0000] {logging_mixin.py:188} INFO - [2024-05-01T14:59:37.414+0000] {dagbag.py:540} INFO - Filling up the DagBag from /opt/airflow/dags/homework2_part2.py
[2024-05-01T14:59:37.637+0000] {processor.py:840} INFO - DAG(s) 'monthly_report_igor' retrieved from /opt/airflow/dags/homework2_part2.py
[2024-05-01T14:59:37.652+0000] {logging_mixin.py:188} INFO - [2024-05-01T14:59:37.652+0000] {dag.py:3096} INFO - Sync 1 DAGs
[2024-05-01T14:59:37.667+0000] {logging_mixin.py:188} INFO - [2024-05-01T14:59:37.667+0000] {dag.py:3954} INFO - Setting next_dagrun for monthly_report_igor to 2024-01-05 00:00:00+00:00, run_after=2024-02-05 00:00:00+00:00
[2024-05-01T14:59:37.680+0000] {processor.py:183} INFO - Processing /opt/airflow/dags/homework2_part2.py took 0.278 seconds
[2024-05-01T14:59:41.731+0000] {processor.py:161} INFO - Started process (PID=2117) to work on /opt/airflow/dags/homework2_part2.py
[2024-05-01T14:59:41.732+0000] {processor.py:830} INFO - Processing file /opt/airflow/dags/homework2_part2.py for tasks to queue
[2024-05-01T14:59:41.732+0000] {logging_mixin.py:188} INFO - [2024-05-01T14:59:41.732+0000] {dagbag.py:540} INFO - Filling up the DagBag from /opt/airflow/dags/homework2_part2.py
[2024-05-01T14:59:41.985+0000] {processor.py:840} INFO - DAG(s) 'monthly_report_part2' retrieved from /opt/airflow/dags/homework2_part2.py
[2024-05-01T14:59:42.065+0000] {logging_mixin.py:188} INFO - [2024-05-01T14:59:42.065+0000] {override.py:1829} INFO - Created Permission View: can read on DAG:monthly_report_part2
[2024-05-01T14:59:42.072+0000] {logging_mixin.py:188} INFO - [2024-05-01T14:59:42.072+0000] {override.py:1829} INFO - Created Permission View: can edit on DAG:monthly_report_part2
[2024-05-01T14:59:42.077+0000] {logging_mixin.py:188} INFO - [2024-05-01T14:59:42.077+0000] {override.py:1829} INFO - Created Permission View: can delete on DAG:monthly_report_part2
[2024-05-01T14:59:42.078+0000] {logging_mixin.py:188} INFO - [2024-05-01T14:59:42.077+0000] {dag.py:3096} INFO - Sync 1 DAGs
[2024-05-01T14:59:42.086+0000] {logging_mixin.py:188} INFO - [2024-05-01T14:59:42.086+0000] {dag.py:3118} INFO - Creating ORM DAG for monthly_report_part2
[2024-05-01T14:59:42.094+0000] {logging_mixin.py:188} INFO - [2024-05-01T14:59:42.094+0000] {dag.py:3954} INFO - Setting next_dagrun for monthly_report_part2 to 2024-01-05 00:00:00+00:00, run_after=2024-02-05 00:00:00+00:00
[2024-05-01T14:59:42.106+0000] {processor.py:183} INFO - Processing /opt/airflow/dags/homework2_part2.py took 0.380 seconds
[2024-05-01T15:00:12.268+0000] {processor.py:161} INFO - Started process (PID=2181) to work on /opt/airflow/dags/homework2_part2.py
[2024-05-01T15:00:12.269+0000] {processor.py:830} INFO - Processing file /opt/airflow/dags/homework2_part2.py for tasks to queue
[2024-05-01T15:00:12.270+0000] {logging_mixin.py:188} INFO - [2024-05-01T15:00:12.269+0000] {dagbag.py:540} INFO - Filling up the DagBag from /opt/airflow/dags/homework2_part2.py
[2024-05-01T15:00:12.484+0000] {processor.py:840} INFO - DAG(s) 'monthly_report_part2' retrieved from /opt/airflow/dags/homework2_part2.py
[2024-05-01T15:00:12.498+0000] {logging_mixin.py:188} INFO - [2024-05-01T15:00:12.498+0000] {dag.py:3096} INFO - Sync 1 DAGs
[2024-05-01T15:00:12.513+0000] {logging_mixin.py:188} INFO - [2024-05-01T15:00:12.513+0000] {dag.py:3954} INFO - Setting next_dagrun for monthly_report_part2 to 2024-01-05 00:00:00+00:00, run_after=2024-02-05 00:00:00+00:00
[2024-05-01T15:00:12.525+0000] {processor.py:183} INFO - Processing /opt/airflow/dags/homework2_part2.py took 0.261 seconds
[2024-05-01T15:00:42.979+0000] {processor.py:161} INFO - Started process (PID=2245) to work on /opt/airflow/dags/homework2_part2.py
[2024-05-01T15:00:42.980+0000] {processor.py:830} INFO - Processing file /opt/airflow/dags/homework2_part2.py for tasks to queue
[2024-05-01T15:00:42.982+0000] {logging_mixin.py:188} INFO - [2024-05-01T15:00:42.981+0000] {dagbag.py:540} INFO - Filling up the DagBag from /opt/airflow/dags/homework2_part2.py
[2024-05-01T15:00:43.371+0000] {processor.py:840} INFO - DAG(s) 'monthly_report_part2' retrieved from /opt/airflow/dags/homework2_part2.py
[2024-05-01T15:00:43.390+0000] {logging_mixin.py:188} INFO - [2024-05-01T15:00:43.389+0000] {dag.py:3096} INFO - Sync 1 DAGs
[2024-05-01T15:00:43.410+0000] {logging_mixin.py:188} INFO - [2024-05-01T15:00:43.409+0000] {dag.py:3954} INFO - Setting next_dagrun for monthly_report_part2 to 2024-01-05 00:00:00+00:00, run_after=2024-02-05 00:00:00+00:00
[2024-05-01T15:00:43.423+0000] {processor.py:183} INFO - Processing /opt/airflow/dags/homework2_part2.py took 0.457 seconds
[2024-05-01T15:01:13.763+0000] {processor.py:161} INFO - Started process (PID=2309) to work on /opt/airflow/dags/homework2_part2.py
[2024-05-01T15:01:13.765+0000] {processor.py:830} INFO - Processing file /opt/airflow/dags/homework2_part2.py for tasks to queue
[2024-05-01T15:01:13.766+0000] {logging_mixin.py:188} INFO - [2024-05-01T15:01:13.765+0000] {dagbag.py:540} INFO - Filling up the DagBag from /opt/airflow/dags/homework2_part2.py
[2024-05-01T15:01:14.017+0000] {processor.py:840} INFO - DAG(s) 'monthly_report_part2' retrieved from /opt/airflow/dags/homework2_part2.py
[2024-05-01T15:01:14.036+0000] {logging_mixin.py:188} INFO - [2024-05-01T15:01:14.035+0000] {dag.py:3096} INFO - Sync 1 DAGs
[2024-05-01T15:01:14.051+0000] {logging_mixin.py:188} INFO - [2024-05-01T15:01:14.051+0000] {dag.py:3954} INFO - Setting next_dagrun for monthly_report_part2 to 2024-01-05 00:00:00+00:00, run_after=2024-02-05 00:00:00+00:00
[2024-05-01T15:01:14.066+0000] {processor.py:183} INFO - Processing /opt/airflow/dags/homework2_part2.py took 0.312 seconds
[2024-05-01T15:01:41.935+0000] {processor.py:161} INFO - Started process (PID=2373) to work on /opt/airflow/dags/homework2_part2.py
[2024-05-01T15:01:41.937+0000] {processor.py:830} INFO - Processing file /opt/airflow/dags/homework2_part2.py for tasks to queue
[2024-05-01T15:01:41.938+0000] {logging_mixin.py:188} INFO - [2024-05-01T15:01:41.938+0000] {dagbag.py:540} INFO - Filling up the DagBag from /opt/airflow/dags/homework2_part2.py
[2024-05-01T15:01:42.166+0000] {processor.py:840} INFO - DAG(s) 'monthly_report_part2_BushuevaTatiana' retrieved from /opt/airflow/dags/homework2_part2.py
[2024-05-01T15:01:42.455+0000] {logging_mixin.py:188} INFO - [2024-05-01T15:01:42.455+0000] {override.py:1829} INFO - Created Permission View: can read on DAG:monthly_report_part2_BushuevaTatiana
[2024-05-01T15:01:42.460+0000] {logging_mixin.py:188} INFO - [2024-05-01T15:01:42.460+0000] {override.py:1829} INFO - Created Permission View: can edit on DAG:monthly_report_part2_BushuevaTatiana
[2024-05-01T15:01:42.464+0000] {logging_mixin.py:188} INFO - [2024-05-01T15:01:42.464+0000] {override.py:1829} INFO - Created Permission View: can delete on DAG:monthly_report_part2_BushuevaTatiana
[2024-05-01T15:01:42.464+0000] {logging_mixin.py:188} INFO - [2024-05-01T15:01:42.464+0000] {dag.py:3096} INFO - Sync 1 DAGs
[2024-05-01T15:01:42.471+0000] {logging_mixin.py:188} INFO - [2024-05-01T15:01:42.470+0000] {dag.py:3118} INFO - Creating ORM DAG for monthly_report_part2_BushuevaTatiana
[2024-05-01T15:01:42.476+0000] {logging_mixin.py:188} INFO - [2024-05-01T15:01:42.476+0000] {dag.py:3954} INFO - Setting next_dagrun for monthly_report_part2_BushuevaTatiana to 2024-01-05 00:00:00+00:00, run_after=2024-02-05 00:00:00+00:00
[2024-05-01T15:01:42.486+0000] {processor.py:183} INFO - Processing /opt/airflow/dags/homework2_part2.py took 0.558 seconds
[2024-05-01T15:02:12.634+0000] {processor.py:161} INFO - Started process (PID=2439) to work on /opt/airflow/dags/homework2_part2.py
[2024-05-01T15:02:12.635+0000] {processor.py:830} INFO - Processing file /opt/airflow/dags/homework2_part2.py for tasks to queue
[2024-05-01T15:02:12.636+0000] {logging_mixin.py:188} INFO - [2024-05-01T15:02:12.636+0000] {dagbag.py:540} INFO - Filling up the DagBag from /opt/airflow/dags/homework2_part2.py
[2024-05-01T15:02:12.875+0000] {processor.py:840} INFO - DAG(s) 'monthly_report_part2_BushuevaTatiana' retrieved from /opt/airflow/dags/homework2_part2.py
[2024-05-01T15:02:12.892+0000] {logging_mixin.py:188} INFO - [2024-05-01T15:02:12.892+0000] {dag.py:3096} INFO - Sync 1 DAGs
[2024-05-01T15:02:12.907+0000] {logging_mixin.py:188} INFO - [2024-05-01T15:02:12.907+0000] {dag.py:3954} INFO - Setting next_dagrun for monthly_report_part2_BushuevaTatiana to 2024-01-05 00:00:00+00:00, run_after=2024-02-05 00:00:00+00:00
[2024-05-01T15:02:12.919+0000] {processor.py:183} INFO - Processing /opt/airflow/dags/homework2_part2.py took 0.292 seconds
[2024-05-01T15:02:43.092+0000] {processor.py:161} INFO - Started process (PID=2503) to work on /opt/airflow/dags/homework2_part2.py
[2024-05-01T15:02:43.094+0000] {processor.py:830} INFO - Processing file /opt/airflow/dags/homework2_part2.py for tasks to queue
[2024-05-01T15:02:43.098+0000] {logging_mixin.py:188} INFO - [2024-05-01T15:02:43.097+0000] {dagbag.py:540} INFO - Filling up the DagBag from /opt/airflow/dags/homework2_part2.py
[2024-05-01T15:02:43.325+0000] {processor.py:840} INFO - DAG(s) 'monthly_report_part2_BushuevaTatiana' retrieved from /opt/airflow/dags/homework2_part2.py
[2024-05-01T15:02:43.341+0000] {logging_mixin.py:188} INFO - [2024-05-01T15:02:43.341+0000] {dag.py:3096} INFO - Sync 1 DAGs
[2024-05-01T15:02:43.354+0000] {logging_mixin.py:188} INFO - [2024-05-01T15:02:43.354+0000] {dag.py:3954} INFO - Setting next_dagrun for monthly_report_part2_BushuevaTatiana to 2024-01-05 00:00:00+00:00, run_after=2024-02-05 00:00:00+00:00
[2024-05-01T15:02:43.366+0000] {processor.py:183} INFO - Processing /opt/airflow/dags/homework2_part2.py took 0.278 seconds
[2024-05-01T15:03:13.813+0000] {processor.py:161} INFO - Started process (PID=2567) to work on /opt/airflow/dags/homework2_part2.py
[2024-05-01T15:03:13.815+0000] {processor.py:830} INFO - Processing file /opt/airflow/dags/homework2_part2.py for tasks to queue
[2024-05-01T15:03:13.816+0000] {logging_mixin.py:188} INFO - [2024-05-01T15:03:13.815+0000] {dagbag.py:540} INFO - Filling up the DagBag from /opt/airflow/dags/homework2_part2.py
[2024-05-01T15:03:14.037+0000] {processor.py:840} INFO - DAG(s) 'monthly_report_part2_BushuevaTatiana' retrieved from /opt/airflow/dags/homework2_part2.py
[2024-05-01T15:03:14.052+0000] {logging_mixin.py:188} INFO - [2024-05-01T15:03:14.052+0000] {dag.py:3096} INFO - Sync 1 DAGs
[2024-05-01T15:03:14.167+0000] {logging_mixin.py:188} INFO - [2024-05-01T15:03:14.167+0000] {dag.py:3954} INFO - Setting next_dagrun for monthly_report_part2_BushuevaTatiana to 2024-01-05 00:00:00+00:00, run_after=2024-02-05 00:00:00+00:00
[2024-05-01T15:03:14.178+0000] {processor.py:183} INFO - Processing /opt/airflow/dags/homework2_part2.py took 0.372 seconds
[2024-05-01T15:03:41.957+0000] {processor.py:161} INFO - Started process (PID=2627) to work on /opt/airflow/dags/homework2_part2.py
[2024-05-01T15:03:41.959+0000] {processor.py:830} INFO - Processing file /opt/airflow/dags/homework2_part2.py for tasks to queue
[2024-05-01T15:03:41.960+0000] {logging_mixin.py:188} INFO - [2024-05-01T15:03:41.960+0000] {dagbag.py:540} INFO - Filling up the DagBag from /opt/airflow/dags/homework2_part2.py
[2024-05-01T15:03:42.204+0000] {processor.py:840} INFO - DAG(s) 'monthly_report_part2_BushuevaTatiana' retrieved from /opt/airflow/dags/homework2_part2.py
[2024-05-01T15:03:42.220+0000] {logging_mixin.py:188} INFO - [2024-05-01T15:03:42.219+0000] {dag.py:3096} INFO - Sync 1 DAGs
[2024-05-01T15:03:42.234+0000] {logging_mixin.py:188} INFO - [2024-05-01T15:03:42.234+0000] {dag.py:3954} INFO - Setting next_dagrun for monthly_report_part2_BushuevaTatiana to 2024-01-05 00:00:00+00:00, run_after=2024-02-05 00:00:00+00:00
[2024-05-01T15:03:42.390+0000] {processor.py:183} INFO - Processing /opt/airflow/dags/homework2_part2.py took 0.443 seconds
[2024-05-01T15:04:13.254+0000] {processor.py:161} INFO - Started process (PID=2700) to work on /opt/airflow/dags/homework2_part2.py
[2024-05-01T15:04:13.273+0000] {processor.py:830} INFO - Processing file /opt/airflow/dags/homework2_part2.py for tasks to queue
[2024-05-01T15:04:13.279+0000] {logging_mixin.py:188} INFO - [2024-05-01T15:04:13.274+0000] {dagbag.py:540} INFO - Filling up the DagBag from /opt/airflow/dags/homework2_part2.py
[2024-05-01T15:04:14.935+0000] {processor.py:840} INFO - DAG(s) 'monthly_report_part2_BushuevaTatiana' retrieved from /opt/airflow/dags/homework2_part2.py
[2024-05-01T15:04:15.006+0000] {logging_mixin.py:188} INFO - [2024-05-01T15:04:15.006+0000] {dag.py:3096} INFO - Sync 1 DAGs
[2024-05-01T15:04:15.090+0000] {logging_mixin.py:188} INFO - [2024-05-01T15:04:15.089+0000] {dag.py:3954} INFO - Setting next_dagrun for monthly_report_part2_BushuevaTatiana to 2024-04-05 00:00:00+00:00, run_after=2024-05-05 00:00:00+00:00
[2024-05-01T15:04:15.176+0000] {processor.py:183} INFO - Processing /opt/airflow/dags/homework2_part2.py took 1.958 seconds
[2024-05-01T15:04:45.282+0000] {processor.py:161} INFO - Started process (PID=2764) to work on /opt/airflow/dags/homework2_part2.py
[2024-05-01T15:04:45.284+0000] {processor.py:830} INFO - Processing file /opt/airflow/dags/homework2_part2.py for tasks to queue
[2024-05-01T15:04:45.286+0000] {logging_mixin.py:188} INFO - [2024-05-01T15:04:45.285+0000] {dagbag.py:540} INFO - Filling up the DagBag from /opt/airflow/dags/homework2_part2.py
[2024-05-01T15:04:45.535+0000] {processor.py:840} INFO - DAG(s) 'monthly_report_part2_BushuevaTatiana' retrieved from /opt/airflow/dags/homework2_part2.py
[2024-05-01T15:04:45.558+0000] {logging_mixin.py:188} INFO - [2024-05-01T15:04:45.558+0000] {dag.py:3096} INFO - Sync 1 DAGs
[2024-05-01T15:04:45.577+0000] {logging_mixin.py:188} INFO - [2024-05-01T15:04:45.577+0000] {dag.py:3954} INFO - Setting next_dagrun for monthly_report_part2_BushuevaTatiana to 2024-04-05 00:00:00+00:00, run_after=2024-05-05 00:00:00+00:00
[2024-05-01T15:04:45.594+0000] {processor.py:183} INFO - Processing /opt/airflow/dags/homework2_part2.py took 0.325 seconds
[2024-05-01T15:05:16.153+0000] {processor.py:161} INFO - Started process (PID=2834) to work on /opt/airflow/dags/homework2_part2.py
[2024-05-01T15:05:16.154+0000] {processor.py:830} INFO - Processing file /opt/airflow/dags/homework2_part2.py for tasks to queue
[2024-05-01T15:05:16.156+0000] {logging_mixin.py:188} INFO - [2024-05-01T15:05:16.155+0000] {dagbag.py:540} INFO - Filling up the DagBag from /opt/airflow/dags/homework2_part2.py
[2024-05-01T15:05:16.575+0000] {processor.py:840} INFO - DAG(s) 'monthly_report_part2_BushuevaTatiana' retrieved from /opt/airflow/dags/homework2_part2.py
[2024-05-01T15:05:16.590+0000] {logging_mixin.py:188} INFO - [2024-05-01T15:05:16.590+0000] {dag.py:3096} INFO - Sync 1 DAGs
[2024-05-01T15:05:16.604+0000] {logging_mixin.py:188} INFO - [2024-05-01T15:05:16.604+0000] {dag.py:3954} INFO - Setting next_dagrun for monthly_report_part2_BushuevaTatiana to 2024-04-05 00:00:00+00:00, run_after=2024-05-05 00:00:00+00:00
[2024-05-01T15:05:16.618+0000] {processor.py:183} INFO - Processing /opt/airflow/dags/homework2_part2.py took 0.474 seconds
[2024-05-01T15:05:47.191+0000] {processor.py:161} INFO - Started process (PID=2898) to work on /opt/airflow/dags/homework2_part2.py
[2024-05-01T15:05:47.194+0000] {processor.py:830} INFO - Processing file /opt/airflow/dags/homework2_part2.py for tasks to queue
[2024-05-01T15:05:47.199+0000] {logging_mixin.py:188} INFO - [2024-05-01T15:05:47.196+0000] {dagbag.py:540} INFO - Filling up the DagBag from /opt/airflow/dags/homework2_part2.py
[2024-05-01T15:05:47.725+0000] {processor.py:840} INFO - DAG(s) 'monthly_report_part2_BushuevaTatiana' retrieved from /opt/airflow/dags/homework2_part2.py
[2024-05-01T15:05:48.024+0000] {logging_mixin.py:188} INFO - [2024-05-01T15:05:48.023+0000] {dag.py:3096} INFO - Sync 1 DAGs
[2024-05-01T15:05:48.042+0000] {logging_mixin.py:188} INFO - [2024-05-01T15:05:48.042+0000] {dag.py:3954} INFO - Setting next_dagrun for monthly_report_part2_BushuevaTatiana to 2024-04-05 00:00:00+00:00, run_after=2024-05-05 00:00:00+00:00
[2024-05-01T15:05:48.057+0000] {processor.py:183} INFO - Processing /opt/airflow/dags/homework2_part2.py took 1.126 seconds
[2024-05-01T15:06:18.739+0000] {processor.py:161} INFO - Started process (PID=2962) to work on /opt/airflow/dags/homework2_part2.py
[2024-05-01T15:06:18.740+0000] {processor.py:830} INFO - Processing file /opt/airflow/dags/homework2_part2.py for tasks to queue
[2024-05-01T15:06:18.741+0000] {logging_mixin.py:188} INFO - [2024-05-01T15:06:18.741+0000] {dagbag.py:540} INFO - Filling up the DagBag from /opt/airflow/dags/homework2_part2.py
[2024-05-01T15:06:18.999+0000] {processor.py:840} INFO - DAG(s) 'monthly_report_part2_BushuevaTatiana' retrieved from /opt/airflow/dags/homework2_part2.py
[2024-05-01T15:06:19.017+0000] {logging_mixin.py:188} INFO - [2024-05-01T15:06:19.016+0000] {dag.py:3096} INFO - Sync 1 DAGs
[2024-05-01T15:06:19.210+0000] {logging_mixin.py:188} INFO - [2024-05-01T15:06:19.210+0000] {dag.py:3954} INFO - Setting next_dagrun for monthly_report_part2_BushuevaTatiana to 2024-04-05 00:00:00+00:00, run_after=2024-05-05 00:00:00+00:00
[2024-05-01T15:06:19.231+0000] {processor.py:183} INFO - Processing /opt/airflow/dags/homework2_part2.py took 0.501 seconds
[2024-05-01T15:06:49.501+0000] {processor.py:161} INFO - Started process (PID=3026) to work on /opt/airflow/dags/homework2_part2.py
[2024-05-01T15:06:49.502+0000] {processor.py:830} INFO - Processing file /opt/airflow/dags/homework2_part2.py for tasks to queue
[2024-05-01T15:06:49.504+0000] {logging_mixin.py:188} INFO - [2024-05-01T15:06:49.503+0000] {dagbag.py:540} INFO - Filling up the DagBag from /opt/airflow/dags/homework2_part2.py
[2024-05-01T15:06:49.736+0000] {processor.py:840} INFO - DAG(s) 'monthly_report_part2_BushuevaTatiana' retrieved from /opt/airflow/dags/homework2_part2.py
[2024-05-01T15:06:49.752+0000] {logging_mixin.py:188} INFO - [2024-05-01T15:06:49.752+0000] {dag.py:3096} INFO - Sync 1 DAGs
[2024-05-01T15:06:49.952+0000] {logging_mixin.py:188} INFO - [2024-05-01T15:06:49.951+0000] {dag.py:3954} INFO - Setting next_dagrun for monthly_report_part2_BushuevaTatiana to 2024-04-05 00:00:00+00:00, run_after=2024-05-05 00:00:00+00:00
[2024-05-01T15:06:49.964+0000] {processor.py:183} INFO - Processing /opt/airflow/dags/homework2_part2.py took 0.469 seconds
[2024-05-01T15:07:20.383+0000] {processor.py:161} INFO - Started process (PID=3090) to work on /opt/airflow/dags/homework2_part2.py
[2024-05-01T15:07:20.385+0000] {processor.py:830} INFO - Processing file /opt/airflow/dags/homework2_part2.py for tasks to queue
[2024-05-01T15:07:20.386+0000] {logging_mixin.py:188} INFO - [2024-05-01T15:07:20.386+0000] {dagbag.py:540} INFO - Filling up the DagBag from /opt/airflow/dags/homework2_part2.py
[2024-05-01T15:07:20.890+0000] {processor.py:840} INFO - DAG(s) 'monthly_report_part2_BushuevaTatiana' retrieved from /opt/airflow/dags/homework2_part2.py
[2024-05-01T15:07:20.909+0000] {logging_mixin.py:188} INFO - [2024-05-01T15:07:20.909+0000] {dag.py:3096} INFO - Sync 1 DAGs
[2024-05-01T15:07:20.926+0000] {logging_mixin.py:188} INFO - [2024-05-01T15:07:20.926+0000] {dag.py:3954} INFO - Setting next_dagrun for monthly_report_part2_BushuevaTatiana to 2024-04-05 00:00:00+00:00, run_after=2024-05-05 00:00:00+00:00
[2024-05-01T15:07:20.941+0000] {processor.py:183} INFO - Processing /opt/airflow/dags/homework2_part2.py took 0.569 seconds
[2024-05-01T15:07:51.607+0000] {processor.py:161} INFO - Started process (PID=3154) to work on /opt/airflow/dags/homework2_part2.py
[2024-05-01T15:07:51.608+0000] {processor.py:830} INFO - Processing file /opt/airflow/dags/homework2_part2.py for tasks to queue
[2024-05-01T15:07:51.610+0000] {logging_mixin.py:188} INFO - [2024-05-01T15:07:51.609+0000] {dagbag.py:540} INFO - Filling up the DagBag from /opt/airflow/dags/homework2_part2.py
[2024-05-01T15:07:51.972+0000] {processor.py:840} INFO - DAG(s) 'monthly_report_part2_BushuevaTatiana' retrieved from /opt/airflow/dags/homework2_part2.py
[2024-05-01T15:07:51.991+0000] {logging_mixin.py:188} INFO - [2024-05-01T15:07:51.991+0000] {dag.py:3096} INFO - Sync 1 DAGs
[2024-05-01T15:07:52.008+0000] {logging_mixin.py:188} INFO - [2024-05-01T15:07:52.008+0000] {dag.py:3954} INFO - Setting next_dagrun for monthly_report_part2_BushuevaTatiana to 2024-04-05 00:00:00+00:00, run_after=2024-05-05 00:00:00+00:00
[2024-05-01T15:07:52.020+0000] {processor.py:183} INFO - Processing /opt/airflow/dags/homework2_part2.py took 0.422 seconds
[2024-05-01T15:08:22.281+0000] {processor.py:161} INFO - Started process (PID=3218) to work on /opt/airflow/dags/homework2_part2.py
[2024-05-01T15:08:22.282+0000] {processor.py:830} INFO - Processing file /opt/airflow/dags/homework2_part2.py for tasks to queue
[2024-05-01T15:08:22.283+0000] {logging_mixin.py:188} INFO - [2024-05-01T15:08:22.283+0000] {dagbag.py:540} INFO - Filling up the DagBag from /opt/airflow/dags/homework2_part2.py
[2024-05-01T15:08:22.675+0000] {processor.py:840} INFO - DAG(s) 'monthly_report_part2_BushuevaTatiana' retrieved from /opt/airflow/dags/homework2_part2.py
[2024-05-01T15:08:22.710+0000] {logging_mixin.py:188} INFO - [2024-05-01T15:08:22.710+0000] {dag.py:3096} INFO - Sync 1 DAGs
[2024-05-01T15:08:22.729+0000] {logging_mixin.py:188} INFO - [2024-05-01T15:08:22.729+0000] {dag.py:3954} INFO - Setting next_dagrun for monthly_report_part2_BushuevaTatiana to 2024-04-05 00:00:00+00:00, run_after=2024-05-05 00:00:00+00:00
[2024-05-01T15:08:22.743+0000] {processor.py:183} INFO - Processing /opt/airflow/dags/homework2_part2.py took 0.470 seconds
[2024-05-01T15:08:52.925+0000] {processor.py:161} INFO - Started process (PID=3282) to work on /opt/airflow/dags/homework2_part2.py
[2024-05-01T15:08:52.926+0000] {processor.py:830} INFO - Processing file /opt/airflow/dags/homework2_part2.py for tasks to queue
[2024-05-01T15:08:52.927+0000] {logging_mixin.py:188} INFO - [2024-05-01T15:08:52.927+0000] {dagbag.py:540} INFO - Filling up the DagBag from /opt/airflow/dags/homework2_part2.py
[2024-05-01T15:08:53.371+0000] {processor.py:840} INFO - DAG(s) 'monthly_report_part2_BushuevaTatiana' retrieved from /opt/airflow/dags/homework2_part2.py
[2024-05-01T15:08:53.393+0000] {logging_mixin.py:188} INFO - [2024-05-01T15:08:53.393+0000] {dag.py:3096} INFO - Sync 1 DAGs
[2024-05-01T15:08:53.412+0000] {logging_mixin.py:188} INFO - [2024-05-01T15:08:53.411+0000] {dag.py:3954} INFO - Setting next_dagrun for monthly_report_part2_BushuevaTatiana to 2024-04-05 00:00:00+00:00, run_after=2024-05-05 00:00:00+00:00
[2024-05-01T15:08:53.426+0000] {processor.py:183} INFO - Processing /opt/airflow/dags/homework2_part2.py took 0.509 seconds
[2024-05-01T15:09:23.764+0000] {processor.py:161} INFO - Started process (PID=3346) to work on /opt/airflow/dags/homework2_part2.py
[2024-05-01T15:09:23.765+0000] {processor.py:830} INFO - Processing file /opt/airflow/dags/homework2_part2.py for tasks to queue
[2024-05-01T15:09:23.766+0000] {logging_mixin.py:188} INFO - [2024-05-01T15:09:23.766+0000] {dagbag.py:540} INFO - Filling up the DagBag from /opt/airflow/dags/homework2_part2.py
[2024-05-01T15:09:24.237+0000] {processor.py:840} INFO - DAG(s) 'monthly_report_part2_BushuevaTatiana' retrieved from /opt/airflow/dags/homework2_part2.py
[2024-05-01T15:09:24.256+0000] {logging_mixin.py:188} INFO - [2024-05-01T15:09:24.255+0000] {dag.py:3096} INFO - Sync 1 DAGs
[2024-05-01T15:09:24.273+0000] {logging_mixin.py:188} INFO - [2024-05-01T15:09:24.273+0000] {dag.py:3954} INFO - Setting next_dagrun for monthly_report_part2_BushuevaTatiana to 2024-04-05 00:00:00+00:00, run_after=2024-05-05 00:00:00+00:00
[2024-05-01T15:09:24.286+0000] {processor.py:183} INFO - Processing /opt/airflow/dags/homework2_part2.py took 0.532 seconds
[2024-05-01T15:09:54.473+0000] {processor.py:161} INFO - Started process (PID=3410) to work on /opt/airflow/dags/homework2_part2.py
[2024-05-01T15:09:54.475+0000] {processor.py:830} INFO - Processing file /opt/airflow/dags/homework2_part2.py for tasks to queue
[2024-05-01T15:09:54.477+0000] {logging_mixin.py:188} INFO - [2024-05-01T15:09:54.476+0000] {dagbag.py:540} INFO - Filling up the DagBag from /opt/airflow/dags/homework2_part2.py
[2024-05-01T15:09:54.998+0000] {processor.py:840} INFO - DAG(s) 'monthly_report_part2_BushuevaTatiana' retrieved from /opt/airflow/dags/homework2_part2.py
[2024-05-01T15:09:55.017+0000] {logging_mixin.py:188} INFO - [2024-05-01T15:09:55.016+0000] {dag.py:3096} INFO - Sync 1 DAGs
[2024-05-01T15:09:55.033+0000] {logging_mixin.py:188} INFO - [2024-05-01T15:09:55.033+0000] {dag.py:3954} INFO - Setting next_dagrun for monthly_report_part2_BushuevaTatiana to 2024-04-05 00:00:00+00:00, run_after=2024-05-05 00:00:00+00:00
[2024-05-01T15:09:55.049+0000] {processor.py:183} INFO - Processing /opt/airflow/dags/homework2_part2.py took 0.587 seconds
[2024-05-01T15:10:25.335+0000] {processor.py:161} INFO - Started process (PID=3474) to work on /opt/airflow/dags/homework2_part2.py
[2024-05-01T15:10:25.336+0000] {processor.py:830} INFO - Processing file /opt/airflow/dags/homework2_part2.py for tasks to queue
[2024-05-01T15:10:25.337+0000] {logging_mixin.py:188} INFO - [2024-05-01T15:10:25.337+0000] {dagbag.py:540} INFO - Filling up the DagBag from /opt/airflow/dags/homework2_part2.py
[2024-05-01T15:10:25.719+0000] {processor.py:840} INFO - DAG(s) 'monthly_report_part2_BushuevaTatiana' retrieved from /opt/airflow/dags/homework2_part2.py
[2024-05-01T15:10:25.733+0000] {logging_mixin.py:188} INFO - [2024-05-01T15:10:25.733+0000] {dag.py:3096} INFO - Sync 1 DAGs
[2024-05-01T15:10:25.746+0000] {logging_mixin.py:188} INFO - [2024-05-01T15:10:25.746+0000] {dag.py:3954} INFO - Setting next_dagrun for monthly_report_part2_BushuevaTatiana to 2024-04-05 00:00:00+00:00, run_after=2024-05-05 00:00:00+00:00
[2024-05-01T15:10:25.757+0000] {processor.py:183} INFO - Processing /opt/airflow/dags/homework2_part2.py took 0.427 seconds
[2024-05-01T15:10:55.950+0000] {processor.py:161} INFO - Started process (PID=3538) to work on /opt/airflow/dags/homework2_part2.py
[2024-05-01T15:10:55.951+0000] {processor.py:830} INFO - Processing file /opt/airflow/dags/homework2_part2.py for tasks to queue
[2024-05-01T15:10:55.952+0000] {logging_mixin.py:188} INFO - [2024-05-01T15:10:55.952+0000] {dagbag.py:540} INFO - Filling up the DagBag from /opt/airflow/dags/homework2_part2.py
[2024-05-01T15:10:56.537+0000] {processor.py:840} INFO - DAG(s) 'monthly_report_part2_BushuevaTatiana' retrieved from /opt/airflow/dags/homework2_part2.py
[2024-05-01T15:10:56.559+0000] {logging_mixin.py:188} INFO - [2024-05-01T15:10:56.558+0000] {dag.py:3096} INFO - Sync 1 DAGs
[2024-05-01T15:10:56.577+0000] {logging_mixin.py:188} INFO - [2024-05-01T15:10:56.577+0000] {dag.py:3954} INFO - Setting next_dagrun for monthly_report_part2_BushuevaTatiana to 2024-04-05 00:00:00+00:00, run_after=2024-05-05 00:00:00+00:00
[2024-05-01T15:10:56.600+0000] {processor.py:183} INFO - Processing /opt/airflow/dags/homework2_part2.py took 0.658 seconds
[2024-05-01T15:11:26.735+0000] {processor.py:161} INFO - Started process (PID=3602) to work on /opt/airflow/dags/homework2_part2.py
[2024-05-01T15:11:26.737+0000] {processor.py:830} INFO - Processing file /opt/airflow/dags/homework2_part2.py for tasks to queue
[2024-05-01T15:11:26.738+0000] {logging_mixin.py:188} INFO - [2024-05-01T15:11:26.738+0000] {dagbag.py:540} INFO - Filling up the DagBag from /opt/airflow/dags/homework2_part2.py
[2024-05-01T15:11:27.147+0000] {processor.py:840} INFO - DAG(s) 'monthly_report_part2_BushuevaTatiana' retrieved from /opt/airflow/dags/homework2_part2.py
[2024-05-01T15:11:27.161+0000] {logging_mixin.py:188} INFO - [2024-05-01T15:11:27.161+0000] {dag.py:3096} INFO - Sync 1 DAGs
[2024-05-01T15:11:27.174+0000] {logging_mixin.py:188} INFO - [2024-05-01T15:11:27.174+0000] {dag.py:3954} INFO - Setting next_dagrun for monthly_report_part2_BushuevaTatiana to 2024-04-05 00:00:00+00:00, run_after=2024-05-05 00:00:00+00:00
[2024-05-01T15:11:27.185+0000] {processor.py:183} INFO - Processing /opt/airflow/dags/homework2_part2.py took 0.461 seconds
[2024-05-01T15:11:57.689+0000] {processor.py:161} INFO - Started process (PID=3666) to work on /opt/airflow/dags/homework2_part2.py
[2024-05-01T15:11:57.690+0000] {processor.py:830} INFO - Processing file /opt/airflow/dags/homework2_part2.py for tasks to queue
[2024-05-01T15:11:57.691+0000] {logging_mixin.py:188} INFO - [2024-05-01T15:11:57.691+0000] {dagbag.py:540} INFO - Filling up the DagBag from /opt/airflow/dags/homework2_part2.py
[2024-05-01T15:11:58.045+0000] {processor.py:840} INFO - DAG(s) 'monthly_report_part2_BushuevaTatiana' retrieved from /opt/airflow/dags/homework2_part2.py
[2024-05-01T15:11:58.061+0000] {logging_mixin.py:188} INFO - [2024-05-01T15:11:58.061+0000] {dag.py:3096} INFO - Sync 1 DAGs
[2024-05-01T15:11:58.075+0000] {logging_mixin.py:188} INFO - [2024-05-01T15:11:58.075+0000] {dag.py:3954} INFO - Setting next_dagrun for monthly_report_part2_BushuevaTatiana to 2024-04-05 00:00:00+00:00, run_after=2024-05-05 00:00:00+00:00
[2024-05-01T15:11:58.086+0000] {processor.py:183} INFO - Processing /opt/airflow/dags/homework2_part2.py took 0.405 seconds
[2024-05-01T15:12:28.337+0000] {processor.py:161} INFO - Started process (PID=3730) to work on /opt/airflow/dags/homework2_part2.py
[2024-05-01T15:12:28.338+0000] {processor.py:830} INFO - Processing file /opt/airflow/dags/homework2_part2.py for tasks to queue
[2024-05-01T15:12:28.339+0000] {logging_mixin.py:188} INFO - [2024-05-01T15:12:28.338+0000] {dagbag.py:540} INFO - Filling up the DagBag from /opt/airflow/dags/homework2_part2.py
[2024-05-01T15:12:28.718+0000] {processor.py:840} INFO - DAG(s) 'monthly_report_part2_BushuevaTatiana' retrieved from /opt/airflow/dags/homework2_part2.py
[2024-05-01T15:12:28.733+0000] {logging_mixin.py:188} INFO - [2024-05-01T15:12:28.732+0000] {dag.py:3096} INFO - Sync 1 DAGs
[2024-05-01T15:12:28.746+0000] {logging_mixin.py:188} INFO - [2024-05-01T15:12:28.745+0000] {dag.py:3954} INFO - Setting next_dagrun for monthly_report_part2_BushuevaTatiana to 2024-04-05 00:00:00+00:00, run_after=2024-05-05 00:00:00+00:00
[2024-05-01T15:12:28.756+0000] {processor.py:183} INFO - Processing /opt/airflow/dags/homework2_part2.py took 0.428 seconds
[2024-05-01T15:12:58.983+0000] {processor.py:161} INFO - Started process (PID=3793) to work on /opt/airflow/dags/homework2_part2.py
[2024-05-01T15:12:58.985+0000] {processor.py:830} INFO - Processing file /opt/airflow/dags/homework2_part2.py for tasks to queue
[2024-05-01T15:12:58.986+0000] {logging_mixin.py:188} INFO - [2024-05-01T15:12:58.985+0000] {dagbag.py:540} INFO - Filling up the DagBag from /opt/airflow/dags/homework2_part2.py
[2024-05-01T15:12:59.334+0000] {processor.py:840} INFO - DAG(s) 'monthly_report_part2_BushuevaTatiana' retrieved from /opt/airflow/dags/homework2_part2.py
[2024-05-01T15:12:59.348+0000] {logging_mixin.py:188} INFO - [2024-05-01T15:12:59.347+0000] {dag.py:3096} INFO - Sync 1 DAGs
[2024-05-01T15:12:59.361+0000] {logging_mixin.py:188} INFO - [2024-05-01T15:12:59.361+0000] {dag.py:3954} INFO - Setting next_dagrun for monthly_report_part2_BushuevaTatiana to 2024-04-05 00:00:00+00:00, run_after=2024-05-05 00:00:00+00:00
[2024-05-01T15:12:59.372+0000] {processor.py:183} INFO - Processing /opt/airflow/dags/homework2_part2.py took 0.398 seconds
[2024-05-01T15:13:29.503+0000] {processor.py:161} INFO - Started process (PID=3857) to work on /opt/airflow/dags/homework2_part2.py
[2024-05-01T15:13:29.504+0000] {processor.py:830} INFO - Processing file /opt/airflow/dags/homework2_part2.py for tasks to queue
[2024-05-01T15:13:29.505+0000] {logging_mixin.py:188} INFO - [2024-05-01T15:13:29.505+0000] {dagbag.py:540} INFO - Filling up the DagBag from /opt/airflow/dags/homework2_part2.py
[2024-05-01T15:13:29.852+0000] {processor.py:840} INFO - DAG(s) 'monthly_report_part2_BushuevaTatiana' retrieved from /opt/airflow/dags/homework2_part2.py
[2024-05-01T15:13:29.865+0000] {logging_mixin.py:188} INFO - [2024-05-01T15:13:29.865+0000] {dag.py:3096} INFO - Sync 1 DAGs
[2024-05-01T15:13:29.877+0000] {logging_mixin.py:188} INFO - [2024-05-01T15:13:29.877+0000] {dag.py:3954} INFO - Setting next_dagrun for monthly_report_part2_BushuevaTatiana to 2024-04-05 00:00:00+00:00, run_after=2024-05-05 00:00:00+00:00
[2024-05-01T15:13:29.888+0000] {processor.py:183} INFO - Processing /opt/airflow/dags/homework2_part2.py took 0.395 seconds
[2024-05-01T15:13:59.997+0000] {processor.py:161} INFO - Started process (PID=3921) to work on /opt/airflow/dags/homework2_part2.py
[2024-05-01T15:13:59.998+0000] {processor.py:830} INFO - Processing file /opt/airflow/dags/homework2_part2.py for tasks to queue
[2024-05-01T15:13:59.999+0000] {logging_mixin.py:188} INFO - [2024-05-01T15:13:59.999+0000] {dagbag.py:540} INFO - Filling up the DagBag from /opt/airflow/dags/homework2_part2.py
[2024-05-01T15:14:00.907+0000] {processor.py:840} INFO - DAG(s) 'monthly_report_part2_BushuevaTatiana' retrieved from /opt/airflow/dags/homework2_part2.py
[2024-05-01T15:14:00.935+0000] {logging_mixin.py:188} INFO - [2024-05-01T15:14:00.935+0000] {dag.py:3096} INFO - Sync 1 DAGs
[2024-05-01T15:14:00.959+0000] {logging_mixin.py:188} INFO - [2024-05-01T15:14:00.958+0000] {dag.py:3954} INFO - Setting next_dagrun for monthly_report_part2_BushuevaTatiana to 2024-04-05 00:00:00+00:00, run_after=2024-05-05 00:00:00+00:00
[2024-05-01T15:14:00.983+0000] {processor.py:183} INFO - Processing /opt/airflow/dags/homework2_part2.py took 0.994 seconds
[2024-05-01T15:14:31.371+0000] {processor.py:161} INFO - Started process (PID=3985) to work on /opt/airflow/dags/homework2_part2.py
[2024-05-01T15:14:31.372+0000] {processor.py:830} INFO - Processing file /opt/airflow/dags/homework2_part2.py for tasks to queue
[2024-05-01T15:14:31.373+0000] {logging_mixin.py:188} INFO - [2024-05-01T15:14:31.373+0000] {dagbag.py:540} INFO - Filling up the DagBag from /opt/airflow/dags/homework2_part2.py
[2024-05-01T15:14:31.898+0000] {processor.py:840} INFO - DAG(s) 'monthly_report_part2_BushuevaTatiana' retrieved from /opt/airflow/dags/homework2_part2.py
[2024-05-01T15:14:31.917+0000] {logging_mixin.py:188} INFO - [2024-05-01T15:14:31.917+0000] {dag.py:3096} INFO - Sync 1 DAGs
[2024-05-01T15:14:31.934+0000] {logging_mixin.py:188} INFO - [2024-05-01T15:14:31.934+0000] {dag.py:3954} INFO - Setting next_dagrun for monthly_report_part2_BushuevaTatiana to 2024-04-05 00:00:00+00:00, run_after=2024-05-05 00:00:00+00:00
[2024-05-01T15:14:31.948+0000] {processor.py:183} INFO - Processing /opt/airflow/dags/homework2_part2.py took 0.585 seconds
[2024-05-01T15:15:02.185+0000] {processor.py:161} INFO - Started process (PID=4049) to work on /opt/airflow/dags/homework2_part2.py
[2024-05-01T15:15:02.186+0000] {processor.py:830} INFO - Processing file /opt/airflow/dags/homework2_part2.py for tasks to queue
[2024-05-01T15:15:02.188+0000] {logging_mixin.py:188} INFO - [2024-05-01T15:15:02.187+0000] {dagbag.py:540} INFO - Filling up the DagBag from /opt/airflow/dags/homework2_part2.py
[2024-05-01T15:15:02.544+0000] {processor.py:840} INFO - DAG(s) 'monthly_report_part2_BushuevaTatiana' retrieved from /opt/airflow/dags/homework2_part2.py
[2024-05-01T15:15:02.558+0000] {logging_mixin.py:188} INFO - [2024-05-01T15:15:02.558+0000] {dag.py:3096} INFO - Sync 1 DAGs
[2024-05-01T15:15:02.571+0000] {logging_mixin.py:188} INFO - [2024-05-01T15:15:02.571+0000] {dag.py:3954} INFO - Setting next_dagrun for monthly_report_part2_BushuevaTatiana to 2024-04-05 00:00:00+00:00, run_after=2024-05-05 00:00:00+00:00
[2024-05-01T15:15:02.581+0000] {processor.py:183} INFO - Processing /opt/airflow/dags/homework2_part2.py took 0.405 seconds
[2024-05-01T15:15:32.712+0000] {processor.py:161} INFO - Started process (PID=4113) to work on /opt/airflow/dags/homework2_part2.py
[2024-05-01T15:15:32.714+0000] {processor.py:830} INFO - Processing file /opt/airflow/dags/homework2_part2.py for tasks to queue
[2024-05-01T15:15:32.717+0000] {logging_mixin.py:188} INFO - [2024-05-01T15:15:32.716+0000] {dagbag.py:540} INFO - Filling up the DagBag from /opt/airflow/dags/homework2_part2.py
[2024-05-01T15:15:33.146+0000] {processor.py:840} INFO - DAG(s) 'monthly_report_part2_BushuevaTatiana' retrieved from /opt/airflow/dags/homework2_part2.py
[2024-05-01T15:15:33.167+0000] {logging_mixin.py:188} INFO - [2024-05-01T15:15:33.166+0000] {dag.py:3096} INFO - Sync 1 DAGs
[2024-05-01T15:15:33.181+0000] {logging_mixin.py:188} INFO - [2024-05-01T15:15:33.181+0000] {dag.py:3954} INFO - Setting next_dagrun for monthly_report_part2_BushuevaTatiana to 2024-04-05 00:00:00+00:00, run_after=2024-05-05 00:00:00+00:00
[2024-05-01T15:15:33.193+0000] {processor.py:183} INFO - Processing /opt/airflow/dags/homework2_part2.py took 0.490 seconds
[2024-05-01T15:16:03.445+0000] {processor.py:161} INFO - Started process (PID=4177) to work on /opt/airflow/dags/homework2_part2.py
[2024-05-01T15:16:03.446+0000] {processor.py:830} INFO - Processing file /opt/airflow/dags/homework2_part2.py for tasks to queue
[2024-05-01T15:16:03.447+0000] {logging_mixin.py:188} INFO - [2024-05-01T15:16:03.447+0000] {dagbag.py:540} INFO - Filling up the DagBag from /opt/airflow/dags/homework2_part2.py
[2024-05-01T15:16:03.801+0000] {processor.py:840} INFO - DAG(s) 'monthly_report_part2_BushuevaTatiana' retrieved from /opt/airflow/dags/homework2_part2.py
[2024-05-01T15:16:03.817+0000] {logging_mixin.py:188} INFO - [2024-05-01T15:16:03.816+0000] {dag.py:3096} INFO - Sync 1 DAGs
[2024-05-01T15:16:03.832+0000] {logging_mixin.py:188} INFO - [2024-05-01T15:16:03.832+0000] {dag.py:3954} INFO - Setting next_dagrun for monthly_report_part2_BushuevaTatiana to 2024-04-05 00:00:00+00:00, run_after=2024-05-05 00:00:00+00:00
[2024-05-01T15:16:03.844+0000] {processor.py:183} INFO - Processing /opt/airflow/dags/homework2_part2.py took 0.404 seconds
[2024-05-01T15:16:34.210+0000] {processor.py:161} INFO - Started process (PID=4241) to work on /opt/airflow/dags/homework2_part2.py
[2024-05-01T15:16:34.211+0000] {processor.py:830} INFO - Processing file /opt/airflow/dags/homework2_part2.py for tasks to queue
[2024-05-01T15:16:34.213+0000] {logging_mixin.py:188} INFO - [2024-05-01T15:16:34.212+0000] {dagbag.py:540} INFO - Filling up the DagBag from /opt/airflow/dags/homework2_part2.py
[2024-05-01T15:16:34.618+0000] {processor.py:840} INFO - DAG(s) 'monthly_report_part2_BushuevaTatiana' retrieved from /opt/airflow/dags/homework2_part2.py
[2024-05-01T15:16:34.636+0000] {logging_mixin.py:188} INFO - [2024-05-01T15:16:34.636+0000] {dag.py:3096} INFO - Sync 1 DAGs
[2024-05-01T15:16:34.653+0000] {logging_mixin.py:188} INFO - [2024-05-01T15:16:34.653+0000] {dag.py:3954} INFO - Setting next_dagrun for monthly_report_part2_BushuevaTatiana to 2024-04-05 00:00:00+00:00, run_after=2024-05-05 00:00:00+00:00
[2024-05-01T15:16:34.666+0000] {processor.py:183} INFO - Processing /opt/airflow/dags/homework2_part2.py took 0.465 seconds
[2024-05-01T15:17:05.290+0000] {processor.py:161} INFO - Started process (PID=4305) to work on /opt/airflow/dags/homework2_part2.py
[2024-05-01T15:17:05.292+0000] {processor.py:830} INFO - Processing file /opt/airflow/dags/homework2_part2.py for tasks to queue
[2024-05-01T15:17:05.294+0000] {logging_mixin.py:188} INFO - [2024-05-01T15:17:05.293+0000] {dagbag.py:540} INFO - Filling up the DagBag from /opt/airflow/dags/homework2_part2.py
[2024-05-01T15:17:05.661+0000] {processor.py:840} INFO - DAG(s) 'monthly_report_part2_BushuevaTatiana' retrieved from /opt/airflow/dags/homework2_part2.py
[2024-05-01T15:17:05.676+0000] {logging_mixin.py:188} INFO - [2024-05-01T15:17:05.676+0000] {dag.py:3096} INFO - Sync 1 DAGs
[2024-05-01T15:17:05.691+0000] {logging_mixin.py:188} INFO - [2024-05-01T15:17:05.690+0000] {dag.py:3954} INFO - Setting next_dagrun for monthly_report_part2_BushuevaTatiana to 2024-04-05 00:00:00+00:00, run_after=2024-05-05 00:00:00+00:00
[2024-05-01T15:17:05.704+0000] {processor.py:183} INFO - Processing /opt/airflow/dags/homework2_part2.py took 0.422 seconds
[2024-05-01T15:17:36.346+0000] {processor.py:161} INFO - Started process (PID=4369) to work on /opt/airflow/dags/homework2_part2.py
[2024-05-01T15:17:36.347+0000] {processor.py:830} INFO - Processing file /opt/airflow/dags/homework2_part2.py for tasks to queue
[2024-05-01T15:17:36.348+0000] {logging_mixin.py:188} INFO - [2024-05-01T15:17:36.348+0000] {dagbag.py:540} INFO - Filling up the DagBag from /opt/airflow/dags/homework2_part2.py
[2024-05-01T15:17:36.720+0000] {processor.py:840} INFO - DAG(s) 'monthly_report_part2_BushuevaTatiana' retrieved from /opt/airflow/dags/homework2_part2.py
[2024-05-01T15:17:36.736+0000] {logging_mixin.py:188} INFO - [2024-05-01T15:17:36.736+0000] {dag.py:3096} INFO - Sync 1 DAGs
[2024-05-01T15:17:36.751+0000] {logging_mixin.py:188} INFO - [2024-05-01T15:17:36.751+0000] {dag.py:3954} INFO - Setting next_dagrun for monthly_report_part2_BushuevaTatiana to 2024-04-05 00:00:00+00:00, run_after=2024-05-05 00:00:00+00:00
[2024-05-01T15:17:36.762+0000] {processor.py:183} INFO - Processing /opt/airflow/dags/homework2_part2.py took 0.425 seconds
[2024-05-01T15:18:06.916+0000] {processor.py:161} INFO - Started process (PID=4433) to work on /opt/airflow/dags/homework2_part2.py
[2024-05-01T15:18:06.917+0000] {processor.py:830} INFO - Processing file /opt/airflow/dags/homework2_part2.py for tasks to queue
[2024-05-01T15:18:06.919+0000] {logging_mixin.py:188} INFO - [2024-05-01T15:18:06.918+0000] {dagbag.py:540} INFO - Filling up the DagBag from /opt/airflow/dags/homework2_part2.py
[2024-05-01T15:18:07.251+0000] {processor.py:840} INFO - DAG(s) 'monthly_report_part2_BushuevaTatiana' retrieved from /opt/airflow/dags/homework2_part2.py
[2024-05-01T15:18:07.264+0000] {logging_mixin.py:188} INFO - [2024-05-01T15:18:07.263+0000] {dag.py:3096} INFO - Sync 1 DAGs
[2024-05-01T15:18:07.276+0000] {logging_mixin.py:188} INFO - [2024-05-01T15:18:07.275+0000] {dag.py:3954} INFO - Setting next_dagrun for monthly_report_part2_BushuevaTatiana to 2024-04-05 00:00:00+00:00, run_after=2024-05-05 00:00:00+00:00
[2024-05-01T15:18:07.287+0000] {processor.py:183} INFO - Processing /opt/airflow/dags/homework2_part2.py took 0.380 seconds
[2024-05-01T15:18:37.827+0000] {processor.py:161} INFO - Started process (PID=4497) to work on /opt/airflow/dags/homework2_part2.py
[2024-05-01T15:18:37.828+0000] {processor.py:830} INFO - Processing file /opt/airflow/dags/homework2_part2.py for tasks to queue
[2024-05-01T15:18:37.829+0000] {logging_mixin.py:188} INFO - [2024-05-01T15:18:37.829+0000] {dagbag.py:540} INFO - Filling up the DagBag from /opt/airflow/dags/homework2_part2.py
[2024-05-01T15:18:38.217+0000] {processor.py:840} INFO - DAG(s) 'monthly_report_part2_BushuevaTatiana' retrieved from /opt/airflow/dags/homework2_part2.py
[2024-05-01T15:18:38.233+0000] {logging_mixin.py:188} INFO - [2024-05-01T15:18:38.233+0000] {dag.py:3096} INFO - Sync 1 DAGs
[2024-05-01T15:18:38.246+0000] {logging_mixin.py:188} INFO - [2024-05-01T15:18:38.246+0000] {dag.py:3954} INFO - Setting next_dagrun for monthly_report_part2_BushuevaTatiana to 2024-04-05 00:00:00+00:00, run_after=2024-05-05 00:00:00+00:00
[2024-05-01T15:18:38.257+0000] {processor.py:183} INFO - Processing /opt/airflow/dags/homework2_part2.py took 0.442 seconds
[2024-05-01T15:19:08.826+0000] {processor.py:161} INFO - Started process (PID=4561) to work on /opt/airflow/dags/homework2_part2.py
[2024-05-01T15:19:08.827+0000] {processor.py:830} INFO - Processing file /opt/airflow/dags/homework2_part2.py for tasks to queue
[2024-05-01T15:19:08.829+0000] {logging_mixin.py:188} INFO - [2024-05-01T15:19:08.828+0000] {dagbag.py:540} INFO - Filling up the DagBag from /opt/airflow/dags/homework2_part2.py
[2024-05-01T15:19:09.175+0000] {processor.py:840} INFO - DAG(s) 'monthly_report_part2_BushuevaTatiana' retrieved from /opt/airflow/dags/homework2_part2.py
[2024-05-01T15:19:09.189+0000] {logging_mixin.py:188} INFO - [2024-05-01T15:19:09.188+0000] {dag.py:3096} INFO - Sync 1 DAGs
[2024-05-01T15:19:09.203+0000] {logging_mixin.py:188} INFO - [2024-05-01T15:19:09.202+0000] {dag.py:3954} INFO - Setting next_dagrun for monthly_report_part2_BushuevaTatiana to 2024-04-05 00:00:00+00:00, run_after=2024-05-05 00:00:00+00:00
[2024-05-01T15:19:09.214+0000] {processor.py:183} INFO - Processing /opt/airflow/dags/homework2_part2.py took 0.396 seconds
[2024-05-01T15:19:39.713+0000] {processor.py:161} INFO - Started process (PID=4625) to work on /opt/airflow/dags/homework2_part2.py
[2024-05-01T15:19:39.715+0000] {processor.py:830} INFO - Processing file /opt/airflow/dags/homework2_part2.py for tasks to queue
[2024-05-01T15:19:39.716+0000] {logging_mixin.py:188} INFO - [2024-05-01T15:19:39.715+0000] {dagbag.py:540} INFO - Filling up the DagBag from /opt/airflow/dags/homework2_part2.py
[2024-05-01T15:19:40.048+0000] {processor.py:840} INFO - DAG(s) 'monthly_report_part2_BushuevaTatiana' retrieved from /opt/airflow/dags/homework2_part2.py
[2024-05-01T15:19:40.061+0000] {logging_mixin.py:188} INFO - [2024-05-01T15:19:40.061+0000] {dag.py:3096} INFO - Sync 1 DAGs
[2024-05-01T15:19:40.074+0000] {logging_mixin.py:188} INFO - [2024-05-01T15:19:40.074+0000] {dag.py:3954} INFO - Setting next_dagrun for monthly_report_part2_BushuevaTatiana to 2024-04-05 00:00:00+00:00, run_after=2024-05-05 00:00:00+00:00
[2024-05-01T15:19:40.086+0000] {processor.py:183} INFO - Processing /opt/airflow/dags/homework2_part2.py took 0.380 seconds
[2024-05-01T15:20:10.179+0000] {processor.py:161} INFO - Started process (PID=4689) to work on /opt/airflow/dags/homework2_part2.py
[2024-05-01T15:20:10.180+0000] {processor.py:830} INFO - Processing file /opt/airflow/dags/homework2_part2.py for tasks to queue
[2024-05-01T15:20:10.182+0000] {logging_mixin.py:188} INFO - [2024-05-01T15:20:10.181+0000] {dagbag.py:540} INFO - Filling up the DagBag from /opt/airflow/dags/homework2_part2.py
[2024-05-01T15:20:10.586+0000] {processor.py:840} INFO - DAG(s) 'monthly_report_part2_BushuevaTatiana' retrieved from /opt/airflow/dags/homework2_part2.py
[2024-05-01T15:20:10.601+0000] {logging_mixin.py:188} INFO - [2024-05-01T15:20:10.601+0000] {dag.py:3096} INFO - Sync 1 DAGs
[2024-05-01T15:20:10.614+0000] {logging_mixin.py:188} INFO - [2024-05-01T15:20:10.614+0000] {dag.py:3954} INFO - Setting next_dagrun for monthly_report_part2_BushuevaTatiana to 2024-04-05 00:00:00+00:00, run_after=2024-05-05 00:00:00+00:00
[2024-05-01T15:20:10.626+0000] {processor.py:183} INFO - Processing /opt/airflow/dags/homework2_part2.py took 0.458 seconds
[2024-05-01T15:20:40.720+0000] {processor.py:161} INFO - Started process (PID=4753) to work on /opt/airflow/dags/homework2_part2.py
[2024-05-01T15:20:40.722+0000] {processor.py:830} INFO - Processing file /opt/airflow/dags/homework2_part2.py for tasks to queue
[2024-05-01T15:20:40.723+0000] {logging_mixin.py:188} INFO - [2024-05-01T15:20:40.723+0000] {dagbag.py:540} INFO - Filling up the DagBag from /opt/airflow/dags/homework2_part2.py
[2024-05-01T15:20:41.103+0000] {processor.py:840} INFO - DAG(s) 'monthly_report_part2_BushuevaTatiana' retrieved from /opt/airflow/dags/homework2_part2.py
[2024-05-01T15:20:41.119+0000] {logging_mixin.py:188} INFO - [2024-05-01T15:20:41.119+0000] {dag.py:3096} INFO - Sync 1 DAGs
[2024-05-01T15:20:41.134+0000] {logging_mixin.py:188} INFO - [2024-05-01T15:20:41.134+0000] {dag.py:3954} INFO - Setting next_dagrun for monthly_report_part2_BushuevaTatiana to 2024-04-05 00:00:00+00:00, run_after=2024-05-05 00:00:00+00:00
[2024-05-01T15:20:41.146+0000] {processor.py:183} INFO - Processing /opt/airflow/dags/homework2_part2.py took 0.434 seconds
[2024-05-01T15:21:11.789+0000] {processor.py:161} INFO - Started process (PID=4817) to work on /opt/airflow/dags/homework2_part2.py
[2024-05-01T15:21:11.790+0000] {processor.py:830} INFO - Processing file /opt/airflow/dags/homework2_part2.py for tasks to queue
[2024-05-01T15:21:11.794+0000] {logging_mixin.py:188} INFO - [2024-05-01T15:21:11.791+0000] {dagbag.py:540} INFO - Filling up the DagBag from /opt/airflow/dags/homework2_part2.py
[2024-05-01T15:21:12.241+0000] {processor.py:840} INFO - DAG(s) 'monthly_report_part2_BushuevaTatiana' retrieved from /opt/airflow/dags/homework2_part2.py
[2024-05-01T15:21:12.258+0000] {logging_mixin.py:188} INFO - [2024-05-01T15:21:12.257+0000] {dag.py:3096} INFO - Sync 1 DAGs
[2024-05-01T15:21:12.272+0000] {logging_mixin.py:188} INFO - [2024-05-01T15:21:12.272+0000] {dag.py:3954} INFO - Setting next_dagrun for monthly_report_part2_BushuevaTatiana to 2024-04-05 00:00:00+00:00, run_after=2024-05-05 00:00:00+00:00
[2024-05-01T15:21:12.284+0000] {processor.py:183} INFO - Processing /opt/airflow/dags/homework2_part2.py took 0.503 seconds
[2024-05-01T15:21:42.439+0000] {processor.py:161} INFO - Started process (PID=4881) to work on /opt/airflow/dags/homework2_part2.py
[2024-05-01T15:21:42.440+0000] {processor.py:830} INFO - Processing file /opt/airflow/dags/homework2_part2.py for tasks to queue
[2024-05-01T15:21:42.441+0000] {logging_mixin.py:188} INFO - [2024-05-01T15:21:42.441+0000] {dagbag.py:540} INFO - Filling up the DagBag from /opt/airflow/dags/homework2_part2.py
[2024-05-01T15:21:42.873+0000] {processor.py:840} INFO - DAG(s) 'monthly_report_part2_BushuevaTatiana' retrieved from /opt/airflow/dags/homework2_part2.py
[2024-05-01T15:21:42.898+0000] {logging_mixin.py:188} INFO - [2024-05-01T15:21:42.897+0000] {dag.py:3096} INFO - Sync 1 DAGs
[2024-05-01T15:21:42.919+0000] {logging_mixin.py:188} INFO - [2024-05-01T15:21:42.919+0000] {dag.py:3954} INFO - Setting next_dagrun for monthly_report_part2_BushuevaTatiana to 2024-04-05 00:00:00+00:00, run_after=2024-05-05 00:00:00+00:00
[2024-05-01T15:21:42.934+0000] {processor.py:183} INFO - Processing /opt/airflow/dags/homework2_part2.py took 0.503 seconds
