[2025-05-04T22:11:26.418+0300] {processor.py:161} INFO - Started process (PID=14256) to work on /Users/admin/anaconda3/lib/python3.11/site-packages/airflow/example_dags/example_sensors.py
[2025-05-04T22:11:26.418+0300] {processor.py:830} INFO - Processing file /Users/admin/anaconda3/lib/python3.11/site-packages/airflow/example_dags/example_sensors.py for tasks to queue
[2025-05-04T22:11:26.419+0300] {logging_mixin.py:188} INFO - [2025-05-04T22:11:26.418+0300] {dagbag.py:540} INFO - Filling up the DagBag from /Users/admin/anaconda3/lib/python3.11/site-packages/airflow/example_dags/example_sensors.py
[2025-05-04T22:11:26.428+0300] {processor.py:840} INFO - DAG(s) 'example_sensors' retrieved from /Users/admin/anaconda3/lib/python3.11/site-packages/airflow/example_dags/example_sensors.py
[2025-05-04T22:11:26.563+0300] {logging_mixin.py:188} INFO - [2025-05-04T22:11:26.563+0300] {dag.py:3047} INFO - Sync 1 DAGs
[2025-05-04T22:11:26.568+0300] {logging_mixin.py:188} INFO - [2025-05-04T22:11:26.568+0300] {dag.py:3834} INFO - Setting next_dagrun for example_sensors to None, run_after=None
[2025-05-04T22:11:26.578+0300] {processor.py:183} INFO - Processing /Users/admin/anaconda3/lib/python3.11/site-packages/airflow/example_dags/example_sensors.py took 0.162 seconds
[2025-05-04T22:13:20.580+0300] {processor.py:161} INFO - Started process (PID=14788) to work on /Users/admin/anaconda3/lib/python3.11/site-packages/airflow/example_dags/example_sensors.py
[2025-05-04T22:13:20.581+0300] {processor.py:830} INFO - Processing file /Users/admin/anaconda3/lib/python3.11/site-packages/airflow/example_dags/example_sensors.py for tasks to queue
[2025-05-04T22:13:20.581+0300] {logging_mixin.py:188} INFO - [2025-05-04T22:13:20.581+0300] {dagbag.py:540} INFO - Filling up the DagBag from /Users/admin/anaconda3/lib/python3.11/site-packages/airflow/example_dags/example_sensors.py
[2025-05-04T22:13:20.591+0300] {processor.py:840} INFO - DAG(s) 'example_sensors' retrieved from /Users/admin/anaconda3/lib/python3.11/site-packages/airflow/example_dags/example_sensors.py
[2025-05-04T22:13:20.675+0300] {logging_mixin.py:188} INFO - [2025-05-04T22:13:20.675+0300] {dag.py:3047} INFO - Sync 1 DAGs
[2025-05-04T22:13:20.680+0300] {logging_mixin.py:188} INFO - [2025-05-04T22:13:20.680+0300] {dag.py:3834} INFO - Setting next_dagrun for example_sensors to None, run_after=None
[2025-05-04T22:13:20.693+0300] {processor.py:183} INFO - Processing /Users/admin/anaconda3/lib/python3.11/site-packages/airflow/example_dags/example_sensors.py took 0.113 seconds
[2025-05-04T22:16:04.450+0300] {processor.py:161} INFO - Started process (PID=15568) to work on /Users/admin/anaconda3/lib/python3.11/site-packages/airflow/example_dags/example_sensors.py
[2025-05-04T22:16:04.451+0300] {processor.py:830} INFO - Processing file /Users/admin/anaconda3/lib/python3.11/site-packages/airflow/example_dags/example_sensors.py for tasks to queue
[2025-05-04T22:16:04.451+0300] {logging_mixin.py:188} INFO - [2025-05-04T22:16:04.451+0300] {dagbag.py:540} INFO - Filling up the DagBag from /Users/admin/anaconda3/lib/python3.11/site-packages/airflow/example_dags/example_sensors.py
[2025-05-04T22:16:04.461+0300] {processor.py:840} INFO - DAG(s) 'example_sensors' retrieved from /Users/admin/anaconda3/lib/python3.11/site-packages/airflow/example_dags/example_sensors.py
[2025-05-04T22:16:04.545+0300] {logging_mixin.py:188} INFO - [2025-05-04T22:16:04.545+0300] {dag.py:3047} INFO - Sync 1 DAGs
[2025-05-04T22:16:04.550+0300] {logging_mixin.py:188} INFO - [2025-05-04T22:16:04.550+0300] {dag.py:3834} INFO - Setting next_dagrun for example_sensors to None, run_after=None
[2025-05-04T22:16:04.561+0300] {processor.py:183} INFO - Processing /Users/admin/anaconda3/lib/python3.11/site-packages/airflow/example_dags/example_sensors.py took 0.112 seconds
[2025-05-04T22:25:46.277+0300] {processor.py:161} INFO - Started process (PID=16429) to work on /Users/admin/anaconda3/lib/python3.11/site-packages/airflow/example_dags/example_sensors.py
[2025-05-04T22:25:46.279+0300] {processor.py:830} INFO - Processing file /Users/admin/anaconda3/lib/python3.11/site-packages/airflow/example_dags/example_sensors.py for tasks to queue
[2025-05-04T22:25:46.279+0300] {logging_mixin.py:188} INFO - [2025-05-04T22:25:46.279+0300] {dagbag.py:540} INFO - Filling up the DagBag from /Users/admin/anaconda3/lib/python3.11/site-packages/airflow/example_dags/example_sensors.py
[2025-05-04T22:25:46.289+0300] {processor.py:840} INFO - DAG(s) 'example_sensors' retrieved from /Users/admin/anaconda3/lib/python3.11/site-packages/airflow/example_dags/example_sensors.py
[2025-05-04T22:25:46.374+0300] {logging_mixin.py:188} INFO - [2025-05-04T22:25:46.373+0300] {dag.py:3047} INFO - Sync 1 DAGs
[2025-05-04T22:25:46.379+0300] {logging_mixin.py:188} INFO - [2025-05-04T22:25:46.379+0300] {dag.py:3834} INFO - Setting next_dagrun for example_sensors to None, run_after=None
[2025-05-04T22:25:46.391+0300] {processor.py:183} INFO - Processing /Users/admin/anaconda3/lib/python3.11/site-packages/airflow/example_dags/example_sensors.py took 0.114 seconds
[2025-05-04T22:28:31.248+0300] {processor.py:161} INFO - Started process (PID=17206) to work on /Users/admin/anaconda3/lib/python3.11/site-packages/airflow/example_dags/example_sensors.py
[2025-05-04T22:28:31.248+0300] {processor.py:830} INFO - Processing file /Users/admin/anaconda3/lib/python3.11/site-packages/airflow/example_dags/example_sensors.py for tasks to queue
[2025-05-04T22:28:31.249+0300] {logging_mixin.py:188} INFO - [2025-05-04T22:28:31.249+0300] {dagbag.py:540} INFO - Filling up the DagBag from /Users/admin/anaconda3/lib/python3.11/site-packages/airflow/example_dags/example_sensors.py
[2025-05-04T22:28:31.258+0300] {processor.py:840} INFO - DAG(s) 'example_sensors' retrieved from /Users/admin/anaconda3/lib/python3.11/site-packages/airflow/example_dags/example_sensors.py
[2025-05-04T22:28:31.343+0300] {logging_mixin.py:188} INFO - [2025-05-04T22:28:31.343+0300] {dag.py:3047} INFO - Sync 1 DAGs
[2025-05-04T22:28:31.348+0300] {logging_mixin.py:188} INFO - [2025-05-04T22:28:31.348+0300] {dag.py:3834} INFO - Setting next_dagrun for example_sensors to None, run_after=None
[2025-05-04T22:28:31.366+0300] {processor.py:183} INFO - Processing /Users/admin/anaconda3/lib/python3.11/site-packages/airflow/example_dags/example_sensors.py took 0.119 seconds
[2025-05-04T22:31:13.607+0300] {processor.py:161} INFO - Started process (PID=17982) to work on /Users/admin/anaconda3/lib/python3.11/site-packages/airflow/example_dags/example_sensors.py
[2025-05-04T22:31:13.608+0300] {processor.py:830} INFO - Processing file /Users/admin/anaconda3/lib/python3.11/site-packages/airflow/example_dags/example_sensors.py for tasks to queue
[2025-05-04T22:31:13.609+0300] {logging_mixin.py:188} INFO - [2025-05-04T22:31:13.609+0300] {dagbag.py:540} INFO - Filling up the DagBag from /Users/admin/anaconda3/lib/python3.11/site-packages/airflow/example_dags/example_sensors.py
[2025-05-04T22:31:13.618+0300] {processor.py:840} INFO - DAG(s) 'example_sensors' retrieved from /Users/admin/anaconda3/lib/python3.11/site-packages/airflow/example_dags/example_sensors.py
[2025-05-04T22:31:13.705+0300] {logging_mixin.py:188} INFO - [2025-05-04T22:31:13.705+0300] {dag.py:3047} INFO - Sync 1 DAGs
[2025-05-04T22:31:13.710+0300] {logging_mixin.py:188} INFO - [2025-05-04T22:31:13.710+0300] {dag.py:3834} INFO - Setting next_dagrun for example_sensors to None, run_after=None
[2025-05-04T22:31:13.722+0300] {processor.py:183} INFO - Processing /Users/admin/anaconda3/lib/python3.11/site-packages/airflow/example_dags/example_sensors.py took 0.115 seconds
[2025-05-04T23:17:54.225+0300] {processor.py:161} INFO - Started process (PID=18858) to work on /Users/admin/anaconda3/lib/python3.11/site-packages/airflow/example_dags/example_sensors.py
[2025-05-04T23:17:54.227+0300] {processor.py:830} INFO - Processing file /Users/admin/anaconda3/lib/python3.11/site-packages/airflow/example_dags/example_sensors.py for tasks to queue
[2025-05-04T23:17:54.227+0300] {logging_mixin.py:188} INFO - [2025-05-04T23:17:54.227+0300] {dagbag.py:540} INFO - Filling up the DagBag from /Users/admin/anaconda3/lib/python3.11/site-packages/airflow/example_dags/example_sensors.py
[2025-05-04T23:17:54.236+0300] {processor.py:840} INFO - DAG(s) 'example_sensors' retrieved from /Users/admin/anaconda3/lib/python3.11/site-packages/airflow/example_dags/example_sensors.py
[2025-05-04T23:17:54.322+0300] {logging_mixin.py:188} INFO - [2025-05-04T23:17:54.321+0300] {dag.py:3047} INFO - Sync 1 DAGs
[2025-05-04T23:17:54.327+0300] {logging_mixin.py:188} INFO - [2025-05-04T23:17:54.327+0300] {dag.py:3834} INFO - Setting next_dagrun for example_sensors to None, run_after=None
[2025-05-04T23:17:54.338+0300] {processor.py:183} INFO - Processing /Users/admin/anaconda3/lib/python3.11/site-packages/airflow/example_dags/example_sensors.py took 0.113 seconds
[2025-05-04T23:20:38.510+0300] {processor.py:161} INFO - Started process (PID=19630) to work on /Users/admin/anaconda3/lib/python3.11/site-packages/airflow/example_dags/example_sensors.py
[2025-05-04T23:20:38.511+0300] {processor.py:830} INFO - Processing file /Users/admin/anaconda3/lib/python3.11/site-packages/airflow/example_dags/example_sensors.py for tasks to queue
[2025-05-04T23:20:38.512+0300] {logging_mixin.py:188} INFO - [2025-05-04T23:20:38.511+0300] {dagbag.py:540} INFO - Filling up the DagBag from /Users/admin/anaconda3/lib/python3.11/site-packages/airflow/example_dags/example_sensors.py
[2025-05-04T23:20:38.522+0300] {processor.py:840} INFO - DAG(s) 'example_sensors' retrieved from /Users/admin/anaconda3/lib/python3.11/site-packages/airflow/example_dags/example_sensors.py
[2025-05-04T23:20:38.607+0300] {logging_mixin.py:188} INFO - [2025-05-04T23:20:38.607+0300] {dag.py:3047} INFO - Sync 1 DAGs
[2025-05-04T23:20:38.612+0300] {logging_mixin.py:188} INFO - [2025-05-04T23:20:38.612+0300] {dag.py:3834} INFO - Setting next_dagrun for example_sensors to None, run_after=None
[2025-05-04T23:20:38.623+0300] {processor.py:183} INFO - Processing /Users/admin/anaconda3/lib/python3.11/site-packages/airflow/example_dags/example_sensors.py took 0.114 seconds
[2025-05-04T23:23:36.359+0300] {processor.py:161} INFO - Started process (PID=20466) to work on /Users/admin/anaconda3/lib/python3.11/site-packages/airflow/example_dags/example_sensors.py
[2025-05-04T23:23:36.360+0300] {processor.py:830} INFO - Processing file /Users/admin/anaconda3/lib/python3.11/site-packages/airflow/example_dags/example_sensors.py for tasks to queue
[2025-05-04T23:23:36.361+0300] {logging_mixin.py:188} INFO - [2025-05-04T23:23:36.361+0300] {dagbag.py:540} INFO - Filling up the DagBag from /Users/admin/anaconda3/lib/python3.11/site-packages/airflow/example_dags/example_sensors.py
[2025-05-04T23:23:36.370+0300] {processor.py:840} INFO - DAG(s) 'example_sensors' retrieved from /Users/admin/anaconda3/lib/python3.11/site-packages/airflow/example_dags/example_sensors.py
[2025-05-04T23:23:36.454+0300] {logging_mixin.py:188} INFO - [2025-05-04T23:23:36.454+0300] {dag.py:3047} INFO - Sync 1 DAGs
[2025-05-04T23:23:36.459+0300] {logging_mixin.py:188} INFO - [2025-05-04T23:23:36.459+0300] {dag.py:3834} INFO - Setting next_dagrun for example_sensors to None, run_after=None
[2025-05-04T23:23:36.470+0300] {processor.py:183} INFO - Processing /Users/admin/anaconda3/lib/python3.11/site-packages/airflow/example_dags/example_sensors.py took 0.112 seconds
[2025-05-04T23:26:31.050+0300] {processor.py:161} INFO - Started process (PID=21295) to work on /Users/admin/anaconda3/lib/python3.11/site-packages/airflow/example_dags/example_sensors.py
[2025-05-04T23:26:31.051+0300] {processor.py:830} INFO - Processing file /Users/admin/anaconda3/lib/python3.11/site-packages/airflow/example_dags/example_sensors.py for tasks to queue
[2025-05-04T23:26:31.052+0300] {logging_mixin.py:188} INFO - [2025-05-04T23:26:31.052+0300] {dagbag.py:540} INFO - Filling up the DagBag from /Users/admin/anaconda3/lib/python3.11/site-packages/airflow/example_dags/example_sensors.py
[2025-05-04T23:26:31.062+0300] {processor.py:840} INFO - DAG(s) 'example_sensors' retrieved from /Users/admin/anaconda3/lib/python3.11/site-packages/airflow/example_dags/example_sensors.py
[2025-05-04T23:26:31.146+0300] {logging_mixin.py:188} INFO - [2025-05-04T23:26:31.146+0300] {dag.py:3047} INFO - Sync 1 DAGs
[2025-05-04T23:26:31.151+0300] {logging_mixin.py:188} INFO - [2025-05-04T23:26:31.151+0300] {dag.py:3834} INFO - Setting next_dagrun for example_sensors to None, run_after=None
[2025-05-04T23:26:31.162+0300] {processor.py:183} INFO - Processing /Users/admin/anaconda3/lib/python3.11/site-packages/airflow/example_dags/example_sensors.py took 0.113 seconds
[2025-05-04T23:29:26.029+0300] {processor.py:161} INFO - Started process (PID=22120) to work on /Users/admin/anaconda3/lib/python3.11/site-packages/airflow/example_dags/example_sensors.py
[2025-05-04T23:29:26.030+0300] {processor.py:830} INFO - Processing file /Users/admin/anaconda3/lib/python3.11/site-packages/airflow/example_dags/example_sensors.py for tasks to queue
[2025-05-04T23:29:26.031+0300] {logging_mixin.py:188} INFO - [2025-05-04T23:29:26.031+0300] {dagbag.py:540} INFO - Filling up the DagBag from /Users/admin/anaconda3/lib/python3.11/site-packages/airflow/example_dags/example_sensors.py
[2025-05-04T23:29:26.041+0300] {processor.py:840} INFO - DAG(s) 'example_sensors' retrieved from /Users/admin/anaconda3/lib/python3.11/site-packages/airflow/example_dags/example_sensors.py
[2025-05-04T23:29:26.129+0300] {logging_mixin.py:188} INFO - [2025-05-04T23:29:26.129+0300] {dag.py:3047} INFO - Sync 1 DAGs
[2025-05-04T23:29:26.134+0300] {logging_mixin.py:188} INFO - [2025-05-04T23:29:26.134+0300] {dag.py:3834} INFO - Setting next_dagrun for example_sensors to None, run_after=None
[2025-05-04T23:29:26.145+0300] {processor.py:183} INFO - Processing /Users/admin/anaconda3/lib/python3.11/site-packages/airflow/example_dags/example_sensors.py took 0.116 seconds
[2025-05-04T23:32:25.447+0300] {processor.py:161} INFO - Started process (PID=22975) to work on /Users/admin/anaconda3/lib/python3.11/site-packages/airflow/example_dags/example_sensors.py
[2025-05-04T23:32:25.448+0300] {processor.py:830} INFO - Processing file /Users/admin/anaconda3/lib/python3.11/site-packages/airflow/example_dags/example_sensors.py for tasks to queue
[2025-05-04T23:32:25.449+0300] {logging_mixin.py:188} INFO - [2025-05-04T23:32:25.449+0300] {dagbag.py:540} INFO - Filling up the DagBag from /Users/admin/anaconda3/lib/python3.11/site-packages/airflow/example_dags/example_sensors.py
[2025-05-04T23:32:25.458+0300] {processor.py:840} INFO - DAG(s) 'example_sensors' retrieved from /Users/admin/anaconda3/lib/python3.11/site-packages/airflow/example_dags/example_sensors.py
[2025-05-04T23:32:25.542+0300] {logging_mixin.py:188} INFO - [2025-05-04T23:32:25.542+0300] {dag.py:3047} INFO - Sync 1 DAGs
[2025-05-04T23:32:25.548+0300] {logging_mixin.py:188} INFO - [2025-05-04T23:32:25.547+0300] {dag.py:3834} INFO - Setting next_dagrun for example_sensors to None, run_after=None
[2025-05-04T23:32:25.559+0300] {processor.py:183} INFO - Processing /Users/admin/anaconda3/lib/python3.11/site-packages/airflow/example_dags/example_sensors.py took 0.113 seconds
[2025-05-04T23:35:26.260+0300] {processor.py:161} INFO - Started process (PID=23827) to work on /Users/admin/anaconda3/lib/python3.11/site-packages/airflow/example_dags/example_sensors.py
[2025-05-04T23:35:26.260+0300] {processor.py:830} INFO - Processing file /Users/admin/anaconda3/lib/python3.11/site-packages/airflow/example_dags/example_sensors.py for tasks to queue
[2025-05-04T23:35:26.261+0300] {logging_mixin.py:188} INFO - [2025-05-04T23:35:26.261+0300] {dagbag.py:540} INFO - Filling up the DagBag from /Users/admin/anaconda3/lib/python3.11/site-packages/airflow/example_dags/example_sensors.py
[2025-05-04T23:35:26.272+0300] {processor.py:840} INFO - DAG(s) 'example_sensors' retrieved from /Users/admin/anaconda3/lib/python3.11/site-packages/airflow/example_dags/example_sensors.py
[2025-05-04T23:35:26.360+0300] {logging_mixin.py:188} INFO - [2025-05-04T23:35:26.360+0300] {dag.py:3047} INFO - Sync 1 DAGs
[2025-05-04T23:35:26.365+0300] {logging_mixin.py:188} INFO - [2025-05-04T23:35:26.365+0300] {dag.py:3834} INFO - Setting next_dagrun for example_sensors to None, run_after=None
[2025-05-04T23:35:26.376+0300] {processor.py:183} INFO - Processing /Users/admin/anaconda3/lib/python3.11/site-packages/airflow/example_dags/example_sensors.py took 0.117 seconds
[2025-05-04T23:38:26.971+0300] {processor.py:161} INFO - Started process (PID=24704) to work on /Users/admin/anaconda3/lib/python3.11/site-packages/airflow/example_dags/example_sensors.py
[2025-05-04T23:38:26.972+0300] {processor.py:830} INFO - Processing file /Users/admin/anaconda3/lib/python3.11/site-packages/airflow/example_dags/example_sensors.py for tasks to queue
[2025-05-04T23:38:26.973+0300] {logging_mixin.py:188} INFO - [2025-05-04T23:38:26.973+0300] {dagbag.py:540} INFO - Filling up the DagBag from /Users/admin/anaconda3/lib/python3.11/site-packages/airflow/example_dags/example_sensors.py
[2025-05-04T23:38:26.982+0300] {processor.py:840} INFO - DAG(s) 'example_sensors' retrieved from /Users/admin/anaconda3/lib/python3.11/site-packages/airflow/example_dags/example_sensors.py
[2025-05-04T23:38:27.068+0300] {logging_mixin.py:188} INFO - [2025-05-04T23:38:27.068+0300] {dag.py:3047} INFO - Sync 1 DAGs
[2025-05-04T23:38:27.073+0300] {logging_mixin.py:188} INFO - [2025-05-04T23:38:27.073+0300] {dag.py:3834} INFO - Setting next_dagrun for example_sensors to None, run_after=None
[2025-05-04T23:38:27.084+0300] {processor.py:183} INFO - Processing /Users/admin/anaconda3/lib/python3.11/site-packages/airflow/example_dags/example_sensors.py took 0.113 seconds
[2025-05-04T23:41:44.311+0300] {processor.py:161} INFO - Started process (PID=25617) to work on /Users/admin/anaconda3/lib/python3.11/site-packages/airflow/example_dags/example_sensors.py
[2025-05-04T23:41:44.312+0300] {processor.py:830} INFO - Processing file /Users/admin/anaconda3/lib/python3.11/site-packages/airflow/example_dags/example_sensors.py for tasks to queue
[2025-05-04T23:41:44.312+0300] {logging_mixin.py:188} INFO - [2025-05-04T23:41:44.312+0300] {dagbag.py:540} INFO - Filling up the DagBag from /Users/admin/anaconda3/lib/python3.11/site-packages/airflow/example_dags/example_sensors.py
[2025-05-04T23:41:44.322+0300] {processor.py:840} INFO - DAG(s) 'example_sensors' retrieved from /Users/admin/anaconda3/lib/python3.11/site-packages/airflow/example_dags/example_sensors.py
[2025-05-04T23:41:44.407+0300] {logging_mixin.py:188} INFO - [2025-05-04T23:41:44.407+0300] {dag.py:3047} INFO - Sync 1 DAGs
[2025-05-04T23:41:44.412+0300] {logging_mixin.py:188} INFO - [2025-05-04T23:41:44.412+0300] {dag.py:3834} INFO - Setting next_dagrun for example_sensors to None, run_after=None
[2025-05-04T23:41:44.423+0300] {processor.py:183} INFO - Processing /Users/admin/anaconda3/lib/python3.11/site-packages/airflow/example_dags/example_sensors.py took 0.113 seconds
[2025-05-04T23:45:05.869+0300] {processor.py:161} INFO - Started process (PID=26552) to work on /Users/admin/anaconda3/lib/python3.11/site-packages/airflow/example_dags/example_sensors.py
[2025-05-04T23:45:05.870+0300] {processor.py:830} INFO - Processing file /Users/admin/anaconda3/lib/python3.11/site-packages/airflow/example_dags/example_sensors.py for tasks to queue
[2025-05-04T23:45:05.870+0300] {logging_mixin.py:188} INFO - [2025-05-04T23:45:05.870+0300] {dagbag.py:540} INFO - Filling up the DagBag from /Users/admin/anaconda3/lib/python3.11/site-packages/airflow/example_dags/example_sensors.py
[2025-05-04T23:45:05.880+0300] {processor.py:840} INFO - DAG(s) 'example_sensors' retrieved from /Users/admin/anaconda3/lib/python3.11/site-packages/airflow/example_dags/example_sensors.py
[2025-05-04T23:45:05.965+0300] {logging_mixin.py:188} INFO - [2025-05-04T23:45:05.965+0300] {dag.py:3047} INFO - Sync 1 DAGs
[2025-05-04T23:45:05.970+0300] {logging_mixin.py:188} INFO - [2025-05-04T23:45:05.970+0300] {dag.py:3834} INFO - Setting next_dagrun for example_sensors to None, run_after=None
[2025-05-04T23:45:05.982+0300] {processor.py:183} INFO - Processing /Users/admin/anaconda3/lib/python3.11/site-packages/airflow/example_dags/example_sensors.py took 0.114 seconds
[2025-05-04T23:48:03.214+0300] {processor.py:161} INFO - Started process (PID=27385) to work on /Users/admin/anaconda3/lib/python3.11/site-packages/airflow/example_dags/example_sensors.py
[2025-05-04T23:48:03.214+0300] {processor.py:830} INFO - Processing file /Users/admin/anaconda3/lib/python3.11/site-packages/airflow/example_dags/example_sensors.py for tasks to queue
[2025-05-04T23:48:03.215+0300] {logging_mixin.py:188} INFO - [2025-05-04T23:48:03.215+0300] {dagbag.py:540} INFO - Filling up the DagBag from /Users/admin/anaconda3/lib/python3.11/site-packages/airflow/example_dags/example_sensors.py
[2025-05-04T23:48:03.224+0300] {processor.py:840} INFO - DAG(s) 'example_sensors' retrieved from /Users/admin/anaconda3/lib/python3.11/site-packages/airflow/example_dags/example_sensors.py
[2025-05-04T23:48:03.308+0300] {logging_mixin.py:188} INFO - [2025-05-04T23:48:03.308+0300] {dag.py:3047} INFO - Sync 1 DAGs
[2025-05-04T23:48:03.314+0300] {logging_mixin.py:188} INFO - [2025-05-04T23:48:03.313+0300] {dag.py:3834} INFO - Setting next_dagrun for example_sensors to None, run_after=None
[2025-05-04T23:48:03.334+0300] {processor.py:183} INFO - Processing /Users/admin/anaconda3/lib/python3.11/site-packages/airflow/example_dags/example_sensors.py took 0.121 seconds
[2025-05-04T23:51:02.249+0300] {processor.py:161} INFO - Started process (PID=28220) to work on /Users/admin/anaconda3/lib/python3.11/site-packages/airflow/example_dags/example_sensors.py
[2025-05-04T23:51:02.250+0300] {processor.py:830} INFO - Processing file /Users/admin/anaconda3/lib/python3.11/site-packages/airflow/example_dags/example_sensors.py for tasks to queue
[2025-05-04T23:51:02.251+0300] {logging_mixin.py:188} INFO - [2025-05-04T23:51:02.251+0300] {dagbag.py:540} INFO - Filling up the DagBag from /Users/admin/anaconda3/lib/python3.11/site-packages/airflow/example_dags/example_sensors.py
[2025-05-04T23:51:02.260+0300] {processor.py:840} INFO - DAG(s) 'example_sensors' retrieved from /Users/admin/anaconda3/lib/python3.11/site-packages/airflow/example_dags/example_sensors.py
[2025-05-04T23:51:02.345+0300] {logging_mixin.py:188} INFO - [2025-05-04T23:51:02.345+0300] {dag.py:3047} INFO - Sync 1 DAGs
[2025-05-04T23:51:02.350+0300] {logging_mixin.py:188} INFO - [2025-05-04T23:51:02.350+0300] {dag.py:3834} INFO - Setting next_dagrun for example_sensors to None, run_after=None
[2025-05-04T23:51:02.362+0300] {processor.py:183} INFO - Processing /Users/admin/anaconda3/lib/python3.11/site-packages/airflow/example_dags/example_sensors.py took 0.113 seconds
[2025-05-04T23:58:41.992+0300] {processor.py:161} INFO - Started process (PID=29161) to work on /Users/admin/anaconda3/lib/python3.11/site-packages/airflow/example_dags/example_sensors.py
[2025-05-04T23:58:41.993+0300] {processor.py:830} INFO - Processing file /Users/admin/anaconda3/lib/python3.11/site-packages/airflow/example_dags/example_sensors.py for tasks to queue
[2025-05-04T23:58:41.993+0300] {logging_mixin.py:188} INFO - [2025-05-04T23:58:41.993+0300] {dagbag.py:540} INFO - Filling up the DagBag from /Users/admin/anaconda3/lib/python3.11/site-packages/airflow/example_dags/example_sensors.py
[2025-05-04T23:58:42.003+0300] {processor.py:840} INFO - DAG(s) 'example_sensors' retrieved from /Users/admin/anaconda3/lib/python3.11/site-packages/airflow/example_dags/example_sensors.py
[2025-05-04T23:58:42.091+0300] {logging_mixin.py:188} INFO - [2025-05-04T23:58:42.091+0300] {dag.py:3047} INFO - Sync 1 DAGs
[2025-05-04T23:58:42.097+0300] {logging_mixin.py:188} INFO - [2025-05-04T23:58:42.097+0300] {dag.py:3834} INFO - Setting next_dagrun for example_sensors to None, run_after=None
[2025-05-04T23:58:42.110+0300] {processor.py:183} INFO - Processing /Users/admin/anaconda3/lib/python3.11/site-packages/airflow/example_dags/example_sensors.py took 0.119 seconds
