[2025-05-04T22:11:22.426+0300] {processor.py:161} INFO - Started process (PID=14238) to work on /Users/admin/anaconda3/lib/python3.11/site-packages/airflow/example_dags/example_setup_teardown_taskflow.py
[2025-05-04T22:11:22.426+0300] {processor.py:830} INFO - Processing file /Users/admin/anaconda3/lib/python3.11/site-packages/airflow/example_dags/example_setup_teardown_taskflow.py for tasks to queue
[2025-05-04T22:11:22.427+0300] {logging_mixin.py:188} INFO - [2025-05-04T22:11:22.426+0300] {dagbag.py:540} INFO - Filling up the DagBag from /Users/admin/anaconda3/lib/python3.11/site-packages/airflow/example_dags/example_setup_teardown_taskflow.py
[2025-05-04T22:11:22.450+0300] {processor.py:840} INFO - DAG(s) 'example_setup_teardown_taskflow' retrieved from /Users/admin/anaconda3/lib/python3.11/site-packages/airflow/example_dags/example_setup_teardown_taskflow.py
[2025-05-04T22:11:22.558+0300] {logging_mixin.py:188} INFO - [2025-05-04T22:11:22.558+0300] {dag.py:3047} INFO - Sync 1 DAGs
[2025-05-04T22:11:22.567+0300] {logging_mixin.py:188} INFO - [2025-05-04T22:11:22.567+0300] {dag.py:3834} INFO - Setting next_dagrun for example_setup_teardown_taskflow to 2025-05-03 00:00:00+00:00, run_after=2025-05-04 00:00:00+00:00
[2025-05-04T22:11:22.577+0300] {processor.py:183} INFO - Processing /Users/admin/anaconda3/lib/python3.11/site-packages/airflow/example_dags/example_setup_teardown_taskflow.py took 0.152 seconds
[2025-05-04T22:13:16.964+0300] {processor.py:161} INFO - Started process (PID=14772) to work on /Users/admin/anaconda3/lib/python3.11/site-packages/airflow/example_dags/example_setup_teardown_taskflow.py
[2025-05-04T22:13:16.965+0300] {processor.py:830} INFO - Processing file /Users/admin/anaconda3/lib/python3.11/site-packages/airflow/example_dags/example_setup_teardown_taskflow.py for tasks to queue
[2025-05-04T22:13:16.966+0300] {logging_mixin.py:188} INFO - [2025-05-04T22:13:16.966+0300] {dagbag.py:540} INFO - Filling up the DagBag from /Users/admin/anaconda3/lib/python3.11/site-packages/airflow/example_dags/example_setup_teardown_taskflow.py
[2025-05-04T22:13:16.988+0300] {processor.py:840} INFO - DAG(s) 'example_setup_teardown_taskflow' retrieved from /Users/admin/anaconda3/lib/python3.11/site-packages/airflow/example_dags/example_setup_teardown_taskflow.py
[2025-05-04T22:13:17.049+0300] {logging_mixin.py:188} INFO - [2025-05-04T22:13:17.048+0300] {dag.py:3047} INFO - Sync 1 DAGs
[2025-05-04T22:13:17.059+0300] {logging_mixin.py:188} INFO - [2025-05-04T22:13:17.059+0300] {dag.py:3834} INFO - Setting next_dagrun for example_setup_teardown_taskflow to 2025-05-03 00:00:00+00:00, run_after=2025-05-04 00:00:00+00:00
[2025-05-04T22:13:17.069+0300] {processor.py:183} INFO - Processing /Users/admin/anaconda3/lib/python3.11/site-packages/airflow/example_dags/example_setup_teardown_taskflow.py took 0.105 seconds
[2025-05-04T22:15:59.556+0300] {processor.py:161} INFO - Started process (PID=15541) to work on /Users/admin/anaconda3/lib/python3.11/site-packages/airflow/example_dags/example_setup_teardown_taskflow.py
[2025-05-04T22:15:59.558+0300] {processor.py:830} INFO - Processing file /Users/admin/anaconda3/lib/python3.11/site-packages/airflow/example_dags/example_setup_teardown_taskflow.py for tasks to queue
[2025-05-04T22:15:59.558+0300] {logging_mixin.py:188} INFO - [2025-05-04T22:15:59.558+0300] {dagbag.py:540} INFO - Filling up the DagBag from /Users/admin/anaconda3/lib/python3.11/site-packages/airflow/example_dags/example_setup_teardown_taskflow.py
[2025-05-04T22:15:59.584+0300] {processor.py:840} INFO - DAG(s) 'example_setup_teardown_taskflow' retrieved from /Users/admin/anaconda3/lib/python3.11/site-packages/airflow/example_dags/example_setup_teardown_taskflow.py
[2025-05-04T22:15:59.654+0300] {logging_mixin.py:188} INFO - [2025-05-04T22:15:59.654+0300] {dag.py:3047} INFO - Sync 1 DAGs
[2025-05-04T22:15:59.664+0300] {logging_mixin.py:188} INFO - [2025-05-04T22:15:59.664+0300] {dag.py:3834} INFO - Setting next_dagrun for example_setup_teardown_taskflow to 2025-05-03 00:00:00+00:00, run_after=2025-05-04 00:00:00+00:00
[2025-05-04T22:15:59.674+0300] {processor.py:183} INFO - Processing /Users/admin/anaconda3/lib/python3.11/site-packages/airflow/example_dags/example_setup_teardown_taskflow.py took 0.119 seconds
[2025-05-04T22:25:42.280+0300] {processor.py:161} INFO - Started process (PID=16408) to work on /Users/admin/anaconda3/lib/python3.11/site-packages/airflow/example_dags/example_setup_teardown_taskflow.py
[2025-05-04T22:25:42.281+0300] {processor.py:830} INFO - Processing file /Users/admin/anaconda3/lib/python3.11/site-packages/airflow/example_dags/example_setup_teardown_taskflow.py for tasks to queue
[2025-05-04T22:25:42.281+0300] {logging_mixin.py:188} INFO - [2025-05-04T22:25:42.281+0300] {dagbag.py:540} INFO - Filling up the DagBag from /Users/admin/anaconda3/lib/python3.11/site-packages/airflow/example_dags/example_setup_teardown_taskflow.py
[2025-05-04T22:25:42.303+0300] {processor.py:840} INFO - DAG(s) 'example_setup_teardown_taskflow' retrieved from /Users/admin/anaconda3/lib/python3.11/site-packages/airflow/example_dags/example_setup_teardown_taskflow.py
[2025-05-04T22:25:42.364+0300] {logging_mixin.py:188} INFO - [2025-05-04T22:25:42.364+0300] {dag.py:3047} INFO - Sync 1 DAGs
[2025-05-04T22:25:42.374+0300] {logging_mixin.py:188} INFO - [2025-05-04T22:25:42.374+0300] {dag.py:3834} INFO - Setting next_dagrun for example_setup_teardown_taskflow to 2025-05-03 00:00:00+00:00, run_after=2025-05-04 00:00:00+00:00
[2025-05-04T22:25:42.385+0300] {processor.py:183} INFO - Processing /Users/admin/anaconda3/lib/python3.11/site-packages/airflow/example_dags/example_setup_teardown_taskflow.py took 0.106 seconds
[2025-05-04T22:28:27.142+0300] {processor.py:161} INFO - Started process (PID=17188) to work on /Users/admin/anaconda3/lib/python3.11/site-packages/airflow/example_dags/example_setup_teardown_taskflow.py
[2025-05-04T22:28:27.143+0300] {processor.py:830} INFO - Processing file /Users/admin/anaconda3/lib/python3.11/site-packages/airflow/example_dags/example_setup_teardown_taskflow.py for tasks to queue
[2025-05-04T22:28:27.143+0300] {logging_mixin.py:188} INFO - [2025-05-04T22:28:27.143+0300] {dagbag.py:540} INFO - Filling up the DagBag from /Users/admin/anaconda3/lib/python3.11/site-packages/airflow/example_dags/example_setup_teardown_taskflow.py
[2025-05-04T22:28:27.166+0300] {processor.py:840} INFO - DAG(s) 'example_setup_teardown_taskflow' retrieved from /Users/admin/anaconda3/lib/python3.11/site-packages/airflow/example_dags/example_setup_teardown_taskflow.py
[2025-05-04T22:28:27.226+0300] {logging_mixin.py:188} INFO - [2025-05-04T22:28:27.226+0300] {dag.py:3047} INFO - Sync 1 DAGs
[2025-05-04T22:28:27.236+0300] {logging_mixin.py:188} INFO - [2025-05-04T22:28:27.236+0300] {dag.py:3834} INFO - Setting next_dagrun for example_setup_teardown_taskflow to 2025-05-03 00:00:00+00:00, run_after=2025-05-04 00:00:00+00:00
[2025-05-04T22:28:27.246+0300] {processor.py:183} INFO - Processing /Users/admin/anaconda3/lib/python3.11/site-packages/airflow/example_dags/example_setup_teardown_taskflow.py took 0.105 seconds
[2025-05-04T22:31:09.160+0300] {processor.py:161} INFO - Started process (PID=17964) to work on /Users/admin/anaconda3/lib/python3.11/site-packages/airflow/example_dags/example_setup_teardown_taskflow.py
[2025-05-04T22:31:09.161+0300] {processor.py:830} INFO - Processing file /Users/admin/anaconda3/lib/python3.11/site-packages/airflow/example_dags/example_setup_teardown_taskflow.py for tasks to queue
[2025-05-04T22:31:09.162+0300] {logging_mixin.py:188} INFO - [2025-05-04T22:31:09.161+0300] {dagbag.py:540} INFO - Filling up the DagBag from /Users/admin/anaconda3/lib/python3.11/site-packages/airflow/example_dags/example_setup_teardown_taskflow.py
[2025-05-04T22:31:09.184+0300] {processor.py:840} INFO - DAG(s) 'example_setup_teardown_taskflow' retrieved from /Users/admin/anaconda3/lib/python3.11/site-packages/airflow/example_dags/example_setup_teardown_taskflow.py
[2025-05-04T22:31:09.245+0300] {logging_mixin.py:188} INFO - [2025-05-04T22:31:09.245+0300] {dag.py:3047} INFO - Sync 1 DAGs
[2025-05-04T22:31:09.255+0300] {logging_mixin.py:188} INFO - [2025-05-04T22:31:09.255+0300] {dag.py:3834} INFO - Setting next_dagrun for example_setup_teardown_taskflow to 2025-05-03 00:00:00+00:00, run_after=2025-05-04 00:00:00+00:00
[2025-05-04T22:31:09.265+0300] {processor.py:183} INFO - Processing /Users/admin/anaconda3/lib/python3.11/site-packages/airflow/example_dags/example_setup_teardown_taskflow.py took 0.106 seconds
[2025-05-04T23:17:50.249+0300] {processor.py:161} INFO - Started process (PID=18835) to work on /Users/admin/anaconda3/lib/python3.11/site-packages/airflow/example_dags/example_setup_teardown_taskflow.py
[2025-05-04T23:17:50.251+0300] {processor.py:830} INFO - Processing file /Users/admin/anaconda3/lib/python3.11/site-packages/airflow/example_dags/example_setup_teardown_taskflow.py for tasks to queue
[2025-05-04T23:17:50.251+0300] {logging_mixin.py:188} INFO - [2025-05-04T23:17:50.251+0300] {dagbag.py:540} INFO - Filling up the DagBag from /Users/admin/anaconda3/lib/python3.11/site-packages/airflow/example_dags/example_setup_teardown_taskflow.py
[2025-05-04T23:17:50.273+0300] {processor.py:840} INFO - DAG(s) 'example_setup_teardown_taskflow' retrieved from /Users/admin/anaconda3/lib/python3.11/site-packages/airflow/example_dags/example_setup_teardown_taskflow.py
[2025-05-04T23:17:50.334+0300] {logging_mixin.py:188} INFO - [2025-05-04T23:17:50.333+0300] {dag.py:3047} INFO - Sync 1 DAGs
[2025-05-04T23:17:50.344+0300] {logging_mixin.py:188} INFO - [2025-05-04T23:17:50.344+0300] {dag.py:3834} INFO - Setting next_dagrun for example_setup_teardown_taskflow to 2025-05-03 00:00:00+00:00, run_after=2025-05-04 00:00:00+00:00
[2025-05-04T23:17:50.354+0300] {processor.py:183} INFO - Processing /Users/admin/anaconda3/lib/python3.11/site-packages/airflow/example_dags/example_setup_teardown_taskflow.py took 0.106 seconds
[2025-05-04T23:20:34.064+0300] {processor.py:161} INFO - Started process (PID=19611) to work on /Users/admin/anaconda3/lib/python3.11/site-packages/airflow/example_dags/example_setup_teardown_taskflow.py
[2025-05-04T23:20:34.066+0300] {processor.py:830} INFO - Processing file /Users/admin/anaconda3/lib/python3.11/site-packages/airflow/example_dags/example_setup_teardown_taskflow.py for tasks to queue
[2025-05-04T23:20:34.066+0300] {logging_mixin.py:188} INFO - [2025-05-04T23:20:34.066+0300] {dagbag.py:540} INFO - Filling up the DagBag from /Users/admin/anaconda3/lib/python3.11/site-packages/airflow/example_dags/example_setup_teardown_taskflow.py
[2025-05-04T23:20:34.089+0300] {processor.py:840} INFO - DAG(s) 'example_setup_teardown_taskflow' retrieved from /Users/admin/anaconda3/lib/python3.11/site-packages/airflow/example_dags/example_setup_teardown_taskflow.py
[2025-05-04T23:20:34.151+0300] {logging_mixin.py:188} INFO - [2025-05-04T23:20:34.150+0300] {dag.py:3047} INFO - Sync 1 DAGs
[2025-05-04T23:20:34.161+0300] {logging_mixin.py:188} INFO - [2025-05-04T23:20:34.161+0300] {dag.py:3834} INFO - Setting next_dagrun for example_setup_teardown_taskflow to 2025-05-03 00:00:00+00:00, run_after=2025-05-04 00:00:00+00:00
[2025-05-04T23:20:34.171+0300] {processor.py:183} INFO - Processing /Users/admin/anaconda3/lib/python3.11/site-packages/airflow/example_dags/example_setup_teardown_taskflow.py took 0.108 seconds
[2025-05-04T23:22:02.491+0300] {processor.py:161} INFO - Started process (PID=20028) to work on /Users/admin/anaconda3/lib/python3.11/site-packages/airflow/example_dags/example_setup_teardown_taskflow.py
[2025-05-04T23:22:02.492+0300] {processor.py:830} INFO - Processing file /Users/admin/anaconda3/lib/python3.11/site-packages/airflow/example_dags/example_setup_teardown_taskflow.py for tasks to queue
[2025-05-04T23:22:02.493+0300] {logging_mixin.py:188} INFO - [2025-05-04T23:22:02.493+0300] {dagbag.py:540} INFO - Filling up the DagBag from /Users/admin/anaconda3/lib/python3.11/site-packages/airflow/example_dags/example_setup_teardown_taskflow.py
[2025-05-04T23:22:02.515+0300] {processor.py:840} INFO - DAG(s) 'example_setup_teardown_taskflow' retrieved from /Users/admin/anaconda3/lib/python3.11/site-packages/airflow/example_dags/example_setup_teardown_taskflow.py
[2025-05-04T23:22:02.575+0300] {logging_mixin.py:188} INFO - [2025-05-04T23:22:02.575+0300] {dag.py:3047} INFO - Sync 1 DAGs
[2025-05-04T23:22:02.585+0300] {logging_mixin.py:188} INFO - [2025-05-04T23:22:02.585+0300] {dag.py:3834} INFO - Setting next_dagrun for example_setup_teardown_taskflow to 2025-05-03 00:00:00+00:00, run_after=2025-05-04 00:00:00+00:00
[2025-05-04T23:22:02.595+0300] {processor.py:183} INFO - Processing /Users/admin/anaconda3/lib/python3.11/site-packages/airflow/example_dags/example_setup_teardown_taskflow.py took 0.105 seconds
[2025-05-04T23:23:32.350+0300] {processor.py:161} INFO - Started process (PID=20447) to work on /Users/admin/anaconda3/lib/python3.11/site-packages/airflow/example_dags/example_setup_teardown_taskflow.py
[2025-05-04T23:23:32.351+0300] {processor.py:830} INFO - Processing file /Users/admin/anaconda3/lib/python3.11/site-packages/airflow/example_dags/example_setup_teardown_taskflow.py for tasks to queue
[2025-05-04T23:23:32.351+0300] {logging_mixin.py:188} INFO - [2025-05-04T23:23:32.351+0300] {dagbag.py:540} INFO - Filling up the DagBag from /Users/admin/anaconda3/lib/python3.11/site-packages/airflow/example_dags/example_setup_teardown_taskflow.py
[2025-05-04T23:23:32.373+0300] {processor.py:840} INFO - DAG(s) 'example_setup_teardown_taskflow' retrieved from /Users/admin/anaconda3/lib/python3.11/site-packages/airflow/example_dags/example_setup_teardown_taskflow.py
[2025-05-04T23:23:32.434+0300] {logging_mixin.py:188} INFO - [2025-05-04T23:23:32.433+0300] {dag.py:3047} INFO - Sync 1 DAGs
[2025-05-04T23:23:32.444+0300] {logging_mixin.py:188} INFO - [2025-05-04T23:23:32.444+0300] {dag.py:3834} INFO - Setting next_dagrun for example_setup_teardown_taskflow to 2025-05-03 00:00:00+00:00, run_after=2025-05-04 00:00:00+00:00
[2025-05-04T23:23:32.454+0300] {processor.py:183} INFO - Processing /Users/admin/anaconda3/lib/python3.11/site-packages/airflow/example_dags/example_setup_teardown_taskflow.py took 0.105 seconds
[2025-05-04T23:26:27.033+0300] {processor.py:161} INFO - Started process (PID=21275) to work on /Users/admin/anaconda3/lib/python3.11/site-packages/airflow/example_dags/example_setup_teardown_taskflow.py
[2025-05-04T23:26:27.035+0300] {processor.py:830} INFO - Processing file /Users/admin/anaconda3/lib/python3.11/site-packages/airflow/example_dags/example_setup_teardown_taskflow.py for tasks to queue
[2025-05-04T23:26:27.035+0300] {logging_mixin.py:188} INFO - [2025-05-04T23:26:27.035+0300] {dagbag.py:540} INFO - Filling up the DagBag from /Users/admin/anaconda3/lib/python3.11/site-packages/airflow/example_dags/example_setup_teardown_taskflow.py
[2025-05-04T23:26:27.057+0300] {processor.py:840} INFO - DAG(s) 'example_setup_teardown_taskflow' retrieved from /Users/admin/anaconda3/lib/python3.11/site-packages/airflow/example_dags/example_setup_teardown_taskflow.py
[2025-05-04T23:26:27.121+0300] {logging_mixin.py:188} INFO - [2025-05-04T23:26:27.121+0300] {dag.py:3047} INFO - Sync 1 DAGs
[2025-05-04T23:26:27.131+0300] {logging_mixin.py:188} INFO - [2025-05-04T23:26:27.131+0300] {dag.py:3834} INFO - Setting next_dagrun for example_setup_teardown_taskflow to 2025-05-03 00:00:00+00:00, run_after=2025-05-04 00:00:00+00:00
[2025-05-04T23:26:27.141+0300] {processor.py:183} INFO - Processing /Users/admin/anaconda3/lib/python3.11/site-packages/airflow/example_dags/example_setup_teardown_taskflow.py took 0.109 seconds
[2025-05-04T23:29:21.068+0300] {processor.py:161} INFO - Started process (PID=22100) to work on /Users/admin/anaconda3/lib/python3.11/site-packages/airflow/example_dags/example_setup_teardown_taskflow.py
[2025-05-04T23:29:21.070+0300] {processor.py:830} INFO - Processing file /Users/admin/anaconda3/lib/python3.11/site-packages/airflow/example_dags/example_setup_teardown_taskflow.py for tasks to queue
[2025-05-04T23:29:21.070+0300] {logging_mixin.py:188} INFO - [2025-05-04T23:29:21.070+0300] {dagbag.py:540} INFO - Filling up the DagBag from /Users/admin/anaconda3/lib/python3.11/site-packages/airflow/example_dags/example_setup_teardown_taskflow.py
[2025-05-04T23:29:21.093+0300] {processor.py:840} INFO - DAG(s) 'example_setup_teardown_taskflow' retrieved from /Users/admin/anaconda3/lib/python3.11/site-packages/airflow/example_dags/example_setup_teardown_taskflow.py
[2025-05-04T23:29:21.153+0300] {logging_mixin.py:188} INFO - [2025-05-04T23:29:21.153+0300] {dag.py:3047} INFO - Sync 1 DAGs
[2025-05-04T23:29:21.163+0300] {logging_mixin.py:188} INFO - [2025-05-04T23:29:21.163+0300] {dag.py:3834} INFO - Setting next_dagrun for example_setup_teardown_taskflow to 2025-05-03 00:00:00+00:00, run_after=2025-05-04 00:00:00+00:00
[2025-05-04T23:29:21.173+0300] {processor.py:183} INFO - Processing /Users/admin/anaconda3/lib/python3.11/site-packages/airflow/example_dags/example_setup_teardown_taskflow.py took 0.105 seconds
[2025-05-04T23:32:20.474+0300] {processor.py:161} INFO - Started process (PID=22948) to work on /Users/admin/anaconda3/lib/python3.11/site-packages/airflow/example_dags/example_setup_teardown_taskflow.py
[2025-05-04T23:32:20.475+0300] {processor.py:830} INFO - Processing file /Users/admin/anaconda3/lib/python3.11/site-packages/airflow/example_dags/example_setup_teardown_taskflow.py for tasks to queue
[2025-05-04T23:32:20.475+0300] {logging_mixin.py:188} INFO - [2025-05-04T23:32:20.475+0300] {dagbag.py:540} INFO - Filling up the DagBag from /Users/admin/anaconda3/lib/python3.11/site-packages/airflow/example_dags/example_setup_teardown_taskflow.py
[2025-05-04T23:32:20.498+0300] {processor.py:840} INFO - DAG(s) 'example_setup_teardown_taskflow' retrieved from /Users/admin/anaconda3/lib/python3.11/site-packages/airflow/example_dags/example_setup_teardown_taskflow.py
[2025-05-04T23:32:20.558+0300] {logging_mixin.py:188} INFO - [2025-05-04T23:32:20.558+0300] {dag.py:3047} INFO - Sync 1 DAGs
[2025-05-04T23:32:20.569+0300] {logging_mixin.py:188} INFO - [2025-05-04T23:32:20.569+0300] {dag.py:3834} INFO - Setting next_dagrun for example_setup_teardown_taskflow to 2025-05-03 00:00:00+00:00, run_after=2025-05-04 00:00:00+00:00
[2025-05-04T23:32:20.580+0300] {processor.py:183} INFO - Processing /Users/admin/anaconda3/lib/python3.11/site-packages/airflow/example_dags/example_setup_teardown_taskflow.py took 0.107 seconds
[2025-05-04T23:35:21.201+0300] {processor.py:161} INFO - Started process (PID=23800) to work on /Users/admin/anaconda3/lib/python3.11/site-packages/airflow/example_dags/example_setup_teardown_taskflow.py
[2025-05-04T23:35:21.202+0300] {processor.py:830} INFO - Processing file /Users/admin/anaconda3/lib/python3.11/site-packages/airflow/example_dags/example_setup_teardown_taskflow.py for tasks to queue
[2025-05-04T23:35:21.202+0300] {logging_mixin.py:188} INFO - [2025-05-04T23:35:21.202+0300] {dagbag.py:540} INFO - Filling up the DagBag from /Users/admin/anaconda3/lib/python3.11/site-packages/airflow/example_dags/example_setup_teardown_taskflow.py
[2025-05-04T23:35:21.226+0300] {processor.py:840} INFO - DAG(s) 'example_setup_teardown_taskflow' retrieved from /Users/admin/anaconda3/lib/python3.11/site-packages/airflow/example_dags/example_setup_teardown_taskflow.py
[2025-05-04T23:35:21.289+0300] {logging_mixin.py:188} INFO - [2025-05-04T23:35:21.289+0300] {dag.py:3047} INFO - Sync 1 DAGs
[2025-05-04T23:35:21.300+0300] {logging_mixin.py:188} INFO - [2025-05-04T23:35:21.300+0300] {dag.py:3834} INFO - Setting next_dagrun for example_setup_teardown_taskflow to 2025-05-03 00:00:00+00:00, run_after=2025-05-04 00:00:00+00:00
[2025-05-04T23:35:21.312+0300] {processor.py:183} INFO - Processing /Users/admin/anaconda3/lib/python3.11/site-packages/airflow/example_dags/example_setup_teardown_taskflow.py took 0.111 seconds
[2025-05-04T23:36:51.872+0300] {processor.py:161} INFO - Started process (PID=24237) to work on /Users/admin/anaconda3/lib/python3.11/site-packages/airflow/example_dags/example_setup_teardown_taskflow.py
[2025-05-04T23:36:51.873+0300] {processor.py:830} INFO - Processing file /Users/admin/anaconda3/lib/python3.11/site-packages/airflow/example_dags/example_setup_teardown_taskflow.py for tasks to queue
[2025-05-04T23:36:51.873+0300] {logging_mixin.py:188} INFO - [2025-05-04T23:36:51.873+0300] {dagbag.py:540} INFO - Filling up the DagBag from /Users/admin/anaconda3/lib/python3.11/site-packages/airflow/example_dags/example_setup_teardown_taskflow.py
[2025-05-04T23:36:51.896+0300] {processor.py:840} INFO - DAG(s) 'example_setup_teardown_taskflow' retrieved from /Users/admin/anaconda3/lib/python3.11/site-packages/airflow/example_dags/example_setup_teardown_taskflow.py
[2025-05-04T23:36:51.958+0300] {logging_mixin.py:188} INFO - [2025-05-04T23:36:51.958+0300] {dag.py:3047} INFO - Sync 1 DAGs
[2025-05-04T23:36:51.968+0300] {logging_mixin.py:188} INFO - [2025-05-04T23:36:51.968+0300] {dag.py:3834} INFO - Setting next_dagrun for example_setup_teardown_taskflow to 2025-05-03 00:00:00+00:00, run_after=2025-05-04 00:00:00+00:00
[2025-05-04T23:36:51.978+0300] {processor.py:183} INFO - Processing /Users/admin/anaconda3/lib/python3.11/site-packages/airflow/example_dags/example_setup_teardown_taskflow.py took 0.107 seconds
[2025-05-04T23:38:22.030+0300] {processor.py:161} INFO - Started process (PID=24672) to work on /Users/admin/anaconda3/lib/python3.11/site-packages/airflow/example_dags/example_setup_teardown_taskflow.py
[2025-05-04T23:38:22.031+0300] {processor.py:830} INFO - Processing file /Users/admin/anaconda3/lib/python3.11/site-packages/airflow/example_dags/example_setup_teardown_taskflow.py for tasks to queue
[2025-05-04T23:38:22.031+0300] {logging_mixin.py:188} INFO - [2025-05-04T23:38:22.031+0300] {dagbag.py:540} INFO - Filling up the DagBag from /Users/admin/anaconda3/lib/python3.11/site-packages/airflow/example_dags/example_setup_teardown_taskflow.py
[2025-05-04T23:38:22.058+0300] {processor.py:840} INFO - DAG(s) 'example_setup_teardown_taskflow' retrieved from /Users/admin/anaconda3/lib/python3.11/site-packages/airflow/example_dags/example_setup_teardown_taskflow.py
[2025-05-04T23:38:22.126+0300] {logging_mixin.py:188} INFO - [2025-05-04T23:38:22.126+0300] {dag.py:3047} INFO - Sync 1 DAGs
[2025-05-04T23:38:22.136+0300] {logging_mixin.py:188} INFO - [2025-05-04T23:38:22.136+0300] {dag.py:3834} INFO - Setting next_dagrun for example_setup_teardown_taskflow to 2025-05-03 00:00:00+00:00, run_after=2025-05-04 00:00:00+00:00
[2025-05-04T23:38:22.146+0300] {processor.py:183} INFO - Processing /Users/admin/anaconda3/lib/python3.11/site-packages/airflow/example_dags/example_setup_teardown_taskflow.py took 0.117 seconds
[2025-05-04T23:39:54.722+0300] {processor.py:161} INFO - Started process (PID=25117) to work on /Users/admin/anaconda3/lib/python3.11/site-packages/airflow/example_dags/example_setup_teardown_taskflow.py
[2025-05-04T23:39:54.724+0300] {processor.py:830} INFO - Processing file /Users/admin/anaconda3/lib/python3.11/site-packages/airflow/example_dags/example_setup_teardown_taskflow.py for tasks to queue
[2025-05-04T23:39:54.725+0300] {logging_mixin.py:188} INFO - [2025-05-04T23:39:54.725+0300] {dagbag.py:540} INFO - Filling up the DagBag from /Users/admin/anaconda3/lib/python3.11/site-packages/airflow/example_dags/example_setup_teardown_taskflow.py
[2025-05-04T23:39:54.748+0300] {processor.py:840} INFO - DAG(s) 'example_setup_teardown_taskflow' retrieved from /Users/admin/anaconda3/lib/python3.11/site-packages/airflow/example_dags/example_setup_teardown_taskflow.py
[2025-05-04T23:39:54.815+0300] {logging_mixin.py:188} INFO - [2025-05-04T23:39:54.814+0300] {dag.py:3047} INFO - Sync 1 DAGs
[2025-05-04T23:39:54.830+0300] {logging_mixin.py:188} INFO - [2025-05-04T23:39:54.830+0300] {dag.py:3834} INFO - Setting next_dagrun for example_setup_teardown_taskflow to 2025-05-03 00:00:00+00:00, run_after=2025-05-04 00:00:00+00:00
[2025-05-04T23:39:54.842+0300] {processor.py:183} INFO - Processing /Users/admin/anaconda3/lib/python3.11/site-packages/airflow/example_dags/example_setup_teardown_taskflow.py took 0.121 seconds
[2025-05-04T23:41:39.668+0300] {processor.py:161} INFO - Started process (PID=25598) to work on /Users/admin/anaconda3/lib/python3.11/site-packages/airflow/example_dags/example_setup_teardown_taskflow.py
[2025-05-04T23:41:39.669+0300] {processor.py:830} INFO - Processing file /Users/admin/anaconda3/lib/python3.11/site-packages/airflow/example_dags/example_setup_teardown_taskflow.py for tasks to queue
[2025-05-04T23:41:39.670+0300] {logging_mixin.py:188} INFO - [2025-05-04T23:41:39.669+0300] {dagbag.py:540} INFO - Filling up the DagBag from /Users/admin/anaconda3/lib/python3.11/site-packages/airflow/example_dags/example_setup_teardown_taskflow.py
[2025-05-04T23:41:39.692+0300] {processor.py:840} INFO - DAG(s) 'example_setup_teardown_taskflow' retrieved from /Users/admin/anaconda3/lib/python3.11/site-packages/airflow/example_dags/example_setup_teardown_taskflow.py
[2025-05-04T23:41:39.752+0300] {logging_mixin.py:188} INFO - [2025-05-04T23:41:39.752+0300] {dag.py:3047} INFO - Sync 1 DAGs
[2025-05-04T23:41:39.762+0300] {logging_mixin.py:188} INFO - [2025-05-04T23:41:39.762+0300] {dag.py:3834} INFO - Setting next_dagrun for example_setup_teardown_taskflow to 2025-05-03 00:00:00+00:00, run_after=2025-05-04 00:00:00+00:00
[2025-05-04T23:41:39.772+0300] {processor.py:183} INFO - Processing /Users/admin/anaconda3/lib/python3.11/site-packages/airflow/example_dags/example_setup_teardown_taskflow.py took 0.105 seconds
[2025-05-04T23:43:24.830+0300] {processor.py:161} INFO - Started process (PID=26081) to work on /Users/admin/anaconda3/lib/python3.11/site-packages/airflow/example_dags/example_setup_teardown_taskflow.py
[2025-05-04T23:43:24.832+0300] {processor.py:830} INFO - Processing file /Users/admin/anaconda3/lib/python3.11/site-packages/airflow/example_dags/example_setup_teardown_taskflow.py for tasks to queue
[2025-05-04T23:43:24.832+0300] {logging_mixin.py:188} INFO - [2025-05-04T23:43:24.832+0300] {dagbag.py:540} INFO - Filling up the DagBag from /Users/admin/anaconda3/lib/python3.11/site-packages/airflow/example_dags/example_setup_teardown_taskflow.py
[2025-05-04T23:43:24.870+0300] {processor.py:840} INFO - DAG(s) 'example_setup_teardown_taskflow' retrieved from /Users/admin/anaconda3/lib/python3.11/site-packages/airflow/example_dags/example_setup_teardown_taskflow.py
[2025-05-04T23:43:25.012+0300] {logging_mixin.py:188} INFO - [2025-05-04T23:43:25.011+0300] {dag.py:3047} INFO - Sync 1 DAGs
[2025-05-04T23:43:25.041+0300] {logging_mixin.py:188} INFO - [2025-05-04T23:43:25.040+0300] {dag.py:3834} INFO - Setting next_dagrun for example_setup_teardown_taskflow to 2025-05-03 00:00:00+00:00, run_after=2025-05-04 00:00:00+00:00
[2025-05-04T23:43:25.071+0300] {processor.py:183} INFO - Processing /Users/admin/anaconda3/lib/python3.11/site-packages/airflow/example_dags/example_setup_teardown_taskflow.py took 0.243 seconds
[2025-05-04T23:45:01.976+0300] {processor.py:161} INFO - Started process (PID=26528) to work on /Users/admin/anaconda3/lib/python3.11/site-packages/airflow/example_dags/example_setup_teardown_taskflow.py
[2025-05-04T23:45:01.978+0300] {processor.py:830} INFO - Processing file /Users/admin/anaconda3/lib/python3.11/site-packages/airflow/example_dags/example_setup_teardown_taskflow.py for tasks to queue
[2025-05-04T23:45:01.978+0300] {logging_mixin.py:188} INFO - [2025-05-04T23:45:01.978+0300] {dagbag.py:540} INFO - Filling up the DagBag from /Users/admin/anaconda3/lib/python3.11/site-packages/airflow/example_dags/example_setup_teardown_taskflow.py
[2025-05-04T23:45:02.001+0300] {processor.py:840} INFO - DAG(s) 'example_setup_teardown_taskflow' retrieved from /Users/admin/anaconda3/lib/python3.11/site-packages/airflow/example_dags/example_setup_teardown_taskflow.py
[2025-05-04T23:45:02.061+0300] {logging_mixin.py:188} INFO - [2025-05-04T23:45:02.061+0300] {dag.py:3047} INFO - Sync 1 DAGs
[2025-05-04T23:45:02.071+0300] {logging_mixin.py:188} INFO - [2025-05-04T23:45:02.071+0300] {dag.py:3834} INFO - Setting next_dagrun for example_setup_teardown_taskflow to 2025-05-03 00:00:00+00:00, run_after=2025-05-04 00:00:00+00:00
[2025-05-04T23:45:02.081+0300] {processor.py:183} INFO - Processing /Users/admin/anaconda3/lib/python3.11/site-packages/airflow/example_dags/example_setup_teardown_taskflow.py took 0.105 seconds
[2025-05-04T23:46:36.244+0300] {processor.py:161} INFO - Started process (PID=26975) to work on /Users/admin/anaconda3/lib/python3.11/site-packages/airflow/example_dags/example_setup_teardown_taskflow.py
[2025-05-04T23:46:36.245+0300] {processor.py:830} INFO - Processing file /Users/admin/anaconda3/lib/python3.11/site-packages/airflow/example_dags/example_setup_teardown_taskflow.py for tasks to queue
[2025-05-04T23:46:36.246+0300] {logging_mixin.py:188} INFO - [2025-05-04T23:46:36.246+0300] {dagbag.py:540} INFO - Filling up the DagBag from /Users/admin/anaconda3/lib/python3.11/site-packages/airflow/example_dags/example_setup_teardown_taskflow.py
[2025-05-04T23:46:36.267+0300] {processor.py:840} INFO - DAG(s) 'example_setup_teardown_taskflow' retrieved from /Users/admin/anaconda3/lib/python3.11/site-packages/airflow/example_dags/example_setup_teardown_taskflow.py
[2025-05-04T23:46:36.328+0300] {logging_mixin.py:188} INFO - [2025-05-04T23:46:36.327+0300] {dag.py:3047} INFO - Sync 1 DAGs
[2025-05-04T23:46:36.338+0300] {logging_mixin.py:188} INFO - [2025-05-04T23:46:36.338+0300] {dag.py:3834} INFO - Setting next_dagrun for example_setup_teardown_taskflow to 2025-05-03 00:00:00+00:00, run_after=2025-05-04 00:00:00+00:00
[2025-05-04T23:46:36.348+0300] {processor.py:183} INFO - Processing /Users/admin/anaconda3/lib/python3.11/site-packages/airflow/example_dags/example_setup_teardown_taskflow.py took 0.104 seconds
[2025-05-04T23:49:36.093+0300] {processor.py:161} INFO - Started process (PID=27816) to work on /Users/admin/anaconda3/lib/python3.11/site-packages/airflow/example_dags/example_setup_teardown_taskflow.py
[2025-05-04T23:49:36.094+0300] {processor.py:830} INFO - Processing file /Users/admin/anaconda3/lib/python3.11/site-packages/airflow/example_dags/example_setup_teardown_taskflow.py for tasks to queue
[2025-05-04T23:49:36.095+0300] {logging_mixin.py:188} INFO - [2025-05-04T23:49:36.095+0300] {dagbag.py:540} INFO - Filling up the DagBag from /Users/admin/anaconda3/lib/python3.11/site-packages/airflow/example_dags/example_setup_teardown_taskflow.py
[2025-05-04T23:49:36.118+0300] {processor.py:840} INFO - DAG(s) 'example_setup_teardown_taskflow' retrieved from /Users/admin/anaconda3/lib/python3.11/site-packages/airflow/example_dags/example_setup_teardown_taskflow.py
[2025-05-04T23:49:36.179+0300] {logging_mixin.py:188} INFO - [2025-05-04T23:49:36.179+0300] {dag.py:3047} INFO - Sync 1 DAGs
[2025-05-04T23:49:36.190+0300] {logging_mixin.py:188} INFO - [2025-05-04T23:49:36.190+0300] {dag.py:3834} INFO - Setting next_dagrun for example_setup_teardown_taskflow to 2025-05-03 00:00:00+00:00, run_after=2025-05-04 00:00:00+00:00
[2025-05-04T23:49:36.200+0300] {processor.py:183} INFO - Processing /Users/admin/anaconda3/lib/python3.11/site-packages/airflow/example_dags/example_setup_teardown_taskflow.py took 0.107 seconds
[2025-05-04T23:52:47.263+0300] {processor.py:161} INFO - Started process (PID=28710) to work on /Users/admin/anaconda3/lib/python3.11/site-packages/airflow/example_dags/example_setup_teardown_taskflow.py
[2025-05-04T23:52:47.264+0300] {processor.py:830} INFO - Processing file /Users/admin/anaconda3/lib/python3.11/site-packages/airflow/example_dags/example_setup_teardown_taskflow.py for tasks to queue
[2025-05-04T23:52:47.265+0300] {logging_mixin.py:188} INFO - [2025-05-04T23:52:47.265+0300] {dagbag.py:540} INFO - Filling up the DagBag from /Users/admin/anaconda3/lib/python3.11/site-packages/airflow/example_dags/example_setup_teardown_taskflow.py
[2025-05-04T23:52:47.287+0300] {processor.py:840} INFO - DAG(s) 'example_setup_teardown_taskflow' retrieved from /Users/admin/anaconda3/lib/python3.11/site-packages/airflow/example_dags/example_setup_teardown_taskflow.py
[2025-05-04T23:52:47.347+0300] {logging_mixin.py:188} INFO - [2025-05-04T23:52:47.347+0300] {dag.py:3047} INFO - Sync 1 DAGs
[2025-05-04T23:52:47.357+0300] {logging_mixin.py:188} INFO - [2025-05-04T23:52:47.357+0300] {dag.py:3834} INFO - Setting next_dagrun for example_setup_teardown_taskflow to 2025-05-03 00:00:00+00:00, run_after=2025-05-04 00:00:00+00:00
[2025-05-04T23:52:47.367+0300] {processor.py:183} INFO - Processing /Users/admin/anaconda3/lib/python3.11/site-packages/airflow/example_dags/example_setup_teardown_taskflow.py took 0.104 seconds
