[2025-05-04T22:11:30.803+0300] {processor.py:161} INFO - Started process (PID=14280) to work on /Users/admin/anaconda3/lib/python3.11/site-packages/airflow/example_dags/example_python_operator.py
[2025-05-04T22:11:30.804+0300] {processor.py:830} INFO - Processing file /Users/admin/anaconda3/lib/python3.11/site-packages/airflow/example_dags/example_python_operator.py for tasks to queue
[2025-05-04T22:11:30.804+0300] {logging_mixin.py:188} INFO - [2025-05-04T22:11:30.804+0300] {dagbag.py:540} INFO - Filling up the DagBag from /Users/admin/anaconda3/lib/python3.11/site-packages/airflow/example_dags/example_python_operator.py
[2025-05-04T22:11:30.822+0300] {processor.py:840} INFO - DAG(s) 'example_python_operator' retrieved from /Users/admin/anaconda3/lib/python3.11/site-packages/airflow/example_dags/example_python_operator.py
[2025-05-04T22:11:30.930+0300] {logging_mixin.py:188} INFO - [2025-05-04T22:11:30.930+0300] {dag.py:3047} INFO - Sync 1 DAGs
[2025-05-04T22:11:30.935+0300] {logging_mixin.py:188} INFO - [2025-05-04T22:11:30.935+0300] {dag.py:3834} INFO - Setting next_dagrun for example_python_operator to None, run_after=None
[2025-05-04T22:11:30.946+0300] {processor.py:183} INFO - Processing /Users/admin/anaconda3/lib/python3.11/site-packages/airflow/example_dags/example_python_operator.py took 0.143 seconds
[2025-05-04T22:13:24.977+0300] {processor.py:161} INFO - Started process (PID=14806) to work on /Users/admin/anaconda3/lib/python3.11/site-packages/airflow/example_dags/example_python_operator.py
[2025-05-04T22:13:24.978+0300] {processor.py:830} INFO - Processing file /Users/admin/anaconda3/lib/python3.11/site-packages/airflow/example_dags/example_python_operator.py for tasks to queue
[2025-05-04T22:13:24.978+0300] {logging_mixin.py:188} INFO - [2025-05-04T22:13:24.978+0300] {dagbag.py:540} INFO - Filling up the DagBag from /Users/admin/anaconda3/lib/python3.11/site-packages/airflow/example_dags/example_python_operator.py
[2025-05-04T22:13:24.995+0300] {processor.py:840} INFO - DAG(s) 'example_python_operator' retrieved from /Users/admin/anaconda3/lib/python3.11/site-packages/airflow/example_dags/example_python_operator.py
[2025-05-04T22:13:25.113+0300] {logging_mixin.py:188} INFO - [2025-05-04T22:13:25.112+0300] {dag.py:3047} INFO - Sync 1 DAGs
[2025-05-04T22:13:25.117+0300] {logging_mixin.py:188} INFO - [2025-05-04T22:13:25.117+0300] {dag.py:3834} INFO - Setting next_dagrun for example_python_operator to None, run_after=None
[2025-05-04T22:13:25.127+0300] {processor.py:183} INFO - Processing /Users/admin/anaconda3/lib/python3.11/site-packages/airflow/example_dags/example_python_operator.py took 0.151 seconds
[2025-05-04T22:16:08.460+0300] {processor.py:161} INFO - Started process (PID=15586) to work on /Users/admin/anaconda3/lib/python3.11/site-packages/airflow/example_dags/example_python_operator.py
[2025-05-04T22:16:08.461+0300] {processor.py:830} INFO - Processing file /Users/admin/anaconda3/lib/python3.11/site-packages/airflow/example_dags/example_python_operator.py for tasks to queue
[2025-05-04T22:16:08.461+0300] {logging_mixin.py:188} INFO - [2025-05-04T22:16:08.461+0300] {dagbag.py:540} INFO - Filling up the DagBag from /Users/admin/anaconda3/lib/python3.11/site-packages/airflow/example_dags/example_python_operator.py
[2025-05-04T22:16:08.482+0300] {processor.py:840} INFO - DAG(s) 'example_python_operator' retrieved from /Users/admin/anaconda3/lib/python3.11/site-packages/airflow/example_dags/example_python_operator.py
[2025-05-04T22:16:08.611+0300] {logging_mixin.py:188} INFO - [2025-05-04T22:16:08.611+0300] {dag.py:3047} INFO - Sync 1 DAGs
[2025-05-04T22:16:08.617+0300] {logging_mixin.py:188} INFO - [2025-05-04T22:16:08.616+0300] {dag.py:3834} INFO - Setting next_dagrun for example_python_operator to None, run_after=None
[2025-05-04T22:16:08.633+0300] {processor.py:183} INFO - Processing /Users/admin/anaconda3/lib/python3.11/site-packages/airflow/example_dags/example_python_operator.py took 0.173 seconds
[2025-05-04T22:25:51.100+0300] {processor.py:161} INFO - Started process (PID=16452) to work on /Users/admin/anaconda3/lib/python3.11/site-packages/airflow/example_dags/example_python_operator.py
[2025-05-04T22:25:51.101+0300] {processor.py:830} INFO - Processing file /Users/admin/anaconda3/lib/python3.11/site-packages/airflow/example_dags/example_python_operator.py for tasks to queue
[2025-05-04T22:25:51.101+0300] {logging_mixin.py:188} INFO - [2025-05-04T22:25:51.101+0300] {dagbag.py:540} INFO - Filling up the DagBag from /Users/admin/anaconda3/lib/python3.11/site-packages/airflow/example_dags/example_python_operator.py
[2025-05-04T22:25:51.118+0300] {processor.py:840} INFO - DAG(s) 'example_python_operator' retrieved from /Users/admin/anaconda3/lib/python3.11/site-packages/airflow/example_dags/example_python_operator.py
[2025-05-04T22:25:51.227+0300] {logging_mixin.py:188} INFO - [2025-05-04T22:25:51.227+0300] {dag.py:3047} INFO - Sync 1 DAGs
[2025-05-04T22:25:51.232+0300] {logging_mixin.py:188} INFO - [2025-05-04T22:25:51.232+0300] {dag.py:3834} INFO - Setting next_dagrun for example_python_operator to None, run_after=None
[2025-05-04T22:25:51.243+0300] {processor.py:183} INFO - Processing /Users/admin/anaconda3/lib/python3.11/site-packages/airflow/example_dags/example_python_operator.py took 0.144 seconds
[2025-05-04T22:28:35.233+0300] {processor.py:161} INFO - Started process (PID=17224) to work on /Users/admin/anaconda3/lib/python3.11/site-packages/airflow/example_dags/example_python_operator.py
[2025-05-04T22:28:35.235+0300] {processor.py:830} INFO - Processing file /Users/admin/anaconda3/lib/python3.11/site-packages/airflow/example_dags/example_python_operator.py for tasks to queue
[2025-05-04T22:28:35.235+0300] {logging_mixin.py:188} INFO - [2025-05-04T22:28:35.235+0300] {dagbag.py:540} INFO - Filling up the DagBag from /Users/admin/anaconda3/lib/python3.11/site-packages/airflow/example_dags/example_python_operator.py
[2025-05-04T22:28:35.252+0300] {processor.py:840} INFO - DAG(s) 'example_python_operator' retrieved from /Users/admin/anaconda3/lib/python3.11/site-packages/airflow/example_dags/example_python_operator.py
[2025-05-04T22:28:35.377+0300] {logging_mixin.py:188} INFO - [2025-05-04T22:28:35.377+0300] {dag.py:3047} INFO - Sync 1 DAGs
[2025-05-04T22:28:35.382+0300] {logging_mixin.py:188} INFO - [2025-05-04T22:28:35.382+0300] {dag.py:3834} INFO - Setting next_dagrun for example_python_operator to None, run_after=None
[2025-05-04T22:28:35.392+0300] {processor.py:183} INFO - Processing /Users/admin/anaconda3/lib/python3.11/site-packages/airflow/example_dags/example_python_operator.py took 0.159 seconds
[2025-05-04T22:31:18.509+0300] {processor.py:161} INFO - Started process (PID=18000) to work on /Users/admin/anaconda3/lib/python3.11/site-packages/airflow/example_dags/example_python_operator.py
[2025-05-04T22:31:18.510+0300] {processor.py:830} INFO - Processing file /Users/admin/anaconda3/lib/python3.11/site-packages/airflow/example_dags/example_python_operator.py for tasks to queue
[2025-05-04T22:31:18.511+0300] {logging_mixin.py:188} INFO - [2025-05-04T22:31:18.511+0300] {dagbag.py:540} INFO - Filling up the DagBag from /Users/admin/anaconda3/lib/python3.11/site-packages/airflow/example_dags/example_python_operator.py
[2025-05-04T22:31:18.531+0300] {processor.py:840} INFO - DAG(s) 'example_python_operator' retrieved from /Users/admin/anaconda3/lib/python3.11/site-packages/airflow/example_dags/example_python_operator.py
[2025-05-04T22:31:18.652+0300] {logging_mixin.py:188} INFO - [2025-05-04T22:31:18.651+0300] {dag.py:3047} INFO - Sync 1 DAGs
[2025-05-04T22:31:18.656+0300] {logging_mixin.py:188} INFO - [2025-05-04T22:31:18.656+0300] {dag.py:3834} INFO - Setting next_dagrun for example_python_operator to None, run_after=None
[2025-05-04T22:31:18.667+0300] {processor.py:183} INFO - Processing /Users/admin/anaconda3/lib/python3.11/site-packages/airflow/example_dags/example_python_operator.py took 0.158 seconds
[2025-05-04T23:17:59.064+0300] {processor.py:161} INFO - Started process (PID=18877) to work on /Users/admin/anaconda3/lib/python3.11/site-packages/airflow/example_dags/example_python_operator.py
[2025-05-04T23:17:59.066+0300] {processor.py:830} INFO - Processing file /Users/admin/anaconda3/lib/python3.11/site-packages/airflow/example_dags/example_python_operator.py for tasks to queue
[2025-05-04T23:17:59.066+0300] {logging_mixin.py:188} INFO - [2025-05-04T23:17:59.066+0300] {dagbag.py:540} INFO - Filling up the DagBag from /Users/admin/anaconda3/lib/python3.11/site-packages/airflow/example_dags/example_python_operator.py
[2025-05-04T23:17:59.083+0300] {processor.py:840} INFO - DAG(s) 'example_python_operator' retrieved from /Users/admin/anaconda3/lib/python3.11/site-packages/airflow/example_dags/example_python_operator.py
[2025-05-04T23:17:59.199+0300] {logging_mixin.py:188} INFO - [2025-05-04T23:17:59.199+0300] {dag.py:3047} INFO - Sync 1 DAGs
[2025-05-04T23:17:59.204+0300] {logging_mixin.py:188} INFO - [2025-05-04T23:17:59.204+0300] {dag.py:3834} INFO - Setting next_dagrun for example_python_operator to None, run_after=None
[2025-05-04T23:17:59.214+0300] {processor.py:183} INFO - Processing /Users/admin/anaconda3/lib/python3.11/site-packages/airflow/example_dags/example_python_operator.py took 0.150 seconds
[2025-05-04T23:20:43.353+0300] {processor.py:161} INFO - Started process (PID=19656) to work on /Users/admin/anaconda3/lib/python3.11/site-packages/airflow/example_dags/example_python_operator.py
[2025-05-04T23:20:43.354+0300] {processor.py:830} INFO - Processing file /Users/admin/anaconda3/lib/python3.11/site-packages/airflow/example_dags/example_python_operator.py for tasks to queue
[2025-05-04T23:20:43.354+0300] {logging_mixin.py:188} INFO - [2025-05-04T23:20:43.354+0300] {dagbag.py:540} INFO - Filling up the DagBag from /Users/admin/anaconda3/lib/python3.11/site-packages/airflow/example_dags/example_python_operator.py
[2025-05-04T23:20:43.372+0300] {processor.py:840} INFO - DAG(s) 'example_python_operator' retrieved from /Users/admin/anaconda3/lib/python3.11/site-packages/airflow/example_dags/example_python_operator.py
[2025-05-04T23:20:43.490+0300] {logging_mixin.py:188} INFO - [2025-05-04T23:20:43.489+0300] {dag.py:3047} INFO - Sync 1 DAGs
[2025-05-04T23:20:43.494+0300] {logging_mixin.py:188} INFO - [2025-05-04T23:20:43.494+0300] {dag.py:3834} INFO - Setting next_dagrun for example_python_operator to None, run_after=None
[2025-05-04T23:20:43.505+0300] {processor.py:183} INFO - Processing /Users/admin/anaconda3/lib/python3.11/site-packages/airflow/example_dags/example_python_operator.py took 0.152 seconds
[2025-05-04T23:23:41.208+0300] {processor.py:161} INFO - Started process (PID=20484) to work on /Users/admin/anaconda3/lib/python3.11/site-packages/airflow/example_dags/example_python_operator.py
[2025-05-04T23:23:41.210+0300] {processor.py:830} INFO - Processing file /Users/admin/anaconda3/lib/python3.11/site-packages/airflow/example_dags/example_python_operator.py for tasks to queue
[2025-05-04T23:23:41.210+0300] {logging_mixin.py:188} INFO - [2025-05-04T23:23:41.210+0300] {dagbag.py:540} INFO - Filling up the DagBag from /Users/admin/anaconda3/lib/python3.11/site-packages/airflow/example_dags/example_python_operator.py
[2025-05-04T23:23:41.230+0300] {processor.py:840} INFO - DAG(s) 'example_python_operator' retrieved from /Users/admin/anaconda3/lib/python3.11/site-packages/airflow/example_dags/example_python_operator.py
[2025-05-04T23:23:41.355+0300] {logging_mixin.py:188} INFO - [2025-05-04T23:23:41.354+0300] {dag.py:3047} INFO - Sync 1 DAGs
[2025-05-04T23:23:41.360+0300] {logging_mixin.py:188} INFO - [2025-05-04T23:23:41.360+0300] {dag.py:3834} INFO - Setting next_dagrun for example_python_operator to None, run_after=None
[2025-05-04T23:23:41.371+0300] {processor.py:183} INFO - Processing /Users/admin/anaconda3/lib/python3.11/site-packages/airflow/example_dags/example_python_operator.py took 0.163 seconds
[2025-05-04T23:26:34.952+0300] {processor.py:161} INFO - Started process (PID=21314) to work on /Users/admin/anaconda3/lib/python3.11/site-packages/airflow/example_dags/example_python_operator.py
[2025-05-04T23:26:34.953+0300] {processor.py:830} INFO - Processing file /Users/admin/anaconda3/lib/python3.11/site-packages/airflow/example_dags/example_python_operator.py for tasks to queue
[2025-05-04T23:26:34.954+0300] {logging_mixin.py:188} INFO - [2025-05-04T23:26:34.953+0300] {dagbag.py:540} INFO - Filling up the DagBag from /Users/admin/anaconda3/lib/python3.11/site-packages/airflow/example_dags/example_python_operator.py
[2025-05-04T23:26:34.972+0300] {processor.py:840} INFO - DAG(s) 'example_python_operator' retrieved from /Users/admin/anaconda3/lib/python3.11/site-packages/airflow/example_dags/example_python_operator.py
[2025-05-04T23:26:35.094+0300] {logging_mixin.py:188} INFO - [2025-05-04T23:26:35.093+0300] {dag.py:3047} INFO - Sync 1 DAGs
[2025-05-04T23:26:35.098+0300] {logging_mixin.py:188} INFO - [2025-05-04T23:26:35.098+0300] {dag.py:3834} INFO - Setting next_dagrun for example_python_operator to None, run_after=None
[2025-05-04T23:26:35.109+0300] {processor.py:183} INFO - Processing /Users/admin/anaconda3/lib/python3.11/site-packages/airflow/example_dags/example_python_operator.py took 0.157 seconds
[2025-05-04T23:29:29.986+0300] {processor.py:161} INFO - Started process (PID=22140) to work on /Users/admin/anaconda3/lib/python3.11/site-packages/airflow/example_dags/example_python_operator.py
[2025-05-04T23:29:29.987+0300] {processor.py:830} INFO - Processing file /Users/admin/anaconda3/lib/python3.11/site-packages/airflow/example_dags/example_python_operator.py for tasks to queue
[2025-05-04T23:29:29.987+0300] {logging_mixin.py:188} INFO - [2025-05-04T23:29:29.987+0300] {dagbag.py:540} INFO - Filling up the DagBag from /Users/admin/anaconda3/lib/python3.11/site-packages/airflow/example_dags/example_python_operator.py
[2025-05-04T23:29:30.005+0300] {processor.py:840} INFO - DAG(s) 'example_python_operator' retrieved from /Users/admin/anaconda3/lib/python3.11/site-packages/airflow/example_dags/example_python_operator.py
[2025-05-04T23:29:30.150+0300] {logging_mixin.py:188} INFO - [2025-05-04T23:29:30.150+0300] {dag.py:3047} INFO - Sync 1 DAGs
[2025-05-04T23:29:30.155+0300] {logging_mixin.py:188} INFO - [2025-05-04T23:29:30.155+0300] {dag.py:3834} INFO - Setting next_dagrun for example_python_operator to None, run_after=None
[2025-05-04T23:29:30.167+0300] {processor.py:183} INFO - Processing /Users/admin/anaconda3/lib/python3.11/site-packages/airflow/example_dags/example_python_operator.py took 0.182 seconds
[2025-05-04T23:32:28.676+0300] {processor.py:161} INFO - Started process (PID=22986) to work on /Users/admin/anaconda3/lib/python3.11/site-packages/airflow/example_dags/example_python_operator.py
[2025-05-04T23:32:28.678+0300] {processor.py:830} INFO - Processing file /Users/admin/anaconda3/lib/python3.11/site-packages/airflow/example_dags/example_python_operator.py for tasks to queue
[2025-05-04T23:32:28.678+0300] {logging_mixin.py:188} INFO - [2025-05-04T23:32:28.678+0300] {dagbag.py:540} INFO - Filling up the DagBag from /Users/admin/anaconda3/lib/python3.11/site-packages/airflow/example_dags/example_python_operator.py
[2025-05-04T23:32:28.695+0300] {processor.py:840} INFO - DAG(s) 'example_python_operator' retrieved from /Users/admin/anaconda3/lib/python3.11/site-packages/airflow/example_dags/example_python_operator.py
[2025-05-04T23:32:28.813+0300] {logging_mixin.py:188} INFO - [2025-05-04T23:32:28.813+0300] {dag.py:3047} INFO - Sync 1 DAGs
[2025-05-04T23:32:28.818+0300] {logging_mixin.py:188} INFO - [2025-05-04T23:32:28.817+0300] {dag.py:3834} INFO - Setting next_dagrun for example_python_operator to None, run_after=None
[2025-05-04T23:32:28.828+0300] {processor.py:183} INFO - Processing /Users/admin/anaconda3/lib/python3.11/site-packages/airflow/example_dags/example_python_operator.py took 0.152 seconds
[2025-05-04T23:35:31.358+0300] {processor.py:161} INFO - Started process (PID=23851) to work on /Users/admin/anaconda3/lib/python3.11/site-packages/airflow/example_dags/example_python_operator.py
[2025-05-04T23:35:31.359+0300] {processor.py:830} INFO - Processing file /Users/admin/anaconda3/lib/python3.11/site-packages/airflow/example_dags/example_python_operator.py for tasks to queue
[2025-05-04T23:35:31.360+0300] {logging_mixin.py:188} INFO - [2025-05-04T23:35:31.360+0300] {dagbag.py:540} INFO - Filling up the DagBag from /Users/admin/anaconda3/lib/python3.11/site-packages/airflow/example_dags/example_python_operator.py
[2025-05-04T23:35:31.378+0300] {processor.py:840} INFO - DAG(s) 'example_python_operator' retrieved from /Users/admin/anaconda3/lib/python3.11/site-packages/airflow/example_dags/example_python_operator.py
[2025-05-04T23:35:31.511+0300] {logging_mixin.py:188} INFO - [2025-05-04T23:35:31.511+0300] {dag.py:3047} INFO - Sync 1 DAGs
[2025-05-04T23:35:31.516+0300] {logging_mixin.py:188} INFO - [2025-05-04T23:35:31.516+0300] {dag.py:3834} INFO - Setting next_dagrun for example_python_operator to None, run_after=None
[2025-05-04T23:35:31.527+0300] {processor.py:183} INFO - Processing /Users/admin/anaconda3/lib/python3.11/site-packages/airflow/example_dags/example_python_operator.py took 0.169 seconds
[2025-05-04T23:38:31.995+0300] {processor.py:161} INFO - Started process (PID=24723) to work on /Users/admin/anaconda3/lib/python3.11/site-packages/airflow/example_dags/example_python_operator.py
[2025-05-04T23:38:31.997+0300] {processor.py:830} INFO - Processing file /Users/admin/anaconda3/lib/python3.11/site-packages/airflow/example_dags/example_python_operator.py for tasks to queue
[2025-05-04T23:38:31.997+0300] {logging_mixin.py:188} INFO - [2025-05-04T23:38:31.997+0300] {dagbag.py:540} INFO - Filling up the DagBag from /Users/admin/anaconda3/lib/python3.11/site-packages/airflow/example_dags/example_python_operator.py
[2025-05-04T23:38:32.017+0300] {processor.py:840} INFO - DAG(s) 'example_python_operator' retrieved from /Users/admin/anaconda3/lib/python3.11/site-packages/airflow/example_dags/example_python_operator.py
[2025-05-04T23:38:32.136+0300] {logging_mixin.py:188} INFO - [2025-05-04T23:38:32.135+0300] {dag.py:3047} INFO - Sync 1 DAGs
[2025-05-04T23:38:32.140+0300] {logging_mixin.py:188} INFO - [2025-05-04T23:38:32.140+0300] {dag.py:3834} INFO - Setting next_dagrun for example_python_operator to None, run_after=None
[2025-05-04T23:38:32.150+0300] {processor.py:183} INFO - Processing /Users/admin/anaconda3/lib/python3.11/site-packages/airflow/example_dags/example_python_operator.py took 0.156 seconds
[2025-05-04T23:41:48.604+0300] {processor.py:161} INFO - Started process (PID=25643) to work on /Users/admin/anaconda3/lib/python3.11/site-packages/airflow/example_dags/example_python_operator.py
[2025-05-04T23:41:48.606+0300] {processor.py:830} INFO - Processing file /Users/admin/anaconda3/lib/python3.11/site-packages/airflow/example_dags/example_python_operator.py for tasks to queue
[2025-05-04T23:41:48.606+0300] {logging_mixin.py:188} INFO - [2025-05-04T23:41:48.606+0300] {dagbag.py:540} INFO - Filling up the DagBag from /Users/admin/anaconda3/lib/python3.11/site-packages/airflow/example_dags/example_python_operator.py
[2025-05-04T23:41:48.623+0300] {processor.py:840} INFO - DAG(s) 'example_python_operator' retrieved from /Users/admin/anaconda3/lib/python3.11/site-packages/airflow/example_dags/example_python_operator.py
[2025-05-04T23:41:48.741+0300] {logging_mixin.py:188} INFO - [2025-05-04T23:41:48.741+0300] {dag.py:3047} INFO - Sync 1 DAGs
[2025-05-04T23:41:48.746+0300] {logging_mixin.py:188} INFO - [2025-05-04T23:41:48.745+0300] {dag.py:3834} INFO - Setting next_dagrun for example_python_operator to None, run_after=None
[2025-05-04T23:41:48.756+0300] {processor.py:183} INFO - Processing /Users/admin/anaconda3/lib/python3.11/site-packages/airflow/example_dags/example_python_operator.py took 0.152 seconds
[2025-05-04T23:45:10.882+0300] {processor.py:161} INFO - Started process (PID=26578) to work on /Users/admin/anaconda3/lib/python3.11/site-packages/airflow/example_dags/example_python_operator.py
[2025-05-04T23:45:10.883+0300] {processor.py:830} INFO - Processing file /Users/admin/anaconda3/lib/python3.11/site-packages/airflow/example_dags/example_python_operator.py for tasks to queue
[2025-05-04T23:45:10.883+0300] {logging_mixin.py:188} INFO - [2025-05-04T23:45:10.883+0300] {dagbag.py:540} INFO - Filling up the DagBag from /Users/admin/anaconda3/lib/python3.11/site-packages/airflow/example_dags/example_python_operator.py
[2025-05-04T23:45:10.900+0300] {processor.py:840} INFO - DAG(s) 'example_python_operator' retrieved from /Users/admin/anaconda3/lib/python3.11/site-packages/airflow/example_dags/example_python_operator.py
[2025-05-04T23:45:11.017+0300] {logging_mixin.py:188} INFO - [2025-05-04T23:45:11.016+0300] {dag.py:3047} INFO - Sync 1 DAGs
[2025-05-04T23:45:11.021+0300] {logging_mixin.py:188} INFO - [2025-05-04T23:45:11.021+0300] {dag.py:3834} INFO - Setting next_dagrun for example_python_operator to None, run_after=None
[2025-05-04T23:45:11.031+0300] {processor.py:183} INFO - Processing /Users/admin/anaconda3/lib/python3.11/site-packages/airflow/example_dags/example_python_operator.py took 0.150 seconds
[2025-05-04T23:48:07.664+0300] {processor.py:161} INFO - Started process (PID=27403) to work on /Users/admin/anaconda3/lib/python3.11/site-packages/airflow/example_dags/example_python_operator.py
[2025-05-04T23:48:07.666+0300] {processor.py:830} INFO - Processing file /Users/admin/anaconda3/lib/python3.11/site-packages/airflow/example_dags/example_python_operator.py for tasks to queue
[2025-05-04T23:48:07.666+0300] {logging_mixin.py:188} INFO - [2025-05-04T23:48:07.666+0300] {dagbag.py:540} INFO - Filling up the DagBag from /Users/admin/anaconda3/lib/python3.11/site-packages/airflow/example_dags/example_python_operator.py
[2025-05-04T23:48:07.683+0300] {processor.py:840} INFO - DAG(s) 'example_python_operator' retrieved from /Users/admin/anaconda3/lib/python3.11/site-packages/airflow/example_dags/example_python_operator.py
[2025-05-04T23:48:07.800+0300] {logging_mixin.py:188} INFO - [2025-05-04T23:48:07.800+0300] {dag.py:3047} INFO - Sync 1 DAGs
[2025-05-04T23:48:07.805+0300] {logging_mixin.py:188} INFO - [2025-05-04T23:48:07.805+0300] {dag.py:3834} INFO - Setting next_dagrun for example_python_operator to None, run_after=None
[2025-05-04T23:48:07.815+0300] {processor.py:183} INFO - Processing /Users/admin/anaconda3/lib/python3.11/site-packages/airflow/example_dags/example_python_operator.py took 0.151 seconds
[2025-05-04T23:51:07.391+0300] {processor.py:161} INFO - Started process (PID=28238) to work on /Users/admin/anaconda3/lib/python3.11/site-packages/airflow/example_dags/example_python_operator.py
[2025-05-04T23:51:07.393+0300] {processor.py:830} INFO - Processing file /Users/admin/anaconda3/lib/python3.11/site-packages/airflow/example_dags/example_python_operator.py for tasks to queue
[2025-05-04T23:51:07.393+0300] {logging_mixin.py:188} INFO - [2025-05-04T23:51:07.393+0300] {dagbag.py:540} INFO - Filling up the DagBag from /Users/admin/anaconda3/lib/python3.11/site-packages/airflow/example_dags/example_python_operator.py
[2025-05-04T23:51:07.411+0300] {processor.py:840} INFO - DAG(s) 'example_python_operator' retrieved from /Users/admin/anaconda3/lib/python3.11/site-packages/airflow/example_dags/example_python_operator.py
[2025-05-04T23:51:07.532+0300] {logging_mixin.py:188} INFO - [2025-05-04T23:51:07.532+0300] {dag.py:3047} INFO - Sync 1 DAGs
[2025-05-04T23:51:07.537+0300] {logging_mixin.py:188} INFO - [2025-05-04T23:51:07.537+0300] {dag.py:3834} INFO - Setting next_dagrun for example_python_operator to None, run_after=None
[2025-05-04T23:51:07.547+0300] {processor.py:183} INFO - Processing /Users/admin/anaconda3/lib/python3.11/site-packages/airflow/example_dags/example_python_operator.py took 0.157 seconds
[2025-05-04T23:58:45.977+0300] {processor.py:161} INFO - Started process (PID=29185) to work on /Users/admin/anaconda3/lib/python3.11/site-packages/airflow/example_dags/example_python_operator.py
[2025-05-04T23:58:45.978+0300] {processor.py:830} INFO - Processing file /Users/admin/anaconda3/lib/python3.11/site-packages/airflow/example_dags/example_python_operator.py for tasks to queue
[2025-05-04T23:58:45.979+0300] {logging_mixin.py:188} INFO - [2025-05-04T23:58:45.978+0300] {dagbag.py:540} INFO - Filling up the DagBag from /Users/admin/anaconda3/lib/python3.11/site-packages/airflow/example_dags/example_python_operator.py
[2025-05-04T23:58:45.995+0300] {processor.py:840} INFO - DAG(s) 'example_python_operator' retrieved from /Users/admin/anaconda3/lib/python3.11/site-packages/airflow/example_dags/example_python_operator.py
[2025-05-04T23:58:46.103+0300] {logging_mixin.py:188} INFO - [2025-05-04T23:58:46.102+0300] {dag.py:3047} INFO - Sync 1 DAGs
[2025-05-04T23:58:46.107+0300] {logging_mixin.py:188} INFO - [2025-05-04T23:58:46.107+0300] {dag.py:3834} INFO - Setting next_dagrun for example_python_operator to None, run_after=None
[2025-05-04T23:58:46.118+0300] {processor.py:183} INFO - Processing /Users/admin/anaconda3/lib/python3.11/site-packages/airflow/example_dags/example_python_operator.py took 0.142 seconds
