[2025-05-04T22:11:45.812+0300] {processor.py:161} INFO - Started process (PID=14351) to work on /Users/admin/anaconda3/lib/python3.11/site-packages/airflow/example_dags/example_latest_only_with_trigger.py
[2025-05-04T22:11:45.813+0300] {processor.py:830} INFO - Processing file /Users/admin/anaconda3/lib/python3.11/site-packages/airflow/example_dags/example_latest_only_with_trigger.py for tasks to queue
[2025-05-04T22:11:45.813+0300] {logging_mixin.py:188} INFO - [2025-05-04T22:11:45.813+0300] {dagbag.py:540} INFO - Filling up the DagBag from /Users/admin/anaconda3/lib/python3.11/site-packages/airflow/example_dags/example_latest_only_with_trigger.py
[2025-05-04T22:11:45.819+0300] {processor.py:840} INFO - DAG(s) 'latest_only_with_trigger' retrieved from /Users/admin/anaconda3/lib/python3.11/site-packages/airflow/example_dags/example_latest_only_with_trigger.py
[2025-05-04T22:11:45.927+0300] {logging_mixin.py:188} INFO - [2025-05-04T22:11:45.927+0300] {dag.py:3047} INFO - Sync 1 DAGs
[2025-05-04T22:11:45.937+0300] {logging_mixin.py:188} INFO - [2025-05-04T22:11:45.937+0300] {dag.py:3834} INFO - Setting next_dagrun for latest_only_with_trigger to 2025-05-04 12:00:00+00:00, run_after=2025-05-04 16:00:00+00:00
[2025-05-04T22:11:45.947+0300] {processor.py:183} INFO - Processing /Users/admin/anaconda3/lib/python3.11/site-packages/airflow/example_dags/example_latest_only_with_trigger.py took 0.136 seconds
[2025-05-04T22:13:40.223+0300] {processor.py:161} INFO - Started process (PID=14885) to work on /Users/admin/anaconda3/lib/python3.11/site-packages/airflow/example_dags/example_latest_only_with_trigger.py
[2025-05-04T22:13:40.224+0300] {processor.py:830} INFO - Processing file /Users/admin/anaconda3/lib/python3.11/site-packages/airflow/example_dags/example_latest_only_with_trigger.py for tasks to queue
[2025-05-04T22:13:40.225+0300] {logging_mixin.py:188} INFO - [2025-05-04T22:13:40.225+0300] {dagbag.py:540} INFO - Filling up the DagBag from /Users/admin/anaconda3/lib/python3.11/site-packages/airflow/example_dags/example_latest_only_with_trigger.py
[2025-05-04T22:13:40.230+0300] {processor.py:840} INFO - DAG(s) 'latest_only_with_trigger' retrieved from /Users/admin/anaconda3/lib/python3.11/site-packages/airflow/example_dags/example_latest_only_with_trigger.py
[2025-05-04T22:13:40.292+0300] {logging_mixin.py:188} INFO - [2025-05-04T22:13:40.291+0300] {dag.py:3047} INFO - Sync 1 DAGs
[2025-05-04T22:13:40.301+0300] {logging_mixin.py:188} INFO - [2025-05-04T22:13:40.301+0300] {dag.py:3834} INFO - Setting next_dagrun for latest_only_with_trigger to 2025-05-04 12:00:00+00:00, run_after=2025-05-04 16:00:00+00:00
[2025-05-04T22:13:40.311+0300] {processor.py:183} INFO - Processing /Users/admin/anaconda3/lib/python3.11/site-packages/airflow/example_dags/example_latest_only_with_trigger.py took 0.088 seconds
[2025-05-04T22:16:24.914+0300] {processor.py:161} INFO - Started process (PID=15671) to work on /Users/admin/anaconda3/lib/python3.11/site-packages/airflow/example_dags/example_latest_only_with_trigger.py
[2025-05-04T22:16:24.915+0300] {processor.py:830} INFO - Processing file /Users/admin/anaconda3/lib/python3.11/site-packages/airflow/example_dags/example_latest_only_with_trigger.py for tasks to queue
[2025-05-04T22:16:24.915+0300] {logging_mixin.py:188} INFO - [2025-05-04T22:16:24.915+0300] {dagbag.py:540} INFO - Filling up the DagBag from /Users/admin/anaconda3/lib/python3.11/site-packages/airflow/example_dags/example_latest_only_with_trigger.py
[2025-05-04T22:16:24.921+0300] {processor.py:840} INFO - DAG(s) 'latest_only_with_trigger' retrieved from /Users/admin/anaconda3/lib/python3.11/site-packages/airflow/example_dags/example_latest_only_with_trigger.py
[2025-05-04T22:16:24.983+0300] {logging_mixin.py:188} INFO - [2025-05-04T22:16:24.983+0300] {dag.py:3047} INFO - Sync 1 DAGs
[2025-05-04T22:16:24.993+0300] {logging_mixin.py:188} INFO - [2025-05-04T22:16:24.993+0300] {dag.py:3834} INFO - Setting next_dagrun for latest_only_with_trigger to 2025-05-04 12:00:00+00:00, run_after=2025-05-04 16:00:00+00:00
[2025-05-04T22:16:25.003+0300] {processor.py:183} INFO - Processing /Users/admin/anaconda3/lib/python3.11/site-packages/airflow/example_dags/example_latest_only_with_trigger.py took 0.090 seconds
[2025-05-04T22:26:05.547+0300] {processor.py:161} INFO - Started process (PID=16524) to work on /Users/admin/anaconda3/lib/python3.11/site-packages/airflow/example_dags/example_latest_only_with_trigger.py
[2025-05-04T22:26:05.549+0300] {processor.py:830} INFO - Processing file /Users/admin/anaconda3/lib/python3.11/site-packages/airflow/example_dags/example_latest_only_with_trigger.py for tasks to queue
[2025-05-04T22:26:05.549+0300] {logging_mixin.py:188} INFO - [2025-05-04T22:26:05.549+0300] {dagbag.py:540} INFO - Filling up the DagBag from /Users/admin/anaconda3/lib/python3.11/site-packages/airflow/example_dags/example_latest_only_with_trigger.py
[2025-05-04T22:26:05.555+0300] {processor.py:840} INFO - DAG(s) 'latest_only_with_trigger' retrieved from /Users/admin/anaconda3/lib/python3.11/site-packages/airflow/example_dags/example_latest_only_with_trigger.py
[2025-05-04T22:26:05.616+0300] {logging_mixin.py:188} INFO - [2025-05-04T22:26:05.616+0300] {dag.py:3047} INFO - Sync 1 DAGs
[2025-05-04T22:26:05.625+0300] {logging_mixin.py:188} INFO - [2025-05-04T22:26:05.625+0300] {dag.py:3834} INFO - Setting next_dagrun for latest_only_with_trigger to 2025-05-04 12:00:00+00:00, run_after=2025-05-04 16:00:00+00:00
[2025-05-04T22:26:05.636+0300] {processor.py:183} INFO - Processing /Users/admin/anaconda3/lib/python3.11/site-packages/airflow/example_dags/example_latest_only_with_trigger.py took 0.089 seconds
[2025-05-04T22:28:50.539+0300] {processor.py:161} INFO - Started process (PID=17296) to work on /Users/admin/anaconda3/lib/python3.11/site-packages/airflow/example_dags/example_latest_only_with_trigger.py
[2025-05-04T22:28:50.540+0300] {processor.py:830} INFO - Processing file /Users/admin/anaconda3/lib/python3.11/site-packages/airflow/example_dags/example_latest_only_with_trigger.py for tasks to queue
[2025-05-04T22:28:50.540+0300] {logging_mixin.py:188} INFO - [2025-05-04T22:28:50.540+0300] {dagbag.py:540} INFO - Filling up the DagBag from /Users/admin/anaconda3/lib/python3.11/site-packages/airflow/example_dags/example_latest_only_with_trigger.py
[2025-05-04T22:28:50.546+0300] {processor.py:840} INFO - DAG(s) 'latest_only_with_trigger' retrieved from /Users/admin/anaconda3/lib/python3.11/site-packages/airflow/example_dags/example_latest_only_with_trigger.py
[2025-05-04T22:28:50.608+0300] {logging_mixin.py:188} INFO - [2025-05-04T22:28:50.607+0300] {dag.py:3047} INFO - Sync 1 DAGs
[2025-05-04T22:28:50.618+0300] {logging_mixin.py:188} INFO - [2025-05-04T22:28:50.618+0300] {dag.py:3834} INFO - Setting next_dagrun for latest_only_with_trigger to 2025-05-04 12:00:00+00:00, run_after=2025-05-04 16:00:00+00:00
[2025-05-04T22:28:50.628+0300] {processor.py:183} INFO - Processing /Users/admin/anaconda3/lib/python3.11/site-packages/airflow/example_dags/example_latest_only_with_trigger.py took 0.090 seconds
[2025-05-04T22:31:33.042+0300] {processor.py:161} INFO - Started process (PID=18070) to work on /Users/admin/anaconda3/lib/python3.11/site-packages/airflow/example_dags/example_latest_only_with_trigger.py
[2025-05-04T22:31:33.043+0300] {processor.py:830} INFO - Processing file /Users/admin/anaconda3/lib/python3.11/site-packages/airflow/example_dags/example_latest_only_with_trigger.py for tasks to queue
[2025-05-04T22:31:33.044+0300] {logging_mixin.py:188} INFO - [2025-05-04T22:31:33.043+0300] {dagbag.py:540} INFO - Filling up the DagBag from /Users/admin/anaconda3/lib/python3.11/site-packages/airflow/example_dags/example_latest_only_with_trigger.py
[2025-05-04T22:31:33.050+0300] {processor.py:840} INFO - DAG(s) 'latest_only_with_trigger' retrieved from /Users/admin/anaconda3/lib/python3.11/site-packages/airflow/example_dags/example_latest_only_with_trigger.py
[2025-05-04T22:31:33.113+0300] {logging_mixin.py:188} INFO - [2025-05-04T22:31:33.113+0300] {dag.py:3047} INFO - Sync 1 DAGs
[2025-05-04T22:31:33.122+0300] {logging_mixin.py:188} INFO - [2025-05-04T22:31:33.122+0300] {dag.py:3834} INFO - Setting next_dagrun for latest_only_with_trigger to 2025-05-04 12:00:00+00:00, run_after=2025-05-04 16:00:00+00:00
[2025-05-04T22:31:33.132+0300] {processor.py:183} INFO - Processing /Users/admin/anaconda3/lib/python3.11/site-packages/airflow/example_dags/example_latest_only_with_trigger.py took 0.091 seconds
[2025-05-04T23:18:13.613+0300] {processor.py:161} INFO - Started process (PID=18953) to work on /Users/admin/anaconda3/lib/python3.11/site-packages/airflow/example_dags/example_latest_only_with_trigger.py
[2025-05-04T23:18:13.614+0300] {processor.py:830} INFO - Processing file /Users/admin/anaconda3/lib/python3.11/site-packages/airflow/example_dags/example_latest_only_with_trigger.py for tasks to queue
[2025-05-04T23:18:13.614+0300] {logging_mixin.py:188} INFO - [2025-05-04T23:18:13.614+0300] {dagbag.py:540} INFO - Filling up the DagBag from /Users/admin/anaconda3/lib/python3.11/site-packages/airflow/example_dags/example_latest_only_with_trigger.py
[2025-05-04T23:18:13.620+0300] {processor.py:840} INFO - DAG(s) 'latest_only_with_trigger' retrieved from /Users/admin/anaconda3/lib/python3.11/site-packages/airflow/example_dags/example_latest_only_with_trigger.py
[2025-05-04T23:18:13.681+0300] {logging_mixin.py:188} INFO - [2025-05-04T23:18:13.681+0300] {dag.py:3047} INFO - Sync 1 DAGs
[2025-05-04T23:18:13.691+0300] {logging_mixin.py:188} INFO - [2025-05-04T23:18:13.691+0300] {dag.py:3834} INFO - Setting next_dagrun for latest_only_with_trigger to 2025-05-04 16:00:00+00:00, run_after=2025-05-04 20:00:00+00:00
[2025-05-04T23:18:13.701+0300] {processor.py:183} INFO - Processing /Users/admin/anaconda3/lib/python3.11/site-packages/airflow/example_dags/example_latest_only_with_trigger.py took 0.089 seconds
[2025-05-04T23:21:02.918+0300] {processor.py:161} INFO - Started process (PID=19751) to work on /Users/admin/anaconda3/lib/python3.11/site-packages/airflow/example_dags/example_latest_only_with_trigger.py
[2025-05-04T23:21:02.919+0300] {processor.py:830} INFO - Processing file /Users/admin/anaconda3/lib/python3.11/site-packages/airflow/example_dags/example_latest_only_with_trigger.py for tasks to queue
[2025-05-04T23:21:02.920+0300] {logging_mixin.py:188} INFO - [2025-05-04T23:21:02.920+0300] {dagbag.py:540} INFO - Filling up the DagBag from /Users/admin/anaconda3/lib/python3.11/site-packages/airflow/example_dags/example_latest_only_with_trigger.py
[2025-05-04T23:21:02.925+0300] {processor.py:840} INFO - DAG(s) 'latest_only_with_trigger' retrieved from /Users/admin/anaconda3/lib/python3.11/site-packages/airflow/example_dags/example_latest_only_with_trigger.py
[2025-05-04T23:21:02.988+0300] {logging_mixin.py:188} INFO - [2025-05-04T23:21:02.987+0300] {dag.py:3047} INFO - Sync 1 DAGs
[2025-05-04T23:21:02.997+0300] {logging_mixin.py:188} INFO - [2025-05-04T23:21:02.997+0300] {dag.py:3834} INFO - Setting next_dagrun for latest_only_with_trigger to 2025-05-04 16:00:00+00:00, run_after=2025-05-04 20:00:00+00:00
[2025-05-04T23:21:03.007+0300] {processor.py:183} INFO - Processing /Users/admin/anaconda3/lib/python3.11/site-packages/airflow/example_dags/example_latest_only_with_trigger.py took 0.090 seconds
[2025-05-04T23:23:55.694+0300] {processor.py:161} INFO - Started process (PID=20554) to work on /Users/admin/anaconda3/lib/python3.11/site-packages/airflow/example_dags/example_latest_only_with_trigger.py
[2025-05-04T23:23:55.696+0300] {processor.py:830} INFO - Processing file /Users/admin/anaconda3/lib/python3.11/site-packages/airflow/example_dags/example_latest_only_with_trigger.py for tasks to queue
[2025-05-04T23:23:55.696+0300] {logging_mixin.py:188} INFO - [2025-05-04T23:23:55.696+0300] {dagbag.py:540} INFO - Filling up the DagBag from /Users/admin/anaconda3/lib/python3.11/site-packages/airflow/example_dags/example_latest_only_with_trigger.py
[2025-05-04T23:23:55.701+0300] {processor.py:840} INFO - DAG(s) 'latest_only_with_trigger' retrieved from /Users/admin/anaconda3/lib/python3.11/site-packages/airflow/example_dags/example_latest_only_with_trigger.py
[2025-05-04T23:23:55.763+0300] {logging_mixin.py:188} INFO - [2025-05-04T23:23:55.763+0300] {dag.py:3047} INFO - Sync 1 DAGs
[2025-05-04T23:23:55.773+0300] {logging_mixin.py:188} INFO - [2025-05-04T23:23:55.773+0300] {dag.py:3834} INFO - Setting next_dagrun for latest_only_with_trigger to 2025-05-04 16:00:00+00:00, run_after=2025-05-04 20:00:00+00:00
[2025-05-04T23:23:55.783+0300] {processor.py:183} INFO - Processing /Users/admin/anaconda3/lib/python3.11/site-packages/airflow/example_dags/example_latest_only_with_trigger.py took 0.090 seconds
[2025-05-04T23:26:50.240+0300] {processor.py:161} INFO - Started process (PID=21385) to work on /Users/admin/anaconda3/lib/python3.11/site-packages/airflow/example_dags/example_latest_only_with_trigger.py
[2025-05-04T23:26:50.241+0300] {processor.py:830} INFO - Processing file /Users/admin/anaconda3/lib/python3.11/site-packages/airflow/example_dags/example_latest_only_with_trigger.py for tasks to queue
[2025-05-04T23:26:50.242+0300] {logging_mixin.py:188} INFO - [2025-05-04T23:26:50.242+0300] {dagbag.py:540} INFO - Filling up the DagBag from /Users/admin/anaconda3/lib/python3.11/site-packages/airflow/example_dags/example_latest_only_with_trigger.py
[2025-05-04T23:26:50.247+0300] {processor.py:840} INFO - DAG(s) 'latest_only_with_trigger' retrieved from /Users/admin/anaconda3/lib/python3.11/site-packages/airflow/example_dags/example_latest_only_with_trigger.py
[2025-05-04T23:26:50.309+0300] {logging_mixin.py:188} INFO - [2025-05-04T23:26:50.309+0300] {dag.py:3047} INFO - Sync 1 DAGs
[2025-05-04T23:26:50.319+0300] {logging_mixin.py:188} INFO - [2025-05-04T23:26:50.319+0300] {dag.py:3834} INFO - Setting next_dagrun for latest_only_with_trigger to 2025-05-04 16:00:00+00:00, run_after=2025-05-04 20:00:00+00:00
[2025-05-04T23:26:50.329+0300] {processor.py:183} INFO - Processing /Users/admin/anaconda3/lib/python3.11/site-packages/airflow/example_dags/example_latest_only_with_trigger.py took 0.089 seconds
[2025-05-04T23:29:47.297+0300] {processor.py:161} INFO - Started process (PID=22230) to work on /Users/admin/anaconda3/lib/python3.11/site-packages/airflow/example_dags/example_latest_only_with_trigger.py
[2025-05-04T23:29:47.298+0300] {processor.py:830} INFO - Processing file /Users/admin/anaconda3/lib/python3.11/site-packages/airflow/example_dags/example_latest_only_with_trigger.py for tasks to queue
[2025-05-04T23:29:47.298+0300] {logging_mixin.py:188} INFO - [2025-05-04T23:29:47.298+0300] {dagbag.py:540} INFO - Filling up the DagBag from /Users/admin/anaconda3/lib/python3.11/site-packages/airflow/example_dags/example_latest_only_with_trigger.py
[2025-05-04T23:29:47.307+0300] {processor.py:840} INFO - DAG(s) 'latest_only_with_trigger' retrieved from /Users/admin/anaconda3/lib/python3.11/site-packages/airflow/example_dags/example_latest_only_with_trigger.py
[2025-05-04T23:29:47.368+0300] {logging_mixin.py:188} INFO - [2025-05-04T23:29:47.368+0300] {dag.py:3047} INFO - Sync 1 DAGs
[2025-05-04T23:29:47.378+0300] {logging_mixin.py:188} INFO - [2025-05-04T23:29:47.378+0300] {dag.py:3834} INFO - Setting next_dagrun for latest_only_with_trigger to 2025-05-04 16:00:00+00:00, run_after=2025-05-04 20:00:00+00:00
[2025-05-04T23:29:47.388+0300] {processor.py:183} INFO - Processing /Users/admin/anaconda3/lib/python3.11/site-packages/airflow/example_dags/example_latest_only_with_trigger.py took 0.092 seconds
[2025-05-04T23:32:44.046+0300] {processor.py:161} INFO - Started process (PID=23064) to work on /Users/admin/anaconda3/lib/python3.11/site-packages/airflow/example_dags/example_latest_only_with_trigger.py
[2025-05-04T23:32:44.047+0300] {processor.py:830} INFO - Processing file /Users/admin/anaconda3/lib/python3.11/site-packages/airflow/example_dags/example_latest_only_with_trigger.py for tasks to queue
[2025-05-04T23:32:44.048+0300] {logging_mixin.py:188} INFO - [2025-05-04T23:32:44.048+0300] {dagbag.py:540} INFO - Filling up the DagBag from /Users/admin/anaconda3/lib/python3.11/site-packages/airflow/example_dags/example_latest_only_with_trigger.py
[2025-05-04T23:32:44.054+0300] {processor.py:840} INFO - DAG(s) 'latest_only_with_trigger' retrieved from /Users/admin/anaconda3/lib/python3.11/site-packages/airflow/example_dags/example_latest_only_with_trigger.py
[2025-05-04T23:32:44.115+0300] {logging_mixin.py:188} INFO - [2025-05-04T23:32:44.114+0300] {dag.py:3047} INFO - Sync 1 DAGs
[2025-05-04T23:32:44.124+0300] {logging_mixin.py:188} INFO - [2025-05-04T23:32:44.124+0300] {dag.py:3834} INFO - Setting next_dagrun for latest_only_with_trigger to 2025-05-04 16:00:00+00:00, run_after=2025-05-04 20:00:00+00:00
[2025-05-04T23:32:44.134+0300] {processor.py:183} INFO - Processing /Users/admin/anaconda3/lib/python3.11/site-packages/airflow/example_dags/example_latest_only_with_trigger.py took 0.089 seconds
[2025-05-04T23:35:46.887+0300] {processor.py:161} INFO - Started process (PID=23938) to work on /Users/admin/anaconda3/lib/python3.11/site-packages/airflow/example_dags/example_latest_only_with_trigger.py
[2025-05-04T23:35:46.888+0300] {processor.py:830} INFO - Processing file /Users/admin/anaconda3/lib/python3.11/site-packages/airflow/example_dags/example_latest_only_with_trigger.py for tasks to queue
[2025-05-04T23:35:46.889+0300] {logging_mixin.py:188} INFO - [2025-05-04T23:35:46.888+0300] {dagbag.py:540} INFO - Filling up the DagBag from /Users/admin/anaconda3/lib/python3.11/site-packages/airflow/example_dags/example_latest_only_with_trigger.py
[2025-05-04T23:35:46.894+0300] {processor.py:840} INFO - DAG(s) 'latest_only_with_trigger' retrieved from /Users/admin/anaconda3/lib/python3.11/site-packages/airflow/example_dags/example_latest_only_with_trigger.py
[2025-05-04T23:35:46.956+0300] {logging_mixin.py:188} INFO - [2025-05-04T23:35:46.955+0300] {dag.py:3047} INFO - Sync 1 DAGs
[2025-05-04T23:35:46.966+0300] {logging_mixin.py:188} INFO - [2025-05-04T23:35:46.966+0300] {dag.py:3834} INFO - Setting next_dagrun for latest_only_with_trigger to 2025-05-04 16:00:00+00:00, run_after=2025-05-04 20:00:00+00:00
[2025-05-04T23:35:46.976+0300] {processor.py:183} INFO - Processing /Users/admin/anaconda3/lib/python3.11/site-packages/airflow/example_dags/example_latest_only_with_trigger.py took 0.090 seconds
[2025-05-04T23:38:47.085+0300] {processor.py:161} INFO - Started process (PID=24793) to work on /Users/admin/anaconda3/lib/python3.11/site-packages/airflow/example_dags/example_latest_only_with_trigger.py
[2025-05-04T23:38:47.085+0300] {processor.py:830} INFO - Processing file /Users/admin/anaconda3/lib/python3.11/site-packages/airflow/example_dags/example_latest_only_with_trigger.py for tasks to queue
[2025-05-04T23:38:47.086+0300] {logging_mixin.py:188} INFO - [2025-05-04T23:38:47.086+0300] {dagbag.py:540} INFO - Filling up the DagBag from /Users/admin/anaconda3/lib/python3.11/site-packages/airflow/example_dags/example_latest_only_with_trigger.py
[2025-05-04T23:38:47.092+0300] {processor.py:840} INFO - DAG(s) 'latest_only_with_trigger' retrieved from /Users/admin/anaconda3/lib/python3.11/site-packages/airflow/example_dags/example_latest_only_with_trigger.py
[2025-05-04T23:38:47.153+0300] {logging_mixin.py:188} INFO - [2025-05-04T23:38:47.153+0300] {dag.py:3047} INFO - Sync 1 DAGs
[2025-05-04T23:38:47.163+0300] {logging_mixin.py:188} INFO - [2025-05-04T23:38:47.163+0300] {dag.py:3834} INFO - Setting next_dagrun for latest_only_with_trigger to 2025-05-04 16:00:00+00:00, run_after=2025-05-04 20:00:00+00:00
[2025-05-04T23:38:47.173+0300] {processor.py:183} INFO - Processing /Users/admin/anaconda3/lib/python3.11/site-packages/airflow/example_dags/example_latest_only_with_trigger.py took 0.089 seconds
[2025-05-04T23:42:05.711+0300] {processor.py:161} INFO - Started process (PID=25721) to work on /Users/admin/anaconda3/lib/python3.11/site-packages/airflow/example_dags/example_latest_only_with_trigger.py
[2025-05-04T23:42:05.712+0300] {processor.py:830} INFO - Processing file /Users/admin/anaconda3/lib/python3.11/site-packages/airflow/example_dags/example_latest_only_with_trigger.py for tasks to queue
[2025-05-04T23:42:05.713+0300] {logging_mixin.py:188} INFO - [2025-05-04T23:42:05.712+0300] {dagbag.py:540} INFO - Filling up the DagBag from /Users/admin/anaconda3/lib/python3.11/site-packages/airflow/example_dags/example_latest_only_with_trigger.py
[2025-05-04T23:42:05.719+0300] {processor.py:840} INFO - DAG(s) 'latest_only_with_trigger' retrieved from /Users/admin/anaconda3/lib/python3.11/site-packages/airflow/example_dags/example_latest_only_with_trigger.py
[2025-05-04T23:42:05.787+0300] {logging_mixin.py:188} INFO - [2025-05-04T23:42:05.787+0300] {dag.py:3047} INFO - Sync 1 DAGs
[2025-05-04T23:42:05.797+0300] {logging_mixin.py:188} INFO - [2025-05-04T23:42:05.797+0300] {dag.py:3834} INFO - Setting next_dagrun for latest_only_with_trigger to 2025-05-04 16:00:00+00:00, run_after=2025-05-04 20:00:00+00:00
[2025-05-04T23:42:05.809+0300] {processor.py:183} INFO - Processing /Users/admin/anaconda3/lib/python3.11/site-packages/airflow/example_dags/example_latest_only_with_trigger.py took 0.099 seconds
[2025-05-04T23:45:26.020+0300] {processor.py:161} INFO - Started process (PID=26648) to work on /Users/admin/anaconda3/lib/python3.11/site-packages/airflow/example_dags/example_latest_only_with_trigger.py
[2025-05-04T23:45:26.021+0300] {processor.py:830} INFO - Processing file /Users/admin/anaconda3/lib/python3.11/site-packages/airflow/example_dags/example_latest_only_with_trigger.py for tasks to queue
[2025-05-04T23:45:26.021+0300] {logging_mixin.py:188} INFO - [2025-05-04T23:45:26.021+0300] {dagbag.py:540} INFO - Filling up the DagBag from /Users/admin/anaconda3/lib/python3.11/site-packages/airflow/example_dags/example_latest_only_with_trigger.py
[2025-05-04T23:45:26.027+0300] {processor.py:840} INFO - DAG(s) 'latest_only_with_trigger' retrieved from /Users/admin/anaconda3/lib/python3.11/site-packages/airflow/example_dags/example_latest_only_with_trigger.py
[2025-05-04T23:45:26.088+0300] {logging_mixin.py:188} INFO - [2025-05-04T23:45:26.088+0300] {dag.py:3047} INFO - Sync 1 DAGs
[2025-05-04T23:45:26.097+0300] {logging_mixin.py:188} INFO - [2025-05-04T23:45:26.097+0300] {dag.py:3834} INFO - Setting next_dagrun for latest_only_with_trigger to 2025-05-04 16:00:00+00:00, run_after=2025-05-04 20:00:00+00:00
[2025-05-04T23:45:26.107+0300] {processor.py:183} INFO - Processing /Users/admin/anaconda3/lib/python3.11/site-packages/airflow/example_dags/example_latest_only_with_trigger.py took 0.088 seconds
[2025-05-04T23:48:22.711+0300] {processor.py:161} INFO - Started process (PID=27473) to work on /Users/admin/anaconda3/lib/python3.11/site-packages/airflow/example_dags/example_latest_only_with_trigger.py
[2025-05-04T23:48:22.712+0300] {processor.py:830} INFO - Processing file /Users/admin/anaconda3/lib/python3.11/site-packages/airflow/example_dags/example_latest_only_with_trigger.py for tasks to queue
[2025-05-04T23:48:22.712+0300] {logging_mixin.py:188} INFO - [2025-05-04T23:48:22.712+0300] {dagbag.py:540} INFO - Filling up the DagBag from /Users/admin/anaconda3/lib/python3.11/site-packages/airflow/example_dags/example_latest_only_with_trigger.py
[2025-05-04T23:48:22.718+0300] {processor.py:840} INFO - DAG(s) 'latest_only_with_trigger' retrieved from /Users/admin/anaconda3/lib/python3.11/site-packages/airflow/example_dags/example_latest_only_with_trigger.py
[2025-05-04T23:48:22.779+0300] {logging_mixin.py:188} INFO - [2025-05-04T23:48:22.779+0300] {dag.py:3047} INFO - Sync 1 DAGs
[2025-05-04T23:48:22.789+0300] {logging_mixin.py:188} INFO - [2025-05-04T23:48:22.789+0300] {dag.py:3834} INFO - Setting next_dagrun for latest_only_with_trigger to 2025-05-04 16:00:00+00:00, run_after=2025-05-04 20:00:00+00:00
[2025-05-04T23:48:22.799+0300] {processor.py:183} INFO - Processing /Users/admin/anaconda3/lib/python3.11/site-packages/airflow/example_dags/example_latest_only_with_trigger.py took 0.089 seconds
[2025-05-04T23:51:22.652+0300] {processor.py:161} INFO - Started process (PID=28308) to work on /Users/admin/anaconda3/lib/python3.11/site-packages/airflow/example_dags/example_latest_only_with_trigger.py
[2025-05-04T23:51:22.654+0300] {processor.py:830} INFO - Processing file /Users/admin/anaconda3/lib/python3.11/site-packages/airflow/example_dags/example_latest_only_with_trigger.py for tasks to queue
[2025-05-04T23:51:22.654+0300] {logging_mixin.py:188} INFO - [2025-05-04T23:51:22.654+0300] {dagbag.py:540} INFO - Filling up the DagBag from /Users/admin/anaconda3/lib/python3.11/site-packages/airflow/example_dags/example_latest_only_with_trigger.py
[2025-05-04T23:51:22.660+0300] {processor.py:840} INFO - DAG(s) 'latest_only_with_trigger' retrieved from /Users/admin/anaconda3/lib/python3.11/site-packages/airflow/example_dags/example_latest_only_with_trigger.py
[2025-05-04T23:51:22.721+0300] {logging_mixin.py:188} INFO - [2025-05-04T23:51:22.720+0300] {dag.py:3047} INFO - Sync 1 DAGs
[2025-05-04T23:51:22.730+0300] {logging_mixin.py:188} INFO - [2025-05-04T23:51:22.730+0300] {dag.py:3834} INFO - Setting next_dagrun for latest_only_with_trigger to 2025-05-04 16:00:00+00:00, run_after=2025-05-04 20:00:00+00:00
[2025-05-04T23:51:22.740+0300] {processor.py:183} INFO - Processing /Users/admin/anaconda3/lib/python3.11/site-packages/airflow/example_dags/example_latest_only_with_trigger.py took 0.088 seconds
[2025-05-04T23:59:01.218+0300] {processor.py:161} INFO - Started process (PID=29257) to work on /Users/admin/anaconda3/lib/python3.11/site-packages/airflow/example_dags/example_latest_only_with_trigger.py
[2025-05-04T23:59:01.219+0300] {processor.py:830} INFO - Processing file /Users/admin/anaconda3/lib/python3.11/site-packages/airflow/example_dags/example_latest_only_with_trigger.py for tasks to queue
[2025-05-04T23:59:01.219+0300] {logging_mixin.py:188} INFO - [2025-05-04T23:59:01.219+0300] {dagbag.py:540} INFO - Filling up the DagBag from /Users/admin/anaconda3/lib/python3.11/site-packages/airflow/example_dags/example_latest_only_with_trigger.py
[2025-05-04T23:59:01.225+0300] {processor.py:840} INFO - DAG(s) 'latest_only_with_trigger' retrieved from /Users/admin/anaconda3/lib/python3.11/site-packages/airflow/example_dags/example_latest_only_with_trigger.py
[2025-05-04T23:59:01.287+0300] {logging_mixin.py:188} INFO - [2025-05-04T23:59:01.287+0300] {dag.py:3047} INFO - Sync 1 DAGs
[2025-05-04T23:59:01.296+0300] {logging_mixin.py:188} INFO - [2025-05-04T23:59:01.296+0300] {dag.py:3834} INFO - Setting next_dagrun for latest_only_with_trigger to 2025-05-04 16:00:00+00:00, run_after=2025-05-04 20:00:00+00:00
[2025-05-04T23:59:01.306+0300] {processor.py:183} INFO - Processing /Users/admin/anaconda3/lib/python3.11/site-packages/airflow/example_dags/example_latest_only_with_trigger.py took 0.089 seconds
