[2025-05-04T22:11:13.457+0300] {processor.py:161} INFO - Started process (PID=14200) to work on /Users/admin/anaconda3/lib/python3.11/site-packages/airflow/example_dags/example_sla_dag.py
[2025-05-04T22:11:13.458+0300] {processor.py:830} INFO - Processing file /Users/admin/anaconda3/lib/python3.11/site-packages/airflow/example_dags/example_sla_dag.py for tasks to queue
[2025-05-04T22:11:13.458+0300] {logging_mixin.py:188} INFO - [2025-05-04T22:11:13.458+0300] {dagbag.py:540} INFO - Filling up the DagBag from /Users/admin/anaconda3/lib/python3.11/site-packages/airflow/example_dags/example_sla_dag.py
[2025-05-04T22:11:13.481+0300] {processor.py:840} INFO - DAG(s) 'example_sla_dag' retrieved from /Users/admin/anaconda3/lib/python3.11/site-packages/airflow/example_dags/example_sla_dag.py
[2025-05-04T22:11:13.592+0300] {logging_mixin.py:188} INFO - [2025-05-04T22:11:13.592+0300] {dag.py:3047} INFO - Sync 1 DAGs
[2025-05-04T22:11:13.603+0300] {logging_mixin.py:188} INFO - [2025-05-04T22:11:13.603+0300] {dag.py:3834} INFO - Setting next_dagrun for example_sla_dag to 2025-05-04 19:08:00+00:00, run_after=2025-05-04 19:10:00+00:00
[2025-05-04T22:11:13.613+0300] {processor.py:183} INFO - Processing /Users/admin/anaconda3/lib/python3.11/site-packages/airflow/example_dags/example_sla_dag.py took 0.157 seconds
[2025-05-04T22:13:08.139+0300] {processor.py:161} INFO - Started process (PID=14735) to work on /Users/admin/anaconda3/lib/python3.11/site-packages/airflow/example_dags/example_sla_dag.py
[2025-05-04T22:13:08.140+0300] {processor.py:830} INFO - Processing file /Users/admin/anaconda3/lib/python3.11/site-packages/airflow/example_dags/example_sla_dag.py for tasks to queue
[2025-05-04T22:13:08.141+0300] {logging_mixin.py:188} INFO - [2025-05-04T22:13:08.140+0300] {dagbag.py:540} INFO - Filling up the DagBag from /Users/admin/anaconda3/lib/python3.11/site-packages/airflow/example_dags/example_sla_dag.py
[2025-05-04T22:13:08.162+0300] {processor.py:840} INFO - DAG(s) 'example_sla_dag' retrieved from /Users/admin/anaconda3/lib/python3.11/site-packages/airflow/example_dags/example_sla_dag.py
[2025-05-04T22:13:08.222+0300] {logging_mixin.py:188} INFO - [2025-05-04T22:13:08.222+0300] {dag.py:3047} INFO - Sync 1 DAGs
[2025-05-04T22:13:08.234+0300] {logging_mixin.py:188} INFO - [2025-05-04T22:13:08.234+0300] {dag.py:3834} INFO - Setting next_dagrun for example_sla_dag to 2025-05-04 19:10:00+00:00, run_after=2025-05-04 19:12:00+00:00
[2025-05-04T22:13:08.244+0300] {processor.py:183} INFO - Processing /Users/admin/anaconda3/lib/python3.11/site-packages/airflow/example_dags/example_sla_dag.py took 0.106 seconds
[2025-05-04T22:14:28.233+0300] {processor.py:161} INFO - Started process (PID=15117) to work on /Users/admin/anaconda3/lib/python3.11/site-packages/airflow/example_dags/example_sla_dag.py
[2025-05-04T22:14:28.235+0300] {processor.py:830} INFO - Processing file /Users/admin/anaconda3/lib/python3.11/site-packages/airflow/example_dags/example_sla_dag.py for tasks to queue
[2025-05-04T22:14:28.235+0300] {logging_mixin.py:188} INFO - [2025-05-04T22:14:28.235+0300] {dagbag.py:540} INFO - Filling up the DagBag from /Users/admin/anaconda3/lib/python3.11/site-packages/airflow/example_dags/example_sla_dag.py
[2025-05-04T22:14:28.257+0300] {processor.py:840} INFO - DAG(s) 'example_sla_dag' retrieved from /Users/admin/anaconda3/lib/python3.11/site-packages/airflow/example_dags/example_sla_dag.py
[2025-05-04T22:14:28.317+0300] {logging_mixin.py:188} INFO - [2025-05-04T22:14:28.317+0300] {dag.py:3047} INFO - Sync 1 DAGs
[2025-05-04T22:14:28.329+0300] {logging_mixin.py:188} INFO - [2025-05-04T22:14:28.328+0300] {dag.py:3834} INFO - Setting next_dagrun for example_sla_dag to 2025-05-04 19:12:00+00:00, run_after=2025-05-04 19:14:00+00:00
[2025-05-04T22:14:28.339+0300] {processor.py:183} INFO - Processing /Users/admin/anaconda3/lib/python3.11/site-packages/airflow/example_dags/example_sla_dag.py took 0.106 seconds
[2025-05-04T22:15:50.575+0300] {processor.py:161} INFO - Started process (PID=15502) to work on /Users/admin/anaconda3/lib/python3.11/site-packages/airflow/example_dags/example_sla_dag.py
[2025-05-04T22:15:50.576+0300] {processor.py:830} INFO - Processing file /Users/admin/anaconda3/lib/python3.11/site-packages/airflow/example_dags/example_sla_dag.py for tasks to queue
[2025-05-04T22:15:50.577+0300] {logging_mixin.py:188} INFO - [2025-05-04T22:15:50.577+0300] {dagbag.py:540} INFO - Filling up the DagBag from /Users/admin/anaconda3/lib/python3.11/site-packages/airflow/example_dags/example_sla_dag.py
[2025-05-04T22:15:50.599+0300] {processor.py:840} INFO - DAG(s) 'example_sla_dag' retrieved from /Users/admin/anaconda3/lib/python3.11/site-packages/airflow/example_dags/example_sla_dag.py
[2025-05-04T22:15:50.658+0300] {logging_mixin.py:188} INFO - [2025-05-04T22:15:50.658+0300] {dag.py:3047} INFO - Sync 1 DAGs
[2025-05-04T22:15:50.671+0300] {logging_mixin.py:188} INFO - [2025-05-04T22:15:50.671+0300] {dag.py:3834} INFO - Setting next_dagrun for example_sla_dag to 2025-05-04 19:12:00+00:00, run_after=2025-05-04 19:14:00+00:00
[2025-05-04T22:15:50.680+0300] {processor.py:183} INFO - Processing /Users/admin/anaconda3/lib/python3.11/site-packages/airflow/example_dags/example_sla_dag.py took 0.106 seconds
[2025-05-04T22:17:15.826+0300] {processor.py:161} INFO - Started process (PID=15917) to work on /Users/admin/anaconda3/lib/python3.11/site-packages/airflow/example_dags/example_sla_dag.py
[2025-05-04T22:17:15.828+0300] {processor.py:830} INFO - Processing file /Users/admin/anaconda3/lib/python3.11/site-packages/airflow/example_dags/example_sla_dag.py for tasks to queue
[2025-05-04T22:17:15.828+0300] {logging_mixin.py:188} INFO - [2025-05-04T22:17:15.828+0300] {dagbag.py:540} INFO - Filling up the DagBag from /Users/admin/anaconda3/lib/python3.11/site-packages/airflow/example_dags/example_sla_dag.py
[2025-05-04T22:17:15.850+0300] {processor.py:840} INFO - DAG(s) 'example_sla_dag' retrieved from /Users/admin/anaconda3/lib/python3.11/site-packages/airflow/example_dags/example_sla_dag.py
[2025-05-04T22:17:15.910+0300] {logging_mixin.py:188} INFO - [2025-05-04T22:17:15.910+0300] {dag.py:3047} INFO - Sync 1 DAGs
[2025-05-04T22:17:15.923+0300] {logging_mixin.py:188} INFO - [2025-05-04T22:17:15.923+0300] {dag.py:3834} INFO - Setting next_dagrun for example_sla_dag to 2025-05-04 19:14:00+00:00, run_after=2025-05-04 19:16:00+00:00
[2025-05-04T22:17:15.933+0300] {processor.py:183} INFO - Processing /Users/admin/anaconda3/lib/python3.11/site-packages/airflow/example_dags/example_sla_dag.py took 0.108 seconds
[2025-05-04T22:25:33.459+0300] {processor.py:161} INFO - Started process (PID=16340) to work on /Users/admin/anaconda3/lib/python3.11/site-packages/airflow/example_dags/example_sla_dag.py
[2025-05-04T22:25:33.460+0300] {processor.py:830} INFO - Processing file /Users/admin/anaconda3/lib/python3.11/site-packages/airflow/example_dags/example_sla_dag.py for tasks to queue
[2025-05-04T22:25:33.460+0300] {logging_mixin.py:188} INFO - [2025-05-04T22:25:33.460+0300] {dagbag.py:540} INFO - Filling up the DagBag from /Users/admin/anaconda3/lib/python3.11/site-packages/airflow/example_dags/example_sla_dag.py
[2025-05-04T22:25:33.484+0300] {processor.py:840} INFO - DAG(s) 'example_sla_dag' retrieved from /Users/admin/anaconda3/lib/python3.11/site-packages/airflow/example_dags/example_sla_dag.py
[2025-05-04T22:25:33.545+0300] {logging_mixin.py:188} INFO - [2025-05-04T22:25:33.544+0300] {dag.py:3047} INFO - Sync 1 DAGs
[2025-05-04T22:25:33.557+0300] {logging_mixin.py:188} INFO - [2025-05-04T22:25:33.557+0300] {dag.py:3834} INFO - Setting next_dagrun for example_sla_dag to 2025-05-04 19:22:00+00:00, run_after=2025-05-04 19:24:00+00:00
[2025-05-04T22:25:33.567+0300] {processor.py:183} INFO - Processing /Users/admin/anaconda3/lib/python3.11/site-packages/airflow/example_dags/example_sla_dag.py took 0.109 seconds
[2025-05-04T22:26:54.960+0300] {processor.py:161} INFO - Started process (PID=16752) to work on /Users/admin/anaconda3/lib/python3.11/site-packages/airflow/example_dags/example_sla_dag.py
[2025-05-04T22:26:54.961+0300] {processor.py:830} INFO - Processing file /Users/admin/anaconda3/lib/python3.11/site-packages/airflow/example_dags/example_sla_dag.py for tasks to queue
[2025-05-04T22:26:54.962+0300] {logging_mixin.py:188} INFO - [2025-05-04T22:26:54.962+0300] {dagbag.py:540} INFO - Filling up the DagBag from /Users/admin/anaconda3/lib/python3.11/site-packages/airflow/example_dags/example_sla_dag.py
[2025-05-04T22:26:54.984+0300] {processor.py:840} INFO - DAG(s) 'example_sla_dag' retrieved from /Users/admin/anaconda3/lib/python3.11/site-packages/airflow/example_dags/example_sla_dag.py
[2025-05-04T22:26:55.044+0300] {logging_mixin.py:188} INFO - [2025-05-04T22:26:55.044+0300] {dag.py:3047} INFO - Sync 1 DAGs
[2025-05-04T22:26:55.056+0300] {logging_mixin.py:188} INFO - [2025-05-04T22:26:55.056+0300] {dag.py:3834} INFO - Setting next_dagrun for example_sla_dag to 2025-05-04 19:24:00+00:00, run_after=2025-05-04 19:26:00+00:00
[2025-05-04T22:26:55.066+0300] {processor.py:183} INFO - Processing /Users/admin/anaconda3/lib/python3.11/site-packages/airflow/example_dags/example_sla_dag.py took 0.107 seconds
[2025-05-04T22:28:18.459+0300] {processor.py:161} INFO - Started process (PID=17145) to work on /Users/admin/anaconda3/lib/python3.11/site-packages/airflow/example_dags/example_sla_dag.py
[2025-05-04T22:28:18.460+0300] {processor.py:830} INFO - Processing file /Users/admin/anaconda3/lib/python3.11/site-packages/airflow/example_dags/example_sla_dag.py for tasks to queue
[2025-05-04T22:28:18.460+0300] {logging_mixin.py:188} INFO - [2025-05-04T22:28:18.460+0300] {dagbag.py:540} INFO - Filling up the DagBag from /Users/admin/anaconda3/lib/python3.11/site-packages/airflow/example_dags/example_sla_dag.py
[2025-05-04T22:28:18.482+0300] {processor.py:840} INFO - DAG(s) 'example_sla_dag' retrieved from /Users/admin/anaconda3/lib/python3.11/site-packages/airflow/example_dags/example_sla_dag.py
[2025-05-04T22:28:18.542+0300] {logging_mixin.py:188} INFO - [2025-05-04T22:28:18.542+0300] {dag.py:3047} INFO - Sync 1 DAGs
[2025-05-04T22:28:18.554+0300] {logging_mixin.py:188} INFO - [2025-05-04T22:28:18.554+0300] {dag.py:3834} INFO - Setting next_dagrun for example_sla_dag to 2025-05-04 19:26:00+00:00, run_after=2025-05-04 19:28:00+00:00
[2025-05-04T22:28:18.565+0300] {processor.py:183} INFO - Processing /Users/admin/anaconda3/lib/python3.11/site-packages/airflow/example_dags/example_sla_dag.py took 0.106 seconds
[2025-05-04T22:29:40.189+0300] {processor.py:161} INFO - Started process (PID=17526) to work on /Users/admin/anaconda3/lib/python3.11/site-packages/airflow/example_dags/example_sla_dag.py
[2025-05-04T22:29:40.190+0300] {processor.py:830} INFO - Processing file /Users/admin/anaconda3/lib/python3.11/site-packages/airflow/example_dags/example_sla_dag.py for tasks to queue
[2025-05-04T22:29:40.190+0300] {logging_mixin.py:188} INFO - [2025-05-04T22:29:40.190+0300] {dagbag.py:540} INFO - Filling up the DagBag from /Users/admin/anaconda3/lib/python3.11/site-packages/airflow/example_dags/example_sla_dag.py
[2025-05-04T22:29:40.213+0300] {processor.py:840} INFO - DAG(s) 'example_sla_dag' retrieved from /Users/admin/anaconda3/lib/python3.11/site-packages/airflow/example_dags/example_sla_dag.py
[2025-05-04T22:29:40.273+0300] {logging_mixin.py:188} INFO - [2025-05-04T22:29:40.273+0300] {dag.py:3047} INFO - Sync 1 DAGs
[2025-05-04T22:29:40.286+0300] {logging_mixin.py:188} INFO - [2025-05-04T22:29:40.286+0300] {dag.py:3834} INFO - Setting next_dagrun for example_sla_dag to 2025-05-04 19:26:00+00:00, run_after=2025-05-04 19:28:00+00:00
[2025-05-04T22:29:40.296+0300] {processor.py:183} INFO - Processing /Users/admin/anaconda3/lib/python3.11/site-packages/airflow/example_dags/example_sla_dag.py took 0.107 seconds
[2025-05-04T22:31:00.787+0300] {processor.py:161} INFO - Started process (PID=17921) to work on /Users/admin/anaconda3/lib/python3.11/site-packages/airflow/example_dags/example_sla_dag.py
[2025-05-04T22:31:00.789+0300] {processor.py:830} INFO - Processing file /Users/admin/anaconda3/lib/python3.11/site-packages/airflow/example_dags/example_sla_dag.py for tasks to queue
[2025-05-04T22:31:00.789+0300] {logging_mixin.py:188} INFO - [2025-05-04T22:31:00.789+0300] {dagbag.py:540} INFO - Filling up the DagBag from /Users/admin/anaconda3/lib/python3.11/site-packages/airflow/example_dags/example_sla_dag.py
[2025-05-04T22:31:00.811+0300] {processor.py:840} INFO - DAG(s) 'example_sla_dag' retrieved from /Users/admin/anaconda3/lib/python3.11/site-packages/airflow/example_dags/example_sla_dag.py
[2025-05-04T22:31:00.871+0300] {logging_mixin.py:188} INFO - [2025-05-04T22:31:00.871+0300] {dag.py:3047} INFO - Sync 1 DAGs
[2025-05-04T22:31:00.883+0300] {logging_mixin.py:188} INFO - [2025-05-04T22:31:00.883+0300] {dag.py:3834} INFO - Setting next_dagrun for example_sla_dag to 2025-05-04 19:28:00+00:00, run_after=2025-05-04 19:30:00+00:00
[2025-05-04T22:31:00.893+0300] {processor.py:183} INFO - Processing /Users/admin/anaconda3/lib/python3.11/site-packages/airflow/example_dags/example_sla_dag.py took 0.106 seconds
[2025-05-04T23:16:18.707+0300] {processor.py:161} INFO - Started process (PID=18409) to work on /Users/admin/anaconda3/lib/python3.11/site-packages/airflow/example_dags/example_sla_dag.py
[2025-05-04T23:16:18.708+0300] {processor.py:830} INFO - Processing file /Users/admin/anaconda3/lib/python3.11/site-packages/airflow/example_dags/example_sla_dag.py for tasks to queue
[2025-05-04T23:16:18.708+0300] {logging_mixin.py:188} INFO - [2025-05-04T23:16:18.708+0300] {dagbag.py:540} INFO - Filling up the DagBag from /Users/admin/anaconda3/lib/python3.11/site-packages/airflow/example_dags/example_sla_dag.py
[2025-05-04T23:16:18.730+0300] {processor.py:840} INFO - DAG(s) 'example_sla_dag' retrieved from /Users/admin/anaconda3/lib/python3.11/site-packages/airflow/example_dags/example_sla_dag.py
[2025-05-04T23:16:18.795+0300] {logging_mixin.py:188} INFO - [2025-05-04T23:16:18.795+0300] {dag.py:3047} INFO - Sync 1 DAGs
[2025-05-04T23:16:18.807+0300] {logging_mixin.py:188} INFO - [2025-05-04T23:16:18.807+0300] {dag.py:3834} INFO - Setting next_dagrun for example_sla_dag to 2025-05-04 20:14:00+00:00, run_after=2025-05-04 20:16:00+00:00
[2025-05-04T23:16:18.817+0300] {processor.py:183} INFO - Processing /Users/admin/anaconda3/lib/python3.11/site-packages/airflow/example_dags/example_sla_dag.py took 0.111 seconds
[2025-05-04T23:17:41.322+0300] {processor.py:161} INFO - Started process (PID=18798) to work on /Users/admin/anaconda3/lib/python3.11/site-packages/airflow/example_dags/example_sla_dag.py
[2025-05-04T23:17:41.323+0300] {processor.py:830} INFO - Processing file /Users/admin/anaconda3/lib/python3.11/site-packages/airflow/example_dags/example_sla_dag.py for tasks to queue
[2025-05-04T23:17:41.323+0300] {logging_mixin.py:188} INFO - [2025-05-04T23:17:41.323+0300] {dagbag.py:540} INFO - Filling up the DagBag from /Users/admin/anaconda3/lib/python3.11/site-packages/airflow/example_dags/example_sla_dag.py
[2025-05-04T23:17:41.345+0300] {processor.py:840} INFO - DAG(s) 'example_sla_dag' retrieved from /Users/admin/anaconda3/lib/python3.11/site-packages/airflow/example_dags/example_sla_dag.py
[2025-05-04T23:17:41.405+0300] {logging_mixin.py:188} INFO - [2025-05-04T23:17:41.405+0300] {dag.py:3047} INFO - Sync 1 DAGs
[2025-05-04T23:17:41.417+0300] {logging_mixin.py:188} INFO - [2025-05-04T23:17:41.417+0300] {dag.py:3834} INFO - Setting next_dagrun for example_sla_dag to 2025-05-04 20:14:00+00:00, run_after=2025-05-04 20:16:00+00:00
[2025-05-04T23:17:41.427+0300] {processor.py:183} INFO - Processing /Users/admin/anaconda3/lib/python3.11/site-packages/airflow/example_dags/example_sla_dag.py took 0.106 seconds
[2025-05-04T23:19:04.966+0300] {processor.py:161} INFO - Started process (PID=19191) to work on /Users/admin/anaconda3/lib/python3.11/site-packages/airflow/example_dags/example_sla_dag.py
[2025-05-04T23:19:04.967+0300] {processor.py:830} INFO - Processing file /Users/admin/anaconda3/lib/python3.11/site-packages/airflow/example_dags/example_sla_dag.py for tasks to queue
[2025-05-04T23:19:04.968+0300] {logging_mixin.py:188} INFO - [2025-05-04T23:19:04.967+0300] {dagbag.py:540} INFO - Filling up the DagBag from /Users/admin/anaconda3/lib/python3.11/site-packages/airflow/example_dags/example_sla_dag.py
[2025-05-04T23:19:04.990+0300] {processor.py:840} INFO - DAG(s) 'example_sla_dag' retrieved from /Users/admin/anaconda3/lib/python3.11/site-packages/airflow/example_dags/example_sla_dag.py
[2025-05-04T23:19:05.050+0300] {logging_mixin.py:188} INFO - [2025-05-04T23:19:05.049+0300] {dag.py:3047} INFO - Sync 1 DAGs
[2025-05-04T23:19:05.062+0300] {logging_mixin.py:188} INFO - [2025-05-04T23:19:05.062+0300] {dag.py:3834} INFO - Setting next_dagrun for example_sla_dag to 2025-05-04 20:16:00+00:00, run_after=2025-05-04 20:18:00+00:00
[2025-05-04T23:19:05.072+0300] {processor.py:183} INFO - Processing /Users/admin/anaconda3/lib/python3.11/site-packages/airflow/example_dags/example_sla_dag.py took 0.107 seconds
[2025-05-04T23:20:25.685+0300] {processor.py:161} INFO - Started process (PID=19567) to work on /Users/admin/anaconda3/lib/python3.11/site-packages/airflow/example_dags/example_sla_dag.py
[2025-05-04T23:20:25.686+0300] {processor.py:830} INFO - Processing file /Users/admin/anaconda3/lib/python3.11/site-packages/airflow/example_dags/example_sla_dag.py for tasks to queue
[2025-05-04T23:20:25.687+0300] {logging_mixin.py:188} INFO - [2025-05-04T23:20:25.686+0300] {dagbag.py:540} INFO - Filling up the DagBag from /Users/admin/anaconda3/lib/python3.11/site-packages/airflow/example_dags/example_sla_dag.py
[2025-05-04T23:20:25.709+0300] {processor.py:840} INFO - DAG(s) 'example_sla_dag' retrieved from /Users/admin/anaconda3/lib/python3.11/site-packages/airflow/example_dags/example_sla_dag.py
[2025-05-04T23:20:25.768+0300] {logging_mixin.py:188} INFO - [2025-05-04T23:20:25.768+0300] {dag.py:3047} INFO - Sync 1 DAGs
[2025-05-04T23:20:25.780+0300] {logging_mixin.py:188} INFO - [2025-05-04T23:20:25.780+0300] {dag.py:3834} INFO - Setting next_dagrun for example_sla_dag to 2025-05-04 20:18:00+00:00, run_after=2025-05-04 20:20:00+00:00
[2025-05-04T23:20:25.792+0300] {processor.py:183} INFO - Processing /Users/admin/anaconda3/lib/python3.11/site-packages/airflow/example_dags/example_sla_dag.py took 0.108 seconds
[2025-05-04T23:21:53.363+0300] {processor.py:161} INFO - Started process (PID=19991) to work on /Users/admin/anaconda3/lib/python3.11/site-packages/airflow/example_dags/example_sla_dag.py
[2025-05-04T23:21:53.364+0300] {processor.py:830} INFO - Processing file /Users/admin/anaconda3/lib/python3.11/site-packages/airflow/example_dags/example_sla_dag.py for tasks to queue
[2025-05-04T23:21:53.365+0300] {logging_mixin.py:188} INFO - [2025-05-04T23:21:53.365+0300] {dagbag.py:540} INFO - Filling up the DagBag from /Users/admin/anaconda3/lib/python3.11/site-packages/airflow/example_dags/example_sla_dag.py
[2025-05-04T23:21:53.386+0300] {processor.py:840} INFO - DAG(s) 'example_sla_dag' retrieved from /Users/admin/anaconda3/lib/python3.11/site-packages/airflow/example_dags/example_sla_dag.py
[2025-05-04T23:21:53.446+0300] {logging_mixin.py:188} INFO - [2025-05-04T23:21:53.445+0300] {dag.py:3047} INFO - Sync 1 DAGs
[2025-05-04T23:21:53.458+0300] {logging_mixin.py:188} INFO - [2025-05-04T23:21:53.458+0300] {dag.py:3834} INFO - Setting next_dagrun for example_sla_dag to 2025-05-04 20:18:00+00:00, run_after=2025-05-04 20:20:00+00:00
[2025-05-04T23:21:53.468+0300] {processor.py:183} INFO - Processing /Users/admin/anaconda3/lib/python3.11/site-packages/airflow/example_dags/example_sla_dag.py took 0.105 seconds
[2025-05-04T23:23:23.779+0300] {processor.py:161} INFO - Started process (PID=20404) to work on /Users/admin/anaconda3/lib/python3.11/site-packages/airflow/example_dags/example_sla_dag.py
[2025-05-04T23:23:23.781+0300] {processor.py:830} INFO - Processing file /Users/admin/anaconda3/lib/python3.11/site-packages/airflow/example_dags/example_sla_dag.py for tasks to queue
[2025-05-04T23:23:23.781+0300] {logging_mixin.py:188} INFO - [2025-05-04T23:23:23.781+0300] {dagbag.py:540} INFO - Filling up the DagBag from /Users/admin/anaconda3/lib/python3.11/site-packages/airflow/example_dags/example_sla_dag.py
[2025-05-04T23:23:23.803+0300] {processor.py:840} INFO - DAG(s) 'example_sla_dag' retrieved from /Users/admin/anaconda3/lib/python3.11/site-packages/airflow/example_dags/example_sla_dag.py
[2025-05-04T23:23:23.862+0300] {logging_mixin.py:188} INFO - [2025-05-04T23:23:23.862+0300] {dag.py:3047} INFO - Sync 1 DAGs
[2025-05-04T23:23:23.875+0300] {logging_mixin.py:188} INFO - [2025-05-04T23:23:23.875+0300] {dag.py:3834} INFO - Setting next_dagrun for example_sla_dag to 2025-05-04 20:20:00+00:00, run_after=2025-05-04 20:22:00+00:00
[2025-05-04T23:23:23.885+0300] {processor.py:183} INFO - Processing /Users/admin/anaconda3/lib/python3.11/site-packages/airflow/example_dags/example_sla_dag.py took 0.106 seconds
[2025-05-04T23:24:50.849+0300] {processor.py:161} INFO - Started process (PID=20817) to work on /Users/admin/anaconda3/lib/python3.11/site-packages/airflow/example_dags/example_sla_dag.py
[2025-05-04T23:24:50.849+0300] {processor.py:830} INFO - Processing file /Users/admin/anaconda3/lib/python3.11/site-packages/airflow/example_dags/example_sla_dag.py for tasks to queue
[2025-05-04T23:24:50.850+0300] {logging_mixin.py:188} INFO - [2025-05-04T23:24:50.850+0300] {dagbag.py:540} INFO - Filling up the DagBag from /Users/admin/anaconda3/lib/python3.11/site-packages/airflow/example_dags/example_sla_dag.py
[2025-05-04T23:24:50.872+0300] {processor.py:840} INFO - DAG(s) 'example_sla_dag' retrieved from /Users/admin/anaconda3/lib/python3.11/site-packages/airflow/example_dags/example_sla_dag.py
[2025-05-04T23:24:50.932+0300] {logging_mixin.py:188} INFO - [2025-05-04T23:24:50.932+0300] {dag.py:3047} INFO - Sync 1 DAGs
[2025-05-04T23:24:50.944+0300] {logging_mixin.py:188} INFO - [2025-05-04T23:24:50.944+0300] {dag.py:3834} INFO - Setting next_dagrun for example_sla_dag to 2025-05-04 20:22:00+00:00, run_after=2025-05-04 20:24:00+00:00
[2025-05-04T23:24:50.954+0300] {processor.py:183} INFO - Processing /Users/admin/anaconda3/lib/python3.11/site-packages/airflow/example_dags/example_sla_dag.py took 0.106 seconds
[2025-05-04T23:26:18.121+0300] {processor.py:161} INFO - Started process (PID=21226) to work on /Users/admin/anaconda3/lib/python3.11/site-packages/airflow/example_dags/example_sla_dag.py
[2025-05-04T23:26:18.122+0300] {processor.py:830} INFO - Processing file /Users/admin/anaconda3/lib/python3.11/site-packages/airflow/example_dags/example_sla_dag.py for tasks to queue
[2025-05-04T23:26:18.123+0300] {logging_mixin.py:188} INFO - [2025-05-04T23:26:18.122+0300] {dagbag.py:540} INFO - Filling up the DagBag from /Users/admin/anaconda3/lib/python3.11/site-packages/airflow/example_dags/example_sla_dag.py
[2025-05-04T23:26:18.146+0300] {processor.py:840} INFO - DAG(s) 'example_sla_dag' retrieved from /Users/admin/anaconda3/lib/python3.11/site-packages/airflow/example_dags/example_sla_dag.py
[2025-05-04T23:26:18.206+0300] {logging_mixin.py:188} INFO - [2025-05-04T23:26:18.206+0300] {dag.py:3047} INFO - Sync 1 DAGs
[2025-05-04T23:26:18.219+0300] {logging_mixin.py:188} INFO - [2025-05-04T23:26:18.218+0300] {dag.py:3834} INFO - Setting next_dagrun for example_sla_dag to 2025-05-04 20:24:00+00:00, run_after=2025-05-04 20:26:00+00:00
[2025-05-04T23:26:18.228+0300] {processor.py:183} INFO - Processing /Users/admin/anaconda3/lib/python3.11/site-packages/airflow/example_dags/example_sla_dag.py took 0.108 seconds
[2025-05-04T23:27:43.349+0300] {processor.py:161} INFO - Started process (PID=21636) to work on /Users/admin/anaconda3/lib/python3.11/site-packages/airflow/example_dags/example_sla_dag.py
[2025-05-04T23:27:43.350+0300] {processor.py:830} INFO - Processing file /Users/admin/anaconda3/lib/python3.11/site-packages/airflow/example_dags/example_sla_dag.py for tasks to queue
[2025-05-04T23:27:43.351+0300] {logging_mixin.py:188} INFO - [2025-05-04T23:27:43.351+0300] {dagbag.py:540} INFO - Filling up the DagBag from /Users/admin/anaconda3/lib/python3.11/site-packages/airflow/example_dags/example_sla_dag.py
[2025-05-04T23:27:43.373+0300] {processor.py:840} INFO - DAG(s) 'example_sla_dag' retrieved from /Users/admin/anaconda3/lib/python3.11/site-packages/airflow/example_dags/example_sla_dag.py
[2025-05-04T23:27:43.432+0300] {logging_mixin.py:188} INFO - [2025-05-04T23:27:43.431+0300] {dag.py:3047} INFO - Sync 1 DAGs
[2025-05-04T23:27:43.444+0300] {logging_mixin.py:188} INFO - [2025-05-04T23:27:43.444+0300] {dag.py:3834} INFO - Setting next_dagrun for example_sla_dag to 2025-05-04 20:24:00+00:00, run_after=2025-05-04 20:26:00+00:00
[2025-05-04T23:27:43.454+0300] {processor.py:183} INFO - Processing /Users/admin/anaconda3/lib/python3.11/site-packages/airflow/example_dags/example_sla_dag.py took 0.105 seconds
[2025-05-04T23:29:13.149+0300] {processor.py:161} INFO - Started process (PID=22052) to work on /Users/admin/anaconda3/lib/python3.11/site-packages/airflow/example_dags/example_sla_dag.py
[2025-05-04T23:29:13.151+0300] {processor.py:830} INFO - Processing file /Users/admin/anaconda3/lib/python3.11/site-packages/airflow/example_dags/example_sla_dag.py for tasks to queue
[2025-05-04T23:29:13.151+0300] {logging_mixin.py:188} INFO - [2025-05-04T23:29:13.151+0300] {dagbag.py:540} INFO - Filling up the DagBag from /Users/admin/anaconda3/lib/python3.11/site-packages/airflow/example_dags/example_sla_dag.py
[2025-05-04T23:29:13.173+0300] {processor.py:840} INFO - DAG(s) 'example_sla_dag' retrieved from /Users/admin/anaconda3/lib/python3.11/site-packages/airflow/example_dags/example_sla_dag.py
[2025-05-04T23:29:13.233+0300] {logging_mixin.py:188} INFO - [2025-05-04T23:29:13.232+0300] {dag.py:3047} INFO - Sync 1 DAGs
[2025-05-04T23:29:13.245+0300] {logging_mixin.py:188} INFO - [2025-05-04T23:29:13.245+0300] {dag.py:3834} INFO - Setting next_dagrun for example_sla_dag to 2025-05-04 20:26:00+00:00, run_after=2025-05-04 20:28:00+00:00
[2025-05-04T23:29:13.255+0300] {processor.py:183} INFO - Processing /Users/admin/anaconda3/lib/python3.11/site-packages/airflow/example_dags/example_sla_dag.py took 0.106 seconds
[2025-05-04T23:30:39.813+0300] {processor.py:161} INFO - Started process (PID=22487) to work on /Users/admin/anaconda3/lib/python3.11/site-packages/airflow/example_dags/example_sla_dag.py
[2025-05-04T23:30:39.814+0300] {processor.py:830} INFO - Processing file /Users/admin/anaconda3/lib/python3.11/site-packages/airflow/example_dags/example_sla_dag.py for tasks to queue
[2025-05-04T23:30:39.815+0300] {logging_mixin.py:188} INFO - [2025-05-04T23:30:39.815+0300] {dagbag.py:540} INFO - Filling up the DagBag from /Users/admin/anaconda3/lib/python3.11/site-packages/airflow/example_dags/example_sla_dag.py
[2025-05-04T23:30:39.838+0300] {processor.py:840} INFO - DAG(s) 'example_sla_dag' retrieved from /Users/admin/anaconda3/lib/python3.11/site-packages/airflow/example_dags/example_sla_dag.py
[2025-05-04T23:30:39.898+0300] {logging_mixin.py:188} INFO - [2025-05-04T23:30:39.898+0300] {dag.py:3047} INFO - Sync 1 DAGs
[2025-05-04T23:30:39.910+0300] {logging_mixin.py:188} INFO - [2025-05-04T23:30:39.910+0300] {dag.py:3834} INFO - Setting next_dagrun for example_sla_dag to 2025-05-04 20:28:00+00:00, run_after=2025-05-04 20:30:00+00:00
[2025-05-04T23:30:39.921+0300] {processor.py:183} INFO - Processing /Users/admin/anaconda3/lib/python3.11/site-packages/airflow/example_dags/example_sla_dag.py took 0.108 seconds
[2025-05-04T23:32:12.264+0300] {processor.py:161} INFO - Started process (PID=22913) to work on /Users/admin/anaconda3/lib/python3.11/site-packages/airflow/example_dags/example_sla_dag.py
[2025-05-04T23:32:12.265+0300] {processor.py:830} INFO - Processing file /Users/admin/anaconda3/lib/python3.11/site-packages/airflow/example_dags/example_sla_dag.py for tasks to queue
[2025-05-04T23:32:12.266+0300] {logging_mixin.py:188} INFO - [2025-05-04T23:32:12.265+0300] {dagbag.py:540} INFO - Filling up the DagBag from /Users/admin/anaconda3/lib/python3.11/site-packages/airflow/example_dags/example_sla_dag.py
[2025-05-04T23:32:12.287+0300] {processor.py:840} INFO - DAG(s) 'example_sla_dag' retrieved from /Users/admin/anaconda3/lib/python3.11/site-packages/airflow/example_dags/example_sla_dag.py
[2025-05-04T23:32:12.346+0300] {logging_mixin.py:188} INFO - [2025-05-04T23:32:12.346+0300] {dag.py:3047} INFO - Sync 1 DAGs
[2025-05-04T23:32:12.358+0300] {logging_mixin.py:188} INFO - [2025-05-04T23:32:12.358+0300] {dag.py:3834} INFO - Setting next_dagrun for example_sla_dag to 2025-05-04 20:30:00+00:00, run_after=2025-05-04 20:32:00+00:00
[2025-05-04T23:32:12.368+0300] {processor.py:183} INFO - Processing /Users/admin/anaconda3/lib/python3.11/site-packages/airflow/example_dags/example_sla_dag.py took 0.105 seconds
[2025-05-04T23:33:39.722+0300] {processor.py:161} INFO - Started process (PID=23324) to work on /Users/admin/anaconda3/lib/python3.11/site-packages/airflow/example_dags/example_sla_dag.py
[2025-05-04T23:33:39.724+0300] {processor.py:830} INFO - Processing file /Users/admin/anaconda3/lib/python3.11/site-packages/airflow/example_dags/example_sla_dag.py for tasks to queue
[2025-05-04T23:33:39.724+0300] {logging_mixin.py:188} INFO - [2025-05-04T23:33:39.724+0300] {dagbag.py:540} INFO - Filling up the DagBag from /Users/admin/anaconda3/lib/python3.11/site-packages/airflow/example_dags/example_sla_dag.py
[2025-05-04T23:33:39.746+0300] {processor.py:840} INFO - DAG(s) 'example_sla_dag' retrieved from /Users/admin/anaconda3/lib/python3.11/site-packages/airflow/example_dags/example_sla_dag.py
[2025-05-04T23:33:39.805+0300] {logging_mixin.py:188} INFO - [2025-05-04T23:33:39.805+0300] {dag.py:3047} INFO - Sync 1 DAGs
[2025-05-04T23:33:39.818+0300] {logging_mixin.py:188} INFO - [2025-05-04T23:33:39.818+0300] {dag.py:3834} INFO - Setting next_dagrun for example_sla_dag to 2025-05-04 20:30:00+00:00, run_after=2025-05-04 20:32:00+00:00
[2025-05-04T23:33:39.828+0300] {processor.py:183} INFO - Processing /Users/admin/anaconda3/lib/python3.11/site-packages/airflow/example_dags/example_sla_dag.py took 0.106 seconds
[2025-05-04T23:35:12.217+0300] {processor.py:161} INFO - Started process (PID=23757) to work on /Users/admin/anaconda3/lib/python3.11/site-packages/airflow/example_dags/example_sla_dag.py
[2025-05-04T23:35:12.218+0300] {processor.py:830} INFO - Processing file /Users/admin/anaconda3/lib/python3.11/site-packages/airflow/example_dags/example_sla_dag.py for tasks to queue
[2025-05-04T23:35:12.218+0300] {logging_mixin.py:188} INFO - [2025-05-04T23:35:12.218+0300] {dagbag.py:540} INFO - Filling up the DagBag from /Users/admin/anaconda3/lib/python3.11/site-packages/airflow/example_dags/example_sla_dag.py
[2025-05-04T23:35:12.241+0300] {processor.py:840} INFO - DAG(s) 'example_sla_dag' retrieved from /Users/admin/anaconda3/lib/python3.11/site-packages/airflow/example_dags/example_sla_dag.py
[2025-05-04T23:35:12.301+0300] {logging_mixin.py:188} INFO - [2025-05-04T23:35:12.300+0300] {dag.py:3047} INFO - Sync 1 DAGs
[2025-05-04T23:35:12.313+0300] {logging_mixin.py:188} INFO - [2025-05-04T23:35:12.313+0300] {dag.py:3834} INFO - Setting next_dagrun for example_sla_dag to 2025-05-04 20:32:00+00:00, run_after=2025-05-04 20:34:00+00:00
[2025-05-04T23:35:12.323+0300] {processor.py:183} INFO - Processing /Users/admin/anaconda3/lib/python3.11/site-packages/airflow/example_dags/example_sla_dag.py took 0.107 seconds
[2025-05-04T23:36:43.038+0300] {processor.py:161} INFO - Started process (PID=24195) to work on /Users/admin/anaconda3/lib/python3.11/site-packages/airflow/example_dags/example_sla_dag.py
[2025-05-04T23:36:43.039+0300] {processor.py:830} INFO - Processing file /Users/admin/anaconda3/lib/python3.11/site-packages/airflow/example_dags/example_sla_dag.py for tasks to queue
[2025-05-04T23:36:43.039+0300] {logging_mixin.py:188} INFO - [2025-05-04T23:36:43.039+0300] {dagbag.py:540} INFO - Filling up the DagBag from /Users/admin/anaconda3/lib/python3.11/site-packages/airflow/example_dags/example_sla_dag.py
[2025-05-04T23:36:43.061+0300] {processor.py:840} INFO - DAG(s) 'example_sla_dag' retrieved from /Users/admin/anaconda3/lib/python3.11/site-packages/airflow/example_dags/example_sla_dag.py
[2025-05-04T23:36:43.121+0300] {logging_mixin.py:188} INFO - [2025-05-04T23:36:43.121+0300] {dag.py:3047} INFO - Sync 1 DAGs
[2025-05-04T23:36:43.133+0300] {logging_mixin.py:188} INFO - [2025-05-04T23:36:43.133+0300] {dag.py:3834} INFO - Setting next_dagrun for example_sla_dag to 2025-05-04 20:34:00+00:00, run_after=2025-05-04 20:36:00+00:00
[2025-05-04T23:36:43.143+0300] {processor.py:183} INFO - Processing /Users/admin/anaconda3/lib/python3.11/site-packages/airflow/example_dags/example_sla_dag.py took 0.106 seconds
[2025-05-04T23:38:12.920+0300] {processor.py:161} INFO - Started process (PID=24634) to work on /Users/admin/anaconda3/lib/python3.11/site-packages/airflow/example_dags/example_sla_dag.py
[2025-05-04T23:38:12.922+0300] {processor.py:830} INFO - Processing file /Users/admin/anaconda3/lib/python3.11/site-packages/airflow/example_dags/example_sla_dag.py for tasks to queue
[2025-05-04T23:38:12.922+0300] {logging_mixin.py:188} INFO - [2025-05-04T23:38:12.922+0300] {dagbag.py:540} INFO - Filling up the DagBag from /Users/admin/anaconda3/lib/python3.11/site-packages/airflow/example_dags/example_sla_dag.py
[2025-05-04T23:38:12.944+0300] {processor.py:840} INFO - DAG(s) 'example_sla_dag' retrieved from /Users/admin/anaconda3/lib/python3.11/site-packages/airflow/example_dags/example_sla_dag.py
[2025-05-04T23:38:13.004+0300] {logging_mixin.py:188} INFO - [2025-05-04T23:38:13.004+0300] {dag.py:3047} INFO - Sync 1 DAGs
[2025-05-04T23:38:13.017+0300] {logging_mixin.py:188} INFO - [2025-05-04T23:38:13.017+0300] {dag.py:3834} INFO - Setting next_dagrun for example_sla_dag to 2025-05-04 20:36:00+00:00, run_after=2025-05-04 20:38:00+00:00
[2025-05-04T23:38:13.027+0300] {processor.py:183} INFO - Processing /Users/admin/anaconda3/lib/python3.11/site-packages/airflow/example_dags/example_sla_dag.py took 0.107 seconds
[2025-05-04T23:39:43.980+0300] {processor.py:161} INFO - Started process (PID=25068) to work on /Users/admin/anaconda3/lib/python3.11/site-packages/airflow/example_dags/example_sla_dag.py
[2025-05-04T23:39:43.981+0300] {processor.py:830} INFO - Processing file /Users/admin/anaconda3/lib/python3.11/site-packages/airflow/example_dags/example_sla_dag.py for tasks to queue
[2025-05-04T23:39:43.981+0300] {logging_mixin.py:188} INFO - [2025-05-04T23:39:43.981+0300] {dagbag.py:540} INFO - Filling up the DagBag from /Users/admin/anaconda3/lib/python3.11/site-packages/airflow/example_dags/example_sla_dag.py
[2025-05-04T23:39:44.004+0300] {processor.py:840} INFO - DAG(s) 'example_sla_dag' retrieved from /Users/admin/anaconda3/lib/python3.11/site-packages/airflow/example_dags/example_sla_dag.py
[2025-05-04T23:39:44.067+0300] {logging_mixin.py:188} INFO - [2025-05-04T23:39:44.067+0300] {dag.py:3047} INFO - Sync 1 DAGs
[2025-05-04T23:39:44.081+0300] {logging_mixin.py:188} INFO - [2025-05-04T23:39:44.080+0300] {dag.py:3834} INFO - Setting next_dagrun for example_sla_dag to 2025-05-04 20:36:00+00:00, run_after=2025-05-04 20:38:00+00:00
[2025-05-04T23:39:44.091+0300] {processor.py:183} INFO - Processing /Users/admin/anaconda3/lib/python3.11/site-packages/airflow/example_dags/example_sla_dag.py took 0.112 seconds
[2025-05-04T23:41:28.844+0300] {processor.py:161} INFO - Started process (PID=25547) to work on /Users/admin/anaconda3/lib/python3.11/site-packages/airflow/example_dags/example_sla_dag.py
[2025-05-04T23:41:28.846+0300] {processor.py:830} INFO - Processing file /Users/admin/anaconda3/lib/python3.11/site-packages/airflow/example_dags/example_sla_dag.py for tasks to queue
[2025-05-04T23:41:28.846+0300] {logging_mixin.py:188} INFO - [2025-05-04T23:41:28.846+0300] {dagbag.py:540} INFO - Filling up the DagBag from /Users/admin/anaconda3/lib/python3.11/site-packages/airflow/example_dags/example_sla_dag.py
[2025-05-04T23:41:28.869+0300] {processor.py:840} INFO - DAG(s) 'example_sla_dag' retrieved from /Users/admin/anaconda3/lib/python3.11/site-packages/airflow/example_dags/example_sla_dag.py
[2025-05-04T23:41:28.937+0300] {logging_mixin.py:188} INFO - [2025-05-04T23:41:28.937+0300] {dag.py:3047} INFO - Sync 1 DAGs
[2025-05-04T23:41:28.954+0300] {logging_mixin.py:188} INFO - [2025-05-04T23:41:28.953+0300] {dag.py:3834} INFO - Setting next_dagrun for example_sla_dag to 2025-05-04 20:38:00+00:00, run_after=2025-05-04 20:40:00+00:00
[2025-05-04T23:41:28.969+0300] {processor.py:183} INFO - Processing /Users/admin/anaconda3/lib/python3.11/site-packages/airflow/example_dags/example_sla_dag.py took 0.125 seconds
[2025-05-04T23:43:13.717+0300] {processor.py:161} INFO - Started process (PID=26028) to work on /Users/admin/anaconda3/lib/python3.11/site-packages/airflow/example_dags/example_sla_dag.py
[2025-05-04T23:43:13.719+0300] {processor.py:830} INFO - Processing file /Users/admin/anaconda3/lib/python3.11/site-packages/airflow/example_dags/example_sla_dag.py for tasks to queue
[2025-05-04T23:43:13.719+0300] {logging_mixin.py:188} INFO - [2025-05-04T23:43:13.719+0300] {dagbag.py:540} INFO - Filling up the DagBag from /Users/admin/anaconda3/lib/python3.11/site-packages/airflow/example_dags/example_sla_dag.py
[2025-05-04T23:43:13.753+0300] {processor.py:840} INFO - DAG(s) 'example_sla_dag' retrieved from /Users/admin/anaconda3/lib/python3.11/site-packages/airflow/example_dags/example_sla_dag.py
[2025-05-04T23:43:13.846+0300] {logging_mixin.py:188} INFO - [2025-05-04T23:43:13.845+0300] {dag.py:3047} INFO - Sync 1 DAGs
[2025-05-04T23:43:13.862+0300] {logging_mixin.py:188} INFO - [2025-05-04T23:43:13.862+0300] {dag.py:3834} INFO - Setting next_dagrun for example_sla_dag to 2025-05-04 20:40:00+00:00, run_after=2025-05-04 20:42:00+00:00
[2025-05-04T23:43:13.877+0300] {processor.py:183} INFO - Processing /Users/admin/anaconda3/lib/python3.11/site-packages/airflow/example_dags/example_sla_dag.py took 0.163 seconds
[2025-05-04T23:44:53.081+0300] {processor.py:161} INFO - Started process (PID=26491) to work on /Users/admin/anaconda3/lib/python3.11/site-packages/airflow/example_dags/example_sla_dag.py
[2025-05-04T23:44:53.082+0300] {processor.py:830} INFO - Processing file /Users/admin/anaconda3/lib/python3.11/site-packages/airflow/example_dags/example_sla_dag.py for tasks to queue
[2025-05-04T23:44:53.083+0300] {logging_mixin.py:188} INFO - [2025-05-04T23:44:53.082+0300] {dagbag.py:540} INFO - Filling up the DagBag from /Users/admin/anaconda3/lib/python3.11/site-packages/airflow/example_dags/example_sla_dag.py
[2025-05-04T23:44:53.108+0300] {processor.py:840} INFO - DAG(s) 'example_sla_dag' retrieved from /Users/admin/anaconda3/lib/python3.11/site-packages/airflow/example_dags/example_sla_dag.py
[2025-05-04T23:44:53.171+0300] {logging_mixin.py:188} INFO - [2025-05-04T23:44:53.170+0300] {dag.py:3047} INFO - Sync 1 DAGs
[2025-05-04T23:44:53.184+0300] {logging_mixin.py:188} INFO - [2025-05-04T23:44:53.184+0300] {dag.py:3834} INFO - Setting next_dagrun for example_sla_dag to 2025-05-04 20:42:00+00:00, run_after=2025-05-04 20:44:00+00:00
[2025-05-04T23:44:53.195+0300] {processor.py:183} INFO - Processing /Users/admin/anaconda3/lib/python3.11/site-packages/airflow/example_dags/example_sla_dag.py took 0.115 seconds
[2025-05-04T23:46:28.289+0300] {processor.py:161} INFO - Started process (PID=26937) to work on /Users/admin/anaconda3/lib/python3.11/site-packages/airflow/example_dags/example_sla_dag.py
[2025-05-04T23:46:28.290+0300] {processor.py:830} INFO - Processing file /Users/admin/anaconda3/lib/python3.11/site-packages/airflow/example_dags/example_sla_dag.py for tasks to queue
[2025-05-04T23:46:28.291+0300] {logging_mixin.py:188} INFO - [2025-05-04T23:46:28.291+0300] {dagbag.py:540} INFO - Filling up the DagBag from /Users/admin/anaconda3/lib/python3.11/site-packages/airflow/example_dags/example_sla_dag.py
[2025-05-04T23:46:28.312+0300] {processor.py:840} INFO - DAG(s) 'example_sla_dag' retrieved from /Users/admin/anaconda3/lib/python3.11/site-packages/airflow/example_dags/example_sla_dag.py
[2025-05-04T23:46:28.378+0300] {logging_mixin.py:188} INFO - [2025-05-04T23:46:28.378+0300] {dag.py:3047} INFO - Sync 1 DAGs
[2025-05-04T23:46:28.391+0300] {logging_mixin.py:188} INFO - [2025-05-04T23:46:28.391+0300] {dag.py:3834} INFO - Setting next_dagrun for example_sla_dag to 2025-05-04 20:44:00+00:00, run_after=2025-05-04 20:46:00+00:00
[2025-05-04T23:46:28.401+0300] {processor.py:183} INFO - Processing /Users/admin/anaconda3/lib/python3.11/site-packages/airflow/example_dags/example_sla_dag.py took 0.112 seconds
[2025-05-04T23:47:56.749+0300] {processor.py:161} INFO - Started process (PID=27351) to work on /Users/admin/anaconda3/lib/python3.11/site-packages/airflow/example_dags/example_sla_dag.py
[2025-05-04T23:47:56.750+0300] {processor.py:830} INFO - Processing file /Users/admin/anaconda3/lib/python3.11/site-packages/airflow/example_dags/example_sla_dag.py for tasks to queue
[2025-05-04T23:47:56.751+0300] {logging_mixin.py:188} INFO - [2025-05-04T23:47:56.751+0300] {dagbag.py:540} INFO - Filling up the DagBag from /Users/admin/anaconda3/lib/python3.11/site-packages/airflow/example_dags/example_sla_dag.py
[2025-05-04T23:47:56.773+0300] {processor.py:840} INFO - DAG(s) 'example_sla_dag' retrieved from /Users/admin/anaconda3/lib/python3.11/site-packages/airflow/example_dags/example_sla_dag.py
[2025-05-04T23:47:56.832+0300] {logging_mixin.py:188} INFO - [2025-05-04T23:47:56.832+0300] {dag.py:3047} INFO - Sync 1 DAGs
[2025-05-04T23:47:56.844+0300] {logging_mixin.py:188} INFO - [2025-05-04T23:47:56.844+0300] {dag.py:3834} INFO - Setting next_dagrun for example_sla_dag to 2025-05-04 20:44:00+00:00, run_after=2025-05-04 20:46:00+00:00
[2025-05-04T23:47:56.854+0300] {processor.py:183} INFO - Processing /Users/admin/anaconda3/lib/python3.11/site-packages/airflow/example_dags/example_sla_dag.py took 0.105 seconds
[2025-05-04T23:49:27.146+0300] {processor.py:161} INFO - Started process (PID=27772) to work on /Users/admin/anaconda3/lib/python3.11/site-packages/airflow/example_dags/example_sla_dag.py
[2025-05-04T23:49:27.147+0300] {processor.py:830} INFO - Processing file /Users/admin/anaconda3/lib/python3.11/site-packages/airflow/example_dags/example_sla_dag.py for tasks to queue
[2025-05-04T23:49:27.148+0300] {logging_mixin.py:188} INFO - [2025-05-04T23:49:27.148+0300] {dagbag.py:540} INFO - Filling up the DagBag from /Users/admin/anaconda3/lib/python3.11/site-packages/airflow/example_dags/example_sla_dag.py
[2025-05-04T23:49:27.170+0300] {processor.py:840} INFO - DAG(s) 'example_sla_dag' retrieved from /Users/admin/anaconda3/lib/python3.11/site-packages/airflow/example_dags/example_sla_dag.py
[2025-05-04T23:49:27.229+0300] {logging_mixin.py:188} INFO - [2025-05-04T23:49:27.228+0300] {dag.py:3047} INFO - Sync 1 DAGs
[2025-05-04T23:49:27.241+0300] {logging_mixin.py:188} INFO - [2025-05-04T23:49:27.241+0300] {dag.py:3834} INFO - Setting next_dagrun for example_sla_dag to 2025-05-04 20:46:00+00:00, run_after=2025-05-04 20:48:00+00:00
[2025-05-04T23:49:27.251+0300] {processor.py:183} INFO - Processing /Users/admin/anaconda3/lib/python3.11/site-packages/airflow/example_dags/example_sla_dag.py took 0.105 seconds
[2025-05-04T23:50:55.817+0300] {processor.py:161} INFO - Started process (PID=28191) to work on /Users/admin/anaconda3/lib/python3.11/site-packages/airflow/example_dags/example_sla_dag.py
[2025-05-04T23:50:55.819+0300] {processor.py:830} INFO - Processing file /Users/admin/anaconda3/lib/python3.11/site-packages/airflow/example_dags/example_sla_dag.py for tasks to queue
[2025-05-04T23:50:55.819+0300] {logging_mixin.py:188} INFO - [2025-05-04T23:50:55.819+0300] {dagbag.py:540} INFO - Filling up the DagBag from /Users/admin/anaconda3/lib/python3.11/site-packages/airflow/example_dags/example_sla_dag.py
[2025-05-04T23:50:55.841+0300] {processor.py:840} INFO - DAG(s) 'example_sla_dag' retrieved from /Users/admin/anaconda3/lib/python3.11/site-packages/airflow/example_dags/example_sla_dag.py
[2025-05-04T23:50:55.900+0300] {logging_mixin.py:188} INFO - [2025-05-04T23:50:55.900+0300] {dag.py:3047} INFO - Sync 1 DAGs
[2025-05-04T23:50:55.913+0300] {logging_mixin.py:188} INFO - [2025-05-04T23:50:55.913+0300] {dag.py:3834} INFO - Setting next_dagrun for example_sla_dag to 2025-05-04 20:48:00+00:00, run_after=2025-05-04 20:50:00+00:00
[2025-05-04T23:50:55.923+0300] {processor.py:183} INFO - Processing /Users/admin/anaconda3/lib/python3.11/site-packages/airflow/example_dags/example_sla_dag.py took 0.106 seconds
[2025-05-04T23:52:38.420+0300] {processor.py:161} INFO - Started process (PID=28668) to work on /Users/admin/anaconda3/lib/python3.11/site-packages/airflow/example_dags/example_sla_dag.py
[2025-05-04T23:52:38.422+0300] {processor.py:830} INFO - Processing file /Users/admin/anaconda3/lib/python3.11/site-packages/airflow/example_dags/example_sla_dag.py for tasks to queue
[2025-05-04T23:52:38.422+0300] {logging_mixin.py:188} INFO - [2025-05-04T23:52:38.422+0300] {dagbag.py:540} INFO - Filling up the DagBag from /Users/admin/anaconda3/lib/python3.11/site-packages/airflow/example_dags/example_sla_dag.py
[2025-05-04T23:52:38.444+0300] {processor.py:840} INFO - DAG(s) 'example_sla_dag' retrieved from /Users/admin/anaconda3/lib/python3.11/site-packages/airflow/example_dags/example_sla_dag.py
[2025-05-04T23:52:38.504+0300] {logging_mixin.py:188} INFO - [2025-05-04T23:52:38.503+0300] {dag.py:3047} INFO - Sync 1 DAGs
[2025-05-04T23:52:38.516+0300] {logging_mixin.py:188} INFO - [2025-05-04T23:52:38.516+0300] {dag.py:3834} INFO - Setting next_dagrun for example_sla_dag to 2025-05-04 20:50:00+00:00, run_after=2025-05-04 20:52:00+00:00
[2025-05-04T23:52:38.526+0300] {processor.py:183} INFO - Processing /Users/admin/anaconda3/lib/python3.11/site-packages/airflow/example_dags/example_sla_dag.py took 0.106 seconds
[2025-05-04T23:58:35.247+0300] {processor.py:161} INFO - Started process (PID=29133) to work on /Users/admin/anaconda3/lib/python3.11/site-packages/airflow/example_dags/example_sla_dag.py
[2025-05-04T23:58:35.248+0300] {processor.py:830} INFO - Processing file /Users/admin/anaconda3/lib/python3.11/site-packages/airflow/example_dags/example_sla_dag.py for tasks to queue
[2025-05-04T23:58:35.248+0300] {logging_mixin.py:188} INFO - [2025-05-04T23:58:35.248+0300] {dagbag.py:540} INFO - Filling up the DagBag from /Users/admin/anaconda3/lib/python3.11/site-packages/airflow/example_dags/example_sla_dag.py
[2025-05-04T23:58:35.270+0300] {processor.py:840} INFO - DAG(s) 'example_sla_dag' retrieved from /Users/admin/anaconda3/lib/python3.11/site-packages/airflow/example_dags/example_sla_dag.py
[2025-05-04T23:58:35.329+0300] {logging_mixin.py:188} INFO - [2025-05-04T23:58:35.329+0300] {dag.py:3047} INFO - Sync 1 DAGs
[2025-05-04T23:58:35.341+0300] {logging_mixin.py:188} INFO - [2025-05-04T23:58:35.341+0300] {dag.py:3834} INFO - Setting next_dagrun for example_sla_dag to 2025-05-04 20:56:00+00:00, run_after=2025-05-04 20:58:00+00:00
[2025-05-04T23:58:35.351+0300] {processor.py:183} INFO - Processing /Users/admin/anaconda3/lib/python3.11/site-packages/airflow/example_dags/example_sla_dag.py took 0.105 seconds
