[2025-05-04T22:11:00.213+0300] {processor.py:161} INFO - Started process (PID=14124) to work on /Users/admin/anaconda3/lib/python3.11/site-packages/airflow/example_dags/example_trigger_target_dag.py
[2025-05-04T22:11:00.214+0300] {processor.py:830} INFO - Processing file /Users/admin/anaconda3/lib/python3.11/site-packages/airflow/example_dags/example_trigger_target_dag.py for tasks to queue
[2025-05-04T22:11:00.214+0300] {logging_mixin.py:188} INFO - [2025-05-04T22:11:00.214+0300] {dagbag.py:540} INFO - Filling up the DagBag from /Users/admin/anaconda3/lib/python3.11/site-packages/airflow/example_dags/example_trigger_target_dag.py
[2025-05-04T22:11:00.236+0300] {processor.py:840} INFO - DAG(s) 'example_trigger_target_dag' retrieved from /Users/admin/anaconda3/lib/python3.11/site-packages/airflow/example_dags/example_trigger_target_dag.py
[2025-05-04T22:11:00.347+0300] {logging_mixin.py:188} INFO - [2025-05-04T22:11:00.347+0300] {dag.py:3047} INFO - Sync 1 DAGs
[2025-05-04T22:11:00.352+0300] {logging_mixin.py:188} INFO - [2025-05-04T22:11:00.352+0300] {dag.py:3834} INFO - Setting next_dagrun for example_trigger_target_dag to None, run_after=None
[2025-05-04T22:11:00.363+0300] {processor.py:183} INFO - Processing /Users/admin/anaconda3/lib/python3.11/site-packages/airflow/example_dags/example_trigger_target_dag.py took 0.150 seconds
[2025-05-04T22:12:55.296+0300] {processor.py:161} INFO - Started process (PID=14666) to work on /Users/admin/anaconda3/lib/python3.11/site-packages/airflow/example_dags/example_trigger_target_dag.py
[2025-05-04T22:12:55.297+0300] {processor.py:830} INFO - Processing file /Users/admin/anaconda3/lib/python3.11/site-packages/airflow/example_dags/example_trigger_target_dag.py for tasks to queue
[2025-05-04T22:12:55.297+0300] {logging_mixin.py:188} INFO - [2025-05-04T22:12:55.297+0300] {dagbag.py:540} INFO - Filling up the DagBag from /Users/admin/anaconda3/lib/python3.11/site-packages/airflow/example_dags/example_trigger_target_dag.py
[2025-05-04T22:12:55.319+0300] {processor.py:840} INFO - DAG(s) 'example_trigger_target_dag' retrieved from /Users/admin/anaconda3/lib/python3.11/site-packages/airflow/example_dags/example_trigger_target_dag.py
[2025-05-04T22:12:55.379+0300] {logging_mixin.py:188} INFO - [2025-05-04T22:12:55.378+0300] {dag.py:3047} INFO - Sync 1 DAGs
[2025-05-04T22:12:55.384+0300] {logging_mixin.py:188} INFO - [2025-05-04T22:12:55.384+0300] {dag.py:3834} INFO - Setting next_dagrun for example_trigger_target_dag to None, run_after=None
[2025-05-04T22:12:55.395+0300] {processor.py:183} INFO - Processing /Users/admin/anaconda3/lib/python3.11/site-packages/airflow/example_dags/example_trigger_target_dag.py took 0.099 seconds
[2025-05-04T22:14:16.503+0300] {processor.py:161} INFO - Started process (PID=15065) to work on /Users/admin/anaconda3/lib/python3.11/site-packages/airflow/example_dags/example_trigger_target_dag.py
[2025-05-04T22:14:16.504+0300] {processor.py:830} INFO - Processing file /Users/admin/anaconda3/lib/python3.11/site-packages/airflow/example_dags/example_trigger_target_dag.py for tasks to queue
[2025-05-04T22:14:16.504+0300] {logging_mixin.py:188} INFO - [2025-05-04T22:14:16.504+0300] {dagbag.py:540} INFO - Filling up the DagBag from /Users/admin/anaconda3/lib/python3.11/site-packages/airflow/example_dags/example_trigger_target_dag.py
[2025-05-04T22:14:16.525+0300] {processor.py:840} INFO - DAG(s) 'example_trigger_target_dag' retrieved from /Users/admin/anaconda3/lib/python3.11/site-packages/airflow/example_dags/example_trigger_target_dag.py
[2025-05-04T22:14:16.585+0300] {logging_mixin.py:188} INFO - [2025-05-04T22:14:16.584+0300] {dag.py:3047} INFO - Sync 1 DAGs
[2025-05-04T22:14:16.590+0300] {logging_mixin.py:188} INFO - [2025-05-04T22:14:16.590+0300] {dag.py:3834} INFO - Setting next_dagrun for example_trigger_target_dag to None, run_after=None
[2025-05-04T22:14:16.600+0300] {processor.py:183} INFO - Processing /Users/admin/anaconda3/lib/python3.11/site-packages/airflow/example_dags/example_trigger_target_dag.py took 0.098 seconds
[2025-05-04T22:15:37.463+0300] {processor.py:161} INFO - Started process (PID=15441) to work on /Users/admin/anaconda3/lib/python3.11/site-packages/airflow/example_dags/example_trigger_target_dag.py
[2025-05-04T22:15:37.464+0300] {processor.py:830} INFO - Processing file /Users/admin/anaconda3/lib/python3.11/site-packages/airflow/example_dags/example_trigger_target_dag.py for tasks to queue
[2025-05-04T22:15:37.465+0300] {logging_mixin.py:188} INFO - [2025-05-04T22:15:37.464+0300] {dagbag.py:540} INFO - Filling up the DagBag from /Users/admin/anaconda3/lib/python3.11/site-packages/airflow/example_dags/example_trigger_target_dag.py
[2025-05-04T22:15:37.486+0300] {processor.py:840} INFO - DAG(s) 'example_trigger_target_dag' retrieved from /Users/admin/anaconda3/lib/python3.11/site-packages/airflow/example_dags/example_trigger_target_dag.py
[2025-05-04T22:15:37.545+0300] {logging_mixin.py:188} INFO - [2025-05-04T22:15:37.545+0300] {dag.py:3047} INFO - Sync 1 DAGs
[2025-05-04T22:15:37.550+0300] {logging_mixin.py:188} INFO - [2025-05-04T22:15:37.550+0300] {dag.py:3834} INFO - Setting next_dagrun for example_trigger_target_dag to None, run_after=None
[2025-05-04T22:15:37.561+0300] {processor.py:183} INFO - Processing /Users/admin/anaconda3/lib/python3.11/site-packages/airflow/example_dags/example_trigger_target_dag.py took 0.098 seconds
[2025-05-04T22:17:01.105+0300] {processor.py:161} INFO - Started process (PID=15844) to work on /Users/admin/anaconda3/lib/python3.11/site-packages/airflow/example_dags/example_trigger_target_dag.py
[2025-05-04T22:17:01.107+0300] {processor.py:830} INFO - Processing file /Users/admin/anaconda3/lib/python3.11/site-packages/airflow/example_dags/example_trigger_target_dag.py for tasks to queue
[2025-05-04T22:17:01.107+0300] {logging_mixin.py:188} INFO - [2025-05-04T22:17:01.107+0300] {dagbag.py:540} INFO - Filling up the DagBag from /Users/admin/anaconda3/lib/python3.11/site-packages/airflow/example_dags/example_trigger_target_dag.py
[2025-05-04T22:17:01.128+0300] {processor.py:840} INFO - DAG(s) 'example_trigger_target_dag' retrieved from /Users/admin/anaconda3/lib/python3.11/site-packages/airflow/example_dags/example_trigger_target_dag.py
[2025-05-04T22:17:01.187+0300] {logging_mixin.py:188} INFO - [2025-05-04T22:17:01.187+0300] {dag.py:3047} INFO - Sync 1 DAGs
[2025-05-04T22:17:01.193+0300] {logging_mixin.py:188} INFO - [2025-05-04T22:17:01.192+0300] {dag.py:3834} INFO - Setting next_dagrun for example_trigger_target_dag to None, run_after=None
[2025-05-04T22:17:01.203+0300] {processor.py:183} INFO - Processing /Users/admin/anaconda3/lib/python3.11/site-packages/airflow/example_dags/example_trigger_target_dag.py took 0.098 seconds
[2025-05-04T22:18:28.041+0300] {processor.py:161} INFO - Started process (PID=16259) to work on /Users/admin/anaconda3/lib/python3.11/site-packages/airflow/example_dags/example_trigger_target_dag.py
[2025-05-04T22:18:28.042+0300] {processor.py:830} INFO - Processing file /Users/admin/anaconda3/lib/python3.11/site-packages/airflow/example_dags/example_trigger_target_dag.py for tasks to queue
[2025-05-04T22:18:28.042+0300] {logging_mixin.py:188} INFO - [2025-05-04T22:18:28.042+0300] {dagbag.py:540} INFO - Filling up the DagBag from /Users/admin/anaconda3/lib/python3.11/site-packages/airflow/example_dags/example_trigger_target_dag.py
[2025-05-04T22:18:28.063+0300] {processor.py:840} INFO - DAG(s) 'example_trigger_target_dag' retrieved from /Users/admin/anaconda3/lib/python3.11/site-packages/airflow/example_dags/example_trigger_target_dag.py
[2025-05-04T22:18:28.121+0300] {logging_mixin.py:188} INFO - [2025-05-04T22:18:28.121+0300] {dag.py:3047} INFO - Sync 1 DAGs
[2025-05-04T22:18:28.126+0300] {logging_mixin.py:188} INFO - [2025-05-04T22:18:28.126+0300] {dag.py:3834} INFO - Setting next_dagrun for example_trigger_target_dag to None, run_after=None
[2025-05-04T22:18:28.136+0300] {processor.py:183} INFO - Processing /Users/admin/anaconda3/lib/python3.11/site-packages/airflow/example_dags/example_trigger_target_dag.py took 0.096 seconds
[2025-05-04T22:26:42.074+0300] {processor.py:161} INFO - Started process (PID=16691) to work on /Users/admin/anaconda3/lib/python3.11/site-packages/airflow/example_dags/example_trigger_target_dag.py
[2025-05-04T22:26:42.076+0300] {processor.py:830} INFO - Processing file /Users/admin/anaconda3/lib/python3.11/site-packages/airflow/example_dags/example_trigger_target_dag.py for tasks to queue
[2025-05-04T22:26:42.076+0300] {logging_mixin.py:188} INFO - [2025-05-04T22:26:42.076+0300] {dagbag.py:540} INFO - Filling up the DagBag from /Users/admin/anaconda3/lib/python3.11/site-packages/airflow/example_dags/example_trigger_target_dag.py
[2025-05-04T22:26:42.097+0300] {processor.py:840} INFO - DAG(s) 'example_trigger_target_dag' retrieved from /Users/admin/anaconda3/lib/python3.11/site-packages/airflow/example_dags/example_trigger_target_dag.py
[2025-05-04T22:26:42.157+0300] {logging_mixin.py:188} INFO - [2025-05-04T22:26:42.157+0300] {dag.py:3047} INFO - Sync 1 DAGs
[2025-05-04T22:26:42.163+0300] {logging_mixin.py:188} INFO - [2025-05-04T22:26:42.163+0300] {dag.py:3834} INFO - Setting next_dagrun for example_trigger_target_dag to None, run_after=None
[2025-05-04T22:26:42.173+0300] {processor.py:183} INFO - Processing /Users/admin/anaconda3/lib/python3.11/site-packages/airflow/example_dags/example_trigger_target_dag.py took 0.100 seconds
[2025-05-04T22:28:05.696+0300] {processor.py:161} INFO - Started process (PID=17084) to work on /Users/admin/anaconda3/lib/python3.11/site-packages/airflow/example_dags/example_trigger_target_dag.py
[2025-05-04T22:28:05.697+0300] {processor.py:830} INFO - Processing file /Users/admin/anaconda3/lib/python3.11/site-packages/airflow/example_dags/example_trigger_target_dag.py for tasks to queue
[2025-05-04T22:28:05.697+0300] {logging_mixin.py:188} INFO - [2025-05-04T22:28:05.697+0300] {dagbag.py:540} INFO - Filling up the DagBag from /Users/admin/anaconda3/lib/python3.11/site-packages/airflow/example_dags/example_trigger_target_dag.py
[2025-05-04T22:28:05.719+0300] {processor.py:840} INFO - DAG(s) 'example_trigger_target_dag' retrieved from /Users/admin/anaconda3/lib/python3.11/site-packages/airflow/example_dags/example_trigger_target_dag.py
[2025-05-04T22:28:05.779+0300] {logging_mixin.py:188} INFO - [2025-05-04T22:28:05.779+0300] {dag.py:3047} INFO - Sync 1 DAGs
[2025-05-04T22:28:05.785+0300] {logging_mixin.py:188} INFO - [2025-05-04T22:28:05.784+0300] {dag.py:3834} INFO - Setting next_dagrun for example_trigger_target_dag to None, run_after=None
[2025-05-04T22:28:05.796+0300] {processor.py:183} INFO - Processing /Users/admin/anaconda3/lib/python3.11/site-packages/airflow/example_dags/example_trigger_target_dag.py took 0.101 seconds
[2025-05-04T22:29:27.322+0300] {processor.py:161} INFO - Started process (PID=17464) to work on /Users/admin/anaconda3/lib/python3.11/site-packages/airflow/example_dags/example_trigger_target_dag.py
[2025-05-04T22:29:27.324+0300] {processor.py:830} INFO - Processing file /Users/admin/anaconda3/lib/python3.11/site-packages/airflow/example_dags/example_trigger_target_dag.py for tasks to queue
[2025-05-04T22:29:27.324+0300] {logging_mixin.py:188} INFO - [2025-05-04T22:29:27.324+0300] {dagbag.py:540} INFO - Filling up the DagBag from /Users/admin/anaconda3/lib/python3.11/site-packages/airflow/example_dags/example_trigger_target_dag.py
[2025-05-04T22:29:27.345+0300] {processor.py:840} INFO - DAG(s) 'example_trigger_target_dag' retrieved from /Users/admin/anaconda3/lib/python3.11/site-packages/airflow/example_dags/example_trigger_target_dag.py
[2025-05-04T22:29:27.407+0300] {logging_mixin.py:188} INFO - [2025-05-04T22:29:27.406+0300] {dag.py:3047} INFO - Sync 1 DAGs
[2025-05-04T22:29:27.413+0300] {logging_mixin.py:188} INFO - [2025-05-04T22:29:27.413+0300] {dag.py:3834} INFO - Setting next_dagrun for example_trigger_target_dag to None, run_after=None
[2025-05-04T22:29:27.424+0300] {processor.py:183} INFO - Processing /Users/admin/anaconda3/lib/python3.11/site-packages/airflow/example_dags/example_trigger_target_dag.py took 0.102 seconds
[2025-05-04T22:30:47.974+0300] {processor.py:161} INFO - Started process (PID=17861) to work on /Users/admin/anaconda3/lib/python3.11/site-packages/airflow/example_dags/example_trigger_target_dag.py
[2025-05-04T22:30:47.975+0300] {processor.py:830} INFO - Processing file /Users/admin/anaconda3/lib/python3.11/site-packages/airflow/example_dags/example_trigger_target_dag.py for tasks to queue
[2025-05-04T22:30:47.976+0300] {logging_mixin.py:188} INFO - [2025-05-04T22:30:47.976+0300] {dagbag.py:540} INFO - Filling up the DagBag from /Users/admin/anaconda3/lib/python3.11/site-packages/airflow/example_dags/example_trigger_target_dag.py
[2025-05-04T22:30:47.997+0300] {processor.py:840} INFO - DAG(s) 'example_trigger_target_dag' retrieved from /Users/admin/anaconda3/lib/python3.11/site-packages/airflow/example_dags/example_trigger_target_dag.py
[2025-05-04T22:30:48.059+0300] {logging_mixin.py:188} INFO - [2025-05-04T22:30:48.059+0300] {dag.py:3047} INFO - Sync 1 DAGs
[2025-05-04T22:30:48.065+0300] {logging_mixin.py:188} INFO - [2025-05-04T22:30:48.065+0300] {dag.py:3834} INFO - Setting next_dagrun for example_trigger_target_dag to None, run_after=None
[2025-05-04T22:30:48.076+0300] {processor.py:183} INFO - Processing /Users/admin/anaconda3/lib/python3.11/site-packages/airflow/example_dags/example_trigger_target_dag.py took 0.103 seconds
[2025-05-04T23:16:04.625+0300] {processor.py:161} INFO - Started process (PID=18342) to work on /Users/admin/anaconda3/lib/python3.11/site-packages/airflow/example_dags/example_trigger_target_dag.py
[2025-05-04T23:16:04.627+0300] {processor.py:830} INFO - Processing file /Users/admin/anaconda3/lib/python3.11/site-packages/airflow/example_dags/example_trigger_target_dag.py for tasks to queue
[2025-05-04T23:16:04.627+0300] {logging_mixin.py:188} INFO - [2025-05-04T23:16:04.627+0300] {dagbag.py:540} INFO - Filling up the DagBag from /Users/admin/anaconda3/lib/python3.11/site-packages/airflow/example_dags/example_trigger_target_dag.py
[2025-05-04T23:16:04.648+0300] {processor.py:840} INFO - DAG(s) 'example_trigger_target_dag' retrieved from /Users/admin/anaconda3/lib/python3.11/site-packages/airflow/example_dags/example_trigger_target_dag.py
[2025-05-04T23:16:04.708+0300] {logging_mixin.py:188} INFO - [2025-05-04T23:16:04.708+0300] {dag.py:3047} INFO - Sync 1 DAGs
[2025-05-04T23:16:04.714+0300] {logging_mixin.py:188} INFO - [2025-05-04T23:16:04.714+0300] {dag.py:3834} INFO - Setting next_dagrun for example_trigger_target_dag to None, run_after=None
[2025-05-04T23:16:04.725+0300] {processor.py:183} INFO - Processing /Users/admin/anaconda3/lib/python3.11/site-packages/airflow/example_dags/example_trigger_target_dag.py took 0.100 seconds
[2025-05-04T23:17:28.436+0300] {processor.py:161} INFO - Started process (PID=18737) to work on /Users/admin/anaconda3/lib/python3.11/site-packages/airflow/example_dags/example_trigger_target_dag.py
[2025-05-04T23:17:28.437+0300] {processor.py:830} INFO - Processing file /Users/admin/anaconda3/lib/python3.11/site-packages/airflow/example_dags/example_trigger_target_dag.py for tasks to queue
[2025-05-04T23:17:28.437+0300] {logging_mixin.py:188} INFO - [2025-05-04T23:17:28.437+0300] {dagbag.py:540} INFO - Filling up the DagBag from /Users/admin/anaconda3/lib/python3.11/site-packages/airflow/example_dags/example_trigger_target_dag.py
[2025-05-04T23:17:28.459+0300] {processor.py:840} INFO - DAG(s) 'example_trigger_target_dag' retrieved from /Users/admin/anaconda3/lib/python3.11/site-packages/airflow/example_dags/example_trigger_target_dag.py
[2025-05-04T23:17:28.519+0300] {logging_mixin.py:188} INFO - [2025-05-04T23:17:28.518+0300] {dag.py:3047} INFO - Sync 1 DAGs
[2025-05-04T23:17:28.524+0300] {logging_mixin.py:188} INFO - [2025-05-04T23:17:28.524+0300] {dag.py:3834} INFO - Setting next_dagrun for example_trigger_target_dag to None, run_after=None
[2025-05-04T23:17:28.536+0300] {processor.py:183} INFO - Processing /Users/admin/anaconda3/lib/python3.11/site-packages/airflow/example_dags/example_trigger_target_dag.py took 0.101 seconds
[2025-05-04T23:18:52.113+0300] {processor.py:161} INFO - Started process (PID=19128) to work on /Users/admin/anaconda3/lib/python3.11/site-packages/airflow/example_dags/example_trigger_target_dag.py
[2025-05-04T23:18:52.115+0300] {processor.py:830} INFO - Processing file /Users/admin/anaconda3/lib/python3.11/site-packages/airflow/example_dags/example_trigger_target_dag.py for tasks to queue
[2025-05-04T23:18:52.115+0300] {logging_mixin.py:188} INFO - [2025-05-04T23:18:52.115+0300] {dagbag.py:540} INFO - Filling up the DagBag from /Users/admin/anaconda3/lib/python3.11/site-packages/airflow/example_dags/example_trigger_target_dag.py
[2025-05-04T23:18:52.137+0300] {processor.py:840} INFO - DAG(s) 'example_trigger_target_dag' retrieved from /Users/admin/anaconda3/lib/python3.11/site-packages/airflow/example_dags/example_trigger_target_dag.py
[2025-05-04T23:18:52.196+0300] {logging_mixin.py:188} INFO - [2025-05-04T23:18:52.196+0300] {dag.py:3047} INFO - Sync 1 DAGs
[2025-05-04T23:18:52.202+0300] {logging_mixin.py:188} INFO - [2025-05-04T23:18:52.202+0300] {dag.py:3834} INFO - Setting next_dagrun for example_trigger_target_dag to None, run_after=None
[2025-05-04T23:18:52.212+0300] {processor.py:183} INFO - Processing /Users/admin/anaconda3/lib/python3.11/site-packages/airflow/example_dags/example_trigger_target_dag.py took 0.100 seconds
[2025-05-04T23:20:12.834+0300] {processor.py:161} INFO - Started process (PID=19506) to work on /Users/admin/anaconda3/lib/python3.11/site-packages/airflow/example_dags/example_trigger_target_dag.py
[2025-05-04T23:20:12.835+0300] {processor.py:830} INFO - Processing file /Users/admin/anaconda3/lib/python3.11/site-packages/airflow/example_dags/example_trigger_target_dag.py for tasks to queue
[2025-05-04T23:20:12.835+0300] {logging_mixin.py:188} INFO - [2025-05-04T23:20:12.835+0300] {dagbag.py:540} INFO - Filling up the DagBag from /Users/admin/anaconda3/lib/python3.11/site-packages/airflow/example_dags/example_trigger_target_dag.py
[2025-05-04T23:20:12.857+0300] {processor.py:840} INFO - DAG(s) 'example_trigger_target_dag' retrieved from /Users/admin/anaconda3/lib/python3.11/site-packages/airflow/example_dags/example_trigger_target_dag.py
[2025-05-04T23:20:12.917+0300] {logging_mixin.py:188} INFO - [2025-05-04T23:20:12.917+0300] {dag.py:3047} INFO - Sync 1 DAGs
[2025-05-04T23:20:12.923+0300] {logging_mixin.py:188} INFO - [2025-05-04T23:20:12.923+0300] {dag.py:3834} INFO - Setting next_dagrun for example_trigger_target_dag to None, run_after=None
[2025-05-04T23:20:12.933+0300] {processor.py:183} INFO - Processing /Users/admin/anaconda3/lib/python3.11/site-packages/airflow/example_dags/example_trigger_target_dag.py took 0.100 seconds
[2025-05-04T23:21:40.871+0300] {processor.py:161} INFO - Started process (PID=19931) to work on /Users/admin/anaconda3/lib/python3.11/site-packages/airflow/example_dags/example_trigger_target_dag.py
[2025-05-04T23:21:40.872+0300] {processor.py:830} INFO - Processing file /Users/admin/anaconda3/lib/python3.11/site-packages/airflow/example_dags/example_trigger_target_dag.py for tasks to queue
[2025-05-04T23:21:40.873+0300] {logging_mixin.py:188} INFO - [2025-05-04T23:21:40.873+0300] {dagbag.py:540} INFO - Filling up the DagBag from /Users/admin/anaconda3/lib/python3.11/site-packages/airflow/example_dags/example_trigger_target_dag.py
[2025-05-04T23:21:40.893+0300] {processor.py:840} INFO - DAG(s) 'example_trigger_target_dag' retrieved from /Users/admin/anaconda3/lib/python3.11/site-packages/airflow/example_dags/example_trigger_target_dag.py
[2025-05-04T23:21:40.952+0300] {logging_mixin.py:188} INFO - [2025-05-04T23:21:40.952+0300] {dag.py:3047} INFO - Sync 1 DAGs
[2025-05-04T23:21:40.958+0300] {logging_mixin.py:188} INFO - [2025-05-04T23:21:40.958+0300] {dag.py:3834} INFO - Setting next_dagrun for example_trigger_target_dag to None, run_after=None
[2025-05-04T23:21:40.970+0300] {processor.py:183} INFO - Processing /Users/admin/anaconda3/lib/python3.11/site-packages/airflow/example_dags/example_trigger_target_dag.py took 0.099 seconds
[2025-05-04T23:23:11.473+0300] {processor.py:161} INFO - Started process (PID=20349) to work on /Users/admin/anaconda3/lib/python3.11/site-packages/airflow/example_dags/example_trigger_target_dag.py
[2025-05-04T23:23:11.474+0300] {processor.py:830} INFO - Processing file /Users/admin/anaconda3/lib/python3.11/site-packages/airflow/example_dags/example_trigger_target_dag.py for tasks to queue
[2025-05-04T23:23:11.475+0300] {logging_mixin.py:188} INFO - [2025-05-04T23:23:11.475+0300] {dagbag.py:540} INFO - Filling up the DagBag from /Users/admin/anaconda3/lib/python3.11/site-packages/airflow/example_dags/example_trigger_target_dag.py
[2025-05-04T23:23:11.496+0300] {processor.py:840} INFO - DAG(s) 'example_trigger_target_dag' retrieved from /Users/admin/anaconda3/lib/python3.11/site-packages/airflow/example_dags/example_trigger_target_dag.py
[2025-05-04T23:23:11.555+0300] {logging_mixin.py:188} INFO - [2025-05-04T23:23:11.555+0300] {dag.py:3047} INFO - Sync 1 DAGs
[2025-05-04T23:23:11.561+0300] {logging_mixin.py:188} INFO - [2025-05-04T23:23:11.561+0300] {dag.py:3834} INFO - Setting next_dagrun for example_trigger_target_dag to None, run_after=None
[2025-05-04T23:23:11.572+0300] {processor.py:183} INFO - Processing /Users/admin/anaconda3/lib/python3.11/site-packages/airflow/example_dags/example_trigger_target_dag.py took 0.099 seconds
[2025-05-04T23:24:38.072+0300] {processor.py:161} INFO - Started process (PID=20757) to work on /Users/admin/anaconda3/lib/python3.11/site-packages/airflow/example_dags/example_trigger_target_dag.py
[2025-05-04T23:24:38.073+0300] {processor.py:830} INFO - Processing file /Users/admin/anaconda3/lib/python3.11/site-packages/airflow/example_dags/example_trigger_target_dag.py for tasks to queue
[2025-05-04T23:24:38.074+0300] {logging_mixin.py:188} INFO - [2025-05-04T23:24:38.073+0300] {dagbag.py:540} INFO - Filling up the DagBag from /Users/admin/anaconda3/lib/python3.11/site-packages/airflow/example_dags/example_trigger_target_dag.py
[2025-05-04T23:24:38.095+0300] {processor.py:840} INFO - DAG(s) 'example_trigger_target_dag' retrieved from /Users/admin/anaconda3/lib/python3.11/site-packages/airflow/example_dags/example_trigger_target_dag.py
[2025-05-04T23:24:38.154+0300] {logging_mixin.py:188} INFO - [2025-05-04T23:24:38.154+0300] {dag.py:3047} INFO - Sync 1 DAGs
[2025-05-04T23:24:38.160+0300] {logging_mixin.py:188} INFO - [2025-05-04T23:24:38.160+0300] {dag.py:3834} INFO - Setting next_dagrun for example_trigger_target_dag to None, run_after=None
[2025-05-04T23:24:38.172+0300] {processor.py:183} INFO - Processing /Users/admin/anaconda3/lib/python3.11/site-packages/airflow/example_dags/example_trigger_target_dag.py took 0.100 seconds
[2025-05-04T23:26:04.986+0300] {processor.py:161} INFO - Started process (PID=21160) to work on /Users/admin/anaconda3/lib/python3.11/site-packages/airflow/example_dags/example_trigger_target_dag.py
[2025-05-04T23:26:04.987+0300] {processor.py:830} INFO - Processing file /Users/admin/anaconda3/lib/python3.11/site-packages/airflow/example_dags/example_trigger_target_dag.py for tasks to queue
[2025-05-04T23:26:04.987+0300] {logging_mixin.py:188} INFO - [2025-05-04T23:26:04.987+0300] {dagbag.py:540} INFO - Filling up the DagBag from /Users/admin/anaconda3/lib/python3.11/site-packages/airflow/example_dags/example_trigger_target_dag.py
[2025-05-04T23:26:05.009+0300] {processor.py:840} INFO - DAG(s) 'example_trigger_target_dag' retrieved from /Users/admin/anaconda3/lib/python3.11/site-packages/airflow/example_dags/example_trigger_target_dag.py
[2025-05-04T23:26:05.077+0300] {logging_mixin.py:188} INFO - [2025-05-04T23:26:05.076+0300] {dag.py:3047} INFO - Sync 1 DAGs
[2025-05-04T23:26:05.083+0300] {logging_mixin.py:188} INFO - [2025-05-04T23:26:05.083+0300] {dag.py:3834} INFO - Setting next_dagrun for example_trigger_target_dag to None, run_after=None
[2025-05-04T23:26:05.095+0300] {processor.py:183} INFO - Processing /Users/admin/anaconda3/lib/python3.11/site-packages/airflow/example_dags/example_trigger_target_dag.py took 0.110 seconds
[2025-05-04T23:27:30.542+0300] {processor.py:161} INFO - Started process (PID=21575) to work on /Users/admin/anaconda3/lib/python3.11/site-packages/airflow/example_dags/example_trigger_target_dag.py
[2025-05-04T23:27:30.543+0300] {processor.py:830} INFO - Processing file /Users/admin/anaconda3/lib/python3.11/site-packages/airflow/example_dags/example_trigger_target_dag.py for tasks to queue
[2025-05-04T23:27:30.544+0300] {logging_mixin.py:188} INFO - [2025-05-04T23:27:30.544+0300] {dagbag.py:540} INFO - Filling up the DagBag from /Users/admin/anaconda3/lib/python3.11/site-packages/airflow/example_dags/example_trigger_target_dag.py
[2025-05-04T23:27:30.565+0300] {processor.py:840} INFO - DAG(s) 'example_trigger_target_dag' retrieved from /Users/admin/anaconda3/lib/python3.11/site-packages/airflow/example_dags/example_trigger_target_dag.py
[2025-05-04T23:27:30.625+0300] {logging_mixin.py:188} INFO - [2025-05-04T23:27:30.625+0300] {dag.py:3047} INFO - Sync 1 DAGs
[2025-05-04T23:27:30.631+0300] {logging_mixin.py:188} INFO - [2025-05-04T23:27:30.631+0300] {dag.py:3834} INFO - Setting next_dagrun for example_trigger_target_dag to None, run_after=None
[2025-05-04T23:27:30.641+0300] {processor.py:183} INFO - Processing /Users/admin/anaconda3/lib/python3.11/site-packages/airflow/example_dags/example_trigger_target_dag.py took 0.099 seconds
[2025-05-04T23:28:59.849+0300] {processor.py:161} INFO - Started process (PID=21991) to work on /Users/admin/anaconda3/lib/python3.11/site-packages/airflow/example_dags/example_trigger_target_dag.py
[2025-05-04T23:28:59.850+0300] {processor.py:830} INFO - Processing file /Users/admin/anaconda3/lib/python3.11/site-packages/airflow/example_dags/example_trigger_target_dag.py for tasks to queue
[2025-05-04T23:28:59.851+0300] {logging_mixin.py:188} INFO - [2025-05-04T23:28:59.851+0300] {dagbag.py:540} INFO - Filling up the DagBag from /Users/admin/anaconda3/lib/python3.11/site-packages/airflow/example_dags/example_trigger_target_dag.py
[2025-05-04T23:28:59.877+0300] {processor.py:840} INFO - DAG(s) 'example_trigger_target_dag' retrieved from /Users/admin/anaconda3/lib/python3.11/site-packages/airflow/example_dags/example_trigger_target_dag.py
[2025-05-04T23:28:59.941+0300] {logging_mixin.py:188} INFO - [2025-05-04T23:28:59.941+0300] {dag.py:3047} INFO - Sync 1 DAGs
[2025-05-04T23:28:59.947+0300] {logging_mixin.py:188} INFO - [2025-05-04T23:28:59.947+0300] {dag.py:3834} INFO - Setting next_dagrun for example_trigger_target_dag to None, run_after=None
[2025-05-04T23:28:59.961+0300] {processor.py:183} INFO - Processing /Users/admin/anaconda3/lib/python3.11/site-packages/airflow/example_dags/example_trigger_target_dag.py took 0.113 seconds
[2025-05-04T23:30:26.855+0300] {processor.py:161} INFO - Started process (PID=22426) to work on /Users/admin/anaconda3/lib/python3.11/site-packages/airflow/example_dags/example_trigger_target_dag.py
[2025-05-04T23:30:26.856+0300] {processor.py:830} INFO - Processing file /Users/admin/anaconda3/lib/python3.11/site-packages/airflow/example_dags/example_trigger_target_dag.py for tasks to queue
[2025-05-04T23:30:26.856+0300] {logging_mixin.py:188} INFO - [2025-05-04T23:30:26.856+0300] {dagbag.py:540} INFO - Filling up the DagBag from /Users/admin/anaconda3/lib/python3.11/site-packages/airflow/example_dags/example_trigger_target_dag.py
[2025-05-04T23:30:26.878+0300] {processor.py:840} INFO - DAG(s) 'example_trigger_target_dag' retrieved from /Users/admin/anaconda3/lib/python3.11/site-packages/airflow/example_dags/example_trigger_target_dag.py
[2025-05-04T23:30:26.940+0300] {logging_mixin.py:188} INFO - [2025-05-04T23:30:26.940+0300] {dag.py:3047} INFO - Sync 1 DAGs
[2025-05-04T23:30:26.946+0300] {logging_mixin.py:188} INFO - [2025-05-04T23:30:26.946+0300] {dag.py:3834} INFO - Setting next_dagrun for example_trigger_target_dag to None, run_after=None
[2025-05-04T23:30:26.956+0300] {processor.py:183} INFO - Processing /Users/admin/anaconda3/lib/python3.11/site-packages/airflow/example_dags/example_trigger_target_dag.py took 0.102 seconds
[2025-05-04T23:31:59.317+0300] {processor.py:161} INFO - Started process (PID=22859) to work on /Users/admin/anaconda3/lib/python3.11/site-packages/airflow/example_dags/example_trigger_target_dag.py
[2025-05-04T23:31:59.318+0300] {processor.py:830} INFO - Processing file /Users/admin/anaconda3/lib/python3.11/site-packages/airflow/example_dags/example_trigger_target_dag.py for tasks to queue
[2025-05-04T23:31:59.318+0300] {logging_mixin.py:188} INFO - [2025-05-04T23:31:59.318+0300] {dagbag.py:540} INFO - Filling up the DagBag from /Users/admin/anaconda3/lib/python3.11/site-packages/airflow/example_dags/example_trigger_target_dag.py
[2025-05-04T23:31:59.340+0300] {processor.py:840} INFO - DAG(s) 'example_trigger_target_dag' retrieved from /Users/admin/anaconda3/lib/python3.11/site-packages/airflow/example_dags/example_trigger_target_dag.py
[2025-05-04T23:31:59.399+0300] {logging_mixin.py:188} INFO - [2025-05-04T23:31:59.399+0300] {dag.py:3047} INFO - Sync 1 DAGs
[2025-05-04T23:31:59.405+0300] {logging_mixin.py:188} INFO - [2025-05-04T23:31:59.405+0300] {dag.py:3834} INFO - Setting next_dagrun for example_trigger_target_dag to None, run_after=None
[2025-05-04T23:31:59.415+0300] {processor.py:183} INFO - Processing /Users/admin/anaconda3/lib/python3.11/site-packages/airflow/example_dags/example_trigger_target_dag.py took 0.099 seconds
[2025-05-04T23:33:26.853+0300] {processor.py:161} INFO - Started process (PID=23262) to work on /Users/admin/anaconda3/lib/python3.11/site-packages/airflow/example_dags/example_trigger_target_dag.py
[2025-05-04T23:33:26.855+0300] {processor.py:830} INFO - Processing file /Users/admin/anaconda3/lib/python3.11/site-packages/airflow/example_dags/example_trigger_target_dag.py for tasks to queue
[2025-05-04T23:33:26.855+0300] {logging_mixin.py:188} INFO - [2025-05-04T23:33:26.855+0300] {dagbag.py:540} INFO - Filling up the DagBag from /Users/admin/anaconda3/lib/python3.11/site-packages/airflow/example_dags/example_trigger_target_dag.py
[2025-05-04T23:33:26.876+0300] {processor.py:840} INFO - DAG(s) 'example_trigger_target_dag' retrieved from /Users/admin/anaconda3/lib/python3.11/site-packages/airflow/example_dags/example_trigger_target_dag.py
[2025-05-04T23:33:26.936+0300] {logging_mixin.py:188} INFO - [2025-05-04T23:33:26.935+0300] {dag.py:3047} INFO - Sync 1 DAGs
[2025-05-04T23:33:26.941+0300] {logging_mixin.py:188} INFO - [2025-05-04T23:33:26.941+0300] {dag.py:3834} INFO - Setting next_dagrun for example_trigger_target_dag to None, run_after=None
[2025-05-04T23:33:26.952+0300] {processor.py:183} INFO - Processing /Users/admin/anaconda3/lib/python3.11/site-packages/airflow/example_dags/example_trigger_target_dag.py took 0.099 seconds
[2025-05-04T23:34:59.058+0300] {processor.py:161} INFO - Started process (PID=23696) to work on /Users/admin/anaconda3/lib/python3.11/site-packages/airflow/example_dags/example_trigger_target_dag.py
[2025-05-04T23:34:59.061+0300] {processor.py:830} INFO - Processing file /Users/admin/anaconda3/lib/python3.11/site-packages/airflow/example_dags/example_trigger_target_dag.py for tasks to queue
[2025-05-04T23:34:59.061+0300] {logging_mixin.py:188} INFO - [2025-05-04T23:34:59.061+0300] {dagbag.py:540} INFO - Filling up the DagBag from /Users/admin/anaconda3/lib/python3.11/site-packages/airflow/example_dags/example_trigger_target_dag.py
[2025-05-04T23:34:59.083+0300] {processor.py:840} INFO - DAG(s) 'example_trigger_target_dag' retrieved from /Users/admin/anaconda3/lib/python3.11/site-packages/airflow/example_dags/example_trigger_target_dag.py
[2025-05-04T23:34:59.142+0300] {logging_mixin.py:188} INFO - [2025-05-04T23:34:59.142+0300] {dag.py:3047} INFO - Sync 1 DAGs
[2025-05-04T23:34:59.148+0300] {logging_mixin.py:188} INFO - [2025-05-04T23:34:59.148+0300] {dag.py:3834} INFO - Setting next_dagrun for example_trigger_target_dag to None, run_after=None
[2025-05-04T23:34:59.158+0300] {processor.py:183} INFO - Processing /Users/admin/anaconda3/lib/python3.11/site-packages/airflow/example_dags/example_trigger_target_dag.py took 0.100 seconds
[2025-05-04T23:36:30.194+0300] {processor.py:161} INFO - Started process (PID=24135) to work on /Users/admin/anaconda3/lib/python3.11/site-packages/airflow/example_dags/example_trigger_target_dag.py
[2025-05-04T23:36:30.196+0300] {processor.py:830} INFO - Processing file /Users/admin/anaconda3/lib/python3.11/site-packages/airflow/example_dags/example_trigger_target_dag.py for tasks to queue
[2025-05-04T23:36:30.196+0300] {logging_mixin.py:188} INFO - [2025-05-04T23:36:30.196+0300] {dagbag.py:540} INFO - Filling up the DagBag from /Users/admin/anaconda3/lib/python3.11/site-packages/airflow/example_dags/example_trigger_target_dag.py
[2025-05-04T23:36:30.218+0300] {processor.py:840} INFO - DAG(s) 'example_trigger_target_dag' retrieved from /Users/admin/anaconda3/lib/python3.11/site-packages/airflow/example_dags/example_trigger_target_dag.py
[2025-05-04T23:36:30.278+0300] {logging_mixin.py:188} INFO - [2025-05-04T23:36:30.277+0300] {dag.py:3047} INFO - Sync 1 DAGs
[2025-05-04T23:36:30.283+0300] {logging_mixin.py:188} INFO - [2025-05-04T23:36:30.283+0300] {dag.py:3834} INFO - Setting next_dagrun for example_trigger_target_dag to None, run_after=None
[2025-05-04T23:36:30.294+0300] {processor.py:183} INFO - Processing /Users/admin/anaconda3/lib/python3.11/site-packages/airflow/example_dags/example_trigger_target_dag.py took 0.100 seconds
[2025-05-04T23:38:00.065+0300] {processor.py:161} INFO - Started process (PID=24574) to work on /Users/admin/anaconda3/lib/python3.11/site-packages/airflow/example_dags/example_trigger_target_dag.py
[2025-05-04T23:38:00.066+0300] {processor.py:830} INFO - Processing file /Users/admin/anaconda3/lib/python3.11/site-packages/airflow/example_dags/example_trigger_target_dag.py for tasks to queue
[2025-05-04T23:38:00.066+0300] {logging_mixin.py:188} INFO - [2025-05-04T23:38:00.066+0300] {dagbag.py:540} INFO - Filling up the DagBag from /Users/admin/anaconda3/lib/python3.11/site-packages/airflow/example_dags/example_trigger_target_dag.py
[2025-05-04T23:38:00.088+0300] {processor.py:840} INFO - DAG(s) 'example_trigger_target_dag' retrieved from /Users/admin/anaconda3/lib/python3.11/site-packages/airflow/example_dags/example_trigger_target_dag.py
[2025-05-04T23:38:00.147+0300] {logging_mixin.py:188} INFO - [2025-05-04T23:38:00.147+0300] {dag.py:3047} INFO - Sync 1 DAGs
[2025-05-04T23:38:00.153+0300] {logging_mixin.py:188} INFO - [2025-05-04T23:38:00.153+0300] {dag.py:3834} INFO - Setting next_dagrun for example_trigger_target_dag to None, run_after=None
[2025-05-04T23:38:00.163+0300] {processor.py:183} INFO - Processing /Users/admin/anaconda3/lib/python3.11/site-packages/airflow/example_dags/example_trigger_target_dag.py took 0.099 seconds
[2025-05-04T23:39:30.453+0300] {processor.py:161} INFO - Started process (PID=25007) to work on /Users/admin/anaconda3/lib/python3.11/site-packages/airflow/example_dags/example_trigger_target_dag.py
[2025-05-04T23:39:30.454+0300] {processor.py:830} INFO - Processing file /Users/admin/anaconda3/lib/python3.11/site-packages/airflow/example_dags/example_trigger_target_dag.py for tasks to queue
[2025-05-04T23:39:30.455+0300] {logging_mixin.py:188} INFO - [2025-05-04T23:39:30.454+0300] {dagbag.py:540} INFO - Filling up the DagBag from /Users/admin/anaconda3/lib/python3.11/site-packages/airflow/example_dags/example_trigger_target_dag.py
[2025-05-04T23:39:30.476+0300] {processor.py:840} INFO - DAG(s) 'example_trigger_target_dag' retrieved from /Users/admin/anaconda3/lib/python3.11/site-packages/airflow/example_dags/example_trigger_target_dag.py
[2025-05-04T23:39:30.539+0300] {logging_mixin.py:188} INFO - [2025-05-04T23:39:30.539+0300] {dag.py:3047} INFO - Sync 1 DAGs
[2025-05-04T23:39:30.545+0300] {logging_mixin.py:188} INFO - [2025-05-04T23:39:30.545+0300] {dag.py:3834} INFO - Setting next_dagrun for example_trigger_target_dag to None, run_after=None
[2025-05-04T23:39:30.556+0300] {processor.py:183} INFO - Processing /Users/admin/anaconda3/lib/python3.11/site-packages/airflow/example_dags/example_trigger_target_dag.py took 0.104 seconds
[2025-05-04T23:41:12.062+0300] {processor.py:161} INFO - Started process (PID=25469) to work on /Users/admin/anaconda3/lib/python3.11/site-packages/airflow/example_dags/example_trigger_target_dag.py
[2025-05-04T23:41:12.063+0300] {processor.py:830} INFO - Processing file /Users/admin/anaconda3/lib/python3.11/site-packages/airflow/example_dags/example_trigger_target_dag.py for tasks to queue
[2025-05-04T23:41:12.063+0300] {logging_mixin.py:188} INFO - [2025-05-04T23:41:12.063+0300] {dagbag.py:540} INFO - Filling up the DagBag from /Users/admin/anaconda3/lib/python3.11/site-packages/airflow/example_dags/example_trigger_target_dag.py
[2025-05-04T23:41:12.090+0300] {processor.py:840} INFO - DAG(s) 'example_trigger_target_dag' retrieved from /Users/admin/anaconda3/lib/python3.11/site-packages/airflow/example_dags/example_trigger_target_dag.py
[2025-05-04T23:41:12.166+0300] {logging_mixin.py:188} INFO - [2025-05-04T23:41:12.166+0300] {dag.py:3047} INFO - Sync 1 DAGs
[2025-05-04T23:41:12.174+0300] {logging_mixin.py:188} INFO - [2025-05-04T23:41:12.174+0300] {dag.py:3834} INFO - Setting next_dagrun for example_trigger_target_dag to None, run_after=None
[2025-05-04T23:41:12.188+0300] {processor.py:183} INFO - Processing /Users/admin/anaconda3/lib/python3.11/site-packages/airflow/example_dags/example_trigger_target_dag.py took 0.127 seconds
[2025-05-04T23:42:57.110+0300] {processor.py:161} INFO - Started process (PID=25951) to work on /Users/admin/anaconda3/lib/python3.11/site-packages/airflow/example_dags/example_trigger_target_dag.py
[2025-05-04T23:42:57.112+0300] {processor.py:830} INFO - Processing file /Users/admin/anaconda3/lib/python3.11/site-packages/airflow/example_dags/example_trigger_target_dag.py for tasks to queue
[2025-05-04T23:42:57.113+0300] {logging_mixin.py:188} INFO - [2025-05-04T23:42:57.113+0300] {dagbag.py:540} INFO - Filling up the DagBag from /Users/admin/anaconda3/lib/python3.11/site-packages/airflow/example_dags/example_trigger_target_dag.py
[2025-05-04T23:42:57.152+0300] {processor.py:840} INFO - DAG(s) 'example_trigger_target_dag' retrieved from /Users/admin/anaconda3/lib/python3.11/site-packages/airflow/example_dags/example_trigger_target_dag.py
[2025-05-04T23:42:57.263+0300] {logging_mixin.py:188} INFO - [2025-05-04T23:42:57.263+0300] {dag.py:3047} INFO - Sync 1 DAGs
[2025-05-04T23:42:57.273+0300] {logging_mixin.py:188} INFO - [2025-05-04T23:42:57.273+0300] {dag.py:3834} INFO - Setting next_dagrun for example_trigger_target_dag to None, run_after=None
[2025-05-04T23:42:57.291+0300] {processor.py:183} INFO - Processing /Users/admin/anaconda3/lib/python3.11/site-packages/airflow/example_dags/example_trigger_target_dag.py took 0.182 seconds
[2025-05-04T23:44:38.894+0300] {processor.py:161} INFO - Started process (PID=26430) to work on /Users/admin/anaconda3/lib/python3.11/site-packages/airflow/example_dags/example_trigger_target_dag.py
[2025-05-04T23:44:38.895+0300] {processor.py:830} INFO - Processing file /Users/admin/anaconda3/lib/python3.11/site-packages/airflow/example_dags/example_trigger_target_dag.py for tasks to queue
[2025-05-04T23:44:38.896+0300] {logging_mixin.py:188} INFO - [2025-05-04T23:44:38.896+0300] {dagbag.py:540} INFO - Filling up the DagBag from /Users/admin/anaconda3/lib/python3.11/site-packages/airflow/example_dags/example_trigger_target_dag.py
[2025-05-04T23:44:38.917+0300] {processor.py:840} INFO - DAG(s) 'example_trigger_target_dag' retrieved from /Users/admin/anaconda3/lib/python3.11/site-packages/airflow/example_dags/example_trigger_target_dag.py
[2025-05-04T23:44:38.979+0300] {logging_mixin.py:188} INFO - [2025-05-04T23:44:38.978+0300] {dag.py:3047} INFO - Sync 1 DAGs
[2025-05-04T23:44:38.985+0300] {logging_mixin.py:188} INFO - [2025-05-04T23:44:38.985+0300] {dag.py:3834} INFO - Setting next_dagrun for example_trigger_target_dag to None, run_after=None
[2025-05-04T23:44:38.995+0300] {processor.py:183} INFO - Processing /Users/admin/anaconda3/lib/python3.11/site-packages/airflow/example_dags/example_trigger_target_dag.py took 0.102 seconds
[2025-05-04T23:46:14.967+0300] {processor.py:161} INFO - Started process (PID=26875) to work on /Users/admin/anaconda3/lib/python3.11/site-packages/airflow/example_dags/example_trigger_target_dag.py
[2025-05-04T23:46:14.967+0300] {processor.py:830} INFO - Processing file /Users/admin/anaconda3/lib/python3.11/site-packages/airflow/example_dags/example_trigger_target_dag.py for tasks to queue
[2025-05-04T23:46:14.968+0300] {logging_mixin.py:188} INFO - [2025-05-04T23:46:14.968+0300] {dagbag.py:540} INFO - Filling up the DagBag from /Users/admin/anaconda3/lib/python3.11/site-packages/airflow/example_dags/example_trigger_target_dag.py
[2025-05-04T23:46:14.989+0300] {processor.py:840} INFO - DAG(s) 'example_trigger_target_dag' retrieved from /Users/admin/anaconda3/lib/python3.11/site-packages/airflow/example_dags/example_trigger_target_dag.py
[2025-05-04T23:46:15.049+0300] {logging_mixin.py:188} INFO - [2025-05-04T23:46:15.049+0300] {dag.py:3047} INFO - Sync 1 DAGs
[2025-05-04T23:46:15.055+0300] {logging_mixin.py:188} INFO - [2025-05-04T23:46:15.055+0300] {dag.py:3834} INFO - Setting next_dagrun for example_trigger_target_dag to None, run_after=None
[2025-05-04T23:46:15.066+0300] {processor.py:183} INFO - Processing /Users/admin/anaconda3/lib/python3.11/site-packages/airflow/example_dags/example_trigger_target_dag.py took 0.100 seconds
[2025-05-04T23:47:43.900+0300] {processor.py:161} INFO - Started process (PID=27289) to work on /Users/admin/anaconda3/lib/python3.11/site-packages/airflow/example_dags/example_trigger_target_dag.py
[2025-05-04T23:47:43.901+0300] {processor.py:830} INFO - Processing file /Users/admin/anaconda3/lib/python3.11/site-packages/airflow/example_dags/example_trigger_target_dag.py for tasks to queue
[2025-05-04T23:47:43.902+0300] {logging_mixin.py:188} INFO - [2025-05-04T23:47:43.901+0300] {dagbag.py:540} INFO - Filling up the DagBag from /Users/admin/anaconda3/lib/python3.11/site-packages/airflow/example_dags/example_trigger_target_dag.py
[2025-05-04T23:47:43.924+0300] {processor.py:840} INFO - DAG(s) 'example_trigger_target_dag' retrieved from /Users/admin/anaconda3/lib/python3.11/site-packages/airflow/example_dags/example_trigger_target_dag.py
[2025-05-04T23:47:43.985+0300] {logging_mixin.py:188} INFO - [2025-05-04T23:47:43.985+0300] {dag.py:3047} INFO - Sync 1 DAGs
[2025-05-04T23:47:43.991+0300] {logging_mixin.py:188} INFO - [2025-05-04T23:47:43.991+0300] {dag.py:3834} INFO - Setting next_dagrun for example_trigger_target_dag to None, run_after=None
[2025-05-04T23:47:44.001+0300] {processor.py:183} INFO - Processing /Users/admin/anaconda3/lib/python3.11/site-packages/airflow/example_dags/example_trigger_target_dag.py took 0.102 seconds
[2025-05-04T23:49:14.144+0300] {processor.py:161} INFO - Started process (PID=27711) to work on /Users/admin/anaconda3/lib/python3.11/site-packages/airflow/example_dags/example_trigger_target_dag.py
[2025-05-04T23:49:14.145+0300] {processor.py:830} INFO - Processing file /Users/admin/anaconda3/lib/python3.11/site-packages/airflow/example_dags/example_trigger_target_dag.py for tasks to queue
[2025-05-04T23:49:14.146+0300] {logging_mixin.py:188} INFO - [2025-05-04T23:49:14.146+0300] {dagbag.py:540} INFO - Filling up the DagBag from /Users/admin/anaconda3/lib/python3.11/site-packages/airflow/example_dags/example_trigger_target_dag.py
[2025-05-04T23:49:14.168+0300] {processor.py:840} INFO - DAG(s) 'example_trigger_target_dag' retrieved from /Users/admin/anaconda3/lib/python3.11/site-packages/airflow/example_dags/example_trigger_target_dag.py
[2025-05-04T23:49:14.228+0300] {logging_mixin.py:188} INFO - [2025-05-04T23:49:14.227+0300] {dag.py:3047} INFO - Sync 1 DAGs
[2025-05-04T23:49:14.233+0300] {logging_mixin.py:188} INFO - [2025-05-04T23:49:14.233+0300] {dag.py:3834} INFO - Setting next_dagrun for example_trigger_target_dag to None, run_after=None
[2025-05-04T23:49:14.244+0300] {processor.py:183} INFO - Processing /Users/admin/anaconda3/lib/python3.11/site-packages/airflow/example_dags/example_trigger_target_dag.py took 0.100 seconds
[2025-05-04T23:50:42.687+0300] {processor.py:161} INFO - Started process (PID=28131) to work on /Users/admin/anaconda3/lib/python3.11/site-packages/airflow/example_dags/example_trigger_target_dag.py
[2025-05-04T23:50:42.688+0300] {processor.py:830} INFO - Processing file /Users/admin/anaconda3/lib/python3.11/site-packages/airflow/example_dags/example_trigger_target_dag.py for tasks to queue
[2025-05-04T23:50:42.688+0300] {logging_mixin.py:188} INFO - [2025-05-04T23:50:42.688+0300] {dagbag.py:540} INFO - Filling up the DagBag from /Users/admin/anaconda3/lib/python3.11/site-packages/airflow/example_dags/example_trigger_target_dag.py
[2025-05-04T23:50:42.709+0300] {processor.py:840} INFO - DAG(s) 'example_trigger_target_dag' retrieved from /Users/admin/anaconda3/lib/python3.11/site-packages/airflow/example_dags/example_trigger_target_dag.py
[2025-05-04T23:50:42.770+0300] {logging_mixin.py:188} INFO - [2025-05-04T23:50:42.769+0300] {dag.py:3047} INFO - Sync 1 DAGs
[2025-05-04T23:50:42.776+0300] {logging_mixin.py:188} INFO - [2025-05-04T23:50:42.776+0300] {dag.py:3834} INFO - Setting next_dagrun for example_trigger_target_dag to None, run_after=None
[2025-05-04T23:50:42.786+0300] {processor.py:183} INFO - Processing /Users/admin/anaconda3/lib/python3.11/site-packages/airflow/example_dags/example_trigger_target_dag.py took 0.100 seconds
[2025-05-04T23:52:25.574+0300] {processor.py:161} INFO - Started process (PID=28605) to work on /Users/admin/anaconda3/lib/python3.11/site-packages/airflow/example_dags/example_trigger_target_dag.py
[2025-05-04T23:52:25.575+0300] {processor.py:830} INFO - Processing file /Users/admin/anaconda3/lib/python3.11/site-packages/airflow/example_dags/example_trigger_target_dag.py for tasks to queue
[2025-05-04T23:52:25.575+0300] {logging_mixin.py:188} INFO - [2025-05-04T23:52:25.575+0300] {dagbag.py:540} INFO - Filling up the DagBag from /Users/admin/anaconda3/lib/python3.11/site-packages/airflow/example_dags/example_trigger_target_dag.py
[2025-05-04T23:52:25.597+0300] {processor.py:840} INFO - DAG(s) 'example_trigger_target_dag' retrieved from /Users/admin/anaconda3/lib/python3.11/site-packages/airflow/example_dags/example_trigger_target_dag.py
[2025-05-04T23:52:25.657+0300] {logging_mixin.py:188} INFO - [2025-05-04T23:52:25.657+0300] {dag.py:3047} INFO - Sync 1 DAGs
[2025-05-04T23:52:25.663+0300] {logging_mixin.py:188} INFO - [2025-05-04T23:52:25.663+0300] {dag.py:3834} INFO - Setting next_dagrun for example_trigger_target_dag to None, run_after=None
[2025-05-04T23:52:25.674+0300] {processor.py:183} INFO - Processing /Users/admin/anaconda3/lib/python3.11/site-packages/airflow/example_dags/example_trigger_target_dag.py took 0.101 seconds
[2025-05-04T23:58:22.820+0300] {processor.py:161} INFO - Started process (PID=29073) to work on /Users/admin/anaconda3/lib/python3.11/site-packages/airflow/example_dags/example_trigger_target_dag.py
[2025-05-04T23:58:22.821+0300] {processor.py:830} INFO - Processing file /Users/admin/anaconda3/lib/python3.11/site-packages/airflow/example_dags/example_trigger_target_dag.py for tasks to queue
[2025-05-04T23:58:22.822+0300] {logging_mixin.py:188} INFO - [2025-05-04T23:58:22.822+0300] {dagbag.py:540} INFO - Filling up the DagBag from /Users/admin/anaconda3/lib/python3.11/site-packages/airflow/example_dags/example_trigger_target_dag.py
[2025-05-04T23:58:22.843+0300] {processor.py:840} INFO - DAG(s) 'example_trigger_target_dag' retrieved from /Users/admin/anaconda3/lib/python3.11/site-packages/airflow/example_dags/example_trigger_target_dag.py
[2025-05-04T23:58:22.902+0300] {logging_mixin.py:188} INFO - [2025-05-04T23:58:22.901+0300] {dag.py:3047} INFO - Sync 1 DAGs
[2025-05-04T23:58:22.907+0300] {logging_mixin.py:188} INFO - [2025-05-04T23:58:22.907+0300] {dag.py:3834} INFO - Setting next_dagrun for example_trigger_target_dag to None, run_after=None
[2025-05-04T23:58:22.918+0300] {processor.py:183} INFO - Processing /Users/admin/anaconda3/lib/python3.11/site-packages/airflow/example_dags/example_trigger_target_dag.py took 0.098 seconds
