[2025-05-04T22:11:41.827+0300] {processor.py:161} INFO - Started process (PID=14326) to work on /Users/admin/anaconda3/lib/python3.11/site-packages/airflow/example_dags/example_nested_branch_dag.py
[2025-05-04T22:11:41.828+0300] {processor.py:830} INFO - Processing file /Users/admin/anaconda3/lib/python3.11/site-packages/airflow/example_dags/example_nested_branch_dag.py for tasks to queue
[2025-05-04T22:11:41.828+0300] {logging_mixin.py:188} INFO - [2025-05-04T22:11:41.828+0300] {dagbag.py:540} INFO - Filling up the DagBag from /Users/admin/anaconda3/lib/python3.11/site-packages/airflow/example_dags/example_nested_branch_dag.py
[2025-05-04T22:11:41.851+0300] {processor.py:840} INFO - DAG(s) 'example_nested_branch_dag' retrieved from /Users/admin/anaconda3/lib/python3.11/site-packages/airflow/example_dags/example_nested_branch_dag.py
[2025-05-04T22:11:41.958+0300] {logging_mixin.py:188} INFO - [2025-05-04T22:11:41.958+0300] {dag.py:3047} INFO - Sync 1 DAGs
[2025-05-04T22:11:41.967+0300] {logging_mixin.py:188} INFO - [2025-05-04T22:11:41.967+0300] {dag.py:3834} INFO - Setting next_dagrun for example_nested_branch_dag to 2025-05-03 00:00:00+00:00, run_after=2025-05-04 00:00:00+00:00
[2025-05-04T22:11:41.977+0300] {processor.py:183} INFO - Processing /Users/admin/anaconda3/lib/python3.11/site-packages/airflow/example_dags/example_nested_branch_dag.py took 0.151 seconds
[2025-05-04T22:13:36.303+0300] {processor.py:161} INFO - Started process (PID=14866) to work on /Users/admin/anaconda3/lib/python3.11/site-packages/airflow/example_dags/example_nested_branch_dag.py
[2025-05-04T22:13:36.304+0300] {processor.py:830} INFO - Processing file /Users/admin/anaconda3/lib/python3.11/site-packages/airflow/example_dags/example_nested_branch_dag.py for tasks to queue
[2025-05-04T22:13:36.305+0300] {logging_mixin.py:188} INFO - [2025-05-04T22:13:36.305+0300] {dagbag.py:540} INFO - Filling up the DagBag from /Users/admin/anaconda3/lib/python3.11/site-packages/airflow/example_dags/example_nested_branch_dag.py
[2025-05-04T22:13:36.328+0300] {processor.py:840} INFO - DAG(s) 'example_nested_branch_dag' retrieved from /Users/admin/anaconda3/lib/python3.11/site-packages/airflow/example_dags/example_nested_branch_dag.py
[2025-05-04T22:13:36.389+0300] {logging_mixin.py:188} INFO - [2025-05-04T22:13:36.389+0300] {dag.py:3047} INFO - Sync 1 DAGs
[2025-05-04T22:13:36.400+0300] {logging_mixin.py:188} INFO - [2025-05-04T22:13:36.400+0300] {dag.py:3834} INFO - Setting next_dagrun for example_nested_branch_dag to 2025-05-03 00:00:00+00:00, run_after=2025-05-04 00:00:00+00:00
[2025-05-04T22:13:36.410+0300] {processor.py:183} INFO - Processing /Users/admin/anaconda3/lib/python3.11/site-packages/airflow/example_dags/example_nested_branch_dag.py took 0.107 seconds
[2025-05-04T22:16:20.099+0300] {processor.py:161} INFO - Started process (PID=15650) to work on /Users/admin/anaconda3/lib/python3.11/site-packages/airflow/example_dags/example_nested_branch_dag.py
[2025-05-04T22:16:20.100+0300] {processor.py:830} INFO - Processing file /Users/admin/anaconda3/lib/python3.11/site-packages/airflow/example_dags/example_nested_branch_dag.py for tasks to queue
[2025-05-04T22:16:20.100+0300] {logging_mixin.py:188} INFO - [2025-05-04T22:16:20.100+0300] {dagbag.py:540} INFO - Filling up the DagBag from /Users/admin/anaconda3/lib/python3.11/site-packages/airflow/example_dags/example_nested_branch_dag.py
[2025-05-04T22:16:20.124+0300] {processor.py:840} INFO - DAG(s) 'example_nested_branch_dag' retrieved from /Users/admin/anaconda3/lib/python3.11/site-packages/airflow/example_dags/example_nested_branch_dag.py
[2025-05-04T22:16:20.185+0300] {logging_mixin.py:188} INFO - [2025-05-04T22:16:20.184+0300] {dag.py:3047} INFO - Sync 1 DAGs
[2025-05-04T22:16:20.195+0300] {logging_mixin.py:188} INFO - [2025-05-04T22:16:20.195+0300] {dag.py:3834} INFO - Setting next_dagrun for example_nested_branch_dag to 2025-05-03 00:00:00+00:00, run_after=2025-05-04 00:00:00+00:00
[2025-05-04T22:16:20.206+0300] {processor.py:183} INFO - Processing /Users/admin/anaconda3/lib/python3.11/site-packages/airflow/example_dags/example_nested_branch_dag.py took 0.108 seconds
[2025-05-04T22:26:01.622+0300] {processor.py:161} INFO - Started process (PID=16501) to work on /Users/admin/anaconda3/lib/python3.11/site-packages/airflow/example_dags/example_nested_branch_dag.py
[2025-05-04T22:26:01.624+0300] {processor.py:830} INFO - Processing file /Users/admin/anaconda3/lib/python3.11/site-packages/airflow/example_dags/example_nested_branch_dag.py for tasks to queue
[2025-05-04T22:26:01.624+0300] {logging_mixin.py:188} INFO - [2025-05-04T22:26:01.624+0300] {dagbag.py:540} INFO - Filling up the DagBag from /Users/admin/anaconda3/lib/python3.11/site-packages/airflow/example_dags/example_nested_branch_dag.py
[2025-05-04T22:26:01.647+0300] {processor.py:840} INFO - DAG(s) 'example_nested_branch_dag' retrieved from /Users/admin/anaconda3/lib/python3.11/site-packages/airflow/example_dags/example_nested_branch_dag.py
[2025-05-04T22:26:01.707+0300] {logging_mixin.py:188} INFO - [2025-05-04T22:26:01.707+0300] {dag.py:3047} INFO - Sync 1 DAGs
[2025-05-04T22:26:01.718+0300] {logging_mixin.py:188} INFO - [2025-05-04T22:26:01.718+0300] {dag.py:3834} INFO - Setting next_dagrun for example_nested_branch_dag to 2025-05-03 00:00:00+00:00, run_after=2025-05-04 00:00:00+00:00
[2025-05-04T22:26:01.728+0300] {processor.py:183} INFO - Processing /Users/admin/anaconda3/lib/python3.11/site-packages/airflow/example_dags/example_nested_branch_dag.py took 0.106 seconds
[2025-05-04T22:28:45.975+0300] {processor.py:161} INFO - Started process (PID=17277) to work on /Users/admin/anaconda3/lib/python3.11/site-packages/airflow/example_dags/example_nested_branch_dag.py
[2025-05-04T22:28:45.977+0300] {processor.py:830} INFO - Processing file /Users/admin/anaconda3/lib/python3.11/site-packages/airflow/example_dags/example_nested_branch_dag.py for tasks to queue
[2025-05-04T22:28:45.977+0300] {logging_mixin.py:188} INFO - [2025-05-04T22:28:45.977+0300] {dagbag.py:540} INFO - Filling up the DagBag from /Users/admin/anaconda3/lib/python3.11/site-packages/airflow/example_dags/example_nested_branch_dag.py
[2025-05-04T22:28:46.000+0300] {processor.py:840} INFO - DAG(s) 'example_nested_branch_dag' retrieved from /Users/admin/anaconda3/lib/python3.11/site-packages/airflow/example_dags/example_nested_branch_dag.py
[2025-05-04T22:28:46.060+0300] {logging_mixin.py:188} INFO - [2025-05-04T22:28:46.060+0300] {dag.py:3047} INFO - Sync 1 DAGs
[2025-05-04T22:28:46.070+0300] {logging_mixin.py:188} INFO - [2025-05-04T22:28:46.070+0300] {dag.py:3834} INFO - Setting next_dagrun for example_nested_branch_dag to 2025-05-03 00:00:00+00:00, run_after=2025-05-04 00:00:00+00:00
[2025-05-04T22:28:46.080+0300] {processor.py:183} INFO - Processing /Users/admin/anaconda3/lib/python3.11/site-packages/airflow/example_dags/example_nested_branch_dag.py took 0.106 seconds
[2025-05-04T22:31:29.035+0300] {processor.py:161} INFO - Started process (PID=18052) to work on /Users/admin/anaconda3/lib/python3.11/site-packages/airflow/example_dags/example_nested_branch_dag.py
[2025-05-04T22:31:29.036+0300] {processor.py:830} INFO - Processing file /Users/admin/anaconda3/lib/python3.11/site-packages/airflow/example_dags/example_nested_branch_dag.py for tasks to queue
[2025-05-04T22:31:29.036+0300] {logging_mixin.py:188} INFO - [2025-05-04T22:31:29.036+0300] {dagbag.py:540} INFO - Filling up the DagBag from /Users/admin/anaconda3/lib/python3.11/site-packages/airflow/example_dags/example_nested_branch_dag.py
[2025-05-04T22:31:29.059+0300] {processor.py:840} INFO - DAG(s) 'example_nested_branch_dag' retrieved from /Users/admin/anaconda3/lib/python3.11/site-packages/airflow/example_dags/example_nested_branch_dag.py
[2025-05-04T22:31:29.120+0300] {logging_mixin.py:188} INFO - [2025-05-04T22:31:29.120+0300] {dag.py:3047} INFO - Sync 1 DAGs
[2025-05-04T22:31:29.130+0300] {logging_mixin.py:188} INFO - [2025-05-04T22:31:29.130+0300] {dag.py:3834} INFO - Setting next_dagrun for example_nested_branch_dag to 2025-05-03 00:00:00+00:00, run_after=2025-05-04 00:00:00+00:00
[2025-05-04T22:31:29.141+0300] {processor.py:183} INFO - Processing /Users/admin/anaconda3/lib/python3.11/site-packages/airflow/example_dags/example_nested_branch_dag.py took 0.107 seconds
[2025-05-04T23:18:09.034+0300] {processor.py:161} INFO - Started process (PID=18935) to work on /Users/admin/anaconda3/lib/python3.11/site-packages/airflow/example_dags/example_nested_branch_dag.py
[2025-05-04T23:18:09.036+0300] {processor.py:830} INFO - Processing file /Users/admin/anaconda3/lib/python3.11/site-packages/airflow/example_dags/example_nested_branch_dag.py for tasks to queue
[2025-05-04T23:18:09.036+0300] {logging_mixin.py:188} INFO - [2025-05-04T23:18:09.036+0300] {dagbag.py:540} INFO - Filling up the DagBag from /Users/admin/anaconda3/lib/python3.11/site-packages/airflow/example_dags/example_nested_branch_dag.py
[2025-05-04T23:18:09.059+0300] {processor.py:840} INFO - DAG(s) 'example_nested_branch_dag' retrieved from /Users/admin/anaconda3/lib/python3.11/site-packages/airflow/example_dags/example_nested_branch_dag.py
[2025-05-04T23:18:09.120+0300] {logging_mixin.py:188} INFO - [2025-05-04T23:18:09.120+0300] {dag.py:3047} INFO - Sync 1 DAGs
[2025-05-04T23:18:09.131+0300] {logging_mixin.py:188} INFO - [2025-05-04T23:18:09.131+0300] {dag.py:3834} INFO - Setting next_dagrun for example_nested_branch_dag to 2025-05-03 00:00:00+00:00, run_after=2025-05-04 00:00:00+00:00
[2025-05-04T23:18:09.141+0300] {processor.py:183} INFO - Processing /Users/admin/anaconda3/lib/python3.11/site-packages/airflow/example_dags/example_nested_branch_dag.py took 0.107 seconds
[2025-05-04T23:20:54.095+0300] {processor.py:161} INFO - Started process (PID=19707) to work on /Users/admin/anaconda3/lib/python3.11/site-packages/airflow/example_dags/example_nested_branch_dag.py
[2025-05-04T23:20:54.098+0300] {processor.py:830} INFO - Processing file /Users/admin/anaconda3/lib/python3.11/site-packages/airflow/example_dags/example_nested_branch_dag.py for tasks to queue
[2025-05-04T23:20:54.098+0300] {logging_mixin.py:188} INFO - [2025-05-04T23:20:54.098+0300] {dagbag.py:540} INFO - Filling up the DagBag from /Users/admin/anaconda3/lib/python3.11/site-packages/airflow/example_dags/example_nested_branch_dag.py
[2025-05-04T23:20:54.124+0300] {processor.py:840} INFO - DAG(s) 'example_nested_branch_dag' retrieved from /Users/admin/anaconda3/lib/python3.11/site-packages/airflow/example_dags/example_nested_branch_dag.py
[2025-05-04T23:20:54.187+0300] {logging_mixin.py:188} INFO - [2025-05-04T23:20:54.187+0300] {dag.py:3047} INFO - Sync 1 DAGs
[2025-05-04T23:20:54.197+0300] {logging_mixin.py:188} INFO - [2025-05-04T23:20:54.197+0300] {dag.py:3834} INFO - Setting next_dagrun for example_nested_branch_dag to 2025-05-03 00:00:00+00:00, run_after=2025-05-04 00:00:00+00:00
[2025-05-04T23:20:54.207+0300] {processor.py:183} INFO - Processing /Users/admin/anaconda3/lib/python3.11/site-packages/airflow/example_dags/example_nested_branch_dag.py took 0.112 seconds
[2025-05-04T23:23:51.691+0300] {processor.py:161} INFO - Started process (PID=20536) to work on /Users/admin/anaconda3/lib/python3.11/site-packages/airflow/example_dags/example_nested_branch_dag.py
[2025-05-04T23:23:51.692+0300] {processor.py:830} INFO - Processing file /Users/admin/anaconda3/lib/python3.11/site-packages/airflow/example_dags/example_nested_branch_dag.py for tasks to queue
[2025-05-04T23:23:51.693+0300] {logging_mixin.py:188} INFO - [2025-05-04T23:23:51.693+0300] {dagbag.py:540} INFO - Filling up the DagBag from /Users/admin/anaconda3/lib/python3.11/site-packages/airflow/example_dags/example_nested_branch_dag.py
[2025-05-04T23:23:51.716+0300] {processor.py:840} INFO - DAG(s) 'example_nested_branch_dag' retrieved from /Users/admin/anaconda3/lib/python3.11/site-packages/airflow/example_dags/example_nested_branch_dag.py
[2025-05-04T23:23:51.776+0300] {logging_mixin.py:188} INFO - [2025-05-04T23:23:51.776+0300] {dag.py:3047} INFO - Sync 1 DAGs
[2025-05-04T23:23:51.787+0300] {logging_mixin.py:188} INFO - [2025-05-04T23:23:51.786+0300] {dag.py:3834} INFO - Setting next_dagrun for example_nested_branch_dag to 2025-05-03 00:00:00+00:00, run_after=2025-05-04 00:00:00+00:00
[2025-05-04T23:23:51.797+0300] {processor.py:183} INFO - Processing /Users/admin/anaconda3/lib/python3.11/site-packages/airflow/example_dags/example_nested_branch_dag.py took 0.106 seconds
[2025-05-04T23:26:46.333+0300] {processor.py:161} INFO - Started process (PID=21367) to work on /Users/admin/anaconda3/lib/python3.11/site-packages/airflow/example_dags/example_nested_branch_dag.py
[2025-05-04T23:26:46.334+0300] {processor.py:830} INFO - Processing file /Users/admin/anaconda3/lib/python3.11/site-packages/airflow/example_dags/example_nested_branch_dag.py for tasks to queue
[2025-05-04T23:26:46.335+0300] {logging_mixin.py:188} INFO - [2025-05-04T23:26:46.335+0300] {dagbag.py:540} INFO - Filling up the DagBag from /Users/admin/anaconda3/lib/python3.11/site-packages/airflow/example_dags/example_nested_branch_dag.py
[2025-05-04T23:26:46.358+0300] {processor.py:840} INFO - DAG(s) 'example_nested_branch_dag' retrieved from /Users/admin/anaconda3/lib/python3.11/site-packages/airflow/example_dags/example_nested_branch_dag.py
[2025-05-04T23:26:46.418+0300] {logging_mixin.py:188} INFO - [2025-05-04T23:26:46.418+0300] {dag.py:3047} INFO - Sync 1 DAGs
[2025-05-04T23:26:46.431+0300] {logging_mixin.py:188} INFO - [2025-05-04T23:26:46.431+0300] {dag.py:3834} INFO - Setting next_dagrun for example_nested_branch_dag to 2025-05-03 00:00:00+00:00, run_after=2025-05-04 00:00:00+00:00
[2025-05-04T23:26:46.445+0300] {processor.py:183} INFO - Processing /Users/admin/anaconda3/lib/python3.11/site-packages/airflow/example_dags/example_nested_branch_dag.py took 0.112 seconds
[2025-05-04T23:29:42.374+0300] {processor.py:161} INFO - Started process (PID=22207) to work on /Users/admin/anaconda3/lib/python3.11/site-packages/airflow/example_dags/example_nested_branch_dag.py
[2025-05-04T23:29:42.375+0300] {processor.py:830} INFO - Processing file /Users/admin/anaconda3/lib/python3.11/site-packages/airflow/example_dags/example_nested_branch_dag.py for tasks to queue
[2025-05-04T23:29:42.376+0300] {logging_mixin.py:188} INFO - [2025-05-04T23:29:42.376+0300] {dagbag.py:540} INFO - Filling up the DagBag from /Users/admin/anaconda3/lib/python3.11/site-packages/airflow/example_dags/example_nested_branch_dag.py
[2025-05-04T23:29:42.404+0300] {processor.py:840} INFO - DAG(s) 'example_nested_branch_dag' retrieved from /Users/admin/anaconda3/lib/python3.11/site-packages/airflow/example_dags/example_nested_branch_dag.py
[2025-05-04T23:29:42.481+0300] {logging_mixin.py:188} INFO - [2025-05-04T23:29:42.480+0300] {dag.py:3047} INFO - Sync 1 DAGs
[2025-05-04T23:29:42.493+0300] {logging_mixin.py:188} INFO - [2025-05-04T23:29:42.493+0300] {dag.py:3834} INFO - Setting next_dagrun for example_nested_branch_dag to 2025-05-03 00:00:00+00:00, run_after=2025-05-04 00:00:00+00:00
[2025-05-04T23:29:42.506+0300] {processor.py:183} INFO - Processing /Users/admin/anaconda3/lib/python3.11/site-packages/airflow/example_dags/example_nested_branch_dag.py took 0.132 seconds
[2025-05-04T23:32:39.286+0300] {processor.py:161} INFO - Started process (PID=23038) to work on /Users/admin/anaconda3/lib/python3.11/site-packages/airflow/example_dags/example_nested_branch_dag.py
[2025-05-04T23:32:39.288+0300] {processor.py:830} INFO - Processing file /Users/admin/anaconda3/lib/python3.11/site-packages/airflow/example_dags/example_nested_branch_dag.py for tasks to queue
[2025-05-04T23:32:39.288+0300] {logging_mixin.py:188} INFO - [2025-05-04T23:32:39.288+0300] {dagbag.py:540} INFO - Filling up the DagBag from /Users/admin/anaconda3/lib/python3.11/site-packages/airflow/example_dags/example_nested_branch_dag.py
[2025-05-04T23:32:39.311+0300] {processor.py:840} INFO - DAG(s) 'example_nested_branch_dag' retrieved from /Users/admin/anaconda3/lib/python3.11/site-packages/airflow/example_dags/example_nested_branch_dag.py
[2025-05-04T23:32:39.371+0300] {logging_mixin.py:188} INFO - [2025-05-04T23:32:39.370+0300] {dag.py:3047} INFO - Sync 1 DAGs
[2025-05-04T23:32:39.381+0300] {logging_mixin.py:188} INFO - [2025-05-04T23:32:39.381+0300] {dag.py:3834} INFO - Setting next_dagrun for example_nested_branch_dag to 2025-05-03 00:00:00+00:00, run_after=2025-05-04 00:00:00+00:00
[2025-05-04T23:32:39.391+0300] {processor.py:183} INFO - Processing /Users/admin/anaconda3/lib/python3.11/site-packages/airflow/example_dags/example_nested_branch_dag.py took 0.105 seconds
[2025-05-04T23:35:43.046+0300] {processor.py:161} INFO - Started process (PID=23915) to work on /Users/admin/anaconda3/lib/python3.11/site-packages/airflow/example_dags/example_nested_branch_dag.py
[2025-05-04T23:35:43.047+0300] {processor.py:830} INFO - Processing file /Users/admin/anaconda3/lib/python3.11/site-packages/airflow/example_dags/example_nested_branch_dag.py for tasks to queue
[2025-05-04T23:35:43.047+0300] {logging_mixin.py:188} INFO - [2025-05-04T23:35:43.047+0300] {dagbag.py:540} INFO - Filling up the DagBag from /Users/admin/anaconda3/lib/python3.11/site-packages/airflow/example_dags/example_nested_branch_dag.py
[2025-05-04T23:35:43.070+0300] {processor.py:840} INFO - DAG(s) 'example_nested_branch_dag' retrieved from /Users/admin/anaconda3/lib/python3.11/site-packages/airflow/example_dags/example_nested_branch_dag.py
[2025-05-04T23:35:43.131+0300] {logging_mixin.py:188} INFO - [2025-05-04T23:35:43.131+0300] {dag.py:3047} INFO - Sync 1 DAGs
[2025-05-04T23:35:43.141+0300] {logging_mixin.py:188} INFO - [2025-05-04T23:35:43.141+0300] {dag.py:3834} INFO - Setting next_dagrun for example_nested_branch_dag to 2025-05-03 00:00:00+00:00, run_after=2025-05-04 00:00:00+00:00
[2025-05-04T23:35:43.151+0300] {processor.py:183} INFO - Processing /Users/admin/anaconda3/lib/python3.11/site-packages/airflow/example_dags/example_nested_branch_dag.py took 0.106 seconds
[2025-05-04T23:38:42.253+0300] {processor.py:161} INFO - Started process (PID=24775) to work on /Users/admin/anaconda3/lib/python3.11/site-packages/airflow/example_dags/example_nested_branch_dag.py
[2025-05-04T23:38:42.254+0300] {processor.py:830} INFO - Processing file /Users/admin/anaconda3/lib/python3.11/site-packages/airflow/example_dags/example_nested_branch_dag.py for tasks to queue
[2025-05-04T23:38:42.255+0300] {logging_mixin.py:188} INFO - [2025-05-04T23:38:42.255+0300] {dagbag.py:540} INFO - Filling up the DagBag from /Users/admin/anaconda3/lib/python3.11/site-packages/airflow/example_dags/example_nested_branch_dag.py
[2025-05-04T23:38:42.278+0300] {processor.py:840} INFO - DAG(s) 'example_nested_branch_dag' retrieved from /Users/admin/anaconda3/lib/python3.11/site-packages/airflow/example_dags/example_nested_branch_dag.py
[2025-05-04T23:38:42.339+0300] {logging_mixin.py:188} INFO - [2025-05-04T23:38:42.338+0300] {dag.py:3047} INFO - Sync 1 DAGs
[2025-05-04T23:38:42.350+0300] {logging_mixin.py:188} INFO - [2025-05-04T23:38:42.350+0300] {dag.py:3834} INFO - Setting next_dagrun for example_nested_branch_dag to 2025-05-03 00:00:00+00:00, run_after=2025-05-04 00:00:00+00:00
[2025-05-04T23:38:42.361+0300] {processor.py:183} INFO - Processing /Users/admin/anaconda3/lib/python3.11/site-packages/airflow/example_dags/example_nested_branch_dag.py took 0.108 seconds
[2025-05-04T23:42:00.763+0300] {processor.py:161} INFO - Started process (PID=25695) to work on /Users/admin/anaconda3/lib/python3.11/site-packages/airflow/example_dags/example_nested_branch_dag.py
[2025-05-04T23:42:00.764+0300] {processor.py:830} INFO - Processing file /Users/admin/anaconda3/lib/python3.11/site-packages/airflow/example_dags/example_nested_branch_dag.py for tasks to queue
[2025-05-04T23:42:00.764+0300] {logging_mixin.py:188} INFO - [2025-05-04T23:42:00.764+0300] {dagbag.py:540} INFO - Filling up the DagBag from /Users/admin/anaconda3/lib/python3.11/site-packages/airflow/example_dags/example_nested_branch_dag.py
[2025-05-04T23:42:00.787+0300] {processor.py:840} INFO - DAG(s) 'example_nested_branch_dag' retrieved from /Users/admin/anaconda3/lib/python3.11/site-packages/airflow/example_dags/example_nested_branch_dag.py
[2025-05-04T23:42:00.848+0300] {logging_mixin.py:188} INFO - [2025-05-04T23:42:00.847+0300] {dag.py:3047} INFO - Sync 1 DAGs
[2025-05-04T23:42:00.858+0300] {logging_mixin.py:188} INFO - [2025-05-04T23:42:00.858+0300] {dag.py:3834} INFO - Setting next_dagrun for example_nested_branch_dag to 2025-05-03 00:00:00+00:00, run_after=2025-05-04 00:00:00+00:00
[2025-05-04T23:42:00.869+0300] {processor.py:183} INFO - Processing /Users/admin/anaconda3/lib/python3.11/site-packages/airflow/example_dags/example_nested_branch_dag.py took 0.107 seconds
[2025-05-04T23:45:21.247+0300] {processor.py:161} INFO - Started process (PID=26630) to work on /Users/admin/anaconda3/lib/python3.11/site-packages/airflow/example_dags/example_nested_branch_dag.py
[2025-05-04T23:45:21.248+0300] {processor.py:830} INFO - Processing file /Users/admin/anaconda3/lib/python3.11/site-packages/airflow/example_dags/example_nested_branch_dag.py for tasks to queue
[2025-05-04T23:45:21.249+0300] {logging_mixin.py:188} INFO - [2025-05-04T23:45:21.248+0300] {dagbag.py:540} INFO - Filling up the DagBag from /Users/admin/anaconda3/lib/python3.11/site-packages/airflow/example_dags/example_nested_branch_dag.py
[2025-05-04T23:45:21.271+0300] {processor.py:840} INFO - DAG(s) 'example_nested_branch_dag' retrieved from /Users/admin/anaconda3/lib/python3.11/site-packages/airflow/example_dags/example_nested_branch_dag.py
[2025-05-04T23:45:21.331+0300] {logging_mixin.py:188} INFO - [2025-05-04T23:45:21.331+0300] {dag.py:3047} INFO - Sync 1 DAGs
[2025-05-04T23:45:21.342+0300] {logging_mixin.py:188} INFO - [2025-05-04T23:45:21.342+0300] {dag.py:3834} INFO - Setting next_dagrun for example_nested_branch_dag to 2025-05-03 00:00:00+00:00, run_after=2025-05-04 00:00:00+00:00
[2025-05-04T23:45:21.352+0300] {processor.py:183} INFO - Processing /Users/admin/anaconda3/lib/python3.11/site-packages/airflow/example_dags/example_nested_branch_dag.py took 0.106 seconds
[2025-05-04T23:48:18.676+0300] {processor.py:161} INFO - Started process (PID=27455) to work on /Users/admin/anaconda3/lib/python3.11/site-packages/airflow/example_dags/example_nested_branch_dag.py
[2025-05-04T23:48:18.677+0300] {processor.py:830} INFO - Processing file /Users/admin/anaconda3/lib/python3.11/site-packages/airflow/example_dags/example_nested_branch_dag.py for tasks to queue
[2025-05-04T23:48:18.678+0300] {logging_mixin.py:188} INFO - [2025-05-04T23:48:18.678+0300] {dagbag.py:540} INFO - Filling up the DagBag from /Users/admin/anaconda3/lib/python3.11/site-packages/airflow/example_dags/example_nested_branch_dag.py
[2025-05-04T23:48:18.700+0300] {processor.py:840} INFO - DAG(s) 'example_nested_branch_dag' retrieved from /Users/admin/anaconda3/lib/python3.11/site-packages/airflow/example_dags/example_nested_branch_dag.py
[2025-05-04T23:48:18.760+0300] {logging_mixin.py:188} INFO - [2025-05-04T23:48:18.760+0300] {dag.py:3047} INFO - Sync 1 DAGs
[2025-05-04T23:48:18.771+0300] {logging_mixin.py:188} INFO - [2025-05-04T23:48:18.770+0300] {dag.py:3834} INFO - Setting next_dagrun for example_nested_branch_dag to 2025-05-03 00:00:00+00:00, run_after=2025-05-04 00:00:00+00:00
[2025-05-04T23:48:18.780+0300] {processor.py:183} INFO - Processing /Users/admin/anaconda3/lib/python3.11/site-packages/airflow/example_dags/example_nested_branch_dag.py took 0.105 seconds
[2025-05-04T23:51:18.675+0300] {processor.py:161} INFO - Started process (PID=28298) to work on /Users/admin/anaconda3/lib/python3.11/site-packages/airflow/example_dags/example_nested_branch_dag.py
[2025-05-04T23:51:18.677+0300] {processor.py:830} INFO - Processing file /Users/admin/anaconda3/lib/python3.11/site-packages/airflow/example_dags/example_nested_branch_dag.py for tasks to queue
[2025-05-04T23:51:18.677+0300] {logging_mixin.py:188} INFO - [2025-05-04T23:51:18.677+0300] {dagbag.py:540} INFO - Filling up the DagBag from /Users/admin/anaconda3/lib/python3.11/site-packages/airflow/example_dags/example_nested_branch_dag.py
[2025-05-04T23:51:18.699+0300] {processor.py:840} INFO - DAG(s) 'example_nested_branch_dag' retrieved from /Users/admin/anaconda3/lib/python3.11/site-packages/airflow/example_dags/example_nested_branch_dag.py
[2025-05-04T23:51:18.759+0300] {logging_mixin.py:188} INFO - [2025-05-04T23:51:18.759+0300] {dag.py:3047} INFO - Sync 1 DAGs
[2025-05-04T23:51:18.769+0300] {logging_mixin.py:188} INFO - [2025-05-04T23:51:18.769+0300] {dag.py:3834} INFO - Setting next_dagrun for example_nested_branch_dag to 2025-05-03 00:00:00+00:00, run_after=2025-05-04 00:00:00+00:00
[2025-05-04T23:51:18.780+0300] {processor.py:183} INFO - Processing /Users/admin/anaconda3/lib/python3.11/site-packages/airflow/example_dags/example_nested_branch_dag.py took 0.105 seconds
[2025-05-04T23:58:56.364+0300] {processor.py:161} INFO - Started process (PID=29232) to work on /Users/admin/anaconda3/lib/python3.11/site-packages/airflow/example_dags/example_nested_branch_dag.py
[2025-05-04T23:58:56.365+0300] {processor.py:830} INFO - Processing file /Users/admin/anaconda3/lib/python3.11/site-packages/airflow/example_dags/example_nested_branch_dag.py for tasks to queue
[2025-05-04T23:58:56.366+0300] {logging_mixin.py:188} INFO - [2025-05-04T23:58:56.365+0300] {dagbag.py:540} INFO - Filling up the DagBag from /Users/admin/anaconda3/lib/python3.11/site-packages/airflow/example_dags/example_nested_branch_dag.py
[2025-05-04T23:58:56.389+0300] {processor.py:840} INFO - DAG(s) 'example_nested_branch_dag' retrieved from /Users/admin/anaconda3/lib/python3.11/site-packages/airflow/example_dags/example_nested_branch_dag.py
[2025-05-04T23:58:56.449+0300] {logging_mixin.py:188} INFO - [2025-05-04T23:58:56.449+0300] {dag.py:3047} INFO - Sync 1 DAGs
[2025-05-04T23:58:56.460+0300] {logging_mixin.py:188} INFO - [2025-05-04T23:58:56.460+0300] {dag.py:3834} INFO - Setting next_dagrun for example_nested_branch_dag to 2025-05-03 00:00:00+00:00, run_after=2025-05-04 00:00:00+00:00
[2025-05-04T23:58:56.471+0300] {processor.py:183} INFO - Processing /Users/admin/anaconda3/lib/python3.11/site-packages/airflow/example_dags/example_nested_branch_dag.py took 0.108 seconds
