[2025-05-04T22:11:39.354+0300] {processor.py:161} INFO - Started process (PID=14317) to work on /Users/admin/anaconda3/lib/python3.11/site-packages/airflow/example_dags/example_params_trigger_ui.py
[2025-05-04T22:11:39.355+0300] {processor.py:830} INFO - Processing file /Users/admin/anaconda3/lib/python3.11/site-packages/airflow/example_dags/example_params_trigger_ui.py for tasks to queue
[2025-05-04T22:11:39.355+0300] {logging_mixin.py:188} INFO - [2025-05-04T22:11:39.355+0300] {dagbag.py:540} INFO - Filling up the DagBag from /Users/admin/anaconda3/lib/python3.11/site-packages/airflow/example_dags/example_params_trigger_ui.py
[2025-05-04T22:11:39.379+0300] {processor.py:840} INFO - DAG(s) 'example_params_trigger_ui' retrieved from /Users/admin/anaconda3/lib/python3.11/site-packages/airflow/example_dags/example_params_trigger_ui.py
[2025-05-04T22:11:39.497+0300] {logging_mixin.py:188} INFO - [2025-05-04T22:11:39.497+0300] {dag.py:3047} INFO - Sync 1 DAGs
[2025-05-04T22:11:39.502+0300] {logging_mixin.py:188} INFO - [2025-05-04T22:11:39.502+0300] {dag.py:3834} INFO - Setting next_dagrun for example_params_trigger_ui to None, run_after=None
[2025-05-04T22:11:39.513+0300] {processor.py:183} INFO - Processing /Users/admin/anaconda3/lib/python3.11/site-packages/airflow/example_dags/example_params_trigger_ui.py took 0.159 seconds
[2025-05-04T22:13:33.864+0300] {processor.py:161} INFO - Started process (PID=14851) to work on /Users/admin/anaconda3/lib/python3.11/site-packages/airflow/example_dags/example_params_trigger_ui.py
[2025-05-04T22:13:33.866+0300] {processor.py:830} INFO - Processing file /Users/admin/anaconda3/lib/python3.11/site-packages/airflow/example_dags/example_params_trigger_ui.py for tasks to queue
[2025-05-04T22:13:33.866+0300] {logging_mixin.py:188} INFO - [2025-05-04T22:13:33.866+0300] {dagbag.py:540} INFO - Filling up the DagBag from /Users/admin/anaconda3/lib/python3.11/site-packages/airflow/example_dags/example_params_trigger_ui.py
[2025-05-04T22:13:33.890+0300] {processor.py:840} INFO - DAG(s) 'example_params_trigger_ui' retrieved from /Users/admin/anaconda3/lib/python3.11/site-packages/airflow/example_dags/example_params_trigger_ui.py
[2025-05-04T22:13:33.961+0300] {logging_mixin.py:188} INFO - [2025-05-04T22:13:33.961+0300] {dag.py:3047} INFO - Sync 1 DAGs
[2025-05-04T22:13:33.967+0300] {logging_mixin.py:188} INFO - [2025-05-04T22:13:33.967+0300] {dag.py:3834} INFO - Setting next_dagrun for example_params_trigger_ui to None, run_after=None
[2025-05-04T22:13:33.977+0300] {processor.py:183} INFO - Processing /Users/admin/anaconda3/lib/python3.11/site-packages/airflow/example_dags/example_params_trigger_ui.py took 0.113 seconds
[2025-05-04T22:16:18.538+0300] {processor.py:161} INFO - Started process (PID=15641) to work on /Users/admin/anaconda3/lib/python3.11/site-packages/airflow/example_dags/example_params_trigger_ui.py
[2025-05-04T22:16:18.539+0300] {processor.py:830} INFO - Processing file /Users/admin/anaconda3/lib/python3.11/site-packages/airflow/example_dags/example_params_trigger_ui.py for tasks to queue
[2025-05-04T22:16:18.540+0300] {logging_mixin.py:188} INFO - [2025-05-04T22:16:18.540+0300] {dagbag.py:540} INFO - Filling up the DagBag from /Users/admin/anaconda3/lib/python3.11/site-packages/airflow/example_dags/example_params_trigger_ui.py
[2025-05-04T22:16:18.564+0300] {processor.py:840} INFO - DAG(s) 'example_params_trigger_ui' retrieved from /Users/admin/anaconda3/lib/python3.11/site-packages/airflow/example_dags/example_params_trigger_ui.py
[2025-05-04T22:16:18.637+0300] {logging_mixin.py:188} INFO - [2025-05-04T22:16:18.637+0300] {dag.py:3047} INFO - Sync 1 DAGs
[2025-05-04T22:16:18.643+0300] {logging_mixin.py:188} INFO - [2025-05-04T22:16:18.643+0300] {dag.py:3834} INFO - Setting next_dagrun for example_params_trigger_ui to None, run_after=None
[2025-05-04T22:16:18.654+0300] {processor.py:183} INFO - Processing /Users/admin/anaconda3/lib/python3.11/site-packages/airflow/example_dags/example_params_trigger_ui.py took 0.116 seconds
[2025-05-04T22:25:59.140+0300] {processor.py:161} INFO - Started process (PID=16490) to work on /Users/admin/anaconda3/lib/python3.11/site-packages/airflow/example_dags/example_params_trigger_ui.py
[2025-05-04T22:25:59.142+0300] {processor.py:830} INFO - Processing file /Users/admin/anaconda3/lib/python3.11/site-packages/airflow/example_dags/example_params_trigger_ui.py for tasks to queue
[2025-05-04T22:25:59.142+0300] {logging_mixin.py:188} INFO - [2025-05-04T22:25:59.142+0300] {dagbag.py:540} INFO - Filling up the DagBag from /Users/admin/anaconda3/lib/python3.11/site-packages/airflow/example_dags/example_params_trigger_ui.py
[2025-05-04T22:25:59.166+0300] {processor.py:840} INFO - DAG(s) 'example_params_trigger_ui' retrieved from /Users/admin/anaconda3/lib/python3.11/site-packages/airflow/example_dags/example_params_trigger_ui.py
[2025-05-04T22:25:59.238+0300] {logging_mixin.py:188} INFO - [2025-05-04T22:25:59.237+0300] {dag.py:3047} INFO - Sync 1 DAGs
[2025-05-04T22:25:59.244+0300] {logging_mixin.py:188} INFO - [2025-05-04T22:25:59.243+0300] {dag.py:3834} INFO - Setting next_dagrun for example_params_trigger_ui to None, run_after=None
[2025-05-04T22:25:59.254+0300] {processor.py:183} INFO - Processing /Users/admin/anaconda3/lib/python3.11/site-packages/airflow/example_dags/example_params_trigger_ui.py took 0.114 seconds
[2025-05-04T22:28:43.563+0300] {processor.py:161} INFO - Started process (PID=17268) to work on /Users/admin/anaconda3/lib/python3.11/site-packages/airflow/example_dags/example_params_trigger_ui.py
[2025-05-04T22:28:43.564+0300] {processor.py:830} INFO - Processing file /Users/admin/anaconda3/lib/python3.11/site-packages/airflow/example_dags/example_params_trigger_ui.py for tasks to queue
[2025-05-04T22:28:43.565+0300] {logging_mixin.py:188} INFO - [2025-05-04T22:28:43.565+0300] {dagbag.py:540} INFO - Filling up the DagBag from /Users/admin/anaconda3/lib/python3.11/site-packages/airflow/example_dags/example_params_trigger_ui.py
[2025-05-04T22:28:43.589+0300] {processor.py:840} INFO - DAG(s) 'example_params_trigger_ui' retrieved from /Users/admin/anaconda3/lib/python3.11/site-packages/airflow/example_dags/example_params_trigger_ui.py
[2025-05-04T22:28:43.660+0300] {logging_mixin.py:188} INFO - [2025-05-04T22:28:43.660+0300] {dag.py:3047} INFO - Sync 1 DAGs
[2025-05-04T22:28:43.666+0300] {logging_mixin.py:188} INFO - [2025-05-04T22:28:43.665+0300] {dag.py:3834} INFO - Setting next_dagrun for example_params_trigger_ui to None, run_after=None
[2025-05-04T22:28:43.676+0300] {processor.py:183} INFO - Processing /Users/admin/anaconda3/lib/python3.11/site-packages/airflow/example_dags/example_params_trigger_ui.py took 0.113 seconds
[2025-05-04T22:31:26.586+0300] {processor.py:161} INFO - Started process (PID=18042) to work on /Users/admin/anaconda3/lib/python3.11/site-packages/airflow/example_dags/example_params_trigger_ui.py
[2025-05-04T22:31:26.588+0300] {processor.py:830} INFO - Processing file /Users/admin/anaconda3/lib/python3.11/site-packages/airflow/example_dags/example_params_trigger_ui.py for tasks to queue
[2025-05-04T22:31:26.588+0300] {logging_mixin.py:188} INFO - [2025-05-04T22:31:26.588+0300] {dagbag.py:540} INFO - Filling up the DagBag from /Users/admin/anaconda3/lib/python3.11/site-packages/airflow/example_dags/example_params_trigger_ui.py
[2025-05-04T22:31:26.611+0300] {processor.py:840} INFO - DAG(s) 'example_params_trigger_ui' retrieved from /Users/admin/anaconda3/lib/python3.11/site-packages/airflow/example_dags/example_params_trigger_ui.py
[2025-05-04T22:31:26.683+0300] {logging_mixin.py:188} INFO - [2025-05-04T22:31:26.683+0300] {dag.py:3047} INFO - Sync 1 DAGs
[2025-05-04T22:31:26.689+0300] {logging_mixin.py:188} INFO - [2025-05-04T22:31:26.689+0300] {dag.py:3834} INFO - Setting next_dagrun for example_params_trigger_ui to None, run_after=None
[2025-05-04T22:31:26.699+0300] {processor.py:183} INFO - Processing /Users/admin/anaconda3/lib/python3.11/site-packages/airflow/example_dags/example_params_trigger_ui.py took 0.114 seconds
[2025-05-04T23:18:07.189+0300] {processor.py:161} INFO - Started process (PID=18926) to work on /Users/admin/anaconda3/lib/python3.11/site-packages/airflow/example_dags/example_params_trigger_ui.py
[2025-05-04T23:18:07.191+0300] {processor.py:830} INFO - Processing file /Users/admin/anaconda3/lib/python3.11/site-packages/airflow/example_dags/example_params_trigger_ui.py for tasks to queue
[2025-05-04T23:18:07.191+0300] {logging_mixin.py:188} INFO - [2025-05-04T23:18:07.191+0300] {dagbag.py:540} INFO - Filling up the DagBag from /Users/admin/anaconda3/lib/python3.11/site-packages/airflow/example_dags/example_params_trigger_ui.py
[2025-05-04T23:18:07.215+0300] {processor.py:840} INFO - DAG(s) 'example_params_trigger_ui' retrieved from /Users/admin/anaconda3/lib/python3.11/site-packages/airflow/example_dags/example_params_trigger_ui.py
[2025-05-04T23:18:07.287+0300] {logging_mixin.py:188} INFO - [2025-05-04T23:18:07.287+0300] {dag.py:3047} INFO - Sync 1 DAGs
[2025-05-04T23:18:07.293+0300] {logging_mixin.py:188} INFO - [2025-05-04T23:18:07.292+0300] {dag.py:3834} INFO - Setting next_dagrun for example_params_trigger_ui to None, run_after=None
[2025-05-04T23:18:07.304+0300] {processor.py:183} INFO - Processing /Users/admin/anaconda3/lib/python3.11/site-packages/airflow/example_dags/example_params_trigger_ui.py took 0.115 seconds
[2025-05-04T23:20:51.423+0300] {processor.py:161} INFO - Started process (PID=19690) to work on /Users/admin/anaconda3/lib/python3.11/site-packages/airflow/example_dags/example_params_trigger_ui.py
[2025-05-04T23:20:51.424+0300] {processor.py:830} INFO - Processing file /Users/admin/anaconda3/lib/python3.11/site-packages/airflow/example_dags/example_params_trigger_ui.py for tasks to queue
[2025-05-04T23:20:51.425+0300] {logging_mixin.py:188} INFO - [2025-05-04T23:20:51.425+0300] {dagbag.py:540} INFO - Filling up the DagBag from /Users/admin/anaconda3/lib/python3.11/site-packages/airflow/example_dags/example_params_trigger_ui.py
[2025-05-04T23:20:51.453+0300] {processor.py:840} INFO - DAG(s) 'example_params_trigger_ui' retrieved from /Users/admin/anaconda3/lib/python3.11/site-packages/airflow/example_dags/example_params_trigger_ui.py
[2025-05-04T23:20:51.525+0300] {logging_mixin.py:188} INFO - [2025-05-04T23:20:51.525+0300] {dag.py:3047} INFO - Sync 1 DAGs
[2025-05-04T23:20:51.531+0300] {logging_mixin.py:188} INFO - [2025-05-04T23:20:51.531+0300] {dag.py:3834} INFO - Setting next_dagrun for example_params_trigger_ui to None, run_after=None
[2025-05-04T23:20:51.542+0300] {processor.py:183} INFO - Processing /Users/admin/anaconda3/lib/python3.11/site-packages/airflow/example_dags/example_params_trigger_ui.py took 0.119 seconds
[2025-05-04T23:23:49.245+0300] {processor.py:161} INFO - Started process (PID=20526) to work on /Users/admin/anaconda3/lib/python3.11/site-packages/airflow/example_dags/example_params_trigger_ui.py
[2025-05-04T23:23:49.247+0300] {processor.py:830} INFO - Processing file /Users/admin/anaconda3/lib/python3.11/site-packages/airflow/example_dags/example_params_trigger_ui.py for tasks to queue
[2025-05-04T23:23:49.247+0300] {logging_mixin.py:188} INFO - [2025-05-04T23:23:49.247+0300] {dagbag.py:540} INFO - Filling up the DagBag from /Users/admin/anaconda3/lib/python3.11/site-packages/airflow/example_dags/example_params_trigger_ui.py
[2025-05-04T23:23:49.273+0300] {processor.py:840} INFO - DAG(s) 'example_params_trigger_ui' retrieved from /Users/admin/anaconda3/lib/python3.11/site-packages/airflow/example_dags/example_params_trigger_ui.py
[2025-05-04T23:23:49.347+0300] {logging_mixin.py:188} INFO - [2025-05-04T23:23:49.347+0300] {dag.py:3047} INFO - Sync 1 DAGs
[2025-05-04T23:23:49.353+0300] {logging_mixin.py:188} INFO - [2025-05-04T23:23:49.353+0300] {dag.py:3834} INFO - Setting next_dagrun for example_params_trigger_ui to None, run_after=None
[2025-05-04T23:23:49.364+0300] {processor.py:183} INFO - Processing /Users/admin/anaconda3/lib/python3.11/site-packages/airflow/example_dags/example_params_trigger_ui.py took 0.119 seconds
[2025-05-04T23:26:43.893+0300] {processor.py:161} INFO - Started process (PID=21358) to work on /Users/admin/anaconda3/lib/python3.11/site-packages/airflow/example_dags/example_params_trigger_ui.py
[2025-05-04T23:26:43.894+0300] {processor.py:830} INFO - Processing file /Users/admin/anaconda3/lib/python3.11/site-packages/airflow/example_dags/example_params_trigger_ui.py for tasks to queue
[2025-05-04T23:26:43.895+0300] {logging_mixin.py:188} INFO - [2025-05-04T23:26:43.895+0300] {dagbag.py:540} INFO - Filling up the DagBag from /Users/admin/anaconda3/lib/python3.11/site-packages/airflow/example_dags/example_params_trigger_ui.py
[2025-05-04T23:26:43.919+0300] {processor.py:840} INFO - DAG(s) 'example_params_trigger_ui' retrieved from /Users/admin/anaconda3/lib/python3.11/site-packages/airflow/example_dags/example_params_trigger_ui.py
[2025-05-04T23:26:43.993+0300] {logging_mixin.py:188} INFO - [2025-05-04T23:26:43.993+0300] {dag.py:3047} INFO - Sync 1 DAGs
[2025-05-04T23:26:43.999+0300] {logging_mixin.py:188} INFO - [2025-05-04T23:26:43.999+0300] {dag.py:3834} INFO - Setting next_dagrun for example_params_trigger_ui to None, run_after=None
[2025-05-04T23:26:44.010+0300] {processor.py:183} INFO - Processing /Users/admin/anaconda3/lib/python3.11/site-packages/airflow/example_dags/example_params_trigger_ui.py took 0.118 seconds
[2025-05-04T23:29:38.993+0300] {processor.py:161} INFO - Started process (PID=22197) to work on /Users/admin/anaconda3/lib/python3.11/site-packages/airflow/example_dags/example_params_trigger_ui.py
[2025-05-04T23:29:38.994+0300] {processor.py:830} INFO - Processing file /Users/admin/anaconda3/lib/python3.11/site-packages/airflow/example_dags/example_params_trigger_ui.py for tasks to queue
[2025-05-04T23:29:38.994+0300] {logging_mixin.py:188} INFO - [2025-05-04T23:29:38.994+0300] {dagbag.py:540} INFO - Filling up the DagBag from /Users/admin/anaconda3/lib/python3.11/site-packages/airflow/example_dags/example_params_trigger_ui.py
[2025-05-04T23:29:39.019+0300] {processor.py:840} INFO - DAG(s) 'example_params_trigger_ui' retrieved from /Users/admin/anaconda3/lib/python3.11/site-packages/airflow/example_dags/example_params_trigger_ui.py
[2025-05-04T23:29:39.090+0300] {logging_mixin.py:188} INFO - [2025-05-04T23:29:39.090+0300] {dag.py:3047} INFO - Sync 1 DAGs
[2025-05-04T23:29:39.096+0300] {logging_mixin.py:188} INFO - [2025-05-04T23:29:39.096+0300] {dag.py:3834} INFO - Setting next_dagrun for example_params_trigger_ui to None, run_after=None
[2025-05-04T23:29:39.107+0300] {processor.py:183} INFO - Processing /Users/admin/anaconda3/lib/python3.11/site-packages/airflow/example_dags/example_params_trigger_ui.py took 0.115 seconds
[2025-05-04T23:32:36.869+0300] {processor.py:161} INFO - Started process (PID=23029) to work on /Users/admin/anaconda3/lib/python3.11/site-packages/airflow/example_dags/example_params_trigger_ui.py
[2025-05-04T23:32:36.870+0300] {processor.py:830} INFO - Processing file /Users/admin/anaconda3/lib/python3.11/site-packages/airflow/example_dags/example_params_trigger_ui.py for tasks to queue
[2025-05-04T23:32:36.871+0300] {logging_mixin.py:188} INFO - [2025-05-04T23:32:36.870+0300] {dagbag.py:540} INFO - Filling up the DagBag from /Users/admin/anaconda3/lib/python3.11/site-packages/airflow/example_dags/example_params_trigger_ui.py
[2025-05-04T23:32:36.894+0300] {processor.py:840} INFO - DAG(s) 'example_params_trigger_ui' retrieved from /Users/admin/anaconda3/lib/python3.11/site-packages/airflow/example_dags/example_params_trigger_ui.py
[2025-05-04T23:32:36.964+0300] {logging_mixin.py:188} INFO - [2025-05-04T23:32:36.964+0300] {dag.py:3047} INFO - Sync 1 DAGs
[2025-05-04T23:32:36.970+0300] {logging_mixin.py:188} INFO - [2025-05-04T23:32:36.970+0300] {dag.py:3834} INFO - Setting next_dagrun for example_params_trigger_ui to None, run_after=None
[2025-05-04T23:32:36.981+0300] {processor.py:183} INFO - Processing /Users/admin/anaconda3/lib/python3.11/site-packages/airflow/example_dags/example_params_trigger_ui.py took 0.113 seconds
[2025-05-04T23:35:40.486+0300] {processor.py:161} INFO - Started process (PID=23893) to work on /Users/admin/anaconda3/lib/python3.11/site-packages/airflow/example_dags/example_params_trigger_ui.py
[2025-05-04T23:35:40.487+0300] {processor.py:830} INFO - Processing file /Users/admin/anaconda3/lib/python3.11/site-packages/airflow/example_dags/example_params_trigger_ui.py for tasks to queue
[2025-05-04T23:35:40.487+0300] {logging_mixin.py:188} INFO - [2025-05-04T23:35:40.487+0300] {dagbag.py:540} INFO - Filling up the DagBag from /Users/admin/anaconda3/lib/python3.11/site-packages/airflow/example_dags/example_params_trigger_ui.py
[2025-05-04T23:35:40.511+0300] {processor.py:840} INFO - DAG(s) 'example_params_trigger_ui' retrieved from /Users/admin/anaconda3/lib/python3.11/site-packages/airflow/example_dags/example_params_trigger_ui.py
[2025-05-04T23:35:40.583+0300] {logging_mixin.py:188} INFO - [2025-05-04T23:35:40.583+0300] {dag.py:3047} INFO - Sync 1 DAGs
[2025-05-04T23:35:40.589+0300] {logging_mixin.py:188} INFO - [2025-05-04T23:35:40.589+0300] {dag.py:3834} INFO - Setting next_dagrun for example_params_trigger_ui to None, run_after=None
[2025-05-04T23:35:40.599+0300] {processor.py:183} INFO - Processing /Users/admin/anaconda3/lib/python3.11/site-packages/airflow/example_dags/example_params_trigger_ui.py took 0.114 seconds
[2025-05-04T23:38:39.825+0300] {processor.py:161} INFO - Started process (PID=24766) to work on /Users/admin/anaconda3/lib/python3.11/site-packages/airflow/example_dags/example_params_trigger_ui.py
[2025-05-04T23:38:39.827+0300] {processor.py:830} INFO - Processing file /Users/admin/anaconda3/lib/python3.11/site-packages/airflow/example_dags/example_params_trigger_ui.py for tasks to queue
[2025-05-04T23:38:39.827+0300] {logging_mixin.py:188} INFO - [2025-05-04T23:38:39.827+0300] {dagbag.py:540} INFO - Filling up the DagBag from /Users/admin/anaconda3/lib/python3.11/site-packages/airflow/example_dags/example_params_trigger_ui.py
[2025-05-04T23:38:39.851+0300] {processor.py:840} INFO - DAG(s) 'example_params_trigger_ui' retrieved from /Users/admin/anaconda3/lib/python3.11/site-packages/airflow/example_dags/example_params_trigger_ui.py
[2025-05-04T23:38:39.922+0300] {logging_mixin.py:188} INFO - [2025-05-04T23:38:39.922+0300] {dag.py:3047} INFO - Sync 1 DAGs
[2025-05-04T23:38:39.928+0300] {logging_mixin.py:188} INFO - [2025-05-04T23:38:39.928+0300] {dag.py:3834} INFO - Setting next_dagrun for example_params_trigger_ui to None, run_after=None
[2025-05-04T23:38:39.939+0300] {processor.py:183} INFO - Processing /Users/admin/anaconda3/lib/python3.11/site-packages/airflow/example_dags/example_params_trigger_ui.py took 0.114 seconds
[2025-05-04T23:41:58.228+0300] {processor.py:161} INFO - Started process (PID=25686) to work on /Users/admin/anaconda3/lib/python3.11/site-packages/airflow/example_dags/example_params_trigger_ui.py
[2025-05-04T23:41:58.229+0300] {processor.py:830} INFO - Processing file /Users/admin/anaconda3/lib/python3.11/site-packages/airflow/example_dags/example_params_trigger_ui.py for tasks to queue
[2025-05-04T23:41:58.230+0300] {logging_mixin.py:188} INFO - [2025-05-04T23:41:58.230+0300] {dagbag.py:540} INFO - Filling up the DagBag from /Users/admin/anaconda3/lib/python3.11/site-packages/airflow/example_dags/example_params_trigger_ui.py
[2025-05-04T23:41:58.257+0300] {processor.py:840} INFO - DAG(s) 'example_params_trigger_ui' retrieved from /Users/admin/anaconda3/lib/python3.11/site-packages/airflow/example_dags/example_params_trigger_ui.py
[2025-05-04T23:41:58.344+0300] {logging_mixin.py:188} INFO - [2025-05-04T23:41:58.344+0300] {dag.py:3047} INFO - Sync 1 DAGs
[2025-05-04T23:41:58.351+0300] {logging_mixin.py:188} INFO - [2025-05-04T23:41:58.351+0300] {dag.py:3834} INFO - Setting next_dagrun for example_params_trigger_ui to None, run_after=None
[2025-05-04T23:41:58.363+0300] {processor.py:183} INFO - Processing /Users/admin/anaconda3/lib/python3.11/site-packages/airflow/example_dags/example_params_trigger_ui.py took 0.136 seconds
[2025-05-04T23:45:19.741+0300] {processor.py:161} INFO - Started process (PID=26621) to work on /Users/admin/anaconda3/lib/python3.11/site-packages/airflow/example_dags/example_params_trigger_ui.py
[2025-05-04T23:45:19.742+0300] {processor.py:830} INFO - Processing file /Users/admin/anaconda3/lib/python3.11/site-packages/airflow/example_dags/example_params_trigger_ui.py for tasks to queue
[2025-05-04T23:45:19.742+0300] {logging_mixin.py:188} INFO - [2025-05-04T23:45:19.742+0300] {dagbag.py:540} INFO - Filling up the DagBag from /Users/admin/anaconda3/lib/python3.11/site-packages/airflow/example_dags/example_params_trigger_ui.py
[2025-05-04T23:45:19.766+0300] {processor.py:840} INFO - DAG(s) 'example_params_trigger_ui' retrieved from /Users/admin/anaconda3/lib/python3.11/site-packages/airflow/example_dags/example_params_trigger_ui.py
[2025-05-04T23:45:19.838+0300] {logging_mixin.py:188} INFO - [2025-05-04T23:45:19.838+0300] {dag.py:3047} INFO - Sync 1 DAGs
[2025-05-04T23:45:19.844+0300] {logging_mixin.py:188} INFO - [2025-05-04T23:45:19.844+0300] {dag.py:3834} INFO - Setting next_dagrun for example_params_trigger_ui to None, run_after=None
[2025-05-04T23:45:19.854+0300] {processor.py:183} INFO - Processing /Users/admin/anaconda3/lib/python3.11/site-packages/airflow/example_dags/example_params_trigger_ui.py took 0.114 seconds
[2025-05-04T23:48:16.261+0300] {processor.py:161} INFO - Started process (PID=27445) to work on /Users/admin/anaconda3/lib/python3.11/site-packages/airflow/example_dags/example_params_trigger_ui.py
[2025-05-04T23:48:16.262+0300] {processor.py:830} INFO - Processing file /Users/admin/anaconda3/lib/python3.11/site-packages/airflow/example_dags/example_params_trigger_ui.py for tasks to queue
[2025-05-04T23:48:16.263+0300] {logging_mixin.py:188} INFO - [2025-05-04T23:48:16.262+0300] {dagbag.py:540} INFO - Filling up the DagBag from /Users/admin/anaconda3/lib/python3.11/site-packages/airflow/example_dags/example_params_trigger_ui.py
[2025-05-04T23:48:16.286+0300] {processor.py:840} INFO - DAG(s) 'example_params_trigger_ui' retrieved from /Users/admin/anaconda3/lib/python3.11/site-packages/airflow/example_dags/example_params_trigger_ui.py
[2025-05-04T23:48:16.357+0300] {logging_mixin.py:188} INFO - [2025-05-04T23:48:16.357+0300] {dag.py:3047} INFO - Sync 1 DAGs
[2025-05-04T23:48:16.363+0300] {logging_mixin.py:188} INFO - [2025-05-04T23:48:16.363+0300] {dag.py:3834} INFO - Setting next_dagrun for example_params_trigger_ui to None, run_after=None
[2025-05-04T23:48:16.373+0300] {processor.py:183} INFO - Processing /Users/admin/anaconda3/lib/python3.11/site-packages/airflow/example_dags/example_params_trigger_ui.py took 0.113 seconds
[2025-05-04T23:51:16.306+0300] {processor.py:161} INFO - Started process (PID=28280) to work on /Users/admin/anaconda3/lib/python3.11/site-packages/airflow/example_dags/example_params_trigger_ui.py
[2025-05-04T23:51:16.306+0300] {processor.py:830} INFO - Processing file /Users/admin/anaconda3/lib/python3.11/site-packages/airflow/example_dags/example_params_trigger_ui.py for tasks to queue
[2025-05-04T23:51:16.307+0300] {logging_mixin.py:188} INFO - [2025-05-04T23:51:16.307+0300] {dagbag.py:540} INFO - Filling up the DagBag from /Users/admin/anaconda3/lib/python3.11/site-packages/airflow/example_dags/example_params_trigger_ui.py
[2025-05-04T23:51:16.334+0300] {processor.py:840} INFO - DAG(s) 'example_params_trigger_ui' retrieved from /Users/admin/anaconda3/lib/python3.11/site-packages/airflow/example_dags/example_params_trigger_ui.py
[2025-05-04T23:51:16.407+0300] {logging_mixin.py:188} INFO - [2025-05-04T23:51:16.407+0300] {dag.py:3047} INFO - Sync 1 DAGs
[2025-05-04T23:51:16.413+0300] {logging_mixin.py:188} INFO - [2025-05-04T23:51:16.413+0300] {dag.py:3834} INFO - Setting next_dagrun for example_params_trigger_ui to None, run_after=None
[2025-05-04T23:51:16.424+0300] {processor.py:183} INFO - Processing /Users/admin/anaconda3/lib/python3.11/site-packages/airflow/example_dags/example_params_trigger_ui.py took 0.119 seconds
[2025-05-04T23:58:54.841+0300] {processor.py:161} INFO - Started process (PID=29222) to work on /Users/admin/anaconda3/lib/python3.11/site-packages/airflow/example_dags/example_params_trigger_ui.py
[2025-05-04T23:58:54.843+0300] {processor.py:830} INFO - Processing file /Users/admin/anaconda3/lib/python3.11/site-packages/airflow/example_dags/example_params_trigger_ui.py for tasks to queue
[2025-05-04T23:58:54.843+0300] {logging_mixin.py:188} INFO - [2025-05-04T23:58:54.843+0300] {dagbag.py:540} INFO - Filling up the DagBag from /Users/admin/anaconda3/lib/python3.11/site-packages/airflow/example_dags/example_params_trigger_ui.py
[2025-05-04T23:58:54.867+0300] {processor.py:840} INFO - DAG(s) 'example_params_trigger_ui' retrieved from /Users/admin/anaconda3/lib/python3.11/site-packages/airflow/example_dags/example_params_trigger_ui.py
[2025-05-04T23:58:54.946+0300] {logging_mixin.py:188} INFO - [2025-05-04T23:58:54.946+0300] {dag.py:3047} INFO - Sync 1 DAGs
[2025-05-04T23:58:54.952+0300] {logging_mixin.py:188} INFO - [2025-05-04T23:58:54.952+0300] {dag.py:3834} INFO - Setting next_dagrun for example_params_trigger_ui to None, run_after=None
[2025-05-04T23:58:54.963+0300] {processor.py:183} INFO - Processing /Users/admin/anaconda3/lib/python3.11/site-packages/airflow/example_dags/example_params_trigger_ui.py took 0.122 seconds
