[2025-05-04T22:11:09.246+0300] {processor.py:161} INFO - Started process (PID=14175) to work on /Users/admin/anaconda3/lib/python3.11/site-packages/airflow/example_dags/example_task_group.py
[2025-05-04T22:11:09.246+0300] {processor.py:830} INFO - Processing file /Users/admin/anaconda3/lib/python3.11/site-packages/airflow/example_dags/example_task_group.py for tasks to queue
[2025-05-04T22:11:09.247+0300] {logging_mixin.py:188} INFO - [2025-05-04T22:11:09.246+0300] {dagbag.py:540} INFO - Filling up the DagBag from /Users/admin/anaconda3/lib/python3.11/site-packages/airflow/example_dags/example_task_group.py
[2025-05-04T22:11:09.253+0300] {processor.py:840} INFO - DAG(s) 'example_task_group' retrieved from /Users/admin/anaconda3/lib/python3.11/site-packages/airflow/example_dags/example_task_group.py
[2025-05-04T22:11:09.364+0300] {logging_mixin.py:188} INFO - [2025-05-04T22:11:09.364+0300] {dag.py:3047} INFO - Sync 1 DAGs
[2025-05-04T22:11:09.373+0300] {logging_mixin.py:188} INFO - [2025-05-04T22:11:09.373+0300] {dag.py:3834} INFO - Setting next_dagrun for example_task_group to 2025-05-03 00:00:00+00:00, run_after=2025-05-04 00:00:00+00:00
[2025-05-04T22:11:09.384+0300] {processor.py:183} INFO - Processing /Users/admin/anaconda3/lib/python3.11/site-packages/airflow/example_dags/example_task_group.py took 0.139 seconds
[2025-05-04T22:13:04.174+0300] {processor.py:161} INFO - Started process (PID=14714) to work on /Users/admin/anaconda3/lib/python3.11/site-packages/airflow/example_dags/example_task_group.py
[2025-05-04T22:13:04.176+0300] {processor.py:830} INFO - Processing file /Users/admin/anaconda3/lib/python3.11/site-packages/airflow/example_dags/example_task_group.py for tasks to queue
[2025-05-04T22:13:04.176+0300] {logging_mixin.py:188} INFO - [2025-05-04T22:13:04.176+0300] {dagbag.py:540} INFO - Filling up the DagBag from /Users/admin/anaconda3/lib/python3.11/site-packages/airflow/example_dags/example_task_group.py
[2025-05-04T22:13:04.182+0300] {processor.py:840} INFO - DAG(s) 'example_task_group' retrieved from /Users/admin/anaconda3/lib/python3.11/site-packages/airflow/example_dags/example_task_group.py
[2025-05-04T22:13:04.245+0300] {logging_mixin.py:188} INFO - [2025-05-04T22:13:04.245+0300] {dag.py:3047} INFO - Sync 1 DAGs
[2025-05-04T22:13:04.254+0300] {logging_mixin.py:188} INFO - [2025-05-04T22:13:04.254+0300] {dag.py:3834} INFO - Setting next_dagrun for example_task_group to 2025-05-03 00:00:00+00:00, run_after=2025-05-04 00:00:00+00:00
[2025-05-04T22:13:04.264+0300] {processor.py:183} INFO - Processing /Users/admin/anaconda3/lib/python3.11/site-packages/airflow/example_dags/example_task_group.py took 0.091 seconds
[2025-05-04T22:14:25.035+0300] {processor.py:161} INFO - Started process (PID=15107) to work on /Users/admin/anaconda3/lib/python3.11/site-packages/airflow/example_dags/example_task_group.py
[2025-05-04T22:14:25.037+0300] {processor.py:830} INFO - Processing file /Users/admin/anaconda3/lib/python3.11/site-packages/airflow/example_dags/example_task_group.py for tasks to queue
[2025-05-04T22:14:25.037+0300] {logging_mixin.py:188} INFO - [2025-05-04T22:14:25.037+0300] {dagbag.py:540} INFO - Filling up the DagBag from /Users/admin/anaconda3/lib/python3.11/site-packages/airflow/example_dags/example_task_group.py
[2025-05-04T22:14:25.043+0300] {processor.py:840} INFO - DAG(s) 'example_task_group' retrieved from /Users/admin/anaconda3/lib/python3.11/site-packages/airflow/example_dags/example_task_group.py
[2025-05-04T22:14:25.106+0300] {logging_mixin.py:188} INFO - [2025-05-04T22:14:25.106+0300] {dag.py:3047} INFO - Sync 1 DAGs
[2025-05-04T22:14:25.115+0300] {logging_mixin.py:188} INFO - [2025-05-04T22:14:25.115+0300] {dag.py:3834} INFO - Setting next_dagrun for example_task_group to 2025-05-03 00:00:00+00:00, run_after=2025-05-04 00:00:00+00:00
[2025-05-04T22:14:25.126+0300] {processor.py:183} INFO - Processing /Users/admin/anaconda3/lib/python3.11/site-packages/airflow/example_dags/example_task_group.py took 0.091 seconds
[2025-05-04T22:15:46.085+0300] {processor.py:161} INFO - Started process (PID=15483) to work on /Users/admin/anaconda3/lib/python3.11/site-packages/airflow/example_dags/example_task_group.py
[2025-05-04T22:15:46.086+0300] {processor.py:830} INFO - Processing file /Users/admin/anaconda3/lib/python3.11/site-packages/airflow/example_dags/example_task_group.py for tasks to queue
[2025-05-04T22:15:46.086+0300] {logging_mixin.py:188} INFO - [2025-05-04T22:15:46.086+0300] {dagbag.py:540} INFO - Filling up the DagBag from /Users/admin/anaconda3/lib/python3.11/site-packages/airflow/example_dags/example_task_group.py
[2025-05-04T22:15:46.093+0300] {processor.py:840} INFO - DAG(s) 'example_task_group' retrieved from /Users/admin/anaconda3/lib/python3.11/site-packages/airflow/example_dags/example_task_group.py
[2025-05-04T22:15:46.154+0300] {logging_mixin.py:188} INFO - [2025-05-04T22:15:46.154+0300] {dag.py:3047} INFO - Sync 1 DAGs
[2025-05-04T22:15:46.163+0300] {logging_mixin.py:188} INFO - [2025-05-04T22:15:46.163+0300] {dag.py:3834} INFO - Setting next_dagrun for example_task_group to 2025-05-03 00:00:00+00:00, run_after=2025-05-04 00:00:00+00:00
[2025-05-04T22:15:46.174+0300] {processor.py:183} INFO - Processing /Users/admin/anaconda3/lib/python3.11/site-packages/airflow/example_dags/example_task_group.py took 0.090 seconds
[2025-05-04T22:17:11.229+0300] {processor.py:161} INFO - Started process (PID=15894) to work on /Users/admin/anaconda3/lib/python3.11/site-packages/airflow/example_dags/example_task_group.py
[2025-05-04T22:17:11.230+0300] {processor.py:830} INFO - Processing file /Users/admin/anaconda3/lib/python3.11/site-packages/airflow/example_dags/example_task_group.py for tasks to queue
[2025-05-04T22:17:11.230+0300] {logging_mixin.py:188} INFO - [2025-05-04T22:17:11.230+0300] {dagbag.py:540} INFO - Filling up the DagBag from /Users/admin/anaconda3/lib/python3.11/site-packages/airflow/example_dags/example_task_group.py
[2025-05-04T22:17:11.237+0300] {processor.py:840} INFO - DAG(s) 'example_task_group' retrieved from /Users/admin/anaconda3/lib/python3.11/site-packages/airflow/example_dags/example_task_group.py
[2025-05-04T22:17:11.299+0300] {logging_mixin.py:188} INFO - [2025-05-04T22:17:11.299+0300] {dag.py:3047} INFO - Sync 1 DAGs
[2025-05-04T22:17:11.309+0300] {logging_mixin.py:188} INFO - [2025-05-04T22:17:11.309+0300] {dag.py:3834} INFO - Setting next_dagrun for example_task_group to 2025-05-03 00:00:00+00:00, run_after=2025-05-04 00:00:00+00:00
[2025-05-04T22:17:11.319+0300] {processor.py:183} INFO - Processing /Users/admin/anaconda3/lib/python3.11/site-packages/airflow/example_dags/example_task_group.py took 0.091 seconds
[2025-05-04T22:25:28.156+0300] {processor.py:161} INFO - Started process (PID=16298) to work on /Users/admin/anaconda3/lib/python3.11/site-packages/airflow/example_dags/example_task_group.py
[2025-05-04T22:25:28.158+0300] {processor.py:830} INFO - Processing file /Users/admin/anaconda3/lib/python3.11/site-packages/airflow/example_dags/example_task_group.py for tasks to queue
[2025-05-04T22:25:28.159+0300] {logging_mixin.py:188} INFO - [2025-05-04T22:25:28.159+0300] {dagbag.py:540} INFO - Filling up the DagBag from /Users/admin/anaconda3/lib/python3.11/site-packages/airflow/example_dags/example_task_group.py
[2025-05-04T22:25:28.175+0300] {processor.py:840} INFO - DAG(s) 'example_task_group' retrieved from /Users/admin/anaconda3/lib/python3.11/site-packages/airflow/example_dags/example_task_group.py
[2025-05-04T22:25:28.328+0300] {logging_mixin.py:188} INFO - [2025-05-04T22:25:28.328+0300] {dag.py:3047} INFO - Sync 1 DAGs
[2025-05-04T22:25:28.350+0300] {logging_mixin.py:188} INFO - [2025-05-04T22:25:28.350+0300] {dag.py:3834} INFO - Setting next_dagrun for example_task_group to 2025-05-03 00:00:00+00:00, run_after=2025-05-04 00:00:00+00:00
[2025-05-04T22:25:28.382+0300] {processor.py:183} INFO - Processing /Users/admin/anaconda3/lib/python3.11/site-packages/airflow/example_dags/example_task_group.py took 0.232 seconds
[2025-05-04T22:26:50.574+0300] {processor.py:161} INFO - Started process (PID=16734) to work on /Users/admin/anaconda3/lib/python3.11/site-packages/airflow/example_dags/example_task_group.py
[2025-05-04T22:26:50.575+0300] {processor.py:830} INFO - Processing file /Users/admin/anaconda3/lib/python3.11/site-packages/airflow/example_dags/example_task_group.py for tasks to queue
[2025-05-04T22:26:50.576+0300] {logging_mixin.py:188} INFO - [2025-05-04T22:26:50.576+0300] {dagbag.py:540} INFO - Filling up the DagBag from /Users/admin/anaconda3/lib/python3.11/site-packages/airflow/example_dags/example_task_group.py
[2025-05-04T22:26:50.582+0300] {processor.py:840} INFO - DAG(s) 'example_task_group' retrieved from /Users/admin/anaconda3/lib/python3.11/site-packages/airflow/example_dags/example_task_group.py
[2025-05-04T22:26:50.645+0300] {logging_mixin.py:188} INFO - [2025-05-04T22:26:50.645+0300] {dag.py:3047} INFO - Sync 1 DAGs
[2025-05-04T22:26:50.654+0300] {logging_mixin.py:188} INFO - [2025-05-04T22:26:50.654+0300] {dag.py:3834} INFO - Setting next_dagrun for example_task_group to 2025-05-03 00:00:00+00:00, run_after=2025-05-04 00:00:00+00:00
[2025-05-04T22:26:50.664+0300] {processor.py:183} INFO - Processing /Users/admin/anaconda3/lib/python3.11/site-packages/airflow/example_dags/example_task_group.py took 0.091 seconds
[2025-05-04T22:28:13.636+0300] {processor.py:161} INFO - Started process (PID=17119) to work on /Users/admin/anaconda3/lib/python3.11/site-packages/airflow/example_dags/example_task_group.py
[2025-05-04T22:28:13.637+0300] {processor.py:830} INFO - Processing file /Users/admin/anaconda3/lib/python3.11/site-packages/airflow/example_dags/example_task_group.py for tasks to queue
[2025-05-04T22:28:13.638+0300] {logging_mixin.py:188} INFO - [2025-05-04T22:28:13.638+0300] {dagbag.py:540} INFO - Filling up the DagBag from /Users/admin/anaconda3/lib/python3.11/site-packages/airflow/example_dags/example_task_group.py
[2025-05-04T22:28:13.644+0300] {processor.py:840} INFO - DAG(s) 'example_task_group' retrieved from /Users/admin/anaconda3/lib/python3.11/site-packages/airflow/example_dags/example_task_group.py
[2025-05-04T22:28:13.708+0300] {logging_mixin.py:188} INFO - [2025-05-04T22:28:13.708+0300] {dag.py:3047} INFO - Sync 1 DAGs
[2025-05-04T22:28:13.717+0300] {logging_mixin.py:188} INFO - [2025-05-04T22:28:13.717+0300] {dag.py:3834} INFO - Setting next_dagrun for example_task_group to 2025-05-03 00:00:00+00:00, run_after=2025-05-04 00:00:00+00:00
[2025-05-04T22:28:13.728+0300] {processor.py:183} INFO - Processing /Users/admin/anaconda3/lib/python3.11/site-packages/airflow/example_dags/example_task_group.py took 0.093 seconds
[2025-05-04T22:29:35.795+0300] {processor.py:161} INFO - Started process (PID=17506) to work on /Users/admin/anaconda3/lib/python3.11/site-packages/airflow/example_dags/example_task_group.py
[2025-05-04T22:29:35.796+0300] {processor.py:830} INFO - Processing file /Users/admin/anaconda3/lib/python3.11/site-packages/airflow/example_dags/example_task_group.py for tasks to queue
[2025-05-04T22:29:35.796+0300] {logging_mixin.py:188} INFO - [2025-05-04T22:29:35.796+0300] {dagbag.py:540} INFO - Filling up the DagBag from /Users/admin/anaconda3/lib/python3.11/site-packages/airflow/example_dags/example_task_group.py
[2025-05-04T22:29:35.804+0300] {processor.py:840} INFO - DAG(s) 'example_task_group' retrieved from /Users/admin/anaconda3/lib/python3.11/site-packages/airflow/example_dags/example_task_group.py
[2025-05-04T22:29:35.867+0300] {logging_mixin.py:188} INFO - [2025-05-04T22:29:35.867+0300] {dag.py:3047} INFO - Sync 1 DAGs
[2025-05-04T22:29:35.876+0300] {logging_mixin.py:188} INFO - [2025-05-04T22:29:35.876+0300] {dag.py:3834} INFO - Setting next_dagrun for example_task_group to 2025-05-03 00:00:00+00:00, run_after=2025-05-04 00:00:00+00:00
[2025-05-04T22:29:35.887+0300] {processor.py:183} INFO - Processing /Users/admin/anaconda3/lib/python3.11/site-packages/airflow/example_dags/example_task_group.py took 0.092 seconds
[2025-05-04T22:30:56.788+0300] {processor.py:161} INFO - Started process (PID=17903) to work on /Users/admin/anaconda3/lib/python3.11/site-packages/airflow/example_dags/example_task_group.py
[2025-05-04T22:30:56.789+0300] {processor.py:830} INFO - Processing file /Users/admin/anaconda3/lib/python3.11/site-packages/airflow/example_dags/example_task_group.py for tasks to queue
[2025-05-04T22:30:56.789+0300] {logging_mixin.py:188} INFO - [2025-05-04T22:30:56.789+0300] {dagbag.py:540} INFO - Filling up the DagBag from /Users/admin/anaconda3/lib/python3.11/site-packages/airflow/example_dags/example_task_group.py
[2025-05-04T22:30:56.796+0300] {processor.py:840} INFO - DAG(s) 'example_task_group' retrieved from /Users/admin/anaconda3/lib/python3.11/site-packages/airflow/example_dags/example_task_group.py
[2025-05-04T22:30:56.858+0300] {logging_mixin.py:188} INFO - [2025-05-04T22:30:56.858+0300] {dag.py:3047} INFO - Sync 1 DAGs
[2025-05-04T22:30:56.868+0300] {logging_mixin.py:188} INFO - [2025-05-04T22:30:56.868+0300] {dag.py:3834} INFO - Setting next_dagrun for example_task_group to 2025-05-03 00:00:00+00:00, run_after=2025-05-04 00:00:00+00:00
[2025-05-04T22:30:56.878+0300] {processor.py:183} INFO - Processing /Users/admin/anaconda3/lib/python3.11/site-packages/airflow/example_dags/example_task_group.py took 0.091 seconds
[2025-05-04T23:16:14.145+0300] {processor.py:161} INFO - Started process (PID=18383) to work on /Users/admin/anaconda3/lib/python3.11/site-packages/airflow/example_dags/example_task_group.py
[2025-05-04T23:16:14.146+0300] {processor.py:830} INFO - Processing file /Users/admin/anaconda3/lib/python3.11/site-packages/airflow/example_dags/example_task_group.py for tasks to queue
[2025-05-04T23:16:14.147+0300] {logging_mixin.py:188} INFO - [2025-05-04T23:16:14.147+0300] {dagbag.py:540} INFO - Filling up the DagBag from /Users/admin/anaconda3/lib/python3.11/site-packages/airflow/example_dags/example_task_group.py
[2025-05-04T23:16:14.153+0300] {processor.py:840} INFO - DAG(s) 'example_task_group' retrieved from /Users/admin/anaconda3/lib/python3.11/site-packages/airflow/example_dags/example_task_group.py
[2025-05-04T23:16:14.215+0300] {logging_mixin.py:188} INFO - [2025-05-04T23:16:14.215+0300] {dag.py:3047} INFO - Sync 1 DAGs
[2025-05-04T23:16:14.224+0300] {logging_mixin.py:188} INFO - [2025-05-04T23:16:14.224+0300] {dag.py:3834} INFO - Setting next_dagrun for example_task_group to 2025-05-03 00:00:00+00:00, run_after=2025-05-04 00:00:00+00:00
[2025-05-04T23:16:14.234+0300] {processor.py:183} INFO - Processing /Users/admin/anaconda3/lib/python3.11/site-packages/airflow/example_dags/example_task_group.py took 0.089 seconds
[2025-05-04T23:17:37.316+0300] {processor.py:161} INFO - Started process (PID=18780) to work on /Users/admin/anaconda3/lib/python3.11/site-packages/airflow/example_dags/example_task_group.py
[2025-05-04T23:17:37.318+0300] {processor.py:830} INFO - Processing file /Users/admin/anaconda3/lib/python3.11/site-packages/airflow/example_dags/example_task_group.py for tasks to queue
[2025-05-04T23:17:37.318+0300] {logging_mixin.py:188} INFO - [2025-05-04T23:17:37.318+0300] {dagbag.py:540} INFO - Filling up the DagBag from /Users/admin/anaconda3/lib/python3.11/site-packages/airflow/example_dags/example_task_group.py
[2025-05-04T23:17:37.324+0300] {processor.py:840} INFO - DAG(s) 'example_task_group' retrieved from /Users/admin/anaconda3/lib/python3.11/site-packages/airflow/example_dags/example_task_group.py
[2025-05-04T23:17:37.389+0300] {logging_mixin.py:188} INFO - [2025-05-04T23:17:37.389+0300] {dag.py:3047} INFO - Sync 1 DAGs
[2025-05-04T23:17:37.399+0300] {logging_mixin.py:188} INFO - [2025-05-04T23:17:37.399+0300] {dag.py:3834} INFO - Setting next_dagrun for example_task_group to 2025-05-03 00:00:00+00:00, run_after=2025-05-04 00:00:00+00:00
[2025-05-04T23:17:37.409+0300] {processor.py:183} INFO - Processing /Users/admin/anaconda3/lib/python3.11/site-packages/airflow/example_dags/example_task_group.py took 0.094 seconds
[2025-05-04T23:19:00.583+0300] {processor.py:161} INFO - Started process (PID=19173) to work on /Users/admin/anaconda3/lib/python3.11/site-packages/airflow/example_dags/example_task_group.py
[2025-05-04T23:19:00.585+0300] {processor.py:830} INFO - Processing file /Users/admin/anaconda3/lib/python3.11/site-packages/airflow/example_dags/example_task_group.py for tasks to queue
[2025-05-04T23:19:00.586+0300] {logging_mixin.py:188} INFO - [2025-05-04T23:19:00.586+0300] {dagbag.py:540} INFO - Filling up the DagBag from /Users/admin/anaconda3/lib/python3.11/site-packages/airflow/example_dags/example_task_group.py
[2025-05-04T23:19:00.592+0300] {processor.py:840} INFO - DAG(s) 'example_task_group' retrieved from /Users/admin/anaconda3/lib/python3.11/site-packages/airflow/example_dags/example_task_group.py
[2025-05-04T23:19:00.655+0300] {logging_mixin.py:188} INFO - [2025-05-04T23:19:00.654+0300] {dag.py:3047} INFO - Sync 1 DAGs
[2025-05-04T23:19:00.664+0300] {logging_mixin.py:188} INFO - [2025-05-04T23:19:00.664+0300] {dag.py:3834} INFO - Setting next_dagrun for example_task_group to 2025-05-03 00:00:00+00:00, run_after=2025-05-04 00:00:00+00:00
[2025-05-04T23:19:00.674+0300] {processor.py:183} INFO - Processing /Users/admin/anaconda3/lib/python3.11/site-packages/airflow/example_dags/example_task_group.py took 0.092 seconds
[2025-05-04T23:20:21.711+0300] {processor.py:161} INFO - Started process (PID=19557) to work on /Users/admin/anaconda3/lib/python3.11/site-packages/airflow/example_dags/example_task_group.py
[2025-05-04T23:20:21.713+0300] {processor.py:830} INFO - Processing file /Users/admin/anaconda3/lib/python3.11/site-packages/airflow/example_dags/example_task_group.py for tasks to queue
[2025-05-04T23:20:21.713+0300] {logging_mixin.py:188} INFO - [2025-05-04T23:20:21.713+0300] {dagbag.py:540} INFO - Filling up the DagBag from /Users/admin/anaconda3/lib/python3.11/site-packages/airflow/example_dags/example_task_group.py
[2025-05-04T23:20:21.719+0300] {processor.py:840} INFO - DAG(s) 'example_task_group' retrieved from /Users/admin/anaconda3/lib/python3.11/site-packages/airflow/example_dags/example_task_group.py
[2025-05-04T23:20:21.781+0300] {logging_mixin.py:188} INFO - [2025-05-04T23:20:21.781+0300] {dag.py:3047} INFO - Sync 1 DAGs
[2025-05-04T23:20:21.790+0300] {logging_mixin.py:188} INFO - [2025-05-04T23:20:21.790+0300] {dag.py:3834} INFO - Setting next_dagrun for example_task_group to 2025-05-03 00:00:00+00:00, run_after=2025-05-04 00:00:00+00:00
[2025-05-04T23:20:21.800+0300] {processor.py:183} INFO - Processing /Users/admin/anaconda3/lib/python3.11/site-packages/airflow/example_dags/example_task_group.py took 0.090 seconds
[2025-05-04T23:21:49.797+0300] {processor.py:161} INFO - Started process (PID=19967) to work on /Users/admin/anaconda3/lib/python3.11/site-packages/airflow/example_dags/example_task_group.py
[2025-05-04T23:21:49.798+0300] {processor.py:830} INFO - Processing file /Users/admin/anaconda3/lib/python3.11/site-packages/airflow/example_dags/example_task_group.py for tasks to queue
[2025-05-04T23:21:49.799+0300] {logging_mixin.py:188} INFO - [2025-05-04T23:21:49.799+0300] {dagbag.py:540} INFO - Filling up the DagBag from /Users/admin/anaconda3/lib/python3.11/site-packages/airflow/example_dags/example_task_group.py
[2025-05-04T23:21:49.806+0300] {processor.py:840} INFO - DAG(s) 'example_task_group' retrieved from /Users/admin/anaconda3/lib/python3.11/site-packages/airflow/example_dags/example_task_group.py
[2025-05-04T23:21:49.881+0300] {logging_mixin.py:188} INFO - [2025-05-04T23:21:49.881+0300] {dag.py:3047} INFO - Sync 1 DAGs
[2025-05-04T23:21:49.892+0300] {logging_mixin.py:188} INFO - [2025-05-04T23:21:49.892+0300] {dag.py:3834} INFO - Setting next_dagrun for example_task_group to 2025-05-03 00:00:00+00:00, run_after=2025-05-04 00:00:00+00:00
[2025-05-04T23:21:49.903+0300] {processor.py:183} INFO - Processing /Users/admin/anaconda3/lib/python3.11/site-packages/airflow/example_dags/example_task_group.py took 0.107 seconds
[2025-05-04T23:23:19.808+0300] {processor.py:161} INFO - Started process (PID=20386) to work on /Users/admin/anaconda3/lib/python3.11/site-packages/airflow/example_dags/example_task_group.py
[2025-05-04T23:23:19.809+0300] {processor.py:830} INFO - Processing file /Users/admin/anaconda3/lib/python3.11/site-packages/airflow/example_dags/example_task_group.py for tasks to queue
[2025-05-04T23:23:19.810+0300] {logging_mixin.py:188} INFO - [2025-05-04T23:23:19.809+0300] {dagbag.py:540} INFO - Filling up the DagBag from /Users/admin/anaconda3/lib/python3.11/site-packages/airflow/example_dags/example_task_group.py
[2025-05-04T23:23:19.816+0300] {processor.py:840} INFO - DAG(s) 'example_task_group' retrieved from /Users/admin/anaconda3/lib/python3.11/site-packages/airflow/example_dags/example_task_group.py
[2025-05-04T23:23:19.879+0300] {logging_mixin.py:188} INFO - [2025-05-04T23:23:19.879+0300] {dag.py:3047} INFO - Sync 1 DAGs
[2025-05-04T23:23:19.890+0300] {logging_mixin.py:188} INFO - [2025-05-04T23:23:19.890+0300] {dag.py:3834} INFO - Setting next_dagrun for example_task_group to 2025-05-03 00:00:00+00:00, run_after=2025-05-04 00:00:00+00:00
[2025-05-04T23:23:19.900+0300] {processor.py:183} INFO - Processing /Users/admin/anaconda3/lib/python3.11/site-packages/airflow/example_dags/example_task_group.py took 0.093 seconds
[2025-05-04T23:24:46.691+0300] {processor.py:161} INFO - Started process (PID=20796) to work on /Users/admin/anaconda3/lib/python3.11/site-packages/airflow/example_dags/example_task_group.py
[2025-05-04T23:24:46.693+0300] {processor.py:830} INFO - Processing file /Users/admin/anaconda3/lib/python3.11/site-packages/airflow/example_dags/example_task_group.py for tasks to queue
[2025-05-04T23:24:46.693+0300] {logging_mixin.py:188} INFO - [2025-05-04T23:24:46.693+0300] {dagbag.py:540} INFO - Filling up the DagBag from /Users/admin/anaconda3/lib/python3.11/site-packages/airflow/example_dags/example_task_group.py
[2025-05-04T23:24:46.699+0300] {processor.py:840} INFO - DAG(s) 'example_task_group' retrieved from /Users/admin/anaconda3/lib/python3.11/site-packages/airflow/example_dags/example_task_group.py
[2025-05-04T23:24:46.761+0300] {logging_mixin.py:188} INFO - [2025-05-04T23:24:46.761+0300] {dag.py:3047} INFO - Sync 1 DAGs
[2025-05-04T23:24:46.771+0300] {logging_mixin.py:188} INFO - [2025-05-04T23:24:46.770+0300] {dag.py:3834} INFO - Setting next_dagrun for example_task_group to 2025-05-03 00:00:00+00:00, run_after=2025-05-04 00:00:00+00:00
[2025-05-04T23:24:46.781+0300] {processor.py:183} INFO - Processing /Users/admin/anaconda3/lib/python3.11/site-packages/airflow/example_dags/example_task_group.py took 0.090 seconds
[2025-05-04T23:26:13.911+0300] {processor.py:161} INFO - Started process (PID=21206) to work on /Users/admin/anaconda3/lib/python3.11/site-packages/airflow/example_dags/example_task_group.py
[2025-05-04T23:26:13.913+0300] {processor.py:830} INFO - Processing file /Users/admin/anaconda3/lib/python3.11/site-packages/airflow/example_dags/example_task_group.py for tasks to queue
[2025-05-04T23:26:13.913+0300] {logging_mixin.py:188} INFO - [2025-05-04T23:26:13.913+0300] {dagbag.py:540} INFO - Filling up the DagBag from /Users/admin/anaconda3/lib/python3.11/site-packages/airflow/example_dags/example_task_group.py
[2025-05-04T23:26:13.919+0300] {processor.py:840} INFO - DAG(s) 'example_task_group' retrieved from /Users/admin/anaconda3/lib/python3.11/site-packages/airflow/example_dags/example_task_group.py
[2025-05-04T23:26:13.981+0300] {logging_mixin.py:188} INFO - [2025-05-04T23:26:13.981+0300] {dag.py:3047} INFO - Sync 1 DAGs
[2025-05-04T23:26:13.990+0300] {logging_mixin.py:188} INFO - [2025-05-04T23:26:13.990+0300] {dag.py:3834} INFO - Setting next_dagrun for example_task_group to 2025-05-03 00:00:00+00:00, run_after=2025-05-04 00:00:00+00:00
[2025-05-04T23:26:14.000+0300] {processor.py:183} INFO - Processing /Users/admin/anaconda3/lib/python3.11/site-packages/airflow/example_dags/example_task_group.py took 0.089 seconds
[2025-05-04T23:27:39.370+0300] {processor.py:161} INFO - Started process (PID=21612) to work on /Users/admin/anaconda3/lib/python3.11/site-packages/airflow/example_dags/example_task_group.py
[2025-05-04T23:27:39.371+0300] {processor.py:830} INFO - Processing file /Users/admin/anaconda3/lib/python3.11/site-packages/airflow/example_dags/example_task_group.py for tasks to queue
[2025-05-04T23:27:39.371+0300] {logging_mixin.py:188} INFO - [2025-05-04T23:27:39.371+0300] {dagbag.py:540} INFO - Filling up the DagBag from /Users/admin/anaconda3/lib/python3.11/site-packages/airflow/example_dags/example_task_group.py
[2025-05-04T23:27:39.378+0300] {processor.py:840} INFO - DAG(s) 'example_task_group' retrieved from /Users/admin/anaconda3/lib/python3.11/site-packages/airflow/example_dags/example_task_group.py
[2025-05-04T23:27:39.439+0300] {logging_mixin.py:188} INFO - [2025-05-04T23:27:39.439+0300] {dag.py:3047} INFO - Sync 1 DAGs
[2025-05-04T23:27:39.448+0300] {logging_mixin.py:188} INFO - [2025-05-04T23:27:39.448+0300] {dag.py:3834} INFO - Setting next_dagrun for example_task_group to 2025-05-03 00:00:00+00:00, run_after=2025-05-04 00:00:00+00:00
[2025-05-04T23:27:39.459+0300] {processor.py:183} INFO - Processing /Users/admin/anaconda3/lib/python3.11/site-packages/airflow/example_dags/example_task_group.py took 0.089 seconds
[2025-05-04T23:29:08.307+0300] {processor.py:161} INFO - Started process (PID=22034) to work on /Users/admin/anaconda3/lib/python3.11/site-packages/airflow/example_dags/example_task_group.py
[2025-05-04T23:29:08.308+0300] {processor.py:830} INFO - Processing file /Users/admin/anaconda3/lib/python3.11/site-packages/airflow/example_dags/example_task_group.py for tasks to queue
[2025-05-04T23:29:08.308+0300] {logging_mixin.py:188} INFO - [2025-05-04T23:29:08.308+0300] {dagbag.py:540} INFO - Filling up the DagBag from /Users/admin/anaconda3/lib/python3.11/site-packages/airflow/example_dags/example_task_group.py
[2025-05-04T23:29:08.315+0300] {processor.py:840} INFO - DAG(s) 'example_task_group' retrieved from /Users/admin/anaconda3/lib/python3.11/site-packages/airflow/example_dags/example_task_group.py
[2025-05-04T23:29:08.376+0300] {logging_mixin.py:188} INFO - [2025-05-04T23:29:08.376+0300] {dag.py:3047} INFO - Sync 1 DAGs
[2025-05-04T23:29:08.385+0300] {logging_mixin.py:188} INFO - [2025-05-04T23:29:08.385+0300] {dag.py:3834} INFO - Setting next_dagrun for example_task_group to 2025-05-03 00:00:00+00:00, run_after=2025-05-04 00:00:00+00:00
[2025-05-04T23:29:08.395+0300] {processor.py:183} INFO - Processing /Users/admin/anaconda3/lib/python3.11/site-packages/airflow/example_dags/example_task_group.py took 0.089 seconds
[2025-05-04T23:30:35.672+0300] {processor.py:161} INFO - Started process (PID=22462) to work on /Users/admin/anaconda3/lib/python3.11/site-packages/airflow/example_dags/example_task_group.py
[2025-05-04T23:30:35.673+0300] {processor.py:830} INFO - Processing file /Users/admin/anaconda3/lib/python3.11/site-packages/airflow/example_dags/example_task_group.py for tasks to queue
[2025-05-04T23:30:35.674+0300] {logging_mixin.py:188} INFO - [2025-05-04T23:30:35.674+0300] {dagbag.py:540} INFO - Filling up the DagBag from /Users/admin/anaconda3/lib/python3.11/site-packages/airflow/example_dags/example_task_group.py
[2025-05-04T23:30:35.680+0300] {processor.py:840} INFO - DAG(s) 'example_task_group' retrieved from /Users/admin/anaconda3/lib/python3.11/site-packages/airflow/example_dags/example_task_group.py
[2025-05-04T23:30:35.742+0300] {logging_mixin.py:188} INFO - [2025-05-04T23:30:35.742+0300] {dag.py:3047} INFO - Sync 1 DAGs
[2025-05-04T23:30:35.752+0300] {logging_mixin.py:188} INFO - [2025-05-04T23:30:35.751+0300] {dag.py:3834} INFO - Setting next_dagrun for example_task_group to 2025-05-03 00:00:00+00:00, run_after=2025-05-04 00:00:00+00:00
[2025-05-04T23:30:35.762+0300] {processor.py:183} INFO - Processing /Users/admin/anaconda3/lib/python3.11/site-packages/airflow/example_dags/example_task_group.py took 0.090 seconds
[2025-05-04T23:32:07.353+0300] {processor.py:161} INFO - Started process (PID=22887) to work on /Users/admin/anaconda3/lib/python3.11/site-packages/airflow/example_dags/example_task_group.py
[2025-05-04T23:32:07.354+0300] {processor.py:830} INFO - Processing file /Users/admin/anaconda3/lib/python3.11/site-packages/airflow/example_dags/example_task_group.py for tasks to queue
[2025-05-04T23:32:07.355+0300] {logging_mixin.py:188} INFO - [2025-05-04T23:32:07.355+0300] {dagbag.py:540} INFO - Filling up the DagBag from /Users/admin/anaconda3/lib/python3.11/site-packages/airflow/example_dags/example_task_group.py
[2025-05-04T23:32:07.361+0300] {processor.py:840} INFO - DAG(s) 'example_task_group' retrieved from /Users/admin/anaconda3/lib/python3.11/site-packages/airflow/example_dags/example_task_group.py
[2025-05-04T23:32:07.425+0300] {logging_mixin.py:188} INFO - [2025-05-04T23:32:07.425+0300] {dag.py:3047} INFO - Sync 1 DAGs
[2025-05-04T23:32:07.436+0300] {logging_mixin.py:188} INFO - [2025-05-04T23:32:07.435+0300] {dag.py:3834} INFO - Setting next_dagrun for example_task_group to 2025-05-03 00:00:00+00:00, run_after=2025-05-04 00:00:00+00:00
[2025-05-04T23:32:07.446+0300] {processor.py:183} INFO - Processing /Users/admin/anaconda3/lib/python3.11/site-packages/airflow/example_dags/example_task_group.py took 0.094 seconds
[2025-05-04T23:33:35.762+0300] {processor.py:161} INFO - Started process (PID=23305) to work on /Users/admin/anaconda3/lib/python3.11/site-packages/airflow/example_dags/example_task_group.py
[2025-05-04T23:33:35.764+0300] {processor.py:830} INFO - Processing file /Users/admin/anaconda3/lib/python3.11/site-packages/airflow/example_dags/example_task_group.py for tasks to queue
[2025-05-04T23:33:35.764+0300] {logging_mixin.py:188} INFO - [2025-05-04T23:33:35.764+0300] {dagbag.py:540} INFO - Filling up the DagBag from /Users/admin/anaconda3/lib/python3.11/site-packages/airflow/example_dags/example_task_group.py
[2025-05-04T23:33:35.771+0300] {processor.py:840} INFO - DAG(s) 'example_task_group' retrieved from /Users/admin/anaconda3/lib/python3.11/site-packages/airflow/example_dags/example_task_group.py
[2025-05-04T23:33:35.835+0300] {logging_mixin.py:188} INFO - [2025-05-04T23:33:35.835+0300] {dag.py:3047} INFO - Sync 1 DAGs
[2025-05-04T23:33:35.844+0300] {logging_mixin.py:188} INFO - [2025-05-04T23:33:35.844+0300] {dag.py:3834} INFO - Setting next_dagrun for example_task_group to 2025-05-03 00:00:00+00:00, run_after=2025-05-04 00:00:00+00:00
[2025-05-04T23:33:35.855+0300] {processor.py:183} INFO - Processing /Users/admin/anaconda3/lib/python3.11/site-packages/airflow/example_dags/example_task_group.py took 0.093 seconds
[2025-05-04T23:35:07.255+0300] {processor.py:161} INFO - Started process (PID=23733) to work on /Users/admin/anaconda3/lib/python3.11/site-packages/airflow/example_dags/example_task_group.py
[2025-05-04T23:35:07.256+0300] {processor.py:830} INFO - Processing file /Users/admin/anaconda3/lib/python3.11/site-packages/airflow/example_dags/example_task_group.py for tasks to queue
[2025-05-04T23:35:07.256+0300] {logging_mixin.py:188} INFO - [2025-05-04T23:35:07.256+0300] {dagbag.py:540} INFO - Filling up the DagBag from /Users/admin/anaconda3/lib/python3.11/site-packages/airflow/example_dags/example_task_group.py
[2025-05-04T23:35:07.263+0300] {processor.py:840} INFO - DAG(s) 'example_task_group' retrieved from /Users/admin/anaconda3/lib/python3.11/site-packages/airflow/example_dags/example_task_group.py
[2025-05-04T23:35:07.326+0300] {logging_mixin.py:188} INFO - [2025-05-04T23:35:07.326+0300] {dag.py:3047} INFO - Sync 1 DAGs
[2025-05-04T23:35:07.335+0300] {logging_mixin.py:188} INFO - [2025-05-04T23:35:07.335+0300] {dag.py:3834} INFO - Setting next_dagrun for example_task_group to 2025-05-03 00:00:00+00:00, run_after=2025-05-04 00:00:00+00:00
[2025-05-04T23:35:07.345+0300] {processor.py:183} INFO - Processing /Users/admin/anaconda3/lib/python3.11/site-packages/airflow/example_dags/example_task_group.py took 0.091 seconds
[2025-05-04T23:36:39.048+0300] {processor.py:161} INFO - Started process (PID=24177) to work on /Users/admin/anaconda3/lib/python3.11/site-packages/airflow/example_dags/example_task_group.py
[2025-05-04T23:36:39.050+0300] {processor.py:830} INFO - Processing file /Users/admin/anaconda3/lib/python3.11/site-packages/airflow/example_dags/example_task_group.py for tasks to queue
[2025-05-04T23:36:39.050+0300] {logging_mixin.py:188} INFO - [2025-05-04T23:36:39.050+0300] {dagbag.py:540} INFO - Filling up the DagBag from /Users/admin/anaconda3/lib/python3.11/site-packages/airflow/example_dags/example_task_group.py
[2025-05-04T23:36:39.056+0300] {processor.py:840} INFO - DAG(s) 'example_task_group' retrieved from /Users/admin/anaconda3/lib/python3.11/site-packages/airflow/example_dags/example_task_group.py
[2025-05-04T23:36:39.119+0300] {logging_mixin.py:188} INFO - [2025-05-04T23:36:39.119+0300] {dag.py:3047} INFO - Sync 1 DAGs
[2025-05-04T23:36:39.128+0300] {logging_mixin.py:188} INFO - [2025-05-04T23:36:39.128+0300] {dag.py:3834} INFO - Setting next_dagrun for example_task_group to 2025-05-03 00:00:00+00:00, run_after=2025-05-04 00:00:00+00:00
[2025-05-04T23:36:39.138+0300] {processor.py:183} INFO - Processing /Users/admin/anaconda3/lib/python3.11/site-packages/airflow/example_dags/example_task_group.py took 0.091 seconds
[2025-05-04T23:38:08.446+0300] {processor.py:161} INFO - Started process (PID=24616) to work on /Users/admin/anaconda3/lib/python3.11/site-packages/airflow/example_dags/example_task_group.py
[2025-05-04T23:38:08.446+0300] {processor.py:830} INFO - Processing file /Users/admin/anaconda3/lib/python3.11/site-packages/airflow/example_dags/example_task_group.py for tasks to queue
[2025-05-04T23:38:08.447+0300] {logging_mixin.py:188} INFO - [2025-05-04T23:38:08.447+0300] {dagbag.py:540} INFO - Filling up the DagBag from /Users/admin/anaconda3/lib/python3.11/site-packages/airflow/example_dags/example_task_group.py
[2025-05-04T23:38:08.453+0300] {processor.py:840} INFO - DAG(s) 'example_task_group' retrieved from /Users/admin/anaconda3/lib/python3.11/site-packages/airflow/example_dags/example_task_group.py
[2025-05-04T23:38:08.515+0300] {logging_mixin.py:188} INFO - [2025-05-04T23:38:08.515+0300] {dag.py:3047} INFO - Sync 1 DAGs
[2025-05-04T23:38:08.524+0300] {logging_mixin.py:188} INFO - [2025-05-04T23:38:08.524+0300] {dag.py:3834} INFO - Setting next_dagrun for example_task_group to 2025-05-03 00:00:00+00:00, run_after=2025-05-04 00:00:00+00:00
[2025-05-04T23:38:08.535+0300] {processor.py:183} INFO - Processing /Users/admin/anaconda3/lib/python3.11/site-packages/airflow/example_dags/example_task_group.py took 0.090 seconds
[2025-05-04T23:39:39.427+0300] {processor.py:161} INFO - Started process (PID=25044) to work on /Users/admin/anaconda3/lib/python3.11/site-packages/airflow/example_dags/example_task_group.py
[2025-05-04T23:39:39.428+0300] {processor.py:830} INFO - Processing file /Users/admin/anaconda3/lib/python3.11/site-packages/airflow/example_dags/example_task_group.py for tasks to queue
[2025-05-04T23:39:39.429+0300] {logging_mixin.py:188} INFO - [2025-05-04T23:39:39.429+0300] {dagbag.py:540} INFO - Filling up the DagBag from /Users/admin/anaconda3/lib/python3.11/site-packages/airflow/example_dags/example_task_group.py
[2025-05-04T23:39:39.436+0300] {processor.py:840} INFO - DAG(s) 'example_task_group' retrieved from /Users/admin/anaconda3/lib/python3.11/site-packages/airflow/example_dags/example_task_group.py
[2025-05-04T23:39:39.506+0300] {logging_mixin.py:188} INFO - [2025-05-04T23:39:39.506+0300] {dag.py:3047} INFO - Sync 1 DAGs
[2025-05-04T23:39:39.516+0300] {logging_mixin.py:188} INFO - [2025-05-04T23:39:39.516+0300] {dag.py:3834} INFO - Setting next_dagrun for example_task_group to 2025-05-03 00:00:00+00:00, run_after=2025-05-04 00:00:00+00:00
[2025-05-04T23:39:39.528+0300] {processor.py:183} INFO - Processing /Users/admin/anaconda3/lib/python3.11/site-packages/airflow/example_dags/example_task_group.py took 0.102 seconds
[2025-05-04T23:41:23.082+0300] {processor.py:161} INFO - Started process (PID=25528) to work on /Users/admin/anaconda3/lib/python3.11/site-packages/airflow/example_dags/example_task_group.py
[2025-05-04T23:41:23.084+0300] {processor.py:830} INFO - Processing file /Users/admin/anaconda3/lib/python3.11/site-packages/airflow/example_dags/example_task_group.py for tasks to queue
[2025-05-04T23:41:23.084+0300] {logging_mixin.py:188} INFO - [2025-05-04T23:41:23.084+0300] {dagbag.py:540} INFO - Filling up the DagBag from /Users/admin/anaconda3/lib/python3.11/site-packages/airflow/example_dags/example_task_group.py
[2025-05-04T23:41:23.092+0300] {processor.py:840} INFO - DAG(s) 'example_task_group' retrieved from /Users/admin/anaconda3/lib/python3.11/site-packages/airflow/example_dags/example_task_group.py
[2025-05-04T23:41:23.189+0300] {logging_mixin.py:188} INFO - [2025-05-04T23:41:23.189+0300] {dag.py:3047} INFO - Sync 1 DAGs
[2025-05-04T23:41:23.206+0300] {logging_mixin.py:188} INFO - [2025-05-04T23:41:23.206+0300] {dag.py:3834} INFO - Setting next_dagrun for example_task_group to 2025-05-03 00:00:00+00:00, run_after=2025-05-04 00:00:00+00:00
[2025-05-04T23:41:23.225+0300] {processor.py:183} INFO - Processing /Users/admin/anaconda3/lib/python3.11/site-packages/airflow/example_dags/example_task_group.py took 0.144 seconds
[2025-05-04T23:43:08.088+0300] {processor.py:161} INFO - Started process (PID=26004) to work on /Users/admin/anaconda3/lib/python3.11/site-packages/airflow/example_dags/example_task_group.py
[2025-05-04T23:43:08.089+0300] {processor.py:830} INFO - Processing file /Users/admin/anaconda3/lib/python3.11/site-packages/airflow/example_dags/example_task_group.py for tasks to queue
[2025-05-04T23:43:08.090+0300] {logging_mixin.py:188} INFO - [2025-05-04T23:43:08.090+0300] {dagbag.py:540} INFO - Filling up the DagBag from /Users/admin/anaconda3/lib/python3.11/site-packages/airflow/example_dags/example_task_group.py
[2025-05-04T23:43:08.096+0300] {processor.py:840} INFO - DAG(s) 'example_task_group' retrieved from /Users/admin/anaconda3/lib/python3.11/site-packages/airflow/example_dags/example_task_group.py
[2025-05-04T23:43:08.158+0300] {logging_mixin.py:188} INFO - [2025-05-04T23:43:08.158+0300] {dag.py:3047} INFO - Sync 1 DAGs
[2025-05-04T23:43:08.167+0300] {logging_mixin.py:188} INFO - [2025-05-04T23:43:08.167+0300] {dag.py:3834} INFO - Setting next_dagrun for example_task_group to 2025-05-03 00:00:00+00:00, run_after=2025-05-04 00:00:00+00:00
[2025-05-04T23:43:08.177+0300] {processor.py:183} INFO - Processing /Users/admin/anaconda3/lib/python3.11/site-packages/airflow/example_dags/example_task_group.py took 0.090 seconds
[2025-05-04T23:44:48.193+0300] {processor.py:161} INFO - Started process (PID=26472) to work on /Users/admin/anaconda3/lib/python3.11/site-packages/airflow/example_dags/example_task_group.py
[2025-05-04T23:44:48.194+0300] {processor.py:830} INFO - Processing file /Users/admin/anaconda3/lib/python3.11/site-packages/airflow/example_dags/example_task_group.py for tasks to queue
[2025-05-04T23:44:48.195+0300] {logging_mixin.py:188} INFO - [2025-05-04T23:44:48.194+0300] {dagbag.py:540} INFO - Filling up the DagBag from /Users/admin/anaconda3/lib/python3.11/site-packages/airflow/example_dags/example_task_group.py
[2025-05-04T23:44:48.201+0300] {processor.py:840} INFO - DAG(s) 'example_task_group' retrieved from /Users/admin/anaconda3/lib/python3.11/site-packages/airflow/example_dags/example_task_group.py
[2025-05-04T23:44:48.262+0300] {logging_mixin.py:188} INFO - [2025-05-04T23:44:48.262+0300] {dag.py:3047} INFO - Sync 1 DAGs
[2025-05-04T23:44:48.272+0300] {logging_mixin.py:188} INFO - [2025-05-04T23:44:48.272+0300] {dag.py:3834} INFO - Setting next_dagrun for example_task_group to 2025-05-03 00:00:00+00:00, run_after=2025-05-04 00:00:00+00:00
[2025-05-04T23:44:48.282+0300] {processor.py:183} INFO - Processing /Users/admin/anaconda3/lib/python3.11/site-packages/airflow/example_dags/example_task_group.py took 0.089 seconds
[2025-05-04T23:46:23.461+0300] {processor.py:161} INFO - Started process (PID=26919) to work on /Users/admin/anaconda3/lib/python3.11/site-packages/airflow/example_dags/example_task_group.py
[2025-05-04T23:46:23.462+0300] {processor.py:830} INFO - Processing file /Users/admin/anaconda3/lib/python3.11/site-packages/airflow/example_dags/example_task_group.py for tasks to queue
[2025-05-04T23:46:23.463+0300] {logging_mixin.py:188} INFO - [2025-05-04T23:46:23.463+0300] {dagbag.py:540} INFO - Filling up the DagBag from /Users/admin/anaconda3/lib/python3.11/site-packages/airflow/example_dags/example_task_group.py
[2025-05-04T23:46:23.469+0300] {processor.py:840} INFO - DAG(s) 'example_task_group' retrieved from /Users/admin/anaconda3/lib/python3.11/site-packages/airflow/example_dags/example_task_group.py
[2025-05-04T23:46:23.531+0300] {logging_mixin.py:188} INFO - [2025-05-04T23:46:23.531+0300] {dag.py:3047} INFO - Sync 1 DAGs
[2025-05-04T23:46:23.540+0300] {logging_mixin.py:188} INFO - [2025-05-04T23:46:23.540+0300] {dag.py:3834} INFO - Setting next_dagrun for example_task_group to 2025-05-03 00:00:00+00:00, run_after=2025-05-04 00:00:00+00:00
[2025-05-04T23:46:23.550+0300] {processor.py:183} INFO - Processing /Users/admin/anaconda3/lib/python3.11/site-packages/airflow/example_dags/example_task_group.py took 0.090 seconds
[2025-05-04T23:47:52.761+0300] {processor.py:161} INFO - Started process (PID=27333) to work on /Users/admin/anaconda3/lib/python3.11/site-packages/airflow/example_dags/example_task_group.py
[2025-05-04T23:47:52.762+0300] {processor.py:830} INFO - Processing file /Users/admin/anaconda3/lib/python3.11/site-packages/airflow/example_dags/example_task_group.py for tasks to queue
[2025-05-04T23:47:52.762+0300] {logging_mixin.py:188} INFO - [2025-05-04T23:47:52.762+0300] {dagbag.py:540} INFO - Filling up the DagBag from /Users/admin/anaconda3/lib/python3.11/site-packages/airflow/example_dags/example_task_group.py
[2025-05-04T23:47:52.769+0300] {processor.py:840} INFO - DAG(s) 'example_task_group' retrieved from /Users/admin/anaconda3/lib/python3.11/site-packages/airflow/example_dags/example_task_group.py
[2025-05-04T23:47:52.830+0300] {logging_mixin.py:188} INFO - [2025-05-04T23:47:52.830+0300] {dag.py:3047} INFO - Sync 1 DAGs
[2025-05-04T23:47:52.839+0300] {logging_mixin.py:188} INFO - [2025-05-04T23:47:52.839+0300] {dag.py:3834} INFO - Setting next_dagrun for example_task_group to 2025-05-03 00:00:00+00:00, run_after=2025-05-04 00:00:00+00:00
[2025-05-04T23:47:52.850+0300] {processor.py:183} INFO - Processing /Users/admin/anaconda3/lib/python3.11/site-packages/airflow/example_dags/example_task_group.py took 0.090 seconds
[2025-05-04T23:49:23.189+0300] {processor.py:161} INFO - Started process (PID=27754) to work on /Users/admin/anaconda3/lib/python3.11/site-packages/airflow/example_dags/example_task_group.py
[2025-05-04T23:49:23.190+0300] {processor.py:830} INFO - Processing file /Users/admin/anaconda3/lib/python3.11/site-packages/airflow/example_dags/example_task_group.py for tasks to queue
[2025-05-04T23:49:23.191+0300] {logging_mixin.py:188} INFO - [2025-05-04T23:49:23.191+0300] {dagbag.py:540} INFO - Filling up the DagBag from /Users/admin/anaconda3/lib/python3.11/site-packages/airflow/example_dags/example_task_group.py
[2025-05-04T23:49:23.197+0300] {processor.py:840} INFO - DAG(s) 'example_task_group' retrieved from /Users/admin/anaconda3/lib/python3.11/site-packages/airflow/example_dags/example_task_group.py
[2025-05-04T23:49:23.259+0300] {logging_mixin.py:188} INFO - [2025-05-04T23:49:23.259+0300] {dag.py:3047} INFO - Sync 1 DAGs
[2025-05-04T23:49:23.269+0300] {logging_mixin.py:188} INFO - [2025-05-04T23:49:23.269+0300] {dag.py:3834} INFO - Setting next_dagrun for example_task_group to 2025-05-03 00:00:00+00:00, run_after=2025-05-04 00:00:00+00:00
[2025-05-04T23:49:23.279+0300] {processor.py:183} INFO - Processing /Users/admin/anaconda3/lib/python3.11/site-packages/airflow/example_dags/example_task_group.py took 0.091 seconds
[2025-05-04T23:50:51.727+0300] {processor.py:161} INFO - Started process (PID=28167) to work on /Users/admin/anaconda3/lib/python3.11/site-packages/airflow/example_dags/example_task_group.py
[2025-05-04T23:50:51.728+0300] {processor.py:830} INFO - Processing file /Users/admin/anaconda3/lib/python3.11/site-packages/airflow/example_dags/example_task_group.py for tasks to queue
[2025-05-04T23:50:51.729+0300] {logging_mixin.py:188} INFO - [2025-05-04T23:50:51.728+0300] {dagbag.py:540} INFO - Filling up the DagBag from /Users/admin/anaconda3/lib/python3.11/site-packages/airflow/example_dags/example_task_group.py
[2025-05-04T23:50:51.735+0300] {processor.py:840} INFO - DAG(s) 'example_task_group' retrieved from /Users/admin/anaconda3/lib/python3.11/site-packages/airflow/example_dags/example_task_group.py
[2025-05-04T23:50:51.798+0300] {logging_mixin.py:188} INFO - [2025-05-04T23:50:51.797+0300] {dag.py:3047} INFO - Sync 1 DAGs
[2025-05-04T23:50:51.807+0300] {logging_mixin.py:188} INFO - [2025-05-04T23:50:51.807+0300] {dag.py:3834} INFO - Setting next_dagrun for example_task_group to 2025-05-03 00:00:00+00:00, run_after=2025-05-04 00:00:00+00:00
[2025-05-04T23:50:51.817+0300] {processor.py:183} INFO - Processing /Users/admin/anaconda3/lib/python3.11/site-packages/airflow/example_dags/example_task_group.py took 0.091 seconds
[2025-05-04T23:52:34.422+0300] {processor.py:161} INFO - Started process (PID=28649) to work on /Users/admin/anaconda3/lib/python3.11/site-packages/airflow/example_dags/example_task_group.py
[2025-05-04T23:52:34.424+0300] {processor.py:830} INFO - Processing file /Users/admin/anaconda3/lib/python3.11/site-packages/airflow/example_dags/example_task_group.py for tasks to queue
[2025-05-04T23:52:34.424+0300] {logging_mixin.py:188} INFO - [2025-05-04T23:52:34.424+0300] {dagbag.py:540} INFO - Filling up the DagBag from /Users/admin/anaconda3/lib/python3.11/site-packages/airflow/example_dags/example_task_group.py
[2025-05-04T23:52:34.430+0300] {processor.py:840} INFO - DAG(s) 'example_task_group' retrieved from /Users/admin/anaconda3/lib/python3.11/site-packages/airflow/example_dags/example_task_group.py
[2025-05-04T23:52:34.491+0300] {logging_mixin.py:188} INFO - [2025-05-04T23:52:34.491+0300] {dag.py:3047} INFO - Sync 1 DAGs
[2025-05-04T23:52:34.500+0300] {logging_mixin.py:188} INFO - [2025-05-04T23:52:34.500+0300] {dag.py:3834} INFO - Setting next_dagrun for example_task_group to 2025-05-03 00:00:00+00:00, run_after=2025-05-04 00:00:00+00:00
[2025-05-04T23:52:34.510+0300] {processor.py:183} INFO - Processing /Users/admin/anaconda3/lib/python3.11/site-packages/airflow/example_dags/example_task_group.py took 0.089 seconds
[2025-05-04T23:58:30.776+0300] {processor.py:161} INFO - Started process (PID=29107) to work on /Users/admin/anaconda3/lib/python3.11/site-packages/airflow/example_dags/example_task_group.py
[2025-05-04T23:58:30.777+0300] {processor.py:830} INFO - Processing file /Users/admin/anaconda3/lib/python3.11/site-packages/airflow/example_dags/example_task_group.py for tasks to queue
[2025-05-04T23:58:30.778+0300] {logging_mixin.py:188} INFO - [2025-05-04T23:58:30.778+0300] {dagbag.py:540} INFO - Filling up the DagBag from /Users/admin/anaconda3/lib/python3.11/site-packages/airflow/example_dags/example_task_group.py
[2025-05-04T23:58:30.784+0300] {processor.py:840} INFO - DAG(s) 'example_task_group' retrieved from /Users/admin/anaconda3/lib/python3.11/site-packages/airflow/example_dags/example_task_group.py
[2025-05-04T23:58:30.846+0300] {logging_mixin.py:188} INFO - [2025-05-04T23:58:30.846+0300] {dag.py:3047} INFO - Sync 1 DAGs
[2025-05-04T23:58:30.855+0300] {logging_mixin.py:188} INFO - [2025-05-04T23:58:30.855+0300] {dag.py:3834} INFO - Setting next_dagrun for example_task_group to 2025-05-03 00:00:00+00:00, run_after=2025-05-04 00:00:00+00:00
[2025-05-04T23:58:30.866+0300] {processor.py:183} INFO - Processing /Users/admin/anaconda3/lib/python3.11/site-packages/airflow/example_dags/example_task_group.py took 0.090 seconds
