[2025-05-04T22:10:55.424+0300] {processor.py:161} INFO - Started process (PID=14065) to work on /Users/admin/anaconda3/lib/python3.11/site-packages/airflow/example_dags/example_xcomargs.py
[2025-05-04T22:10:55.424+0300] {processor.py:830} INFO - Processing file /Users/admin/anaconda3/lib/python3.11/site-packages/airflow/example_dags/example_xcomargs.py for tasks to queue
[2025-05-04T22:10:55.425+0300] {logging_mixin.py:188} INFO - [2025-05-04T22:10:55.425+0300] {dagbag.py:540} INFO - Filling up the DagBag from /Users/admin/anaconda3/lib/python3.11/site-packages/airflow/example_dags/example_xcomargs.py
[2025-05-04T22:10:55.448+0300] {processor.py:840} INFO - DAG(s) 'example_xcom_args', 'example_xcom_args_with_operators' retrieved from /Users/admin/anaconda3/lib/python3.11/site-packages/airflow/example_dags/example_xcomargs.py
[2025-05-04T22:10:55.559+0300] {logging_mixin.py:188} INFO - [2025-05-04T22:10:55.559+0300] {dag.py:3047} INFO - Sync 2 DAGs
[2025-05-04T22:10:55.564+0300] {logging_mixin.py:188} INFO - [2025-05-04T22:10:55.564+0300] {dag.py:3834} INFO - Setting next_dagrun for example_xcom_args to None, run_after=None
[2025-05-04T22:10:55.565+0300] {logging_mixin.py:188} INFO - [2025-05-04T22:10:55.565+0300] {dag.py:3834} INFO - Setting next_dagrun for example_xcom_args_with_operators to None, run_after=None
[2025-05-04T22:10:55.575+0300] {processor.py:183} INFO - Processing /Users/admin/anaconda3/lib/python3.11/site-packages/airflow/example_dags/example_xcomargs.py took 0.152 seconds
[2025-05-04T22:12:51.273+0300] {processor.py:161} INFO - Started process (PID=14656) to work on /Users/admin/anaconda3/lib/python3.11/site-packages/airflow/example_dags/example_xcomargs.py
[2025-05-04T22:12:51.275+0300] {processor.py:830} INFO - Processing file /Users/admin/anaconda3/lib/python3.11/site-packages/airflow/example_dags/example_xcomargs.py for tasks to queue
[2025-05-04T22:12:51.275+0300] {logging_mixin.py:188} INFO - [2025-05-04T22:12:51.275+0300] {dagbag.py:540} INFO - Filling up the DagBag from /Users/admin/anaconda3/lib/python3.11/site-packages/airflow/example_dags/example_xcomargs.py
[2025-05-04T22:12:51.298+0300] {processor.py:840} INFO - DAG(s) 'example_xcom_args_with_operators', 'example_xcom_args' retrieved from /Users/admin/anaconda3/lib/python3.11/site-packages/airflow/example_dags/example_xcomargs.py
[2025-05-04T22:12:51.360+0300] {logging_mixin.py:188} INFO - [2025-05-04T22:12:51.359+0300] {dag.py:3047} INFO - Sync 2 DAGs
[2025-05-04T22:12:51.365+0300] {logging_mixin.py:188} INFO - [2025-05-04T22:12:51.365+0300] {dag.py:3834} INFO - Setting next_dagrun for example_xcom_args to None, run_after=None
[2025-05-04T22:12:51.367+0300] {logging_mixin.py:188} INFO - [2025-05-04T22:12:51.367+0300] {dag.py:3834} INFO - Setting next_dagrun for example_xcom_args_with_operators to None, run_after=None
[2025-05-04T22:12:51.376+0300] {processor.py:183} INFO - Processing /Users/admin/anaconda3/lib/python3.11/site-packages/airflow/example_dags/example_xcomargs.py took 0.104 seconds
[2025-05-04T22:14:12.492+0300] {processor.py:161} INFO - Started process (PID=15046) to work on /Users/admin/anaconda3/lib/python3.11/site-packages/airflow/example_dags/example_xcomargs.py
[2025-05-04T22:14:12.493+0300] {processor.py:830} INFO - Processing file /Users/admin/anaconda3/lib/python3.11/site-packages/airflow/example_dags/example_xcomargs.py for tasks to queue
[2025-05-04T22:14:12.494+0300] {logging_mixin.py:188} INFO - [2025-05-04T22:14:12.494+0300] {dagbag.py:540} INFO - Filling up the DagBag from /Users/admin/anaconda3/lib/python3.11/site-packages/airflow/example_dags/example_xcomargs.py
[2025-05-04T22:14:12.516+0300] {processor.py:840} INFO - DAG(s) 'example_xcom_args', 'example_xcom_args_with_operators' retrieved from /Users/admin/anaconda3/lib/python3.11/site-packages/airflow/example_dags/example_xcomargs.py
[2025-05-04T22:14:12.578+0300] {logging_mixin.py:188} INFO - [2025-05-04T22:14:12.577+0300] {dag.py:3047} INFO - Sync 2 DAGs
[2025-05-04T22:14:12.583+0300] {logging_mixin.py:188} INFO - [2025-05-04T22:14:12.583+0300] {dag.py:3834} INFO - Setting next_dagrun for example_xcom_args to None, run_after=None
[2025-05-04T22:14:12.585+0300] {logging_mixin.py:188} INFO - [2025-05-04T22:14:12.585+0300] {dag.py:3834} INFO - Setting next_dagrun for example_xcom_args_with_operators to None, run_after=None
[2025-05-04T22:14:12.595+0300] {processor.py:183} INFO - Processing /Users/admin/anaconda3/lib/python3.11/site-packages/airflow/example_dags/example_xcomargs.py took 0.103 seconds
[2025-05-04T22:15:33.466+0300] {processor.py:161} INFO - Started process (PID=15422) to work on /Users/admin/anaconda3/lib/python3.11/site-packages/airflow/example_dags/example_xcomargs.py
[2025-05-04T22:15:33.468+0300] {processor.py:830} INFO - Processing file /Users/admin/anaconda3/lib/python3.11/site-packages/airflow/example_dags/example_xcomargs.py for tasks to queue
[2025-05-04T22:15:33.468+0300] {logging_mixin.py:188} INFO - [2025-05-04T22:15:33.468+0300] {dagbag.py:540} INFO - Filling up the DagBag from /Users/admin/anaconda3/lib/python3.11/site-packages/airflow/example_dags/example_xcomargs.py
[2025-05-04T22:15:33.490+0300] {processor.py:840} INFO - DAG(s) 'example_xcom_args', 'example_xcom_args_with_operators' retrieved from /Users/admin/anaconda3/lib/python3.11/site-packages/airflow/example_dags/example_xcomargs.py
[2025-05-04T22:15:33.552+0300] {logging_mixin.py:188} INFO - [2025-05-04T22:15:33.552+0300] {dag.py:3047} INFO - Sync 2 DAGs
[2025-05-04T22:15:33.558+0300] {logging_mixin.py:188} INFO - [2025-05-04T22:15:33.558+0300] {dag.py:3834} INFO - Setting next_dagrun for example_xcom_args to None, run_after=None
[2025-05-04T22:15:33.560+0300] {logging_mixin.py:188} INFO - [2025-05-04T22:15:33.559+0300] {dag.py:3834} INFO - Setting next_dagrun for example_xcom_args_with_operators to None, run_after=None
[2025-05-04T22:15:33.569+0300] {processor.py:183} INFO - Processing /Users/admin/anaconda3/lib/python3.11/site-packages/airflow/example_dags/example_xcomargs.py took 0.103 seconds
[2025-05-04T22:16:57.152+0300] {processor.py:161} INFO - Started process (PID=15826) to work on /Users/admin/anaconda3/lib/python3.11/site-packages/airflow/example_dags/example_xcomargs.py
[2025-05-04T22:16:57.153+0300] {processor.py:830} INFO - Processing file /Users/admin/anaconda3/lib/python3.11/site-packages/airflow/example_dags/example_xcomargs.py for tasks to queue
[2025-05-04T22:16:57.154+0300] {logging_mixin.py:188} INFO - [2025-05-04T22:16:57.153+0300] {dagbag.py:540} INFO - Filling up the DagBag from /Users/admin/anaconda3/lib/python3.11/site-packages/airflow/example_dags/example_xcomargs.py
[2025-05-04T22:16:57.177+0300] {processor.py:840} INFO - DAG(s) 'example_xcom_args', 'example_xcom_args_with_operators' retrieved from /Users/admin/anaconda3/lib/python3.11/site-packages/airflow/example_dags/example_xcomargs.py
[2025-05-04T22:16:57.238+0300] {logging_mixin.py:188} INFO - [2025-05-04T22:16:57.238+0300] {dag.py:3047} INFO - Sync 2 DAGs
[2025-05-04T22:16:57.244+0300] {logging_mixin.py:188} INFO - [2025-05-04T22:16:57.244+0300] {dag.py:3834} INFO - Setting next_dagrun for example_xcom_args to None, run_after=None
[2025-05-04T22:16:57.245+0300] {logging_mixin.py:188} INFO - [2025-05-04T22:16:57.245+0300] {dag.py:3834} INFO - Setting next_dagrun for example_xcom_args_with_operators to None, run_after=None
[2025-05-04T22:16:57.255+0300] {processor.py:183} INFO - Processing /Users/admin/anaconda3/lib/python3.11/site-packages/airflow/example_dags/example_xcomargs.py took 0.103 seconds
[2025-05-04T22:18:22.999+0300] {processor.py:161} INFO - Started process (PID=16232) to work on /Users/admin/anaconda3/lib/python3.11/site-packages/airflow/example_dags/example_xcomargs.py
[2025-05-04T22:18:23.000+0300] {processor.py:830} INFO - Processing file /Users/admin/anaconda3/lib/python3.11/site-packages/airflow/example_dags/example_xcomargs.py for tasks to queue
[2025-05-04T22:18:23.001+0300] {logging_mixin.py:188} INFO - [2025-05-04T22:18:23.000+0300] {dagbag.py:540} INFO - Filling up the DagBag from /Users/admin/anaconda3/lib/python3.11/site-packages/airflow/example_dags/example_xcomargs.py
[2025-05-04T22:18:23.030+0300] {processor.py:840} INFO - DAG(s) 'example_xcom_args_with_operators', 'example_xcom_args' retrieved from /Users/admin/anaconda3/lib/python3.11/site-packages/airflow/example_dags/example_xcomargs.py
[2025-05-04T22:18:23.412+0300] {logging_mixin.py:188} INFO - [2025-05-04T22:18:23.412+0300] {dag.py:3047} INFO - Sync 2 DAGs
[2025-05-04T22:18:23.426+0300] {logging_mixin.py:188} INFO - [2025-05-04T22:18:23.426+0300] {dag.py:3834} INFO - Setting next_dagrun for example_xcom_args to None, run_after=None
[2025-05-04T22:18:23.430+0300] {logging_mixin.py:188} INFO - [2025-05-04T22:18:23.430+0300] {dag.py:3834} INFO - Setting next_dagrun for example_xcom_args_with_operators to None, run_after=None
[2025-05-04T22:18:23.450+0300] {processor.py:183} INFO - Processing /Users/admin/anaconda3/lib/python3.11/site-packages/airflow/example_dags/example_xcomargs.py took 0.451 seconds
[2025-05-04T22:26:38.080+0300] {processor.py:161} INFO - Started process (PID=16681) to work on /Users/admin/anaconda3/lib/python3.11/site-packages/airflow/example_dags/example_xcomargs.py
[2025-05-04T22:26:38.081+0300] {processor.py:830} INFO - Processing file /Users/admin/anaconda3/lib/python3.11/site-packages/airflow/example_dags/example_xcomargs.py for tasks to queue
[2025-05-04T22:26:38.081+0300] {logging_mixin.py:188} INFO - [2025-05-04T22:26:38.081+0300] {dagbag.py:540} INFO - Filling up the DagBag from /Users/admin/anaconda3/lib/python3.11/site-packages/airflow/example_dags/example_xcomargs.py
[2025-05-04T22:26:38.104+0300] {processor.py:840} INFO - DAG(s) 'example_xcom_args_with_operators', 'example_xcom_args' retrieved from /Users/admin/anaconda3/lib/python3.11/site-packages/airflow/example_dags/example_xcomargs.py
[2025-05-04T22:26:38.166+0300] {logging_mixin.py:188} INFO - [2025-05-04T22:26:38.166+0300] {dag.py:3047} INFO - Sync 2 DAGs
[2025-05-04T22:26:38.172+0300] {logging_mixin.py:188} INFO - [2025-05-04T22:26:38.172+0300] {dag.py:3834} INFO - Setting next_dagrun for example_xcom_args to None, run_after=None
[2025-05-04T22:26:38.174+0300] {logging_mixin.py:188} INFO - [2025-05-04T22:26:38.173+0300] {dag.py:3834} INFO - Setting next_dagrun for example_xcom_args_with_operators to None, run_after=None
[2025-05-04T22:26:38.183+0300] {processor.py:183} INFO - Processing /Users/admin/anaconda3/lib/python3.11/site-packages/airflow/example_dags/example_xcomargs.py took 0.104 seconds
[2025-05-04T22:28:01.378+0300] {processor.py:161} INFO - Started process (PID=17065) to work on /Users/admin/anaconda3/lib/python3.11/site-packages/airflow/example_dags/example_xcomargs.py
[2025-05-04T22:28:01.379+0300] {processor.py:830} INFO - Processing file /Users/admin/anaconda3/lib/python3.11/site-packages/airflow/example_dags/example_xcomargs.py for tasks to queue
[2025-05-04T22:28:01.380+0300] {logging_mixin.py:188} INFO - [2025-05-04T22:28:01.380+0300] {dagbag.py:540} INFO - Filling up the DagBag from /Users/admin/anaconda3/lib/python3.11/site-packages/airflow/example_dags/example_xcomargs.py
[2025-05-04T22:28:01.402+0300] {processor.py:840} INFO - DAG(s) 'example_xcom_args_with_operators', 'example_xcom_args' retrieved from /Users/admin/anaconda3/lib/python3.11/site-packages/airflow/example_dags/example_xcomargs.py
[2025-05-04T22:28:01.464+0300] {logging_mixin.py:188} INFO - [2025-05-04T22:28:01.464+0300] {dag.py:3047} INFO - Sync 2 DAGs
[2025-05-04T22:28:01.470+0300] {logging_mixin.py:188} INFO - [2025-05-04T22:28:01.470+0300] {dag.py:3834} INFO - Setting next_dagrun for example_xcom_args to None, run_after=None
[2025-05-04T22:28:01.471+0300] {logging_mixin.py:188} INFO - [2025-05-04T22:28:01.471+0300] {dag.py:3834} INFO - Setting next_dagrun for example_xcom_args_with_operators to None, run_after=None
[2025-05-04T22:28:01.481+0300] {processor.py:183} INFO - Processing /Users/admin/anaconda3/lib/python3.11/site-packages/airflow/example_dags/example_xcomargs.py took 0.103 seconds
[2025-05-04T22:29:23.296+0300] {processor.py:161} INFO - Started process (PID=17445) to work on /Users/admin/anaconda3/lib/python3.11/site-packages/airflow/example_dags/example_xcomargs.py
[2025-05-04T22:29:23.297+0300] {processor.py:830} INFO - Processing file /Users/admin/anaconda3/lib/python3.11/site-packages/airflow/example_dags/example_xcomargs.py for tasks to queue
[2025-05-04T22:29:23.298+0300] {logging_mixin.py:188} INFO - [2025-05-04T22:29:23.298+0300] {dagbag.py:540} INFO - Filling up the DagBag from /Users/admin/anaconda3/lib/python3.11/site-packages/airflow/example_dags/example_xcomargs.py
[2025-05-04T22:29:23.320+0300] {processor.py:840} INFO - DAG(s) 'example_xcom_args', 'example_xcom_args_with_operators' retrieved from /Users/admin/anaconda3/lib/python3.11/site-packages/airflow/example_dags/example_xcomargs.py
[2025-05-04T22:29:23.382+0300] {logging_mixin.py:188} INFO - [2025-05-04T22:29:23.381+0300] {dag.py:3047} INFO - Sync 2 DAGs
[2025-05-04T22:29:23.387+0300] {logging_mixin.py:188} INFO - [2025-05-04T22:29:23.387+0300] {dag.py:3834} INFO - Setting next_dagrun for example_xcom_args to None, run_after=None
[2025-05-04T22:29:23.389+0300] {logging_mixin.py:188} INFO - [2025-05-04T22:29:23.389+0300] {dag.py:3834} INFO - Setting next_dagrun for example_xcom_args_with_operators to None, run_after=None
[2025-05-04T22:29:23.398+0300] {processor.py:183} INFO - Processing /Users/admin/anaconda3/lib/python3.11/site-packages/airflow/example_dags/example_xcomargs.py took 0.103 seconds
[2025-05-04T22:30:43.966+0300] {processor.py:161} INFO - Started process (PID=17842) to work on /Users/admin/anaconda3/lib/python3.11/site-packages/airflow/example_dags/example_xcomargs.py
[2025-05-04T22:30:43.967+0300] {processor.py:830} INFO - Processing file /Users/admin/anaconda3/lib/python3.11/site-packages/airflow/example_dags/example_xcomargs.py for tasks to queue
[2025-05-04T22:30:43.967+0300] {logging_mixin.py:188} INFO - [2025-05-04T22:30:43.967+0300] {dagbag.py:540} INFO - Filling up the DagBag from /Users/admin/anaconda3/lib/python3.11/site-packages/airflow/example_dags/example_xcomargs.py
[2025-05-04T22:30:43.990+0300] {processor.py:840} INFO - DAG(s) 'example_xcom_args_with_operators', 'example_xcom_args' retrieved from /Users/admin/anaconda3/lib/python3.11/site-packages/airflow/example_dags/example_xcomargs.py
[2025-05-04T22:30:44.051+0300] {logging_mixin.py:188} INFO - [2025-05-04T22:30:44.051+0300] {dag.py:3047} INFO - Sync 2 DAGs
[2025-05-04T22:30:44.057+0300] {logging_mixin.py:188} INFO - [2025-05-04T22:30:44.057+0300] {dag.py:3834} INFO - Setting next_dagrun for example_xcom_args to None, run_after=None
[2025-05-04T22:30:44.058+0300] {logging_mixin.py:188} INFO - [2025-05-04T22:30:44.058+0300] {dag.py:3834} INFO - Setting next_dagrun for example_xcom_args_with_operators to None, run_after=None
[2025-05-04T22:30:44.069+0300] {processor.py:183} INFO - Processing /Users/admin/anaconda3/lib/python3.11/site-packages/airflow/example_dags/example_xcomargs.py took 0.103 seconds
[2025-05-04T23:16:00.795+0300] {processor.py:161} INFO - Started process (PID=18324) to work on /Users/admin/anaconda3/lib/python3.11/site-packages/airflow/example_dags/example_xcomargs.py
[2025-05-04T23:16:00.796+0300] {processor.py:830} INFO - Processing file /Users/admin/anaconda3/lib/python3.11/site-packages/airflow/example_dags/example_xcomargs.py for tasks to queue
[2025-05-04T23:16:00.797+0300] {logging_mixin.py:188} INFO - [2025-05-04T23:16:00.797+0300] {dagbag.py:540} INFO - Filling up the DagBag from /Users/admin/anaconda3/lib/python3.11/site-packages/airflow/example_dags/example_xcomargs.py
[2025-05-04T23:16:00.819+0300] {processor.py:840} INFO - DAG(s) 'example_xcom_args', 'example_xcom_args_with_operators' retrieved from /Users/admin/anaconda3/lib/python3.11/site-packages/airflow/example_dags/example_xcomargs.py
[2025-05-04T23:16:00.882+0300] {logging_mixin.py:188} INFO - [2025-05-04T23:16:00.881+0300] {dag.py:3047} INFO - Sync 2 DAGs
[2025-05-04T23:16:00.888+0300] {logging_mixin.py:188} INFO - [2025-05-04T23:16:00.888+0300] {dag.py:3834} INFO - Setting next_dagrun for example_xcom_args to None, run_after=None
[2025-05-04T23:16:00.889+0300] {logging_mixin.py:188} INFO - [2025-05-04T23:16:00.889+0300] {dag.py:3834} INFO - Setting next_dagrun for example_xcom_args_with_operators to None, run_after=None
[2025-05-04T23:16:00.899+0300] {processor.py:183} INFO - Processing /Users/admin/anaconda3/lib/python3.11/site-packages/airflow/example_dags/example_xcomargs.py took 0.105 seconds
[2025-05-04T23:17:24.443+0300] {processor.py:161} INFO - Started process (PID=18718) to work on /Users/admin/anaconda3/lib/python3.11/site-packages/airflow/example_dags/example_xcomargs.py
[2025-05-04T23:17:24.445+0300] {processor.py:830} INFO - Processing file /Users/admin/anaconda3/lib/python3.11/site-packages/airflow/example_dags/example_xcomargs.py for tasks to queue
[2025-05-04T23:17:24.445+0300] {logging_mixin.py:188} INFO - [2025-05-04T23:17:24.445+0300] {dagbag.py:540} INFO - Filling up the DagBag from /Users/admin/anaconda3/lib/python3.11/site-packages/airflow/example_dags/example_xcomargs.py
[2025-05-04T23:17:24.467+0300] {processor.py:840} INFO - DAG(s) 'example_xcom_args', 'example_xcom_args_with_operators' retrieved from /Users/admin/anaconda3/lib/python3.11/site-packages/airflow/example_dags/example_xcomargs.py
[2025-05-04T23:17:24.529+0300] {logging_mixin.py:188} INFO - [2025-05-04T23:17:24.529+0300] {dag.py:3047} INFO - Sync 2 DAGs
[2025-05-04T23:17:24.535+0300] {logging_mixin.py:188} INFO - [2025-05-04T23:17:24.535+0300] {dag.py:3834} INFO - Setting next_dagrun for example_xcom_args to None, run_after=None
[2025-05-04T23:17:24.537+0300] {logging_mixin.py:188} INFO - [2025-05-04T23:17:24.537+0300] {dag.py:3834} INFO - Setting next_dagrun for example_xcom_args_with_operators to None, run_after=None
[2025-05-04T23:17:24.546+0300] {processor.py:183} INFO - Processing /Users/admin/anaconda3/lib/python3.11/site-packages/airflow/example_dags/example_xcomargs.py took 0.104 seconds
[2025-05-04T23:18:48.128+0300] {processor.py:161} INFO - Started process (PID=19110) to work on /Users/admin/anaconda3/lib/python3.11/site-packages/airflow/example_dags/example_xcomargs.py
[2025-05-04T23:18:48.130+0300] {processor.py:830} INFO - Processing file /Users/admin/anaconda3/lib/python3.11/site-packages/airflow/example_dags/example_xcomargs.py for tasks to queue
[2025-05-04T23:18:48.130+0300] {logging_mixin.py:188} INFO - [2025-05-04T23:18:48.130+0300] {dagbag.py:540} INFO - Filling up the DagBag from /Users/admin/anaconda3/lib/python3.11/site-packages/airflow/example_dags/example_xcomargs.py
[2025-05-04T23:18:48.156+0300] {processor.py:840} INFO - DAG(s) 'example_xcom_args_with_operators', 'example_xcom_args' retrieved from /Users/admin/anaconda3/lib/python3.11/site-packages/airflow/example_dags/example_xcomargs.py
[2025-05-04T23:18:48.219+0300] {logging_mixin.py:188} INFO - [2025-05-04T23:18:48.219+0300] {dag.py:3047} INFO - Sync 2 DAGs
[2025-05-04T23:18:48.225+0300] {logging_mixin.py:188} INFO - [2025-05-04T23:18:48.225+0300] {dag.py:3834} INFO - Setting next_dagrun for example_xcom_args to None, run_after=None
[2025-05-04T23:18:48.227+0300] {logging_mixin.py:188} INFO - [2025-05-04T23:18:48.227+0300] {dag.py:3834} INFO - Setting next_dagrun for example_xcom_args_with_operators to None, run_after=None
[2025-05-04T23:18:48.237+0300] {processor.py:183} INFO - Processing /Users/admin/anaconda3/lib/python3.11/site-packages/airflow/example_dags/example_xcomargs.py took 0.109 seconds
[2025-05-04T23:20:08.825+0300] {processor.py:161} INFO - Started process (PID=19488) to work on /Users/admin/anaconda3/lib/python3.11/site-packages/airflow/example_dags/example_xcomargs.py
[2025-05-04T23:20:08.826+0300] {processor.py:830} INFO - Processing file /Users/admin/anaconda3/lib/python3.11/site-packages/airflow/example_dags/example_xcomargs.py for tasks to queue
[2025-05-04T23:20:08.827+0300] {logging_mixin.py:188} INFO - [2025-05-04T23:20:08.826+0300] {dagbag.py:540} INFO - Filling up the DagBag from /Users/admin/anaconda3/lib/python3.11/site-packages/airflow/example_dags/example_xcomargs.py
[2025-05-04T23:20:08.849+0300] {processor.py:840} INFO - DAG(s) 'example_xcom_args', 'example_xcom_args_with_operators' retrieved from /Users/admin/anaconda3/lib/python3.11/site-packages/airflow/example_dags/example_xcomargs.py
[2025-05-04T23:20:08.911+0300] {logging_mixin.py:188} INFO - [2025-05-04T23:20:08.910+0300] {dag.py:3047} INFO - Sync 2 DAGs
[2025-05-04T23:20:08.916+0300] {logging_mixin.py:188} INFO - [2025-05-04T23:20:08.916+0300] {dag.py:3834} INFO - Setting next_dagrun for example_xcom_args to None, run_after=None
[2025-05-04T23:20:08.918+0300] {logging_mixin.py:188} INFO - [2025-05-04T23:20:08.918+0300] {dag.py:3834} INFO - Setting next_dagrun for example_xcom_args_with_operators to None, run_after=None
[2025-05-04T23:20:08.927+0300] {processor.py:183} INFO - Processing /Users/admin/anaconda3/lib/python3.11/site-packages/airflow/example_dags/example_xcomargs.py took 0.103 seconds
[2025-05-04T23:21:36.920+0300] {processor.py:161} INFO - Started process (PID=19913) to work on /Users/admin/anaconda3/lib/python3.11/site-packages/airflow/example_dags/example_xcomargs.py
[2025-05-04T23:21:36.921+0300] {processor.py:830} INFO - Processing file /Users/admin/anaconda3/lib/python3.11/site-packages/airflow/example_dags/example_xcomargs.py for tasks to queue
[2025-05-04T23:21:36.922+0300] {logging_mixin.py:188} INFO - [2025-05-04T23:21:36.922+0300] {dagbag.py:540} INFO - Filling up the DagBag from /Users/admin/anaconda3/lib/python3.11/site-packages/airflow/example_dags/example_xcomargs.py
[2025-05-04T23:21:36.944+0300] {processor.py:840} INFO - DAG(s) 'example_xcom_args_with_operators', 'example_xcom_args' retrieved from /Users/admin/anaconda3/lib/python3.11/site-packages/airflow/example_dags/example_xcomargs.py
[2025-05-04T23:21:37.004+0300] {logging_mixin.py:188} INFO - [2025-05-04T23:21:37.004+0300] {dag.py:3047} INFO - Sync 2 DAGs
[2025-05-04T23:21:37.010+0300] {logging_mixin.py:188} INFO - [2025-05-04T23:21:37.010+0300] {dag.py:3834} INFO - Setting next_dagrun for example_xcom_args to None, run_after=None
[2025-05-04T23:21:37.012+0300] {logging_mixin.py:188} INFO - [2025-05-04T23:21:37.012+0300] {dag.py:3834} INFO - Setting next_dagrun for example_xcom_args_with_operators to None, run_after=None
[2025-05-04T23:21:37.022+0300] {processor.py:183} INFO - Processing /Users/admin/anaconda3/lib/python3.11/site-packages/airflow/example_dags/example_xcomargs.py took 0.102 seconds
[2025-05-04T23:23:07.522+0300] {processor.py:161} INFO - Started process (PID=20325) to work on /Users/admin/anaconda3/lib/python3.11/site-packages/airflow/example_dags/example_xcomargs.py
[2025-05-04T23:23:07.523+0300] {processor.py:830} INFO - Processing file /Users/admin/anaconda3/lib/python3.11/site-packages/airflow/example_dags/example_xcomargs.py for tasks to queue
[2025-05-04T23:23:07.523+0300] {logging_mixin.py:188} INFO - [2025-05-04T23:23:07.523+0300] {dagbag.py:540} INFO - Filling up the DagBag from /Users/admin/anaconda3/lib/python3.11/site-packages/airflow/example_dags/example_xcomargs.py
[2025-05-04T23:23:07.546+0300] {processor.py:840} INFO - DAG(s) 'example_xcom_args_with_operators', 'example_xcom_args' retrieved from /Users/admin/anaconda3/lib/python3.11/site-packages/airflow/example_dags/example_xcomargs.py
[2025-05-04T23:23:07.608+0300] {logging_mixin.py:188} INFO - [2025-05-04T23:23:07.608+0300] {dag.py:3047} INFO - Sync 2 DAGs
[2025-05-04T23:23:07.614+0300] {logging_mixin.py:188} INFO - [2025-05-04T23:23:07.614+0300] {dag.py:3834} INFO - Setting next_dagrun for example_xcom_args to None, run_after=None
[2025-05-04T23:23:07.616+0300] {logging_mixin.py:188} INFO - [2025-05-04T23:23:07.615+0300] {dag.py:3834} INFO - Setting next_dagrun for example_xcom_args_with_operators to None, run_after=None
[2025-05-04T23:23:07.625+0300] {processor.py:183} INFO - Processing /Users/admin/anaconda3/lib/python3.11/site-packages/airflow/example_dags/example_xcomargs.py took 0.104 seconds
[2025-05-04T23:24:32.853+0300] {processor.py:161} INFO - Started process (PID=20738) to work on /Users/admin/anaconda3/lib/python3.11/site-packages/airflow/example_dags/example_xcomargs.py
[2025-05-04T23:24:32.855+0300] {processor.py:830} INFO - Processing file /Users/admin/anaconda3/lib/python3.11/site-packages/airflow/example_dags/example_xcomargs.py for tasks to queue
[2025-05-04T23:24:32.855+0300] {logging_mixin.py:188} INFO - [2025-05-04T23:24:32.855+0300] {dagbag.py:540} INFO - Filling up the DagBag from /Users/admin/anaconda3/lib/python3.11/site-packages/airflow/example_dags/example_xcomargs.py
[2025-05-04T23:24:32.878+0300] {processor.py:840} INFO - DAG(s) 'example_xcom_args', 'example_xcom_args_with_operators' retrieved from /Users/admin/anaconda3/lib/python3.11/site-packages/airflow/example_dags/example_xcomargs.py
[2025-05-04T23:24:32.939+0300] {logging_mixin.py:188} INFO - [2025-05-04T23:24:32.939+0300] {dag.py:3047} INFO - Sync 2 DAGs
[2025-05-04T23:24:32.945+0300] {logging_mixin.py:188} INFO - [2025-05-04T23:24:32.945+0300] {dag.py:3834} INFO - Setting next_dagrun for example_xcom_args to None, run_after=None
[2025-05-04T23:24:32.947+0300] {logging_mixin.py:188} INFO - [2025-05-04T23:24:32.947+0300] {dag.py:3834} INFO - Setting next_dagrun for example_xcom_args_with_operators to None, run_after=None
[2025-05-04T23:24:32.956+0300] {processor.py:183} INFO - Processing /Users/admin/anaconda3/lib/python3.11/site-packages/airflow/example_dags/example_xcomargs.py took 0.103 seconds
[2025-05-04T23:26:00.833+0300] {processor.py:161} INFO - Started process (PID=21142) to work on /Users/admin/anaconda3/lib/python3.11/site-packages/airflow/example_dags/example_xcomargs.py
[2025-05-04T23:26:00.835+0300] {processor.py:830} INFO - Processing file /Users/admin/anaconda3/lib/python3.11/site-packages/airflow/example_dags/example_xcomargs.py for tasks to queue
[2025-05-04T23:26:00.835+0300] {logging_mixin.py:188} INFO - [2025-05-04T23:26:00.835+0300] {dagbag.py:540} INFO - Filling up the DagBag from /Users/admin/anaconda3/lib/python3.11/site-packages/airflow/example_dags/example_xcomargs.py
[2025-05-04T23:26:00.857+0300] {processor.py:840} INFO - DAG(s) 'example_xcom_args', 'example_xcom_args_with_operators' retrieved from /Users/admin/anaconda3/lib/python3.11/site-packages/airflow/example_dags/example_xcomargs.py
[2025-05-04T23:26:00.919+0300] {logging_mixin.py:188} INFO - [2025-05-04T23:26:00.919+0300] {dag.py:3047} INFO - Sync 2 DAGs
[2025-05-04T23:26:00.925+0300] {logging_mixin.py:188} INFO - [2025-05-04T23:26:00.925+0300] {dag.py:3834} INFO - Setting next_dagrun for example_xcom_args to None, run_after=None
[2025-05-04T23:26:00.927+0300] {logging_mixin.py:188} INFO - [2025-05-04T23:26:00.926+0300] {dag.py:3834} INFO - Setting next_dagrun for example_xcom_args_with_operators to None, run_after=None
[2025-05-04T23:26:00.936+0300] {processor.py:183} INFO - Processing /Users/admin/anaconda3/lib/python3.11/site-packages/airflow/example_dags/example_xcomargs.py took 0.103 seconds
[2025-05-04T23:27:26.582+0300] {processor.py:161} INFO - Started process (PID=21553) to work on /Users/admin/anaconda3/lib/python3.11/site-packages/airflow/example_dags/example_xcomargs.py
[2025-05-04T23:27:26.583+0300] {processor.py:830} INFO - Processing file /Users/admin/anaconda3/lib/python3.11/site-packages/airflow/example_dags/example_xcomargs.py for tasks to queue
[2025-05-04T23:27:26.583+0300] {logging_mixin.py:188} INFO - [2025-05-04T23:27:26.583+0300] {dagbag.py:540} INFO - Filling up the DagBag from /Users/admin/anaconda3/lib/python3.11/site-packages/airflow/example_dags/example_xcomargs.py
[2025-05-04T23:27:26.606+0300] {processor.py:840} INFO - DAG(s) 'example_xcom_args_with_operators', 'example_xcom_args' retrieved from /Users/admin/anaconda3/lib/python3.11/site-packages/airflow/example_dags/example_xcomargs.py
[2025-05-04T23:27:26.667+0300] {logging_mixin.py:188} INFO - [2025-05-04T23:27:26.667+0300] {dag.py:3047} INFO - Sync 2 DAGs
[2025-05-04T23:27:26.673+0300] {logging_mixin.py:188} INFO - [2025-05-04T23:27:26.673+0300] {dag.py:3834} INFO - Setting next_dagrun for example_xcom_args to None, run_after=None
[2025-05-04T23:27:26.675+0300] {logging_mixin.py:188} INFO - [2025-05-04T23:27:26.675+0300] {dag.py:3834} INFO - Setting next_dagrun for example_xcom_args_with_operators to None, run_after=None
[2025-05-04T23:27:26.684+0300] {processor.py:183} INFO - Processing /Users/admin/anaconda3/lib/python3.11/site-packages/airflow/example_dags/example_xcomargs.py took 0.103 seconds
[2025-05-04T23:28:55.357+0300] {processor.py:161} INFO - Started process (PID=21970) to work on /Users/admin/anaconda3/lib/python3.11/site-packages/airflow/example_dags/example_xcomargs.py
[2025-05-04T23:28:55.357+0300] {processor.py:830} INFO - Processing file /Users/admin/anaconda3/lib/python3.11/site-packages/airflow/example_dags/example_xcomargs.py for tasks to queue
[2025-05-04T23:28:55.358+0300] {logging_mixin.py:188} INFO - [2025-05-04T23:28:55.358+0300] {dagbag.py:540} INFO - Filling up the DagBag from /Users/admin/anaconda3/lib/python3.11/site-packages/airflow/example_dags/example_xcomargs.py
[2025-05-04T23:28:55.384+0300] {processor.py:840} INFO - DAG(s) 'example_xcom_args_with_operators', 'example_xcom_args' retrieved from /Users/admin/anaconda3/lib/python3.11/site-packages/airflow/example_dags/example_xcomargs.py
[2025-05-04T23:28:55.463+0300] {logging_mixin.py:188} INFO - [2025-05-04T23:28:55.463+0300] {dag.py:3047} INFO - Sync 2 DAGs
[2025-05-04T23:28:55.469+0300] {logging_mixin.py:188} INFO - [2025-05-04T23:28:55.469+0300] {dag.py:3834} INFO - Setting next_dagrun for example_xcom_args to None, run_after=None
[2025-05-04T23:28:55.471+0300] {logging_mixin.py:188} INFO - [2025-05-04T23:28:55.471+0300] {dag.py:3834} INFO - Setting next_dagrun for example_xcom_args_with_operators to None, run_after=None
[2025-05-04T23:28:55.481+0300] {processor.py:183} INFO - Processing /Users/admin/anaconda3/lib/python3.11/site-packages/airflow/example_dags/example_xcomargs.py took 0.125 seconds
[2025-05-04T23:30:22.840+0300] {processor.py:161} INFO - Started process (PID=22404) to work on /Users/admin/anaconda3/lib/python3.11/site-packages/airflow/example_dags/example_xcomargs.py
[2025-05-04T23:30:22.842+0300] {processor.py:830} INFO - Processing file /Users/admin/anaconda3/lib/python3.11/site-packages/airflow/example_dags/example_xcomargs.py for tasks to queue
[2025-05-04T23:30:22.842+0300] {logging_mixin.py:188} INFO - [2025-05-04T23:30:22.842+0300] {dagbag.py:540} INFO - Filling up the DagBag from /Users/admin/anaconda3/lib/python3.11/site-packages/airflow/example_dags/example_xcomargs.py
[2025-05-04T23:30:22.865+0300] {processor.py:840} INFO - DAG(s) 'example_xcom_args', 'example_xcom_args_with_operators' retrieved from /Users/admin/anaconda3/lib/python3.11/site-packages/airflow/example_dags/example_xcomargs.py
[2025-05-04T23:30:22.928+0300] {logging_mixin.py:188} INFO - [2025-05-04T23:30:22.928+0300] {dag.py:3047} INFO - Sync 2 DAGs
[2025-05-04T23:30:22.934+0300] {logging_mixin.py:188} INFO - [2025-05-04T23:30:22.934+0300] {dag.py:3834} INFO - Setting next_dagrun for example_xcom_args to None, run_after=None
[2025-05-04T23:30:22.936+0300] {logging_mixin.py:188} INFO - [2025-05-04T23:30:22.936+0300] {dag.py:3834} INFO - Setting next_dagrun for example_xcom_args_with_operators to None, run_after=None
[2025-05-04T23:30:22.945+0300] {processor.py:183} INFO - Processing /Users/admin/anaconda3/lib/python3.11/site-packages/airflow/example_dags/example_xcomargs.py took 0.106 seconds
[2025-05-04T23:31:54.335+0300] {processor.py:161} INFO - Started process (PID=22826) to work on /Users/admin/anaconda3/lib/python3.11/site-packages/airflow/example_dags/example_xcomargs.py
[2025-05-04T23:31:54.336+0300] {processor.py:830} INFO - Processing file /Users/admin/anaconda3/lib/python3.11/site-packages/airflow/example_dags/example_xcomargs.py for tasks to queue
[2025-05-04T23:31:54.336+0300] {logging_mixin.py:188} INFO - [2025-05-04T23:31:54.336+0300] {dagbag.py:540} INFO - Filling up the DagBag from /Users/admin/anaconda3/lib/python3.11/site-packages/airflow/example_dags/example_xcomargs.py
[2025-05-04T23:31:54.359+0300] {processor.py:840} INFO - DAG(s) 'example_xcom_args_with_operators', 'example_xcom_args' retrieved from /Users/admin/anaconda3/lib/python3.11/site-packages/airflow/example_dags/example_xcomargs.py
[2025-05-04T23:31:54.424+0300] {logging_mixin.py:188} INFO - [2025-05-04T23:31:54.424+0300] {dag.py:3047} INFO - Sync 2 DAGs
[2025-05-04T23:31:54.431+0300] {logging_mixin.py:188} INFO - [2025-05-04T23:31:54.431+0300] {dag.py:3834} INFO - Setting next_dagrun for example_xcom_args to None, run_after=None
[2025-05-04T23:31:54.434+0300] {logging_mixin.py:188} INFO - [2025-05-04T23:31:54.433+0300] {dag.py:3834} INFO - Setting next_dagrun for example_xcom_args_with_operators to None, run_after=None
[2025-05-04T23:31:54.444+0300] {processor.py:183} INFO - Processing /Users/admin/anaconda3/lib/python3.11/site-packages/airflow/example_dags/example_xcomargs.py took 0.109 seconds
[2025-05-04T23:33:22.848+0300] {processor.py:161} INFO - Started process (PID=23244) to work on /Users/admin/anaconda3/lib/python3.11/site-packages/airflow/example_dags/example_xcomargs.py
[2025-05-04T23:33:22.849+0300] {processor.py:830} INFO - Processing file /Users/admin/anaconda3/lib/python3.11/site-packages/airflow/example_dags/example_xcomargs.py for tasks to queue
[2025-05-04T23:33:22.850+0300] {logging_mixin.py:188} INFO - [2025-05-04T23:33:22.849+0300] {dagbag.py:540} INFO - Filling up the DagBag from /Users/admin/anaconda3/lib/python3.11/site-packages/airflow/example_dags/example_xcomargs.py
[2025-05-04T23:33:22.872+0300] {processor.py:840} INFO - DAG(s) 'example_xcom_args', 'example_xcom_args_with_operators' retrieved from /Users/admin/anaconda3/lib/python3.11/site-packages/airflow/example_dags/example_xcomargs.py
[2025-05-04T23:33:22.934+0300] {logging_mixin.py:188} INFO - [2025-05-04T23:33:22.934+0300] {dag.py:3047} INFO - Sync 2 DAGs
[2025-05-04T23:33:22.940+0300] {logging_mixin.py:188} INFO - [2025-05-04T23:33:22.939+0300] {dag.py:3834} INFO - Setting next_dagrun for example_xcom_args to None, run_after=None
[2025-05-04T23:33:22.941+0300] {logging_mixin.py:188} INFO - [2025-05-04T23:33:22.941+0300] {dag.py:3834} INFO - Setting next_dagrun for example_xcom_args_with_operators to None, run_after=None
[2025-05-04T23:33:22.950+0300] {processor.py:183} INFO - Processing /Users/admin/anaconda3/lib/python3.11/site-packages/airflow/example_dags/example_xcomargs.py took 0.103 seconds
[2025-05-04T23:34:54.218+0300] {processor.py:161} INFO - Started process (PID=23671) to work on /Users/admin/anaconda3/lib/python3.11/site-packages/airflow/example_dags/example_xcomargs.py
[2025-05-04T23:34:54.220+0300] {processor.py:830} INFO - Processing file /Users/admin/anaconda3/lib/python3.11/site-packages/airflow/example_dags/example_xcomargs.py for tasks to queue
[2025-05-04T23:34:54.220+0300] {logging_mixin.py:188} INFO - [2025-05-04T23:34:54.220+0300] {dagbag.py:540} INFO - Filling up the DagBag from /Users/admin/anaconda3/lib/python3.11/site-packages/airflow/example_dags/example_xcomargs.py
[2025-05-04T23:34:54.243+0300] {processor.py:840} INFO - DAG(s) 'example_xcom_args', 'example_xcom_args_with_operators' retrieved from /Users/admin/anaconda3/lib/python3.11/site-packages/airflow/example_dags/example_xcomargs.py
[2025-05-04T23:34:54.306+0300] {logging_mixin.py:188} INFO - [2025-05-04T23:34:54.306+0300] {dag.py:3047} INFO - Sync 2 DAGs
[2025-05-04T23:34:54.312+0300] {logging_mixin.py:188} INFO - [2025-05-04T23:34:54.312+0300] {dag.py:3834} INFO - Setting next_dagrun for example_xcom_args to None, run_after=None
[2025-05-04T23:34:54.314+0300] {logging_mixin.py:188} INFO - [2025-05-04T23:34:54.314+0300] {dag.py:3834} INFO - Setting next_dagrun for example_xcom_args_with_operators to None, run_after=None
[2025-05-04T23:34:54.323+0300] {processor.py:183} INFO - Processing /Users/admin/anaconda3/lib/python3.11/site-packages/airflow/example_dags/example_xcomargs.py took 0.106 seconds
[2025-05-04T23:36:26.183+0300] {processor.py:161} INFO - Started process (PID=24115) to work on /Users/admin/anaconda3/lib/python3.11/site-packages/airflow/example_dags/example_xcomargs.py
[2025-05-04T23:36:26.185+0300] {processor.py:830} INFO - Processing file /Users/admin/anaconda3/lib/python3.11/site-packages/airflow/example_dags/example_xcomargs.py for tasks to queue
[2025-05-04T23:36:26.185+0300] {logging_mixin.py:188} INFO - [2025-05-04T23:36:26.185+0300] {dagbag.py:540} INFO - Filling up the DagBag from /Users/admin/anaconda3/lib/python3.11/site-packages/airflow/example_dags/example_xcomargs.py
[2025-05-04T23:36:26.207+0300] {processor.py:840} INFO - DAG(s) 'example_xcom_args_with_operators', 'example_xcom_args' retrieved from /Users/admin/anaconda3/lib/python3.11/site-packages/airflow/example_dags/example_xcomargs.py
[2025-05-04T23:36:26.269+0300] {logging_mixin.py:188} INFO - [2025-05-04T23:36:26.269+0300] {dag.py:3047} INFO - Sync 2 DAGs
[2025-05-04T23:36:26.275+0300] {logging_mixin.py:188} INFO - [2025-05-04T23:36:26.274+0300] {dag.py:3834} INFO - Setting next_dagrun for example_xcom_args to None, run_after=None
[2025-05-04T23:36:26.276+0300] {logging_mixin.py:188} INFO - [2025-05-04T23:36:26.276+0300] {dag.py:3834} INFO - Setting next_dagrun for example_xcom_args_with_operators to None, run_after=None
[2025-05-04T23:36:26.286+0300] {processor.py:183} INFO - Processing /Users/admin/anaconda3/lib/python3.11/site-packages/airflow/example_dags/example_xcomargs.py took 0.103 seconds
[2025-05-04T23:37:56.122+0300] {processor.py:161} INFO - Started process (PID=24555) to work on /Users/admin/anaconda3/lib/python3.11/site-packages/airflow/example_dags/example_xcomargs.py
[2025-05-04T23:37:56.123+0300] {processor.py:830} INFO - Processing file /Users/admin/anaconda3/lib/python3.11/site-packages/airflow/example_dags/example_xcomargs.py for tasks to queue
[2025-05-04T23:37:56.123+0300] {logging_mixin.py:188} INFO - [2025-05-04T23:37:56.123+0300] {dagbag.py:540} INFO - Filling up the DagBag from /Users/admin/anaconda3/lib/python3.11/site-packages/airflow/example_dags/example_xcomargs.py
[2025-05-04T23:37:56.146+0300] {processor.py:840} INFO - DAG(s) 'example_xcom_args', 'example_xcom_args_with_operators' retrieved from /Users/admin/anaconda3/lib/python3.11/site-packages/airflow/example_dags/example_xcomargs.py
[2025-05-04T23:37:56.208+0300] {logging_mixin.py:188} INFO - [2025-05-04T23:37:56.208+0300] {dag.py:3047} INFO - Sync 2 DAGs
[2025-05-04T23:37:56.214+0300] {logging_mixin.py:188} INFO - [2025-05-04T23:37:56.214+0300] {dag.py:3834} INFO - Setting next_dagrun for example_xcom_args to None, run_after=None
[2025-05-04T23:37:56.216+0300] {logging_mixin.py:188} INFO - [2025-05-04T23:37:56.216+0300] {dag.py:3834} INFO - Setting next_dagrun for example_xcom_args_with_operators to None, run_after=None
[2025-05-04T23:37:56.225+0300] {processor.py:183} INFO - Processing /Users/admin/anaconda3/lib/python3.11/site-packages/airflow/example_dags/example_xcomargs.py took 0.103 seconds
[2025-05-04T23:39:25.350+0300] {processor.py:161} INFO - Started process (PID=24969) to work on /Users/admin/anaconda3/lib/python3.11/site-packages/airflow/example_dags/example_xcomargs.py
[2025-05-04T23:39:25.351+0300] {processor.py:830} INFO - Processing file /Users/admin/anaconda3/lib/python3.11/site-packages/airflow/example_dags/example_xcomargs.py for tasks to queue
[2025-05-04T23:39:25.352+0300] {logging_mixin.py:188} INFO - [2025-05-04T23:39:25.351+0300] {dagbag.py:540} INFO - Filling up the DagBag from /Users/admin/anaconda3/lib/python3.11/site-packages/airflow/example_dags/example_xcomargs.py
[2025-05-04T23:39:25.388+0300] {processor.py:840} INFO - DAG(s) 'example_xcom_args', 'example_xcom_args_with_operators' retrieved from /Users/admin/anaconda3/lib/python3.11/site-packages/airflow/example_dags/example_xcomargs.py
[2025-05-04T23:39:25.510+0300] {logging_mixin.py:188} INFO - [2025-05-04T23:39:25.510+0300] {dag.py:3047} INFO - Sync 2 DAGs
[2025-05-04T23:39:25.520+0300] {logging_mixin.py:188} INFO - [2025-05-04T23:39:25.520+0300] {dag.py:3834} INFO - Setting next_dagrun for example_xcom_args to None, run_after=None
[2025-05-04T23:39:25.523+0300] {logging_mixin.py:188} INFO - [2025-05-04T23:39:25.523+0300] {dag.py:3834} INFO - Setting next_dagrun for example_xcom_args_with_operators to None, run_after=None
[2025-05-04T23:39:25.540+0300] {processor.py:183} INFO - Processing /Users/admin/anaconda3/lib/python3.11/site-packages/airflow/example_dags/example_xcomargs.py took 0.190 seconds
[2025-05-04T23:41:07.757+0300] {processor.py:161} INFO - Started process (PID=25451) to work on /Users/admin/anaconda3/lib/python3.11/site-packages/airflow/example_dags/example_xcomargs.py
[2025-05-04T23:41:07.758+0300] {processor.py:830} INFO - Processing file /Users/admin/anaconda3/lib/python3.11/site-packages/airflow/example_dags/example_xcomargs.py for tasks to queue
[2025-05-04T23:41:07.758+0300] {logging_mixin.py:188} INFO - [2025-05-04T23:41:07.758+0300] {dagbag.py:540} INFO - Filling up the DagBag from /Users/admin/anaconda3/lib/python3.11/site-packages/airflow/example_dags/example_xcomargs.py
[2025-05-04T23:41:07.781+0300] {processor.py:840} INFO - DAG(s) 'example_xcom_args', 'example_xcom_args_with_operators' retrieved from /Users/admin/anaconda3/lib/python3.11/site-packages/airflow/example_dags/example_xcomargs.py
[2025-05-04T23:41:07.842+0300] {logging_mixin.py:188} INFO - [2025-05-04T23:41:07.842+0300] {dag.py:3047} INFO - Sync 2 DAGs
[2025-05-04T23:41:07.848+0300] {logging_mixin.py:188} INFO - [2025-05-04T23:41:07.848+0300] {dag.py:3834} INFO - Setting next_dagrun for example_xcom_args to None, run_after=None
[2025-05-04T23:41:07.850+0300] {logging_mixin.py:188} INFO - [2025-05-04T23:41:07.850+0300] {dag.py:3834} INFO - Setting next_dagrun for example_xcom_args_with_operators to None, run_after=None
[2025-05-04T23:41:07.859+0300] {processor.py:183} INFO - Processing /Users/admin/anaconda3/lib/python3.11/site-packages/airflow/example_dags/example_xcomargs.py took 0.103 seconds
[2025-05-04T23:42:51.519+0300] {processor.py:161} INFO - Started process (PID=25927) to work on /Users/admin/anaconda3/lib/python3.11/site-packages/airflow/example_dags/example_xcomargs.py
[2025-05-04T23:42:51.520+0300] {processor.py:830} INFO - Processing file /Users/admin/anaconda3/lib/python3.11/site-packages/airflow/example_dags/example_xcomargs.py for tasks to queue
[2025-05-04T23:42:51.520+0300] {logging_mixin.py:188} INFO - [2025-05-04T23:42:51.520+0300] {dagbag.py:540} INFO - Filling up the DagBag from /Users/admin/anaconda3/lib/python3.11/site-packages/airflow/example_dags/example_xcomargs.py
[2025-05-04T23:42:51.546+0300] {processor.py:840} INFO - DAG(s) 'example_xcom_args', 'example_xcom_args_with_operators' retrieved from /Users/admin/anaconda3/lib/python3.11/site-packages/airflow/example_dags/example_xcomargs.py
[2025-05-04T23:42:51.612+0300] {logging_mixin.py:188} INFO - [2025-05-04T23:42:51.612+0300] {dag.py:3047} INFO - Sync 2 DAGs
[2025-05-04T23:42:51.618+0300] {logging_mixin.py:188} INFO - [2025-05-04T23:42:51.618+0300] {dag.py:3834} INFO - Setting next_dagrun for example_xcom_args to None, run_after=None
[2025-05-04T23:42:51.620+0300] {logging_mixin.py:188} INFO - [2025-05-04T23:42:51.620+0300] {dag.py:3834} INFO - Setting next_dagrun for example_xcom_args_with_operators to None, run_after=None
[2025-05-04T23:42:51.631+0300] {processor.py:183} INFO - Processing /Users/admin/anaconda3/lib/python3.11/site-packages/airflow/example_dags/example_xcomargs.py took 0.113 seconds
[2025-05-04T23:44:34.814+0300] {processor.py:161} INFO - Started process (PID=26411) to work on /Users/admin/anaconda3/lib/python3.11/site-packages/airflow/example_dags/example_xcomargs.py
[2025-05-04T23:44:34.815+0300] {processor.py:830} INFO - Processing file /Users/admin/anaconda3/lib/python3.11/site-packages/airflow/example_dags/example_xcomargs.py for tasks to queue
[2025-05-04T23:44:34.815+0300] {logging_mixin.py:188} INFO - [2025-05-04T23:44:34.815+0300] {dagbag.py:540} INFO - Filling up the DagBag from /Users/admin/anaconda3/lib/python3.11/site-packages/airflow/example_dags/example_xcomargs.py
[2025-05-04T23:44:34.838+0300] {processor.py:840} INFO - DAG(s) 'example_xcom_args', 'example_xcom_args_with_operators' retrieved from /Users/admin/anaconda3/lib/python3.11/site-packages/airflow/example_dags/example_xcomargs.py
[2025-05-04T23:44:34.899+0300] {logging_mixin.py:188} INFO - [2025-05-04T23:44:34.899+0300] {dag.py:3047} INFO - Sync 2 DAGs
[2025-05-04T23:44:34.905+0300] {logging_mixin.py:188} INFO - [2025-05-04T23:44:34.905+0300] {dag.py:3834} INFO - Setting next_dagrun for example_xcom_args to None, run_after=None
[2025-05-04T23:44:34.907+0300] {logging_mixin.py:188} INFO - [2025-05-04T23:44:34.907+0300] {dag.py:3834} INFO - Setting next_dagrun for example_xcom_args_with_operators to None, run_after=None
[2025-05-04T23:44:34.916+0300] {processor.py:183} INFO - Processing /Users/admin/anaconda3/lib/python3.11/site-packages/airflow/example_dags/example_xcomargs.py took 0.103 seconds
[2025-05-04T23:46:10.592+0300] {processor.py:161} INFO - Started process (PID=26857) to work on /Users/admin/anaconda3/lib/python3.11/site-packages/airflow/example_dags/example_xcomargs.py
[2025-05-04T23:46:10.593+0300] {processor.py:830} INFO - Processing file /Users/admin/anaconda3/lib/python3.11/site-packages/airflow/example_dags/example_xcomargs.py for tasks to queue
[2025-05-04T23:46:10.594+0300] {logging_mixin.py:188} INFO - [2025-05-04T23:46:10.593+0300] {dagbag.py:540} INFO - Filling up the DagBag from /Users/admin/anaconda3/lib/python3.11/site-packages/airflow/example_dags/example_xcomargs.py
[2025-05-04T23:46:10.615+0300] {processor.py:840} INFO - DAG(s) 'example_xcom_args_with_operators', 'example_xcom_args' retrieved from /Users/admin/anaconda3/lib/python3.11/site-packages/airflow/example_dags/example_xcomargs.py
[2025-05-04T23:46:10.677+0300] {logging_mixin.py:188} INFO - [2025-05-04T23:46:10.677+0300] {dag.py:3047} INFO - Sync 2 DAGs
[2025-05-04T23:46:10.683+0300] {logging_mixin.py:188} INFO - [2025-05-04T23:46:10.683+0300] {dag.py:3834} INFO - Setting next_dagrun for example_xcom_args to None, run_after=None
[2025-05-04T23:46:10.685+0300] {logging_mixin.py:188} INFO - [2025-05-04T23:46:10.684+0300] {dag.py:3834} INFO - Setting next_dagrun for example_xcom_args_with_operators to None, run_after=None
[2025-05-04T23:46:10.694+0300] {processor.py:183} INFO - Processing /Users/admin/anaconda3/lib/python3.11/site-packages/airflow/example_dags/example_xcomargs.py took 0.103 seconds
[2025-05-04T23:47:39.341+0300] {processor.py:161} INFO - Started process (PID=27265) to work on /Users/admin/anaconda3/lib/python3.11/site-packages/airflow/example_dags/example_xcomargs.py
[2025-05-04T23:47:39.343+0300] {processor.py:830} INFO - Processing file /Users/admin/anaconda3/lib/python3.11/site-packages/airflow/example_dags/example_xcomargs.py for tasks to queue
[2025-05-04T23:47:39.343+0300] {logging_mixin.py:188} INFO - [2025-05-04T23:47:39.343+0300] {dagbag.py:540} INFO - Filling up the DagBag from /Users/admin/anaconda3/lib/python3.11/site-packages/airflow/example_dags/example_xcomargs.py
[2025-05-04T23:47:39.366+0300] {processor.py:840} INFO - DAG(s) 'example_xcom_args', 'example_xcom_args_with_operators' retrieved from /Users/admin/anaconda3/lib/python3.11/site-packages/airflow/example_dags/example_xcomargs.py
[2025-05-04T23:47:39.429+0300] {logging_mixin.py:188} INFO - [2025-05-04T23:47:39.428+0300] {dag.py:3047} INFO - Sync 2 DAGs
[2025-05-04T23:47:39.435+0300] {logging_mixin.py:188} INFO - [2025-05-04T23:47:39.434+0300] {dag.py:3834} INFO - Setting next_dagrun for example_xcom_args to None, run_after=None
[2025-05-04T23:47:39.436+0300] {logging_mixin.py:188} INFO - [2025-05-04T23:47:39.436+0300] {dag.py:3834} INFO - Setting next_dagrun for example_xcom_args_with_operators to None, run_after=None
[2025-05-04T23:47:39.446+0300] {processor.py:183} INFO - Processing /Users/admin/anaconda3/lib/python3.11/site-packages/airflow/example_dags/example_xcomargs.py took 0.105 seconds
[2025-05-04T23:49:09.292+0300] {processor.py:161} INFO - Started process (PID=27693) to work on /Users/admin/anaconda3/lib/python3.11/site-packages/airflow/example_dags/example_xcomargs.py
[2025-05-04T23:49:09.294+0300] {processor.py:830} INFO - Processing file /Users/admin/anaconda3/lib/python3.11/site-packages/airflow/example_dags/example_xcomargs.py for tasks to queue
[2025-05-04T23:49:09.294+0300] {logging_mixin.py:188} INFO - [2025-05-04T23:49:09.294+0300] {dagbag.py:540} INFO - Filling up the DagBag from /Users/admin/anaconda3/lib/python3.11/site-packages/airflow/example_dags/example_xcomargs.py
[2025-05-04T23:49:09.316+0300] {processor.py:840} INFO - DAG(s) 'example_xcom_args', 'example_xcom_args_with_operators' retrieved from /Users/admin/anaconda3/lib/python3.11/site-packages/airflow/example_dags/example_xcomargs.py
[2025-05-04T23:49:09.378+0300] {logging_mixin.py:188} INFO - [2025-05-04T23:49:09.377+0300] {dag.py:3047} INFO - Sync 2 DAGs
[2025-05-04T23:49:09.383+0300] {logging_mixin.py:188} INFO - [2025-05-04T23:49:09.383+0300] {dag.py:3834} INFO - Setting next_dagrun for example_xcom_args to None, run_after=None
[2025-05-04T23:49:09.385+0300] {logging_mixin.py:188} INFO - [2025-05-04T23:49:09.385+0300] {dag.py:3834} INFO - Setting next_dagrun for example_xcom_args_with_operators to None, run_after=None
[2025-05-04T23:49:09.395+0300] {processor.py:183} INFO - Processing /Users/admin/anaconda3/lib/python3.11/site-packages/airflow/example_dags/example_xcomargs.py took 0.103 seconds
[2025-05-04T23:50:37.670+0300] {processor.py:161} INFO - Started process (PID=28099) to work on /Users/admin/anaconda3/lib/python3.11/site-packages/airflow/example_dags/example_xcomargs.py
[2025-05-04T23:50:37.672+0300] {processor.py:830} INFO - Processing file /Users/admin/anaconda3/lib/python3.11/site-packages/airflow/example_dags/example_xcomargs.py for tasks to queue
[2025-05-04T23:50:37.672+0300] {logging_mixin.py:188} INFO - [2025-05-04T23:50:37.672+0300] {dagbag.py:540} INFO - Filling up the DagBag from /Users/admin/anaconda3/lib/python3.11/site-packages/airflow/example_dags/example_xcomargs.py
[2025-05-04T23:50:37.711+0300] {processor.py:840} INFO - DAG(s) 'example_xcom_args_with_operators', 'example_xcom_args' retrieved from /Users/admin/anaconda3/lib/python3.11/site-packages/airflow/example_dags/example_xcomargs.py
[2025-05-04T23:50:37.817+0300] {logging_mixin.py:188} INFO - [2025-05-04T23:50:37.816+0300] {dag.py:3047} INFO - Sync 2 DAGs
[2025-05-04T23:50:37.827+0300] {logging_mixin.py:188} INFO - [2025-05-04T23:50:37.826+0300] {dag.py:3834} INFO - Setting next_dagrun for example_xcom_args to None, run_after=None
[2025-05-04T23:50:37.830+0300] {logging_mixin.py:188} INFO - [2025-05-04T23:50:37.830+0300] {dag.py:3834} INFO - Setting next_dagrun for example_xcom_args_with_operators to None, run_after=None
[2025-05-04T23:50:37.846+0300] {processor.py:183} INFO - Processing /Users/admin/anaconda3/lib/python3.11/site-packages/airflow/example_dags/example_xcomargs.py took 0.177 seconds
[2025-05-04T23:52:21.559+0300] {processor.py:161} INFO - Started process (PID=28587) to work on /Users/admin/anaconda3/lib/python3.11/site-packages/airflow/example_dags/example_xcomargs.py
[2025-05-04T23:52:21.560+0300] {processor.py:830} INFO - Processing file /Users/admin/anaconda3/lib/python3.11/site-packages/airflow/example_dags/example_xcomargs.py for tasks to queue
[2025-05-04T23:52:21.560+0300] {logging_mixin.py:188} INFO - [2025-05-04T23:52:21.560+0300] {dagbag.py:540} INFO - Filling up the DagBag from /Users/admin/anaconda3/lib/python3.11/site-packages/airflow/example_dags/example_xcomargs.py
[2025-05-04T23:52:21.583+0300] {processor.py:840} INFO - DAG(s) 'example_xcom_args', 'example_xcom_args_with_operators' retrieved from /Users/admin/anaconda3/lib/python3.11/site-packages/airflow/example_dags/example_xcomargs.py
[2025-05-04T23:52:21.644+0300] {logging_mixin.py:188} INFO - [2025-05-04T23:52:21.644+0300] {dag.py:3047} INFO - Sync 2 DAGs
[2025-05-04T23:52:21.650+0300] {logging_mixin.py:188} INFO - [2025-05-04T23:52:21.650+0300] {dag.py:3834} INFO - Setting next_dagrun for example_xcom_args to None, run_after=None
[2025-05-04T23:52:21.652+0300] {logging_mixin.py:188} INFO - [2025-05-04T23:52:21.652+0300] {dag.py:3834} INFO - Setting next_dagrun for example_xcom_args_with_operators to None, run_after=None
[2025-05-04T23:52:21.661+0300] {processor.py:183} INFO - Processing /Users/admin/anaconda3/lib/python3.11/site-packages/airflow/example_dags/example_xcomargs.py took 0.103 seconds
[2025-05-04T23:58:18.001+0300] {processor.py:161} INFO - Started process (PID=29046) to work on /Users/admin/anaconda3/lib/python3.11/site-packages/airflow/example_dags/example_xcomargs.py
[2025-05-04T23:58:18.002+0300] {processor.py:830} INFO - Processing file /Users/admin/anaconda3/lib/python3.11/site-packages/airflow/example_dags/example_xcomargs.py for tasks to queue
[2025-05-04T23:58:18.003+0300] {logging_mixin.py:188} INFO - [2025-05-04T23:58:18.003+0300] {dagbag.py:540} INFO - Filling up the DagBag from /Users/admin/anaconda3/lib/python3.11/site-packages/airflow/example_dags/example_xcomargs.py
[2025-05-04T23:58:18.025+0300] {processor.py:840} INFO - DAG(s) 'example_xcom_args', 'example_xcom_args_with_operators' retrieved from /Users/admin/anaconda3/lib/python3.11/site-packages/airflow/example_dags/example_xcomargs.py
[2025-05-04T23:58:18.087+0300] {logging_mixin.py:188} INFO - [2025-05-04T23:58:18.087+0300] {dag.py:3047} INFO - Sync 2 DAGs
[2025-05-04T23:58:18.093+0300] {logging_mixin.py:188} INFO - [2025-05-04T23:58:18.093+0300] {dag.py:3834} INFO - Setting next_dagrun for example_xcom_args to None, run_after=None
[2025-05-04T23:58:18.094+0300] {logging_mixin.py:188} INFO - [2025-05-04T23:58:18.094+0300] {dag.py:3834} INFO - Setting next_dagrun for example_xcom_args_with_operators to None, run_after=None
[2025-05-04T23:58:18.104+0300] {processor.py:183} INFO - Processing /Users/admin/anaconda3/lib/python3.11/site-packages/airflow/example_dags/example_xcomargs.py took 0.104 seconds
