[2025-05-04T22:11:24.923+0300] {processor.py:161} INFO - Started process (PID=14247) to work on /Users/admin/anaconda3/lib/python3.11/site-packages/airflow/example_dags/example_setup_teardown.py
[2025-05-04T22:11:24.923+0300] {processor.py:830} INFO - Processing file /Users/admin/anaconda3/lib/python3.11/site-packages/airflow/example_dags/example_setup_teardown.py for tasks to queue
[2025-05-04T22:11:24.924+0300] {logging_mixin.py:188} INFO - [2025-05-04T22:11:24.924+0300] {dagbag.py:540} INFO - Filling up the DagBag from /Users/admin/anaconda3/lib/python3.11/site-packages/airflow/example_dags/example_setup_teardown.py
[2025-05-04T22:11:24.931+0300] {processor.py:840} INFO - DAG(s) 'example_setup_teardown' retrieved from /Users/admin/anaconda3/lib/python3.11/site-packages/airflow/example_dags/example_setup_teardown.py
[2025-05-04T22:11:25.040+0300] {logging_mixin.py:188} INFO - [2025-05-04T22:11:25.040+0300] {dag.py:3047} INFO - Sync 1 DAGs
[2025-05-04T22:11:25.050+0300] {logging_mixin.py:188} INFO - [2025-05-04T22:11:25.050+0300] {dag.py:3834} INFO - Setting next_dagrun for example_setup_teardown to 2025-05-03 00:00:00+00:00, run_after=2025-05-04 00:00:00+00:00
[2025-05-04T22:11:25.060+0300] {processor.py:183} INFO - Processing /Users/admin/anaconda3/lib/python3.11/site-packages/airflow/example_dags/example_setup_teardown.py took 0.138 seconds
[2025-05-04T22:13:18.547+0300] {processor.py:161} INFO - Started process (PID=14773) to work on /Users/admin/anaconda3/lib/python3.11/site-packages/airflow/example_dags/example_setup_teardown.py
[2025-05-04T22:13:18.549+0300] {processor.py:830} INFO - Processing file /Users/admin/anaconda3/lib/python3.11/site-packages/airflow/example_dags/example_setup_teardown.py for tasks to queue
[2025-05-04T22:13:18.549+0300] {logging_mixin.py:188} INFO - [2025-05-04T22:13:18.549+0300] {dagbag.py:540} INFO - Filling up the DagBag from /Users/admin/anaconda3/lib/python3.11/site-packages/airflow/example_dags/example_setup_teardown.py
[2025-05-04T22:13:18.555+0300] {processor.py:840} INFO - DAG(s) 'example_setup_teardown' retrieved from /Users/admin/anaconda3/lib/python3.11/site-packages/airflow/example_dags/example_setup_teardown.py
[2025-05-04T22:13:18.624+0300] {logging_mixin.py:188} INFO - [2025-05-04T22:13:18.624+0300] {dag.py:3047} INFO - Sync 1 DAGs
[2025-05-04T22:13:18.636+0300] {logging_mixin.py:188} INFO - [2025-05-04T22:13:18.636+0300] {dag.py:3834} INFO - Setting next_dagrun for example_setup_teardown to 2025-05-03 00:00:00+00:00, run_after=2025-05-04 00:00:00+00:00
[2025-05-04T22:13:18.649+0300] {processor.py:183} INFO - Processing /Users/admin/anaconda3/lib/python3.11/site-packages/airflow/example_dags/example_setup_teardown.py took 0.102 seconds
[2025-05-04T22:16:02.042+0300] {processor.py:161} INFO - Started process (PID=15558) to work on /Users/admin/anaconda3/lib/python3.11/site-packages/airflow/example_dags/example_setup_teardown.py
[2025-05-04T22:16:02.043+0300] {processor.py:830} INFO - Processing file /Users/admin/anaconda3/lib/python3.11/site-packages/airflow/example_dags/example_setup_teardown.py for tasks to queue
[2025-05-04T22:16:02.043+0300] {logging_mixin.py:188} INFO - [2025-05-04T22:16:02.043+0300] {dagbag.py:540} INFO - Filling up the DagBag from /Users/admin/anaconda3/lib/python3.11/site-packages/airflow/example_dags/example_setup_teardown.py
[2025-05-04T22:16:02.049+0300] {processor.py:840} INFO - DAG(s) 'example_setup_teardown' retrieved from /Users/admin/anaconda3/lib/python3.11/site-packages/airflow/example_dags/example_setup_teardown.py
[2025-05-04T22:16:02.111+0300] {logging_mixin.py:188} INFO - [2025-05-04T22:16:02.110+0300] {dag.py:3047} INFO - Sync 1 DAGs
[2025-05-04T22:16:02.120+0300] {logging_mixin.py:188} INFO - [2025-05-04T22:16:02.120+0300] {dag.py:3834} INFO - Setting next_dagrun for example_setup_teardown to 2025-05-03 00:00:00+00:00, run_after=2025-05-04 00:00:00+00:00
[2025-05-04T22:16:02.130+0300] {processor.py:183} INFO - Processing /Users/admin/anaconda3/lib/python3.11/site-packages/airflow/example_dags/example_setup_teardown.py took 0.089 seconds
[2025-05-04T22:25:44.691+0300] {processor.py:161} INFO - Started process (PID=16417) to work on /Users/admin/anaconda3/lib/python3.11/site-packages/airflow/example_dags/example_setup_teardown.py
[2025-05-04T22:25:44.693+0300] {processor.py:830} INFO - Processing file /Users/admin/anaconda3/lib/python3.11/site-packages/airflow/example_dags/example_setup_teardown.py for tasks to queue
[2025-05-04T22:25:44.693+0300] {logging_mixin.py:188} INFO - [2025-05-04T22:25:44.693+0300] {dagbag.py:540} INFO - Filling up the DagBag from /Users/admin/anaconda3/lib/python3.11/site-packages/airflow/example_dags/example_setup_teardown.py
[2025-05-04T22:25:44.700+0300] {processor.py:840} INFO - DAG(s) 'example_setup_teardown' retrieved from /Users/admin/anaconda3/lib/python3.11/site-packages/airflow/example_dags/example_setup_teardown.py
[2025-05-04T22:25:44.770+0300] {logging_mixin.py:188} INFO - [2025-05-04T22:25:44.770+0300] {dag.py:3047} INFO - Sync 1 DAGs
[2025-05-04T22:25:44.781+0300] {logging_mixin.py:188} INFO - [2025-05-04T22:25:44.781+0300] {dag.py:3834} INFO - Setting next_dagrun for example_setup_teardown to 2025-05-03 00:00:00+00:00, run_after=2025-05-04 00:00:00+00:00
[2025-05-04T22:25:44.793+0300] {processor.py:183} INFO - Processing /Users/admin/anaconda3/lib/python3.11/site-packages/airflow/example_dags/example_setup_teardown.py took 0.102 seconds
[2025-05-04T22:28:28.861+0300] {processor.py:161} INFO - Started process (PID=17197) to work on /Users/admin/anaconda3/lib/python3.11/site-packages/airflow/example_dags/example_setup_teardown.py
[2025-05-04T22:28:28.862+0300] {processor.py:830} INFO - Processing file /Users/admin/anaconda3/lib/python3.11/site-packages/airflow/example_dags/example_setup_teardown.py for tasks to queue
[2025-05-04T22:28:28.862+0300] {logging_mixin.py:188} INFO - [2025-05-04T22:28:28.862+0300] {dagbag.py:540} INFO - Filling up the DagBag from /Users/admin/anaconda3/lib/python3.11/site-packages/airflow/example_dags/example_setup_teardown.py
[2025-05-04T22:28:28.868+0300] {processor.py:840} INFO - DAG(s) 'example_setup_teardown' retrieved from /Users/admin/anaconda3/lib/python3.11/site-packages/airflow/example_dags/example_setup_teardown.py
[2025-05-04T22:28:28.930+0300] {logging_mixin.py:188} INFO - [2025-05-04T22:28:28.929+0300] {dag.py:3047} INFO - Sync 1 DAGs
[2025-05-04T22:28:28.939+0300] {logging_mixin.py:188} INFO - [2025-05-04T22:28:28.939+0300] {dag.py:3834} INFO - Setting next_dagrun for example_setup_teardown to 2025-05-03 00:00:00+00:00, run_after=2025-05-04 00:00:00+00:00
[2025-05-04T22:28:28.949+0300] {processor.py:183} INFO - Processing /Users/admin/anaconda3/lib/python3.11/site-packages/airflow/example_dags/example_setup_teardown.py took 0.089 seconds
[2025-05-04T22:31:11.591+0300] {processor.py:161} INFO - Started process (PID=17973) to work on /Users/admin/anaconda3/lib/python3.11/site-packages/airflow/example_dags/example_setup_teardown.py
[2025-05-04T22:31:11.593+0300] {processor.py:830} INFO - Processing file /Users/admin/anaconda3/lib/python3.11/site-packages/airflow/example_dags/example_setup_teardown.py for tasks to queue
[2025-05-04T22:31:11.593+0300] {logging_mixin.py:188} INFO - [2025-05-04T22:31:11.593+0300] {dagbag.py:540} INFO - Filling up the DagBag from /Users/admin/anaconda3/lib/python3.11/site-packages/airflow/example_dags/example_setup_teardown.py
[2025-05-04T22:31:11.599+0300] {processor.py:840} INFO - DAG(s) 'example_setup_teardown' retrieved from /Users/admin/anaconda3/lib/python3.11/site-packages/airflow/example_dags/example_setup_teardown.py
[2025-05-04T22:31:11.660+0300] {logging_mixin.py:188} INFO - [2025-05-04T22:31:11.660+0300] {dag.py:3047} INFO - Sync 1 DAGs
[2025-05-04T22:31:11.669+0300] {logging_mixin.py:188} INFO - [2025-05-04T22:31:11.669+0300] {dag.py:3834} INFO - Setting next_dagrun for example_setup_teardown to 2025-05-03 00:00:00+00:00, run_after=2025-05-04 00:00:00+00:00
[2025-05-04T22:31:11.679+0300] {processor.py:183} INFO - Processing /Users/admin/anaconda3/lib/python3.11/site-packages/airflow/example_dags/example_setup_teardown.py took 0.089 seconds
[2025-05-04T23:17:52.652+0300] {processor.py:161} INFO - Started process (PID=18849) to work on /Users/admin/anaconda3/lib/python3.11/site-packages/airflow/example_dags/example_setup_teardown.py
[2025-05-04T23:17:52.653+0300] {processor.py:830} INFO - Processing file /Users/admin/anaconda3/lib/python3.11/site-packages/airflow/example_dags/example_setup_teardown.py for tasks to queue
[2025-05-04T23:17:52.654+0300] {logging_mixin.py:188} INFO - [2025-05-04T23:17:52.654+0300] {dagbag.py:540} INFO - Filling up the DagBag from /Users/admin/anaconda3/lib/python3.11/site-packages/airflow/example_dags/example_setup_teardown.py
[2025-05-04T23:17:52.659+0300] {processor.py:840} INFO - DAG(s) 'example_setup_teardown' retrieved from /Users/admin/anaconda3/lib/python3.11/site-packages/airflow/example_dags/example_setup_teardown.py
[2025-05-04T23:17:52.720+0300] {logging_mixin.py:188} INFO - [2025-05-04T23:17:52.720+0300] {dag.py:3047} INFO - Sync 1 DAGs
[2025-05-04T23:17:52.729+0300] {logging_mixin.py:188} INFO - [2025-05-04T23:17:52.729+0300] {dag.py:3834} INFO - Setting next_dagrun for example_setup_teardown to 2025-05-03 00:00:00+00:00, run_after=2025-05-04 00:00:00+00:00
[2025-05-04T23:17:52.739+0300] {processor.py:183} INFO - Processing /Users/admin/anaconda3/lib/python3.11/site-packages/airflow/example_dags/example_setup_teardown.py took 0.088 seconds
[2025-05-04T23:20:36.492+0300] {processor.py:161} INFO - Started process (PID=19621) to work on /Users/admin/anaconda3/lib/python3.11/site-packages/airflow/example_dags/example_setup_teardown.py
[2025-05-04T23:20:36.494+0300] {processor.py:830} INFO - Processing file /Users/admin/anaconda3/lib/python3.11/site-packages/airflow/example_dags/example_setup_teardown.py for tasks to queue
[2025-05-04T23:20:36.494+0300] {logging_mixin.py:188} INFO - [2025-05-04T23:20:36.494+0300] {dagbag.py:540} INFO - Filling up the DagBag from /Users/admin/anaconda3/lib/python3.11/site-packages/airflow/example_dags/example_setup_teardown.py
[2025-05-04T23:20:36.499+0300] {processor.py:840} INFO - DAG(s) 'example_setup_teardown' retrieved from /Users/admin/anaconda3/lib/python3.11/site-packages/airflow/example_dags/example_setup_teardown.py
[2025-05-04T23:20:36.560+0300] {logging_mixin.py:188} INFO - [2025-05-04T23:20:36.560+0300] {dag.py:3047} INFO - Sync 1 DAGs
[2025-05-04T23:20:36.570+0300] {logging_mixin.py:188} INFO - [2025-05-04T23:20:36.570+0300] {dag.py:3834} INFO - Setting next_dagrun for example_setup_teardown to 2025-05-03 00:00:00+00:00, run_after=2025-05-04 00:00:00+00:00
[2025-05-04T23:20:36.580+0300] {processor.py:183} INFO - Processing /Users/admin/anaconda3/lib/python3.11/site-packages/airflow/example_dags/example_setup_teardown.py took 0.089 seconds
[2025-05-04T23:23:34.799+0300] {processor.py:161} INFO - Started process (PID=20456) to work on /Users/admin/anaconda3/lib/python3.11/site-packages/airflow/example_dags/example_setup_teardown.py
[2025-05-04T23:23:34.801+0300] {processor.py:830} INFO - Processing file /Users/admin/anaconda3/lib/python3.11/site-packages/airflow/example_dags/example_setup_teardown.py for tasks to queue
[2025-05-04T23:23:34.801+0300] {logging_mixin.py:188} INFO - [2025-05-04T23:23:34.801+0300] {dagbag.py:540} INFO - Filling up the DagBag from /Users/admin/anaconda3/lib/python3.11/site-packages/airflow/example_dags/example_setup_teardown.py
[2025-05-04T23:23:34.808+0300] {processor.py:840} INFO - DAG(s) 'example_setup_teardown' retrieved from /Users/admin/anaconda3/lib/python3.11/site-packages/airflow/example_dags/example_setup_teardown.py
[2025-05-04T23:23:34.883+0300] {logging_mixin.py:188} INFO - [2025-05-04T23:23:34.883+0300] {dag.py:3047} INFO - Sync 1 DAGs
[2025-05-04T23:23:34.894+0300] {logging_mixin.py:188} INFO - [2025-05-04T23:23:34.894+0300] {dag.py:3834} INFO - Setting next_dagrun for example_setup_teardown to 2025-05-03 00:00:00+00:00, run_after=2025-05-04 00:00:00+00:00
[2025-05-04T23:23:34.905+0300] {processor.py:183} INFO - Processing /Users/admin/anaconda3/lib/python3.11/site-packages/airflow/example_dags/example_setup_teardown.py took 0.107 seconds
[2025-05-04T23:26:28.559+0300] {processor.py:161} INFO - Started process (PID=21284) to work on /Users/admin/anaconda3/lib/python3.11/site-packages/airflow/example_dags/example_setup_teardown.py
[2025-05-04T23:26:28.561+0300] {processor.py:830} INFO - Processing file /Users/admin/anaconda3/lib/python3.11/site-packages/airflow/example_dags/example_setup_teardown.py for tasks to queue
[2025-05-04T23:26:28.562+0300] {logging_mixin.py:188} INFO - [2025-05-04T23:26:28.562+0300] {dagbag.py:540} INFO - Filling up the DagBag from /Users/admin/anaconda3/lib/python3.11/site-packages/airflow/example_dags/example_setup_teardown.py
[2025-05-04T23:26:28.567+0300] {processor.py:840} INFO - DAG(s) 'example_setup_teardown' retrieved from /Users/admin/anaconda3/lib/python3.11/site-packages/airflow/example_dags/example_setup_teardown.py
[2025-05-04T23:26:28.629+0300] {logging_mixin.py:188} INFO - [2025-05-04T23:26:28.629+0300] {dag.py:3047} INFO - Sync 1 DAGs
[2025-05-04T23:26:28.638+0300] {logging_mixin.py:188} INFO - [2025-05-04T23:26:28.638+0300] {dag.py:3834} INFO - Setting next_dagrun for example_setup_teardown to 2025-05-03 00:00:00+00:00, run_after=2025-05-04 00:00:00+00:00
[2025-05-04T23:26:28.648+0300] {processor.py:183} INFO - Processing /Users/admin/anaconda3/lib/python3.11/site-packages/airflow/example_dags/example_setup_teardown.py took 0.090 seconds
[2025-05-04T23:29:23.506+0300] {processor.py:161} INFO - Started process (PID=22109) to work on /Users/admin/anaconda3/lib/python3.11/site-packages/airflow/example_dags/example_setup_teardown.py
[2025-05-04T23:29:23.507+0300] {processor.py:830} INFO - Processing file /Users/admin/anaconda3/lib/python3.11/site-packages/airflow/example_dags/example_setup_teardown.py for tasks to queue
[2025-05-04T23:29:23.507+0300] {logging_mixin.py:188} INFO - [2025-05-04T23:29:23.507+0300] {dagbag.py:540} INFO - Filling up the DagBag from /Users/admin/anaconda3/lib/python3.11/site-packages/airflow/example_dags/example_setup_teardown.py
[2025-05-04T23:29:23.513+0300] {processor.py:840} INFO - DAG(s) 'example_setup_teardown' retrieved from /Users/admin/anaconda3/lib/python3.11/site-packages/airflow/example_dags/example_setup_teardown.py
[2025-05-04T23:29:23.586+0300] {logging_mixin.py:188} INFO - [2025-05-04T23:29:23.586+0300] {dag.py:3047} INFO - Sync 1 DAGs
[2025-05-04T23:29:23.602+0300] {logging_mixin.py:188} INFO - [2025-05-04T23:29:23.601+0300] {dag.py:3834} INFO - Setting next_dagrun for example_setup_teardown to 2025-05-03 00:00:00+00:00, run_after=2025-05-04 00:00:00+00:00
[2025-05-04T23:29:23.634+0300] {processor.py:183} INFO - Processing /Users/admin/anaconda3/lib/python3.11/site-packages/airflow/example_dags/example_setup_teardown.py took 0.128 seconds
[2025-05-04T23:32:23.053+0300] {processor.py:161} INFO - Started process (PID=22965) to work on /Users/admin/anaconda3/lib/python3.11/site-packages/airflow/example_dags/example_setup_teardown.py
[2025-05-04T23:32:23.055+0300] {processor.py:830} INFO - Processing file /Users/admin/anaconda3/lib/python3.11/site-packages/airflow/example_dags/example_setup_teardown.py for tasks to queue
[2025-05-04T23:32:23.055+0300] {logging_mixin.py:188} INFO - [2025-05-04T23:32:23.055+0300] {dagbag.py:540} INFO - Filling up the DagBag from /Users/admin/anaconda3/lib/python3.11/site-packages/airflow/example_dags/example_setup_teardown.py
[2025-05-04T23:32:23.061+0300] {processor.py:840} INFO - DAG(s) 'example_setup_teardown' retrieved from /Users/admin/anaconda3/lib/python3.11/site-packages/airflow/example_dags/example_setup_teardown.py
[2025-05-04T23:32:23.122+0300] {logging_mixin.py:188} INFO - [2025-05-04T23:32:23.121+0300] {dag.py:3047} INFO - Sync 1 DAGs
[2025-05-04T23:32:23.131+0300] {logging_mixin.py:188} INFO - [2025-05-04T23:32:23.131+0300] {dag.py:3834} INFO - Setting next_dagrun for example_setup_teardown to 2025-05-03 00:00:00+00:00, run_after=2025-05-04 00:00:00+00:00
[2025-05-04T23:32:23.141+0300] {processor.py:183} INFO - Processing /Users/admin/anaconda3/lib/python3.11/site-packages/airflow/example_dags/example_setup_teardown.py took 0.088 seconds
[2025-05-04T23:35:23.754+0300] {processor.py:161} INFO - Started process (PID=23817) to work on /Users/admin/anaconda3/lib/python3.11/site-packages/airflow/example_dags/example_setup_teardown.py
[2025-05-04T23:35:23.754+0300] {processor.py:830} INFO - Processing file /Users/admin/anaconda3/lib/python3.11/site-packages/airflow/example_dags/example_setup_teardown.py for tasks to queue
[2025-05-04T23:35:23.755+0300] {logging_mixin.py:188} INFO - [2025-05-04T23:35:23.755+0300] {dagbag.py:540} INFO - Filling up the DagBag from /Users/admin/anaconda3/lib/python3.11/site-packages/airflow/example_dags/example_setup_teardown.py
[2025-05-04T23:35:23.761+0300] {processor.py:840} INFO - DAG(s) 'example_setup_teardown' retrieved from /Users/admin/anaconda3/lib/python3.11/site-packages/airflow/example_dags/example_setup_teardown.py
[2025-05-04T23:35:23.823+0300] {logging_mixin.py:188} INFO - [2025-05-04T23:35:23.823+0300] {dag.py:3047} INFO - Sync 1 DAGs
[2025-05-04T23:35:23.832+0300] {logging_mixin.py:188} INFO - [2025-05-04T23:35:23.832+0300] {dag.py:3834} INFO - Setting next_dagrun for example_setup_teardown to 2025-05-03 00:00:00+00:00, run_after=2025-05-04 00:00:00+00:00
[2025-05-04T23:35:23.842+0300] {processor.py:183} INFO - Processing /Users/admin/anaconda3/lib/python3.11/site-packages/airflow/example_dags/example_setup_teardown.py took 0.089 seconds
[2025-05-04T23:38:24.506+0300] {processor.py:161} INFO - Started process (PID=24695) to work on /Users/admin/anaconda3/lib/python3.11/site-packages/airflow/example_dags/example_setup_teardown.py
[2025-05-04T23:38:24.507+0300] {processor.py:830} INFO - Processing file /Users/admin/anaconda3/lib/python3.11/site-packages/airflow/example_dags/example_setup_teardown.py for tasks to queue
[2025-05-04T23:38:24.507+0300] {logging_mixin.py:188} INFO - [2025-05-04T23:38:24.507+0300] {dagbag.py:540} INFO - Filling up the DagBag from /Users/admin/anaconda3/lib/python3.11/site-packages/airflow/example_dags/example_setup_teardown.py
[2025-05-04T23:38:24.514+0300] {processor.py:840} INFO - DAG(s) 'example_setup_teardown' retrieved from /Users/admin/anaconda3/lib/python3.11/site-packages/airflow/example_dags/example_setup_teardown.py
[2025-05-04T23:38:24.577+0300] {logging_mixin.py:188} INFO - [2025-05-04T23:38:24.577+0300] {dag.py:3047} INFO - Sync 1 DAGs
[2025-05-04T23:38:24.586+0300] {logging_mixin.py:188} INFO - [2025-05-04T23:38:24.586+0300] {dag.py:3834} INFO - Setting next_dagrun for example_setup_teardown to 2025-05-03 00:00:00+00:00, run_after=2025-05-04 00:00:00+00:00
[2025-05-04T23:38:24.596+0300] {processor.py:183} INFO - Processing /Users/admin/anaconda3/lib/python3.11/site-packages/airflow/example_dags/example_setup_teardown.py took 0.091 seconds
[2025-05-04T23:41:42.215+0300] {processor.py:161} INFO - Started process (PID=25607) to work on /Users/admin/anaconda3/lib/python3.11/site-packages/airflow/example_dags/example_setup_teardown.py
[2025-05-04T23:41:42.217+0300] {processor.py:830} INFO - Processing file /Users/admin/anaconda3/lib/python3.11/site-packages/airflow/example_dags/example_setup_teardown.py for tasks to queue
[2025-05-04T23:41:42.218+0300] {logging_mixin.py:188} INFO - [2025-05-04T23:41:42.217+0300] {dagbag.py:540} INFO - Filling up the DagBag from /Users/admin/anaconda3/lib/python3.11/site-packages/airflow/example_dags/example_setup_teardown.py
[2025-05-04T23:41:42.226+0300] {processor.py:840} INFO - DAG(s) 'example_setup_teardown' retrieved from /Users/admin/anaconda3/lib/python3.11/site-packages/airflow/example_dags/example_setup_teardown.py
[2025-05-04T23:41:42.338+0300] {logging_mixin.py:188} INFO - [2025-05-04T23:41:42.337+0300] {dag.py:3047} INFO - Sync 1 DAGs
[2025-05-04T23:41:42.366+0300] {logging_mixin.py:188} INFO - [2025-05-04T23:41:42.364+0300] {dag.py:3834} INFO - Setting next_dagrun for example_setup_teardown to 2025-05-03 00:00:00+00:00, run_after=2025-05-04 00:00:00+00:00
[2025-05-04T23:41:42.396+0300] {processor.py:183} INFO - Processing /Users/admin/anaconda3/lib/python3.11/site-packages/airflow/example_dags/example_setup_teardown.py took 0.181 seconds
[2025-05-04T23:43:27.744+0300] {processor.py:161} INFO - Started process (PID=26096) to work on /Users/admin/anaconda3/lib/python3.11/site-packages/airflow/example_dags/example_setup_teardown.py
[2025-05-04T23:43:27.745+0300] {processor.py:830} INFO - Processing file /Users/admin/anaconda3/lib/python3.11/site-packages/airflow/example_dags/example_setup_teardown.py for tasks to queue
[2025-05-04T23:43:27.746+0300] {logging_mixin.py:188} INFO - [2025-05-04T23:43:27.746+0300] {dagbag.py:540} INFO - Filling up the DagBag from /Users/admin/anaconda3/lib/python3.11/site-packages/airflow/example_dags/example_setup_teardown.py
[2025-05-04T23:43:27.751+0300] {processor.py:840} INFO - DAG(s) 'example_setup_teardown' retrieved from /Users/admin/anaconda3/lib/python3.11/site-packages/airflow/example_dags/example_setup_teardown.py
[2025-05-04T23:43:27.820+0300] {logging_mixin.py:188} INFO - [2025-05-04T23:43:27.820+0300] {dag.py:3047} INFO - Sync 1 DAGs
[2025-05-04T23:43:27.833+0300] {logging_mixin.py:188} INFO - [2025-05-04T23:43:27.833+0300] {dag.py:3834} INFO - Setting next_dagrun for example_setup_teardown to 2025-05-03 00:00:00+00:00, run_after=2025-05-04 00:00:00+00:00
[2025-05-04T23:43:27.847+0300] {processor.py:183} INFO - Processing /Users/admin/anaconda3/lib/python3.11/site-packages/airflow/example_dags/example_setup_teardown.py took 0.104 seconds
[2025-05-04T23:45:03.473+0300] {processor.py:161} INFO - Started process (PID=26543) to work on /Users/admin/anaconda3/lib/python3.11/site-packages/airflow/example_dags/example_setup_teardown.py
[2025-05-04T23:45:03.474+0300] {processor.py:830} INFO - Processing file /Users/admin/anaconda3/lib/python3.11/site-packages/airflow/example_dags/example_setup_teardown.py for tasks to queue
[2025-05-04T23:45:03.474+0300] {logging_mixin.py:188} INFO - [2025-05-04T23:45:03.474+0300] {dagbag.py:540} INFO - Filling up the DagBag from /Users/admin/anaconda3/lib/python3.11/site-packages/airflow/example_dags/example_setup_teardown.py
[2025-05-04T23:45:03.480+0300] {processor.py:840} INFO - DAG(s) 'example_setup_teardown' retrieved from /Users/admin/anaconda3/lib/python3.11/site-packages/airflow/example_dags/example_setup_teardown.py
[2025-05-04T23:45:03.541+0300] {logging_mixin.py:188} INFO - [2025-05-04T23:45:03.541+0300] {dag.py:3047} INFO - Sync 1 DAGs
[2025-05-04T23:45:03.551+0300] {logging_mixin.py:188} INFO - [2025-05-04T23:45:03.550+0300] {dag.py:3834} INFO - Setting next_dagrun for example_setup_teardown to 2025-05-03 00:00:00+00:00, run_after=2025-05-04 00:00:00+00:00
[2025-05-04T23:45:03.560+0300] {processor.py:183} INFO - Processing /Users/admin/anaconda3/lib/python3.11/site-packages/airflow/example_dags/example_setup_teardown.py took 0.088 seconds
[2025-05-04T23:46:38.672+0300] {processor.py:161} INFO - Started process (PID=26988) to work on /Users/admin/anaconda3/lib/python3.11/site-packages/airflow/example_dags/example_setup_teardown.py
[2025-05-04T23:46:38.673+0300] {processor.py:830} INFO - Processing file /Users/admin/anaconda3/lib/python3.11/site-packages/airflow/example_dags/example_setup_teardown.py for tasks to queue
[2025-05-04T23:46:38.674+0300] {logging_mixin.py:188} INFO - [2025-05-04T23:46:38.673+0300] {dagbag.py:540} INFO - Filling up the DagBag from /Users/admin/anaconda3/lib/python3.11/site-packages/airflow/example_dags/example_setup_teardown.py
[2025-05-04T23:46:38.679+0300] {processor.py:840} INFO - DAG(s) 'example_setup_teardown' retrieved from /Users/admin/anaconda3/lib/python3.11/site-packages/airflow/example_dags/example_setup_teardown.py
[2025-05-04T23:46:38.741+0300] {logging_mixin.py:188} INFO - [2025-05-04T23:46:38.740+0300] {dag.py:3047} INFO - Sync 1 DAGs
[2025-05-04T23:46:38.750+0300] {logging_mixin.py:188} INFO - [2025-05-04T23:46:38.750+0300] {dag.py:3834} INFO - Setting next_dagrun for example_setup_teardown to 2025-05-03 00:00:00+00:00, run_after=2025-05-04 00:00:00+00:00
[2025-05-04T23:46:38.760+0300] {processor.py:183} INFO - Processing /Users/admin/anaconda3/lib/python3.11/site-packages/airflow/example_dags/example_setup_teardown.py took 0.089 seconds
[2025-05-04T23:49:38.532+0300] {processor.py:161} INFO - Started process (PID=27826) to work on /Users/admin/anaconda3/lib/python3.11/site-packages/airflow/example_dags/example_setup_teardown.py
[2025-05-04T23:49:38.533+0300] {processor.py:830} INFO - Processing file /Users/admin/anaconda3/lib/python3.11/site-packages/airflow/example_dags/example_setup_teardown.py for tasks to queue
[2025-05-04T23:49:38.534+0300] {logging_mixin.py:188} INFO - [2025-05-04T23:49:38.534+0300] {dagbag.py:540} INFO - Filling up the DagBag from /Users/admin/anaconda3/lib/python3.11/site-packages/airflow/example_dags/example_setup_teardown.py
[2025-05-04T23:49:38.540+0300] {processor.py:840} INFO - DAG(s) 'example_setup_teardown' retrieved from /Users/admin/anaconda3/lib/python3.11/site-packages/airflow/example_dags/example_setup_teardown.py
[2025-05-04T23:49:38.602+0300] {logging_mixin.py:188} INFO - [2025-05-04T23:49:38.601+0300] {dag.py:3047} INFO - Sync 1 DAGs
[2025-05-04T23:49:38.611+0300] {logging_mixin.py:188} INFO - [2025-05-04T23:49:38.611+0300] {dag.py:3834} INFO - Setting next_dagrun for example_setup_teardown to 2025-05-03 00:00:00+00:00, run_after=2025-05-04 00:00:00+00:00
[2025-05-04T23:49:38.621+0300] {processor.py:183} INFO - Processing /Users/admin/anaconda3/lib/python3.11/site-packages/airflow/example_dags/example_setup_teardown.py took 0.089 seconds
[2025-05-04T23:52:48.796+0300] {processor.py:161} INFO - Started process (PID=28719) to work on /Users/admin/anaconda3/lib/python3.11/site-packages/airflow/example_dags/example_setup_teardown.py
[2025-05-04T23:52:48.797+0300] {processor.py:830} INFO - Processing file /Users/admin/anaconda3/lib/python3.11/site-packages/airflow/example_dags/example_setup_teardown.py for tasks to queue
[2025-05-04T23:52:48.798+0300] {logging_mixin.py:188} INFO - [2025-05-04T23:52:48.798+0300] {dagbag.py:540} INFO - Filling up the DagBag from /Users/admin/anaconda3/lib/python3.11/site-packages/airflow/example_dags/example_setup_teardown.py
[2025-05-04T23:52:48.803+0300] {processor.py:840} INFO - DAG(s) 'example_setup_teardown' retrieved from /Users/admin/anaconda3/lib/python3.11/site-packages/airflow/example_dags/example_setup_teardown.py
[2025-05-04T23:52:48.864+0300] {logging_mixin.py:188} INFO - [2025-05-04T23:52:48.864+0300] {dag.py:3047} INFO - Sync 1 DAGs
[2025-05-04T23:52:48.874+0300] {logging_mixin.py:188} INFO - [2025-05-04T23:52:48.873+0300] {dag.py:3834} INFO - Setting next_dagrun for example_setup_teardown to 2025-05-03 00:00:00+00:00, run_after=2025-05-04 00:00:00+00:00
[2025-05-04T23:52:48.883+0300] {processor.py:183} INFO - Processing /Users/admin/anaconda3/lib/python3.11/site-packages/airflow/example_dags/example_setup_teardown.py took 0.088 seconds
