[2025-05-04T22:12:03.337+0300] {processor.py:161} INFO - Started process (PID=14430) to work on /Users/admin/anaconda3/lib/python3.11/site-packages/airflow/example_dags/example_complex.py
[2025-05-04T22:12:03.338+0300] {processor.py:830} INFO - Processing file /Users/admin/anaconda3/lib/python3.11/site-packages/airflow/example_dags/example_complex.py for tasks to queue
[2025-05-04T22:12:03.338+0300] {logging_mixin.py:188} INFO - [2025-05-04T22:12:03.338+0300] {dagbag.py:540} INFO - Filling up the DagBag from /Users/admin/anaconda3/lib/python3.11/site-packages/airflow/example_dags/example_complex.py
[2025-05-04T22:12:03.347+0300] {processor.py:840} INFO - DAG(s) 'example_complex' retrieved from /Users/admin/anaconda3/lib/python3.11/site-packages/airflow/example_dags/example_complex.py
[2025-05-04T22:12:03.460+0300] {logging_mixin.py:188} INFO - [2025-05-04T22:12:03.460+0300] {dag.py:3047} INFO - Sync 1 DAGs
[2025-05-04T22:12:03.465+0300] {logging_mixin.py:188} INFO - [2025-05-04T22:12:03.465+0300] {dag.py:3834} INFO - Setting next_dagrun for example_complex to None, run_after=None
[2025-05-04T22:12:03.476+0300] {processor.py:183} INFO - Processing /Users/admin/anaconda3/lib/python3.11/site-packages/airflow/example_dags/example_complex.py took 0.139 seconds
[2025-05-04T22:14:48.472+0300] {processor.py:161} INFO - Started process (PID=15214) to work on /Users/admin/anaconda3/lib/python3.11/site-packages/airflow/example_dags/example_complex.py
[2025-05-04T22:14:48.473+0300] {processor.py:830} INFO - Processing file /Users/admin/anaconda3/lib/python3.11/site-packages/airflow/example_dags/example_complex.py for tasks to queue
[2025-05-04T22:14:48.474+0300] {logging_mixin.py:188} INFO - [2025-05-04T22:14:48.474+0300] {dagbag.py:540} INFO - Filling up the DagBag from /Users/admin/anaconda3/lib/python3.11/site-packages/airflow/example_dags/example_complex.py
[2025-05-04T22:14:48.482+0300] {processor.py:840} INFO - DAG(s) 'example_complex' retrieved from /Users/admin/anaconda3/lib/python3.11/site-packages/airflow/example_dags/example_complex.py
[2025-05-04T22:14:48.549+0300] {logging_mixin.py:188} INFO - [2025-05-04T22:14:48.549+0300] {dag.py:3047} INFO - Sync 1 DAGs
[2025-05-04T22:14:48.554+0300] {logging_mixin.py:188} INFO - [2025-05-04T22:14:48.554+0300] {dag.py:3834} INFO - Setting next_dagrun for example_complex to None, run_after=None
[2025-05-04T22:14:48.564+0300] {processor.py:183} INFO - Processing /Users/admin/anaconda3/lib/python3.11/site-packages/airflow/example_dags/example_complex.py took 0.093 seconds
[2025-05-04T22:17:35.387+0300] {processor.py:161} INFO - Started process (PID=16005) to work on /Users/admin/anaconda3/lib/python3.11/site-packages/airflow/example_dags/example_complex.py
[2025-05-04T22:17:35.387+0300] {processor.py:830} INFO - Processing file /Users/admin/anaconda3/lib/python3.11/site-packages/airflow/example_dags/example_complex.py for tasks to queue
[2025-05-04T22:17:35.388+0300] {logging_mixin.py:188} INFO - [2025-05-04T22:17:35.388+0300] {dagbag.py:540} INFO - Filling up the DagBag from /Users/admin/anaconda3/lib/python3.11/site-packages/airflow/example_dags/example_complex.py
[2025-05-04T22:17:35.399+0300] {processor.py:840} INFO - DAG(s) 'example_complex' retrieved from /Users/admin/anaconda3/lib/python3.11/site-packages/airflow/example_dags/example_complex.py
[2025-05-04T22:17:35.469+0300] {logging_mixin.py:188} INFO - [2025-05-04T22:17:35.469+0300] {dag.py:3047} INFO - Sync 1 DAGs
[2025-05-04T22:17:35.475+0300] {logging_mixin.py:188} INFO - [2025-05-04T22:17:35.474+0300] {dag.py:3834} INFO - Setting next_dagrun for example_complex to None, run_after=None
[2025-05-04T22:17:35.485+0300] {processor.py:183} INFO - Processing /Users/admin/anaconda3/lib/python3.11/site-packages/airflow/example_dags/example_complex.py took 0.099 seconds
[2025-05-04T22:27:15.331+0300] {processor.py:161} INFO - Started process (PID=16848) to work on /Users/admin/anaconda3/lib/python3.11/site-packages/airflow/example_dags/example_complex.py
[2025-05-04T22:27:15.333+0300] {processor.py:830} INFO - Processing file /Users/admin/anaconda3/lib/python3.11/site-packages/airflow/example_dags/example_complex.py for tasks to queue
[2025-05-04T22:27:15.333+0300] {logging_mixin.py:188} INFO - [2025-05-04T22:27:15.333+0300] {dagbag.py:540} INFO - Filling up the DagBag from /Users/admin/anaconda3/lib/python3.11/site-packages/airflow/example_dags/example_complex.py
[2025-05-04T22:27:15.342+0300] {processor.py:840} INFO - DAG(s) 'example_complex' retrieved from /Users/admin/anaconda3/lib/python3.11/site-packages/airflow/example_dags/example_complex.py
[2025-05-04T22:27:15.410+0300] {logging_mixin.py:188} INFO - [2025-05-04T22:27:15.410+0300] {dag.py:3047} INFO - Sync 1 DAGs
[2025-05-04T22:27:15.415+0300] {logging_mixin.py:188} INFO - [2025-05-04T22:27:15.415+0300] {dag.py:3834} INFO - Setting next_dagrun for example_complex to None, run_after=None
[2025-05-04T22:27:15.426+0300] {processor.py:183} INFO - Processing /Users/admin/anaconda3/lib/python3.11/site-packages/airflow/example_dags/example_complex.py took 0.095 seconds
[2025-05-04T22:29:59.609+0300] {processor.py:161} INFO - Started process (PID=17614) to work on /Users/admin/anaconda3/lib/python3.11/site-packages/airflow/example_dags/example_complex.py
[2025-05-04T22:29:59.611+0300] {processor.py:830} INFO - Processing file /Users/admin/anaconda3/lib/python3.11/site-packages/airflow/example_dags/example_complex.py for tasks to queue
[2025-05-04T22:29:59.611+0300] {logging_mixin.py:188} INFO - [2025-05-04T22:29:59.611+0300] {dagbag.py:540} INFO - Filling up the DagBag from /Users/admin/anaconda3/lib/python3.11/site-packages/airflow/example_dags/example_complex.py
[2025-05-04T22:29:59.619+0300] {processor.py:840} INFO - DAG(s) 'example_complex' retrieved from /Users/admin/anaconda3/lib/python3.11/site-packages/airflow/example_dags/example_complex.py
[2025-05-04T22:29:59.686+0300] {logging_mixin.py:188} INFO - [2025-05-04T22:29:59.686+0300] {dag.py:3047} INFO - Sync 1 DAGs
[2025-05-04T22:29:59.691+0300] {logging_mixin.py:188} INFO - [2025-05-04T22:29:59.691+0300] {dag.py:3834} INFO - Setting next_dagrun for example_complex to None, run_after=None
[2025-05-04T22:29:59.702+0300] {processor.py:183} INFO - Processing /Users/admin/anaconda3/lib/python3.11/site-packages/airflow/example_dags/example_complex.py took 0.093 seconds
[2025-05-04T23:16:37.767+0300] {processor.py:161} INFO - Started process (PID=18500) to work on /Users/admin/anaconda3/lib/python3.11/site-packages/airflow/example_dags/example_complex.py
[2025-05-04T23:16:37.768+0300] {processor.py:830} INFO - Processing file /Users/admin/anaconda3/lib/python3.11/site-packages/airflow/example_dags/example_complex.py for tasks to queue
[2025-05-04T23:16:37.768+0300] {logging_mixin.py:188} INFO - [2025-05-04T23:16:37.768+0300] {dagbag.py:540} INFO - Filling up the DagBag from /Users/admin/anaconda3/lib/python3.11/site-packages/airflow/example_dags/example_complex.py
[2025-05-04T23:16:37.777+0300] {processor.py:840} INFO - DAG(s) 'example_complex' retrieved from /Users/admin/anaconda3/lib/python3.11/site-packages/airflow/example_dags/example_complex.py
[2025-05-04T23:16:37.844+0300] {logging_mixin.py:188} INFO - [2025-05-04T23:16:37.844+0300] {dag.py:3047} INFO - Sync 1 DAGs
[2025-05-04T23:16:37.849+0300] {logging_mixin.py:188} INFO - [2025-05-04T23:16:37.849+0300] {dag.py:3834} INFO - Setting next_dagrun for example_complex to None, run_after=None
[2025-05-04T23:16:37.860+0300] {processor.py:183} INFO - Processing /Users/admin/anaconda3/lib/python3.11/site-packages/airflow/example_dags/example_complex.py took 0.094 seconds
[2025-05-04T23:19:23.690+0300] {processor.py:161} INFO - Started process (PID=19279) to work on /Users/admin/anaconda3/lib/python3.11/site-packages/airflow/example_dags/example_complex.py
[2025-05-04T23:19:23.692+0300] {processor.py:830} INFO - Processing file /Users/admin/anaconda3/lib/python3.11/site-packages/airflow/example_dags/example_complex.py for tasks to queue
[2025-05-04T23:19:23.692+0300] {logging_mixin.py:188} INFO - [2025-05-04T23:19:23.692+0300] {dagbag.py:540} INFO - Filling up the DagBag from /Users/admin/anaconda3/lib/python3.11/site-packages/airflow/example_dags/example_complex.py
[2025-05-04T23:19:23.700+0300] {processor.py:840} INFO - DAG(s) 'example_complex' retrieved from /Users/admin/anaconda3/lib/python3.11/site-packages/airflow/example_dags/example_complex.py
[2025-05-04T23:19:23.767+0300] {logging_mixin.py:188} INFO - [2025-05-04T23:19:23.767+0300] {dag.py:3047} INFO - Sync 1 DAGs
[2025-05-04T23:19:23.772+0300] {logging_mixin.py:188} INFO - [2025-05-04T23:19:23.772+0300] {dag.py:3834} INFO - Setting next_dagrun for example_complex to None, run_after=None
[2025-05-04T23:19:23.783+0300] {processor.py:183} INFO - Processing /Users/admin/anaconda3/lib/python3.11/site-packages/airflow/example_dags/example_complex.py took 0.094 seconds
[2025-05-04T23:22:18.045+0300] {processor.py:161} INFO - Started process (PID=20098) to work on /Users/admin/anaconda3/lib/python3.11/site-packages/airflow/example_dags/example_complex.py
[2025-05-04T23:22:18.046+0300] {processor.py:830} INFO - Processing file /Users/admin/anaconda3/lib/python3.11/site-packages/airflow/example_dags/example_complex.py for tasks to queue
[2025-05-04T23:22:18.046+0300] {logging_mixin.py:188} INFO - [2025-05-04T23:22:18.046+0300] {dagbag.py:540} INFO - Filling up the DagBag from /Users/admin/anaconda3/lib/python3.11/site-packages/airflow/example_dags/example_complex.py
[2025-05-04T23:22:18.055+0300] {processor.py:840} INFO - DAG(s) 'example_complex' retrieved from /Users/admin/anaconda3/lib/python3.11/site-packages/airflow/example_dags/example_complex.py
[2025-05-04T23:22:18.121+0300] {logging_mixin.py:188} INFO - [2025-05-04T23:22:18.121+0300] {dag.py:3047} INFO - Sync 1 DAGs
[2025-05-04T23:22:18.126+0300] {logging_mixin.py:188} INFO - [2025-05-04T23:22:18.126+0300] {dag.py:3834} INFO - Setting next_dagrun for example_complex to None, run_after=None
[2025-05-04T23:22:18.137+0300] {processor.py:183} INFO - Processing /Users/admin/anaconda3/lib/python3.11/site-packages/airflow/example_dags/example_complex.py took 0.093 seconds
[2025-05-04T23:25:10.462+0300] {processor.py:161} INFO - Started process (PID=20905) to work on /Users/admin/anaconda3/lib/python3.11/site-packages/airflow/example_dags/example_complex.py
[2025-05-04T23:25:10.464+0300] {processor.py:830} INFO - Processing file /Users/admin/anaconda3/lib/python3.11/site-packages/airflow/example_dags/example_complex.py for tasks to queue
[2025-05-04T23:25:10.464+0300] {logging_mixin.py:188} INFO - [2025-05-04T23:25:10.464+0300] {dagbag.py:540} INFO - Filling up the DagBag from /Users/admin/anaconda3/lib/python3.11/site-packages/airflow/example_dags/example_complex.py
[2025-05-04T23:25:10.472+0300] {processor.py:840} INFO - DAG(s) 'example_complex' retrieved from /Users/admin/anaconda3/lib/python3.11/site-packages/airflow/example_dags/example_complex.py
[2025-05-04T23:25:10.538+0300] {logging_mixin.py:188} INFO - [2025-05-04T23:25:10.538+0300] {dag.py:3047} INFO - Sync 1 DAGs
[2025-05-04T23:25:10.544+0300] {logging_mixin.py:188} INFO - [2025-05-04T23:25:10.544+0300] {dag.py:3834} INFO - Setting next_dagrun for example_complex to None, run_after=None
[2025-05-04T23:25:10.554+0300] {processor.py:183} INFO - Processing /Users/admin/anaconda3/lib/python3.11/site-packages/airflow/example_dags/example_complex.py took 0.092 seconds
[2025-05-04T23:28:03.636+0300] {processor.py:161} INFO - Started process (PID=21732) to work on /Users/admin/anaconda3/lib/python3.11/site-packages/airflow/example_dags/example_complex.py
[2025-05-04T23:28:03.638+0300] {processor.py:830} INFO - Processing file /Users/admin/anaconda3/lib/python3.11/site-packages/airflow/example_dags/example_complex.py for tasks to queue
[2025-05-04T23:28:03.638+0300] {logging_mixin.py:188} INFO - [2025-05-04T23:28:03.638+0300] {dagbag.py:540} INFO - Filling up the DagBag from /Users/admin/anaconda3/lib/python3.11/site-packages/airflow/example_dags/example_complex.py
[2025-05-04T23:28:03.646+0300] {processor.py:840} INFO - DAG(s) 'example_complex' retrieved from /Users/admin/anaconda3/lib/python3.11/site-packages/airflow/example_dags/example_complex.py
[2025-05-04T23:28:03.713+0300] {logging_mixin.py:188} INFO - [2025-05-04T23:28:03.713+0300] {dag.py:3047} INFO - Sync 1 DAGs
[2025-05-04T23:28:03.718+0300] {logging_mixin.py:188} INFO - [2025-05-04T23:28:03.718+0300] {dag.py:3834} INFO - Setting next_dagrun for example_complex to None, run_after=None
[2025-05-04T23:28:03.728+0300] {processor.py:183} INFO - Processing /Users/admin/anaconda3/lib/python3.11/site-packages/airflow/example_dags/example_complex.py took 0.093 seconds
[2025-05-04T23:31:03.476+0300] {processor.py:161} INFO - Started process (PID=22592) to work on /Users/admin/anaconda3/lib/python3.11/site-packages/airflow/example_dags/example_complex.py
[2025-05-04T23:31:03.477+0300] {processor.py:830} INFO - Processing file /Users/admin/anaconda3/lib/python3.11/site-packages/airflow/example_dags/example_complex.py for tasks to queue
[2025-05-04T23:31:03.477+0300] {logging_mixin.py:188} INFO - [2025-05-04T23:31:03.477+0300] {dagbag.py:540} INFO - Filling up the DagBag from /Users/admin/anaconda3/lib/python3.11/site-packages/airflow/example_dags/example_complex.py
[2025-05-04T23:31:03.485+0300] {processor.py:840} INFO - DAG(s) 'example_complex' retrieved from /Users/admin/anaconda3/lib/python3.11/site-packages/airflow/example_dags/example_complex.py
[2025-05-04T23:31:03.554+0300] {logging_mixin.py:188} INFO - [2025-05-04T23:31:03.554+0300] {dag.py:3047} INFO - Sync 1 DAGs
[2025-05-04T23:31:03.559+0300] {logging_mixin.py:188} INFO - [2025-05-04T23:31:03.559+0300] {dag.py:3834} INFO - Setting next_dagrun for example_complex to None, run_after=None
[2025-05-04T23:31:03.569+0300] {processor.py:183} INFO - Processing /Users/admin/anaconda3/lib/python3.11/site-packages/airflow/example_dags/example_complex.py took 0.094 seconds
[2025-05-04T23:34:00.205+0300] {processor.py:161} INFO - Started process (PID=23415) to work on /Users/admin/anaconda3/lib/python3.11/site-packages/airflow/example_dags/example_complex.py
[2025-05-04T23:34:00.206+0300] {processor.py:830} INFO - Processing file /Users/admin/anaconda3/lib/python3.11/site-packages/airflow/example_dags/example_complex.py for tasks to queue
[2025-05-04T23:34:00.206+0300] {logging_mixin.py:188} INFO - [2025-05-04T23:34:00.206+0300] {dagbag.py:540} INFO - Filling up the DagBag from /Users/admin/anaconda3/lib/python3.11/site-packages/airflow/example_dags/example_complex.py
[2025-05-04T23:34:00.214+0300] {processor.py:840} INFO - DAG(s) 'example_complex' retrieved from /Users/admin/anaconda3/lib/python3.11/site-packages/airflow/example_dags/example_complex.py
[2025-05-04T23:34:00.282+0300] {logging_mixin.py:188} INFO - [2025-05-04T23:34:00.282+0300] {dag.py:3047} INFO - Sync 1 DAGs
[2025-05-04T23:34:00.287+0300] {logging_mixin.py:188} INFO - [2025-05-04T23:34:00.287+0300] {dag.py:3834} INFO - Setting next_dagrun for example_complex to None, run_after=None
[2025-05-04T23:34:00.299+0300] {processor.py:183} INFO - Processing /Users/admin/anaconda3/lib/python3.11/site-packages/airflow/example_dags/example_complex.py took 0.095 seconds
[2025-05-04T23:37:05.945+0300] {processor.py:161} INFO - Started process (PID=24322) to work on /Users/admin/anaconda3/lib/python3.11/site-packages/airflow/example_dags/example_complex.py
[2025-05-04T23:37:05.946+0300] {processor.py:830} INFO - Processing file /Users/admin/anaconda3/lib/python3.11/site-packages/airflow/example_dags/example_complex.py for tasks to queue
[2025-05-04T23:37:05.947+0300] {logging_mixin.py:188} INFO - [2025-05-04T23:37:05.946+0300] {dagbag.py:540} INFO - Filling up the DagBag from /Users/admin/anaconda3/lib/python3.11/site-packages/airflow/example_dags/example_complex.py
[2025-05-04T23:37:05.955+0300] {processor.py:840} INFO - DAG(s) 'example_complex' retrieved from /Users/admin/anaconda3/lib/python3.11/site-packages/airflow/example_dags/example_complex.py
[2025-05-04T23:37:06.021+0300] {logging_mixin.py:188} INFO - [2025-05-04T23:37:06.021+0300] {dag.py:3047} INFO - Sync 1 DAGs
[2025-05-04T23:37:06.026+0300] {logging_mixin.py:188} INFO - [2025-05-04T23:37:06.026+0300] {dag.py:3834} INFO - Setting next_dagrun for example_complex to None, run_after=None
[2025-05-04T23:37:06.036+0300] {processor.py:183} INFO - Processing /Users/admin/anaconda3/lib/python3.11/site-packages/airflow/example_dags/example_complex.py took 0.092 seconds
[2025-05-04T23:40:09.397+0300] {processor.py:161} INFO - Started process (PID=25186) to work on /Users/admin/anaconda3/lib/python3.11/site-packages/airflow/example_dags/example_complex.py
[2025-05-04T23:40:09.398+0300] {processor.py:830} INFO - Processing file /Users/admin/anaconda3/lib/python3.11/site-packages/airflow/example_dags/example_complex.py for tasks to queue
[2025-05-04T23:40:09.399+0300] {logging_mixin.py:188} INFO - [2025-05-04T23:40:09.399+0300] {dagbag.py:540} INFO - Filling up the DagBag from /Users/admin/anaconda3/lib/python3.11/site-packages/airflow/example_dags/example_complex.py
[2025-05-04T23:40:09.407+0300] {processor.py:840} INFO - DAG(s) 'example_complex' retrieved from /Users/admin/anaconda3/lib/python3.11/site-packages/airflow/example_dags/example_complex.py
[2025-05-04T23:40:09.474+0300] {logging_mixin.py:188} INFO - [2025-05-04T23:40:09.474+0300] {dag.py:3047} INFO - Sync 1 DAGs
[2025-05-04T23:40:09.479+0300] {logging_mixin.py:188} INFO - [2025-05-04T23:40:09.479+0300] {dag.py:3834} INFO - Setting next_dagrun for example_complex to None, run_after=None
[2025-05-04T23:40:09.490+0300] {processor.py:183} INFO - Processing /Users/admin/anaconda3/lib/python3.11/site-packages/airflow/example_dags/example_complex.py took 0.094 seconds
[2025-05-04T23:43:41.322+0300] {processor.py:161} INFO - Started process (PID=26151) to work on /Users/admin/anaconda3/lib/python3.11/site-packages/airflow/example_dags/example_complex.py
[2025-05-04T23:43:41.323+0300] {processor.py:830} INFO - Processing file /Users/admin/anaconda3/lib/python3.11/site-packages/airflow/example_dags/example_complex.py for tasks to queue
[2025-05-04T23:43:41.324+0300] {logging_mixin.py:188} INFO - [2025-05-04T23:43:41.324+0300] {dagbag.py:540} INFO - Filling up the DagBag from /Users/admin/anaconda3/lib/python3.11/site-packages/airflow/example_dags/example_complex.py
[2025-05-04T23:43:41.334+0300] {processor.py:840} INFO - DAG(s) 'example_complex' retrieved from /Users/admin/anaconda3/lib/python3.11/site-packages/airflow/example_dags/example_complex.py
[2025-05-04T23:43:41.432+0300] {logging_mixin.py:188} INFO - [2025-05-04T23:43:41.432+0300] {dag.py:3047} INFO - Sync 1 DAGs
[2025-05-04T23:43:41.440+0300] {logging_mixin.py:188} INFO - [2025-05-04T23:43:41.440+0300] {dag.py:3834} INFO - Setting next_dagrun for example_complex to None, run_after=None
[2025-05-04T23:43:41.454+0300] {processor.py:183} INFO - Processing /Users/admin/anaconda3/lib/python3.11/site-packages/airflow/example_dags/example_complex.py took 0.133 seconds
[2025-05-04T23:46:47.342+0300] {processor.py:161} INFO - Started process (PID=27027) to work on /Users/admin/anaconda3/lib/python3.11/site-packages/airflow/example_dags/example_complex.py
[2025-05-04T23:46:47.343+0300] {processor.py:830} INFO - Processing file /Users/admin/anaconda3/lib/python3.11/site-packages/airflow/example_dags/example_complex.py for tasks to queue
[2025-05-04T23:46:47.343+0300] {logging_mixin.py:188} INFO - [2025-05-04T23:46:47.343+0300] {dagbag.py:540} INFO - Filling up the DagBag from /Users/admin/anaconda3/lib/python3.11/site-packages/airflow/example_dags/example_complex.py
[2025-05-04T23:46:47.351+0300] {processor.py:840} INFO - DAG(s) 'example_complex' retrieved from /Users/admin/anaconda3/lib/python3.11/site-packages/airflow/example_dags/example_complex.py
[2025-05-04T23:46:47.418+0300] {logging_mixin.py:188} INFO - [2025-05-04T23:46:47.418+0300] {dag.py:3047} INFO - Sync 1 DAGs
[2025-05-04T23:46:47.423+0300] {logging_mixin.py:188} INFO - [2025-05-04T23:46:47.423+0300] {dag.py:3834} INFO - Setting next_dagrun for example_complex to None, run_after=None
[2025-05-04T23:46:47.434+0300] {processor.py:183} INFO - Processing /Users/admin/anaconda3/lib/python3.11/site-packages/airflow/example_dags/example_complex.py took 0.093 seconds
[2025-05-04T23:49:46.549+0300] {processor.py:161} INFO - Started process (PID=27862) to work on /Users/admin/anaconda3/lib/python3.11/site-packages/airflow/example_dags/example_complex.py
[2025-05-04T23:49:46.551+0300] {processor.py:830} INFO - Processing file /Users/admin/anaconda3/lib/python3.11/site-packages/airflow/example_dags/example_complex.py for tasks to queue
[2025-05-04T23:49:46.551+0300] {logging_mixin.py:188} INFO - [2025-05-04T23:49:46.551+0300] {dagbag.py:540} INFO - Filling up the DagBag from /Users/admin/anaconda3/lib/python3.11/site-packages/airflow/example_dags/example_complex.py
[2025-05-04T23:49:46.560+0300] {processor.py:840} INFO - DAG(s) 'example_complex' retrieved from /Users/admin/anaconda3/lib/python3.11/site-packages/airflow/example_dags/example_complex.py
[2025-05-04T23:49:46.627+0300] {logging_mixin.py:188} INFO - [2025-05-04T23:49:46.627+0300] {dag.py:3047} INFO - Sync 1 DAGs
[2025-05-04T23:49:46.632+0300] {logging_mixin.py:188} INFO - [2025-05-04T23:49:46.632+0300] {dag.py:3834} INFO - Setting next_dagrun for example_complex to None, run_after=None
[2025-05-04T23:49:46.643+0300] {processor.py:183} INFO - Processing /Users/admin/anaconda3/lib/python3.11/site-packages/airflow/example_dags/example_complex.py took 0.094 seconds
[2025-05-04T23:52:57.844+0300] {processor.py:161} INFO - Started process (PID=28755) to work on /Users/admin/anaconda3/lib/python3.11/site-packages/airflow/example_dags/example_complex.py
[2025-05-04T23:52:57.845+0300] {processor.py:830} INFO - Processing file /Users/admin/anaconda3/lib/python3.11/site-packages/airflow/example_dags/example_complex.py for tasks to queue
[2025-05-04T23:52:57.845+0300] {logging_mixin.py:188} INFO - [2025-05-04T23:52:57.845+0300] {dagbag.py:540} INFO - Filling up the DagBag from /Users/admin/anaconda3/lib/python3.11/site-packages/airflow/example_dags/example_complex.py
[2025-05-04T23:52:57.853+0300] {processor.py:840} INFO - DAG(s) 'example_complex' retrieved from /Users/admin/anaconda3/lib/python3.11/site-packages/airflow/example_dags/example_complex.py
[2025-05-04T23:52:57.939+0300] {logging_mixin.py:188} INFO - [2025-05-04T23:52:57.939+0300] {dag.py:3047} INFO - Sync 1 DAGs
[2025-05-04T23:52:57.945+0300] {logging_mixin.py:188} INFO - [2025-05-04T23:52:57.945+0300] {dag.py:3834} INFO - Setting next_dagrun for example_complex to None, run_after=None
[2025-05-04T23:52:57.956+0300] {processor.py:183} INFO - Processing /Users/admin/anaconda3/lib/python3.11/site-packages/airflow/example_dags/example_complex.py took 0.113 seconds
