[2025-05-04T22:11:52.260+0300] {processor.py:161} INFO - Started process (PID=14378) to work on /Users/admin/anaconda3/lib/python3.11/site-packages/airflow/example_dags/example_external_task_marker_dag.py
[2025-05-04T22:11:52.261+0300] {processor.py:830} INFO - Processing file /Users/admin/anaconda3/lib/python3.11/site-packages/airflow/example_dags/example_external_task_marker_dag.py for tasks to queue
[2025-05-04T22:11:52.261+0300] {logging_mixin.py:188} INFO - [2025-05-04T22:11:52.261+0300] {dagbag.py:540} INFO - Filling up the DagBag from /Users/admin/anaconda3/lib/python3.11/site-packages/airflow/example_dags/example_external_task_marker_dag.py
[2025-05-04T22:11:52.271+0300] {processor.py:840} INFO - DAG(s) 'example_external_task_marker_parent', 'example_external_task_marker_child' retrieved from /Users/admin/anaconda3/lib/python3.11/site-packages/airflow/example_dags/example_external_task_marker_dag.py
[2025-05-04T22:11:52.399+0300] {logging_mixin.py:188} INFO - [2025-05-04T22:11:52.399+0300] {dag.py:3047} INFO - Sync 2 DAGs
[2025-05-04T22:11:52.404+0300] {logging_mixin.py:188} INFO - [2025-05-04T22:11:52.404+0300] {dag.py:3834} INFO - Setting next_dagrun for example_external_task_marker_child to None, run_after=None
[2025-05-04T22:11:52.405+0300] {logging_mixin.py:188} INFO - [2025-05-04T22:11:52.405+0300] {dag.py:3834} INFO - Setting next_dagrun for example_external_task_marker_parent to None, run_after=None
[2025-05-04T22:11:52.415+0300] {processor.py:183} INFO - Processing /Users/admin/anaconda3/lib/python3.11/site-packages/airflow/example_dags/example_external_task_marker_dag.py took 0.156 seconds
[2025-05-04T22:14:37.022+0300] {processor.py:161} INFO - Started process (PID=15154) to work on /Users/admin/anaconda3/lib/python3.11/site-packages/airflow/example_dags/example_external_task_marker_dag.py
[2025-05-04T22:14:37.023+0300] {processor.py:830} INFO - Processing file /Users/admin/anaconda3/lib/python3.11/site-packages/airflow/example_dags/example_external_task_marker_dag.py for tasks to queue
[2025-05-04T22:14:37.024+0300] {logging_mixin.py:188} INFO - [2025-05-04T22:14:37.024+0300] {dagbag.py:540} INFO - Filling up the DagBag from /Users/admin/anaconda3/lib/python3.11/site-packages/airflow/example_dags/example_external_task_marker_dag.py
[2025-05-04T22:14:37.032+0300] {processor.py:840} INFO - DAG(s) 'example_external_task_marker_child', 'example_external_task_marker_parent' retrieved from /Users/admin/anaconda3/lib/python3.11/site-packages/airflow/example_dags/example_external_task_marker_dag.py
[2025-05-04T22:14:37.114+0300] {logging_mixin.py:188} INFO - [2025-05-04T22:14:37.114+0300] {dag.py:3047} INFO - Sync 2 DAGs
[2025-05-04T22:14:37.119+0300] {logging_mixin.py:188} INFO - [2025-05-04T22:14:37.119+0300] {dag.py:3834} INFO - Setting next_dagrun for example_external_task_marker_child to None, run_after=None
[2025-05-04T22:14:37.121+0300] {logging_mixin.py:188} INFO - [2025-05-04T22:14:37.121+0300] {dag.py:3834} INFO - Setting next_dagrun for example_external_task_marker_parent to None, run_after=None
[2025-05-04T22:14:37.130+0300] {processor.py:183} INFO - Processing /Users/admin/anaconda3/lib/python3.11/site-packages/airflow/example_dags/example_external_task_marker_dag.py took 0.108 seconds
[2025-05-04T22:17:24.621+0300] {processor.py:161} INFO - Started process (PID=15960) to work on /Users/admin/anaconda3/lib/python3.11/site-packages/airflow/example_dags/example_external_task_marker_dag.py
[2025-05-04T22:17:24.623+0300] {processor.py:830} INFO - Processing file /Users/admin/anaconda3/lib/python3.11/site-packages/airflow/example_dags/example_external_task_marker_dag.py for tasks to queue
[2025-05-04T22:17:24.623+0300] {logging_mixin.py:188} INFO - [2025-05-04T22:17:24.623+0300] {dagbag.py:540} INFO - Filling up the DagBag from /Users/admin/anaconda3/lib/python3.11/site-packages/airflow/example_dags/example_external_task_marker_dag.py
[2025-05-04T22:17:24.632+0300] {processor.py:840} INFO - DAG(s) 'example_external_task_marker_parent', 'example_external_task_marker_child' retrieved from /Users/admin/anaconda3/lib/python3.11/site-packages/airflow/example_dags/example_external_task_marker_dag.py
[2025-05-04T22:17:24.714+0300] {logging_mixin.py:188} INFO - [2025-05-04T22:17:24.713+0300] {dag.py:3047} INFO - Sync 2 DAGs
[2025-05-04T22:17:24.719+0300] {logging_mixin.py:188} INFO - [2025-05-04T22:17:24.719+0300] {dag.py:3834} INFO - Setting next_dagrun for example_external_task_marker_child to None, run_after=None
[2025-05-04T22:17:24.721+0300] {logging_mixin.py:188} INFO - [2025-05-04T22:17:24.721+0300] {dag.py:3834} INFO - Setting next_dagrun for example_external_task_marker_parent to None, run_after=None
[2025-05-04T22:17:24.730+0300] {processor.py:183} INFO - Processing /Users/admin/anaconda3/lib/python3.11/site-packages/airflow/example_dags/example_external_task_marker_dag.py took 0.109 seconds
[2025-05-04T22:27:03.800+0300] {processor.py:161} INFO - Started process (PID=16796) to work on /Users/admin/anaconda3/lib/python3.11/site-packages/airflow/example_dags/example_external_task_marker_dag.py
[2025-05-04T22:27:03.801+0300] {processor.py:830} INFO - Processing file /Users/admin/anaconda3/lib/python3.11/site-packages/airflow/example_dags/example_external_task_marker_dag.py for tasks to queue
[2025-05-04T22:27:03.801+0300] {logging_mixin.py:188} INFO - [2025-05-04T22:27:03.801+0300] {dagbag.py:540} INFO - Filling up the DagBag from /Users/admin/anaconda3/lib/python3.11/site-packages/airflow/example_dags/example_external_task_marker_dag.py
[2025-05-04T22:27:03.810+0300] {processor.py:840} INFO - DAG(s) 'example_external_task_marker_child', 'example_external_task_marker_parent' retrieved from /Users/admin/anaconda3/lib/python3.11/site-packages/airflow/example_dags/example_external_task_marker_dag.py
[2025-05-04T22:27:03.891+0300] {logging_mixin.py:188} INFO - [2025-05-04T22:27:03.891+0300] {dag.py:3047} INFO - Sync 2 DAGs
[2025-05-04T22:27:03.897+0300] {logging_mixin.py:188} INFO - [2025-05-04T22:27:03.896+0300] {dag.py:3834} INFO - Setting next_dagrun for example_external_task_marker_child to None, run_after=None
[2025-05-04T22:27:03.898+0300] {logging_mixin.py:188} INFO - [2025-05-04T22:27:03.898+0300] {dag.py:3834} INFO - Setting next_dagrun for example_external_task_marker_parent to None, run_after=None
[2025-05-04T22:27:03.909+0300] {processor.py:183} INFO - Processing /Users/admin/anaconda3/lib/python3.11/site-packages/airflow/example_dags/example_external_task_marker_dag.py took 0.109 seconds
[2025-05-04T22:29:48.946+0300] {processor.py:161} INFO - Started process (PID=17569) to work on /Users/admin/anaconda3/lib/python3.11/site-packages/airflow/example_dags/example_external_task_marker_dag.py
[2025-05-04T22:29:48.947+0300] {processor.py:830} INFO - Processing file /Users/admin/anaconda3/lib/python3.11/site-packages/airflow/example_dags/example_external_task_marker_dag.py for tasks to queue
[2025-05-04T22:29:48.947+0300] {logging_mixin.py:188} INFO - [2025-05-04T22:29:48.947+0300] {dagbag.py:540} INFO - Filling up the DagBag from /Users/admin/anaconda3/lib/python3.11/site-packages/airflow/example_dags/example_external_task_marker_dag.py
[2025-05-04T22:29:48.956+0300] {processor.py:840} INFO - DAG(s) 'example_external_task_marker_parent', 'example_external_task_marker_child' retrieved from /Users/admin/anaconda3/lib/python3.11/site-packages/airflow/example_dags/example_external_task_marker_dag.py
[2025-05-04T22:29:49.036+0300] {logging_mixin.py:188} INFO - [2025-05-04T22:29:49.036+0300] {dag.py:3047} INFO - Sync 2 DAGs
[2025-05-04T22:29:49.042+0300] {logging_mixin.py:188} INFO - [2025-05-04T22:29:49.041+0300] {dag.py:3834} INFO - Setting next_dagrun for example_external_task_marker_child to None, run_after=None
[2025-05-04T22:29:49.043+0300] {logging_mixin.py:188} INFO - [2025-05-04T22:29:49.043+0300] {dag.py:3834} INFO - Setting next_dagrun for example_external_task_marker_parent to None, run_after=None
[2025-05-04T22:29:49.054+0300] {processor.py:183} INFO - Processing /Users/admin/anaconda3/lib/python3.11/site-packages/airflow/example_dags/example_external_task_marker_dag.py took 0.109 seconds
[2025-05-04T23:16:26.947+0300] {processor.py:161} INFO - Started process (PID=18447) to work on /Users/admin/anaconda3/lib/python3.11/site-packages/airflow/example_dags/example_external_task_marker_dag.py
[2025-05-04T23:16:26.949+0300] {processor.py:830} INFO - Processing file /Users/admin/anaconda3/lib/python3.11/site-packages/airflow/example_dags/example_external_task_marker_dag.py for tasks to queue
[2025-05-04T23:16:26.949+0300] {logging_mixin.py:188} INFO - [2025-05-04T23:16:26.949+0300] {dagbag.py:540} INFO - Filling up the DagBag from /Users/admin/anaconda3/lib/python3.11/site-packages/airflow/example_dags/example_external_task_marker_dag.py
[2025-05-04T23:16:26.957+0300] {processor.py:840} INFO - DAG(s) 'example_external_task_marker_child', 'example_external_task_marker_parent' retrieved from /Users/admin/anaconda3/lib/python3.11/site-packages/airflow/example_dags/example_external_task_marker_dag.py
[2025-05-04T23:16:27.037+0300] {logging_mixin.py:188} INFO - [2025-05-04T23:16:27.037+0300] {dag.py:3047} INFO - Sync 2 DAGs
[2025-05-04T23:16:27.042+0300] {logging_mixin.py:188} INFO - [2025-05-04T23:16:27.042+0300] {dag.py:3834} INFO - Setting next_dagrun for example_external_task_marker_child to None, run_after=None
[2025-05-04T23:16:27.044+0300] {logging_mixin.py:188} INFO - [2025-05-04T23:16:27.044+0300] {dag.py:3834} INFO - Setting next_dagrun for example_external_task_marker_parent to None, run_after=None
[2025-05-04T23:16:27.054+0300] {processor.py:183} INFO - Processing /Users/admin/anaconda3/lib/python3.11/site-packages/airflow/example_dags/example_external_task_marker_dag.py took 0.107 seconds
[2025-05-04T23:19:13.928+0300] {processor.py:161} INFO - Started process (PID=19241) to work on /Users/admin/anaconda3/lib/python3.11/site-packages/airflow/example_dags/example_external_task_marker_dag.py
[2025-05-04T23:19:13.929+0300] {processor.py:830} INFO - Processing file /Users/admin/anaconda3/lib/python3.11/site-packages/airflow/example_dags/example_external_task_marker_dag.py for tasks to queue
[2025-05-04T23:19:13.929+0300] {logging_mixin.py:188} INFO - [2025-05-04T23:19:13.929+0300] {dagbag.py:540} INFO - Filling up the DagBag from /Users/admin/anaconda3/lib/python3.11/site-packages/airflow/example_dags/example_external_task_marker_dag.py
[2025-05-04T23:19:13.938+0300] {processor.py:840} INFO - DAG(s) 'example_external_task_marker_parent', 'example_external_task_marker_child' retrieved from /Users/admin/anaconda3/lib/python3.11/site-packages/airflow/example_dags/example_external_task_marker_dag.py
[2025-05-04T23:19:14.018+0300] {logging_mixin.py:188} INFO - [2025-05-04T23:19:14.017+0300] {dag.py:3047} INFO - Sync 2 DAGs
[2025-05-04T23:19:14.023+0300] {logging_mixin.py:188} INFO - [2025-05-04T23:19:14.023+0300] {dag.py:3834} INFO - Setting next_dagrun for example_external_task_marker_child to None, run_after=None
[2025-05-04T23:19:14.024+0300] {logging_mixin.py:188} INFO - [2025-05-04T23:19:14.024+0300] {dag.py:3834} INFO - Setting next_dagrun for example_external_task_marker_parent to None, run_after=None
[2025-05-04T23:19:14.034+0300] {processor.py:183} INFO - Processing /Users/admin/anaconda3/lib/python3.11/site-packages/airflow/example_dags/example_external_task_marker_dag.py took 0.107 seconds
[2025-05-04T23:22:06.437+0300] {processor.py:161} INFO - Started process (PID=20047) to work on /Users/admin/anaconda3/lib/python3.11/site-packages/airflow/example_dags/example_external_task_marker_dag.py
[2025-05-04T23:22:06.438+0300] {processor.py:830} INFO - Processing file /Users/admin/anaconda3/lib/python3.11/site-packages/airflow/example_dags/example_external_task_marker_dag.py for tasks to queue
[2025-05-04T23:22:06.438+0300] {logging_mixin.py:188} INFO - [2025-05-04T23:22:06.438+0300] {dagbag.py:540} INFO - Filling up the DagBag from /Users/admin/anaconda3/lib/python3.11/site-packages/airflow/example_dags/example_external_task_marker_dag.py
[2025-05-04T23:22:06.447+0300] {processor.py:840} INFO - DAG(s) 'example_external_task_marker_child', 'example_external_task_marker_parent' retrieved from /Users/admin/anaconda3/lib/python3.11/site-packages/airflow/example_dags/example_external_task_marker_dag.py
[2025-05-04T23:22:06.526+0300] {logging_mixin.py:188} INFO - [2025-05-04T23:22:06.526+0300] {dag.py:3047} INFO - Sync 2 DAGs
[2025-05-04T23:22:06.531+0300] {logging_mixin.py:188} INFO - [2025-05-04T23:22:06.531+0300] {dag.py:3834} INFO - Setting next_dagrun for example_external_task_marker_child to None, run_after=None
[2025-05-04T23:22:06.533+0300] {logging_mixin.py:188} INFO - [2025-05-04T23:22:06.533+0300] {dag.py:3834} INFO - Setting next_dagrun for example_external_task_marker_parent to None, run_after=None
[2025-05-04T23:22:06.542+0300] {processor.py:183} INFO - Processing /Users/admin/anaconda3/lib/python3.11/site-packages/airflow/example_dags/example_external_task_marker_dag.py took 0.105 seconds
[2025-05-04T23:24:59.713+0300] {processor.py:161} INFO - Started process (PID=20854) to work on /Users/admin/anaconda3/lib/python3.11/site-packages/airflow/example_dags/example_external_task_marker_dag.py
[2025-05-04T23:24:59.714+0300] {processor.py:830} INFO - Processing file /Users/admin/anaconda3/lib/python3.11/site-packages/airflow/example_dags/example_external_task_marker_dag.py for tasks to queue
[2025-05-04T23:24:59.715+0300] {logging_mixin.py:188} INFO - [2025-05-04T23:24:59.715+0300] {dagbag.py:540} INFO - Filling up the DagBag from /Users/admin/anaconda3/lib/python3.11/site-packages/airflow/example_dags/example_external_task_marker_dag.py
[2025-05-04T23:24:59.723+0300] {processor.py:840} INFO - DAG(s) 'example_external_task_marker_child', 'example_external_task_marker_parent' retrieved from /Users/admin/anaconda3/lib/python3.11/site-packages/airflow/example_dags/example_external_task_marker_dag.py
[2025-05-04T23:24:59.802+0300] {logging_mixin.py:188} INFO - [2025-05-04T23:24:59.802+0300] {dag.py:3047} INFO - Sync 2 DAGs
[2025-05-04T23:24:59.807+0300] {logging_mixin.py:188} INFO - [2025-05-04T23:24:59.807+0300] {dag.py:3834} INFO - Setting next_dagrun for example_external_task_marker_child to None, run_after=None
[2025-05-04T23:24:59.809+0300] {logging_mixin.py:188} INFO - [2025-05-04T23:24:59.809+0300] {dag.py:3834} INFO - Setting next_dagrun for example_external_task_marker_parent to None, run_after=None
[2025-05-04T23:24:59.819+0300] {processor.py:183} INFO - Processing /Users/admin/anaconda3/lib/python3.11/site-packages/airflow/example_dags/example_external_task_marker_dag.py took 0.106 seconds
[2025-05-04T23:27:52.142+0300] {processor.py:161} INFO - Started process (PID=21672) to work on /Users/admin/anaconda3/lib/python3.11/site-packages/airflow/example_dags/example_external_task_marker_dag.py
[2025-05-04T23:27:52.144+0300] {processor.py:830} INFO - Processing file /Users/admin/anaconda3/lib/python3.11/site-packages/airflow/example_dags/example_external_task_marker_dag.py for tasks to queue
[2025-05-04T23:27:52.144+0300] {logging_mixin.py:188} INFO - [2025-05-04T23:27:52.144+0300] {dagbag.py:540} INFO - Filling up the DagBag from /Users/admin/anaconda3/lib/python3.11/site-packages/airflow/example_dags/example_external_task_marker_dag.py
[2025-05-04T23:27:52.152+0300] {processor.py:840} INFO - DAG(s) 'example_external_task_marker_child', 'example_external_task_marker_parent' retrieved from /Users/admin/anaconda3/lib/python3.11/site-packages/airflow/example_dags/example_external_task_marker_dag.py
[2025-05-04T23:27:52.232+0300] {logging_mixin.py:188} INFO - [2025-05-04T23:27:52.232+0300] {dag.py:3047} INFO - Sync 2 DAGs
[2025-05-04T23:27:52.237+0300] {logging_mixin.py:188} INFO - [2025-05-04T23:27:52.237+0300] {dag.py:3834} INFO - Setting next_dagrun for example_external_task_marker_child to None, run_after=None
[2025-05-04T23:27:52.239+0300] {logging_mixin.py:188} INFO - [2025-05-04T23:27:52.239+0300] {dag.py:3834} INFO - Setting next_dagrun for example_external_task_marker_parent to None, run_after=None
[2025-05-04T23:27:52.248+0300] {processor.py:183} INFO - Processing /Users/admin/anaconda3/lib/python3.11/site-packages/airflow/example_dags/example_external_task_marker_dag.py took 0.106 seconds
[2025-05-04T23:30:51.414+0300] {processor.py:161} INFO - Started process (PID=22540) to work on /Users/admin/anaconda3/lib/python3.11/site-packages/airflow/example_dags/example_external_task_marker_dag.py
[2025-05-04T23:30:51.415+0300] {processor.py:830} INFO - Processing file /Users/admin/anaconda3/lib/python3.11/site-packages/airflow/example_dags/example_external_task_marker_dag.py for tasks to queue
[2025-05-04T23:30:51.416+0300] {logging_mixin.py:188} INFO - [2025-05-04T23:30:51.415+0300] {dagbag.py:540} INFO - Filling up the DagBag from /Users/admin/anaconda3/lib/python3.11/site-packages/airflow/example_dags/example_external_task_marker_dag.py
[2025-05-04T23:30:51.424+0300] {processor.py:840} INFO - DAG(s) 'example_external_task_marker_parent', 'example_external_task_marker_child' retrieved from /Users/admin/anaconda3/lib/python3.11/site-packages/airflow/example_dags/example_external_task_marker_dag.py
[2025-05-04T23:30:51.506+0300] {logging_mixin.py:188} INFO - [2025-05-04T23:30:51.506+0300] {dag.py:3047} INFO - Sync 2 DAGs
[2025-05-04T23:30:51.511+0300] {logging_mixin.py:188} INFO - [2025-05-04T23:30:51.511+0300] {dag.py:3834} INFO - Setting next_dagrun for example_external_task_marker_child to None, run_after=None
[2025-05-04T23:30:51.513+0300] {logging_mixin.py:188} INFO - [2025-05-04T23:30:51.513+0300] {dag.py:3834} INFO - Setting next_dagrun for example_external_task_marker_parent to None, run_after=None
[2025-05-04T23:30:51.522+0300] {processor.py:183} INFO - Processing /Users/admin/anaconda3/lib/python3.11/site-packages/airflow/example_dags/example_external_task_marker_dag.py took 0.109 seconds
[2025-05-04T23:33:48.100+0300] {processor.py:161} INFO - Started process (PID=23360) to work on /Users/admin/anaconda3/lib/python3.11/site-packages/airflow/example_dags/example_external_task_marker_dag.py
[2025-05-04T23:33:48.100+0300] {processor.py:830} INFO - Processing file /Users/admin/anaconda3/lib/python3.11/site-packages/airflow/example_dags/example_external_task_marker_dag.py for tasks to queue
[2025-05-04T23:33:48.101+0300] {logging_mixin.py:188} INFO - [2025-05-04T23:33:48.101+0300] {dagbag.py:540} INFO - Filling up the DagBag from /Users/admin/anaconda3/lib/python3.11/site-packages/airflow/example_dags/example_external_task_marker_dag.py
[2025-05-04T23:33:48.109+0300] {processor.py:840} INFO - DAG(s) 'example_external_task_marker_parent', 'example_external_task_marker_child' retrieved from /Users/admin/anaconda3/lib/python3.11/site-packages/airflow/example_dags/example_external_task_marker_dag.py
[2025-05-04T23:33:48.193+0300] {logging_mixin.py:188} INFO - [2025-05-04T23:33:48.193+0300] {dag.py:3047} INFO - Sync 2 DAGs
[2025-05-04T23:33:48.198+0300] {logging_mixin.py:188} INFO - [2025-05-04T23:33:48.198+0300] {dag.py:3834} INFO - Setting next_dagrun for example_external_task_marker_child to None, run_after=None
[2025-05-04T23:33:48.200+0300] {logging_mixin.py:188} INFO - [2025-05-04T23:33:48.200+0300] {dag.py:3834} INFO - Setting next_dagrun for example_external_task_marker_parent to None, run_after=None
[2025-05-04T23:33:48.210+0300] {processor.py:183} INFO - Processing /Users/admin/anaconda3/lib/python3.11/site-packages/airflow/example_dags/example_external_task_marker_dag.py took 0.111 seconds
[2025-05-04T23:36:54.300+0300] {processor.py:161} INFO - Started process (PID=24246) to work on /Users/admin/anaconda3/lib/python3.11/site-packages/airflow/example_dags/example_external_task_marker_dag.py
[2025-05-04T23:36:54.301+0300] {processor.py:830} INFO - Processing file /Users/admin/anaconda3/lib/python3.11/site-packages/airflow/example_dags/example_external_task_marker_dag.py for tasks to queue
[2025-05-04T23:36:54.302+0300] {logging_mixin.py:188} INFO - [2025-05-04T23:36:54.302+0300] {dagbag.py:540} INFO - Filling up the DagBag from /Users/admin/anaconda3/lib/python3.11/site-packages/airflow/example_dags/example_external_task_marker_dag.py
[2025-05-04T23:36:54.310+0300] {processor.py:840} INFO - DAG(s) 'example_external_task_marker_parent', 'example_external_task_marker_child' retrieved from /Users/admin/anaconda3/lib/python3.11/site-packages/airflow/example_dags/example_external_task_marker_dag.py
[2025-05-04T23:36:54.389+0300] {logging_mixin.py:188} INFO - [2025-05-04T23:36:54.388+0300] {dag.py:3047} INFO - Sync 2 DAGs
[2025-05-04T23:36:54.394+0300] {logging_mixin.py:188} INFO - [2025-05-04T23:36:54.393+0300] {dag.py:3834} INFO - Setting next_dagrun for example_external_task_marker_child to None, run_after=None
[2025-05-04T23:36:54.395+0300] {logging_mixin.py:188} INFO - [2025-05-04T23:36:54.395+0300] {dag.py:3834} INFO - Setting next_dagrun for example_external_task_marker_parent to None, run_after=None
[2025-05-04T23:36:54.404+0300] {processor.py:183} INFO - Processing /Users/admin/anaconda3/lib/python3.11/site-packages/airflow/example_dags/example_external_task_marker_dag.py took 0.105 seconds
[2025-05-04T23:39:57.541+0300] {processor.py:161} INFO - Started process (PID=25127) to work on /Users/admin/anaconda3/lib/python3.11/site-packages/airflow/example_dags/example_external_task_marker_dag.py
[2025-05-04T23:39:57.542+0300] {processor.py:830} INFO - Processing file /Users/admin/anaconda3/lib/python3.11/site-packages/airflow/example_dags/example_external_task_marker_dag.py for tasks to queue
[2025-05-04T23:39:57.542+0300] {logging_mixin.py:188} INFO - [2025-05-04T23:39:57.542+0300] {dagbag.py:540} INFO - Filling up the DagBag from /Users/admin/anaconda3/lib/python3.11/site-packages/airflow/example_dags/example_external_task_marker_dag.py
[2025-05-04T23:39:57.559+0300] {processor.py:840} INFO - DAG(s) 'example_external_task_marker_parent', 'example_external_task_marker_child' retrieved from /Users/admin/anaconda3/lib/python3.11/site-packages/airflow/example_dags/example_external_task_marker_dag.py
[2025-05-04T23:39:57.671+0300] {logging_mixin.py:188} INFO - [2025-05-04T23:39:57.671+0300] {dag.py:3047} INFO - Sync 2 DAGs
[2025-05-04T23:39:57.677+0300] {logging_mixin.py:188} INFO - [2025-05-04T23:39:57.677+0300] {dag.py:3834} INFO - Setting next_dagrun for example_external_task_marker_child to None, run_after=None
[2025-05-04T23:39:57.679+0300] {logging_mixin.py:188} INFO - [2025-05-04T23:39:57.679+0300] {dag.py:3834} INFO - Setting next_dagrun for example_external_task_marker_parent to None, run_after=None
[2025-05-04T23:39:57.688+0300] {processor.py:183} INFO - Processing /Users/admin/anaconda3/lib/python3.11/site-packages/airflow/example_dags/example_external_task_marker_dag.py took 0.148 seconds
[2025-05-04T23:42:12.689+0300] {processor.py:161} INFO - Started process (PID=25754) to work on /Users/admin/anaconda3/lib/python3.11/site-packages/airflow/example_dags/example_external_task_marker_dag.py
[2025-05-04T23:42:12.690+0300] {processor.py:830} INFO - Processing file /Users/admin/anaconda3/lib/python3.11/site-packages/airflow/example_dags/example_external_task_marker_dag.py for tasks to queue
[2025-05-04T23:42:12.691+0300] {logging_mixin.py:188} INFO - [2025-05-04T23:42:12.691+0300] {dagbag.py:540} INFO - Filling up the DagBag from /Users/admin/anaconda3/lib/python3.11/site-packages/airflow/example_dags/example_external_task_marker_dag.py
[2025-05-04T23:42:12.701+0300] {processor.py:840} INFO - DAG(s) 'example_external_task_marker_child', 'example_external_task_marker_parent' retrieved from /Users/admin/anaconda3/lib/python3.11/site-packages/airflow/example_dags/example_external_task_marker_dag.py
[2025-05-04T23:42:12.792+0300] {logging_mixin.py:188} INFO - [2025-05-04T23:42:12.792+0300] {dag.py:3047} INFO - Sync 2 DAGs
[2025-05-04T23:42:12.798+0300] {logging_mixin.py:188} INFO - [2025-05-04T23:42:12.798+0300] {dag.py:3834} INFO - Setting next_dagrun for example_external_task_marker_child to None, run_after=None
[2025-05-04T23:42:12.800+0300] {logging_mixin.py:188} INFO - [2025-05-04T23:42:12.800+0300] {dag.py:3834} INFO - Setting next_dagrun for example_external_task_marker_parent to None, run_after=None
[2025-05-04T23:42:12.811+0300] {processor.py:183} INFO - Processing /Users/admin/anaconda3/lib/python3.11/site-packages/airflow/example_dags/example_external_task_marker_dag.py took 0.123 seconds
[2025-05-04T23:45:31.680+0300] {processor.py:161} INFO - Started process (PID=26668) to work on /Users/admin/anaconda3/lib/python3.11/site-packages/airflow/example_dags/example_external_task_marker_dag.py
[2025-05-04T23:45:31.681+0300] {processor.py:830} INFO - Processing file /Users/admin/anaconda3/lib/python3.11/site-packages/airflow/example_dags/example_external_task_marker_dag.py for tasks to queue
[2025-05-04T23:45:31.681+0300] {logging_mixin.py:188} INFO - [2025-05-04T23:45:31.681+0300] {dagbag.py:540} INFO - Filling up the DagBag from /Users/admin/anaconda3/lib/python3.11/site-packages/airflow/example_dags/example_external_task_marker_dag.py
[2025-05-04T23:45:31.690+0300] {processor.py:840} INFO - DAG(s) 'example_external_task_marker_child', 'example_external_task_marker_parent' retrieved from /Users/admin/anaconda3/lib/python3.11/site-packages/airflow/example_dags/example_external_task_marker_dag.py
[2025-05-04T23:45:31.769+0300] {logging_mixin.py:188} INFO - [2025-05-04T23:45:31.769+0300] {dag.py:3047} INFO - Sync 2 DAGs
[2025-05-04T23:45:31.774+0300] {logging_mixin.py:188} INFO - [2025-05-04T23:45:31.774+0300] {dag.py:3834} INFO - Setting next_dagrun for example_external_task_marker_child to None, run_after=None
[2025-05-04T23:45:31.776+0300] {logging_mixin.py:188} INFO - [2025-05-04T23:45:31.776+0300] {dag.py:3834} INFO - Setting next_dagrun for example_external_task_marker_parent to None, run_after=None
[2025-05-04T23:45:31.785+0300] {processor.py:183} INFO - Processing /Users/admin/anaconda3/lib/python3.11/site-packages/airflow/example_dags/example_external_task_marker_dag.py took 0.106 seconds
[2025-05-04T23:48:29.123+0300] {processor.py:161} INFO - Started process (PID=27501) to work on /Users/admin/anaconda3/lib/python3.11/site-packages/airflow/example_dags/example_external_task_marker_dag.py
[2025-05-04T23:48:29.124+0300] {processor.py:830} INFO - Processing file /Users/admin/anaconda3/lib/python3.11/site-packages/airflow/example_dags/example_external_task_marker_dag.py for tasks to queue
[2025-05-04T23:48:29.125+0300] {logging_mixin.py:188} INFO - [2025-05-04T23:48:29.125+0300] {dagbag.py:540} INFO - Filling up the DagBag from /Users/admin/anaconda3/lib/python3.11/site-packages/airflow/example_dags/example_external_task_marker_dag.py
[2025-05-04T23:48:29.133+0300] {processor.py:840} INFO - DAG(s) 'example_external_task_marker_child', 'example_external_task_marker_parent' retrieved from /Users/admin/anaconda3/lib/python3.11/site-packages/airflow/example_dags/example_external_task_marker_dag.py
[2025-05-04T23:48:29.218+0300] {logging_mixin.py:188} INFO - [2025-05-04T23:48:29.217+0300] {dag.py:3047} INFO - Sync 2 DAGs
[2025-05-04T23:48:29.223+0300] {logging_mixin.py:188} INFO - [2025-05-04T23:48:29.223+0300] {dag.py:3834} INFO - Setting next_dagrun for example_external_task_marker_child to None, run_after=None
[2025-05-04T23:48:29.226+0300] {logging_mixin.py:188} INFO - [2025-05-04T23:48:29.226+0300] {dag.py:3834} INFO - Setting next_dagrun for example_external_task_marker_parent to None, run_after=None
[2025-05-04T23:48:29.236+0300] {processor.py:183} INFO - Processing /Users/admin/anaconda3/lib/python3.11/site-packages/airflow/example_dags/example_external_task_marker_dag.py took 0.114 seconds
[2025-05-04T23:51:29.066+0300] {processor.py:161} INFO - Started process (PID=28342) to work on /Users/admin/anaconda3/lib/python3.11/site-packages/airflow/example_dags/example_external_task_marker_dag.py
[2025-05-04T23:51:29.068+0300] {processor.py:830} INFO - Processing file /Users/admin/anaconda3/lib/python3.11/site-packages/airflow/example_dags/example_external_task_marker_dag.py for tasks to queue
[2025-05-04T23:51:29.068+0300] {logging_mixin.py:188} INFO - [2025-05-04T23:51:29.068+0300] {dagbag.py:540} INFO - Filling up the DagBag from /Users/admin/anaconda3/lib/python3.11/site-packages/airflow/example_dags/example_external_task_marker_dag.py
[2025-05-04T23:51:29.076+0300] {processor.py:840} INFO - DAG(s) 'example_external_task_marker_parent', 'example_external_task_marker_child' retrieved from /Users/admin/anaconda3/lib/python3.11/site-packages/airflow/example_dags/example_external_task_marker_dag.py
[2025-05-04T23:51:29.156+0300] {logging_mixin.py:188} INFO - [2025-05-04T23:51:29.156+0300] {dag.py:3047} INFO - Sync 2 DAGs
[2025-05-04T23:51:29.161+0300] {logging_mixin.py:188} INFO - [2025-05-04T23:51:29.161+0300] {dag.py:3834} INFO - Setting next_dagrun for example_external_task_marker_child to None, run_after=None
[2025-05-04T23:51:29.163+0300] {logging_mixin.py:188} INFO - [2025-05-04T23:51:29.163+0300] {dag.py:3834} INFO - Setting next_dagrun for example_external_task_marker_parent to None, run_after=None
[2025-05-04T23:51:29.172+0300] {processor.py:183} INFO - Processing /Users/admin/anaconda3/lib/python3.11/site-packages/airflow/example_dags/example_external_task_marker_dag.py took 0.107 seconds
[2025-05-04T23:59:07.273+0300] {processor.py:161} INFO - Started process (PID=29284) to work on /Users/admin/anaconda3/lib/python3.11/site-packages/airflow/example_dags/example_external_task_marker_dag.py
[2025-05-04T23:59:07.275+0300] {processor.py:830} INFO - Processing file /Users/admin/anaconda3/lib/python3.11/site-packages/airflow/example_dags/example_external_task_marker_dag.py for tasks to queue
[2025-05-04T23:59:07.275+0300] {logging_mixin.py:188} INFO - [2025-05-04T23:59:07.275+0300] {dagbag.py:540} INFO - Filling up the DagBag from /Users/admin/anaconda3/lib/python3.11/site-packages/airflow/example_dags/example_external_task_marker_dag.py
[2025-05-04T23:59:07.283+0300] {processor.py:840} INFO - DAG(s) 'example_external_task_marker_child', 'example_external_task_marker_parent' retrieved from /Users/admin/anaconda3/lib/python3.11/site-packages/airflow/example_dags/example_external_task_marker_dag.py
[2025-05-04T23:59:07.364+0300] {logging_mixin.py:188} INFO - [2025-05-04T23:59:07.363+0300] {dag.py:3047} INFO - Sync 2 DAGs
[2025-05-04T23:59:07.369+0300] {logging_mixin.py:188} INFO - [2025-05-04T23:59:07.369+0300] {dag.py:3834} INFO - Setting next_dagrun for example_external_task_marker_child to None, run_after=None
[2025-05-04T23:59:07.371+0300] {logging_mixin.py:188} INFO - [2025-05-04T23:59:07.370+0300] {dag.py:3834} INFO - Setting next_dagrun for example_external_task_marker_parent to None, run_after=None
[2025-05-04T23:59:07.380+0300] {processor.py:183} INFO - Processing /Users/admin/anaconda3/lib/python3.11/site-packages/airflow/example_dags/example_external_task_marker_dag.py took 0.107 seconds
