[2025-05-04T22:11:11.811+0300] {processor.py:161} INFO - Started process (PID=14186) to work on /Users/admin/anaconda3/lib/python3.11/site-packages/airflow/example_dags/example_subdag_operator.py
[2025-05-04T22:11:11.811+0300] {processor.py:830} INFO - Processing file /Users/admin/anaconda3/lib/python3.11/site-packages/airflow/example_dags/example_subdag_operator.py for tasks to queue
[2025-05-04T22:11:11.812+0300] {logging_mixin.py:188} INFO - [2025-05-04T22:11:11.812+0300] {dagbag.py:540} INFO - Filling up the DagBag from /Users/admin/anaconda3/lib/python3.11/site-packages/airflow/example_dags/example_subdag_operator.py
[2025-05-04T22:11:11.864+0300] {processor.py:840} INFO - DAG(s) 'example_subdag_operator.section-1', 'example_subdag_operator.section-2', 'example_subdag_operator' retrieved from /Users/admin/anaconda3/lib/python3.11/site-packages/airflow/example_dags/example_subdag_operator.py
[2025-05-04T22:11:11.954+0300] {logging_mixin.py:188} INFO - [2025-05-04T22:11:11.954+0300] {dag.py:3047} INFO - Sync 3 DAGs
[2025-05-04T22:11:11.963+0300] {logging_mixin.py:188} INFO - [2025-05-04T22:11:11.963+0300] {dag.py:3834} INFO - Setting next_dagrun for example_subdag_operator to 2022-01-01 00:00:00+00:00, run_after=2022-01-01 00:00:00+00:00
[2025-05-04T22:11:11.964+0300] {logging_mixin.py:188} INFO - [2025-05-04T22:11:11.964+0300] {dag.py:3834} INFO - Setting next_dagrun for example_subdag_operator.section-1 to None, run_after=None
[2025-05-04T22:11:11.965+0300] {logging_mixin.py:188} INFO - [2025-05-04T22:11:11.965+0300] {dag.py:3834} INFO - Setting next_dagrun for example_subdag_operator.section-2 to None, run_after=None
[2025-05-04T22:11:11.969+0300] {logging_mixin.py:188} INFO - [2025-05-04T22:11:11.969+0300] {dag.py:3047} INFO - Sync 2 DAGs
[2025-05-04T22:11:11.971+0300] {logging_mixin.py:188} INFO - [2025-05-04T22:11:11.970+0300] {dag.py:3834} INFO - Setting next_dagrun for example_subdag_operator.section-1 to None, run_after=None
[2025-05-04T22:11:11.971+0300] {logging_mixin.py:188} INFO - [2025-05-04T22:11:11.971+0300] {dag.py:3834} INFO - Setting next_dagrun for example_subdag_operator.section-2 to None, run_after=None
[2025-05-04T22:11:11.977+0300] {processor.py:183} INFO - Processing /Users/admin/anaconda3/lib/python3.11/site-packages/airflow/example_dags/example_subdag_operator.py took 0.167 seconds
[2025-05-04T22:13:05.709+0300] {processor.py:161} INFO - Started process (PID=14718) to work on /Users/admin/anaconda3/lib/python3.11/site-packages/airflow/example_dags/example_subdag_operator.py
[2025-05-04T22:13:05.710+0300] {processor.py:830} INFO - Processing file /Users/admin/anaconda3/lib/python3.11/site-packages/airflow/example_dags/example_subdag_operator.py for tasks to queue
[2025-05-04T22:13:05.710+0300] {logging_mixin.py:188} INFO - [2025-05-04T22:13:05.710+0300] {dagbag.py:540} INFO - Filling up the DagBag from /Users/admin/anaconda3/lib/python3.11/site-packages/airflow/example_dags/example_subdag_operator.py
[2025-05-04T22:13:05.763+0300] {processor.py:840} INFO - DAG(s) 'example_subdag_operator.section-1', 'example_subdag_operator.section-2', 'example_subdag_operator' retrieved from /Users/admin/anaconda3/lib/python3.11/site-packages/airflow/example_dags/example_subdag_operator.py
[2025-05-04T22:13:05.805+0300] {logging_mixin.py:188} INFO - [2025-05-04T22:13:05.805+0300] {dag.py:3047} INFO - Sync 3 DAGs
[2025-05-04T22:13:05.814+0300] {logging_mixin.py:188} INFO - [2025-05-04T22:13:05.814+0300] {dag.py:3834} INFO - Setting next_dagrun for example_subdag_operator to 2022-01-01 00:00:00+00:00, run_after=2022-01-01 00:00:00+00:00
[2025-05-04T22:13:05.816+0300] {logging_mixin.py:188} INFO - [2025-05-04T22:13:05.816+0300] {dag.py:3834} INFO - Setting next_dagrun for example_subdag_operator.section-1 to None, run_after=None
[2025-05-04T22:13:05.816+0300] {logging_mixin.py:188} INFO - [2025-05-04T22:13:05.816+0300] {dag.py:3834} INFO - Setting next_dagrun for example_subdag_operator.section-2 to None, run_after=None
[2025-05-04T22:13:05.819+0300] {logging_mixin.py:188} INFO - [2025-05-04T22:13:05.819+0300] {dag.py:3047} INFO - Sync 2 DAGs
[2025-05-04T22:13:05.822+0300] {logging_mixin.py:188} INFO - [2025-05-04T22:13:05.822+0300] {dag.py:3834} INFO - Setting next_dagrun for example_subdag_operator.section-1 to None, run_after=None
[2025-05-04T22:13:05.822+0300] {logging_mixin.py:188} INFO - [2025-05-04T22:13:05.822+0300] {dag.py:3834} INFO - Setting next_dagrun for example_subdag_operator.section-2 to None, run_after=None
[2025-05-04T22:13:05.829+0300] {processor.py:183} INFO - Processing /Users/admin/anaconda3/lib/python3.11/site-packages/airflow/example_dags/example_subdag_operator.py took 0.121 seconds
[2025-05-04T22:14:26.773+0300] {processor.py:161} INFO - Started process (PID=15108) to work on /Users/admin/anaconda3/lib/python3.11/site-packages/airflow/example_dags/example_subdag_operator.py
[2025-05-04T22:14:26.774+0300] {processor.py:830} INFO - Processing file /Users/admin/anaconda3/lib/python3.11/site-packages/airflow/example_dags/example_subdag_operator.py for tasks to queue
[2025-05-04T22:14:26.774+0300] {logging_mixin.py:188} INFO - [2025-05-04T22:14:26.774+0300] {dagbag.py:540} INFO - Filling up the DagBag from /Users/admin/anaconda3/lib/python3.11/site-packages/airflow/example_dags/example_subdag_operator.py
[2025-05-04T22:14:26.827+0300] {processor.py:840} INFO - DAG(s) 'example_subdag_operator.section-1', 'example_subdag_operator.section-2', 'example_subdag_operator' retrieved from /Users/admin/anaconda3/lib/python3.11/site-packages/airflow/example_dags/example_subdag_operator.py
[2025-05-04T22:14:26.869+0300] {logging_mixin.py:188} INFO - [2025-05-04T22:14:26.869+0300] {dag.py:3047} INFO - Sync 3 DAGs
[2025-05-04T22:14:26.878+0300] {logging_mixin.py:188} INFO - [2025-05-04T22:14:26.878+0300] {dag.py:3834} INFO - Setting next_dagrun for example_subdag_operator to 2022-01-01 00:00:00+00:00, run_after=2022-01-01 00:00:00+00:00
[2025-05-04T22:14:26.880+0300] {logging_mixin.py:188} INFO - [2025-05-04T22:14:26.880+0300] {dag.py:3834} INFO - Setting next_dagrun for example_subdag_operator.section-1 to None, run_after=None
[2025-05-04T22:14:26.880+0300] {logging_mixin.py:188} INFO - [2025-05-04T22:14:26.880+0300] {dag.py:3834} INFO - Setting next_dagrun for example_subdag_operator.section-2 to None, run_after=None
[2025-05-04T22:14:26.883+0300] {logging_mixin.py:188} INFO - [2025-05-04T22:14:26.883+0300] {dag.py:3047} INFO - Sync 2 DAGs
[2025-05-04T22:14:26.886+0300] {logging_mixin.py:188} INFO - [2025-05-04T22:14:26.886+0300] {dag.py:3834} INFO - Setting next_dagrun for example_subdag_operator.section-1 to None, run_after=None
[2025-05-04T22:14:26.886+0300] {logging_mixin.py:188} INFO - [2025-05-04T22:14:26.886+0300] {dag.py:3834} INFO - Setting next_dagrun for example_subdag_operator.section-2 to None, run_after=None
[2025-05-04T22:14:26.893+0300] {processor.py:183} INFO - Processing /Users/admin/anaconda3/lib/python3.11/site-packages/airflow/example_dags/example_subdag_operator.py took 0.121 seconds
[2025-05-04T22:15:48.490+0300] {processor.py:161} INFO - Started process (PID=15493) to work on /Users/admin/anaconda3/lib/python3.11/site-packages/airflow/example_dags/example_subdag_operator.py
[2025-05-04T22:15:48.491+0300] {processor.py:830} INFO - Processing file /Users/admin/anaconda3/lib/python3.11/site-packages/airflow/example_dags/example_subdag_operator.py for tasks to queue
[2025-05-04T22:15:48.491+0300] {logging_mixin.py:188} INFO - [2025-05-04T22:15:48.491+0300] {dagbag.py:540} INFO - Filling up the DagBag from /Users/admin/anaconda3/lib/python3.11/site-packages/airflow/example_dags/example_subdag_operator.py
[2025-05-04T22:15:48.544+0300] {processor.py:840} INFO - DAG(s) 'example_subdag_operator.section-1', 'example_subdag_operator.section-2', 'example_subdag_operator' retrieved from /Users/admin/anaconda3/lib/python3.11/site-packages/airflow/example_dags/example_subdag_operator.py
[2025-05-04T22:15:48.587+0300] {logging_mixin.py:188} INFO - [2025-05-04T22:15:48.586+0300] {dag.py:3047} INFO - Sync 3 DAGs
[2025-05-04T22:15:48.596+0300] {logging_mixin.py:188} INFO - [2025-05-04T22:15:48.595+0300] {dag.py:3834} INFO - Setting next_dagrun for example_subdag_operator to 2022-01-01 00:00:00+00:00, run_after=2022-01-01 00:00:00+00:00
[2025-05-04T22:15:48.597+0300] {logging_mixin.py:188} INFO - [2025-05-04T22:15:48.597+0300] {dag.py:3834} INFO - Setting next_dagrun for example_subdag_operator.section-1 to None, run_after=None
[2025-05-04T22:15:48.598+0300] {logging_mixin.py:188} INFO - [2025-05-04T22:15:48.598+0300] {dag.py:3834} INFO - Setting next_dagrun for example_subdag_operator.section-2 to None, run_after=None
[2025-05-04T22:15:48.601+0300] {logging_mixin.py:188} INFO - [2025-05-04T22:15:48.601+0300] {dag.py:3047} INFO - Sync 2 DAGs
[2025-05-04T22:15:48.604+0300] {logging_mixin.py:188} INFO - [2025-05-04T22:15:48.604+0300] {dag.py:3834} INFO - Setting next_dagrun for example_subdag_operator.section-1 to None, run_after=None
[2025-05-04T22:15:48.604+0300] {logging_mixin.py:188} INFO - [2025-05-04T22:15:48.604+0300] {dag.py:3834} INFO - Setting next_dagrun for example_subdag_operator.section-2 to None, run_after=None
[2025-05-04T22:15:48.610+0300] {processor.py:183} INFO - Processing /Users/admin/anaconda3/lib/python3.11/site-packages/airflow/example_dags/example_subdag_operator.py took 0.121 seconds
[2025-05-04T22:17:13.333+0300] {processor.py:161} INFO - Started process (PID=15908) to work on /Users/admin/anaconda3/lib/python3.11/site-packages/airflow/example_dags/example_subdag_operator.py
[2025-05-04T22:17:13.334+0300] {processor.py:830} INFO - Processing file /Users/admin/anaconda3/lib/python3.11/site-packages/airflow/example_dags/example_subdag_operator.py for tasks to queue
[2025-05-04T22:17:13.335+0300] {logging_mixin.py:188} INFO - [2025-05-04T22:17:13.335+0300] {dagbag.py:540} INFO - Filling up the DagBag from /Users/admin/anaconda3/lib/python3.11/site-packages/airflow/example_dags/example_subdag_operator.py
[2025-05-04T22:17:13.411+0300] {processor.py:840} INFO - DAG(s) 'example_subdag_operator.section-1', 'example_subdag_operator.section-2', 'example_subdag_operator' retrieved from /Users/admin/anaconda3/lib/python3.11/site-packages/airflow/example_dags/example_subdag_operator.py
[2025-05-04T22:17:13.461+0300] {logging_mixin.py:188} INFO - [2025-05-04T22:17:13.461+0300] {dag.py:3047} INFO - Sync 3 DAGs
[2025-05-04T22:17:13.472+0300] {logging_mixin.py:188} INFO - [2025-05-04T22:17:13.472+0300] {dag.py:3834} INFO - Setting next_dagrun for example_subdag_operator to 2022-01-01 00:00:00+00:00, run_after=2022-01-01 00:00:00+00:00
[2025-05-04T22:17:13.474+0300] {logging_mixin.py:188} INFO - [2025-05-04T22:17:13.474+0300] {dag.py:3834} INFO - Setting next_dagrun for example_subdag_operator.section-1 to None, run_after=None
[2025-05-04T22:17:13.475+0300] {logging_mixin.py:188} INFO - [2025-05-04T22:17:13.475+0300] {dag.py:3834} INFO - Setting next_dagrun for example_subdag_operator.section-2 to None, run_after=None
[2025-05-04T22:17:13.479+0300] {logging_mixin.py:188} INFO - [2025-05-04T22:17:13.479+0300] {dag.py:3047} INFO - Sync 2 DAGs
[2025-05-04T22:17:13.483+0300] {logging_mixin.py:188} INFO - [2025-05-04T22:17:13.483+0300] {dag.py:3834} INFO - Setting next_dagrun for example_subdag_operator.section-1 to None, run_after=None
[2025-05-04T22:17:13.483+0300] {logging_mixin.py:188} INFO - [2025-05-04T22:17:13.483+0300] {dag.py:3834} INFO - Setting next_dagrun for example_subdag_operator.section-2 to None, run_after=None
[2025-05-04T22:17:13.491+0300] {processor.py:183} INFO - Processing /Users/admin/anaconda3/lib/python3.11/site-packages/airflow/example_dags/example_subdag_operator.py took 0.158 seconds
[2025-05-04T22:25:31.000+0300] {processor.py:161} INFO - Started process (PID=16331) to work on /Users/admin/anaconda3/lib/python3.11/site-packages/airflow/example_dags/example_subdag_operator.py
[2025-05-04T22:25:31.001+0300] {processor.py:830} INFO - Processing file /Users/admin/anaconda3/lib/python3.11/site-packages/airflow/example_dags/example_subdag_operator.py for tasks to queue
[2025-05-04T22:25:31.002+0300] {logging_mixin.py:188} INFO - [2025-05-04T22:25:31.002+0300] {dagbag.py:540} INFO - Filling up the DagBag from /Users/admin/anaconda3/lib/python3.11/site-packages/airflow/example_dags/example_subdag_operator.py
[2025-05-04T22:25:31.056+0300] {processor.py:840} INFO - DAG(s) 'example_subdag_operator.section-1', 'example_subdag_operator.section-2', 'example_subdag_operator' retrieved from /Users/admin/anaconda3/lib/python3.11/site-packages/airflow/example_dags/example_subdag_operator.py
[2025-05-04T22:25:31.102+0300] {logging_mixin.py:188} INFO - [2025-05-04T22:25:31.101+0300] {dag.py:3047} INFO - Sync 3 DAGs
[2025-05-04T22:25:31.111+0300] {logging_mixin.py:188} INFO - [2025-05-04T22:25:31.111+0300] {dag.py:3834} INFO - Setting next_dagrun for example_subdag_operator to 2022-01-01 00:00:00+00:00, run_after=2022-01-01 00:00:00+00:00
[2025-05-04T22:25:31.112+0300] {logging_mixin.py:188} INFO - [2025-05-04T22:25:31.112+0300] {dag.py:3834} INFO - Setting next_dagrun for example_subdag_operator.section-1 to None, run_after=None
[2025-05-04T22:25:31.113+0300] {logging_mixin.py:188} INFO - [2025-05-04T22:25:31.113+0300] {dag.py:3834} INFO - Setting next_dagrun for example_subdag_operator.section-2 to None, run_after=None
[2025-05-04T22:25:31.116+0300] {logging_mixin.py:188} INFO - [2025-05-04T22:25:31.116+0300] {dag.py:3047} INFO - Sync 2 DAGs
[2025-05-04T22:25:31.119+0300] {logging_mixin.py:188} INFO - [2025-05-04T22:25:31.119+0300] {dag.py:3834} INFO - Setting next_dagrun for example_subdag_operator.section-1 to None, run_after=None
[2025-05-04T22:25:31.119+0300] {logging_mixin.py:188} INFO - [2025-05-04T22:25:31.119+0300] {dag.py:3834} INFO - Setting next_dagrun for example_subdag_operator.section-2 to None, run_after=None
[2025-05-04T22:25:31.125+0300] {processor.py:183} INFO - Processing /Users/admin/anaconda3/lib/python3.11/site-packages/airflow/example_dags/example_subdag_operator.py took 0.126 seconds
[2025-05-04T22:26:52.957+0300] {processor.py:161} INFO - Started process (PID=16751) to work on /Users/admin/anaconda3/lib/python3.11/site-packages/airflow/example_dags/example_subdag_operator.py
[2025-05-04T22:26:52.958+0300] {processor.py:830} INFO - Processing file /Users/admin/anaconda3/lib/python3.11/site-packages/airflow/example_dags/example_subdag_operator.py for tasks to queue
[2025-05-04T22:26:52.958+0300] {logging_mixin.py:188} INFO - [2025-05-04T22:26:52.958+0300] {dagbag.py:540} INFO - Filling up the DagBag from /Users/admin/anaconda3/lib/python3.11/site-packages/airflow/example_dags/example_subdag_operator.py
[2025-05-04T22:26:53.011+0300] {processor.py:840} INFO - DAG(s) 'example_subdag_operator.section-1', 'example_subdag_operator.section-2', 'example_subdag_operator' retrieved from /Users/admin/anaconda3/lib/python3.11/site-packages/airflow/example_dags/example_subdag_operator.py
[2025-05-04T22:26:53.054+0300] {logging_mixin.py:188} INFO - [2025-05-04T22:26:53.054+0300] {dag.py:3047} INFO - Sync 3 DAGs
[2025-05-04T22:26:53.063+0300] {logging_mixin.py:188} INFO - [2025-05-04T22:26:53.063+0300] {dag.py:3834} INFO - Setting next_dagrun for example_subdag_operator to 2022-01-01 00:00:00+00:00, run_after=2022-01-01 00:00:00+00:00
[2025-05-04T22:26:53.065+0300] {logging_mixin.py:188} INFO - [2025-05-04T22:26:53.065+0300] {dag.py:3834} INFO - Setting next_dagrun for example_subdag_operator.section-1 to None, run_after=None
[2025-05-04T22:26:53.066+0300] {logging_mixin.py:188} INFO - [2025-05-04T22:26:53.065+0300] {dag.py:3834} INFO - Setting next_dagrun for example_subdag_operator.section-2 to None, run_after=None
[2025-05-04T22:26:53.068+0300] {logging_mixin.py:188} INFO - [2025-05-04T22:26:53.068+0300] {dag.py:3047} INFO - Sync 2 DAGs
[2025-05-04T22:26:53.071+0300] {logging_mixin.py:188} INFO - [2025-05-04T22:26:53.071+0300] {dag.py:3834} INFO - Setting next_dagrun for example_subdag_operator.section-1 to None, run_after=None
[2025-05-04T22:26:53.071+0300] {logging_mixin.py:188} INFO - [2025-05-04T22:26:53.071+0300] {dag.py:3834} INFO - Setting next_dagrun for example_subdag_operator.section-2 to None, run_after=None
[2025-05-04T22:26:53.078+0300] {processor.py:183} INFO - Processing /Users/admin/anaconda3/lib/python3.11/site-packages/airflow/example_dags/example_subdag_operator.py took 0.122 seconds
[2025-05-04T22:28:16.039+0300] {processor.py:161} INFO - Started process (PID=17136) to work on /Users/admin/anaconda3/lib/python3.11/site-packages/airflow/example_dags/example_subdag_operator.py
[2025-05-04T22:28:16.040+0300] {processor.py:830} INFO - Processing file /Users/admin/anaconda3/lib/python3.11/site-packages/airflow/example_dags/example_subdag_operator.py for tasks to queue
[2025-05-04T22:28:16.040+0300] {logging_mixin.py:188} INFO - [2025-05-04T22:28:16.040+0300] {dagbag.py:540} INFO - Filling up the DagBag from /Users/admin/anaconda3/lib/python3.11/site-packages/airflow/example_dags/example_subdag_operator.py
[2025-05-04T22:28:16.094+0300] {processor.py:840} INFO - DAG(s) 'example_subdag_operator.section-1', 'example_subdag_operator.section-2', 'example_subdag_operator' retrieved from /Users/admin/anaconda3/lib/python3.11/site-packages/airflow/example_dags/example_subdag_operator.py
[2025-05-04T22:28:16.138+0300] {logging_mixin.py:188} INFO - [2025-05-04T22:28:16.138+0300] {dag.py:3047} INFO - Sync 3 DAGs
[2025-05-04T22:28:16.147+0300] {logging_mixin.py:188} INFO - [2025-05-04T22:28:16.147+0300] {dag.py:3834} INFO - Setting next_dagrun for example_subdag_operator to 2022-01-01 00:00:00+00:00, run_after=2022-01-01 00:00:00+00:00
[2025-05-04T22:28:16.149+0300] {logging_mixin.py:188} INFO - [2025-05-04T22:28:16.149+0300] {dag.py:3834} INFO - Setting next_dagrun for example_subdag_operator.section-1 to None, run_after=None
[2025-05-04T22:28:16.150+0300] {logging_mixin.py:188} INFO - [2025-05-04T22:28:16.150+0300] {dag.py:3834} INFO - Setting next_dagrun for example_subdag_operator.section-2 to None, run_after=None
[2025-05-04T22:28:16.153+0300] {logging_mixin.py:188} INFO - [2025-05-04T22:28:16.153+0300] {dag.py:3047} INFO - Sync 2 DAGs
[2025-05-04T22:28:16.156+0300] {logging_mixin.py:188} INFO - [2025-05-04T22:28:16.156+0300] {dag.py:3834} INFO - Setting next_dagrun for example_subdag_operator.section-1 to None, run_after=None
[2025-05-04T22:28:16.156+0300] {logging_mixin.py:188} INFO - [2025-05-04T22:28:16.156+0300] {dag.py:3834} INFO - Setting next_dagrun for example_subdag_operator.section-2 to None, run_after=None
[2025-05-04T22:28:16.162+0300] {processor.py:183} INFO - Processing /Users/admin/anaconda3/lib/python3.11/site-packages/airflow/example_dags/example_subdag_operator.py took 0.124 seconds
[2025-05-04T22:29:37.725+0300] {processor.py:161} INFO - Started process (PID=17517) to work on /Users/admin/anaconda3/lib/python3.11/site-packages/airflow/example_dags/example_subdag_operator.py
[2025-05-04T22:29:37.726+0300] {processor.py:830} INFO - Processing file /Users/admin/anaconda3/lib/python3.11/site-packages/airflow/example_dags/example_subdag_operator.py for tasks to queue
[2025-05-04T22:29:37.727+0300] {logging_mixin.py:188} INFO - [2025-05-04T22:29:37.727+0300] {dagbag.py:540} INFO - Filling up the DagBag from /Users/admin/anaconda3/lib/python3.11/site-packages/airflow/example_dags/example_subdag_operator.py
[2025-05-04T22:29:37.780+0300] {processor.py:840} INFO - DAG(s) 'example_subdag_operator.section-1', 'example_subdag_operator.section-2', 'example_subdag_operator' retrieved from /Users/admin/anaconda3/lib/python3.11/site-packages/airflow/example_dags/example_subdag_operator.py
[2025-05-04T22:29:37.824+0300] {logging_mixin.py:188} INFO - [2025-05-04T22:29:37.823+0300] {dag.py:3047} INFO - Sync 3 DAGs
[2025-05-04T22:29:37.833+0300] {logging_mixin.py:188} INFO - [2025-05-04T22:29:37.833+0300] {dag.py:3834} INFO - Setting next_dagrun for example_subdag_operator to 2022-01-01 00:00:00+00:00, run_after=2022-01-01 00:00:00+00:00
[2025-05-04T22:29:37.835+0300] {logging_mixin.py:188} INFO - [2025-05-04T22:29:37.835+0300] {dag.py:3834} INFO - Setting next_dagrun for example_subdag_operator.section-1 to None, run_after=None
[2025-05-04T22:29:37.835+0300] {logging_mixin.py:188} INFO - [2025-05-04T22:29:37.835+0300] {dag.py:3834} INFO - Setting next_dagrun for example_subdag_operator.section-2 to None, run_after=None
[2025-05-04T22:29:37.838+0300] {logging_mixin.py:188} INFO - [2025-05-04T22:29:37.838+0300] {dag.py:3047} INFO - Sync 2 DAGs
[2025-05-04T22:29:37.841+0300] {logging_mixin.py:188} INFO - [2025-05-04T22:29:37.841+0300] {dag.py:3834} INFO - Setting next_dagrun for example_subdag_operator.section-1 to None, run_after=None
[2025-05-04T22:29:37.842+0300] {logging_mixin.py:188} INFO - [2025-05-04T22:29:37.842+0300] {dag.py:3834} INFO - Setting next_dagrun for example_subdag_operator.section-2 to None, run_after=None
[2025-05-04T22:29:37.848+0300] {processor.py:183} INFO - Processing /Users/admin/anaconda3/lib/python3.11/site-packages/airflow/example_dags/example_subdag_operator.py took 0.123 seconds
[2025-05-04T22:30:59.180+0300] {processor.py:161} INFO - Started process (PID=17912) to work on /Users/admin/anaconda3/lib/python3.11/site-packages/airflow/example_dags/example_subdag_operator.py
[2025-05-04T22:30:59.181+0300] {processor.py:830} INFO - Processing file /Users/admin/anaconda3/lib/python3.11/site-packages/airflow/example_dags/example_subdag_operator.py for tasks to queue
[2025-05-04T22:30:59.181+0300] {logging_mixin.py:188} INFO - [2025-05-04T22:30:59.181+0300] {dagbag.py:540} INFO - Filling up the DagBag from /Users/admin/anaconda3/lib/python3.11/site-packages/airflow/example_dags/example_subdag_operator.py
[2025-05-04T22:30:59.234+0300] {processor.py:840} INFO - DAG(s) 'example_subdag_operator.section-1', 'example_subdag_operator.section-2', 'example_subdag_operator' retrieved from /Users/admin/anaconda3/lib/python3.11/site-packages/airflow/example_dags/example_subdag_operator.py
[2025-05-04T22:30:59.277+0300] {logging_mixin.py:188} INFO - [2025-05-04T22:30:59.277+0300] {dag.py:3047} INFO - Sync 3 DAGs
[2025-05-04T22:30:59.287+0300] {logging_mixin.py:188} INFO - [2025-05-04T22:30:59.286+0300] {dag.py:3834} INFO - Setting next_dagrun for example_subdag_operator to 2022-01-01 00:00:00+00:00, run_after=2022-01-01 00:00:00+00:00
[2025-05-04T22:30:59.288+0300] {logging_mixin.py:188} INFO - [2025-05-04T22:30:59.288+0300] {dag.py:3834} INFO - Setting next_dagrun for example_subdag_operator.section-1 to None, run_after=None
[2025-05-04T22:30:59.289+0300] {logging_mixin.py:188} INFO - [2025-05-04T22:30:59.289+0300] {dag.py:3834} INFO - Setting next_dagrun for example_subdag_operator.section-2 to None, run_after=None
[2025-05-04T22:30:59.292+0300] {logging_mixin.py:188} INFO - [2025-05-04T22:30:59.292+0300] {dag.py:3047} INFO - Sync 2 DAGs
[2025-05-04T22:30:59.295+0300] {logging_mixin.py:188} INFO - [2025-05-04T22:30:59.294+0300] {dag.py:3834} INFO - Setting next_dagrun for example_subdag_operator.section-1 to None, run_after=None
[2025-05-04T22:30:59.295+0300] {logging_mixin.py:188} INFO - [2025-05-04T22:30:59.295+0300] {dag.py:3834} INFO - Setting next_dagrun for example_subdag_operator.section-2 to None, run_after=None
[2025-05-04T22:30:59.302+0300] {processor.py:183} INFO - Processing /Users/admin/anaconda3/lib/python3.11/site-packages/airflow/example_dags/example_subdag_operator.py took 0.123 seconds
[2025-05-04T23:16:16.547+0300] {processor.py:161} INFO - Started process (PID=18398) to work on /Users/admin/anaconda3/lib/python3.11/site-packages/airflow/example_dags/example_subdag_operator.py
[2025-05-04T23:16:16.548+0300] {processor.py:830} INFO - Processing file /Users/admin/anaconda3/lib/python3.11/site-packages/airflow/example_dags/example_subdag_operator.py for tasks to queue
[2025-05-04T23:16:16.549+0300] {logging_mixin.py:188} INFO - [2025-05-04T23:16:16.549+0300] {dagbag.py:540} INFO - Filling up the DagBag from /Users/admin/anaconda3/lib/python3.11/site-packages/airflow/example_dags/example_subdag_operator.py
[2025-05-04T23:16:16.600+0300] {processor.py:840} INFO - DAG(s) 'example_subdag_operator.section-1', 'example_subdag_operator.section-2', 'example_subdag_operator' retrieved from /Users/admin/anaconda3/lib/python3.11/site-packages/airflow/example_dags/example_subdag_operator.py
[2025-05-04T23:16:16.641+0300] {logging_mixin.py:188} INFO - [2025-05-04T23:16:16.641+0300] {dag.py:3047} INFO - Sync 3 DAGs
[2025-05-04T23:16:16.650+0300] {logging_mixin.py:188} INFO - [2025-05-04T23:16:16.650+0300] {dag.py:3834} INFO - Setting next_dagrun for example_subdag_operator to 2022-01-01 00:00:00+00:00, run_after=2022-01-01 00:00:00+00:00
[2025-05-04T23:16:16.652+0300] {logging_mixin.py:188} INFO - [2025-05-04T23:16:16.652+0300] {dag.py:3834} INFO - Setting next_dagrun for example_subdag_operator.section-1 to None, run_after=None
[2025-05-04T23:16:16.653+0300] {logging_mixin.py:188} INFO - [2025-05-04T23:16:16.653+0300] {dag.py:3834} INFO - Setting next_dagrun for example_subdag_operator.section-2 to None, run_after=None
[2025-05-04T23:16:16.656+0300] {logging_mixin.py:188} INFO - [2025-05-04T23:16:16.656+0300] {dag.py:3047} INFO - Sync 2 DAGs
[2025-05-04T23:16:16.658+0300] {logging_mixin.py:188} INFO - [2025-05-04T23:16:16.658+0300] {dag.py:3834} INFO - Setting next_dagrun for example_subdag_operator.section-1 to None, run_after=None
[2025-05-04T23:16:16.658+0300] {logging_mixin.py:188} INFO - [2025-05-04T23:16:16.658+0300] {dag.py:3834} INFO - Setting next_dagrun for example_subdag_operator.section-2 to None, run_after=None
[2025-05-04T23:16:16.665+0300] {processor.py:183} INFO - Processing /Users/admin/anaconda3/lib/python3.11/site-packages/airflow/example_dags/example_subdag_operator.py took 0.118 seconds
[2025-05-04T23:17:39.729+0300] {processor.py:161} INFO - Started process (PID=18789) to work on /Users/admin/anaconda3/lib/python3.11/site-packages/airflow/example_dags/example_subdag_operator.py
[2025-05-04T23:17:39.731+0300] {processor.py:830} INFO - Processing file /Users/admin/anaconda3/lib/python3.11/site-packages/airflow/example_dags/example_subdag_operator.py for tasks to queue
[2025-05-04T23:17:39.732+0300] {logging_mixin.py:188} INFO - [2025-05-04T23:17:39.732+0300] {dagbag.py:540} INFO - Filling up the DagBag from /Users/admin/anaconda3/lib/python3.11/site-packages/airflow/example_dags/example_subdag_operator.py
[2025-05-04T23:17:39.785+0300] {processor.py:840} INFO - DAG(s) 'example_subdag_operator.section-1', 'example_subdag_operator.section-2', 'example_subdag_operator' retrieved from /Users/admin/anaconda3/lib/python3.11/site-packages/airflow/example_dags/example_subdag_operator.py
[2025-05-04T23:17:39.837+0300] {logging_mixin.py:188} INFO - [2025-05-04T23:17:39.837+0300] {dag.py:3047} INFO - Sync 3 DAGs
[2025-05-04T23:17:39.847+0300] {logging_mixin.py:188} INFO - [2025-05-04T23:17:39.847+0300] {dag.py:3834} INFO - Setting next_dagrun for example_subdag_operator to 2022-01-01 00:00:00+00:00, run_after=2022-01-01 00:00:00+00:00
[2025-05-04T23:17:39.849+0300] {logging_mixin.py:188} INFO - [2025-05-04T23:17:39.849+0300] {dag.py:3834} INFO - Setting next_dagrun for example_subdag_operator.section-1 to None, run_after=None
[2025-05-04T23:17:39.849+0300] {logging_mixin.py:188} INFO - [2025-05-04T23:17:39.849+0300] {dag.py:3834} INFO - Setting next_dagrun for example_subdag_operator.section-2 to None, run_after=None
[2025-05-04T23:17:39.852+0300] {logging_mixin.py:188} INFO - [2025-05-04T23:17:39.852+0300] {dag.py:3047} INFO - Sync 2 DAGs
[2025-05-04T23:17:39.855+0300] {logging_mixin.py:188} INFO - [2025-05-04T23:17:39.855+0300] {dag.py:3834} INFO - Setting next_dagrun for example_subdag_operator.section-1 to None, run_after=None
[2025-05-04T23:17:39.855+0300] {logging_mixin.py:188} INFO - [2025-05-04T23:17:39.855+0300] {dag.py:3834} INFO - Setting next_dagrun for example_subdag_operator.section-2 to None, run_after=None
[2025-05-04T23:17:39.863+0300] {processor.py:183} INFO - Processing /Users/admin/anaconda3/lib/python3.11/site-packages/airflow/example_dags/example_subdag_operator.py took 0.134 seconds
[2025-05-04T23:19:02.534+0300] {processor.py:161} INFO - Started process (PID=19182) to work on /Users/admin/anaconda3/lib/python3.11/site-packages/airflow/example_dags/example_subdag_operator.py
[2025-05-04T23:19:02.535+0300] {processor.py:830} INFO - Processing file /Users/admin/anaconda3/lib/python3.11/site-packages/airflow/example_dags/example_subdag_operator.py for tasks to queue
[2025-05-04T23:19:02.535+0300] {logging_mixin.py:188} INFO - [2025-05-04T23:19:02.535+0300] {dagbag.py:540} INFO - Filling up the DagBag from /Users/admin/anaconda3/lib/python3.11/site-packages/airflow/example_dags/example_subdag_operator.py
[2025-05-04T23:19:02.588+0300] {processor.py:840} INFO - DAG(s) 'example_subdag_operator.section-1', 'example_subdag_operator.section-2', 'example_subdag_operator' retrieved from /Users/admin/anaconda3/lib/python3.11/site-packages/airflow/example_dags/example_subdag_operator.py
[2025-05-04T23:19:02.633+0300] {logging_mixin.py:188} INFO - [2025-05-04T23:19:02.633+0300] {dag.py:3047} INFO - Sync 3 DAGs
[2025-05-04T23:19:02.642+0300] {logging_mixin.py:188} INFO - [2025-05-04T23:19:02.642+0300] {dag.py:3834} INFO - Setting next_dagrun for example_subdag_operator to 2022-01-01 00:00:00+00:00, run_after=2022-01-01 00:00:00+00:00
[2025-05-04T23:19:02.644+0300] {logging_mixin.py:188} INFO - [2025-05-04T23:19:02.644+0300] {dag.py:3834} INFO - Setting next_dagrun for example_subdag_operator.section-1 to None, run_after=None
[2025-05-04T23:19:02.644+0300] {logging_mixin.py:188} INFO - [2025-05-04T23:19:02.644+0300] {dag.py:3834} INFO - Setting next_dagrun for example_subdag_operator.section-2 to None, run_after=None
[2025-05-04T23:19:02.647+0300] {logging_mixin.py:188} INFO - [2025-05-04T23:19:02.647+0300] {dag.py:3047} INFO - Sync 2 DAGs
[2025-05-04T23:19:02.650+0300] {logging_mixin.py:188} INFO - [2025-05-04T23:19:02.650+0300] {dag.py:3834} INFO - Setting next_dagrun for example_subdag_operator.section-1 to None, run_after=None
[2025-05-04T23:19:02.650+0300] {logging_mixin.py:188} INFO - [2025-05-04T23:19:02.650+0300] {dag.py:3834} INFO - Setting next_dagrun for example_subdag_operator.section-2 to None, run_after=None
[2025-05-04T23:19:02.657+0300] {processor.py:183} INFO - Processing /Users/admin/anaconda3/lib/python3.11/site-packages/airflow/example_dags/example_subdag_operator.py took 0.124 seconds
[2025-05-04T23:20:24.123+0300] {processor.py:161} INFO - Started process (PID=19566) to work on /Users/admin/anaconda3/lib/python3.11/site-packages/airflow/example_dags/example_subdag_operator.py
[2025-05-04T23:20:24.125+0300] {processor.py:830} INFO - Processing file /Users/admin/anaconda3/lib/python3.11/site-packages/airflow/example_dags/example_subdag_operator.py for tasks to queue
[2025-05-04T23:20:24.125+0300] {logging_mixin.py:188} INFO - [2025-05-04T23:20:24.125+0300] {dagbag.py:540} INFO - Filling up the DagBag from /Users/admin/anaconda3/lib/python3.11/site-packages/airflow/example_dags/example_subdag_operator.py
[2025-05-04T23:20:24.177+0300] {processor.py:840} INFO - DAG(s) 'example_subdag_operator.section-1', 'example_subdag_operator.section-2', 'example_subdag_operator' retrieved from /Users/admin/anaconda3/lib/python3.11/site-packages/airflow/example_dags/example_subdag_operator.py
[2025-05-04T23:20:24.220+0300] {logging_mixin.py:188} INFO - [2025-05-04T23:20:24.219+0300] {dag.py:3047} INFO - Sync 3 DAGs
[2025-05-04T23:20:24.229+0300] {logging_mixin.py:188} INFO - [2025-05-04T23:20:24.229+0300] {dag.py:3834} INFO - Setting next_dagrun for example_subdag_operator to 2022-01-01 00:00:00+00:00, run_after=2022-01-01 00:00:00+00:00
[2025-05-04T23:20:24.230+0300] {logging_mixin.py:188} INFO - [2025-05-04T23:20:24.230+0300] {dag.py:3834} INFO - Setting next_dagrun for example_subdag_operator.section-1 to None, run_after=None
[2025-05-04T23:20:24.231+0300] {logging_mixin.py:188} INFO - [2025-05-04T23:20:24.231+0300] {dag.py:3834} INFO - Setting next_dagrun for example_subdag_operator.section-2 to None, run_after=None
[2025-05-04T23:20:24.234+0300] {logging_mixin.py:188} INFO - [2025-05-04T23:20:24.234+0300] {dag.py:3047} INFO - Sync 2 DAGs
[2025-05-04T23:20:24.237+0300] {logging_mixin.py:188} INFO - [2025-05-04T23:20:24.237+0300] {dag.py:3834} INFO - Setting next_dagrun for example_subdag_operator.section-1 to None, run_after=None
[2025-05-04T23:20:24.237+0300] {logging_mixin.py:188} INFO - [2025-05-04T23:20:24.237+0300] {dag.py:3834} INFO - Setting next_dagrun for example_subdag_operator.section-2 to None, run_after=None
[2025-05-04T23:20:24.243+0300] {processor.py:183} INFO - Processing /Users/admin/anaconda3/lib/python3.11/site-packages/airflow/example_dags/example_subdag_operator.py took 0.120 seconds
[2025-05-04T23:21:51.230+0300] {processor.py:161} INFO - Started process (PID=19982) to work on /Users/admin/anaconda3/lib/python3.11/site-packages/airflow/example_dags/example_subdag_operator.py
[2025-05-04T23:21:51.231+0300] {processor.py:830} INFO - Processing file /Users/admin/anaconda3/lib/python3.11/site-packages/airflow/example_dags/example_subdag_operator.py for tasks to queue
[2025-05-04T23:21:51.231+0300] {logging_mixin.py:188} INFO - [2025-05-04T23:21:51.231+0300] {dagbag.py:540} INFO - Filling up the DagBag from /Users/admin/anaconda3/lib/python3.11/site-packages/airflow/example_dags/example_subdag_operator.py
[2025-05-04T23:21:51.283+0300] {processor.py:840} INFO - DAG(s) 'example_subdag_operator.section-1', 'example_subdag_operator.section-2', 'example_subdag_operator' retrieved from /Users/admin/anaconda3/lib/python3.11/site-packages/airflow/example_dags/example_subdag_operator.py
[2025-05-04T23:21:51.326+0300] {logging_mixin.py:188} INFO - [2025-05-04T23:21:51.326+0300] {dag.py:3047} INFO - Sync 3 DAGs
[2025-05-04T23:21:51.336+0300] {logging_mixin.py:188} INFO - [2025-05-04T23:21:51.335+0300] {dag.py:3834} INFO - Setting next_dagrun for example_subdag_operator to 2022-01-01 00:00:00+00:00, run_after=2022-01-01 00:00:00+00:00
[2025-05-04T23:21:51.337+0300] {logging_mixin.py:188} INFO - [2025-05-04T23:21:51.337+0300] {dag.py:3834} INFO - Setting next_dagrun for example_subdag_operator.section-1 to None, run_after=None
[2025-05-04T23:21:51.338+0300] {logging_mixin.py:188} INFO - [2025-05-04T23:21:51.338+0300] {dag.py:3834} INFO - Setting next_dagrun for example_subdag_operator.section-2 to None, run_after=None
[2025-05-04T23:21:51.341+0300] {logging_mixin.py:188} INFO - [2025-05-04T23:21:51.341+0300] {dag.py:3047} INFO - Sync 2 DAGs
[2025-05-04T23:21:51.344+0300] {logging_mixin.py:188} INFO - [2025-05-04T23:21:51.343+0300] {dag.py:3834} INFO - Setting next_dagrun for example_subdag_operator.section-1 to None, run_after=None
[2025-05-04T23:21:51.344+0300] {logging_mixin.py:188} INFO - [2025-05-04T23:21:51.344+0300] {dag.py:3834} INFO - Setting next_dagrun for example_subdag_operator.section-2 to None, run_after=None
[2025-05-04T23:21:51.350+0300] {processor.py:183} INFO - Processing /Users/admin/anaconda3/lib/python3.11/site-packages/airflow/example_dags/example_subdag_operator.py took 0.121 seconds
[2025-05-04T23:23:22.202+0300] {processor.py:161} INFO - Started process (PID=20395) to work on /Users/admin/anaconda3/lib/python3.11/site-packages/airflow/example_dags/example_subdag_operator.py
[2025-05-04T23:23:22.203+0300] {processor.py:830} INFO - Processing file /Users/admin/anaconda3/lib/python3.11/site-packages/airflow/example_dags/example_subdag_operator.py for tasks to queue
[2025-05-04T23:23:22.203+0300] {logging_mixin.py:188} INFO - [2025-05-04T23:23:22.203+0300] {dagbag.py:540} INFO - Filling up the DagBag from /Users/admin/anaconda3/lib/python3.11/site-packages/airflow/example_dags/example_subdag_operator.py
[2025-05-04T23:23:22.254+0300] {processor.py:840} INFO - DAG(s) 'example_subdag_operator.section-1', 'example_subdag_operator.section-2', 'example_subdag_operator' retrieved from /Users/admin/anaconda3/lib/python3.11/site-packages/airflow/example_dags/example_subdag_operator.py
[2025-05-04T23:23:22.296+0300] {logging_mixin.py:188} INFO - [2025-05-04T23:23:22.296+0300] {dag.py:3047} INFO - Sync 3 DAGs
[2025-05-04T23:23:22.305+0300] {logging_mixin.py:188} INFO - [2025-05-04T23:23:22.305+0300] {dag.py:3834} INFO - Setting next_dagrun for example_subdag_operator to 2022-01-01 00:00:00+00:00, run_after=2022-01-01 00:00:00+00:00
[2025-05-04T23:23:22.307+0300] {logging_mixin.py:188} INFO - [2025-05-04T23:23:22.307+0300] {dag.py:3834} INFO - Setting next_dagrun for example_subdag_operator.section-1 to None, run_after=None
[2025-05-04T23:23:22.307+0300] {logging_mixin.py:188} INFO - [2025-05-04T23:23:22.307+0300] {dag.py:3834} INFO - Setting next_dagrun for example_subdag_operator.section-2 to None, run_after=None
[2025-05-04T23:23:22.310+0300] {logging_mixin.py:188} INFO - [2025-05-04T23:23:22.310+0300] {dag.py:3047} INFO - Sync 2 DAGs
[2025-05-04T23:23:22.313+0300] {logging_mixin.py:188} INFO - [2025-05-04T23:23:22.313+0300] {dag.py:3834} INFO - Setting next_dagrun for example_subdag_operator.section-1 to None, run_after=None
[2025-05-04T23:23:22.313+0300] {logging_mixin.py:188} INFO - [2025-05-04T23:23:22.313+0300] {dag.py:3834} INFO - Setting next_dagrun for example_subdag_operator.section-2 to None, run_after=None
[2025-05-04T23:23:22.320+0300] {processor.py:183} INFO - Processing /Users/admin/anaconda3/lib/python3.11/site-packages/airflow/example_dags/example_subdag_operator.py took 0.118 seconds
[2025-05-04T23:24:48.414+0300] {processor.py:161} INFO - Started process (PID=20808) to work on /Users/admin/anaconda3/lib/python3.11/site-packages/airflow/example_dags/example_subdag_operator.py
[2025-05-04T23:24:48.415+0300] {processor.py:830} INFO - Processing file /Users/admin/anaconda3/lib/python3.11/site-packages/airflow/example_dags/example_subdag_operator.py for tasks to queue
[2025-05-04T23:24:48.416+0300] {logging_mixin.py:188} INFO - [2025-05-04T23:24:48.416+0300] {dagbag.py:540} INFO - Filling up the DagBag from /Users/admin/anaconda3/lib/python3.11/site-packages/airflow/example_dags/example_subdag_operator.py
[2025-05-04T23:24:48.468+0300] {processor.py:840} INFO - DAG(s) 'example_subdag_operator.section-1', 'example_subdag_operator.section-2', 'example_subdag_operator' retrieved from /Users/admin/anaconda3/lib/python3.11/site-packages/airflow/example_dags/example_subdag_operator.py
[2025-05-04T23:24:48.510+0300] {logging_mixin.py:188} INFO - [2025-05-04T23:24:48.510+0300] {dag.py:3047} INFO - Sync 3 DAGs
[2025-05-04T23:24:48.519+0300] {logging_mixin.py:188} INFO - [2025-05-04T23:24:48.519+0300] {dag.py:3834} INFO - Setting next_dagrun for example_subdag_operator to 2022-01-01 00:00:00+00:00, run_after=2022-01-01 00:00:00+00:00
[2025-05-04T23:24:48.521+0300] {logging_mixin.py:188} INFO - [2025-05-04T23:24:48.521+0300] {dag.py:3834} INFO - Setting next_dagrun for example_subdag_operator.section-1 to None, run_after=None
[2025-05-04T23:24:48.522+0300] {logging_mixin.py:188} INFO - [2025-05-04T23:24:48.522+0300] {dag.py:3834} INFO - Setting next_dagrun for example_subdag_operator.section-2 to None, run_after=None
[2025-05-04T23:24:48.525+0300] {logging_mixin.py:188} INFO - [2025-05-04T23:24:48.525+0300] {dag.py:3047} INFO - Sync 2 DAGs
[2025-05-04T23:24:48.528+0300] {logging_mixin.py:188} INFO - [2025-05-04T23:24:48.527+0300] {dag.py:3834} INFO - Setting next_dagrun for example_subdag_operator.section-1 to None, run_after=None
[2025-05-04T23:24:48.528+0300] {logging_mixin.py:188} INFO - [2025-05-04T23:24:48.528+0300] {dag.py:3834} INFO - Setting next_dagrun for example_subdag_operator.section-2 to None, run_after=None
[2025-05-04T23:24:48.534+0300] {processor.py:183} INFO - Processing /Users/admin/anaconda3/lib/python3.11/site-packages/airflow/example_dags/example_subdag_operator.py took 0.121 seconds
[2025-05-04T23:26:15.608+0300] {processor.py:161} INFO - Started process (PID=21215) to work on /Users/admin/anaconda3/lib/python3.11/site-packages/airflow/example_dags/example_subdag_operator.py
[2025-05-04T23:26:15.610+0300] {processor.py:830} INFO - Processing file /Users/admin/anaconda3/lib/python3.11/site-packages/airflow/example_dags/example_subdag_operator.py for tasks to queue
[2025-05-04T23:26:15.610+0300] {logging_mixin.py:188} INFO - [2025-05-04T23:26:15.610+0300] {dagbag.py:540} INFO - Filling up the DagBag from /Users/admin/anaconda3/lib/python3.11/site-packages/airflow/example_dags/example_subdag_operator.py
[2025-05-04T23:26:15.669+0300] {processor.py:840} INFO - DAG(s) 'example_subdag_operator.section-1', 'example_subdag_operator.section-2', 'example_subdag_operator' retrieved from /Users/admin/anaconda3/lib/python3.11/site-packages/airflow/example_dags/example_subdag_operator.py
[2025-05-04T23:26:15.719+0300] {logging_mixin.py:188} INFO - [2025-05-04T23:26:15.719+0300] {dag.py:3047} INFO - Sync 3 DAGs
[2025-05-04T23:26:15.729+0300] {logging_mixin.py:188} INFO - [2025-05-04T23:26:15.729+0300] {dag.py:3834} INFO - Setting next_dagrun for example_subdag_operator to 2022-01-01 00:00:00+00:00, run_after=2022-01-01 00:00:00+00:00
[2025-05-04T23:26:15.731+0300] {logging_mixin.py:188} INFO - [2025-05-04T23:26:15.731+0300] {dag.py:3834} INFO - Setting next_dagrun for example_subdag_operator.section-1 to None, run_after=None
[2025-05-04T23:26:15.732+0300] {logging_mixin.py:188} INFO - [2025-05-04T23:26:15.731+0300] {dag.py:3834} INFO - Setting next_dagrun for example_subdag_operator.section-2 to None, run_after=None
[2025-05-04T23:26:15.735+0300] {logging_mixin.py:188} INFO - [2025-05-04T23:26:15.734+0300] {dag.py:3047} INFO - Sync 2 DAGs
[2025-05-04T23:26:15.738+0300] {logging_mixin.py:188} INFO - [2025-05-04T23:26:15.738+0300] {dag.py:3834} INFO - Setting next_dagrun for example_subdag_operator.section-1 to None, run_after=None
[2025-05-04T23:26:15.738+0300] {logging_mixin.py:188} INFO - [2025-05-04T23:26:15.738+0300] {dag.py:3834} INFO - Setting next_dagrun for example_subdag_operator.section-2 to None, run_after=None
[2025-05-04T23:26:15.745+0300] {processor.py:183} INFO - Processing /Users/admin/anaconda3/lib/python3.11/site-packages/airflow/example_dags/example_subdag_operator.py took 0.138 seconds
[2025-05-04T23:27:41.847+0300] {processor.py:161} INFO - Started process (PID=21621) to work on /Users/admin/anaconda3/lib/python3.11/site-packages/airflow/example_dags/example_subdag_operator.py
[2025-05-04T23:27:41.849+0300] {processor.py:830} INFO - Processing file /Users/admin/anaconda3/lib/python3.11/site-packages/airflow/example_dags/example_subdag_operator.py for tasks to queue
[2025-05-04T23:27:41.849+0300] {logging_mixin.py:188} INFO - [2025-05-04T23:27:41.849+0300] {dagbag.py:540} INFO - Filling up the DagBag from /Users/admin/anaconda3/lib/python3.11/site-packages/airflow/example_dags/example_subdag_operator.py
[2025-05-04T23:27:41.902+0300] {processor.py:840} INFO - DAG(s) 'example_subdag_operator.section-1', 'example_subdag_operator.section-2', 'example_subdag_operator' retrieved from /Users/admin/anaconda3/lib/python3.11/site-packages/airflow/example_dags/example_subdag_operator.py
[2025-05-04T23:27:41.946+0300] {logging_mixin.py:188} INFO - [2025-05-04T23:27:41.946+0300] {dag.py:3047} INFO - Sync 3 DAGs
[2025-05-04T23:27:41.955+0300] {logging_mixin.py:188} INFO - [2025-05-04T23:27:41.955+0300] {dag.py:3834} INFO - Setting next_dagrun for example_subdag_operator to 2022-01-01 00:00:00+00:00, run_after=2022-01-01 00:00:00+00:00
[2025-05-04T23:27:41.957+0300] {logging_mixin.py:188} INFO - [2025-05-04T23:27:41.957+0300] {dag.py:3834} INFO - Setting next_dagrun for example_subdag_operator.section-1 to None, run_after=None
[2025-05-04T23:27:41.958+0300] {logging_mixin.py:188} INFO - [2025-05-04T23:27:41.957+0300] {dag.py:3834} INFO - Setting next_dagrun for example_subdag_operator.section-2 to None, run_after=None
[2025-05-04T23:27:41.961+0300] {logging_mixin.py:188} INFO - [2025-05-04T23:27:41.960+0300] {dag.py:3047} INFO - Sync 2 DAGs
[2025-05-04T23:27:41.963+0300] {logging_mixin.py:188} INFO - [2025-05-04T23:27:41.963+0300] {dag.py:3834} INFO - Setting next_dagrun for example_subdag_operator.section-1 to None, run_after=None
[2025-05-04T23:27:41.964+0300] {logging_mixin.py:188} INFO - [2025-05-04T23:27:41.964+0300] {dag.py:3834} INFO - Setting next_dagrun for example_subdag_operator.section-2 to None, run_after=None
[2025-05-04T23:27:41.970+0300] {processor.py:183} INFO - Processing /Users/admin/anaconda3/lib/python3.11/site-packages/airflow/example_dags/example_subdag_operator.py took 0.123 seconds
[2025-05-04T23:29:10.713+0300] {processor.py:161} INFO - Started process (PID=22043) to work on /Users/admin/anaconda3/lib/python3.11/site-packages/airflow/example_dags/example_subdag_operator.py
[2025-05-04T23:29:10.714+0300] {processor.py:830} INFO - Processing file /Users/admin/anaconda3/lib/python3.11/site-packages/airflow/example_dags/example_subdag_operator.py for tasks to queue
[2025-05-04T23:29:10.715+0300] {logging_mixin.py:188} INFO - [2025-05-04T23:29:10.715+0300] {dagbag.py:540} INFO - Filling up the DagBag from /Users/admin/anaconda3/lib/python3.11/site-packages/airflow/example_dags/example_subdag_operator.py
[2025-05-04T23:29:10.768+0300] {processor.py:840} INFO - DAG(s) 'example_subdag_operator.section-1', 'example_subdag_operator.section-2', 'example_subdag_operator' retrieved from /Users/admin/anaconda3/lib/python3.11/site-packages/airflow/example_dags/example_subdag_operator.py
[2025-05-04T23:29:10.811+0300] {logging_mixin.py:188} INFO - [2025-05-04T23:29:10.811+0300] {dag.py:3047} INFO - Sync 3 DAGs
[2025-05-04T23:29:10.821+0300] {logging_mixin.py:188} INFO - [2025-05-04T23:29:10.820+0300] {dag.py:3834} INFO - Setting next_dagrun for example_subdag_operator to 2022-01-01 00:00:00+00:00, run_after=2022-01-01 00:00:00+00:00
[2025-05-04T23:29:10.822+0300] {logging_mixin.py:188} INFO - [2025-05-04T23:29:10.822+0300] {dag.py:3834} INFO - Setting next_dagrun for example_subdag_operator.section-1 to None, run_after=None
[2025-05-04T23:29:10.823+0300] {logging_mixin.py:188} INFO - [2025-05-04T23:29:10.823+0300] {dag.py:3834} INFO - Setting next_dagrun for example_subdag_operator.section-2 to None, run_after=None
[2025-05-04T23:29:10.826+0300] {logging_mixin.py:188} INFO - [2025-05-04T23:29:10.826+0300] {dag.py:3047} INFO - Sync 2 DAGs
[2025-05-04T23:29:10.829+0300] {logging_mixin.py:188} INFO - [2025-05-04T23:29:10.829+0300] {dag.py:3834} INFO - Setting next_dagrun for example_subdag_operator.section-1 to None, run_after=None
[2025-05-04T23:29:10.829+0300] {logging_mixin.py:188} INFO - [2025-05-04T23:29:10.829+0300] {dag.py:3834} INFO - Setting next_dagrun for example_subdag_operator.section-2 to None, run_after=None
[2025-05-04T23:29:10.835+0300] {processor.py:183} INFO - Processing /Users/admin/anaconda3/lib/python3.11/site-packages/airflow/example_dags/example_subdag_operator.py took 0.123 seconds
[2025-05-04T23:30:37.277+0300] {processor.py:161} INFO - Started process (PID=22472) to work on /Users/admin/anaconda3/lib/python3.11/site-packages/airflow/example_dags/example_subdag_operator.py
[2025-05-04T23:30:37.279+0300] {processor.py:830} INFO - Processing file /Users/admin/anaconda3/lib/python3.11/site-packages/airflow/example_dags/example_subdag_operator.py for tasks to queue
[2025-05-04T23:30:37.279+0300] {logging_mixin.py:188} INFO - [2025-05-04T23:30:37.279+0300] {dagbag.py:540} INFO - Filling up the DagBag from /Users/admin/anaconda3/lib/python3.11/site-packages/airflow/example_dags/example_subdag_operator.py
[2025-05-04T23:30:37.339+0300] {processor.py:840} INFO - DAG(s) 'example_subdag_operator.section-1', 'example_subdag_operator.section-2', 'example_subdag_operator' retrieved from /Users/admin/anaconda3/lib/python3.11/site-packages/airflow/example_dags/example_subdag_operator.py
[2025-05-04T23:30:37.387+0300] {logging_mixin.py:188} INFO - [2025-05-04T23:30:37.387+0300] {dag.py:3047} INFO - Sync 3 DAGs
[2025-05-04T23:30:37.398+0300] {logging_mixin.py:188} INFO - [2025-05-04T23:30:37.398+0300] {dag.py:3834} INFO - Setting next_dagrun for example_subdag_operator to 2022-01-01 00:00:00+00:00, run_after=2022-01-01 00:00:00+00:00
[2025-05-04T23:30:37.400+0300] {logging_mixin.py:188} INFO - [2025-05-04T23:30:37.400+0300] {dag.py:3834} INFO - Setting next_dagrun for example_subdag_operator.section-1 to None, run_after=None
[2025-05-04T23:30:37.401+0300] {logging_mixin.py:188} INFO - [2025-05-04T23:30:37.401+0300] {dag.py:3834} INFO - Setting next_dagrun for example_subdag_operator.section-2 to None, run_after=None
[2025-05-04T23:30:37.405+0300] {logging_mixin.py:188} INFO - [2025-05-04T23:30:37.404+0300] {dag.py:3047} INFO - Sync 2 DAGs
[2025-05-04T23:30:37.408+0300] {logging_mixin.py:188} INFO - [2025-05-04T23:30:37.408+0300] {dag.py:3834} INFO - Setting next_dagrun for example_subdag_operator.section-1 to None, run_after=None
[2025-05-04T23:30:37.408+0300] {logging_mixin.py:188} INFO - [2025-05-04T23:30:37.408+0300] {dag.py:3834} INFO - Setting next_dagrun for example_subdag_operator.section-2 to None, run_after=None
[2025-05-04T23:30:37.415+0300] {processor.py:183} INFO - Processing /Users/admin/anaconda3/lib/python3.11/site-packages/airflow/example_dags/example_subdag_operator.py took 0.139 seconds
[2025-05-04T23:32:09.815+0300] {processor.py:161} INFO - Started process (PID=22896) to work on /Users/admin/anaconda3/lib/python3.11/site-packages/airflow/example_dags/example_subdag_operator.py
[2025-05-04T23:32:09.816+0300] {processor.py:830} INFO - Processing file /Users/admin/anaconda3/lib/python3.11/site-packages/airflow/example_dags/example_subdag_operator.py for tasks to queue
[2025-05-04T23:32:09.816+0300] {logging_mixin.py:188} INFO - [2025-05-04T23:32:09.816+0300] {dagbag.py:540} INFO - Filling up the DagBag from /Users/admin/anaconda3/lib/python3.11/site-packages/airflow/example_dags/example_subdag_operator.py
[2025-05-04T23:32:09.875+0300] {processor.py:840} INFO - DAG(s) 'example_subdag_operator.section-1', 'example_subdag_operator.section-2', 'example_subdag_operator' retrieved from /Users/admin/anaconda3/lib/python3.11/site-packages/airflow/example_dags/example_subdag_operator.py
[2025-05-04T23:32:09.918+0300] {logging_mixin.py:188} INFO - [2025-05-04T23:32:09.918+0300] {dag.py:3047} INFO - Sync 3 DAGs
[2025-05-04T23:32:09.928+0300] {logging_mixin.py:188} INFO - [2025-05-04T23:32:09.928+0300] {dag.py:3834} INFO - Setting next_dagrun for example_subdag_operator to 2022-01-01 00:00:00+00:00, run_after=2022-01-01 00:00:00+00:00
[2025-05-04T23:32:09.929+0300] {logging_mixin.py:188} INFO - [2025-05-04T23:32:09.929+0300] {dag.py:3834} INFO - Setting next_dagrun for example_subdag_operator.section-1 to None, run_after=None
[2025-05-04T23:32:09.930+0300] {logging_mixin.py:188} INFO - [2025-05-04T23:32:09.930+0300] {dag.py:3834} INFO - Setting next_dagrun for example_subdag_operator.section-2 to None, run_after=None
[2025-05-04T23:32:09.933+0300] {logging_mixin.py:188} INFO - [2025-05-04T23:32:09.933+0300] {dag.py:3047} INFO - Sync 2 DAGs
[2025-05-04T23:32:09.936+0300] {logging_mixin.py:188} INFO - [2025-05-04T23:32:09.936+0300] {dag.py:3834} INFO - Setting next_dagrun for example_subdag_operator.section-1 to None, run_after=None
[2025-05-04T23:32:09.936+0300] {logging_mixin.py:188} INFO - [2025-05-04T23:32:09.936+0300] {dag.py:3834} INFO - Setting next_dagrun for example_subdag_operator.section-2 to None, run_after=None
[2025-05-04T23:32:09.943+0300] {processor.py:183} INFO - Processing /Users/admin/anaconda3/lib/python3.11/site-packages/airflow/example_dags/example_subdag_operator.py took 0.129 seconds
[2025-05-04T23:33:38.161+0300] {processor.py:161} INFO - Started process (PID=23315) to work on /Users/admin/anaconda3/lib/python3.11/site-packages/airflow/example_dags/example_subdag_operator.py
[2025-05-04T23:33:38.162+0300] {processor.py:830} INFO - Processing file /Users/admin/anaconda3/lib/python3.11/site-packages/airflow/example_dags/example_subdag_operator.py for tasks to queue
[2025-05-04T23:33:38.163+0300] {logging_mixin.py:188} INFO - [2025-05-04T23:33:38.163+0300] {dagbag.py:540} INFO - Filling up the DagBag from /Users/admin/anaconda3/lib/python3.11/site-packages/airflow/example_dags/example_subdag_operator.py
[2025-05-04T23:33:38.217+0300] {processor.py:840} INFO - DAG(s) 'example_subdag_operator.section-1', 'example_subdag_operator.section-2', 'example_subdag_operator' retrieved from /Users/admin/anaconda3/lib/python3.11/site-packages/airflow/example_dags/example_subdag_operator.py
[2025-05-04T23:33:38.260+0300] {logging_mixin.py:188} INFO - [2025-05-04T23:33:38.260+0300] {dag.py:3047} INFO - Sync 3 DAGs
[2025-05-04T23:33:38.269+0300] {logging_mixin.py:188} INFO - [2025-05-04T23:33:38.269+0300] {dag.py:3834} INFO - Setting next_dagrun for example_subdag_operator to 2022-01-01 00:00:00+00:00, run_after=2022-01-01 00:00:00+00:00
[2025-05-04T23:33:38.271+0300] {logging_mixin.py:188} INFO - [2025-05-04T23:33:38.271+0300] {dag.py:3834} INFO - Setting next_dagrun for example_subdag_operator.section-1 to None, run_after=None
[2025-05-04T23:33:38.272+0300] {logging_mixin.py:188} INFO - [2025-05-04T23:33:38.272+0300] {dag.py:3834} INFO - Setting next_dagrun for example_subdag_operator.section-2 to None, run_after=None
[2025-05-04T23:33:38.275+0300] {logging_mixin.py:188} INFO - [2025-05-04T23:33:38.275+0300] {dag.py:3047} INFO - Sync 2 DAGs
[2025-05-04T23:33:38.278+0300] {logging_mixin.py:188} INFO - [2025-05-04T23:33:38.277+0300] {dag.py:3834} INFO - Setting next_dagrun for example_subdag_operator.section-1 to None, run_after=None
[2025-05-04T23:33:38.278+0300] {logging_mixin.py:188} INFO - [2025-05-04T23:33:38.278+0300] {dag.py:3834} INFO - Setting next_dagrun for example_subdag_operator.section-2 to None, run_after=None
[2025-05-04T23:33:38.287+0300] {processor.py:183} INFO - Processing /Users/admin/anaconda3/lib/python3.11/site-packages/airflow/example_dags/example_subdag_operator.py took 0.127 seconds
[2025-05-04T23:35:09.758+0300] {processor.py:161} INFO - Started process (PID=23742) to work on /Users/admin/anaconda3/lib/python3.11/site-packages/airflow/example_dags/example_subdag_operator.py
[2025-05-04T23:35:09.759+0300] {processor.py:830} INFO - Processing file /Users/admin/anaconda3/lib/python3.11/site-packages/airflow/example_dags/example_subdag_operator.py for tasks to queue
[2025-05-04T23:35:09.760+0300] {logging_mixin.py:188} INFO - [2025-05-04T23:35:09.759+0300] {dagbag.py:540} INFO - Filling up the DagBag from /Users/admin/anaconda3/lib/python3.11/site-packages/airflow/example_dags/example_subdag_operator.py
[2025-05-04T23:35:09.816+0300] {processor.py:840} INFO - DAG(s) 'example_subdag_operator.section-1', 'example_subdag_operator.section-2', 'example_subdag_operator' retrieved from /Users/admin/anaconda3/lib/python3.11/site-packages/airflow/example_dags/example_subdag_operator.py
[2025-05-04T23:35:09.861+0300] {logging_mixin.py:188} INFO - [2025-05-04T23:35:09.860+0300] {dag.py:3047} INFO - Sync 3 DAGs
[2025-05-04T23:35:09.871+0300] {logging_mixin.py:188} INFO - [2025-05-04T23:35:09.870+0300] {dag.py:3834} INFO - Setting next_dagrun for example_subdag_operator to 2022-01-01 00:00:00+00:00, run_after=2022-01-01 00:00:00+00:00
[2025-05-04T23:35:09.872+0300] {logging_mixin.py:188} INFO - [2025-05-04T23:35:09.872+0300] {dag.py:3834} INFO - Setting next_dagrun for example_subdag_operator.section-1 to None, run_after=None
[2025-05-04T23:35:09.873+0300] {logging_mixin.py:188} INFO - [2025-05-04T23:35:09.873+0300] {dag.py:3834} INFO - Setting next_dagrun for example_subdag_operator.section-2 to None, run_after=None
[2025-05-04T23:35:09.876+0300] {logging_mixin.py:188} INFO - [2025-05-04T23:35:09.876+0300] {dag.py:3047} INFO - Sync 2 DAGs
[2025-05-04T23:35:09.879+0300] {logging_mixin.py:188} INFO - [2025-05-04T23:35:09.879+0300] {dag.py:3834} INFO - Setting next_dagrun for example_subdag_operator.section-1 to None, run_after=None
[2025-05-04T23:35:09.879+0300] {logging_mixin.py:188} INFO - [2025-05-04T23:35:09.879+0300] {dag.py:3834} INFO - Setting next_dagrun for example_subdag_operator.section-2 to None, run_after=None
[2025-05-04T23:35:09.886+0300] {processor.py:183} INFO - Processing /Users/admin/anaconda3/lib/python3.11/site-packages/airflow/example_dags/example_subdag_operator.py took 0.129 seconds
[2025-05-04T23:36:41.458+0300] {processor.py:161} INFO - Started process (PID=24186) to work on /Users/admin/anaconda3/lib/python3.11/site-packages/airflow/example_dags/example_subdag_operator.py
[2025-05-04T23:36:41.460+0300] {processor.py:830} INFO - Processing file /Users/admin/anaconda3/lib/python3.11/site-packages/airflow/example_dags/example_subdag_operator.py for tasks to queue
[2025-05-04T23:36:41.460+0300] {logging_mixin.py:188} INFO - [2025-05-04T23:36:41.460+0300] {dagbag.py:540} INFO - Filling up the DagBag from /Users/admin/anaconda3/lib/python3.11/site-packages/airflow/example_dags/example_subdag_operator.py
[2025-05-04T23:36:41.513+0300] {processor.py:840} INFO - DAG(s) 'example_subdag_operator.section-1', 'example_subdag_operator.section-2', 'example_subdag_operator' retrieved from /Users/admin/anaconda3/lib/python3.11/site-packages/airflow/example_dags/example_subdag_operator.py
[2025-05-04T23:36:41.557+0300] {logging_mixin.py:188} INFO - [2025-05-04T23:36:41.557+0300] {dag.py:3047} INFO - Sync 3 DAGs
[2025-05-04T23:36:41.566+0300] {logging_mixin.py:188} INFO - [2025-05-04T23:36:41.566+0300] {dag.py:3834} INFO - Setting next_dagrun for example_subdag_operator to 2022-01-01 00:00:00+00:00, run_after=2022-01-01 00:00:00+00:00
[2025-05-04T23:36:41.568+0300] {logging_mixin.py:188} INFO - [2025-05-04T23:36:41.568+0300] {dag.py:3834} INFO - Setting next_dagrun for example_subdag_operator.section-1 to None, run_after=None
[2025-05-04T23:36:41.569+0300] {logging_mixin.py:188} INFO - [2025-05-04T23:36:41.569+0300] {dag.py:3834} INFO - Setting next_dagrun for example_subdag_operator.section-2 to None, run_after=None
[2025-05-04T23:36:41.572+0300] {logging_mixin.py:188} INFO - [2025-05-04T23:36:41.572+0300] {dag.py:3047} INFO - Sync 2 DAGs
[2025-05-04T23:36:41.574+0300] {logging_mixin.py:188} INFO - [2025-05-04T23:36:41.574+0300] {dag.py:3834} INFO - Setting next_dagrun for example_subdag_operator.section-1 to None, run_after=None
[2025-05-04T23:36:41.575+0300] {logging_mixin.py:188} INFO - [2025-05-04T23:36:41.575+0300] {dag.py:3834} INFO - Setting next_dagrun for example_subdag_operator.section-2 to None, run_after=None
[2025-05-04T23:36:41.581+0300] {processor.py:183} INFO - Processing /Users/admin/anaconda3/lib/python3.11/site-packages/airflow/example_dags/example_subdag_operator.py took 0.124 seconds
[2025-05-04T23:38:10.935+0300] {processor.py:161} INFO - Started process (PID=24625) to work on /Users/admin/anaconda3/lib/python3.11/site-packages/airflow/example_dags/example_subdag_operator.py
[2025-05-04T23:38:10.937+0300] {processor.py:830} INFO - Processing file /Users/admin/anaconda3/lib/python3.11/site-packages/airflow/example_dags/example_subdag_operator.py for tasks to queue
[2025-05-04T23:38:10.937+0300] {logging_mixin.py:188} INFO - [2025-05-04T23:38:10.937+0300] {dagbag.py:540} INFO - Filling up the DagBag from /Users/admin/anaconda3/lib/python3.11/site-packages/airflow/example_dags/example_subdag_operator.py
[2025-05-04T23:38:10.991+0300] {processor.py:840} INFO - DAG(s) 'example_subdag_operator.section-1', 'example_subdag_operator.section-2', 'example_subdag_operator' retrieved from /Users/admin/anaconda3/lib/python3.11/site-packages/airflow/example_dags/example_subdag_operator.py
[2025-05-04T23:38:11.035+0300] {logging_mixin.py:188} INFO - [2025-05-04T23:38:11.034+0300] {dag.py:3047} INFO - Sync 3 DAGs
[2025-05-04T23:38:11.044+0300] {logging_mixin.py:188} INFO - [2025-05-04T23:38:11.044+0300] {dag.py:3834} INFO - Setting next_dagrun for example_subdag_operator to 2022-01-01 00:00:00+00:00, run_after=2022-01-01 00:00:00+00:00
[2025-05-04T23:38:11.046+0300] {logging_mixin.py:188} INFO - [2025-05-04T23:38:11.045+0300] {dag.py:3834} INFO - Setting next_dagrun for example_subdag_operator.section-1 to None, run_after=None
[2025-05-04T23:38:11.046+0300] {logging_mixin.py:188} INFO - [2025-05-04T23:38:11.046+0300] {dag.py:3834} INFO - Setting next_dagrun for example_subdag_operator.section-2 to None, run_after=None
[2025-05-04T23:38:11.049+0300] {logging_mixin.py:188} INFO - [2025-05-04T23:38:11.049+0300] {dag.py:3047} INFO - Sync 2 DAGs
[2025-05-04T23:38:11.052+0300] {logging_mixin.py:188} INFO - [2025-05-04T23:38:11.052+0300] {dag.py:3834} INFO - Setting next_dagrun for example_subdag_operator.section-1 to None, run_after=None
[2025-05-04T23:38:11.052+0300] {logging_mixin.py:188} INFO - [2025-05-04T23:38:11.052+0300] {dag.py:3834} INFO - Setting next_dagrun for example_subdag_operator.section-2 to None, run_after=None
[2025-05-04T23:38:11.058+0300] {processor.py:183} INFO - Processing /Users/admin/anaconda3/lib/python3.11/site-packages/airflow/example_dags/example_subdag_operator.py took 0.124 seconds
[2025-05-04T23:39:41.339+0300] {processor.py:161} INFO - Started process (PID=25053) to work on /Users/admin/anaconda3/lib/python3.11/site-packages/airflow/example_dags/example_subdag_operator.py
[2025-05-04T23:39:41.340+0300] {processor.py:830} INFO - Processing file /Users/admin/anaconda3/lib/python3.11/site-packages/airflow/example_dags/example_subdag_operator.py for tasks to queue
[2025-05-04T23:39:41.341+0300] {logging_mixin.py:188} INFO - [2025-05-04T23:39:41.341+0300] {dagbag.py:540} INFO - Filling up the DagBag from /Users/admin/anaconda3/lib/python3.11/site-packages/airflow/example_dags/example_subdag_operator.py
[2025-05-04T23:39:41.418+0300] {processor.py:840} INFO - DAG(s) 'example_subdag_operator.section-1', 'example_subdag_operator.section-2', 'example_subdag_operator' retrieved from /Users/admin/anaconda3/lib/python3.11/site-packages/airflow/example_dags/example_subdag_operator.py
[2025-05-04T23:39:41.478+0300] {logging_mixin.py:188} INFO - [2025-05-04T23:39:41.477+0300] {dag.py:3047} INFO - Sync 3 DAGs
[2025-05-04T23:39:41.489+0300] {logging_mixin.py:188} INFO - [2025-05-04T23:39:41.489+0300] {dag.py:3834} INFO - Setting next_dagrun for example_subdag_operator to 2022-01-01 00:00:00+00:00, run_after=2022-01-01 00:00:00+00:00
[2025-05-04T23:39:41.492+0300] {logging_mixin.py:188} INFO - [2025-05-04T23:39:41.491+0300] {dag.py:3834} INFO - Setting next_dagrun for example_subdag_operator.section-1 to None, run_after=None
[2025-05-04T23:39:41.492+0300] {logging_mixin.py:188} INFO - [2025-05-04T23:39:41.492+0300] {dag.py:3834} INFO - Setting next_dagrun for example_subdag_operator.section-2 to None, run_after=None
[2025-05-04T23:39:41.496+0300] {logging_mixin.py:188} INFO - [2025-05-04T23:39:41.496+0300] {dag.py:3047} INFO - Sync 2 DAGs
[2025-05-04T23:39:41.500+0300] {logging_mixin.py:188} INFO - [2025-05-04T23:39:41.500+0300] {dag.py:3834} INFO - Setting next_dagrun for example_subdag_operator.section-1 to None, run_after=None
[2025-05-04T23:39:41.501+0300] {logging_mixin.py:188} INFO - [2025-05-04T23:39:41.500+0300] {dag.py:3834} INFO - Setting next_dagrun for example_subdag_operator.section-2 to None, run_after=None
[2025-05-04T23:39:41.509+0300] {processor.py:183} INFO - Processing /Users/admin/anaconda3/lib/python3.11/site-packages/airflow/example_dags/example_subdag_operator.py took 0.171 seconds
[2025-05-04T23:41:25.978+0300] {processor.py:161} INFO - Started process (PID=25537) to work on /Users/admin/anaconda3/lib/python3.11/site-packages/airflow/example_dags/example_subdag_operator.py
[2025-05-04T23:41:25.979+0300] {processor.py:830} INFO - Processing file /Users/admin/anaconda3/lib/python3.11/site-packages/airflow/example_dags/example_subdag_operator.py for tasks to queue
[2025-05-04T23:41:25.980+0300] {logging_mixin.py:188} INFO - [2025-05-04T23:41:25.979+0300] {dagbag.py:540} INFO - Filling up the DagBag from /Users/admin/anaconda3/lib/python3.11/site-packages/airflow/example_dags/example_subdag_operator.py
[2025-05-04T23:41:26.047+0300] {processor.py:840} INFO - DAG(s) 'example_subdag_operator.section-1', 'example_subdag_operator.section-2', 'example_subdag_operator' retrieved from /Users/admin/anaconda3/lib/python3.11/site-packages/airflow/example_dags/example_subdag_operator.py
[2025-05-04T23:41:26.092+0300] {logging_mixin.py:188} INFO - [2025-05-04T23:41:26.092+0300] {dag.py:3047} INFO - Sync 3 DAGs
[2025-05-04T23:41:26.102+0300] {logging_mixin.py:188} INFO - [2025-05-04T23:41:26.102+0300] {dag.py:3834} INFO - Setting next_dagrun for example_subdag_operator to 2022-01-01 00:00:00+00:00, run_after=2022-01-01 00:00:00+00:00
[2025-05-04T23:41:26.104+0300] {logging_mixin.py:188} INFO - [2025-05-04T23:41:26.104+0300] {dag.py:3834} INFO - Setting next_dagrun for example_subdag_operator.section-1 to None, run_after=None
[2025-05-04T23:41:26.105+0300] {logging_mixin.py:188} INFO - [2025-05-04T23:41:26.104+0300] {dag.py:3834} INFO - Setting next_dagrun for example_subdag_operator.section-2 to None, run_after=None
[2025-05-04T23:41:26.108+0300] {logging_mixin.py:188} INFO - [2025-05-04T23:41:26.108+0300] {dag.py:3047} INFO - Sync 2 DAGs
[2025-05-04T23:41:26.111+0300] {logging_mixin.py:188} INFO - [2025-05-04T23:41:26.111+0300] {dag.py:3834} INFO - Setting next_dagrun for example_subdag_operator.section-1 to None, run_after=None
[2025-05-04T23:41:26.111+0300] {logging_mixin.py:188} INFO - [2025-05-04T23:41:26.111+0300] {dag.py:3834} INFO - Setting next_dagrun for example_subdag_operator.section-2 to None, run_after=None
[2025-05-04T23:41:26.118+0300] {processor.py:183} INFO - Processing /Users/admin/anaconda3/lib/python3.11/site-packages/airflow/example_dags/example_subdag_operator.py took 0.141 seconds
[2025-05-04T23:43:10.956+0300] {processor.py:161} INFO - Started process (PID=26014) to work on /Users/admin/anaconda3/lib/python3.11/site-packages/airflow/example_dags/example_subdag_operator.py
[2025-05-04T23:43:10.958+0300] {processor.py:830} INFO - Processing file /Users/admin/anaconda3/lib/python3.11/site-packages/airflow/example_dags/example_subdag_operator.py for tasks to queue
[2025-05-04T23:43:10.958+0300] {logging_mixin.py:188} INFO - [2025-05-04T23:43:10.958+0300] {dagbag.py:540} INFO - Filling up the DagBag from /Users/admin/anaconda3/lib/python3.11/site-packages/airflow/example_dags/example_subdag_operator.py
[2025-05-04T23:43:11.016+0300] {processor.py:840} INFO - DAG(s) 'example_subdag_operator.section-1', 'example_subdag_operator.section-2', 'example_subdag_operator' retrieved from /Users/admin/anaconda3/lib/python3.11/site-packages/airflow/example_dags/example_subdag_operator.py
[2025-05-04T23:43:11.067+0300] {logging_mixin.py:188} INFO - [2025-05-04T23:43:11.066+0300] {dag.py:3047} INFO - Sync 3 DAGs
[2025-05-04T23:43:11.078+0300] {logging_mixin.py:188} INFO - [2025-05-04T23:43:11.078+0300] {dag.py:3834} INFO - Setting next_dagrun for example_subdag_operator to 2022-01-01 00:00:00+00:00, run_after=2022-01-01 00:00:00+00:00
[2025-05-04T23:43:11.080+0300] {logging_mixin.py:188} INFO - [2025-05-04T23:43:11.080+0300] {dag.py:3834} INFO - Setting next_dagrun for example_subdag_operator.section-1 to None, run_after=None
[2025-05-04T23:43:11.081+0300] {logging_mixin.py:188} INFO - [2025-05-04T23:43:11.081+0300] {dag.py:3834} INFO - Setting next_dagrun for example_subdag_operator.section-2 to None, run_after=None
[2025-05-04T23:43:11.085+0300] {logging_mixin.py:188} INFO - [2025-05-04T23:43:11.085+0300] {dag.py:3047} INFO - Sync 2 DAGs
[2025-05-04T23:43:11.088+0300] {logging_mixin.py:188} INFO - [2025-05-04T23:43:11.088+0300] {dag.py:3834} INFO - Setting next_dagrun for example_subdag_operator.section-1 to None, run_after=None
[2025-05-04T23:43:11.088+0300] {logging_mixin.py:188} INFO - [2025-05-04T23:43:11.088+0300] {dag.py:3834} INFO - Setting next_dagrun for example_subdag_operator.section-2 to None, run_after=None
[2025-05-04T23:43:11.097+0300] {processor.py:183} INFO - Processing /Users/admin/anaconda3/lib/python3.11/site-packages/airflow/example_dags/example_subdag_operator.py took 0.141 seconds
[2025-05-04T23:44:50.632+0300] {processor.py:161} INFO - Started process (PID=26481) to work on /Users/admin/anaconda3/lib/python3.11/site-packages/airflow/example_dags/example_subdag_operator.py
[2025-05-04T23:44:50.634+0300] {processor.py:830} INFO - Processing file /Users/admin/anaconda3/lib/python3.11/site-packages/airflow/example_dags/example_subdag_operator.py for tasks to queue
[2025-05-04T23:44:50.634+0300] {logging_mixin.py:188} INFO - [2025-05-04T23:44:50.634+0300] {dagbag.py:540} INFO - Filling up the DagBag from /Users/admin/anaconda3/lib/python3.11/site-packages/airflow/example_dags/example_subdag_operator.py
[2025-05-04T23:44:50.687+0300] {processor.py:840} INFO - DAG(s) 'example_subdag_operator.section-1', 'example_subdag_operator.section-2', 'example_subdag_operator' retrieved from /Users/admin/anaconda3/lib/python3.11/site-packages/airflow/example_dags/example_subdag_operator.py
[2025-05-04T23:44:50.729+0300] {logging_mixin.py:188} INFO - [2025-05-04T23:44:50.729+0300] {dag.py:3047} INFO - Sync 3 DAGs
[2025-05-04T23:44:50.738+0300] {logging_mixin.py:188} INFO - [2025-05-04T23:44:50.738+0300] {dag.py:3834} INFO - Setting next_dagrun for example_subdag_operator to 2022-01-01 00:00:00+00:00, run_after=2022-01-01 00:00:00+00:00
[2025-05-04T23:44:50.740+0300] {logging_mixin.py:188} INFO - [2025-05-04T23:44:50.740+0300] {dag.py:3834} INFO - Setting next_dagrun for example_subdag_operator.section-1 to None, run_after=None
[2025-05-04T23:44:50.741+0300] {logging_mixin.py:188} INFO - [2025-05-04T23:44:50.741+0300] {dag.py:3834} INFO - Setting next_dagrun for example_subdag_operator.section-2 to None, run_after=None
[2025-05-04T23:44:50.744+0300] {logging_mixin.py:188} INFO - [2025-05-04T23:44:50.744+0300] {dag.py:3047} INFO - Sync 2 DAGs
[2025-05-04T23:44:50.747+0300] {logging_mixin.py:188} INFO - [2025-05-04T23:44:50.746+0300] {dag.py:3834} INFO - Setting next_dagrun for example_subdag_operator.section-1 to None, run_after=None
[2025-05-04T23:44:50.747+0300] {logging_mixin.py:188} INFO - [2025-05-04T23:44:50.747+0300] {dag.py:3834} INFO - Setting next_dagrun for example_subdag_operator.section-2 to None, run_after=None
[2025-05-04T23:44:50.753+0300] {processor.py:183} INFO - Processing /Users/admin/anaconda3/lib/python3.11/site-packages/airflow/example_dags/example_subdag_operator.py took 0.121 seconds
[2025-05-04T23:46:25.855+0300] {processor.py:161} INFO - Started process (PID=26928) to work on /Users/admin/anaconda3/lib/python3.11/site-packages/airflow/example_dags/example_subdag_operator.py
[2025-05-04T23:46:25.856+0300] {processor.py:830} INFO - Processing file /Users/admin/anaconda3/lib/python3.11/site-packages/airflow/example_dags/example_subdag_operator.py for tasks to queue
[2025-05-04T23:46:25.856+0300] {logging_mixin.py:188} INFO - [2025-05-04T23:46:25.856+0300] {dagbag.py:540} INFO - Filling up the DagBag from /Users/admin/anaconda3/lib/python3.11/site-packages/airflow/example_dags/example_subdag_operator.py
[2025-05-04T23:46:25.909+0300] {processor.py:840} INFO - DAG(s) 'example_subdag_operator.section-1', 'example_subdag_operator.section-2', 'example_subdag_operator' retrieved from /Users/admin/anaconda3/lib/python3.11/site-packages/airflow/example_dags/example_subdag_operator.py
[2025-05-04T23:46:25.951+0300] {logging_mixin.py:188} INFO - [2025-05-04T23:46:25.951+0300] {dag.py:3047} INFO - Sync 3 DAGs
[2025-05-04T23:46:25.960+0300] {logging_mixin.py:188} INFO - [2025-05-04T23:46:25.960+0300] {dag.py:3834} INFO - Setting next_dagrun for example_subdag_operator to 2022-01-01 00:00:00+00:00, run_after=2022-01-01 00:00:00+00:00
[2025-05-04T23:46:25.962+0300] {logging_mixin.py:188} INFO - [2025-05-04T23:46:25.962+0300] {dag.py:3834} INFO - Setting next_dagrun for example_subdag_operator.section-1 to None, run_after=None
[2025-05-04T23:46:25.962+0300] {logging_mixin.py:188} INFO - [2025-05-04T23:46:25.962+0300] {dag.py:3834} INFO - Setting next_dagrun for example_subdag_operator.section-2 to None, run_after=None
[2025-05-04T23:46:25.965+0300] {logging_mixin.py:188} INFO - [2025-05-04T23:46:25.965+0300] {dag.py:3047} INFO - Sync 2 DAGs
[2025-05-04T23:46:25.968+0300] {logging_mixin.py:188} INFO - [2025-05-04T23:46:25.968+0300] {dag.py:3834} INFO - Setting next_dagrun for example_subdag_operator.section-1 to None, run_after=None
[2025-05-04T23:46:25.968+0300] {logging_mixin.py:188} INFO - [2025-05-04T23:46:25.968+0300] {dag.py:3834} INFO - Setting next_dagrun for example_subdag_operator.section-2 to None, run_after=None
[2025-05-04T23:46:25.975+0300] {processor.py:183} INFO - Processing /Users/admin/anaconda3/lib/python3.11/site-packages/airflow/example_dags/example_subdag_operator.py took 0.121 seconds
[2025-05-04T23:47:55.192+0300] {processor.py:161} INFO - Started process (PID=27342) to work on /Users/admin/anaconda3/lib/python3.11/site-packages/airflow/example_dags/example_subdag_operator.py
[2025-05-04T23:47:55.194+0300] {processor.py:830} INFO - Processing file /Users/admin/anaconda3/lib/python3.11/site-packages/airflow/example_dags/example_subdag_operator.py for tasks to queue
[2025-05-04T23:47:55.194+0300] {logging_mixin.py:188} INFO - [2025-05-04T23:47:55.194+0300] {dagbag.py:540} INFO - Filling up the DagBag from /Users/admin/anaconda3/lib/python3.11/site-packages/airflow/example_dags/example_subdag_operator.py
[2025-05-04T23:47:55.248+0300] {processor.py:840} INFO - DAG(s) 'example_subdag_operator.section-1', 'example_subdag_operator.section-2', 'example_subdag_operator' retrieved from /Users/admin/anaconda3/lib/python3.11/site-packages/airflow/example_dags/example_subdag_operator.py
[2025-05-04T23:47:55.290+0300] {logging_mixin.py:188} INFO - [2025-05-04T23:47:55.290+0300] {dag.py:3047} INFO - Sync 3 DAGs
[2025-05-04T23:47:55.300+0300] {logging_mixin.py:188} INFO - [2025-05-04T23:47:55.300+0300] {dag.py:3834} INFO - Setting next_dagrun for example_subdag_operator to 2022-01-01 00:00:00+00:00, run_after=2022-01-01 00:00:00+00:00
[2025-05-04T23:47:55.302+0300] {logging_mixin.py:188} INFO - [2025-05-04T23:47:55.302+0300] {dag.py:3834} INFO - Setting next_dagrun for example_subdag_operator.section-1 to None, run_after=None
[2025-05-04T23:47:55.303+0300] {logging_mixin.py:188} INFO - [2025-05-04T23:47:55.303+0300] {dag.py:3834} INFO - Setting next_dagrun for example_subdag_operator.section-2 to None, run_after=None
[2025-05-04T23:47:55.306+0300] {logging_mixin.py:188} INFO - [2025-05-04T23:47:55.306+0300] {dag.py:3047} INFO - Sync 2 DAGs
[2025-05-04T23:47:55.309+0300] {logging_mixin.py:188} INFO - [2025-05-04T23:47:55.309+0300] {dag.py:3834} INFO - Setting next_dagrun for example_subdag_operator.section-1 to None, run_after=None
[2025-05-04T23:47:55.309+0300] {logging_mixin.py:188} INFO - [2025-05-04T23:47:55.309+0300] {dag.py:3834} INFO - Setting next_dagrun for example_subdag_operator.section-2 to None, run_after=None
[2025-05-04T23:47:55.316+0300] {processor.py:183} INFO - Processing /Users/admin/anaconda3/lib/python3.11/site-packages/airflow/example_dags/example_subdag_operator.py took 0.124 seconds
[2025-05-04T23:49:25.607+0300] {processor.py:161} INFO - Started process (PID=27763) to work on /Users/admin/anaconda3/lib/python3.11/site-packages/airflow/example_dags/example_subdag_operator.py
[2025-05-04T23:49:25.608+0300] {processor.py:830} INFO - Processing file /Users/admin/anaconda3/lib/python3.11/site-packages/airflow/example_dags/example_subdag_operator.py for tasks to queue
[2025-05-04T23:49:25.609+0300] {logging_mixin.py:188} INFO - [2025-05-04T23:49:25.609+0300] {dagbag.py:540} INFO - Filling up the DagBag from /Users/admin/anaconda3/lib/python3.11/site-packages/airflow/example_dags/example_subdag_operator.py
[2025-05-04T23:49:25.662+0300] {processor.py:840} INFO - DAG(s) 'example_subdag_operator.section-1', 'example_subdag_operator.section-2', 'example_subdag_operator' retrieved from /Users/admin/anaconda3/lib/python3.11/site-packages/airflow/example_dags/example_subdag_operator.py
[2025-05-04T23:49:25.706+0300] {logging_mixin.py:188} INFO - [2025-05-04T23:49:25.705+0300] {dag.py:3047} INFO - Sync 3 DAGs
[2025-05-04T23:49:25.715+0300] {logging_mixin.py:188} INFO - [2025-05-04T23:49:25.715+0300] {dag.py:3834} INFO - Setting next_dagrun for example_subdag_operator to 2022-01-01 00:00:00+00:00, run_after=2022-01-01 00:00:00+00:00
[2025-05-04T23:49:25.717+0300] {logging_mixin.py:188} INFO - [2025-05-04T23:49:25.717+0300] {dag.py:3834} INFO - Setting next_dagrun for example_subdag_operator.section-1 to None, run_after=None
[2025-05-04T23:49:25.718+0300] {logging_mixin.py:188} INFO - [2025-05-04T23:49:25.718+0300] {dag.py:3834} INFO - Setting next_dagrun for example_subdag_operator.section-2 to None, run_after=None
[2025-05-04T23:49:25.721+0300] {logging_mixin.py:188} INFO - [2025-05-04T23:49:25.721+0300] {dag.py:3047} INFO - Sync 2 DAGs
[2025-05-04T23:49:25.724+0300] {logging_mixin.py:188} INFO - [2025-05-04T23:49:25.723+0300] {dag.py:3834} INFO - Setting next_dagrun for example_subdag_operator.section-1 to None, run_after=None
[2025-05-04T23:49:25.724+0300] {logging_mixin.py:188} INFO - [2025-05-04T23:49:25.724+0300] {dag.py:3834} INFO - Setting next_dagrun for example_subdag_operator.section-2 to None, run_after=None
[2025-05-04T23:49:25.731+0300] {processor.py:183} INFO - Processing /Users/admin/anaconda3/lib/python3.11/site-packages/airflow/example_dags/example_subdag_operator.py took 0.124 seconds
[2025-05-04T23:50:54.208+0300] {processor.py:161} INFO - Started process (PID=28177) to work on /Users/admin/anaconda3/lib/python3.11/site-packages/airflow/example_dags/example_subdag_operator.py
[2025-05-04T23:50:54.209+0300] {processor.py:830} INFO - Processing file /Users/admin/anaconda3/lib/python3.11/site-packages/airflow/example_dags/example_subdag_operator.py for tasks to queue
[2025-05-04T23:50:54.210+0300] {logging_mixin.py:188} INFO - [2025-05-04T23:50:54.210+0300] {dagbag.py:540} INFO - Filling up the DagBag from /Users/admin/anaconda3/lib/python3.11/site-packages/airflow/example_dags/example_subdag_operator.py
[2025-05-04T23:50:54.262+0300] {processor.py:840} INFO - DAG(s) 'example_subdag_operator.section-1', 'example_subdag_operator.section-2', 'example_subdag_operator' retrieved from /Users/admin/anaconda3/lib/python3.11/site-packages/airflow/example_dags/example_subdag_operator.py
[2025-05-04T23:50:54.305+0300] {logging_mixin.py:188} INFO - [2025-05-04T23:50:54.304+0300] {dag.py:3047} INFO - Sync 3 DAGs
[2025-05-04T23:50:54.314+0300] {logging_mixin.py:188} INFO - [2025-05-04T23:50:54.314+0300] {dag.py:3834} INFO - Setting next_dagrun for example_subdag_operator to 2022-01-01 00:00:00+00:00, run_after=2022-01-01 00:00:00+00:00
[2025-05-04T23:50:54.315+0300] {logging_mixin.py:188} INFO - [2025-05-04T23:50:54.315+0300] {dag.py:3834} INFO - Setting next_dagrun for example_subdag_operator.section-1 to None, run_after=None
[2025-05-04T23:50:54.316+0300] {logging_mixin.py:188} INFO - [2025-05-04T23:50:54.316+0300] {dag.py:3834} INFO - Setting next_dagrun for example_subdag_operator.section-2 to None, run_after=None
[2025-05-04T23:50:54.319+0300] {logging_mixin.py:188} INFO - [2025-05-04T23:50:54.319+0300] {dag.py:3047} INFO - Sync 2 DAGs
[2025-05-04T23:50:54.322+0300] {logging_mixin.py:188} INFO - [2025-05-04T23:50:54.322+0300] {dag.py:3834} INFO - Setting next_dagrun for example_subdag_operator.section-1 to None, run_after=None
[2025-05-04T23:50:54.322+0300] {logging_mixin.py:188} INFO - [2025-05-04T23:50:54.322+0300] {dag.py:3834} INFO - Setting next_dagrun for example_subdag_operator.section-2 to None, run_after=None
[2025-05-04T23:50:54.328+0300] {processor.py:183} INFO - Processing /Users/admin/anaconda3/lib/python3.11/site-packages/airflow/example_dags/example_subdag_operator.py took 0.121 seconds
[2025-05-04T23:52:35.983+0300] {processor.py:161} INFO - Started process (PID=28658) to work on /Users/admin/anaconda3/lib/python3.11/site-packages/airflow/example_dags/example_subdag_operator.py
[2025-05-04T23:52:35.984+0300] {processor.py:830} INFO - Processing file /Users/admin/anaconda3/lib/python3.11/site-packages/airflow/example_dags/example_subdag_operator.py for tasks to queue
[2025-05-04T23:52:35.984+0300] {logging_mixin.py:188} INFO - [2025-05-04T23:52:35.984+0300] {dagbag.py:540} INFO - Filling up the DagBag from /Users/admin/anaconda3/lib/python3.11/site-packages/airflow/example_dags/example_subdag_operator.py
[2025-05-04T23:52:36.036+0300] {processor.py:840} INFO - DAG(s) 'example_subdag_operator.section-1', 'example_subdag_operator.section-2', 'example_subdag_operator' retrieved from /Users/admin/anaconda3/lib/python3.11/site-packages/airflow/example_dags/example_subdag_operator.py
[2025-05-04T23:52:36.079+0300] {logging_mixin.py:188} INFO - [2025-05-04T23:52:36.079+0300] {dag.py:3047} INFO - Sync 3 DAGs
[2025-05-04T23:52:36.088+0300] {logging_mixin.py:188} INFO - [2025-05-04T23:52:36.088+0300] {dag.py:3834} INFO - Setting next_dagrun for example_subdag_operator to 2022-01-01 00:00:00+00:00, run_after=2022-01-01 00:00:00+00:00
[2025-05-04T23:52:36.090+0300] {logging_mixin.py:188} INFO - [2025-05-04T23:52:36.090+0300] {dag.py:3834} INFO - Setting next_dagrun for example_subdag_operator.section-1 to None, run_after=None
[2025-05-04T23:52:36.090+0300] {logging_mixin.py:188} INFO - [2025-05-04T23:52:36.090+0300] {dag.py:3834} INFO - Setting next_dagrun for example_subdag_operator.section-2 to None, run_after=None
[2025-05-04T23:52:36.093+0300] {logging_mixin.py:188} INFO - [2025-05-04T23:52:36.093+0300] {dag.py:3047} INFO - Sync 2 DAGs
[2025-05-04T23:52:36.096+0300] {logging_mixin.py:188} INFO - [2025-05-04T23:52:36.096+0300] {dag.py:3834} INFO - Setting next_dagrun for example_subdag_operator.section-1 to None, run_after=None
[2025-05-04T23:52:36.096+0300] {logging_mixin.py:188} INFO - [2025-05-04T23:52:36.096+0300] {dag.py:3834} INFO - Setting next_dagrun for example_subdag_operator.section-2 to None, run_after=None
[2025-05-04T23:52:36.103+0300] {processor.py:183} INFO - Processing /Users/admin/anaconda3/lib/python3.11/site-packages/airflow/example_dags/example_subdag_operator.py took 0.120 seconds
[2025-05-04T23:58:32.828+0300] {processor.py:161} INFO - Started process (PID=29116) to work on /Users/admin/anaconda3/lib/python3.11/site-packages/airflow/example_dags/example_subdag_operator.py
[2025-05-04T23:58:32.830+0300] {processor.py:830} INFO - Processing file /Users/admin/anaconda3/lib/python3.11/site-packages/airflow/example_dags/example_subdag_operator.py for tasks to queue
[2025-05-04T23:58:32.830+0300] {logging_mixin.py:188} INFO - [2025-05-04T23:58:32.830+0300] {dagbag.py:540} INFO - Filling up the DagBag from /Users/admin/anaconda3/lib/python3.11/site-packages/airflow/example_dags/example_subdag_operator.py
[2025-05-04T23:58:32.883+0300] {processor.py:840} INFO - DAG(s) 'example_subdag_operator.section-1', 'example_subdag_operator.section-2', 'example_subdag_operator' retrieved from /Users/admin/anaconda3/lib/python3.11/site-packages/airflow/example_dags/example_subdag_operator.py
[2025-05-04T23:58:32.927+0300] {logging_mixin.py:188} INFO - [2025-05-04T23:58:32.927+0300] {dag.py:3047} INFO - Sync 3 DAGs
[2025-05-04T23:58:32.936+0300] {logging_mixin.py:188} INFO - [2025-05-04T23:58:32.936+0300] {dag.py:3834} INFO - Setting next_dagrun for example_subdag_operator to 2022-01-01 00:00:00+00:00, run_after=2022-01-01 00:00:00+00:00
[2025-05-04T23:58:32.938+0300] {logging_mixin.py:188} INFO - [2025-05-04T23:58:32.938+0300] {dag.py:3834} INFO - Setting next_dagrun for example_subdag_operator.section-1 to None, run_after=None
[2025-05-04T23:58:32.938+0300] {logging_mixin.py:188} INFO - [2025-05-04T23:58:32.938+0300] {dag.py:3834} INFO - Setting next_dagrun for example_subdag_operator.section-2 to None, run_after=None
[2025-05-04T23:58:32.941+0300] {logging_mixin.py:188} INFO - [2025-05-04T23:58:32.941+0300] {dag.py:3047} INFO - Sync 2 DAGs
[2025-05-04T23:58:32.944+0300] {logging_mixin.py:188} INFO - [2025-05-04T23:58:32.944+0300] {dag.py:3834} INFO - Setting next_dagrun for example_subdag_operator.section-1 to None, run_after=None
[2025-05-04T23:58:32.944+0300] {logging_mixin.py:188} INFO - [2025-05-04T23:58:32.944+0300] {dag.py:3834} INFO - Setting next_dagrun for example_subdag_operator.section-2 to None, run_after=None
[2025-05-04T23:58:32.951+0300] {processor.py:183} INFO - Processing /Users/admin/anaconda3/lib/python3.11/site-packages/airflow/example_dags/example_subdag_operator.py took 0.123 seconds
