[2025-05-04T22:11:01.901+0300] {processor.py:161} INFO - Started process (PID=14136) to work on /Users/admin/anaconda3/lib/python3.11/site-packages/airflow/example_dags/example_trigger_controller_dag.py
[2025-05-04T22:11:01.902+0300] {processor.py:830} INFO - Processing file /Users/admin/anaconda3/lib/python3.11/site-packages/airflow/example_dags/example_trigger_controller_dag.py for tasks to queue
[2025-05-04T22:11:01.902+0300] {logging_mixin.py:188} INFO - [2025-05-04T22:11:01.902+0300] {dagbag.py:540} INFO - Filling up the DagBag from /Users/admin/anaconda3/lib/python3.11/site-packages/airflow/example_dags/example_trigger_controller_dag.py
[2025-05-04T22:11:01.910+0300] {processor.py:840} INFO - DAG(s) 'example_trigger_controller_dag' retrieved from /Users/admin/anaconda3/lib/python3.11/site-packages/airflow/example_dags/example_trigger_controller_dag.py
[2025-05-04T22:11:02.015+0300] {logging_mixin.py:188} INFO - [2025-05-04T22:11:02.014+0300] {dag.py:3047} INFO - Sync 1 DAGs
[2025-05-04T22:11:02.024+0300] {logging_mixin.py:188} INFO - [2025-05-04T22:11:02.024+0300] {dag.py:3834} INFO - Setting next_dagrun for example_trigger_controller_dag to 2021-01-01 00:00:00+00:00, run_after=2021-01-01 00:00:00+00:00
[2025-05-04T22:11:02.035+0300] {processor.py:183} INFO - Processing /Users/admin/anaconda3/lib/python3.11/site-packages/airflow/example_dags/example_trigger_controller_dag.py took 0.134 seconds
[2025-05-04T22:12:57.700+0300] {processor.py:161} INFO - Started process (PID=14684) to work on /Users/admin/anaconda3/lib/python3.11/site-packages/airflow/example_dags/example_trigger_controller_dag.py
[2025-05-04T22:12:57.701+0300] {processor.py:830} INFO - Processing file /Users/admin/anaconda3/lib/python3.11/site-packages/airflow/example_dags/example_trigger_controller_dag.py for tasks to queue
[2025-05-04T22:12:57.702+0300] {logging_mixin.py:188} INFO - [2025-05-04T22:12:57.702+0300] {dagbag.py:540} INFO - Filling up the DagBag from /Users/admin/anaconda3/lib/python3.11/site-packages/airflow/example_dags/example_trigger_controller_dag.py
[2025-05-04T22:12:57.709+0300] {processor.py:840} INFO - DAG(s) 'example_trigger_controller_dag' retrieved from /Users/admin/anaconda3/lib/python3.11/site-packages/airflow/example_dags/example_trigger_controller_dag.py
[2025-05-04T22:12:57.767+0300] {logging_mixin.py:188} INFO - [2025-05-04T22:12:57.767+0300] {dag.py:3047} INFO - Sync 1 DAGs
[2025-05-04T22:12:57.776+0300] {logging_mixin.py:188} INFO - [2025-05-04T22:12:57.776+0300] {dag.py:3834} INFO - Setting next_dagrun for example_trigger_controller_dag to 2021-01-01 00:00:00+00:00, run_after=2021-01-01 00:00:00+00:00
[2025-05-04T22:12:57.786+0300] {processor.py:183} INFO - Processing /Users/admin/anaconda3/lib/python3.11/site-packages/airflow/example_dags/example_trigger_controller_dag.py took 0.087 seconds
[2025-05-04T22:14:18.904+0300] {processor.py:161} INFO - Started process (PID=15074) to work on /Users/admin/anaconda3/lib/python3.11/site-packages/airflow/example_dags/example_trigger_controller_dag.py
[2025-05-04T22:14:18.905+0300] {processor.py:830} INFO - Processing file /Users/admin/anaconda3/lib/python3.11/site-packages/airflow/example_dags/example_trigger_controller_dag.py for tasks to queue
[2025-05-04T22:14:18.906+0300] {logging_mixin.py:188} INFO - [2025-05-04T22:14:18.906+0300] {dagbag.py:540} INFO - Filling up the DagBag from /Users/admin/anaconda3/lib/python3.11/site-packages/airflow/example_dags/example_trigger_controller_dag.py
[2025-05-04T22:14:18.913+0300] {processor.py:840} INFO - DAG(s) 'example_trigger_controller_dag' retrieved from /Users/admin/anaconda3/lib/python3.11/site-packages/airflow/example_dags/example_trigger_controller_dag.py
[2025-05-04T22:14:18.970+0300] {logging_mixin.py:188} INFO - [2025-05-04T22:14:18.970+0300] {dag.py:3047} INFO - Sync 1 DAGs
[2025-05-04T22:14:18.979+0300] {logging_mixin.py:188} INFO - [2025-05-04T22:14:18.979+0300] {dag.py:3834} INFO - Setting next_dagrun for example_trigger_controller_dag to 2021-01-01 00:00:00+00:00, run_after=2021-01-01 00:00:00+00:00
[2025-05-04T22:14:18.989+0300] {processor.py:183} INFO - Processing /Users/admin/anaconda3/lib/python3.11/site-packages/airflow/example_dags/example_trigger_controller_dag.py took 0.086 seconds
[2025-05-04T22:15:39.874+0300] {processor.py:161} INFO - Started process (PID=15450) to work on /Users/admin/anaconda3/lib/python3.11/site-packages/airflow/example_dags/example_trigger_controller_dag.py
[2025-05-04T22:15:39.875+0300] {processor.py:830} INFO - Processing file /Users/admin/anaconda3/lib/python3.11/site-packages/airflow/example_dags/example_trigger_controller_dag.py for tasks to queue
[2025-05-04T22:15:39.875+0300] {logging_mixin.py:188} INFO - [2025-05-04T22:15:39.875+0300] {dagbag.py:540} INFO - Filling up the DagBag from /Users/admin/anaconda3/lib/python3.11/site-packages/airflow/example_dags/example_trigger_controller_dag.py
[2025-05-04T22:15:39.883+0300] {processor.py:840} INFO - DAG(s) 'example_trigger_controller_dag' retrieved from /Users/admin/anaconda3/lib/python3.11/site-packages/airflow/example_dags/example_trigger_controller_dag.py
[2025-05-04T22:15:39.940+0300] {logging_mixin.py:188} INFO - [2025-05-04T22:15:39.940+0300] {dag.py:3047} INFO - Sync 1 DAGs
[2025-05-04T22:15:39.949+0300] {logging_mixin.py:188} INFO - [2025-05-04T22:15:39.949+0300] {dag.py:3834} INFO - Setting next_dagrun for example_trigger_controller_dag to 2021-01-01 00:00:00+00:00, run_after=2021-01-01 00:00:00+00:00
[2025-05-04T22:15:39.959+0300] {processor.py:183} INFO - Processing /Users/admin/anaconda3/lib/python3.11/site-packages/airflow/example_dags/example_trigger_controller_dag.py took 0.086 seconds
[2025-05-04T22:17:04.248+0300] {processor.py:161} INFO - Started process (PID=15854) to work on /Users/admin/anaconda3/lib/python3.11/site-packages/airflow/example_dags/example_trigger_controller_dag.py
[2025-05-04T22:17:04.249+0300] {processor.py:830} INFO - Processing file /Users/admin/anaconda3/lib/python3.11/site-packages/airflow/example_dags/example_trigger_controller_dag.py for tasks to queue
[2025-05-04T22:17:04.250+0300] {logging_mixin.py:188} INFO - [2025-05-04T22:17:04.250+0300] {dagbag.py:540} INFO - Filling up the DagBag from /Users/admin/anaconda3/lib/python3.11/site-packages/airflow/example_dags/example_trigger_controller_dag.py
[2025-05-04T22:17:04.262+0300] {processor.py:840} INFO - DAG(s) 'example_trigger_controller_dag' retrieved from /Users/admin/anaconda3/lib/python3.11/site-packages/airflow/example_dags/example_trigger_controller_dag.py
[2025-05-04T22:17:04.336+0300] {logging_mixin.py:188} INFO - [2025-05-04T22:17:04.336+0300] {dag.py:3047} INFO - Sync 1 DAGs
[2025-05-04T22:17:04.346+0300] {logging_mixin.py:188} INFO - [2025-05-04T22:17:04.346+0300] {dag.py:3834} INFO - Setting next_dagrun for example_trigger_controller_dag to 2021-01-01 00:00:00+00:00, run_after=2021-01-01 00:00:00+00:00
[2025-05-04T22:17:04.358+0300] {processor.py:183} INFO - Processing /Users/admin/anaconda3/lib/python3.11/site-packages/airflow/example_dags/example_trigger_controller_dag.py took 0.112 seconds
[2025-05-04T22:18:30.696+0300] {processor.py:161} INFO - Started process (PID=16270) to work on /Users/admin/anaconda3/lib/python3.11/site-packages/airflow/example_dags/example_trigger_controller_dag.py
[2025-05-04T22:18:30.697+0300] {processor.py:830} INFO - Processing file /Users/admin/anaconda3/lib/python3.11/site-packages/airflow/example_dags/example_trigger_controller_dag.py for tasks to queue
[2025-05-04T22:18:30.697+0300] {logging_mixin.py:188} INFO - [2025-05-04T22:18:30.697+0300] {dagbag.py:540} INFO - Filling up the DagBag from /Users/admin/anaconda3/lib/python3.11/site-packages/airflow/example_dags/example_trigger_controller_dag.py
[2025-05-04T22:18:30.705+0300] {processor.py:840} INFO - DAG(s) 'example_trigger_controller_dag' retrieved from /Users/admin/anaconda3/lib/python3.11/site-packages/airflow/example_dags/example_trigger_controller_dag.py
[2025-05-04T22:18:30.764+0300] {logging_mixin.py:188} INFO - [2025-05-04T22:18:30.764+0300] {dag.py:3047} INFO - Sync 1 DAGs
[2025-05-04T22:18:30.773+0300] {logging_mixin.py:188} INFO - [2025-05-04T22:18:30.773+0300] {dag.py:3834} INFO - Setting next_dagrun for example_trigger_controller_dag to 2021-01-01 00:00:00+00:00, run_after=2021-01-01 00:00:00+00:00
[2025-05-04T22:18:30.784+0300] {processor.py:183} INFO - Processing /Users/admin/anaconda3/lib/python3.11/site-packages/airflow/example_dags/example_trigger_controller_dag.py took 0.089 seconds
[2025-05-04T22:26:44.475+0300] {processor.py:161} INFO - Started process (PID=16708) to work on /Users/admin/anaconda3/lib/python3.11/site-packages/airflow/example_dags/example_trigger_controller_dag.py
[2025-05-04T22:26:44.476+0300] {processor.py:830} INFO - Processing file /Users/admin/anaconda3/lib/python3.11/site-packages/airflow/example_dags/example_trigger_controller_dag.py for tasks to queue
[2025-05-04T22:26:44.477+0300] {logging_mixin.py:188} INFO - [2025-05-04T22:26:44.477+0300] {dagbag.py:540} INFO - Filling up the DagBag from /Users/admin/anaconda3/lib/python3.11/site-packages/airflow/example_dags/example_trigger_controller_dag.py
[2025-05-04T22:26:44.484+0300] {processor.py:840} INFO - DAG(s) 'example_trigger_controller_dag' retrieved from /Users/admin/anaconda3/lib/python3.11/site-packages/airflow/example_dags/example_trigger_controller_dag.py
[2025-05-04T22:26:44.542+0300] {logging_mixin.py:188} INFO - [2025-05-04T22:26:44.542+0300] {dag.py:3047} INFO - Sync 1 DAGs
[2025-05-04T22:26:44.551+0300] {logging_mixin.py:188} INFO - [2025-05-04T22:26:44.551+0300] {dag.py:3834} INFO - Setting next_dagrun for example_trigger_controller_dag to 2021-01-01 00:00:00+00:00, run_after=2021-01-01 00:00:00+00:00
[2025-05-04T22:26:44.561+0300] {processor.py:183} INFO - Processing /Users/admin/anaconda3/lib/python3.11/site-packages/airflow/example_dags/example_trigger_controller_dag.py took 0.086 seconds
[2025-05-04T22:28:08.084+0300] {processor.py:161} INFO - Started process (PID=17094) to work on /Users/admin/anaconda3/lib/python3.11/site-packages/airflow/example_dags/example_trigger_controller_dag.py
[2025-05-04T22:28:08.086+0300] {processor.py:830} INFO - Processing file /Users/admin/anaconda3/lib/python3.11/site-packages/airflow/example_dags/example_trigger_controller_dag.py for tasks to queue
[2025-05-04T22:28:08.086+0300] {logging_mixin.py:188} INFO - [2025-05-04T22:28:08.086+0300] {dagbag.py:540} INFO - Filling up the DagBag from /Users/admin/anaconda3/lib/python3.11/site-packages/airflow/example_dags/example_trigger_controller_dag.py
[2025-05-04T22:28:08.093+0300] {processor.py:840} INFO - DAG(s) 'example_trigger_controller_dag' retrieved from /Users/admin/anaconda3/lib/python3.11/site-packages/airflow/example_dags/example_trigger_controller_dag.py
[2025-05-04T22:28:08.151+0300] {logging_mixin.py:188} INFO - [2025-05-04T22:28:08.151+0300] {dag.py:3047} INFO - Sync 1 DAGs
[2025-05-04T22:28:08.160+0300] {logging_mixin.py:188} INFO - [2025-05-04T22:28:08.160+0300] {dag.py:3834} INFO - Setting next_dagrun for example_trigger_controller_dag to 2021-01-01 00:00:00+00:00, run_after=2021-01-01 00:00:00+00:00
[2025-05-04T22:28:08.171+0300] {processor.py:183} INFO - Processing /Users/admin/anaconda3/lib/python3.11/site-packages/airflow/example_dags/example_trigger_controller_dag.py took 0.087 seconds
[2025-05-04T22:29:29.810+0300] {processor.py:161} INFO - Started process (PID=17474) to work on /Users/admin/anaconda3/lib/python3.11/site-packages/airflow/example_dags/example_trigger_controller_dag.py
[2025-05-04T22:29:29.811+0300] {processor.py:830} INFO - Processing file /Users/admin/anaconda3/lib/python3.11/site-packages/airflow/example_dags/example_trigger_controller_dag.py for tasks to queue
[2025-05-04T22:29:29.812+0300] {logging_mixin.py:188} INFO - [2025-05-04T22:29:29.812+0300] {dagbag.py:540} INFO - Filling up the DagBag from /Users/admin/anaconda3/lib/python3.11/site-packages/airflow/example_dags/example_trigger_controller_dag.py
[2025-05-04T22:29:29.819+0300] {processor.py:840} INFO - DAG(s) 'example_trigger_controller_dag' retrieved from /Users/admin/anaconda3/lib/python3.11/site-packages/airflow/example_dags/example_trigger_controller_dag.py
[2025-05-04T22:29:29.877+0300] {logging_mixin.py:188} INFO - [2025-05-04T22:29:29.876+0300] {dag.py:3047} INFO - Sync 1 DAGs
[2025-05-04T22:29:29.885+0300] {logging_mixin.py:188} INFO - [2025-05-04T22:29:29.885+0300] {dag.py:3834} INFO - Setting next_dagrun for example_trigger_controller_dag to 2021-01-01 00:00:00+00:00, run_after=2021-01-01 00:00:00+00:00
[2025-05-04T22:29:29.895+0300] {processor.py:183} INFO - Processing /Users/admin/anaconda3/lib/python3.11/site-packages/airflow/example_dags/example_trigger_controller_dag.py took 0.086 seconds
[2025-05-04T22:30:50.381+0300] {processor.py:161} INFO - Started process (PID=17876) to work on /Users/admin/anaconda3/lib/python3.11/site-packages/airflow/example_dags/example_trigger_controller_dag.py
[2025-05-04T22:30:50.383+0300] {processor.py:830} INFO - Processing file /Users/admin/anaconda3/lib/python3.11/site-packages/airflow/example_dags/example_trigger_controller_dag.py for tasks to queue
[2025-05-04T22:30:50.383+0300] {logging_mixin.py:188} INFO - [2025-05-04T22:30:50.383+0300] {dagbag.py:540} INFO - Filling up the DagBag from /Users/admin/anaconda3/lib/python3.11/site-packages/airflow/example_dags/example_trigger_controller_dag.py
[2025-05-04T22:30:50.391+0300] {processor.py:840} INFO - DAG(s) 'example_trigger_controller_dag' retrieved from /Users/admin/anaconda3/lib/python3.11/site-packages/airflow/example_dags/example_trigger_controller_dag.py
[2025-05-04T22:30:50.449+0300] {logging_mixin.py:188} INFO - [2025-05-04T22:30:50.448+0300] {dag.py:3047} INFO - Sync 1 DAGs
[2025-05-04T22:30:50.458+0300] {logging_mixin.py:188} INFO - [2025-05-04T22:30:50.458+0300] {dag.py:3834} INFO - Setting next_dagrun for example_trigger_controller_dag to 2021-01-01 00:00:00+00:00, run_after=2021-01-01 00:00:00+00:00
[2025-05-04T22:30:50.468+0300] {processor.py:183} INFO - Processing /Users/admin/anaconda3/lib/python3.11/site-packages/airflow/example_dags/example_trigger_controller_dag.py took 0.088 seconds
[2025-05-04T23:16:07.726+0300] {processor.py:161} INFO - Started process (PID=18352) to work on /Users/admin/anaconda3/lib/python3.11/site-packages/airflow/example_dags/example_trigger_controller_dag.py
[2025-05-04T23:16:07.727+0300] {processor.py:830} INFO - Processing file /Users/admin/anaconda3/lib/python3.11/site-packages/airflow/example_dags/example_trigger_controller_dag.py for tasks to queue
[2025-05-04T23:16:07.728+0300] {logging_mixin.py:188} INFO - [2025-05-04T23:16:07.727+0300] {dagbag.py:540} INFO - Filling up the DagBag from /Users/admin/anaconda3/lib/python3.11/site-packages/airflow/example_dags/example_trigger_controller_dag.py
[2025-05-04T23:16:07.736+0300] {processor.py:840} INFO - DAG(s) 'example_trigger_controller_dag' retrieved from /Users/admin/anaconda3/lib/python3.11/site-packages/airflow/example_dags/example_trigger_controller_dag.py
[2025-05-04T23:16:07.803+0300] {logging_mixin.py:188} INFO - [2025-05-04T23:16:07.803+0300] {dag.py:3047} INFO - Sync 1 DAGs
[2025-05-04T23:16:07.814+0300] {logging_mixin.py:188} INFO - [2025-05-04T23:16:07.814+0300] {dag.py:3834} INFO - Setting next_dagrun for example_trigger_controller_dag to 2021-01-01 00:00:00+00:00, run_after=2021-01-01 00:00:00+00:00
[2025-05-04T23:16:07.825+0300] {processor.py:183} INFO - Processing /Users/admin/anaconda3/lib/python3.11/site-packages/airflow/example_dags/example_trigger_controller_dag.py took 0.100 seconds
[2025-05-04T23:17:30.918+0300] {processor.py:161} INFO - Started process (PID=18746) to work on /Users/admin/anaconda3/lib/python3.11/site-packages/airflow/example_dags/example_trigger_controller_dag.py
[2025-05-04T23:17:30.919+0300] {processor.py:830} INFO - Processing file /Users/admin/anaconda3/lib/python3.11/site-packages/airflow/example_dags/example_trigger_controller_dag.py for tasks to queue
[2025-05-04T23:17:30.919+0300] {logging_mixin.py:188} INFO - [2025-05-04T23:17:30.919+0300] {dagbag.py:540} INFO - Filling up the DagBag from /Users/admin/anaconda3/lib/python3.11/site-packages/airflow/example_dags/example_trigger_controller_dag.py
[2025-05-04T23:17:30.927+0300] {processor.py:840} INFO - DAG(s) 'example_trigger_controller_dag' retrieved from /Users/admin/anaconda3/lib/python3.11/site-packages/airflow/example_dags/example_trigger_controller_dag.py
[2025-05-04T23:17:30.985+0300] {logging_mixin.py:188} INFO - [2025-05-04T23:17:30.985+0300] {dag.py:3047} INFO - Sync 1 DAGs
[2025-05-04T23:17:30.994+0300] {logging_mixin.py:188} INFO - [2025-05-04T23:17:30.994+0300] {dag.py:3834} INFO - Setting next_dagrun for example_trigger_controller_dag to 2021-01-01 00:00:00+00:00, run_after=2021-01-01 00:00:00+00:00
[2025-05-04T23:17:31.004+0300] {processor.py:183} INFO - Processing /Users/admin/anaconda3/lib/python3.11/site-packages/airflow/example_dags/example_trigger_controller_dag.py took 0.087 seconds
[2025-05-04T23:18:54.556+0300] {processor.py:161} INFO - Started process (PID=19146) to work on /Users/admin/anaconda3/lib/python3.11/site-packages/airflow/example_dags/example_trigger_controller_dag.py
[2025-05-04T23:18:54.557+0300] {processor.py:830} INFO - Processing file /Users/admin/anaconda3/lib/python3.11/site-packages/airflow/example_dags/example_trigger_controller_dag.py for tasks to queue
[2025-05-04T23:18:54.558+0300] {logging_mixin.py:188} INFO - [2025-05-04T23:18:54.558+0300] {dagbag.py:540} INFO - Filling up the DagBag from /Users/admin/anaconda3/lib/python3.11/site-packages/airflow/example_dags/example_trigger_controller_dag.py
[2025-05-04T23:18:54.565+0300] {processor.py:840} INFO - DAG(s) 'example_trigger_controller_dag' retrieved from /Users/admin/anaconda3/lib/python3.11/site-packages/airflow/example_dags/example_trigger_controller_dag.py
[2025-05-04T23:18:54.623+0300] {logging_mixin.py:188} INFO - [2025-05-04T23:18:54.622+0300] {dag.py:3047} INFO - Sync 1 DAGs
[2025-05-04T23:18:54.632+0300] {logging_mixin.py:188} INFO - [2025-05-04T23:18:54.631+0300] {dag.py:3834} INFO - Setting next_dagrun for example_trigger_controller_dag to 2021-01-01 00:00:00+00:00, run_after=2021-01-01 00:00:00+00:00
[2025-05-04T23:18:54.642+0300] {processor.py:183} INFO - Processing /Users/admin/anaconda3/lib/python3.11/site-packages/airflow/example_dags/example_trigger_controller_dag.py took 0.086 seconds
[2025-05-04T23:20:15.252+0300] {processor.py:161} INFO - Started process (PID=19521) to work on /Users/admin/anaconda3/lib/python3.11/site-packages/airflow/example_dags/example_trigger_controller_dag.py
[2025-05-04T23:20:15.253+0300] {processor.py:830} INFO - Processing file /Users/admin/anaconda3/lib/python3.11/site-packages/airflow/example_dags/example_trigger_controller_dag.py for tasks to queue
[2025-05-04T23:20:15.254+0300] {logging_mixin.py:188} INFO - [2025-05-04T23:20:15.254+0300] {dagbag.py:540} INFO - Filling up the DagBag from /Users/admin/anaconda3/lib/python3.11/site-packages/airflow/example_dags/example_trigger_controller_dag.py
[2025-05-04T23:20:15.261+0300] {processor.py:840} INFO - DAG(s) 'example_trigger_controller_dag' retrieved from /Users/admin/anaconda3/lib/python3.11/site-packages/airflow/example_dags/example_trigger_controller_dag.py
[2025-05-04T23:20:15.319+0300] {logging_mixin.py:188} INFO - [2025-05-04T23:20:15.318+0300] {dag.py:3047} INFO - Sync 1 DAGs
[2025-05-04T23:20:15.328+0300] {logging_mixin.py:188} INFO - [2025-05-04T23:20:15.328+0300] {dag.py:3834} INFO - Setting next_dagrun for example_trigger_controller_dag to 2021-01-01 00:00:00+00:00, run_after=2021-01-01 00:00:00+00:00
[2025-05-04T23:20:15.338+0300] {processor.py:183} INFO - Processing /Users/admin/anaconda3/lib/python3.11/site-packages/airflow/example_dags/example_trigger_controller_dag.py took 0.086 seconds
[2025-05-04T23:21:43.286+0300] {processor.py:161} INFO - Started process (PID=19940) to work on /Users/admin/anaconda3/lib/python3.11/site-packages/airflow/example_dags/example_trigger_controller_dag.py
[2025-05-04T23:21:43.288+0300] {processor.py:830} INFO - Processing file /Users/admin/anaconda3/lib/python3.11/site-packages/airflow/example_dags/example_trigger_controller_dag.py for tasks to queue
[2025-05-04T23:21:43.288+0300] {logging_mixin.py:188} INFO - [2025-05-04T23:21:43.288+0300] {dagbag.py:540} INFO - Filling up the DagBag from /Users/admin/anaconda3/lib/python3.11/site-packages/airflow/example_dags/example_trigger_controller_dag.py
[2025-05-04T23:21:43.295+0300] {processor.py:840} INFO - DAG(s) 'example_trigger_controller_dag' retrieved from /Users/admin/anaconda3/lib/python3.11/site-packages/airflow/example_dags/example_trigger_controller_dag.py
[2025-05-04T23:21:43.353+0300] {logging_mixin.py:188} INFO - [2025-05-04T23:21:43.353+0300] {dag.py:3047} INFO - Sync 1 DAGs
[2025-05-04T23:21:43.365+0300] {logging_mixin.py:188} INFO - [2025-05-04T23:21:43.364+0300] {dag.py:3834} INFO - Setting next_dagrun for example_trigger_controller_dag to 2021-01-01 00:00:00+00:00, run_after=2021-01-01 00:00:00+00:00
[2025-05-04T23:21:43.376+0300] {processor.py:183} INFO - Processing /Users/admin/anaconda3/lib/python3.11/site-packages/airflow/example_dags/example_trigger_controller_dag.py took 0.091 seconds
[2025-05-04T23:23:13.554+0300] {processor.py:161} INFO - Started process (PID=20358) to work on /Users/admin/anaconda3/lib/python3.11/site-packages/airflow/example_dags/example_trigger_controller_dag.py
[2025-05-04T23:23:13.555+0300] {processor.py:830} INFO - Processing file /Users/admin/anaconda3/lib/python3.11/site-packages/airflow/example_dags/example_trigger_controller_dag.py for tasks to queue
[2025-05-04T23:23:13.555+0300] {logging_mixin.py:188} INFO - [2025-05-04T23:23:13.555+0300] {dagbag.py:540} INFO - Filling up the DagBag from /Users/admin/anaconda3/lib/python3.11/site-packages/airflow/example_dags/example_trigger_controller_dag.py
[2025-05-04T23:23:13.562+0300] {processor.py:840} INFO - DAG(s) 'example_trigger_controller_dag' retrieved from /Users/admin/anaconda3/lib/python3.11/site-packages/airflow/example_dags/example_trigger_controller_dag.py
[2025-05-04T23:23:13.620+0300] {logging_mixin.py:188} INFO - [2025-05-04T23:23:13.619+0300] {dag.py:3047} INFO - Sync 1 DAGs
[2025-05-04T23:23:13.629+0300] {logging_mixin.py:188} INFO - [2025-05-04T23:23:13.629+0300] {dag.py:3834} INFO - Setting next_dagrun for example_trigger_controller_dag to 2021-01-01 00:00:00+00:00, run_after=2021-01-01 00:00:00+00:00
[2025-05-04T23:23:13.639+0300] {processor.py:183} INFO - Processing /Users/admin/anaconda3/lib/python3.11/site-packages/airflow/example_dags/example_trigger_controller_dag.py took 0.086 seconds
[2025-05-04T23:24:40.497+0300] {processor.py:161} INFO - Started process (PID=20766) to work on /Users/admin/anaconda3/lib/python3.11/site-packages/airflow/example_dags/example_trigger_controller_dag.py
[2025-05-04T23:24:40.498+0300] {processor.py:830} INFO - Processing file /Users/admin/anaconda3/lib/python3.11/site-packages/airflow/example_dags/example_trigger_controller_dag.py for tasks to queue
[2025-05-04T23:24:40.499+0300] {logging_mixin.py:188} INFO - [2025-05-04T23:24:40.499+0300] {dagbag.py:540} INFO - Filling up the DagBag from /Users/admin/anaconda3/lib/python3.11/site-packages/airflow/example_dags/example_trigger_controller_dag.py
[2025-05-04T23:24:40.506+0300] {processor.py:840} INFO - DAG(s) 'example_trigger_controller_dag' retrieved from /Users/admin/anaconda3/lib/python3.11/site-packages/airflow/example_dags/example_trigger_controller_dag.py
[2025-05-04T23:24:40.564+0300] {logging_mixin.py:188} INFO - [2025-05-04T23:24:40.563+0300] {dag.py:3047} INFO - Sync 1 DAGs
[2025-05-04T23:24:40.573+0300] {logging_mixin.py:188} INFO - [2025-05-04T23:24:40.572+0300] {dag.py:3834} INFO - Setting next_dagrun for example_trigger_controller_dag to 2021-01-01 00:00:00+00:00, run_after=2021-01-01 00:00:00+00:00
[2025-05-04T23:24:40.582+0300] {processor.py:183} INFO - Processing /Users/admin/anaconda3/lib/python3.11/site-packages/airflow/example_dags/example_trigger_controller_dag.py took 0.086 seconds
[2025-05-04T23:26:06.719+0300] {processor.py:161} INFO - Started process (PID=21172) to work on /Users/admin/anaconda3/lib/python3.11/site-packages/airflow/example_dags/example_trigger_controller_dag.py
[2025-05-04T23:26:06.721+0300] {processor.py:830} INFO - Processing file /Users/admin/anaconda3/lib/python3.11/site-packages/airflow/example_dags/example_trigger_controller_dag.py for tasks to queue
[2025-05-04T23:26:06.721+0300] {logging_mixin.py:188} INFO - [2025-05-04T23:26:06.721+0300] {dagbag.py:540} INFO - Filling up the DagBag from /Users/admin/anaconda3/lib/python3.11/site-packages/airflow/example_dags/example_trigger_controller_dag.py
[2025-05-04T23:26:06.728+0300] {processor.py:840} INFO - DAG(s) 'example_trigger_controller_dag' retrieved from /Users/admin/anaconda3/lib/python3.11/site-packages/airflow/example_dags/example_trigger_controller_dag.py
[2025-05-04T23:26:06.821+0300] {logging_mixin.py:188} INFO - [2025-05-04T23:26:06.821+0300] {dag.py:3047} INFO - Sync 1 DAGs
[2025-05-04T23:26:06.852+0300] {logging_mixin.py:188} INFO - [2025-05-04T23:26:06.851+0300] {dag.py:3834} INFO - Setting next_dagrun for example_trigger_controller_dag to 2021-01-01 00:00:00+00:00, run_after=2021-01-01 00:00:00+00:00
[2025-05-04T23:26:06.935+0300] {processor.py:183} INFO - Processing /Users/admin/anaconda3/lib/python3.11/site-packages/airflow/example_dags/example_trigger_controller_dag.py took 0.217 seconds
[2025-05-04T23:27:32.459+0300] {processor.py:161} INFO - Started process (PID=21584) to work on /Users/admin/anaconda3/lib/python3.11/site-packages/airflow/example_dags/example_trigger_controller_dag.py
[2025-05-04T23:27:32.460+0300] {processor.py:830} INFO - Processing file /Users/admin/anaconda3/lib/python3.11/site-packages/airflow/example_dags/example_trigger_controller_dag.py for tasks to queue
[2025-05-04T23:27:32.460+0300] {logging_mixin.py:188} INFO - [2025-05-04T23:27:32.460+0300] {dagbag.py:540} INFO - Filling up the DagBag from /Users/admin/anaconda3/lib/python3.11/site-packages/airflow/example_dags/example_trigger_controller_dag.py
[2025-05-04T23:27:32.468+0300] {processor.py:840} INFO - DAG(s) 'example_trigger_controller_dag' retrieved from /Users/admin/anaconda3/lib/python3.11/site-packages/airflow/example_dags/example_trigger_controller_dag.py
[2025-05-04T23:27:32.526+0300] {logging_mixin.py:188} INFO - [2025-05-04T23:27:32.525+0300] {dag.py:3047} INFO - Sync 1 DAGs
[2025-05-04T23:27:32.535+0300] {logging_mixin.py:188} INFO - [2025-05-04T23:27:32.535+0300] {dag.py:3834} INFO - Setting next_dagrun for example_trigger_controller_dag to 2021-01-01 00:00:00+00:00, run_after=2021-01-01 00:00:00+00:00
[2025-05-04T23:27:32.545+0300] {processor.py:183} INFO - Processing /Users/admin/anaconda3/lib/python3.11/site-packages/airflow/example_dags/example_trigger_controller_dag.py took 0.087 seconds
[2025-05-04T23:29:01.850+0300] {processor.py:161} INFO - Started process (PID=22000) to work on /Users/admin/anaconda3/lib/python3.11/site-packages/airflow/example_dags/example_trigger_controller_dag.py
[2025-05-04T23:29:01.851+0300] {processor.py:830} INFO - Processing file /Users/admin/anaconda3/lib/python3.11/site-packages/airflow/example_dags/example_trigger_controller_dag.py for tasks to queue
[2025-05-04T23:29:01.851+0300] {logging_mixin.py:188} INFO - [2025-05-04T23:29:01.851+0300] {dagbag.py:540} INFO - Filling up the DagBag from /Users/admin/anaconda3/lib/python3.11/site-packages/airflow/example_dags/example_trigger_controller_dag.py
[2025-05-04T23:29:01.859+0300] {processor.py:840} INFO - DAG(s) 'example_trigger_controller_dag' retrieved from /Users/admin/anaconda3/lib/python3.11/site-packages/airflow/example_dags/example_trigger_controller_dag.py
[2025-05-04T23:29:01.917+0300] {logging_mixin.py:188} INFO - [2025-05-04T23:29:01.916+0300] {dag.py:3047} INFO - Sync 1 DAGs
[2025-05-04T23:29:01.927+0300] {logging_mixin.py:188} INFO - [2025-05-04T23:29:01.927+0300] {dag.py:3834} INFO - Setting next_dagrun for example_trigger_controller_dag to 2021-01-01 00:00:00+00:00, run_after=2021-01-01 00:00:00+00:00
[2025-05-04T23:29:01.939+0300] {processor.py:183} INFO - Processing /Users/admin/anaconda3/lib/python3.11/site-packages/airflow/example_dags/example_trigger_controller_dag.py took 0.090 seconds
[2025-05-04T23:30:29.274+0300] {processor.py:161} INFO - Started process (PID=22435) to work on /Users/admin/anaconda3/lib/python3.11/site-packages/airflow/example_dags/example_trigger_controller_dag.py
[2025-05-04T23:30:29.276+0300] {processor.py:830} INFO - Processing file /Users/admin/anaconda3/lib/python3.11/site-packages/airflow/example_dags/example_trigger_controller_dag.py for tasks to queue
[2025-05-04T23:30:29.276+0300] {logging_mixin.py:188} INFO - [2025-05-04T23:30:29.276+0300] {dagbag.py:540} INFO - Filling up the DagBag from /Users/admin/anaconda3/lib/python3.11/site-packages/airflow/example_dags/example_trigger_controller_dag.py
[2025-05-04T23:30:29.283+0300] {processor.py:840} INFO - DAG(s) 'example_trigger_controller_dag' retrieved from /Users/admin/anaconda3/lib/python3.11/site-packages/airflow/example_dags/example_trigger_controller_dag.py
[2025-05-04T23:30:29.341+0300] {logging_mixin.py:188} INFO - [2025-05-04T23:30:29.340+0300] {dag.py:3047} INFO - Sync 1 DAGs
[2025-05-04T23:30:29.350+0300] {logging_mixin.py:188} INFO - [2025-05-04T23:30:29.350+0300] {dag.py:3834} INFO - Setting next_dagrun for example_trigger_controller_dag to 2021-01-01 00:00:00+00:00, run_after=2021-01-01 00:00:00+00:00
[2025-05-04T23:30:29.360+0300] {processor.py:183} INFO - Processing /Users/admin/anaconda3/lib/python3.11/site-packages/airflow/example_dags/example_trigger_controller_dag.py took 0.086 seconds
[2025-05-04T23:32:00.893+0300] {processor.py:161} INFO - Started process (PID=22860) to work on /Users/admin/anaconda3/lib/python3.11/site-packages/airflow/example_dags/example_trigger_controller_dag.py
[2025-05-04T23:32:00.894+0300] {processor.py:830} INFO - Processing file /Users/admin/anaconda3/lib/python3.11/site-packages/airflow/example_dags/example_trigger_controller_dag.py for tasks to queue
[2025-05-04T23:32:00.895+0300] {logging_mixin.py:188} INFO - [2025-05-04T23:32:00.895+0300] {dagbag.py:540} INFO - Filling up the DagBag from /Users/admin/anaconda3/lib/python3.11/site-packages/airflow/example_dags/example_trigger_controller_dag.py
[2025-05-04T23:32:00.903+0300] {processor.py:840} INFO - DAG(s) 'example_trigger_controller_dag' retrieved from /Users/admin/anaconda3/lib/python3.11/site-packages/airflow/example_dags/example_trigger_controller_dag.py
[2025-05-04T23:32:00.964+0300] {logging_mixin.py:188} INFO - [2025-05-04T23:32:00.963+0300] {dag.py:3047} INFO - Sync 1 DAGs
[2025-05-04T23:32:00.974+0300] {logging_mixin.py:188} INFO - [2025-05-04T23:32:00.974+0300] {dag.py:3834} INFO - Setting next_dagrun for example_trigger_controller_dag to 2021-01-01 00:00:00+00:00, run_after=2021-01-01 00:00:00+00:00
[2025-05-04T23:32:00.984+0300] {processor.py:183} INFO - Processing /Users/admin/anaconda3/lib/python3.11/site-packages/airflow/example_dags/example_trigger_controller_dag.py took 0.092 seconds
[2025-05-04T23:33:29.261+0300] {processor.py:161} INFO - Started process (PID=23272) to work on /Users/admin/anaconda3/lib/python3.11/site-packages/airflow/example_dags/example_trigger_controller_dag.py
[2025-05-04T23:33:29.262+0300] {processor.py:830} INFO - Processing file /Users/admin/anaconda3/lib/python3.11/site-packages/airflow/example_dags/example_trigger_controller_dag.py for tasks to queue
[2025-05-04T23:33:29.262+0300] {logging_mixin.py:188} INFO - [2025-05-04T23:33:29.262+0300] {dagbag.py:540} INFO - Filling up the DagBag from /Users/admin/anaconda3/lib/python3.11/site-packages/airflow/example_dags/example_trigger_controller_dag.py
[2025-05-04T23:33:29.269+0300] {processor.py:840} INFO - DAG(s) 'example_trigger_controller_dag' retrieved from /Users/admin/anaconda3/lib/python3.11/site-packages/airflow/example_dags/example_trigger_controller_dag.py
[2025-05-04T23:33:29.327+0300] {logging_mixin.py:188} INFO - [2025-05-04T23:33:29.327+0300] {dag.py:3047} INFO - Sync 1 DAGs
[2025-05-04T23:33:29.336+0300] {logging_mixin.py:188} INFO - [2025-05-04T23:33:29.336+0300] {dag.py:3834} INFO - Setting next_dagrun for example_trigger_controller_dag to 2021-01-01 00:00:00+00:00, run_after=2021-01-01 00:00:00+00:00
[2025-05-04T23:33:29.346+0300] {processor.py:183} INFO - Processing /Users/admin/anaconda3/lib/python3.11/site-packages/airflow/example_dags/example_trigger_controller_dag.py took 0.086 seconds
[2025-05-04T23:35:00.763+0300] {processor.py:161} INFO - Started process (PID=23705) to work on /Users/admin/anaconda3/lib/python3.11/site-packages/airflow/example_dags/example_trigger_controller_dag.py
[2025-05-04T23:35:00.765+0300] {processor.py:830} INFO - Processing file /Users/admin/anaconda3/lib/python3.11/site-packages/airflow/example_dags/example_trigger_controller_dag.py for tasks to queue
[2025-05-04T23:35:00.765+0300] {logging_mixin.py:188} INFO - [2025-05-04T23:35:00.765+0300] {dagbag.py:540} INFO - Filling up the DagBag from /Users/admin/anaconda3/lib/python3.11/site-packages/airflow/example_dags/example_trigger_controller_dag.py
[2025-05-04T23:35:00.772+0300] {processor.py:840} INFO - DAG(s) 'example_trigger_controller_dag' retrieved from /Users/admin/anaconda3/lib/python3.11/site-packages/airflow/example_dags/example_trigger_controller_dag.py
[2025-05-04T23:35:00.830+0300] {logging_mixin.py:188} INFO - [2025-05-04T23:35:00.830+0300] {dag.py:3047} INFO - Sync 1 DAGs
[2025-05-04T23:35:00.839+0300] {logging_mixin.py:188} INFO - [2025-05-04T23:35:00.839+0300] {dag.py:3834} INFO - Setting next_dagrun for example_trigger_controller_dag to 2021-01-01 00:00:00+00:00, run_after=2021-01-01 00:00:00+00:00
[2025-05-04T23:35:00.849+0300] {processor.py:183} INFO - Processing /Users/admin/anaconda3/lib/python3.11/site-packages/airflow/example_dags/example_trigger_controller_dag.py took 0.087 seconds
[2025-05-04T23:36:32.381+0300] {processor.py:161} INFO - Started process (PID=24149) to work on /Users/admin/anaconda3/lib/python3.11/site-packages/airflow/example_dags/example_trigger_controller_dag.py
[2025-05-04T23:36:32.382+0300] {processor.py:830} INFO - Processing file /Users/admin/anaconda3/lib/python3.11/site-packages/airflow/example_dags/example_trigger_controller_dag.py for tasks to queue
[2025-05-04T23:36:32.383+0300] {logging_mixin.py:188} INFO - [2025-05-04T23:36:32.383+0300] {dagbag.py:540} INFO - Filling up the DagBag from /Users/admin/anaconda3/lib/python3.11/site-packages/airflow/example_dags/example_trigger_controller_dag.py
[2025-05-04T23:36:32.390+0300] {processor.py:840} INFO - DAG(s) 'example_trigger_controller_dag' retrieved from /Users/admin/anaconda3/lib/python3.11/site-packages/airflow/example_dags/example_trigger_controller_dag.py
[2025-05-04T23:36:32.450+0300] {logging_mixin.py:188} INFO - [2025-05-04T23:36:32.450+0300] {dag.py:3047} INFO - Sync 1 DAGs
[2025-05-04T23:36:32.459+0300] {logging_mixin.py:188} INFO - [2025-05-04T23:36:32.459+0300] {dag.py:3834} INFO - Setting next_dagrun for example_trigger_controller_dag to 2021-01-01 00:00:00+00:00, run_after=2021-01-01 00:00:00+00:00
[2025-05-04T23:36:32.470+0300] {processor.py:183} INFO - Processing /Users/admin/anaconda3/lib/python3.11/site-packages/airflow/example_dags/example_trigger_controller_dag.py took 0.089 seconds
[2025-05-04T23:38:02.488+0300] {processor.py:161} INFO - Started process (PID=24583) to work on /Users/admin/anaconda3/lib/python3.11/site-packages/airflow/example_dags/example_trigger_controller_dag.py
[2025-05-04T23:38:02.490+0300] {processor.py:830} INFO - Processing file /Users/admin/anaconda3/lib/python3.11/site-packages/airflow/example_dags/example_trigger_controller_dag.py for tasks to queue
[2025-05-04T23:38:02.490+0300] {logging_mixin.py:188} INFO - [2025-05-04T23:38:02.490+0300] {dagbag.py:540} INFO - Filling up the DagBag from /Users/admin/anaconda3/lib/python3.11/site-packages/airflow/example_dags/example_trigger_controller_dag.py
[2025-05-04T23:38:02.497+0300] {processor.py:840} INFO - DAG(s) 'example_trigger_controller_dag' retrieved from /Users/admin/anaconda3/lib/python3.11/site-packages/airflow/example_dags/example_trigger_controller_dag.py
[2025-05-04T23:38:02.555+0300] {logging_mixin.py:188} INFO - [2025-05-04T23:38:02.555+0300] {dag.py:3047} INFO - Sync 1 DAGs
[2025-05-04T23:38:02.564+0300] {logging_mixin.py:188} INFO - [2025-05-04T23:38:02.564+0300] {dag.py:3834} INFO - Setting next_dagrun for example_trigger_controller_dag to 2021-01-01 00:00:00+00:00, run_after=2021-01-01 00:00:00+00:00
[2025-05-04T23:38:02.574+0300] {processor.py:183} INFO - Processing /Users/admin/anaconda3/lib/python3.11/site-packages/airflow/example_dags/example_trigger_controller_dag.py took 0.087 seconds
[2025-05-04T23:39:32.861+0300] {processor.py:161} INFO - Started process (PID=25016) to work on /Users/admin/anaconda3/lib/python3.11/site-packages/airflow/example_dags/example_trigger_controller_dag.py
[2025-05-04T23:39:32.862+0300] {processor.py:830} INFO - Processing file /Users/admin/anaconda3/lib/python3.11/site-packages/airflow/example_dags/example_trigger_controller_dag.py for tasks to queue
[2025-05-04T23:39:32.862+0300] {logging_mixin.py:188} INFO - [2025-05-04T23:39:32.862+0300] {dagbag.py:540} INFO - Filling up the DagBag from /Users/admin/anaconda3/lib/python3.11/site-packages/airflow/example_dags/example_trigger_controller_dag.py
[2025-05-04T23:39:32.869+0300] {processor.py:840} INFO - DAG(s) 'example_trigger_controller_dag' retrieved from /Users/admin/anaconda3/lib/python3.11/site-packages/airflow/example_dags/example_trigger_controller_dag.py
[2025-05-04T23:39:32.926+0300] {logging_mixin.py:188} INFO - [2025-05-04T23:39:32.926+0300] {dag.py:3047} INFO - Sync 1 DAGs
[2025-05-04T23:39:32.935+0300] {logging_mixin.py:188} INFO - [2025-05-04T23:39:32.935+0300] {dag.py:3834} INFO - Setting next_dagrun for example_trigger_controller_dag to 2021-01-01 00:00:00+00:00, run_after=2021-01-01 00:00:00+00:00
[2025-05-04T23:39:32.946+0300] {processor.py:183} INFO - Processing /Users/admin/anaconda3/lib/python3.11/site-packages/airflow/example_dags/example_trigger_controller_dag.py took 0.086 seconds
[2025-05-04T23:41:14.658+0300] {processor.py:161} INFO - Started process (PID=25486) to work on /Users/admin/anaconda3/lib/python3.11/site-packages/airflow/example_dags/example_trigger_controller_dag.py
[2025-05-04T23:41:14.660+0300] {processor.py:830} INFO - Processing file /Users/admin/anaconda3/lib/python3.11/site-packages/airflow/example_dags/example_trigger_controller_dag.py for tasks to queue
[2025-05-04T23:41:14.660+0300] {logging_mixin.py:188} INFO - [2025-05-04T23:41:14.660+0300] {dagbag.py:540} INFO - Filling up the DagBag from /Users/admin/anaconda3/lib/python3.11/site-packages/airflow/example_dags/example_trigger_controller_dag.py
[2025-05-04T23:41:14.667+0300] {processor.py:840} INFO - DAG(s) 'example_trigger_controller_dag' retrieved from /Users/admin/anaconda3/lib/python3.11/site-packages/airflow/example_dags/example_trigger_controller_dag.py
[2025-05-04T23:41:14.727+0300] {logging_mixin.py:188} INFO - [2025-05-04T23:41:14.726+0300] {dag.py:3047} INFO - Sync 1 DAGs
[2025-05-04T23:41:14.736+0300] {logging_mixin.py:188} INFO - [2025-05-04T23:41:14.736+0300] {dag.py:3834} INFO - Setting next_dagrun for example_trigger_controller_dag to 2021-01-01 00:00:00+00:00, run_after=2021-01-01 00:00:00+00:00
[2025-05-04T23:41:14.747+0300] {processor.py:183} INFO - Processing /Users/admin/anaconda3/lib/python3.11/site-packages/airflow/example_dags/example_trigger_controller_dag.py took 0.090 seconds
[2025-05-04T23:42:59.902+0300] {processor.py:161} INFO - Started process (PID=25969) to work on /Users/admin/anaconda3/lib/python3.11/site-packages/airflow/example_dags/example_trigger_controller_dag.py
[2025-05-04T23:42:59.903+0300] {processor.py:830} INFO - Processing file /Users/admin/anaconda3/lib/python3.11/site-packages/airflow/example_dags/example_trigger_controller_dag.py for tasks to queue
[2025-05-04T23:42:59.904+0300] {logging_mixin.py:188} INFO - [2025-05-04T23:42:59.903+0300] {dagbag.py:540} INFO - Filling up the DagBag from /Users/admin/anaconda3/lib/python3.11/site-packages/airflow/example_dags/example_trigger_controller_dag.py
[2025-05-04T23:42:59.914+0300] {processor.py:840} INFO - DAG(s) 'example_trigger_controller_dag' retrieved from /Users/admin/anaconda3/lib/python3.11/site-packages/airflow/example_dags/example_trigger_controller_dag.py
[2025-05-04T23:42:59.988+0300] {logging_mixin.py:188} INFO - [2025-05-04T23:42:59.987+0300] {dag.py:3047} INFO - Sync 1 DAGs
[2025-05-04T23:43:00.000+0300] {logging_mixin.py:188} INFO - [2025-05-04T23:43:00.000+0300] {dag.py:3834} INFO - Setting next_dagrun for example_trigger_controller_dag to 2021-01-01 00:00:00+00:00, run_after=2021-01-01 00:00:00+00:00
[2025-05-04T23:43:00.016+0300] {processor.py:183} INFO - Processing /Users/admin/anaconda3/lib/python3.11/site-packages/airflow/example_dags/example_trigger_controller_dag.py took 0.115 seconds
[2025-05-04T23:44:41.535+0300] {processor.py:161} INFO - Started process (PID=26439) to work on /Users/admin/anaconda3/lib/python3.11/site-packages/airflow/example_dags/example_trigger_controller_dag.py
[2025-05-04T23:44:41.536+0300] {processor.py:830} INFO - Processing file /Users/admin/anaconda3/lib/python3.11/site-packages/airflow/example_dags/example_trigger_controller_dag.py for tasks to queue
[2025-05-04T23:44:41.537+0300] {logging_mixin.py:188} INFO - [2025-05-04T23:44:41.537+0300] {dagbag.py:540} INFO - Filling up the DagBag from /Users/admin/anaconda3/lib/python3.11/site-packages/airflow/example_dags/example_trigger_controller_dag.py
[2025-05-04T23:44:41.549+0300] {processor.py:840} INFO - DAG(s) 'example_trigger_controller_dag' retrieved from /Users/admin/anaconda3/lib/python3.11/site-packages/airflow/example_dags/example_trigger_controller_dag.py
[2025-05-04T23:44:41.622+0300] {logging_mixin.py:188} INFO - [2025-05-04T23:44:41.622+0300] {dag.py:3047} INFO - Sync 1 DAGs
[2025-05-04T23:44:41.633+0300] {logging_mixin.py:188} INFO - [2025-05-04T23:44:41.633+0300] {dag.py:3834} INFO - Setting next_dagrun for example_trigger_controller_dag to 2021-01-01 00:00:00+00:00, run_after=2021-01-01 00:00:00+00:00
[2025-05-04T23:44:41.647+0300] {processor.py:183} INFO - Processing /Users/admin/anaconda3/lib/python3.11/site-packages/airflow/example_dags/example_trigger_controller_dag.py took 0.113 seconds
[2025-05-04T23:46:17.054+0300] {processor.py:161} INFO - Started process (PID=26884) to work on /Users/admin/anaconda3/lib/python3.11/site-packages/airflow/example_dags/example_trigger_controller_dag.py
[2025-05-04T23:46:17.055+0300] {processor.py:830} INFO - Processing file /Users/admin/anaconda3/lib/python3.11/site-packages/airflow/example_dags/example_trigger_controller_dag.py for tasks to queue
[2025-05-04T23:46:17.056+0300] {logging_mixin.py:188} INFO - [2025-05-04T23:46:17.056+0300] {dagbag.py:540} INFO - Filling up the DagBag from /Users/admin/anaconda3/lib/python3.11/site-packages/airflow/example_dags/example_trigger_controller_dag.py
[2025-05-04T23:46:17.063+0300] {processor.py:840} INFO - DAG(s) 'example_trigger_controller_dag' retrieved from /Users/admin/anaconda3/lib/python3.11/site-packages/airflow/example_dags/example_trigger_controller_dag.py
[2025-05-04T23:46:17.122+0300] {logging_mixin.py:188} INFO - [2025-05-04T23:46:17.122+0300] {dag.py:3047} INFO - Sync 1 DAGs
[2025-05-04T23:46:17.131+0300] {logging_mixin.py:188} INFO - [2025-05-04T23:46:17.131+0300] {dag.py:3834} INFO - Setting next_dagrun for example_trigger_controller_dag to 2021-01-01 00:00:00+00:00, run_after=2021-01-01 00:00:00+00:00
[2025-05-04T23:46:17.141+0300] {processor.py:183} INFO - Processing /Users/admin/anaconda3/lib/python3.11/site-packages/airflow/example_dags/example_trigger_controller_dag.py took 0.088 seconds
[2025-05-04T23:47:46.317+0300] {processor.py:161} INFO - Started process (PID=27306) to work on /Users/admin/anaconda3/lib/python3.11/site-packages/airflow/example_dags/example_trigger_controller_dag.py
[2025-05-04T23:47:46.318+0300] {processor.py:830} INFO - Processing file /Users/admin/anaconda3/lib/python3.11/site-packages/airflow/example_dags/example_trigger_controller_dag.py for tasks to queue
[2025-05-04T23:47:46.319+0300] {logging_mixin.py:188} INFO - [2025-05-04T23:47:46.319+0300] {dagbag.py:540} INFO - Filling up the DagBag from /Users/admin/anaconda3/lib/python3.11/site-packages/airflow/example_dags/example_trigger_controller_dag.py
[2025-05-04T23:47:46.326+0300] {processor.py:840} INFO - DAG(s) 'example_trigger_controller_dag' retrieved from /Users/admin/anaconda3/lib/python3.11/site-packages/airflow/example_dags/example_trigger_controller_dag.py
[2025-05-04T23:47:46.383+0300] {logging_mixin.py:188} INFO - [2025-05-04T23:47:46.383+0300] {dag.py:3047} INFO - Sync 1 DAGs
[2025-05-04T23:47:46.392+0300] {logging_mixin.py:188} INFO - [2025-05-04T23:47:46.392+0300] {dag.py:3834} INFO - Setting next_dagrun for example_trigger_controller_dag to 2021-01-01 00:00:00+00:00, run_after=2021-01-01 00:00:00+00:00
[2025-05-04T23:47:46.402+0300] {processor.py:183} INFO - Processing /Users/admin/anaconda3/lib/python3.11/site-packages/airflow/example_dags/example_trigger_controller_dag.py took 0.086 seconds
[2025-05-04T23:49:15.707+0300] {processor.py:161} INFO - Started process (PID=27720) to work on /Users/admin/anaconda3/lib/python3.11/site-packages/airflow/example_dags/example_trigger_controller_dag.py
[2025-05-04T23:49:15.708+0300] {processor.py:830} INFO - Processing file /Users/admin/anaconda3/lib/python3.11/site-packages/airflow/example_dags/example_trigger_controller_dag.py for tasks to queue
[2025-05-04T23:49:15.708+0300] {logging_mixin.py:188} INFO - [2025-05-04T23:49:15.708+0300] {dagbag.py:540} INFO - Filling up the DagBag from /Users/admin/anaconda3/lib/python3.11/site-packages/airflow/example_dags/example_trigger_controller_dag.py
[2025-05-04T23:49:15.715+0300] {processor.py:840} INFO - DAG(s) 'example_trigger_controller_dag' retrieved from /Users/admin/anaconda3/lib/python3.11/site-packages/airflow/example_dags/example_trigger_controller_dag.py
[2025-05-04T23:49:15.772+0300] {logging_mixin.py:188} INFO - [2025-05-04T23:49:15.772+0300] {dag.py:3047} INFO - Sync 1 DAGs
[2025-05-04T23:49:15.782+0300] {logging_mixin.py:188} INFO - [2025-05-04T23:49:15.781+0300] {dag.py:3834} INFO - Setting next_dagrun for example_trigger_controller_dag to 2021-01-01 00:00:00+00:00, run_after=2021-01-01 00:00:00+00:00
[2025-05-04T23:49:15.792+0300] {processor.py:183} INFO - Processing /Users/admin/anaconda3/lib/python3.11/site-packages/airflow/example_dags/example_trigger_controller_dag.py took 0.086 seconds
[2025-05-04T23:50:44.287+0300] {processor.py:161} INFO - Started process (PID=28132) to work on /Users/admin/anaconda3/lib/python3.11/site-packages/airflow/example_dags/example_trigger_controller_dag.py
[2025-05-04T23:50:44.288+0300] {processor.py:830} INFO - Processing file /Users/admin/anaconda3/lib/python3.11/site-packages/airflow/example_dags/example_trigger_controller_dag.py for tasks to queue
[2025-05-04T23:50:44.288+0300] {logging_mixin.py:188} INFO - [2025-05-04T23:50:44.288+0300] {dagbag.py:540} INFO - Filling up the DagBag from /Users/admin/anaconda3/lib/python3.11/site-packages/airflow/example_dags/example_trigger_controller_dag.py
[2025-05-04T23:50:44.295+0300] {processor.py:840} INFO - DAG(s) 'example_trigger_controller_dag' retrieved from /Users/admin/anaconda3/lib/python3.11/site-packages/airflow/example_dags/example_trigger_controller_dag.py
[2025-05-04T23:50:44.353+0300] {logging_mixin.py:188} INFO - [2025-05-04T23:50:44.353+0300] {dag.py:3047} INFO - Sync 1 DAGs
[2025-05-04T23:50:44.362+0300] {logging_mixin.py:188} INFO - [2025-05-04T23:50:44.362+0300] {dag.py:3834} INFO - Setting next_dagrun for example_trigger_controller_dag to 2021-01-01 00:00:00+00:00, run_after=2021-01-01 00:00:00+00:00
[2025-05-04T23:50:44.372+0300] {processor.py:183} INFO - Processing /Users/admin/anaconda3/lib/python3.11/site-packages/airflow/example_dags/example_trigger_controller_dag.py took 0.086 seconds
[2025-05-04T23:52:27.986+0300] {processor.py:161} INFO - Started process (PID=28614) to work on /Users/admin/anaconda3/lib/python3.11/site-packages/airflow/example_dags/example_trigger_controller_dag.py
[2025-05-04T23:52:27.987+0300] {processor.py:830} INFO - Processing file /Users/admin/anaconda3/lib/python3.11/site-packages/airflow/example_dags/example_trigger_controller_dag.py for tasks to queue
[2025-05-04T23:52:27.987+0300] {logging_mixin.py:188} INFO - [2025-05-04T23:52:27.987+0300] {dagbag.py:540} INFO - Filling up the DagBag from /Users/admin/anaconda3/lib/python3.11/site-packages/airflow/example_dags/example_trigger_controller_dag.py
[2025-05-04T23:52:27.994+0300] {processor.py:840} INFO - DAG(s) 'example_trigger_controller_dag' retrieved from /Users/admin/anaconda3/lib/python3.11/site-packages/airflow/example_dags/example_trigger_controller_dag.py
[2025-05-04T23:52:28.052+0300] {logging_mixin.py:188} INFO - [2025-05-04T23:52:28.052+0300] {dag.py:3047} INFO - Sync 1 DAGs
[2025-05-04T23:52:28.061+0300] {logging_mixin.py:188} INFO - [2025-05-04T23:52:28.061+0300] {dag.py:3834} INFO - Setting next_dagrun for example_trigger_controller_dag to 2021-01-01 00:00:00+00:00, run_after=2021-01-01 00:00:00+00:00
[2025-05-04T23:52:28.072+0300] {processor.py:183} INFO - Processing /Users/admin/anaconda3/lib/python3.11/site-packages/airflow/example_dags/example_trigger_controller_dag.py took 0.087 seconds
[2025-05-04T23:58:24.401+0300] {processor.py:161} INFO - Started process (PID=29074) to work on /Users/admin/anaconda3/lib/python3.11/site-packages/airflow/example_dags/example_trigger_controller_dag.py
[2025-05-04T23:58:24.401+0300] {processor.py:830} INFO - Processing file /Users/admin/anaconda3/lib/python3.11/site-packages/airflow/example_dags/example_trigger_controller_dag.py for tasks to queue
[2025-05-04T23:58:24.402+0300] {logging_mixin.py:188} INFO - [2025-05-04T23:58:24.402+0300] {dagbag.py:540} INFO - Filling up the DagBag from /Users/admin/anaconda3/lib/python3.11/site-packages/airflow/example_dags/example_trigger_controller_dag.py
[2025-05-04T23:58:24.409+0300] {processor.py:840} INFO - DAG(s) 'example_trigger_controller_dag' retrieved from /Users/admin/anaconda3/lib/python3.11/site-packages/airflow/example_dags/example_trigger_controller_dag.py
[2025-05-04T23:58:24.466+0300] {logging_mixin.py:188} INFO - [2025-05-04T23:58:24.466+0300] {dag.py:3047} INFO - Sync 1 DAGs
[2025-05-04T23:58:24.476+0300] {logging_mixin.py:188} INFO - [2025-05-04T23:58:24.475+0300] {dag.py:3834} INFO - Setting next_dagrun for example_trigger_controller_dag to 2021-01-01 00:00:00+00:00, run_after=2021-01-01 00:00:00+00:00
[2025-05-04T23:58:24.486+0300] {processor.py:183} INFO - Processing /Users/admin/anaconda3/lib/python3.11/site-packages/airflow/example_dags/example_trigger_controller_dag.py took 0.085 seconds
