[2025-05-04T22:11:18.465+0300] {processor.py:161} INFO - Started process (PID=14220) to work on /Users/admin/anaconda3/lib/python3.11/site-packages/airflow/example_dags/example_short_circuit_operator.py
[2025-05-04T22:11:18.465+0300] {processor.py:830} INFO - Processing file /Users/admin/anaconda3/lib/python3.11/site-packages/airflow/example_dags/example_short_circuit_operator.py for tasks to queue
[2025-05-04T22:11:18.466+0300] {logging_mixin.py:188} INFO - [2025-05-04T22:11:18.466+0300] {dagbag.py:540} INFO - Filling up the DagBag from /Users/admin/anaconda3/lib/python3.11/site-packages/airflow/example_dags/example_short_circuit_operator.py
[2025-05-04T22:11:18.483+0300] {processor.py:840} INFO - DAG(s) 'example_short_circuit_operator' retrieved from /Users/admin/anaconda3/lib/python3.11/site-packages/airflow/example_dags/example_short_circuit_operator.py
[2025-05-04T22:11:18.593+0300] {logging_mixin.py:188} INFO - [2025-05-04T22:11:18.592+0300] {dag.py:3047} INFO - Sync 1 DAGs
[2025-05-04T22:11:18.602+0300] {logging_mixin.py:188} INFO - [2025-05-04T22:11:18.601+0300] {dag.py:3834} INFO - Setting next_dagrun for example_short_circuit_operator to 2025-05-03 00:00:00+00:00, run_after=2025-05-04 00:00:00+00:00
[2025-05-04T22:11:18.612+0300] {processor.py:183} INFO - Processing /Users/admin/anaconda3/lib/python3.11/site-packages/airflow/example_dags/example_short_circuit_operator.py took 0.148 seconds
[2025-05-04T22:13:12.140+0300] {processor.py:161} INFO - Started process (PID=14745) to work on /Users/admin/anaconda3/lib/python3.11/site-packages/airflow/example_dags/example_short_circuit_operator.py
[2025-05-04T22:13:12.142+0300] {processor.py:830} INFO - Processing file /Users/admin/anaconda3/lib/python3.11/site-packages/airflow/example_dags/example_short_circuit_operator.py for tasks to queue
[2025-05-04T22:13:12.142+0300] {logging_mixin.py:188} INFO - [2025-05-04T22:13:12.142+0300] {dagbag.py:540} INFO - Filling up the DagBag from /Users/admin/anaconda3/lib/python3.11/site-packages/airflow/example_dags/example_short_circuit_operator.py
[2025-05-04T22:13:12.158+0300] {processor.py:840} INFO - DAG(s) 'example_short_circuit_operator' retrieved from /Users/admin/anaconda3/lib/python3.11/site-packages/airflow/example_dags/example_short_circuit_operator.py
[2025-05-04T22:13:12.219+0300] {logging_mixin.py:188} INFO - [2025-05-04T22:13:12.219+0300] {dag.py:3047} INFO - Sync 1 DAGs
[2025-05-04T22:13:12.229+0300] {logging_mixin.py:188} INFO - [2025-05-04T22:13:12.228+0300] {dag.py:3834} INFO - Setting next_dagrun for example_short_circuit_operator to 2025-05-03 00:00:00+00:00, run_after=2025-05-04 00:00:00+00:00
[2025-05-04T22:13:12.239+0300] {processor.py:183} INFO - Processing /Users/admin/anaconda3/lib/python3.11/site-packages/airflow/example_dags/example_short_circuit_operator.py took 0.100 seconds
[2025-05-04T22:14:33.046+0300] {processor.py:161} INFO - Started process (PID=15135) to work on /Users/admin/anaconda3/lib/python3.11/site-packages/airflow/example_dags/example_short_circuit_operator.py
[2025-05-04T22:14:33.047+0300] {processor.py:830} INFO - Processing file /Users/admin/anaconda3/lib/python3.11/site-packages/airflow/example_dags/example_short_circuit_operator.py for tasks to queue
[2025-05-04T22:14:33.047+0300] {logging_mixin.py:188} INFO - [2025-05-04T22:14:33.047+0300] {dagbag.py:540} INFO - Filling up the DagBag from /Users/admin/anaconda3/lib/python3.11/site-packages/airflow/example_dags/example_short_circuit_operator.py
[2025-05-04T22:14:33.063+0300] {processor.py:840} INFO - DAG(s) 'example_short_circuit_operator' retrieved from /Users/admin/anaconda3/lib/python3.11/site-packages/airflow/example_dags/example_short_circuit_operator.py
[2025-05-04T22:14:33.125+0300] {logging_mixin.py:188} INFO - [2025-05-04T22:14:33.124+0300] {dag.py:3047} INFO - Sync 1 DAGs
[2025-05-04T22:14:33.134+0300] {logging_mixin.py:188} INFO - [2025-05-04T22:14:33.134+0300] {dag.py:3834} INFO - Setting next_dagrun for example_short_circuit_operator to 2025-05-03 00:00:00+00:00, run_after=2025-05-04 00:00:00+00:00
[2025-05-04T22:14:33.145+0300] {processor.py:183} INFO - Processing /Users/admin/anaconda3/lib/python3.11/site-packages/airflow/example_dags/example_short_circuit_operator.py took 0.099 seconds
[2025-05-04T22:15:55.502+0300] {processor.py:161} INFO - Started process (PID=15522) to work on /Users/admin/anaconda3/lib/python3.11/site-packages/airflow/example_dags/example_short_circuit_operator.py
[2025-05-04T22:15:55.503+0300] {processor.py:830} INFO - Processing file /Users/admin/anaconda3/lib/python3.11/site-packages/airflow/example_dags/example_short_circuit_operator.py for tasks to queue
[2025-05-04T22:15:55.503+0300] {logging_mixin.py:188} INFO - [2025-05-04T22:15:55.503+0300] {dagbag.py:540} INFO - Filling up the DagBag from /Users/admin/anaconda3/lib/python3.11/site-packages/airflow/example_dags/example_short_circuit_operator.py
[2025-05-04T22:15:55.519+0300] {processor.py:840} INFO - DAG(s) 'example_short_circuit_operator' retrieved from /Users/admin/anaconda3/lib/python3.11/site-packages/airflow/example_dags/example_short_circuit_operator.py
[2025-05-04T22:15:55.581+0300] {logging_mixin.py:188} INFO - [2025-05-04T22:15:55.581+0300] {dag.py:3047} INFO - Sync 1 DAGs
[2025-05-04T22:15:55.591+0300] {logging_mixin.py:188} INFO - [2025-05-04T22:15:55.590+0300] {dag.py:3834} INFO - Setting next_dagrun for example_short_circuit_operator to 2025-05-03 00:00:00+00:00, run_after=2025-05-04 00:00:00+00:00
[2025-05-04T22:15:55.601+0300] {processor.py:183} INFO - Processing /Users/admin/anaconda3/lib/python3.11/site-packages/airflow/example_dags/example_short_circuit_operator.py took 0.100 seconds
[2025-05-04T22:17:19.844+0300] {processor.py:161} INFO - Started process (PID=15937) to work on /Users/admin/anaconda3/lib/python3.11/site-packages/airflow/example_dags/example_short_circuit_operator.py
[2025-05-04T22:17:19.846+0300] {processor.py:830} INFO - Processing file /Users/admin/anaconda3/lib/python3.11/site-packages/airflow/example_dags/example_short_circuit_operator.py for tasks to queue
[2025-05-04T22:17:19.846+0300] {logging_mixin.py:188} INFO - [2025-05-04T22:17:19.846+0300] {dagbag.py:540} INFO - Filling up the DagBag from /Users/admin/anaconda3/lib/python3.11/site-packages/airflow/example_dags/example_short_circuit_operator.py
[2025-05-04T22:17:19.863+0300] {processor.py:840} INFO - DAG(s) 'example_short_circuit_operator' retrieved from /Users/admin/anaconda3/lib/python3.11/site-packages/airflow/example_dags/example_short_circuit_operator.py
[2025-05-04T22:17:19.924+0300] {logging_mixin.py:188} INFO - [2025-05-04T22:17:19.924+0300] {dag.py:3047} INFO - Sync 1 DAGs
[2025-05-04T22:17:19.933+0300] {logging_mixin.py:188} INFO - [2025-05-04T22:17:19.933+0300] {dag.py:3834} INFO - Setting next_dagrun for example_short_circuit_operator to 2025-05-03 00:00:00+00:00, run_after=2025-05-04 00:00:00+00:00
[2025-05-04T22:17:19.944+0300] {processor.py:183} INFO - Processing /Users/admin/anaconda3/lib/python3.11/site-packages/airflow/example_dags/example_short_circuit_operator.py took 0.100 seconds
[2025-05-04T22:25:38.299+0300] {processor.py:161} INFO - Started process (PID=16387) to work on /Users/admin/anaconda3/lib/python3.11/site-packages/airflow/example_dags/example_short_circuit_operator.py
[2025-05-04T22:25:38.300+0300] {processor.py:830} INFO - Processing file /Users/admin/anaconda3/lib/python3.11/site-packages/airflow/example_dags/example_short_circuit_operator.py for tasks to queue
[2025-05-04T22:25:38.301+0300] {logging_mixin.py:188} INFO - [2025-05-04T22:25:38.300+0300] {dagbag.py:540} INFO - Filling up the DagBag from /Users/admin/anaconda3/lib/python3.11/site-packages/airflow/example_dags/example_short_circuit_operator.py
[2025-05-04T22:25:38.317+0300] {processor.py:840} INFO - DAG(s) 'example_short_circuit_operator' retrieved from /Users/admin/anaconda3/lib/python3.11/site-packages/airflow/example_dags/example_short_circuit_operator.py
[2025-05-04T22:25:38.378+0300] {logging_mixin.py:188} INFO - [2025-05-04T22:25:38.378+0300] {dag.py:3047} INFO - Sync 1 DAGs
[2025-05-04T22:25:38.387+0300] {logging_mixin.py:188} INFO - [2025-05-04T22:25:38.387+0300] {dag.py:3834} INFO - Setting next_dagrun for example_short_circuit_operator to 2025-05-03 00:00:00+00:00, run_after=2025-05-04 00:00:00+00:00
[2025-05-04T22:25:38.398+0300] {processor.py:183} INFO - Processing /Users/admin/anaconda3/lib/python3.11/site-packages/airflow/example_dags/example_short_circuit_operator.py took 0.100 seconds
[2025-05-04T22:26:59.744+0300] {processor.py:161} INFO - Started process (PID=16778) to work on /Users/admin/anaconda3/lib/python3.11/site-packages/airflow/example_dags/example_short_circuit_operator.py
[2025-05-04T22:26:59.745+0300] {processor.py:830} INFO - Processing file /Users/admin/anaconda3/lib/python3.11/site-packages/airflow/example_dags/example_short_circuit_operator.py for tasks to queue
[2025-05-04T22:26:59.745+0300] {logging_mixin.py:188} INFO - [2025-05-04T22:26:59.745+0300] {dagbag.py:540} INFO - Filling up the DagBag from /Users/admin/anaconda3/lib/python3.11/site-packages/airflow/example_dags/example_short_circuit_operator.py
[2025-05-04T22:26:59.762+0300] {processor.py:840} INFO - DAG(s) 'example_short_circuit_operator' retrieved from /Users/admin/anaconda3/lib/python3.11/site-packages/airflow/example_dags/example_short_circuit_operator.py
[2025-05-04T22:26:59.824+0300] {logging_mixin.py:188} INFO - [2025-05-04T22:26:59.823+0300] {dag.py:3047} INFO - Sync 1 DAGs
[2025-05-04T22:26:59.833+0300] {logging_mixin.py:188} INFO - [2025-05-04T22:26:59.833+0300] {dag.py:3834} INFO - Setting next_dagrun for example_short_circuit_operator to 2025-05-03 00:00:00+00:00, run_after=2025-05-04 00:00:00+00:00
[2025-05-04T22:26:59.844+0300] {processor.py:183} INFO - Processing /Users/admin/anaconda3/lib/python3.11/site-packages/airflow/example_dags/example_short_circuit_operator.py took 0.101 seconds
[2025-05-04T22:28:22.465+0300] {processor.py:161} INFO - Started process (PID=17163) to work on /Users/admin/anaconda3/lib/python3.11/site-packages/airflow/example_dags/example_short_circuit_operator.py
[2025-05-04T22:28:22.466+0300] {processor.py:830} INFO - Processing file /Users/admin/anaconda3/lib/python3.11/site-packages/airflow/example_dags/example_short_circuit_operator.py for tasks to queue
[2025-05-04T22:28:22.467+0300] {logging_mixin.py:188} INFO - [2025-05-04T22:28:22.467+0300] {dagbag.py:540} INFO - Filling up the DagBag from /Users/admin/anaconda3/lib/python3.11/site-packages/airflow/example_dags/example_short_circuit_operator.py
[2025-05-04T22:28:22.483+0300] {processor.py:840} INFO - DAG(s) 'example_short_circuit_operator' retrieved from /Users/admin/anaconda3/lib/python3.11/site-packages/airflow/example_dags/example_short_circuit_operator.py
[2025-05-04T22:28:22.545+0300] {logging_mixin.py:188} INFO - [2025-05-04T22:28:22.545+0300] {dag.py:3047} INFO - Sync 1 DAGs
[2025-05-04T22:28:22.555+0300] {logging_mixin.py:188} INFO - [2025-05-04T22:28:22.555+0300] {dag.py:3834} INFO - Setting next_dagrun for example_short_circuit_operator to 2025-05-03 00:00:00+00:00, run_after=2025-05-04 00:00:00+00:00
[2025-05-04T22:28:22.566+0300] {processor.py:183} INFO - Processing /Users/admin/anaconda3/lib/python3.11/site-packages/airflow/example_dags/example_short_circuit_operator.py took 0.101 seconds
[2025-05-04T22:29:44.159+0300] {processor.py:161} INFO - Started process (PID=17544) to work on /Users/admin/anaconda3/lib/python3.11/site-packages/airflow/example_dags/example_short_circuit_operator.py
[2025-05-04T22:29:44.160+0300] {processor.py:830} INFO - Processing file /Users/admin/anaconda3/lib/python3.11/site-packages/airflow/example_dags/example_short_circuit_operator.py for tasks to queue
[2025-05-04T22:29:44.160+0300] {logging_mixin.py:188} INFO - [2025-05-04T22:29:44.160+0300] {dagbag.py:540} INFO - Filling up the DagBag from /Users/admin/anaconda3/lib/python3.11/site-packages/airflow/example_dags/example_short_circuit_operator.py
[2025-05-04T22:29:44.177+0300] {processor.py:840} INFO - DAG(s) 'example_short_circuit_operator' retrieved from /Users/admin/anaconda3/lib/python3.11/site-packages/airflow/example_dags/example_short_circuit_operator.py
[2025-05-04T22:29:44.239+0300] {logging_mixin.py:188} INFO - [2025-05-04T22:29:44.239+0300] {dag.py:3047} INFO - Sync 1 DAGs
[2025-05-04T22:29:44.249+0300] {logging_mixin.py:188} INFO - [2025-05-04T22:29:44.249+0300] {dag.py:3834} INFO - Setting next_dagrun for example_short_circuit_operator to 2025-05-03 00:00:00+00:00, run_after=2025-05-04 00:00:00+00:00
[2025-05-04T22:29:44.260+0300] {processor.py:183} INFO - Processing /Users/admin/anaconda3/lib/python3.11/site-packages/airflow/example_dags/example_short_circuit_operator.py took 0.102 seconds
[2025-05-04T22:31:05.629+0300] {processor.py:161} INFO - Started process (PID=17940) to work on /Users/admin/anaconda3/lib/python3.11/site-packages/airflow/example_dags/example_short_circuit_operator.py
[2025-05-04T22:31:05.630+0300] {processor.py:830} INFO - Processing file /Users/admin/anaconda3/lib/python3.11/site-packages/airflow/example_dags/example_short_circuit_operator.py for tasks to queue
[2025-05-04T22:31:05.630+0300] {logging_mixin.py:188} INFO - [2025-05-04T22:31:05.630+0300] {dagbag.py:540} INFO - Filling up the DagBag from /Users/admin/anaconda3/lib/python3.11/site-packages/airflow/example_dags/example_short_circuit_operator.py
[2025-05-04T22:31:05.647+0300] {processor.py:840} INFO - DAG(s) 'example_short_circuit_operator' retrieved from /Users/admin/anaconda3/lib/python3.11/site-packages/airflow/example_dags/example_short_circuit_operator.py
[2025-05-04T22:31:05.711+0300] {logging_mixin.py:188} INFO - [2025-05-04T22:31:05.710+0300] {dag.py:3047} INFO - Sync 1 DAGs
[2025-05-04T22:31:05.720+0300] {logging_mixin.py:188} INFO - [2025-05-04T22:31:05.720+0300] {dag.py:3834} INFO - Setting next_dagrun for example_short_circuit_operator to 2025-05-03 00:00:00+00:00, run_after=2025-05-04 00:00:00+00:00
[2025-05-04T22:31:05.731+0300] {processor.py:183} INFO - Processing /Users/admin/anaconda3/lib/python3.11/site-packages/airflow/example_dags/example_short_circuit_operator.py took 0.103 seconds
[2025-05-04T23:16:22.977+0300] {processor.py:161} INFO - Started process (PID=18428) to work on /Users/admin/anaconda3/lib/python3.11/site-packages/airflow/example_dags/example_short_circuit_operator.py
[2025-05-04T23:16:22.978+0300] {processor.py:830} INFO - Processing file /Users/admin/anaconda3/lib/python3.11/site-packages/airflow/example_dags/example_short_circuit_operator.py for tasks to queue
[2025-05-04T23:16:22.979+0300] {logging_mixin.py:188} INFO - [2025-05-04T23:16:22.979+0300] {dagbag.py:540} INFO - Filling up the DagBag from /Users/admin/anaconda3/lib/python3.11/site-packages/airflow/example_dags/example_short_circuit_operator.py
[2025-05-04T23:16:22.995+0300] {processor.py:840} INFO - DAG(s) 'example_short_circuit_operator' retrieved from /Users/admin/anaconda3/lib/python3.11/site-packages/airflow/example_dags/example_short_circuit_operator.py
[2025-05-04T23:16:23.056+0300] {logging_mixin.py:188} INFO - [2025-05-04T23:16:23.055+0300] {dag.py:3047} INFO - Sync 1 DAGs
[2025-05-04T23:16:23.065+0300] {logging_mixin.py:188} INFO - [2025-05-04T23:16:23.065+0300] {dag.py:3834} INFO - Setting next_dagrun for example_short_circuit_operator to 2025-05-03 00:00:00+00:00, run_after=2025-05-04 00:00:00+00:00
[2025-05-04T23:16:23.076+0300] {processor.py:183} INFO - Processing /Users/admin/anaconda3/lib/python3.11/site-packages/airflow/example_dags/example_short_circuit_operator.py took 0.099 seconds
[2025-05-04T23:17:46.186+0300] {processor.py:161} INFO - Started process (PID=18816) to work on /Users/admin/anaconda3/lib/python3.11/site-packages/airflow/example_dags/example_short_circuit_operator.py
[2025-05-04T23:17:46.187+0300] {processor.py:830} INFO - Processing file /Users/admin/anaconda3/lib/python3.11/site-packages/airflow/example_dags/example_short_circuit_operator.py for tasks to queue
[2025-05-04T23:17:46.188+0300] {logging_mixin.py:188} INFO - [2025-05-04T23:17:46.187+0300] {dagbag.py:540} INFO - Filling up the DagBag from /Users/admin/anaconda3/lib/python3.11/site-packages/airflow/example_dags/example_short_circuit_operator.py
[2025-05-04T23:17:46.204+0300] {processor.py:840} INFO - DAG(s) 'example_short_circuit_operator' retrieved from /Users/admin/anaconda3/lib/python3.11/site-packages/airflow/example_dags/example_short_circuit_operator.py
[2025-05-04T23:17:46.266+0300] {logging_mixin.py:188} INFO - [2025-05-04T23:17:46.266+0300] {dag.py:3047} INFO - Sync 1 DAGs
[2025-05-04T23:17:46.276+0300] {logging_mixin.py:188} INFO - [2025-05-04T23:17:46.276+0300] {dag.py:3834} INFO - Setting next_dagrun for example_short_circuit_operator to 2025-05-03 00:00:00+00:00, run_after=2025-05-04 00:00:00+00:00
[2025-05-04T23:17:46.287+0300] {processor.py:183} INFO - Processing /Users/admin/anaconda3/lib/python3.11/site-packages/airflow/example_dags/example_short_circuit_operator.py took 0.102 seconds
[2025-05-04T23:19:08.969+0300] {processor.py:161} INFO - Started process (PID=19209) to work on /Users/admin/anaconda3/lib/python3.11/site-packages/airflow/example_dags/example_short_circuit_operator.py
[2025-05-04T23:19:08.971+0300] {processor.py:830} INFO - Processing file /Users/admin/anaconda3/lib/python3.11/site-packages/airflow/example_dags/example_short_circuit_operator.py for tasks to queue
[2025-05-04T23:19:08.971+0300] {logging_mixin.py:188} INFO - [2025-05-04T23:19:08.971+0300] {dagbag.py:540} INFO - Filling up the DagBag from /Users/admin/anaconda3/lib/python3.11/site-packages/airflow/example_dags/example_short_circuit_operator.py
[2025-05-04T23:19:08.987+0300] {processor.py:840} INFO - DAG(s) 'example_short_circuit_operator' retrieved from /Users/admin/anaconda3/lib/python3.11/site-packages/airflow/example_dags/example_short_circuit_operator.py
[2025-05-04T23:19:09.050+0300] {logging_mixin.py:188} INFO - [2025-05-04T23:19:09.049+0300] {dag.py:3047} INFO - Sync 1 DAGs
[2025-05-04T23:19:09.059+0300] {logging_mixin.py:188} INFO - [2025-05-04T23:19:09.059+0300] {dag.py:3834} INFO - Setting next_dagrun for example_short_circuit_operator to 2025-05-03 00:00:00+00:00, run_after=2025-05-04 00:00:00+00:00
[2025-05-04T23:19:09.070+0300] {processor.py:183} INFO - Processing /Users/admin/anaconda3/lib/python3.11/site-packages/airflow/example_dags/example_short_circuit_operator.py took 0.101 seconds
[2025-05-04T23:20:30.569+0300] {processor.py:161} INFO - Started process (PID=19596) to work on /Users/admin/anaconda3/lib/python3.11/site-packages/airflow/example_dags/example_short_circuit_operator.py
[2025-05-04T23:20:30.570+0300] {processor.py:830} INFO - Processing file /Users/admin/anaconda3/lib/python3.11/site-packages/airflow/example_dags/example_short_circuit_operator.py for tasks to queue
[2025-05-04T23:20:30.571+0300] {logging_mixin.py:188} INFO - [2025-05-04T23:20:30.571+0300] {dagbag.py:540} INFO - Filling up the DagBag from /Users/admin/anaconda3/lib/python3.11/site-packages/airflow/example_dags/example_short_circuit_operator.py
[2025-05-04T23:20:30.587+0300] {processor.py:840} INFO - DAG(s) 'example_short_circuit_operator' retrieved from /Users/admin/anaconda3/lib/python3.11/site-packages/airflow/example_dags/example_short_circuit_operator.py
[2025-05-04T23:20:30.649+0300] {logging_mixin.py:188} INFO - [2025-05-04T23:20:30.649+0300] {dag.py:3047} INFO - Sync 1 DAGs
[2025-05-04T23:20:30.658+0300] {logging_mixin.py:188} INFO - [2025-05-04T23:20:30.658+0300] {dag.py:3834} INFO - Setting next_dagrun for example_short_circuit_operator to 2025-05-03 00:00:00+00:00, run_after=2025-05-04 00:00:00+00:00
[2025-05-04T23:20:30.669+0300] {processor.py:183} INFO - Processing /Users/admin/anaconda3/lib/python3.11/site-packages/airflow/example_dags/example_short_circuit_operator.py took 0.101 seconds
[2025-05-04T23:21:57.652+0300] {processor.py:161} INFO - Started process (PID=20010) to work on /Users/admin/anaconda3/lib/python3.11/site-packages/airflow/example_dags/example_short_circuit_operator.py
[2025-05-04T23:21:57.654+0300] {processor.py:830} INFO - Processing file /Users/admin/anaconda3/lib/python3.11/site-packages/airflow/example_dags/example_short_circuit_operator.py for tasks to queue
[2025-05-04T23:21:57.654+0300] {logging_mixin.py:188} INFO - [2025-05-04T23:21:57.654+0300] {dagbag.py:540} INFO - Filling up the DagBag from /Users/admin/anaconda3/lib/python3.11/site-packages/airflow/example_dags/example_short_circuit_operator.py
[2025-05-04T23:21:57.670+0300] {processor.py:840} INFO - DAG(s) 'example_short_circuit_operator' retrieved from /Users/admin/anaconda3/lib/python3.11/site-packages/airflow/example_dags/example_short_circuit_operator.py
[2025-05-04T23:21:57.731+0300] {logging_mixin.py:188} INFO - [2025-05-04T23:21:57.731+0300] {dag.py:3047} INFO - Sync 1 DAGs
[2025-05-04T23:21:57.741+0300] {logging_mixin.py:188} INFO - [2025-05-04T23:21:57.741+0300] {dag.py:3834} INFO - Setting next_dagrun for example_short_circuit_operator to 2025-05-03 00:00:00+00:00, run_after=2025-05-04 00:00:00+00:00
[2025-05-04T23:21:57.751+0300] {processor.py:183} INFO - Processing /Users/admin/anaconda3/lib/python3.11/site-packages/airflow/example_dags/example_short_circuit_operator.py took 0.100 seconds
[2025-05-04T23:23:28.404+0300] {processor.py:161} INFO - Started process (PID=20429) to work on /Users/admin/anaconda3/lib/python3.11/site-packages/airflow/example_dags/example_short_circuit_operator.py
[2025-05-04T23:23:28.405+0300] {processor.py:830} INFO - Processing file /Users/admin/anaconda3/lib/python3.11/site-packages/airflow/example_dags/example_short_circuit_operator.py for tasks to queue
[2025-05-04T23:23:28.406+0300] {logging_mixin.py:188} INFO - [2025-05-04T23:23:28.406+0300] {dagbag.py:540} INFO - Filling up the DagBag from /Users/admin/anaconda3/lib/python3.11/site-packages/airflow/example_dags/example_short_circuit_operator.py
[2025-05-04T23:23:28.422+0300] {processor.py:840} INFO - DAG(s) 'example_short_circuit_operator' retrieved from /Users/admin/anaconda3/lib/python3.11/site-packages/airflow/example_dags/example_short_circuit_operator.py
[2025-05-04T23:23:28.484+0300] {logging_mixin.py:188} INFO - [2025-05-04T23:23:28.484+0300] {dag.py:3047} INFO - Sync 1 DAGs
[2025-05-04T23:23:28.493+0300] {logging_mixin.py:188} INFO - [2025-05-04T23:23:28.493+0300] {dag.py:3834} INFO - Setting next_dagrun for example_short_circuit_operator to 2025-05-03 00:00:00+00:00, run_after=2025-05-04 00:00:00+00:00
[2025-05-04T23:23:28.504+0300] {processor.py:183} INFO - Processing /Users/admin/anaconda3/lib/python3.11/site-packages/airflow/example_dags/example_short_circuit_operator.py took 0.101 seconds
[2025-05-04T23:24:54.856+0300] {processor.py:161} INFO - Started process (PID=20835) to work on /Users/admin/anaconda3/lib/python3.11/site-packages/airflow/example_dags/example_short_circuit_operator.py
[2025-05-04T23:24:54.858+0300] {processor.py:830} INFO - Processing file /Users/admin/anaconda3/lib/python3.11/site-packages/airflow/example_dags/example_short_circuit_operator.py for tasks to queue
[2025-05-04T23:24:54.858+0300] {logging_mixin.py:188} INFO - [2025-05-04T23:24:54.858+0300] {dagbag.py:540} INFO - Filling up the DagBag from /Users/admin/anaconda3/lib/python3.11/site-packages/airflow/example_dags/example_short_circuit_operator.py
[2025-05-04T23:24:54.874+0300] {processor.py:840} INFO - DAG(s) 'example_short_circuit_operator' retrieved from /Users/admin/anaconda3/lib/python3.11/site-packages/airflow/example_dags/example_short_circuit_operator.py
[2025-05-04T23:24:54.935+0300] {logging_mixin.py:188} INFO - [2025-05-04T23:24:54.935+0300] {dag.py:3047} INFO - Sync 1 DAGs
[2025-05-04T23:24:54.944+0300] {logging_mixin.py:188} INFO - [2025-05-04T23:24:54.944+0300] {dag.py:3834} INFO - Setting next_dagrun for example_short_circuit_operator to 2025-05-03 00:00:00+00:00, run_after=2025-05-04 00:00:00+00:00
[2025-05-04T23:24:54.955+0300] {processor.py:183} INFO - Processing /Users/admin/anaconda3/lib/python3.11/site-packages/airflow/example_dags/example_short_circuit_operator.py took 0.099 seconds
[2025-05-04T23:26:22.171+0300] {processor.py:161} INFO - Started process (PID=21248) to work on /Users/admin/anaconda3/lib/python3.11/site-packages/airflow/example_dags/example_short_circuit_operator.py
[2025-05-04T23:26:22.172+0300] {processor.py:830} INFO - Processing file /Users/admin/anaconda3/lib/python3.11/site-packages/airflow/example_dags/example_short_circuit_operator.py for tasks to queue
[2025-05-04T23:26:22.173+0300] {logging_mixin.py:188} INFO - [2025-05-04T23:26:22.173+0300] {dagbag.py:540} INFO - Filling up the DagBag from /Users/admin/anaconda3/lib/python3.11/site-packages/airflow/example_dags/example_short_circuit_operator.py
[2025-05-04T23:26:22.190+0300] {processor.py:840} INFO - DAG(s) 'example_short_circuit_operator' retrieved from /Users/admin/anaconda3/lib/python3.11/site-packages/airflow/example_dags/example_short_circuit_operator.py
[2025-05-04T23:26:22.251+0300] {logging_mixin.py:188} INFO - [2025-05-04T23:26:22.251+0300] {dag.py:3047} INFO - Sync 1 DAGs
[2025-05-04T23:26:22.261+0300] {logging_mixin.py:188} INFO - [2025-05-04T23:26:22.260+0300] {dag.py:3834} INFO - Setting next_dagrun for example_short_circuit_operator to 2025-05-03 00:00:00+00:00, run_after=2025-05-04 00:00:00+00:00
[2025-05-04T23:26:22.272+0300] {processor.py:183} INFO - Processing /Users/admin/anaconda3/lib/python3.11/site-packages/airflow/example_dags/example_short_circuit_operator.py took 0.101 seconds
[2025-05-04T23:27:48.160+0300] {processor.py:161} INFO - Started process (PID=21654) to work on /Users/admin/anaconda3/lib/python3.11/site-packages/airflow/example_dags/example_short_circuit_operator.py
[2025-05-04T23:27:48.162+0300] {processor.py:830} INFO - Processing file /Users/admin/anaconda3/lib/python3.11/site-packages/airflow/example_dags/example_short_circuit_operator.py for tasks to queue
[2025-05-04T23:27:48.162+0300] {logging_mixin.py:188} INFO - [2025-05-04T23:27:48.162+0300] {dagbag.py:540} INFO - Filling up the DagBag from /Users/admin/anaconda3/lib/python3.11/site-packages/airflow/example_dags/example_short_circuit_operator.py
[2025-05-04T23:27:48.178+0300] {processor.py:840} INFO - DAG(s) 'example_short_circuit_operator' retrieved from /Users/admin/anaconda3/lib/python3.11/site-packages/airflow/example_dags/example_short_circuit_operator.py
[2025-05-04T23:27:48.239+0300] {logging_mixin.py:188} INFO - [2025-05-04T23:27:48.239+0300] {dag.py:3047} INFO - Sync 1 DAGs
[2025-05-04T23:27:48.248+0300] {logging_mixin.py:188} INFO - [2025-05-04T23:27:48.248+0300] {dag.py:3834} INFO - Setting next_dagrun for example_short_circuit_operator to 2025-05-03 00:00:00+00:00, run_after=2025-05-04 00:00:00+00:00
[2025-05-04T23:27:48.259+0300] {processor.py:183} INFO - Processing /Users/admin/anaconda3/lib/python3.11/site-packages/airflow/example_dags/example_short_circuit_operator.py took 0.099 seconds
[2025-05-04T23:29:16.326+0300] {processor.py:161} INFO - Started process (PID=22075) to work on /Users/admin/anaconda3/lib/python3.11/site-packages/airflow/example_dags/example_short_circuit_operator.py
[2025-05-04T23:29:16.329+0300] {processor.py:830} INFO - Processing file /Users/admin/anaconda3/lib/python3.11/site-packages/airflow/example_dags/example_short_circuit_operator.py for tasks to queue
[2025-05-04T23:29:16.330+0300] {logging_mixin.py:188} INFO - [2025-05-04T23:29:16.329+0300] {dagbag.py:540} INFO - Filling up the DagBag from /Users/admin/anaconda3/lib/python3.11/site-packages/airflow/example_dags/example_short_circuit_operator.py
[2025-05-04T23:29:16.347+0300] {processor.py:840} INFO - DAG(s) 'example_short_circuit_operator' retrieved from /Users/admin/anaconda3/lib/python3.11/site-packages/airflow/example_dags/example_short_circuit_operator.py
[2025-05-04T23:29:16.409+0300] {logging_mixin.py:188} INFO - [2025-05-04T23:29:16.408+0300] {dag.py:3047} INFO - Sync 1 DAGs
[2025-05-04T23:29:16.418+0300] {logging_mixin.py:188} INFO - [2025-05-04T23:29:16.418+0300] {dag.py:3834} INFO - Setting next_dagrun for example_short_circuit_operator to 2025-05-03 00:00:00+00:00, run_after=2025-05-04 00:00:00+00:00
[2025-05-04T23:29:16.429+0300] {processor.py:183} INFO - Processing /Users/admin/anaconda3/lib/python3.11/site-packages/airflow/example_dags/example_short_circuit_operator.py took 0.104 seconds
[2025-05-04T23:30:44.731+0300] {processor.py:161} INFO - Started process (PID=22505) to work on /Users/admin/anaconda3/lib/python3.11/site-packages/airflow/example_dags/example_short_circuit_operator.py
[2025-05-04T23:30:44.732+0300] {processor.py:830} INFO - Processing file /Users/admin/anaconda3/lib/python3.11/site-packages/airflow/example_dags/example_short_circuit_operator.py for tasks to queue
[2025-05-04T23:30:44.732+0300] {logging_mixin.py:188} INFO - [2025-05-04T23:30:44.732+0300] {dagbag.py:540} INFO - Filling up the DagBag from /Users/admin/anaconda3/lib/python3.11/site-packages/airflow/example_dags/example_short_circuit_operator.py
[2025-05-04T23:30:44.748+0300] {processor.py:840} INFO - DAG(s) 'example_short_circuit_operator' retrieved from /Users/admin/anaconda3/lib/python3.11/site-packages/airflow/example_dags/example_short_circuit_operator.py
[2025-05-04T23:30:44.809+0300] {logging_mixin.py:188} INFO - [2025-05-04T23:30:44.809+0300] {dag.py:3047} INFO - Sync 1 DAGs
[2025-05-04T23:30:44.819+0300] {logging_mixin.py:188} INFO - [2025-05-04T23:30:44.819+0300] {dag.py:3834} INFO - Setting next_dagrun for example_short_circuit_operator to 2025-05-03 00:00:00+00:00, run_after=2025-05-04 00:00:00+00:00
[2025-05-04T23:30:44.830+0300] {processor.py:183} INFO - Processing /Users/admin/anaconda3/lib/python3.11/site-packages/airflow/example_dags/example_short_circuit_operator.py took 0.100 seconds
[2025-05-04T23:32:16.478+0300] {processor.py:161} INFO - Started process (PID=22937) to work on /Users/admin/anaconda3/lib/python3.11/site-packages/airflow/example_dags/example_short_circuit_operator.py
[2025-05-04T23:32:16.480+0300] {processor.py:830} INFO - Processing file /Users/admin/anaconda3/lib/python3.11/site-packages/airflow/example_dags/example_short_circuit_operator.py for tasks to queue
[2025-05-04T23:32:16.480+0300] {logging_mixin.py:188} INFO - [2025-05-04T23:32:16.480+0300] {dagbag.py:540} INFO - Filling up the DagBag from /Users/admin/anaconda3/lib/python3.11/site-packages/airflow/example_dags/example_short_circuit_operator.py
[2025-05-04T23:32:16.496+0300] {processor.py:840} INFO - DAG(s) 'example_short_circuit_operator' retrieved from /Users/admin/anaconda3/lib/python3.11/site-packages/airflow/example_dags/example_short_circuit_operator.py
[2025-05-04T23:32:16.557+0300] {logging_mixin.py:188} INFO - [2025-05-04T23:32:16.557+0300] {dag.py:3047} INFO - Sync 1 DAGs
[2025-05-04T23:32:16.566+0300] {logging_mixin.py:188} INFO - [2025-05-04T23:32:16.566+0300] {dag.py:3834} INFO - Setting next_dagrun for example_short_circuit_operator to 2025-05-03 00:00:00+00:00, run_after=2025-05-04 00:00:00+00:00
[2025-05-04T23:32:16.577+0300] {processor.py:183} INFO - Processing /Users/admin/anaconda3/lib/python3.11/site-packages/airflow/example_dags/example_short_circuit_operator.py took 0.100 seconds
[2025-05-04T23:33:44.529+0300] {processor.py:161} INFO - Started process (PID=23342) to work on /Users/admin/anaconda3/lib/python3.11/site-packages/airflow/example_dags/example_short_circuit_operator.py
[2025-05-04T23:33:44.530+0300] {processor.py:830} INFO - Processing file /Users/admin/anaconda3/lib/python3.11/site-packages/airflow/example_dags/example_short_circuit_operator.py for tasks to queue
[2025-05-04T23:33:44.531+0300] {logging_mixin.py:188} INFO - [2025-05-04T23:33:44.530+0300] {dagbag.py:540} INFO - Filling up the DagBag from /Users/admin/anaconda3/lib/python3.11/site-packages/airflow/example_dags/example_short_circuit_operator.py
[2025-05-04T23:33:44.546+0300] {processor.py:840} INFO - DAG(s) 'example_short_circuit_operator' retrieved from /Users/admin/anaconda3/lib/python3.11/site-packages/airflow/example_dags/example_short_circuit_operator.py
[2025-05-04T23:33:44.609+0300] {logging_mixin.py:188} INFO - [2025-05-04T23:33:44.609+0300] {dag.py:3047} INFO - Sync 1 DAGs
[2025-05-04T23:33:44.618+0300] {logging_mixin.py:188} INFO - [2025-05-04T23:33:44.618+0300] {dag.py:3834} INFO - Setting next_dagrun for example_short_circuit_operator to 2025-05-03 00:00:00+00:00, run_after=2025-05-04 00:00:00+00:00
[2025-05-04T23:33:44.629+0300] {processor.py:183} INFO - Processing /Users/admin/anaconda3/lib/python3.11/site-packages/airflow/example_dags/example_short_circuit_operator.py took 0.101 seconds
[2025-05-04T23:35:16.040+0300] {processor.py:161} INFO - Started process (PID=23775) to work on /Users/admin/anaconda3/lib/python3.11/site-packages/airflow/example_dags/example_short_circuit_operator.py
[2025-05-04T23:35:16.042+0300] {processor.py:830} INFO - Processing file /Users/admin/anaconda3/lib/python3.11/site-packages/airflow/example_dags/example_short_circuit_operator.py for tasks to queue
[2025-05-04T23:35:16.042+0300] {logging_mixin.py:188} INFO - [2025-05-04T23:35:16.042+0300] {dagbag.py:540} INFO - Filling up the DagBag from /Users/admin/anaconda3/lib/python3.11/site-packages/airflow/example_dags/example_short_circuit_operator.py
[2025-05-04T23:35:16.059+0300] {processor.py:840} INFO - DAG(s) 'example_short_circuit_operator' retrieved from /Users/admin/anaconda3/lib/python3.11/site-packages/airflow/example_dags/example_short_circuit_operator.py
[2025-05-04T23:35:16.120+0300] {logging_mixin.py:188} INFO - [2025-05-04T23:35:16.119+0300] {dag.py:3047} INFO - Sync 1 DAGs
[2025-05-04T23:35:16.129+0300] {logging_mixin.py:188} INFO - [2025-05-04T23:35:16.129+0300] {dag.py:3834} INFO - Setting next_dagrun for example_short_circuit_operator to 2025-05-03 00:00:00+00:00, run_after=2025-05-04 00:00:00+00:00
[2025-05-04T23:35:16.140+0300] {processor.py:183} INFO - Processing /Users/admin/anaconda3/lib/python3.11/site-packages/airflow/example_dags/example_short_circuit_operator.py took 0.100 seconds
[2025-05-04T23:36:47.927+0300] {processor.py:161} INFO - Started process (PID=24219) to work on /Users/admin/anaconda3/lib/python3.11/site-packages/airflow/example_dags/example_short_circuit_operator.py
[2025-05-04T23:36:47.928+0300] {processor.py:830} INFO - Processing file /Users/admin/anaconda3/lib/python3.11/site-packages/airflow/example_dags/example_short_circuit_operator.py for tasks to queue
[2025-05-04T23:36:47.929+0300] {logging_mixin.py:188} INFO - [2025-05-04T23:36:47.928+0300] {dagbag.py:540} INFO - Filling up the DagBag from /Users/admin/anaconda3/lib/python3.11/site-packages/airflow/example_dags/example_short_circuit_operator.py
[2025-05-04T23:36:47.945+0300] {processor.py:840} INFO - DAG(s) 'example_short_circuit_operator' retrieved from /Users/admin/anaconda3/lib/python3.11/site-packages/airflow/example_dags/example_short_circuit_operator.py
[2025-05-04T23:36:48.006+0300] {logging_mixin.py:188} INFO - [2025-05-04T23:36:48.006+0300] {dag.py:3047} INFO - Sync 1 DAGs
[2025-05-04T23:36:48.016+0300] {logging_mixin.py:188} INFO - [2025-05-04T23:36:48.016+0300] {dag.py:3834} INFO - Setting next_dagrun for example_short_circuit_operator to 2025-05-03 00:00:00+00:00, run_after=2025-05-04 00:00:00+00:00
[2025-05-04T23:36:48.028+0300] {processor.py:183} INFO - Processing /Users/admin/anaconda3/lib/python3.11/site-packages/airflow/example_dags/example_short_circuit_operator.py took 0.101 seconds
[2025-05-04T23:38:17.783+0300] {processor.py:161} INFO - Started process (PID=24653) to work on /Users/admin/anaconda3/lib/python3.11/site-packages/airflow/example_dags/example_short_circuit_operator.py
[2025-05-04T23:38:17.783+0300] {processor.py:830} INFO - Processing file /Users/admin/anaconda3/lib/python3.11/site-packages/airflow/example_dags/example_short_circuit_operator.py for tasks to queue
[2025-05-04T23:38:17.784+0300] {logging_mixin.py:188} INFO - [2025-05-04T23:38:17.784+0300] {dagbag.py:540} INFO - Filling up the DagBag from /Users/admin/anaconda3/lib/python3.11/site-packages/airflow/example_dags/example_short_circuit_operator.py
[2025-05-04T23:38:17.802+0300] {processor.py:840} INFO - DAG(s) 'example_short_circuit_operator' retrieved from /Users/admin/anaconda3/lib/python3.11/site-packages/airflow/example_dags/example_short_circuit_operator.py
[2025-05-04T23:38:17.871+0300] {logging_mixin.py:188} INFO - [2025-05-04T23:38:17.870+0300] {dag.py:3047} INFO - Sync 1 DAGs
[2025-05-04T23:38:17.880+0300] {logging_mixin.py:188} INFO - [2025-05-04T23:38:17.880+0300] {dag.py:3834} INFO - Setting next_dagrun for example_short_circuit_operator to 2025-05-03 00:00:00+00:00, run_after=2025-05-04 00:00:00+00:00
[2025-05-04T23:38:17.891+0300] {processor.py:183} INFO - Processing /Users/admin/anaconda3/lib/python3.11/site-packages/airflow/example_dags/example_short_circuit_operator.py took 0.109 seconds
[2025-05-04T23:39:49.072+0300] {processor.py:161} INFO - Started process (PID=25086) to work on /Users/admin/anaconda3/lib/python3.11/site-packages/airflow/example_dags/example_short_circuit_operator.py
[2025-05-04T23:39:49.073+0300] {processor.py:830} INFO - Processing file /Users/admin/anaconda3/lib/python3.11/site-packages/airflow/example_dags/example_short_circuit_operator.py for tasks to queue
[2025-05-04T23:39:49.074+0300] {logging_mixin.py:188} INFO - [2025-05-04T23:39:49.073+0300] {dagbag.py:540} INFO - Filling up the DagBag from /Users/admin/anaconda3/lib/python3.11/site-packages/airflow/example_dags/example_short_circuit_operator.py
[2025-05-04T23:39:49.090+0300] {processor.py:840} INFO - DAG(s) 'example_short_circuit_operator' retrieved from /Users/admin/anaconda3/lib/python3.11/site-packages/airflow/example_dags/example_short_circuit_operator.py
[2025-05-04T23:39:49.151+0300] {logging_mixin.py:188} INFO - [2025-05-04T23:39:49.151+0300] {dag.py:3047} INFO - Sync 1 DAGs
[2025-05-04T23:39:49.161+0300] {logging_mixin.py:188} INFO - [2025-05-04T23:39:49.160+0300] {dag.py:3834} INFO - Setting next_dagrun for example_short_circuit_operator to 2025-05-03 00:00:00+00:00, run_after=2025-05-04 00:00:00+00:00
[2025-05-04T23:39:49.171+0300] {processor.py:183} INFO - Processing /Users/admin/anaconda3/lib/python3.11/site-packages/airflow/example_dags/example_short_circuit_operator.py took 0.100 seconds
[2025-05-04T23:41:34.360+0300] {processor.py:161} INFO - Started process (PID=25573) to work on /Users/admin/anaconda3/lib/python3.11/site-packages/airflow/example_dags/example_short_circuit_operator.py
[2025-05-04T23:41:34.361+0300] {processor.py:830} INFO - Processing file /Users/admin/anaconda3/lib/python3.11/site-packages/airflow/example_dags/example_short_circuit_operator.py for tasks to queue
[2025-05-04T23:41:34.362+0300] {logging_mixin.py:188} INFO - [2025-05-04T23:41:34.361+0300] {dagbag.py:540} INFO - Filling up the DagBag from /Users/admin/anaconda3/lib/python3.11/site-packages/airflow/example_dags/example_short_circuit_operator.py
[2025-05-04T23:41:34.378+0300] {processor.py:840} INFO - DAG(s) 'example_short_circuit_operator' retrieved from /Users/admin/anaconda3/lib/python3.11/site-packages/airflow/example_dags/example_short_circuit_operator.py
[2025-05-04T23:41:34.439+0300] {logging_mixin.py:188} INFO - [2025-05-04T23:41:34.438+0300] {dag.py:3047} INFO - Sync 1 DAGs
[2025-05-04T23:41:34.448+0300] {logging_mixin.py:188} INFO - [2025-05-04T23:41:34.448+0300] {dag.py:3834} INFO - Setting next_dagrun for example_short_circuit_operator to 2025-05-03 00:00:00+00:00, run_after=2025-05-04 00:00:00+00:00
[2025-05-04T23:41:34.459+0300] {processor.py:183} INFO - Processing /Users/admin/anaconda3/lib/python3.11/site-packages/airflow/example_dags/example_short_circuit_operator.py took 0.100 seconds
[2025-05-04T23:43:19.232+0300] {processor.py:161} INFO - Started process (PID=26055) to work on /Users/admin/anaconda3/lib/python3.11/site-packages/airflow/example_dags/example_short_circuit_operator.py
[2025-05-04T23:43:19.234+0300] {processor.py:830} INFO - Processing file /Users/admin/anaconda3/lib/python3.11/site-packages/airflow/example_dags/example_short_circuit_operator.py for tasks to queue
[2025-05-04T23:43:19.234+0300] {logging_mixin.py:188} INFO - [2025-05-04T23:43:19.234+0300] {dagbag.py:540} INFO - Filling up the DagBag from /Users/admin/anaconda3/lib/python3.11/site-packages/airflow/example_dags/example_short_circuit_operator.py
[2025-05-04T23:43:19.250+0300] {processor.py:840} INFO - DAG(s) 'example_short_circuit_operator' retrieved from /Users/admin/anaconda3/lib/python3.11/site-packages/airflow/example_dags/example_short_circuit_operator.py
[2025-05-04T23:43:19.311+0300] {logging_mixin.py:188} INFO - [2025-05-04T23:43:19.311+0300] {dag.py:3047} INFO - Sync 1 DAGs
[2025-05-04T23:43:19.321+0300] {logging_mixin.py:188} INFO - [2025-05-04T23:43:19.320+0300] {dag.py:3834} INFO - Setting next_dagrun for example_short_circuit_operator to 2025-05-03 00:00:00+00:00, run_after=2025-05-04 00:00:00+00:00
[2025-05-04T23:43:19.331+0300] {processor.py:183} INFO - Processing /Users/admin/anaconda3/lib/python3.11/site-packages/airflow/example_dags/example_short_circuit_operator.py took 0.100 seconds
[2025-05-04T23:44:57.079+0300] {processor.py:161} INFO - Started process (PID=26509) to work on /Users/admin/anaconda3/lib/python3.11/site-packages/airflow/example_dags/example_short_circuit_operator.py
[2025-05-04T23:44:57.080+0300] {processor.py:830} INFO - Processing file /Users/admin/anaconda3/lib/python3.11/site-packages/airflow/example_dags/example_short_circuit_operator.py for tasks to queue
[2025-05-04T23:44:57.081+0300] {logging_mixin.py:188} INFO - [2025-05-04T23:44:57.081+0300] {dagbag.py:540} INFO - Filling up the DagBag from /Users/admin/anaconda3/lib/python3.11/site-packages/airflow/example_dags/example_short_circuit_operator.py
[2025-05-04T23:44:57.098+0300] {processor.py:840} INFO - DAG(s) 'example_short_circuit_operator' retrieved from /Users/admin/anaconda3/lib/python3.11/site-packages/airflow/example_dags/example_short_circuit_operator.py
[2025-05-04T23:44:57.159+0300] {logging_mixin.py:188} INFO - [2025-05-04T23:44:57.159+0300] {dag.py:3047} INFO - Sync 1 DAGs
[2025-05-04T23:44:57.168+0300] {logging_mixin.py:188} INFO - [2025-05-04T23:44:57.168+0300] {dag.py:3834} INFO - Setting next_dagrun for example_short_circuit_operator to 2025-05-03 00:00:00+00:00, run_after=2025-05-04 00:00:00+00:00
[2025-05-04T23:44:57.179+0300] {processor.py:183} INFO - Processing /Users/admin/anaconda3/lib/python3.11/site-packages/airflow/example_dags/example_short_circuit_operator.py took 0.101 seconds
[2025-05-04T23:46:32.255+0300] {processor.py:161} INFO - Started process (PID=26957) to work on /Users/admin/anaconda3/lib/python3.11/site-packages/airflow/example_dags/example_short_circuit_operator.py
[2025-05-04T23:46:32.256+0300] {processor.py:830} INFO - Processing file /Users/admin/anaconda3/lib/python3.11/site-packages/airflow/example_dags/example_short_circuit_operator.py for tasks to queue
[2025-05-04T23:46:32.257+0300] {logging_mixin.py:188} INFO - [2025-05-04T23:46:32.257+0300] {dagbag.py:540} INFO - Filling up the DagBag from /Users/admin/anaconda3/lib/python3.11/site-packages/airflow/example_dags/example_short_circuit_operator.py
[2025-05-04T23:46:32.272+0300] {processor.py:840} INFO - DAG(s) 'example_short_circuit_operator' retrieved from /Users/admin/anaconda3/lib/python3.11/site-packages/airflow/example_dags/example_short_circuit_operator.py
[2025-05-04T23:46:32.334+0300] {logging_mixin.py:188} INFO - [2025-05-04T23:46:32.334+0300] {dag.py:3047} INFO - Sync 1 DAGs
[2025-05-04T23:46:32.343+0300] {logging_mixin.py:188} INFO - [2025-05-04T23:46:32.343+0300] {dag.py:3834} INFO - Setting next_dagrun for example_short_circuit_operator to 2025-05-03 00:00:00+00:00, run_after=2025-05-04 00:00:00+00:00
[2025-05-04T23:46:32.354+0300] {processor.py:183} INFO - Processing /Users/admin/anaconda3/lib/python3.11/site-packages/airflow/example_dags/example_short_circuit_operator.py took 0.100 seconds
[2025-05-04T23:48:01.634+0300] {processor.py:161} INFO - Started process (PID=27376) to work on /Users/admin/anaconda3/lib/python3.11/site-packages/airflow/example_dags/example_short_circuit_operator.py
[2025-05-04T23:48:01.635+0300] {processor.py:830} INFO - Processing file /Users/admin/anaconda3/lib/python3.11/site-packages/airflow/example_dags/example_short_circuit_operator.py for tasks to queue
[2025-05-04T23:48:01.635+0300] {logging_mixin.py:188} INFO - [2025-05-04T23:48:01.635+0300] {dagbag.py:540} INFO - Filling up the DagBag from /Users/admin/anaconda3/lib/python3.11/site-packages/airflow/example_dags/example_short_circuit_operator.py
[2025-05-04T23:48:01.652+0300] {processor.py:840} INFO - DAG(s) 'example_short_circuit_operator' retrieved from /Users/admin/anaconda3/lib/python3.11/site-packages/airflow/example_dags/example_short_circuit_operator.py
[2025-05-04T23:48:01.713+0300] {logging_mixin.py:188} INFO - [2025-05-04T23:48:01.712+0300] {dag.py:3047} INFO - Sync 1 DAGs
[2025-05-04T23:48:01.722+0300] {logging_mixin.py:188} INFO - [2025-05-04T23:48:01.722+0300] {dag.py:3834} INFO - Setting next_dagrun for example_short_circuit_operator to 2025-05-03 00:00:00+00:00, run_after=2025-05-04 00:00:00+00:00
[2025-05-04T23:48:01.733+0300] {processor.py:183} INFO - Processing /Users/admin/anaconda3/lib/python3.11/site-packages/airflow/example_dags/example_short_circuit_operator.py took 0.100 seconds
[2025-05-04T23:49:31.986+0300] {processor.py:161} INFO - Started process (PID=27791) to work on /Users/admin/anaconda3/lib/python3.11/site-packages/airflow/example_dags/example_short_circuit_operator.py
[2025-05-04T23:49:31.987+0300] {processor.py:830} INFO - Processing file /Users/admin/anaconda3/lib/python3.11/site-packages/airflow/example_dags/example_short_circuit_operator.py for tasks to queue
[2025-05-04T23:49:31.988+0300] {logging_mixin.py:188} INFO - [2025-05-04T23:49:31.987+0300] {dagbag.py:540} INFO - Filling up the DagBag from /Users/admin/anaconda3/lib/python3.11/site-packages/airflow/example_dags/example_short_circuit_operator.py
[2025-05-04T23:49:32.004+0300] {processor.py:840} INFO - DAG(s) 'example_short_circuit_operator' retrieved from /Users/admin/anaconda3/lib/python3.11/site-packages/airflow/example_dags/example_short_circuit_operator.py
[2025-05-04T23:49:32.065+0300] {logging_mixin.py:188} INFO - [2025-05-04T23:49:32.064+0300] {dag.py:3047} INFO - Sync 1 DAGs
[2025-05-04T23:49:32.074+0300] {logging_mixin.py:188} INFO - [2025-05-04T23:49:32.074+0300] {dag.py:3834} INFO - Setting next_dagrun for example_short_circuit_operator to 2025-05-03 00:00:00+00:00, run_after=2025-05-04 00:00:00+00:00
[2025-05-04T23:49:32.085+0300] {processor.py:183} INFO - Processing /Users/admin/anaconda3/lib/python3.11/site-packages/airflow/example_dags/example_short_circuit_operator.py took 0.100 seconds
[2025-05-04T23:51:00.720+0300] {processor.py:161} INFO - Started process (PID=28211) to work on /Users/admin/anaconda3/lib/python3.11/site-packages/airflow/example_dags/example_short_circuit_operator.py
[2025-05-04T23:51:00.721+0300] {processor.py:830} INFO - Processing file /Users/admin/anaconda3/lib/python3.11/site-packages/airflow/example_dags/example_short_circuit_operator.py for tasks to queue
[2025-05-04T23:51:00.721+0300] {logging_mixin.py:188} INFO - [2025-05-04T23:51:00.721+0300] {dagbag.py:540} INFO - Filling up the DagBag from /Users/admin/anaconda3/lib/python3.11/site-packages/airflow/example_dags/example_short_circuit_operator.py
[2025-05-04T23:51:00.738+0300] {processor.py:840} INFO - DAG(s) 'example_short_circuit_operator' retrieved from /Users/admin/anaconda3/lib/python3.11/site-packages/airflow/example_dags/example_short_circuit_operator.py
[2025-05-04T23:51:00.800+0300] {logging_mixin.py:188} INFO - [2025-05-04T23:51:00.799+0300] {dag.py:3047} INFO - Sync 1 DAGs
[2025-05-04T23:51:00.809+0300] {logging_mixin.py:188} INFO - [2025-05-04T23:51:00.809+0300] {dag.py:3834} INFO - Setting next_dagrun for example_short_circuit_operator to 2025-05-03 00:00:00+00:00, run_after=2025-05-04 00:00:00+00:00
[2025-05-04T23:51:00.820+0300] {processor.py:183} INFO - Processing /Users/admin/anaconda3/lib/python3.11/site-packages/airflow/example_dags/example_short_circuit_operator.py took 0.101 seconds
[2025-05-04T23:52:42.401+0300] {processor.py:161} INFO - Started process (PID=28686) to work on /Users/admin/anaconda3/lib/python3.11/site-packages/airflow/example_dags/example_short_circuit_operator.py
[2025-05-04T23:52:42.403+0300] {processor.py:830} INFO - Processing file /Users/admin/anaconda3/lib/python3.11/site-packages/airflow/example_dags/example_short_circuit_operator.py for tasks to queue
[2025-05-04T23:52:42.403+0300] {logging_mixin.py:188} INFO - [2025-05-04T23:52:42.403+0300] {dagbag.py:540} INFO - Filling up the DagBag from /Users/admin/anaconda3/lib/python3.11/site-packages/airflow/example_dags/example_short_circuit_operator.py
[2025-05-04T23:52:42.419+0300] {processor.py:840} INFO - DAG(s) 'example_short_circuit_operator' retrieved from /Users/admin/anaconda3/lib/python3.11/site-packages/airflow/example_dags/example_short_circuit_operator.py
[2025-05-04T23:52:42.480+0300] {logging_mixin.py:188} INFO - [2025-05-04T23:52:42.479+0300] {dag.py:3047} INFO - Sync 1 DAGs
[2025-05-04T23:52:42.489+0300] {logging_mixin.py:188} INFO - [2025-05-04T23:52:42.489+0300] {dag.py:3834} INFO - Setting next_dagrun for example_short_circuit_operator to 2025-05-03 00:00:00+00:00, run_after=2025-05-04 00:00:00+00:00
[2025-05-04T23:52:42.500+0300] {processor.py:183} INFO - Processing /Users/admin/anaconda3/lib/python3.11/site-packages/airflow/example_dags/example_short_circuit_operator.py took 0.099 seconds
[2025-05-04T23:58:39.581+0300] {processor.py:161} INFO - Started process (PID=29152) to work on /Users/admin/anaconda3/lib/python3.11/site-packages/airflow/example_dags/example_short_circuit_operator.py
[2025-05-04T23:58:39.582+0300] {processor.py:830} INFO - Processing file /Users/admin/anaconda3/lib/python3.11/site-packages/airflow/example_dags/example_short_circuit_operator.py for tasks to queue
[2025-05-04T23:58:39.583+0300] {logging_mixin.py:188} INFO - [2025-05-04T23:58:39.583+0300] {dagbag.py:540} INFO - Filling up the DagBag from /Users/admin/anaconda3/lib/python3.11/site-packages/airflow/example_dags/example_short_circuit_operator.py
[2025-05-04T23:58:39.599+0300] {processor.py:840} INFO - DAG(s) 'example_short_circuit_operator' retrieved from /Users/admin/anaconda3/lib/python3.11/site-packages/airflow/example_dags/example_short_circuit_operator.py
[2025-05-04T23:58:39.660+0300] {logging_mixin.py:188} INFO - [2025-05-04T23:58:39.660+0300] {dag.py:3047} INFO - Sync 1 DAGs
[2025-05-04T23:58:39.669+0300] {logging_mixin.py:188} INFO - [2025-05-04T23:58:39.669+0300] {dag.py:3834} INFO - Setting next_dagrun for example_short_circuit_operator to 2025-05-03 00:00:00+00:00, run_after=2025-05-04 00:00:00+00:00
[2025-05-04T23:58:39.680+0300] {processor.py:183} INFO - Processing /Users/admin/anaconda3/lib/python3.11/site-packages/airflow/example_dags/example_short_circuit_operator.py took 0.100 seconds
