[2025-05-04T22:11:04.366+0300] {processor.py:161} INFO - Started process (PID=14147) to work on /Users/admin/anaconda3/lib/python3.11/site-packages/airflow/example_dags/example_time_delta_sensor_async.py
[2025-05-04T22:11:04.366+0300] {processor.py:830} INFO - Processing file /Users/admin/anaconda3/lib/python3.11/site-packages/airflow/example_dags/example_time_delta_sensor_async.py for tasks to queue
[2025-05-04T22:11:04.367+0300] {logging_mixin.py:188} INFO - [2025-05-04T22:11:04.367+0300] {dagbag.py:540} INFO - Filling up the DagBag from /Users/admin/anaconda3/lib/python3.11/site-packages/airflow/example_dags/example_time_delta_sensor_async.py
[2025-05-04T22:11:04.372+0300] {processor.py:840} INFO - DAG(s) 'example_time_delta_sensor_async' retrieved from /Users/admin/anaconda3/lib/python3.11/site-packages/airflow/example_dags/example_time_delta_sensor_async.py
[2025-05-04T22:11:04.502+0300] {logging_mixin.py:188} INFO - [2025-05-04T22:11:04.501+0300] {dag.py:3047} INFO - Sync 1 DAGs
[2025-05-04T22:11:04.507+0300] {logging_mixin.py:188} INFO - [2025-05-04T22:11:04.507+0300] {dag.py:3834} INFO - Setting next_dagrun for example_time_delta_sensor_async to None, run_after=None
[2025-05-04T22:11:04.517+0300] {processor.py:183} INFO - Processing /Users/admin/anaconda3/lib/python3.11/site-packages/airflow/example_dags/example_time_delta_sensor_async.py took 0.152 seconds
[2025-05-04T22:12:59.308+0300] {processor.py:161} INFO - Started process (PID=14685) to work on /Users/admin/anaconda3/lib/python3.11/site-packages/airflow/example_dags/example_time_delta_sensor_async.py
[2025-05-04T22:12:59.309+0300] {processor.py:830} INFO - Processing file /Users/admin/anaconda3/lib/python3.11/site-packages/airflow/example_dags/example_time_delta_sensor_async.py for tasks to queue
[2025-05-04T22:12:59.309+0300] {logging_mixin.py:188} INFO - [2025-05-04T22:12:59.309+0300] {dagbag.py:540} INFO - Filling up the DagBag from /Users/admin/anaconda3/lib/python3.11/site-packages/airflow/example_dags/example_time_delta_sensor_async.py
[2025-05-04T22:12:59.315+0300] {processor.py:840} INFO - DAG(s) 'example_time_delta_sensor_async' retrieved from /Users/admin/anaconda3/lib/python3.11/site-packages/airflow/example_dags/example_time_delta_sensor_async.py
[2025-05-04T22:12:59.398+0300] {logging_mixin.py:188} INFO - [2025-05-04T22:12:59.398+0300] {dag.py:3047} INFO - Sync 1 DAGs
[2025-05-04T22:12:59.404+0300] {logging_mixin.py:188} INFO - [2025-05-04T22:12:59.403+0300] {dag.py:3834} INFO - Setting next_dagrun for example_time_delta_sensor_async to None, run_after=None
[2025-05-04T22:12:59.414+0300] {processor.py:183} INFO - Processing /Users/admin/anaconda3/lib/python3.11/site-packages/airflow/example_dags/example_time_delta_sensor_async.py took 0.107 seconds
[2025-05-04T22:14:21.317+0300] {processor.py:161} INFO - Started process (PID=15083) to work on /Users/admin/anaconda3/lib/python3.11/site-packages/airflow/example_dags/example_time_delta_sensor_async.py
[2025-05-04T22:14:21.318+0300] {processor.py:830} INFO - Processing file /Users/admin/anaconda3/lib/python3.11/site-packages/airflow/example_dags/example_time_delta_sensor_async.py for tasks to queue
[2025-05-04T22:14:21.318+0300] {logging_mixin.py:188} INFO - [2025-05-04T22:14:21.318+0300] {dagbag.py:540} INFO - Filling up the DagBag from /Users/admin/anaconda3/lib/python3.11/site-packages/airflow/example_dags/example_time_delta_sensor_async.py
[2025-05-04T22:14:21.324+0300] {processor.py:840} INFO - DAG(s) 'example_time_delta_sensor_async' retrieved from /Users/admin/anaconda3/lib/python3.11/site-packages/airflow/example_dags/example_time_delta_sensor_async.py
[2025-05-04T22:14:21.406+0300] {logging_mixin.py:188} INFO - [2025-05-04T22:14:21.406+0300] {dag.py:3047} INFO - Sync 1 DAGs
[2025-05-04T22:14:21.411+0300] {logging_mixin.py:188} INFO - [2025-05-04T22:14:21.411+0300] {dag.py:3834} INFO - Setting next_dagrun for example_time_delta_sensor_async to None, run_after=None
[2025-05-04T22:14:21.422+0300] {processor.py:183} INFO - Processing /Users/admin/anaconda3/lib/python3.11/site-packages/airflow/example_dags/example_time_delta_sensor_async.py took 0.105 seconds
[2025-05-04T22:15:42.269+0300] {processor.py:161} INFO - Started process (PID=15459) to work on /Users/admin/anaconda3/lib/python3.11/site-packages/airflow/example_dags/example_time_delta_sensor_async.py
[2025-05-04T22:15:42.270+0300] {processor.py:830} INFO - Processing file /Users/admin/anaconda3/lib/python3.11/site-packages/airflow/example_dags/example_time_delta_sensor_async.py for tasks to queue
[2025-05-04T22:15:42.271+0300] {logging_mixin.py:188} INFO - [2025-05-04T22:15:42.271+0300] {dagbag.py:540} INFO - Filling up the DagBag from /Users/admin/anaconda3/lib/python3.11/site-packages/airflow/example_dags/example_time_delta_sensor_async.py
[2025-05-04T22:15:42.277+0300] {processor.py:840} INFO - DAG(s) 'example_time_delta_sensor_async' retrieved from /Users/admin/anaconda3/lib/python3.11/site-packages/airflow/example_dags/example_time_delta_sensor_async.py
[2025-05-04T22:15:42.364+0300] {logging_mixin.py:188} INFO - [2025-05-04T22:15:42.364+0300] {dag.py:3047} INFO - Sync 1 DAGs
[2025-05-04T22:15:42.369+0300] {logging_mixin.py:188} INFO - [2025-05-04T22:15:42.369+0300] {dag.py:3834} INFO - Setting next_dagrun for example_time_delta_sensor_async to None, run_after=None
[2025-05-04T22:15:42.380+0300] {processor.py:183} INFO - Processing /Users/admin/anaconda3/lib/python3.11/site-packages/airflow/example_dags/example_time_delta_sensor_async.py took 0.111 seconds
[2025-05-04T22:17:06.824+0300] {processor.py:161} INFO - Started process (PID=15876) to work on /Users/admin/anaconda3/lib/python3.11/site-packages/airflow/example_dags/example_time_delta_sensor_async.py
[2025-05-04T22:17:06.825+0300] {processor.py:830} INFO - Processing file /Users/admin/anaconda3/lib/python3.11/site-packages/airflow/example_dags/example_time_delta_sensor_async.py for tasks to queue
[2025-05-04T22:17:06.826+0300] {logging_mixin.py:188} INFO - [2025-05-04T22:17:06.826+0300] {dagbag.py:540} INFO - Filling up the DagBag from /Users/admin/anaconda3/lib/python3.11/site-packages/airflow/example_dags/example_time_delta_sensor_async.py
[2025-05-04T22:17:06.832+0300] {processor.py:840} INFO - DAG(s) 'example_time_delta_sensor_async' retrieved from /Users/admin/anaconda3/lib/python3.11/site-packages/airflow/example_dags/example_time_delta_sensor_async.py
[2025-05-04T22:17:06.914+0300] {logging_mixin.py:188} INFO - [2025-05-04T22:17:06.914+0300] {dag.py:3047} INFO - Sync 1 DAGs
[2025-05-04T22:17:06.919+0300] {logging_mixin.py:188} INFO - [2025-05-04T22:17:06.919+0300] {dag.py:3834} INFO - Setting next_dagrun for example_time_delta_sensor_async to None, run_after=None
[2025-05-04T22:17:06.929+0300] {processor.py:183} INFO - Processing /Users/admin/anaconda3/lib/python3.11/site-packages/airflow/example_dags/example_time_delta_sensor_async.py took 0.106 seconds
[2025-05-04T22:18:32.413+0300] {processor.py:161} INFO - Started process (PID=16279) to work on /Users/admin/anaconda3/lib/python3.11/site-packages/airflow/example_dags/example_time_delta_sensor_async.py
[2025-05-04T22:18:32.414+0300] {processor.py:830} INFO - Processing file /Users/admin/anaconda3/lib/python3.11/site-packages/airflow/example_dags/example_time_delta_sensor_async.py for tasks to queue
[2025-05-04T22:18:32.415+0300] {logging_mixin.py:188} INFO - [2025-05-04T22:18:32.415+0300] {dagbag.py:540} INFO - Filling up the DagBag from /Users/admin/anaconda3/lib/python3.11/site-packages/airflow/example_dags/example_time_delta_sensor_async.py
[2025-05-04T22:18:32.420+0300] {processor.py:840} INFO - DAG(s) 'example_time_delta_sensor_async' retrieved from /Users/admin/anaconda3/lib/python3.11/site-packages/airflow/example_dags/example_time_delta_sensor_async.py
[2025-05-04T22:18:32.502+0300] {logging_mixin.py:188} INFO - [2025-05-04T22:18:32.502+0300] {dag.py:3047} INFO - Sync 1 DAGs
[2025-05-04T22:18:32.507+0300] {logging_mixin.py:188} INFO - [2025-05-04T22:18:32.507+0300] {dag.py:3834} INFO - Setting next_dagrun for example_time_delta_sensor_async to None, run_after=None
[2025-05-04T22:18:32.519+0300] {processor.py:183} INFO - Processing /Users/admin/anaconda3/lib/python3.11/site-packages/airflow/example_dags/example_time_delta_sensor_async.py took 0.107 seconds
[2025-05-04T22:26:46.850+0300] {processor.py:161} INFO - Started process (PID=16718) to work on /Users/admin/anaconda3/lib/python3.11/site-packages/airflow/example_dags/example_time_delta_sensor_async.py
[2025-05-04T22:26:46.852+0300] {processor.py:830} INFO - Processing file /Users/admin/anaconda3/lib/python3.11/site-packages/airflow/example_dags/example_time_delta_sensor_async.py for tasks to queue
[2025-05-04T22:26:46.852+0300] {logging_mixin.py:188} INFO - [2025-05-04T22:26:46.852+0300] {dagbag.py:540} INFO - Filling up the DagBag from /Users/admin/anaconda3/lib/python3.11/site-packages/airflow/example_dags/example_time_delta_sensor_async.py
[2025-05-04T22:26:46.858+0300] {processor.py:840} INFO - DAG(s) 'example_time_delta_sensor_async' retrieved from /Users/admin/anaconda3/lib/python3.11/site-packages/airflow/example_dags/example_time_delta_sensor_async.py
[2025-05-04T22:26:46.941+0300] {logging_mixin.py:188} INFO - [2025-05-04T22:26:46.941+0300] {dag.py:3047} INFO - Sync 1 DAGs
[2025-05-04T22:26:46.946+0300] {logging_mixin.py:188} INFO - [2025-05-04T22:26:46.946+0300] {dag.py:3834} INFO - Setting next_dagrun for example_time_delta_sensor_async to None, run_after=None
[2025-05-04T22:26:46.956+0300] {processor.py:183} INFO - Processing /Users/admin/anaconda3/lib/python3.11/site-packages/airflow/example_dags/example_time_delta_sensor_async.py took 0.107 seconds
[2025-05-04T22:28:09.759+0300] {processor.py:161} INFO - Started process (PID=17104) to work on /Users/admin/anaconda3/lib/python3.11/site-packages/airflow/example_dags/example_time_delta_sensor_async.py
[2025-05-04T22:28:09.761+0300] {processor.py:830} INFO - Processing file /Users/admin/anaconda3/lib/python3.11/site-packages/airflow/example_dags/example_time_delta_sensor_async.py for tasks to queue
[2025-05-04T22:28:09.761+0300] {logging_mixin.py:188} INFO - [2025-05-04T22:28:09.761+0300] {dagbag.py:540} INFO - Filling up the DagBag from /Users/admin/anaconda3/lib/python3.11/site-packages/airflow/example_dags/example_time_delta_sensor_async.py
[2025-05-04T22:28:09.768+0300] {processor.py:840} INFO - DAG(s) 'example_time_delta_sensor_async' retrieved from /Users/admin/anaconda3/lib/python3.11/site-packages/airflow/example_dags/example_time_delta_sensor_async.py
[2025-05-04T22:28:09.851+0300] {logging_mixin.py:188} INFO - [2025-05-04T22:28:09.851+0300] {dag.py:3047} INFO - Sync 1 DAGs
[2025-05-04T22:28:09.856+0300] {logging_mixin.py:188} INFO - [2025-05-04T22:28:09.856+0300] {dag.py:3834} INFO - Setting next_dagrun for example_time_delta_sensor_async to None, run_after=None
[2025-05-04T22:28:09.867+0300] {processor.py:183} INFO - Processing /Users/admin/anaconda3/lib/python3.11/site-packages/airflow/example_dags/example_time_delta_sensor_async.py took 0.108 seconds
[2025-05-04T22:29:31.323+0300] {processor.py:161} INFO - Started process (PID=17488) to work on /Users/admin/anaconda3/lib/python3.11/site-packages/airflow/example_dags/example_time_delta_sensor_async.py
[2025-05-04T22:29:31.325+0300] {processor.py:830} INFO - Processing file /Users/admin/anaconda3/lib/python3.11/site-packages/airflow/example_dags/example_time_delta_sensor_async.py for tasks to queue
[2025-05-04T22:29:31.325+0300] {logging_mixin.py:188} INFO - [2025-05-04T22:29:31.325+0300] {dagbag.py:540} INFO - Filling up the DagBag from /Users/admin/anaconda3/lib/python3.11/site-packages/airflow/example_dags/example_time_delta_sensor_async.py
[2025-05-04T22:29:31.331+0300] {processor.py:840} INFO - DAG(s) 'example_time_delta_sensor_async' retrieved from /Users/admin/anaconda3/lib/python3.11/site-packages/airflow/example_dags/example_time_delta_sensor_async.py
[2025-05-04T22:29:31.413+0300] {logging_mixin.py:188} INFO - [2025-05-04T22:29:31.413+0300] {dag.py:3047} INFO - Sync 1 DAGs
[2025-05-04T22:29:31.418+0300] {logging_mixin.py:188} INFO - [2025-05-04T22:29:31.418+0300] {dag.py:3834} INFO - Setting next_dagrun for example_time_delta_sensor_async to None, run_after=None
[2025-05-04T22:29:31.429+0300] {processor.py:183} INFO - Processing /Users/admin/anaconda3/lib/python3.11/site-packages/airflow/example_dags/example_time_delta_sensor_async.py took 0.107 seconds
[2025-05-04T22:30:52.765+0300] {processor.py:161} INFO - Started process (PID=17885) to work on /Users/admin/anaconda3/lib/python3.11/site-packages/airflow/example_dags/example_time_delta_sensor_async.py
[2025-05-04T22:30:52.767+0300] {processor.py:830} INFO - Processing file /Users/admin/anaconda3/lib/python3.11/site-packages/airflow/example_dags/example_time_delta_sensor_async.py for tasks to queue
[2025-05-04T22:30:52.767+0300] {logging_mixin.py:188} INFO - [2025-05-04T22:30:52.767+0300] {dagbag.py:540} INFO - Filling up the DagBag from /Users/admin/anaconda3/lib/python3.11/site-packages/airflow/example_dags/example_time_delta_sensor_async.py
[2025-05-04T22:30:52.773+0300] {processor.py:840} INFO - DAG(s) 'example_time_delta_sensor_async' retrieved from /Users/admin/anaconda3/lib/python3.11/site-packages/airflow/example_dags/example_time_delta_sensor_async.py
[2025-05-04T22:30:52.855+0300] {logging_mixin.py:188} INFO - [2025-05-04T22:30:52.854+0300] {dag.py:3047} INFO - Sync 1 DAGs
[2025-05-04T22:30:52.860+0300] {logging_mixin.py:188} INFO - [2025-05-04T22:30:52.860+0300] {dag.py:3834} INFO - Setting next_dagrun for example_time_delta_sensor_async to None, run_after=None
[2025-05-04T22:30:52.870+0300] {processor.py:183} INFO - Processing /Users/admin/anaconda3/lib/python3.11/site-packages/airflow/example_dags/example_time_delta_sensor_async.py took 0.105 seconds
[2025-05-04T23:16:10.152+0300] {processor.py:161} INFO - Started process (PID=18361) to work on /Users/admin/anaconda3/lib/python3.11/site-packages/airflow/example_dags/example_time_delta_sensor_async.py
[2025-05-04T23:16:10.154+0300] {processor.py:830} INFO - Processing file /Users/admin/anaconda3/lib/python3.11/site-packages/airflow/example_dags/example_time_delta_sensor_async.py for tasks to queue
[2025-05-04T23:16:10.155+0300] {logging_mixin.py:188} INFO - [2025-05-04T23:16:10.154+0300] {dagbag.py:540} INFO - Filling up the DagBag from /Users/admin/anaconda3/lib/python3.11/site-packages/airflow/example_dags/example_time_delta_sensor_async.py
[2025-05-04T23:16:10.161+0300] {processor.py:840} INFO - DAG(s) 'example_time_delta_sensor_async' retrieved from /Users/admin/anaconda3/lib/python3.11/site-packages/airflow/example_dags/example_time_delta_sensor_async.py
[2025-05-04T23:16:10.251+0300] {logging_mixin.py:188} INFO - [2025-05-04T23:16:10.251+0300] {dag.py:3047} INFO - Sync 1 DAGs
[2025-05-04T23:16:10.258+0300] {logging_mixin.py:188} INFO - [2025-05-04T23:16:10.257+0300] {dag.py:3834} INFO - Setting next_dagrun for example_time_delta_sensor_async to None, run_after=None
[2025-05-04T23:16:10.270+0300] {processor.py:183} INFO - Processing /Users/admin/anaconda3/lib/python3.11/site-packages/airflow/example_dags/example_time_delta_sensor_async.py took 0.118 seconds
[2025-05-04T23:17:33.366+0300] {processor.py:161} INFO - Started process (PID=18755) to work on /Users/admin/anaconda3/lib/python3.11/site-packages/airflow/example_dags/example_time_delta_sensor_async.py
[2025-05-04T23:17:33.367+0300] {processor.py:830} INFO - Processing file /Users/admin/anaconda3/lib/python3.11/site-packages/airflow/example_dags/example_time_delta_sensor_async.py for tasks to queue
[2025-05-04T23:17:33.368+0300] {logging_mixin.py:188} INFO - [2025-05-04T23:17:33.368+0300] {dagbag.py:540} INFO - Filling up the DagBag from /Users/admin/anaconda3/lib/python3.11/site-packages/airflow/example_dags/example_time_delta_sensor_async.py
[2025-05-04T23:17:33.374+0300] {processor.py:840} INFO - DAG(s) 'example_time_delta_sensor_async' retrieved from /Users/admin/anaconda3/lib/python3.11/site-packages/airflow/example_dags/example_time_delta_sensor_async.py
[2025-05-04T23:17:33.455+0300] {logging_mixin.py:188} INFO - [2025-05-04T23:17:33.455+0300] {dag.py:3047} INFO - Sync 1 DAGs
[2025-05-04T23:17:33.460+0300] {logging_mixin.py:188} INFO - [2025-05-04T23:17:33.460+0300] {dag.py:3834} INFO - Setting next_dagrun for example_time_delta_sensor_async to None, run_after=None
[2025-05-04T23:17:33.471+0300] {processor.py:183} INFO - Processing /Users/admin/anaconda3/lib/python3.11/site-packages/airflow/example_dags/example_time_delta_sensor_async.py took 0.105 seconds
[2025-05-04T23:18:56.113+0300] {processor.py:161} INFO - Started process (PID=19153) to work on /Users/admin/anaconda3/lib/python3.11/site-packages/airflow/example_dags/example_time_delta_sensor_async.py
[2025-05-04T23:18:56.114+0300] {processor.py:830} INFO - Processing file /Users/admin/anaconda3/lib/python3.11/site-packages/airflow/example_dags/example_time_delta_sensor_async.py for tasks to queue
[2025-05-04T23:18:56.115+0300] {logging_mixin.py:188} INFO - [2025-05-04T23:18:56.115+0300] {dagbag.py:540} INFO - Filling up the DagBag from /Users/admin/anaconda3/lib/python3.11/site-packages/airflow/example_dags/example_time_delta_sensor_async.py
[2025-05-04T23:18:56.120+0300] {processor.py:840} INFO - DAG(s) 'example_time_delta_sensor_async' retrieved from /Users/admin/anaconda3/lib/python3.11/site-packages/airflow/example_dags/example_time_delta_sensor_async.py
[2025-05-04T23:18:56.201+0300] {logging_mixin.py:188} INFO - [2025-05-04T23:18:56.201+0300] {dag.py:3047} INFO - Sync 1 DAGs
[2025-05-04T23:18:56.206+0300] {logging_mixin.py:188} INFO - [2025-05-04T23:18:56.206+0300] {dag.py:3834} INFO - Setting next_dagrun for example_time_delta_sensor_async to None, run_after=None
[2025-05-04T23:18:56.216+0300] {processor.py:183} INFO - Processing /Users/admin/anaconda3/lib/python3.11/site-packages/airflow/example_dags/example_time_delta_sensor_async.py took 0.104 seconds
[2025-05-04T23:20:17.628+0300] {processor.py:161} INFO - Started process (PID=19539) to work on /Users/admin/anaconda3/lib/python3.11/site-packages/airflow/example_dags/example_time_delta_sensor_async.py
[2025-05-04T23:20:17.629+0300] {processor.py:830} INFO - Processing file /Users/admin/anaconda3/lib/python3.11/site-packages/airflow/example_dags/example_time_delta_sensor_async.py for tasks to queue
[2025-05-04T23:20:17.629+0300] {logging_mixin.py:188} INFO - [2025-05-04T23:20:17.629+0300] {dagbag.py:540} INFO - Filling up the DagBag from /Users/admin/anaconda3/lib/python3.11/site-packages/airflow/example_dags/example_time_delta_sensor_async.py
[2025-05-04T23:20:17.635+0300] {processor.py:840} INFO - DAG(s) 'example_time_delta_sensor_async' retrieved from /Users/admin/anaconda3/lib/python3.11/site-packages/airflow/example_dags/example_time_delta_sensor_async.py
[2025-05-04T23:20:17.716+0300] {logging_mixin.py:188} INFO - [2025-05-04T23:20:17.716+0300] {dag.py:3047} INFO - Sync 1 DAGs
[2025-05-04T23:20:17.726+0300] {logging_mixin.py:188} INFO - [2025-05-04T23:20:17.725+0300] {dag.py:3834} INFO - Setting next_dagrun for example_time_delta_sensor_async to None, run_after=None
[2025-05-04T23:20:17.741+0300] {processor.py:183} INFO - Processing /Users/admin/anaconda3/lib/python3.11/site-packages/airflow/example_dags/example_time_delta_sensor_async.py took 0.114 seconds
[2025-05-04T23:21:44.824+0300] {processor.py:161} INFO - Started process (PID=19949) to work on /Users/admin/anaconda3/lib/python3.11/site-packages/airflow/example_dags/example_time_delta_sensor_async.py
[2025-05-04T23:21:44.825+0300] {processor.py:830} INFO - Processing file /Users/admin/anaconda3/lib/python3.11/site-packages/airflow/example_dags/example_time_delta_sensor_async.py for tasks to queue
[2025-05-04T23:21:44.825+0300] {logging_mixin.py:188} INFO - [2025-05-04T23:21:44.825+0300] {dagbag.py:540} INFO - Filling up the DagBag from /Users/admin/anaconda3/lib/python3.11/site-packages/airflow/example_dags/example_time_delta_sensor_async.py
[2025-05-04T23:21:44.832+0300] {processor.py:840} INFO - DAG(s) 'example_time_delta_sensor_async' retrieved from /Users/admin/anaconda3/lib/python3.11/site-packages/airflow/example_dags/example_time_delta_sensor_async.py
[2025-05-04T23:21:44.913+0300] {logging_mixin.py:188} INFO - [2025-05-04T23:21:44.913+0300] {dag.py:3047} INFO - Sync 1 DAGs
[2025-05-04T23:21:44.919+0300] {logging_mixin.py:188} INFO - [2025-05-04T23:21:44.919+0300] {dag.py:3834} INFO - Setting next_dagrun for example_time_delta_sensor_async to None, run_after=None
[2025-05-04T23:21:44.929+0300] {processor.py:183} INFO - Processing /Users/admin/anaconda3/lib/python3.11/site-packages/airflow/example_dags/example_time_delta_sensor_async.py took 0.106 seconds
[2025-05-04T23:23:14.960+0300] {processor.py:161} INFO - Started process (PID=20367) to work on /Users/admin/anaconda3/lib/python3.11/site-packages/airflow/example_dags/example_time_delta_sensor_async.py
[2025-05-04T23:23:14.961+0300] {processor.py:830} INFO - Processing file /Users/admin/anaconda3/lib/python3.11/site-packages/airflow/example_dags/example_time_delta_sensor_async.py for tasks to queue
[2025-05-04T23:23:14.962+0300] {logging_mixin.py:188} INFO - [2025-05-04T23:23:14.962+0300] {dagbag.py:540} INFO - Filling up the DagBag from /Users/admin/anaconda3/lib/python3.11/site-packages/airflow/example_dags/example_time_delta_sensor_async.py
[2025-05-04T23:23:14.967+0300] {processor.py:840} INFO - DAG(s) 'example_time_delta_sensor_async' retrieved from /Users/admin/anaconda3/lib/python3.11/site-packages/airflow/example_dags/example_time_delta_sensor_async.py
[2025-05-04T23:23:15.049+0300] {logging_mixin.py:188} INFO - [2025-05-04T23:23:15.049+0300] {dag.py:3047} INFO - Sync 1 DAGs
[2025-05-04T23:23:15.054+0300] {logging_mixin.py:188} INFO - [2025-05-04T23:23:15.054+0300] {dag.py:3834} INFO - Setting next_dagrun for example_time_delta_sensor_async to None, run_after=None
[2025-05-04T23:23:15.065+0300] {processor.py:183} INFO - Processing /Users/admin/anaconda3/lib/python3.11/site-packages/airflow/example_dags/example_time_delta_sensor_async.py took 0.106 seconds
[2025-05-04T23:24:42.007+0300] {processor.py:161} INFO - Started process (PID=20775) to work on /Users/admin/anaconda3/lib/python3.11/site-packages/airflow/example_dags/example_time_delta_sensor_async.py
[2025-05-04T23:24:42.008+0300] {processor.py:830} INFO - Processing file /Users/admin/anaconda3/lib/python3.11/site-packages/airflow/example_dags/example_time_delta_sensor_async.py for tasks to queue
[2025-05-04T23:24:42.008+0300] {logging_mixin.py:188} INFO - [2025-05-04T23:24:42.008+0300] {dagbag.py:540} INFO - Filling up the DagBag from /Users/admin/anaconda3/lib/python3.11/site-packages/airflow/example_dags/example_time_delta_sensor_async.py
[2025-05-04T23:24:42.014+0300] {processor.py:840} INFO - DAG(s) 'example_time_delta_sensor_async' retrieved from /Users/admin/anaconda3/lib/python3.11/site-packages/airflow/example_dags/example_time_delta_sensor_async.py
[2025-05-04T23:24:42.095+0300] {logging_mixin.py:188} INFO - [2025-05-04T23:24:42.095+0300] {dag.py:3047} INFO - Sync 1 DAGs
[2025-05-04T23:24:42.100+0300] {logging_mixin.py:188} INFO - [2025-05-04T23:24:42.100+0300] {dag.py:3834} INFO - Setting next_dagrun for example_time_delta_sensor_async to None, run_after=None
[2025-05-04T23:24:42.111+0300] {processor.py:183} INFO - Processing /Users/admin/anaconda3/lib/python3.11/site-packages/airflow/example_dags/example_time_delta_sensor_async.py took 0.104 seconds
[2025-05-04T23:26:09.042+0300] {processor.py:161} INFO - Started process (PID=21185) to work on /Users/admin/anaconda3/lib/python3.11/site-packages/airflow/example_dags/example_time_delta_sensor_async.py
[2025-05-04T23:26:09.044+0300] {processor.py:830} INFO - Processing file /Users/admin/anaconda3/lib/python3.11/site-packages/airflow/example_dags/example_time_delta_sensor_async.py for tasks to queue
[2025-05-04T23:26:09.044+0300] {logging_mixin.py:188} INFO - [2025-05-04T23:26:09.044+0300] {dagbag.py:540} INFO - Filling up the DagBag from /Users/admin/anaconda3/lib/python3.11/site-packages/airflow/example_dags/example_time_delta_sensor_async.py
[2025-05-04T23:26:09.050+0300] {processor.py:840} INFO - DAG(s) 'example_time_delta_sensor_async' retrieved from /Users/admin/anaconda3/lib/python3.11/site-packages/airflow/example_dags/example_time_delta_sensor_async.py
[2025-05-04T23:26:09.135+0300] {logging_mixin.py:188} INFO - [2025-05-04T23:26:09.135+0300] {dag.py:3047} INFO - Sync 1 DAGs
[2025-05-04T23:26:09.141+0300] {logging_mixin.py:188} INFO - [2025-05-04T23:26:09.141+0300] {dag.py:3834} INFO - Setting next_dagrun for example_time_delta_sensor_async to None, run_after=None
[2025-05-04T23:26:09.151+0300] {processor.py:183} INFO - Processing /Users/admin/anaconda3/lib/python3.11/site-packages/airflow/example_dags/example_time_delta_sensor_async.py took 0.110 seconds
[2025-05-04T23:27:34.872+0300] {processor.py:161} INFO - Started process (PID=21593) to work on /Users/admin/anaconda3/lib/python3.11/site-packages/airflow/example_dags/example_time_delta_sensor_async.py
[2025-05-04T23:27:34.873+0300] {processor.py:830} INFO - Processing file /Users/admin/anaconda3/lib/python3.11/site-packages/airflow/example_dags/example_time_delta_sensor_async.py for tasks to queue
[2025-05-04T23:27:34.873+0300] {logging_mixin.py:188} INFO - [2025-05-04T23:27:34.873+0300] {dagbag.py:540} INFO - Filling up the DagBag from /Users/admin/anaconda3/lib/python3.11/site-packages/airflow/example_dags/example_time_delta_sensor_async.py
[2025-05-04T23:27:34.879+0300] {processor.py:840} INFO - DAG(s) 'example_time_delta_sensor_async' retrieved from /Users/admin/anaconda3/lib/python3.11/site-packages/airflow/example_dags/example_time_delta_sensor_async.py
[2025-05-04T23:27:34.961+0300] {logging_mixin.py:188} INFO - [2025-05-04T23:27:34.961+0300] {dag.py:3047} INFO - Sync 1 DAGs
[2025-05-04T23:27:34.967+0300] {logging_mixin.py:188} INFO - [2025-05-04T23:27:34.966+0300] {dag.py:3834} INFO - Setting next_dagrun for example_time_delta_sensor_async to None, run_after=None
[2025-05-04T23:27:34.978+0300] {processor.py:183} INFO - Processing /Users/admin/anaconda3/lib/python3.11/site-packages/airflow/example_dags/example_time_delta_sensor_async.py took 0.106 seconds
[2025-05-04T23:29:04.379+0300] {processor.py:161} INFO - Started process (PID=22016) to work on /Users/admin/anaconda3/lib/python3.11/site-packages/airflow/example_dags/example_time_delta_sensor_async.py
[2025-05-04T23:29:04.381+0300] {processor.py:830} INFO - Processing file /Users/admin/anaconda3/lib/python3.11/site-packages/airflow/example_dags/example_time_delta_sensor_async.py for tasks to queue
[2025-05-04T23:29:04.381+0300] {logging_mixin.py:188} INFO - [2025-05-04T23:29:04.381+0300] {dagbag.py:540} INFO - Filling up the DagBag from /Users/admin/anaconda3/lib/python3.11/site-packages/airflow/example_dags/example_time_delta_sensor_async.py
[2025-05-04T23:29:04.387+0300] {processor.py:840} INFO - DAG(s) 'example_time_delta_sensor_async' retrieved from /Users/admin/anaconda3/lib/python3.11/site-packages/airflow/example_dags/example_time_delta_sensor_async.py
[2025-05-04T23:29:04.468+0300] {logging_mixin.py:188} INFO - [2025-05-04T23:29:04.468+0300] {dag.py:3047} INFO - Sync 1 DAGs
[2025-05-04T23:29:04.473+0300] {logging_mixin.py:188} INFO - [2025-05-04T23:29:04.473+0300] {dag.py:3834} INFO - Setting next_dagrun for example_time_delta_sensor_async to None, run_after=None
[2025-05-04T23:29:04.484+0300] {processor.py:183} INFO - Processing /Users/admin/anaconda3/lib/python3.11/site-packages/airflow/example_dags/example_time_delta_sensor_async.py took 0.105 seconds
[2025-05-04T23:30:30.838+0300] {processor.py:161} INFO - Started process (PID=22444) to work on /Users/admin/anaconda3/lib/python3.11/site-packages/airflow/example_dags/example_time_delta_sensor_async.py
[2025-05-04T23:30:30.839+0300] {processor.py:830} INFO - Processing file /Users/admin/anaconda3/lib/python3.11/site-packages/airflow/example_dags/example_time_delta_sensor_async.py for tasks to queue
[2025-05-04T23:30:30.840+0300] {logging_mixin.py:188} INFO - [2025-05-04T23:30:30.840+0300] {dagbag.py:540} INFO - Filling up the DagBag from /Users/admin/anaconda3/lib/python3.11/site-packages/airflow/example_dags/example_time_delta_sensor_async.py
[2025-05-04T23:30:30.846+0300] {processor.py:840} INFO - DAG(s) 'example_time_delta_sensor_async' retrieved from /Users/admin/anaconda3/lib/python3.11/site-packages/airflow/example_dags/example_time_delta_sensor_async.py
[2025-05-04T23:30:30.927+0300] {logging_mixin.py:188} INFO - [2025-05-04T23:30:30.927+0300] {dag.py:3047} INFO - Sync 1 DAGs
[2025-05-04T23:30:30.932+0300] {logging_mixin.py:188} INFO - [2025-05-04T23:30:30.932+0300] {dag.py:3834} INFO - Setting next_dagrun for example_time_delta_sensor_async to None, run_after=None
[2025-05-04T23:30:30.943+0300] {processor.py:183} INFO - Processing /Users/admin/anaconda3/lib/python3.11/site-packages/airflow/example_dags/example_time_delta_sensor_async.py took 0.105 seconds
[2025-05-04T23:32:03.433+0300] {processor.py:161} INFO - Started process (PID=22869) to work on /Users/admin/anaconda3/lib/python3.11/site-packages/airflow/example_dags/example_time_delta_sensor_async.py
[2025-05-04T23:32:03.434+0300] {processor.py:830} INFO - Processing file /Users/admin/anaconda3/lib/python3.11/site-packages/airflow/example_dags/example_time_delta_sensor_async.py for tasks to queue
[2025-05-04T23:32:03.435+0300] {logging_mixin.py:188} INFO - [2025-05-04T23:32:03.434+0300] {dagbag.py:540} INFO - Filling up the DagBag from /Users/admin/anaconda3/lib/python3.11/site-packages/airflow/example_dags/example_time_delta_sensor_async.py
[2025-05-04T23:32:03.440+0300] {processor.py:840} INFO - DAG(s) 'example_time_delta_sensor_async' retrieved from /Users/admin/anaconda3/lib/python3.11/site-packages/airflow/example_dags/example_time_delta_sensor_async.py
[2025-05-04T23:32:03.523+0300] {logging_mixin.py:188} INFO - [2025-05-04T23:32:03.523+0300] {dag.py:3047} INFO - Sync 1 DAGs
[2025-05-04T23:32:03.528+0300] {logging_mixin.py:188} INFO - [2025-05-04T23:32:03.528+0300] {dag.py:3834} INFO - Setting next_dagrun for example_time_delta_sensor_async to None, run_after=None
[2025-05-04T23:32:03.538+0300] {processor.py:183} INFO - Processing /Users/admin/anaconda3/lib/python3.11/site-packages/airflow/example_dags/example_time_delta_sensor_async.py took 0.106 seconds
[2025-05-04T23:33:31.654+0300] {processor.py:161} INFO - Started process (PID=23281) to work on /Users/admin/anaconda3/lib/python3.11/site-packages/airflow/example_dags/example_time_delta_sensor_async.py
[2025-05-04T23:33:31.656+0300] {processor.py:830} INFO - Processing file /Users/admin/anaconda3/lib/python3.11/site-packages/airflow/example_dags/example_time_delta_sensor_async.py for tasks to queue
[2025-05-04T23:33:31.656+0300] {logging_mixin.py:188} INFO - [2025-05-04T23:33:31.656+0300] {dagbag.py:540} INFO - Filling up the DagBag from /Users/admin/anaconda3/lib/python3.11/site-packages/airflow/example_dags/example_time_delta_sensor_async.py
[2025-05-04T23:33:31.662+0300] {processor.py:840} INFO - DAG(s) 'example_time_delta_sensor_async' retrieved from /Users/admin/anaconda3/lib/python3.11/site-packages/airflow/example_dags/example_time_delta_sensor_async.py
[2025-05-04T23:33:31.743+0300] {logging_mixin.py:188} INFO - [2025-05-04T23:33:31.742+0300] {dag.py:3047} INFO - Sync 1 DAGs
[2025-05-04T23:33:31.748+0300] {logging_mixin.py:188} INFO - [2025-05-04T23:33:31.748+0300] {dag.py:3834} INFO - Setting next_dagrun for example_time_delta_sensor_async to None, run_after=None
[2025-05-04T23:33:31.758+0300] {processor.py:183} INFO - Processing /Users/admin/anaconda3/lib/python3.11/site-packages/airflow/example_dags/example_time_delta_sensor_async.py took 0.105 seconds
[2025-05-04T23:35:03.094+0300] {processor.py:161} INFO - Started process (PID=23714) to work on /Users/admin/anaconda3/lib/python3.11/site-packages/airflow/example_dags/example_time_delta_sensor_async.py
[2025-05-04T23:35:03.095+0300] {processor.py:830} INFO - Processing file /Users/admin/anaconda3/lib/python3.11/site-packages/airflow/example_dags/example_time_delta_sensor_async.py for tasks to queue
[2025-05-04T23:35:03.095+0300] {logging_mixin.py:188} INFO - [2025-05-04T23:35:03.095+0300] {dagbag.py:540} INFO - Filling up the DagBag from /Users/admin/anaconda3/lib/python3.11/site-packages/airflow/example_dags/example_time_delta_sensor_async.py
[2025-05-04T23:35:03.102+0300] {processor.py:840} INFO - DAG(s) 'example_time_delta_sensor_async' retrieved from /Users/admin/anaconda3/lib/python3.11/site-packages/airflow/example_dags/example_time_delta_sensor_async.py
[2025-05-04T23:35:03.184+0300] {logging_mixin.py:188} INFO - [2025-05-04T23:35:03.184+0300] {dag.py:3047} INFO - Sync 1 DAGs
[2025-05-04T23:35:03.189+0300] {logging_mixin.py:188} INFO - [2025-05-04T23:35:03.189+0300] {dag.py:3834} INFO - Setting next_dagrun for example_time_delta_sensor_async to None, run_after=None
[2025-05-04T23:35:03.199+0300] {processor.py:183} INFO - Processing /Users/admin/anaconda3/lib/python3.11/site-packages/airflow/example_dags/example_time_delta_sensor_async.py took 0.106 seconds
[2025-05-04T23:36:34.811+0300] {processor.py:161} INFO - Started process (PID=24158) to work on /Users/admin/anaconda3/lib/python3.11/site-packages/airflow/example_dags/example_time_delta_sensor_async.py
[2025-05-04T23:36:34.813+0300] {processor.py:830} INFO - Processing file /Users/admin/anaconda3/lib/python3.11/site-packages/airflow/example_dags/example_time_delta_sensor_async.py for tasks to queue
[2025-05-04T23:36:34.813+0300] {logging_mixin.py:188} INFO - [2025-05-04T23:36:34.813+0300] {dagbag.py:540} INFO - Filling up the DagBag from /Users/admin/anaconda3/lib/python3.11/site-packages/airflow/example_dags/example_time_delta_sensor_async.py
[2025-05-04T23:36:34.819+0300] {processor.py:840} INFO - DAG(s) 'example_time_delta_sensor_async' retrieved from /Users/admin/anaconda3/lib/python3.11/site-packages/airflow/example_dags/example_time_delta_sensor_async.py
[2025-05-04T23:36:34.901+0300] {logging_mixin.py:188} INFO - [2025-05-04T23:36:34.901+0300] {dag.py:3047} INFO - Sync 1 DAGs
[2025-05-04T23:36:34.906+0300] {logging_mixin.py:188} INFO - [2025-05-04T23:36:34.906+0300] {dag.py:3834} INFO - Setting next_dagrun for example_time_delta_sensor_async to None, run_after=None
[2025-05-04T23:36:34.916+0300] {processor.py:183} INFO - Processing /Users/admin/anaconda3/lib/python3.11/site-packages/airflow/example_dags/example_time_delta_sensor_async.py took 0.105 seconds
[2025-05-04T23:38:04.869+0300] {processor.py:161} INFO - Started process (PID=24592) to work on /Users/admin/anaconda3/lib/python3.11/site-packages/airflow/example_dags/example_time_delta_sensor_async.py
[2025-05-04T23:38:04.870+0300] {processor.py:830} INFO - Processing file /Users/admin/anaconda3/lib/python3.11/site-packages/airflow/example_dags/example_time_delta_sensor_async.py for tasks to queue
[2025-05-04T23:38:04.871+0300] {logging_mixin.py:188} INFO - [2025-05-04T23:38:04.871+0300] {dagbag.py:540} INFO - Filling up the DagBag from /Users/admin/anaconda3/lib/python3.11/site-packages/airflow/example_dags/example_time_delta_sensor_async.py
[2025-05-04T23:38:04.877+0300] {processor.py:840} INFO - DAG(s) 'example_time_delta_sensor_async' retrieved from /Users/admin/anaconda3/lib/python3.11/site-packages/airflow/example_dags/example_time_delta_sensor_async.py
[2025-05-04T23:38:04.958+0300] {logging_mixin.py:188} INFO - [2025-05-04T23:38:04.958+0300] {dag.py:3047} INFO - Sync 1 DAGs
[2025-05-04T23:38:04.963+0300] {logging_mixin.py:188} INFO - [2025-05-04T23:38:04.963+0300] {dag.py:3834} INFO - Setting next_dagrun for example_time_delta_sensor_async to None, run_after=None
[2025-05-04T23:38:04.973+0300] {processor.py:183} INFO - Processing /Users/admin/anaconda3/lib/python3.11/site-packages/airflow/example_dags/example_time_delta_sensor_async.py took 0.105 seconds
[2025-05-04T23:39:34.537+0300] {processor.py:161} INFO - Started process (PID=25025) to work on /Users/admin/anaconda3/lib/python3.11/site-packages/airflow/example_dags/example_time_delta_sensor_async.py
[2025-05-04T23:39:34.538+0300] {processor.py:830} INFO - Processing file /Users/admin/anaconda3/lib/python3.11/site-packages/airflow/example_dags/example_time_delta_sensor_async.py for tasks to queue
[2025-05-04T23:39:34.538+0300] {logging_mixin.py:188} INFO - [2025-05-04T23:39:34.538+0300] {dagbag.py:540} INFO - Filling up the DagBag from /Users/admin/anaconda3/lib/python3.11/site-packages/airflow/example_dags/example_time_delta_sensor_async.py
[2025-05-04T23:39:34.544+0300] {processor.py:840} INFO - DAG(s) 'example_time_delta_sensor_async' retrieved from /Users/admin/anaconda3/lib/python3.11/site-packages/airflow/example_dags/example_time_delta_sensor_async.py
[2025-05-04T23:39:34.626+0300] {logging_mixin.py:188} INFO - [2025-05-04T23:39:34.626+0300] {dag.py:3047} INFO - Sync 1 DAGs
[2025-05-04T23:39:34.631+0300] {logging_mixin.py:188} INFO - [2025-05-04T23:39:34.631+0300] {dag.py:3834} INFO - Setting next_dagrun for example_time_delta_sensor_async to None, run_after=None
[2025-05-04T23:39:34.641+0300] {processor.py:183} INFO - Processing /Users/admin/anaconda3/lib/python3.11/site-packages/airflow/example_dags/example_time_delta_sensor_async.py took 0.106 seconds
[2025-05-04T23:41:17.753+0300] {processor.py:161} INFO - Started process (PID=25495) to work on /Users/admin/anaconda3/lib/python3.11/site-packages/airflow/example_dags/example_time_delta_sensor_async.py
[2025-05-04T23:41:17.755+0300] {processor.py:830} INFO - Processing file /Users/admin/anaconda3/lib/python3.11/site-packages/airflow/example_dags/example_time_delta_sensor_async.py for tasks to queue
[2025-05-04T23:41:17.755+0300] {logging_mixin.py:188} INFO - [2025-05-04T23:41:17.755+0300] {dagbag.py:540} INFO - Filling up the DagBag from /Users/admin/anaconda3/lib/python3.11/site-packages/airflow/example_dags/example_time_delta_sensor_async.py
[2025-05-04T23:41:17.764+0300] {processor.py:840} INFO - DAG(s) 'example_time_delta_sensor_async' retrieved from /Users/admin/anaconda3/lib/python3.11/site-packages/airflow/example_dags/example_time_delta_sensor_async.py
[2025-05-04T23:41:17.887+0300] {logging_mixin.py:188} INFO - [2025-05-04T23:41:17.887+0300] {dag.py:3047} INFO - Sync 1 DAGs
[2025-05-04T23:41:17.894+0300] {logging_mixin.py:188} INFO - [2025-05-04T23:41:17.893+0300] {dag.py:3834} INFO - Setting next_dagrun for example_time_delta_sensor_async to None, run_after=None
[2025-05-04T23:41:17.907+0300] {processor.py:183} INFO - Processing /Users/admin/anaconda3/lib/python3.11/site-packages/airflow/example_dags/example_time_delta_sensor_async.py took 0.155 seconds
[2025-05-04T23:43:02.628+0300] {processor.py:161} INFO - Started process (PID=25978) to work on /Users/admin/anaconda3/lib/python3.11/site-packages/airflow/example_dags/example_time_delta_sensor_async.py
[2025-05-04T23:43:02.629+0300] {processor.py:830} INFO - Processing file /Users/admin/anaconda3/lib/python3.11/site-packages/airflow/example_dags/example_time_delta_sensor_async.py for tasks to queue
[2025-05-04T23:43:02.630+0300] {logging_mixin.py:188} INFO - [2025-05-04T23:43:02.630+0300] {dagbag.py:540} INFO - Filling up the DagBag from /Users/admin/anaconda3/lib/python3.11/site-packages/airflow/example_dags/example_time_delta_sensor_async.py
[2025-05-04T23:43:02.636+0300] {processor.py:840} INFO - DAG(s) 'example_time_delta_sensor_async' retrieved from /Users/admin/anaconda3/lib/python3.11/site-packages/airflow/example_dags/example_time_delta_sensor_async.py
[2025-05-04T23:43:02.719+0300] {logging_mixin.py:188} INFO - [2025-05-04T23:43:02.718+0300] {dag.py:3047} INFO - Sync 1 DAGs
[2025-05-04T23:43:02.724+0300] {logging_mixin.py:188} INFO - [2025-05-04T23:43:02.724+0300] {dag.py:3834} INFO - Setting next_dagrun for example_time_delta_sensor_async to None, run_after=None
[2025-05-04T23:43:02.734+0300] {processor.py:183} INFO - Processing /Users/admin/anaconda3/lib/python3.11/site-packages/airflow/example_dags/example_time_delta_sensor_async.py took 0.107 seconds
[2025-05-04T23:44:44.158+0300] {processor.py:161} INFO - Started process (PID=26448) to work on /Users/admin/anaconda3/lib/python3.11/site-packages/airflow/example_dags/example_time_delta_sensor_async.py
[2025-05-04T23:44:44.160+0300] {processor.py:830} INFO - Processing file /Users/admin/anaconda3/lib/python3.11/site-packages/airflow/example_dags/example_time_delta_sensor_async.py for tasks to queue
[2025-05-04T23:44:44.160+0300] {logging_mixin.py:188} INFO - [2025-05-04T23:44:44.160+0300] {dagbag.py:540} INFO - Filling up the DagBag from /Users/admin/anaconda3/lib/python3.11/site-packages/airflow/example_dags/example_time_delta_sensor_async.py
[2025-05-04T23:44:44.166+0300] {processor.py:840} INFO - DAG(s) 'example_time_delta_sensor_async' retrieved from /Users/admin/anaconda3/lib/python3.11/site-packages/airflow/example_dags/example_time_delta_sensor_async.py
[2025-05-04T23:44:44.248+0300] {logging_mixin.py:188} INFO - [2025-05-04T23:44:44.248+0300] {dag.py:3047} INFO - Sync 1 DAGs
[2025-05-04T23:44:44.253+0300] {logging_mixin.py:188} INFO - [2025-05-04T23:44:44.253+0300] {dag.py:3834} INFO - Setting next_dagrun for example_time_delta_sensor_async to None, run_after=None
[2025-05-04T23:44:44.263+0300] {processor.py:183} INFO - Processing /Users/admin/anaconda3/lib/python3.11/site-packages/airflow/example_dags/example_time_delta_sensor_async.py took 0.105 seconds
[2025-05-04T23:46:19.484+0300] {processor.py:161} INFO - Started process (PID=26894) to work on /Users/admin/anaconda3/lib/python3.11/site-packages/airflow/example_dags/example_time_delta_sensor_async.py
[2025-05-04T23:46:19.486+0300] {processor.py:830} INFO - Processing file /Users/admin/anaconda3/lib/python3.11/site-packages/airflow/example_dags/example_time_delta_sensor_async.py for tasks to queue
[2025-05-04T23:46:19.486+0300] {logging_mixin.py:188} INFO - [2025-05-04T23:46:19.486+0300] {dagbag.py:540} INFO - Filling up the DagBag from /Users/admin/anaconda3/lib/python3.11/site-packages/airflow/example_dags/example_time_delta_sensor_async.py
[2025-05-04T23:46:19.492+0300] {processor.py:840} INFO - DAG(s) 'example_time_delta_sensor_async' retrieved from /Users/admin/anaconda3/lib/python3.11/site-packages/airflow/example_dags/example_time_delta_sensor_async.py
[2025-05-04T23:46:19.574+0300] {logging_mixin.py:188} INFO - [2025-05-04T23:46:19.573+0300] {dag.py:3047} INFO - Sync 1 DAGs
[2025-05-04T23:46:19.579+0300] {logging_mixin.py:188} INFO - [2025-05-04T23:46:19.579+0300] {dag.py:3834} INFO - Setting next_dagrun for example_time_delta_sensor_async to None, run_after=None
[2025-05-04T23:46:19.589+0300] {processor.py:183} INFO - Processing /Users/admin/anaconda3/lib/python3.11/site-packages/airflow/example_dags/example_time_delta_sensor_async.py took 0.105 seconds
[2025-05-04T23:47:48.719+0300] {processor.py:161} INFO - Started process (PID=27315) to work on /Users/admin/anaconda3/lib/python3.11/site-packages/airflow/example_dags/example_time_delta_sensor_async.py
[2025-05-04T23:47:48.721+0300] {processor.py:830} INFO - Processing file /Users/admin/anaconda3/lib/python3.11/site-packages/airflow/example_dags/example_time_delta_sensor_async.py for tasks to queue
[2025-05-04T23:47:48.721+0300] {logging_mixin.py:188} INFO - [2025-05-04T23:47:48.721+0300] {dagbag.py:540} INFO - Filling up the DagBag from /Users/admin/anaconda3/lib/python3.11/site-packages/airflow/example_dags/example_time_delta_sensor_async.py
[2025-05-04T23:47:48.727+0300] {processor.py:840} INFO - DAG(s) 'example_time_delta_sensor_async' retrieved from /Users/admin/anaconda3/lib/python3.11/site-packages/airflow/example_dags/example_time_delta_sensor_async.py
[2025-05-04T23:47:48.808+0300] {logging_mixin.py:188} INFO - [2025-05-04T23:47:48.807+0300] {dag.py:3047} INFO - Sync 1 DAGs
[2025-05-04T23:47:48.813+0300] {logging_mixin.py:188} INFO - [2025-05-04T23:47:48.813+0300] {dag.py:3834} INFO - Setting next_dagrun for example_time_delta_sensor_async to None, run_after=None
[2025-05-04T23:47:48.823+0300] {processor.py:183} INFO - Processing /Users/admin/anaconda3/lib/python3.11/site-packages/airflow/example_dags/example_time_delta_sensor_async.py took 0.105 seconds
[2025-05-04T23:49:18.143+0300] {processor.py:161} INFO - Started process (PID=27731) to work on /Users/admin/anaconda3/lib/python3.11/site-packages/airflow/example_dags/example_time_delta_sensor_async.py
[2025-05-04T23:49:18.144+0300] {processor.py:830} INFO - Processing file /Users/admin/anaconda3/lib/python3.11/site-packages/airflow/example_dags/example_time_delta_sensor_async.py for tasks to queue
[2025-05-04T23:49:18.145+0300] {logging_mixin.py:188} INFO - [2025-05-04T23:49:18.145+0300] {dagbag.py:540} INFO - Filling up the DagBag from /Users/admin/anaconda3/lib/python3.11/site-packages/airflow/example_dags/example_time_delta_sensor_async.py
[2025-05-04T23:49:18.151+0300] {processor.py:840} INFO - DAG(s) 'example_time_delta_sensor_async' retrieved from /Users/admin/anaconda3/lib/python3.11/site-packages/airflow/example_dags/example_time_delta_sensor_async.py
[2025-05-04T23:49:18.233+0300] {logging_mixin.py:188} INFO - [2025-05-04T23:49:18.233+0300] {dag.py:3047} INFO - Sync 1 DAGs
[2025-05-04T23:49:18.238+0300] {logging_mixin.py:188} INFO - [2025-05-04T23:49:18.238+0300] {dag.py:3834} INFO - Setting next_dagrun for example_time_delta_sensor_async to None, run_after=None
[2025-05-04T23:49:18.248+0300] {processor.py:183} INFO - Processing /Users/admin/anaconda3/lib/python3.11/site-packages/airflow/example_dags/example_time_delta_sensor_async.py took 0.106 seconds
[2025-05-04T23:50:46.696+0300] {processor.py:161} INFO - Started process (PID=28149) to work on /Users/admin/anaconda3/lib/python3.11/site-packages/airflow/example_dags/example_time_delta_sensor_async.py
[2025-05-04T23:50:46.697+0300] {processor.py:830} INFO - Processing file /Users/admin/anaconda3/lib/python3.11/site-packages/airflow/example_dags/example_time_delta_sensor_async.py for tasks to queue
[2025-05-04T23:50:46.697+0300] {logging_mixin.py:188} INFO - [2025-05-04T23:50:46.697+0300] {dagbag.py:540} INFO - Filling up the DagBag from /Users/admin/anaconda3/lib/python3.11/site-packages/airflow/example_dags/example_time_delta_sensor_async.py
[2025-05-04T23:50:46.704+0300] {processor.py:840} INFO - DAG(s) 'example_time_delta_sensor_async' retrieved from /Users/admin/anaconda3/lib/python3.11/site-packages/airflow/example_dags/example_time_delta_sensor_async.py
[2025-05-04T23:50:46.786+0300] {logging_mixin.py:188} INFO - [2025-05-04T23:50:46.785+0300] {dag.py:3047} INFO - Sync 1 DAGs
[2025-05-04T23:50:46.791+0300] {logging_mixin.py:188} INFO - [2025-05-04T23:50:46.791+0300] {dag.py:3834} INFO - Setting next_dagrun for example_time_delta_sensor_async to None, run_after=None
[2025-05-04T23:50:46.801+0300] {processor.py:183} INFO - Processing /Users/admin/anaconda3/lib/python3.11/site-packages/airflow/example_dags/example_time_delta_sensor_async.py took 0.106 seconds
[2025-05-04T23:52:29.580+0300] {processor.py:161} INFO - Started process (PID=28624) to work on /Users/admin/anaconda3/lib/python3.11/site-packages/airflow/example_dags/example_time_delta_sensor_async.py
[2025-05-04T23:52:29.580+0300] {processor.py:830} INFO - Processing file /Users/admin/anaconda3/lib/python3.11/site-packages/airflow/example_dags/example_time_delta_sensor_async.py for tasks to queue
[2025-05-04T23:52:29.581+0300] {logging_mixin.py:188} INFO - [2025-05-04T23:52:29.581+0300] {dagbag.py:540} INFO - Filling up the DagBag from /Users/admin/anaconda3/lib/python3.11/site-packages/airflow/example_dags/example_time_delta_sensor_async.py
[2025-05-04T23:52:29.587+0300] {processor.py:840} INFO - DAG(s) 'example_time_delta_sensor_async' retrieved from /Users/admin/anaconda3/lib/python3.11/site-packages/airflow/example_dags/example_time_delta_sensor_async.py
[2025-05-04T23:52:29.670+0300] {logging_mixin.py:188} INFO - [2025-05-04T23:52:29.669+0300] {dag.py:3047} INFO - Sync 1 DAGs
[2025-05-04T23:52:29.675+0300] {logging_mixin.py:188} INFO - [2025-05-04T23:52:29.675+0300] {dag.py:3834} INFO - Setting next_dagrun for example_time_delta_sensor_async to None, run_after=None
[2025-05-04T23:52:29.687+0300] {processor.py:183} INFO - Processing /Users/admin/anaconda3/lib/python3.11/site-packages/airflow/example_dags/example_time_delta_sensor_async.py took 0.108 seconds
[2025-05-04T23:58:26.828+0300] {processor.py:161} INFO - Started process (PID=29092) to work on /Users/admin/anaconda3/lib/python3.11/site-packages/airflow/example_dags/example_time_delta_sensor_async.py
[2025-05-04T23:58:26.829+0300] {processor.py:830} INFO - Processing file /Users/admin/anaconda3/lib/python3.11/site-packages/airflow/example_dags/example_time_delta_sensor_async.py for tasks to queue
[2025-05-04T23:58:26.829+0300] {logging_mixin.py:188} INFO - [2025-05-04T23:58:26.829+0300] {dagbag.py:540} INFO - Filling up the DagBag from /Users/admin/anaconda3/lib/python3.11/site-packages/airflow/example_dags/example_time_delta_sensor_async.py
[2025-05-04T23:58:26.835+0300] {processor.py:840} INFO - DAG(s) 'example_time_delta_sensor_async' retrieved from /Users/admin/anaconda3/lib/python3.11/site-packages/airflow/example_dags/example_time_delta_sensor_async.py
[2025-05-04T23:58:26.918+0300] {logging_mixin.py:188} INFO - [2025-05-04T23:58:26.917+0300] {dag.py:3047} INFO - Sync 1 DAGs
[2025-05-04T23:58:26.923+0300] {logging_mixin.py:188} INFO - [2025-05-04T23:58:26.923+0300] {dag.py:3834} INFO - Setting next_dagrun for example_time_delta_sensor_async to None, run_after=None
[2025-05-04T23:58:26.933+0300] {processor.py:183} INFO - Processing /Users/admin/anaconda3/lib/python3.11/site-packages/airflow/example_dags/example_time_delta_sensor_async.py took 0.106 seconds
