[2025-05-04T22:12:16.789+0300] {processor.py:161} INFO - Started process (PID=14491) to work on /Users/admin/anaconda3/lib/python3.11/site-packages/airflow/example_dags/example_branch_datetime_operator.py
[2025-05-04T22:12:16.790+0300] {processor.py:830} INFO - Processing file /Users/admin/anaconda3/lib/python3.11/site-packages/airflow/example_dags/example_branch_datetime_operator.py for tasks to queue
[2025-05-04T22:12:16.790+0300] {logging_mixin.py:188} INFO - [2025-05-04T22:12:16.790+0300] {dagbag.py:540} INFO - Filling up the DagBag from /Users/admin/anaconda3/lib/python3.11/site-packages/airflow/example_dags/example_branch_datetime_operator.py
[2025-05-04T22:12:16.799+0300] {processor.py:840} INFO - DAG(s) 'example_branch_datetime_operator', 'example_branch_datetime_operator_2', 'example_branch_datetime_operator_3' retrieved from /Users/admin/anaconda3/lib/python3.11/site-packages/airflow/example_dags/example_branch_datetime_operator.py
[2025-05-04T22:12:16.914+0300] {logging_mixin.py:188} INFO - [2025-05-04T22:12:16.914+0300] {dag.py:3047} INFO - Sync 3 DAGs
[2025-05-04T22:12:16.925+0300] {logging_mixin.py:188} INFO - [2025-05-04T22:12:16.925+0300] {dag.py:3834} INFO - Setting next_dagrun for example_branch_datetime_operator to 2025-05-03 00:00:00+00:00, run_after=2025-05-04 00:00:00+00:00
[2025-05-04T22:12:16.927+0300] {logging_mixin.py:188} INFO - [2025-05-04T22:12:16.926+0300] {dag.py:3834} INFO - Setting next_dagrun for example_branch_datetime_operator_2 to 2025-05-03 00:00:00+00:00, run_after=2025-05-04 00:00:00+00:00
[2025-05-04T22:12:16.928+0300] {logging_mixin.py:188} INFO - [2025-05-04T22:12:16.928+0300] {dag.py:3834} INFO - Setting next_dagrun for example_branch_datetime_operator_3 to 2025-05-03 00:00:00+00:00, run_after=2025-05-04 00:00:00+00:00
[2025-05-04T22:12:16.937+0300] {processor.py:183} INFO - Processing /Users/admin/anaconda3/lib/python3.11/site-packages/airflow/example_dags/example_branch_datetime_operator.py took 0.149 seconds
[2025-05-04T22:15:01.352+0300] {processor.py:161} INFO - Started process (PID=15275) to work on /Users/admin/anaconda3/lib/python3.11/site-packages/airflow/example_dags/example_branch_datetime_operator.py
[2025-05-04T22:15:01.353+0300] {processor.py:830} INFO - Processing file /Users/admin/anaconda3/lib/python3.11/site-packages/airflow/example_dags/example_branch_datetime_operator.py for tasks to queue
[2025-05-04T22:15:01.354+0300] {logging_mixin.py:188} INFO - [2025-05-04T22:15:01.353+0300] {dagbag.py:540} INFO - Filling up the DagBag from /Users/admin/anaconda3/lib/python3.11/site-packages/airflow/example_dags/example_branch_datetime_operator.py
[2025-05-04T22:15:01.362+0300] {processor.py:840} INFO - DAG(s) 'example_branch_datetime_operator_2', 'example_branch_datetime_operator', 'example_branch_datetime_operator_3' retrieved from /Users/admin/anaconda3/lib/python3.11/site-packages/airflow/example_dags/example_branch_datetime_operator.py
[2025-05-04T22:15:01.426+0300] {logging_mixin.py:188} INFO - [2025-05-04T22:15:01.425+0300] {dag.py:3047} INFO - Sync 3 DAGs
[2025-05-04T22:15:01.435+0300] {logging_mixin.py:188} INFO - [2025-05-04T22:15:01.435+0300] {dag.py:3834} INFO - Setting next_dagrun for example_branch_datetime_operator to 2025-05-03 00:00:00+00:00, run_after=2025-05-04 00:00:00+00:00
[2025-05-04T22:15:01.438+0300] {logging_mixin.py:188} INFO - [2025-05-04T22:15:01.438+0300] {dag.py:3834} INFO - Setting next_dagrun for example_branch_datetime_operator_2 to 2025-05-03 00:00:00+00:00, run_after=2025-05-04 00:00:00+00:00
[2025-05-04T22:15:01.439+0300] {logging_mixin.py:188} INFO - [2025-05-04T22:15:01.439+0300] {dag.py:3834} INFO - Setting next_dagrun for example_branch_datetime_operator_3 to 2025-05-03 00:00:00+00:00, run_after=2025-05-04 00:00:00+00:00
[2025-05-04T22:15:01.448+0300] {processor.py:183} INFO - Processing /Users/admin/anaconda3/lib/python3.11/site-packages/airflow/example_dags/example_branch_datetime_operator.py took 0.096 seconds
[2025-05-04T22:17:49.121+0300] {processor.py:161} INFO - Started process (PID=16075) to work on /Users/admin/anaconda3/lib/python3.11/site-packages/airflow/example_dags/example_branch_datetime_operator.py
[2025-05-04T22:17:49.122+0300] {processor.py:830} INFO - Processing file /Users/admin/anaconda3/lib/python3.11/site-packages/airflow/example_dags/example_branch_datetime_operator.py for tasks to queue
[2025-05-04T22:17:49.122+0300] {logging_mixin.py:188} INFO - [2025-05-04T22:17:49.122+0300] {dagbag.py:540} INFO - Filling up the DagBag from /Users/admin/anaconda3/lib/python3.11/site-packages/airflow/example_dags/example_branch_datetime_operator.py
[2025-05-04T22:17:49.130+0300] {processor.py:840} INFO - DAG(s) 'example_branch_datetime_operator', 'example_branch_datetime_operator_2', 'example_branch_datetime_operator_3' retrieved from /Users/admin/anaconda3/lib/python3.11/site-packages/airflow/example_dags/example_branch_datetime_operator.py
[2025-05-04T22:17:49.199+0300] {logging_mixin.py:188} INFO - [2025-05-04T22:17:49.199+0300] {dag.py:3047} INFO - Sync 3 DAGs
[2025-05-04T22:17:49.209+0300] {logging_mixin.py:188} INFO - [2025-05-04T22:17:49.209+0300] {dag.py:3834} INFO - Setting next_dagrun for example_branch_datetime_operator to 2025-05-03 00:00:00+00:00, run_after=2025-05-04 00:00:00+00:00
[2025-05-04T22:17:49.211+0300] {logging_mixin.py:188} INFO - [2025-05-04T22:17:49.211+0300] {dag.py:3834} INFO - Setting next_dagrun for example_branch_datetime_operator_2 to 2025-05-03 00:00:00+00:00, run_after=2025-05-04 00:00:00+00:00
[2025-05-04T22:17:49.212+0300] {logging_mixin.py:188} INFO - [2025-05-04T22:17:49.212+0300] {dag.py:3834} INFO - Setting next_dagrun for example_branch_datetime_operator_3 to 2025-05-03 00:00:00+00:00, run_after=2025-05-04 00:00:00+00:00
[2025-05-04T22:17:49.222+0300] {processor.py:183} INFO - Processing /Users/admin/anaconda3/lib/python3.11/site-packages/airflow/example_dags/example_branch_datetime_operator.py took 0.102 seconds
[2025-05-04T22:27:28.127+0300] {processor.py:161} INFO - Started process (PID=16909) to work on /Users/admin/anaconda3/lib/python3.11/site-packages/airflow/example_dags/example_branch_datetime_operator.py
[2025-05-04T22:27:28.128+0300] {processor.py:830} INFO - Processing file /Users/admin/anaconda3/lib/python3.11/site-packages/airflow/example_dags/example_branch_datetime_operator.py for tasks to queue
[2025-05-04T22:27:28.129+0300] {logging_mixin.py:188} INFO - [2025-05-04T22:27:28.129+0300] {dagbag.py:540} INFO - Filling up the DagBag from /Users/admin/anaconda3/lib/python3.11/site-packages/airflow/example_dags/example_branch_datetime_operator.py
[2025-05-04T22:27:28.137+0300] {processor.py:840} INFO - DAG(s) 'example_branch_datetime_operator_3', 'example_branch_datetime_operator', 'example_branch_datetime_operator_2' retrieved from /Users/admin/anaconda3/lib/python3.11/site-packages/airflow/example_dags/example_branch_datetime_operator.py
[2025-05-04T22:27:28.202+0300] {logging_mixin.py:188} INFO - [2025-05-04T22:27:28.202+0300] {dag.py:3047} INFO - Sync 3 DAGs
[2025-05-04T22:27:28.212+0300] {logging_mixin.py:188} INFO - [2025-05-04T22:27:28.212+0300] {dag.py:3834} INFO - Setting next_dagrun for example_branch_datetime_operator to 2025-05-03 00:00:00+00:00, run_after=2025-05-04 00:00:00+00:00
[2025-05-04T22:27:28.215+0300] {logging_mixin.py:188} INFO - [2025-05-04T22:27:28.215+0300] {dag.py:3834} INFO - Setting next_dagrun for example_branch_datetime_operator_2 to 2025-05-03 00:00:00+00:00, run_after=2025-05-04 00:00:00+00:00
[2025-05-04T22:27:28.216+0300] {logging_mixin.py:188} INFO - [2025-05-04T22:27:28.216+0300] {dag.py:3834} INFO - Setting next_dagrun for example_branch_datetime_operator_3 to 2025-05-03 00:00:00+00:00, run_after=2025-05-04 00:00:00+00:00
[2025-05-04T22:27:28.225+0300] {processor.py:183} INFO - Processing /Users/admin/anaconda3/lib/python3.11/site-packages/airflow/example_dags/example_branch_datetime_operator.py took 0.098 seconds
[2025-05-04T22:30:12.506+0300] {processor.py:161} INFO - Started process (PID=17676) to work on /Users/admin/anaconda3/lib/python3.11/site-packages/airflow/example_dags/example_branch_datetime_operator.py
[2025-05-04T22:30:12.507+0300] {processor.py:830} INFO - Processing file /Users/admin/anaconda3/lib/python3.11/site-packages/airflow/example_dags/example_branch_datetime_operator.py for tasks to queue
[2025-05-04T22:30:12.508+0300] {logging_mixin.py:188} INFO - [2025-05-04T22:30:12.508+0300] {dagbag.py:540} INFO - Filling up the DagBag from /Users/admin/anaconda3/lib/python3.11/site-packages/airflow/example_dags/example_branch_datetime_operator.py
[2025-05-04T22:30:12.516+0300] {processor.py:840} INFO - DAG(s) 'example_branch_datetime_operator', 'example_branch_datetime_operator_2', 'example_branch_datetime_operator_3' retrieved from /Users/admin/anaconda3/lib/python3.11/site-packages/airflow/example_dags/example_branch_datetime_operator.py
[2025-05-04T22:30:12.580+0300] {logging_mixin.py:188} INFO - [2025-05-04T22:30:12.580+0300] {dag.py:3047} INFO - Sync 3 DAGs
[2025-05-04T22:30:12.590+0300] {logging_mixin.py:188} INFO - [2025-05-04T22:30:12.590+0300] {dag.py:3834} INFO - Setting next_dagrun for example_branch_datetime_operator to 2025-05-03 00:00:00+00:00, run_after=2025-05-04 00:00:00+00:00
[2025-05-04T22:30:12.592+0300] {logging_mixin.py:188} INFO - [2025-05-04T22:30:12.592+0300] {dag.py:3834} INFO - Setting next_dagrun for example_branch_datetime_operator_2 to 2025-05-03 00:00:00+00:00, run_after=2025-05-04 00:00:00+00:00
[2025-05-04T22:30:12.593+0300] {logging_mixin.py:188} INFO - [2025-05-04T22:30:12.593+0300] {dag.py:3834} INFO - Setting next_dagrun for example_branch_datetime_operator_3 to 2025-05-03 00:00:00+00:00, run_after=2025-05-04 00:00:00+00:00
[2025-05-04T22:30:12.602+0300] {processor.py:183} INFO - Processing /Users/admin/anaconda3/lib/python3.11/site-packages/airflow/example_dags/example_branch_datetime_operator.py took 0.097 seconds
[2025-05-04T23:16:51.061+0300] {processor.py:161} INFO - Started process (PID=18562) to work on /Users/admin/anaconda3/lib/python3.11/site-packages/airflow/example_dags/example_branch_datetime_operator.py
[2025-05-04T23:16:51.062+0300] {processor.py:830} INFO - Processing file /Users/admin/anaconda3/lib/python3.11/site-packages/airflow/example_dags/example_branch_datetime_operator.py for tasks to queue
[2025-05-04T23:16:51.062+0300] {logging_mixin.py:188} INFO - [2025-05-04T23:16:51.062+0300] {dagbag.py:540} INFO - Filling up the DagBag from /Users/admin/anaconda3/lib/python3.11/site-packages/airflow/example_dags/example_branch_datetime_operator.py
[2025-05-04T23:16:51.071+0300] {processor.py:840} INFO - DAG(s) 'example_branch_datetime_operator_3', 'example_branch_datetime_operator', 'example_branch_datetime_operator_2' retrieved from /Users/admin/anaconda3/lib/python3.11/site-packages/airflow/example_dags/example_branch_datetime_operator.py
[2025-05-04T23:16:51.135+0300] {logging_mixin.py:188} INFO - [2025-05-04T23:16:51.135+0300] {dag.py:3047} INFO - Sync 3 DAGs
[2025-05-04T23:16:51.145+0300] {logging_mixin.py:188} INFO - [2025-05-04T23:16:51.145+0300] {dag.py:3834} INFO - Setting next_dagrun for example_branch_datetime_operator to 2025-05-03 00:00:00+00:00, run_after=2025-05-04 00:00:00+00:00
[2025-05-04T23:16:51.148+0300] {logging_mixin.py:188} INFO - [2025-05-04T23:16:51.148+0300] {dag.py:3834} INFO - Setting next_dagrun for example_branch_datetime_operator_2 to 2025-05-03 00:00:00+00:00, run_after=2025-05-04 00:00:00+00:00
[2025-05-04T23:16:51.149+0300] {logging_mixin.py:188} INFO - [2025-05-04T23:16:51.149+0300] {dag.py:3834} INFO - Setting next_dagrun for example_branch_datetime_operator_3 to 2025-05-03 00:00:00+00:00, run_after=2025-05-04 00:00:00+00:00
[2025-05-04T23:16:51.158+0300] {processor.py:183} INFO - Processing /Users/admin/anaconda3/lib/python3.11/site-packages/airflow/example_dags/example_branch_datetime_operator.py took 0.097 seconds
[2025-05-04T23:19:37.358+0300] {processor.py:161} INFO - Started process (PID=19349) to work on /Users/admin/anaconda3/lib/python3.11/site-packages/airflow/example_dags/example_branch_datetime_operator.py
[2025-05-04T23:19:37.360+0300] {processor.py:830} INFO - Processing file /Users/admin/anaconda3/lib/python3.11/site-packages/airflow/example_dags/example_branch_datetime_operator.py for tasks to queue
[2025-05-04T23:19:37.360+0300] {logging_mixin.py:188} INFO - [2025-05-04T23:19:37.360+0300] {dagbag.py:540} INFO - Filling up the DagBag from /Users/admin/anaconda3/lib/python3.11/site-packages/airflow/example_dags/example_branch_datetime_operator.py
[2025-05-04T23:19:37.368+0300] {processor.py:840} INFO - DAG(s) 'example_branch_datetime_operator_3', 'example_branch_datetime_operator', 'example_branch_datetime_operator_2' retrieved from /Users/admin/anaconda3/lib/python3.11/site-packages/airflow/example_dags/example_branch_datetime_operator.py
[2025-05-04T23:19:37.433+0300] {logging_mixin.py:188} INFO - [2025-05-04T23:19:37.433+0300] {dag.py:3047} INFO - Sync 3 DAGs
[2025-05-04T23:19:37.443+0300] {logging_mixin.py:188} INFO - [2025-05-04T23:19:37.443+0300] {dag.py:3834} INFO - Setting next_dagrun for example_branch_datetime_operator to 2025-05-03 00:00:00+00:00, run_after=2025-05-04 00:00:00+00:00
[2025-05-04T23:19:37.445+0300] {logging_mixin.py:188} INFO - [2025-05-04T23:19:37.445+0300] {dag.py:3834} INFO - Setting next_dagrun for example_branch_datetime_operator_2 to 2025-05-03 00:00:00+00:00, run_after=2025-05-04 00:00:00+00:00
[2025-05-04T23:19:37.446+0300] {logging_mixin.py:188} INFO - [2025-05-04T23:19:37.446+0300] {dag.py:3834} INFO - Setting next_dagrun for example_branch_datetime_operator_3 to 2025-05-03 00:00:00+00:00, run_after=2025-05-04 00:00:00+00:00
[2025-05-04T23:19:37.455+0300] {processor.py:183} INFO - Processing /Users/admin/anaconda3/lib/python3.11/site-packages/airflow/example_dags/example_branch_datetime_operator.py took 0.098 seconds
[2025-05-04T23:22:30.983+0300] {processor.py:161} INFO - Started process (PID=20159) to work on /Users/admin/anaconda3/lib/python3.11/site-packages/airflow/example_dags/example_branch_datetime_operator.py
[2025-05-04T23:22:30.984+0300] {processor.py:830} INFO - Processing file /Users/admin/anaconda3/lib/python3.11/site-packages/airflow/example_dags/example_branch_datetime_operator.py for tasks to queue
[2025-05-04T23:22:30.985+0300] {logging_mixin.py:188} INFO - [2025-05-04T23:22:30.985+0300] {dagbag.py:540} INFO - Filling up the DagBag from /Users/admin/anaconda3/lib/python3.11/site-packages/airflow/example_dags/example_branch_datetime_operator.py
[2025-05-04T23:22:30.993+0300] {processor.py:840} INFO - DAG(s) 'example_branch_datetime_operator', 'example_branch_datetime_operator_3', 'example_branch_datetime_operator_2' retrieved from /Users/admin/anaconda3/lib/python3.11/site-packages/airflow/example_dags/example_branch_datetime_operator.py
[2025-05-04T23:22:31.057+0300] {logging_mixin.py:188} INFO - [2025-05-04T23:22:31.056+0300] {dag.py:3047} INFO - Sync 3 DAGs
[2025-05-04T23:22:31.066+0300] {logging_mixin.py:188} INFO - [2025-05-04T23:22:31.066+0300] {dag.py:3834} INFO - Setting next_dagrun for example_branch_datetime_operator to 2025-05-03 00:00:00+00:00, run_after=2025-05-04 00:00:00+00:00
[2025-05-04T23:22:31.069+0300] {logging_mixin.py:188} INFO - [2025-05-04T23:22:31.069+0300] {dag.py:3834} INFO - Setting next_dagrun for example_branch_datetime_operator_2 to 2025-05-03 00:00:00+00:00, run_after=2025-05-04 00:00:00+00:00
[2025-05-04T23:22:31.070+0300] {logging_mixin.py:188} INFO - [2025-05-04T23:22:31.070+0300] {dag.py:3834} INFO - Setting next_dagrun for example_branch_datetime_operator_3 to 2025-05-03 00:00:00+00:00, run_after=2025-05-04 00:00:00+00:00
[2025-05-04T23:22:31.079+0300] {processor.py:183} INFO - Processing /Users/admin/anaconda3/lib/python3.11/site-packages/airflow/example_dags/example_branch_datetime_operator.py took 0.096 seconds
[2025-05-04T23:25:23.330+0300] {processor.py:161} INFO - Started process (PID=20966) to work on /Users/admin/anaconda3/lib/python3.11/site-packages/airflow/example_dags/example_branch_datetime_operator.py
[2025-05-04T23:25:23.332+0300] {processor.py:830} INFO - Processing file /Users/admin/anaconda3/lib/python3.11/site-packages/airflow/example_dags/example_branch_datetime_operator.py for tasks to queue
[2025-05-04T23:25:23.332+0300] {logging_mixin.py:188} INFO - [2025-05-04T23:25:23.332+0300] {dagbag.py:540} INFO - Filling up the DagBag from /Users/admin/anaconda3/lib/python3.11/site-packages/airflow/example_dags/example_branch_datetime_operator.py
[2025-05-04T23:25:23.340+0300] {processor.py:840} INFO - DAG(s) 'example_branch_datetime_operator_3', 'example_branch_datetime_operator_2', 'example_branch_datetime_operator' retrieved from /Users/admin/anaconda3/lib/python3.11/site-packages/airflow/example_dags/example_branch_datetime_operator.py
[2025-05-04T23:25:23.404+0300] {logging_mixin.py:188} INFO - [2025-05-04T23:25:23.404+0300] {dag.py:3047} INFO - Sync 3 DAGs
[2025-05-04T23:25:23.414+0300] {logging_mixin.py:188} INFO - [2025-05-04T23:25:23.414+0300] {dag.py:3834} INFO - Setting next_dagrun for example_branch_datetime_operator to 2025-05-03 00:00:00+00:00, run_after=2025-05-04 00:00:00+00:00
[2025-05-04T23:25:23.416+0300] {logging_mixin.py:188} INFO - [2025-05-04T23:25:23.416+0300] {dag.py:3834} INFO - Setting next_dagrun for example_branch_datetime_operator_2 to 2025-05-03 00:00:00+00:00, run_after=2025-05-04 00:00:00+00:00
[2025-05-04T23:25:23.417+0300] {logging_mixin.py:188} INFO - [2025-05-04T23:25:23.417+0300] {dag.py:3834} INFO - Setting next_dagrun for example_branch_datetime_operator_3 to 2025-05-03 00:00:00+00:00, run_after=2025-05-04 00:00:00+00:00
[2025-05-04T23:25:23.426+0300] {processor.py:183} INFO - Processing /Users/admin/anaconda3/lib/python3.11/site-packages/airflow/example_dags/example_branch_datetime_operator.py took 0.097 seconds
[2025-05-04T23:28:16.565+0300] {processor.py:161} INFO - Started process (PID=21793) to work on /Users/admin/anaconda3/lib/python3.11/site-packages/airflow/example_dags/example_branch_datetime_operator.py
[2025-05-04T23:28:16.566+0300] {processor.py:830} INFO - Processing file /Users/admin/anaconda3/lib/python3.11/site-packages/airflow/example_dags/example_branch_datetime_operator.py for tasks to queue
[2025-05-04T23:28:16.567+0300] {logging_mixin.py:188} INFO - [2025-05-04T23:28:16.567+0300] {dagbag.py:540} INFO - Filling up the DagBag from /Users/admin/anaconda3/lib/python3.11/site-packages/airflow/example_dags/example_branch_datetime_operator.py
[2025-05-04T23:28:16.575+0300] {processor.py:840} INFO - DAG(s) 'example_branch_datetime_operator', 'example_branch_datetime_operator_3', 'example_branch_datetime_operator_2' retrieved from /Users/admin/anaconda3/lib/python3.11/site-packages/airflow/example_dags/example_branch_datetime_operator.py
[2025-05-04T23:28:16.639+0300] {logging_mixin.py:188} INFO - [2025-05-04T23:28:16.639+0300] {dag.py:3047} INFO - Sync 3 DAGs
[2025-05-04T23:28:16.649+0300] {logging_mixin.py:188} INFO - [2025-05-04T23:28:16.649+0300] {dag.py:3834} INFO - Setting next_dagrun for example_branch_datetime_operator to 2025-05-03 00:00:00+00:00, run_after=2025-05-04 00:00:00+00:00
[2025-05-04T23:28:16.651+0300] {logging_mixin.py:188} INFO - [2025-05-04T23:28:16.651+0300] {dag.py:3834} INFO - Setting next_dagrun for example_branch_datetime_operator_2 to 2025-05-03 00:00:00+00:00, run_after=2025-05-04 00:00:00+00:00
[2025-05-04T23:28:16.652+0300] {logging_mixin.py:188} INFO - [2025-05-04T23:28:16.652+0300] {dag.py:3834} INFO - Setting next_dagrun for example_branch_datetime_operator_3 to 2025-05-03 00:00:00+00:00, run_after=2025-05-04 00:00:00+00:00
[2025-05-04T23:28:16.661+0300] {processor.py:183} INFO - Processing /Users/admin/anaconda3/lib/python3.11/site-packages/airflow/example_dags/example_branch_datetime_operator.py took 0.097 seconds
[2025-05-04T23:31:17.215+0300] {processor.py:161} INFO - Started process (PID=22661) to work on /Users/admin/anaconda3/lib/python3.11/site-packages/airflow/example_dags/example_branch_datetime_operator.py
[2025-05-04T23:31:17.216+0300] {processor.py:830} INFO - Processing file /Users/admin/anaconda3/lib/python3.11/site-packages/airflow/example_dags/example_branch_datetime_operator.py for tasks to queue
[2025-05-04T23:31:17.217+0300] {logging_mixin.py:188} INFO - [2025-05-04T23:31:17.217+0300] {dagbag.py:540} INFO - Filling up the DagBag from /Users/admin/anaconda3/lib/python3.11/site-packages/airflow/example_dags/example_branch_datetime_operator.py
[2025-05-04T23:31:17.225+0300] {processor.py:840} INFO - DAG(s) 'example_branch_datetime_operator_2', 'example_branch_datetime_operator_3', 'example_branch_datetime_operator' retrieved from /Users/admin/anaconda3/lib/python3.11/site-packages/airflow/example_dags/example_branch_datetime_operator.py
[2025-05-04T23:31:17.289+0300] {logging_mixin.py:188} INFO - [2025-05-04T23:31:17.288+0300] {dag.py:3047} INFO - Sync 3 DAGs
[2025-05-04T23:31:17.299+0300] {logging_mixin.py:188} INFO - [2025-05-04T23:31:17.298+0300] {dag.py:3834} INFO - Setting next_dagrun for example_branch_datetime_operator to 2025-05-03 00:00:00+00:00, run_after=2025-05-04 00:00:00+00:00
[2025-05-04T23:31:17.301+0300] {logging_mixin.py:188} INFO - [2025-05-04T23:31:17.301+0300] {dag.py:3834} INFO - Setting next_dagrun for example_branch_datetime_operator_2 to 2025-05-03 00:00:00+00:00, run_after=2025-05-04 00:00:00+00:00
[2025-05-04T23:31:17.302+0300] {logging_mixin.py:188} INFO - [2025-05-04T23:31:17.302+0300] {dag.py:3834} INFO - Setting next_dagrun for example_branch_datetime_operator_3 to 2025-05-03 00:00:00+00:00, run_after=2025-05-04 00:00:00+00:00
[2025-05-04T23:31:17.311+0300] {processor.py:183} INFO - Processing /Users/admin/anaconda3/lib/python3.11/site-packages/airflow/example_dags/example_branch_datetime_operator.py took 0.097 seconds
[2025-05-04T23:34:13.345+0300] {processor.py:161} INFO - Started process (PID=23475) to work on /Users/admin/anaconda3/lib/python3.11/site-packages/airflow/example_dags/example_branch_datetime_operator.py
[2025-05-04T23:34:13.346+0300] {processor.py:830} INFO - Processing file /Users/admin/anaconda3/lib/python3.11/site-packages/airflow/example_dags/example_branch_datetime_operator.py for tasks to queue
[2025-05-04T23:34:13.346+0300] {logging_mixin.py:188} INFO - [2025-05-04T23:34:13.346+0300] {dagbag.py:540} INFO - Filling up the DagBag from /Users/admin/anaconda3/lib/python3.11/site-packages/airflow/example_dags/example_branch_datetime_operator.py
[2025-05-04T23:34:13.356+0300] {processor.py:840} INFO - DAG(s) 'example_branch_datetime_operator_2', 'example_branch_datetime_operator_3', 'example_branch_datetime_operator' retrieved from /Users/admin/anaconda3/lib/python3.11/site-packages/airflow/example_dags/example_branch_datetime_operator.py
[2025-05-04T23:34:13.437+0300] {logging_mixin.py:188} INFO - [2025-05-04T23:34:13.437+0300] {dag.py:3047} INFO - Sync 3 DAGs
[2025-05-04T23:34:13.451+0300] {logging_mixin.py:188} INFO - [2025-05-04T23:34:13.450+0300] {dag.py:3834} INFO - Setting next_dagrun for example_branch_datetime_operator to 2025-05-03 00:00:00+00:00, run_after=2025-05-04 00:00:00+00:00
[2025-05-04T23:34:13.454+0300] {logging_mixin.py:188} INFO - [2025-05-04T23:34:13.454+0300] {dag.py:3834} INFO - Setting next_dagrun for example_branch_datetime_operator_2 to 2025-05-03 00:00:00+00:00, run_after=2025-05-04 00:00:00+00:00
[2025-05-04T23:34:13.455+0300] {logging_mixin.py:188} INFO - [2025-05-04T23:34:13.455+0300] {dag.py:3834} INFO - Setting next_dagrun for example_branch_datetime_operator_3 to 2025-05-03 00:00:00+00:00, run_after=2025-05-04 00:00:00+00:00
[2025-05-04T23:34:13.472+0300] {processor.py:183} INFO - Processing /Users/admin/anaconda3/lib/python3.11/site-packages/airflow/example_dags/example_branch_datetime_operator.py took 0.128 seconds
[2025-05-04T23:37:19.032+0300] {processor.py:161} INFO - Started process (PID=24388) to work on /Users/admin/anaconda3/lib/python3.11/site-packages/airflow/example_dags/example_branch_datetime_operator.py
[2025-05-04T23:37:19.034+0300] {processor.py:830} INFO - Processing file /Users/admin/anaconda3/lib/python3.11/site-packages/airflow/example_dags/example_branch_datetime_operator.py for tasks to queue
[2025-05-04T23:37:19.034+0300] {logging_mixin.py:188} INFO - [2025-05-04T23:37:19.034+0300] {dagbag.py:540} INFO - Filling up the DagBag from /Users/admin/anaconda3/lib/python3.11/site-packages/airflow/example_dags/example_branch_datetime_operator.py
[2025-05-04T23:37:19.042+0300] {processor.py:840} INFO - DAG(s) 'example_branch_datetime_operator_2', 'example_branch_datetime_operator_3', 'example_branch_datetime_operator' retrieved from /Users/admin/anaconda3/lib/python3.11/site-packages/airflow/example_dags/example_branch_datetime_operator.py
[2025-05-04T23:37:19.106+0300] {logging_mixin.py:188} INFO - [2025-05-04T23:37:19.106+0300] {dag.py:3047} INFO - Sync 3 DAGs
[2025-05-04T23:37:19.116+0300] {logging_mixin.py:188} INFO - [2025-05-04T23:37:19.116+0300] {dag.py:3834} INFO - Setting next_dagrun for example_branch_datetime_operator to 2025-05-03 00:00:00+00:00, run_after=2025-05-04 00:00:00+00:00
[2025-05-04T23:37:19.118+0300] {logging_mixin.py:188} INFO - [2025-05-04T23:37:19.118+0300] {dag.py:3834} INFO - Setting next_dagrun for example_branch_datetime_operator_2 to 2025-05-03 00:00:00+00:00, run_after=2025-05-04 00:00:00+00:00
[2025-05-04T23:37:19.119+0300] {logging_mixin.py:188} INFO - [2025-05-04T23:37:19.119+0300] {dag.py:3834} INFO - Setting next_dagrun for example_branch_datetime_operator_3 to 2025-05-03 00:00:00+00:00, run_after=2025-05-04 00:00:00+00:00
[2025-05-04T23:37:19.130+0300] {processor.py:183} INFO - Processing /Users/admin/anaconda3/lib/python3.11/site-packages/airflow/example_dags/example_branch_datetime_operator.py took 0.098 seconds
[2025-05-04T23:40:25.067+0300] {processor.py:161} INFO - Started process (PID=25255) to work on /Users/admin/anaconda3/lib/python3.11/site-packages/airflow/example_dags/example_branch_datetime_operator.py
[2025-05-04T23:40:25.068+0300] {processor.py:830} INFO - Processing file /Users/admin/anaconda3/lib/python3.11/site-packages/airflow/example_dags/example_branch_datetime_operator.py for tasks to queue
[2025-05-04T23:40:25.069+0300] {logging_mixin.py:188} INFO - [2025-05-04T23:40:25.068+0300] {dagbag.py:540} INFO - Filling up the DagBag from /Users/admin/anaconda3/lib/python3.11/site-packages/airflow/example_dags/example_branch_datetime_operator.py
[2025-05-04T23:40:25.077+0300] {processor.py:840} INFO - DAG(s) 'example_branch_datetime_operator', 'example_branch_datetime_operator_3', 'example_branch_datetime_operator_2' retrieved from /Users/admin/anaconda3/lib/python3.11/site-packages/airflow/example_dags/example_branch_datetime_operator.py
[2025-05-04T23:40:25.141+0300] {logging_mixin.py:188} INFO - [2025-05-04T23:40:25.141+0300] {dag.py:3047} INFO - Sync 3 DAGs
[2025-05-04T23:40:25.151+0300] {logging_mixin.py:188} INFO - [2025-05-04T23:40:25.151+0300] {dag.py:3834} INFO - Setting next_dagrun for example_branch_datetime_operator to 2025-05-03 00:00:00+00:00, run_after=2025-05-04 00:00:00+00:00
[2025-05-04T23:40:25.154+0300] {logging_mixin.py:188} INFO - [2025-05-04T23:40:25.153+0300] {dag.py:3834} INFO - Setting next_dagrun for example_branch_datetime_operator_2 to 2025-05-03 00:00:00+00:00, run_after=2025-05-04 00:00:00+00:00
[2025-05-04T23:40:25.155+0300] {logging_mixin.py:188} INFO - [2025-05-04T23:40:25.155+0300] {dag.py:3834} INFO - Setting next_dagrun for example_branch_datetime_operator_3 to 2025-05-03 00:00:00+00:00, run_after=2025-05-04 00:00:00+00:00
[2025-05-04T23:40:25.164+0300] {processor.py:183} INFO - Processing /Users/admin/anaconda3/lib/python3.11/site-packages/airflow/example_dags/example_branch_datetime_operator.py took 0.098 seconds
[2025-05-04T23:43:58.207+0300] {processor.py:161} INFO - Started process (PID=26231) to work on /Users/admin/anaconda3/lib/python3.11/site-packages/airflow/example_dags/example_branch_datetime_operator.py
[2025-05-04T23:43:58.208+0300] {processor.py:830} INFO - Processing file /Users/admin/anaconda3/lib/python3.11/site-packages/airflow/example_dags/example_branch_datetime_operator.py for tasks to queue
[2025-05-04T23:43:58.209+0300] {logging_mixin.py:188} INFO - [2025-05-04T23:43:58.208+0300] {dagbag.py:540} INFO - Filling up the DagBag from /Users/admin/anaconda3/lib/python3.11/site-packages/airflow/example_dags/example_branch_datetime_operator.py
[2025-05-04T23:43:58.217+0300] {processor.py:840} INFO - DAG(s) 'example_branch_datetime_operator', 'example_branch_datetime_operator_3', 'example_branch_datetime_operator_2' retrieved from /Users/admin/anaconda3/lib/python3.11/site-packages/airflow/example_dags/example_branch_datetime_operator.py
[2025-05-04T23:43:58.285+0300] {logging_mixin.py:188} INFO - [2025-05-04T23:43:58.285+0300] {dag.py:3047} INFO - Sync 3 DAGs
[2025-05-04T23:43:58.296+0300] {logging_mixin.py:188} INFO - [2025-05-04T23:43:58.296+0300] {dag.py:3834} INFO - Setting next_dagrun for example_branch_datetime_operator to 2025-05-03 00:00:00+00:00, run_after=2025-05-04 00:00:00+00:00
[2025-05-04T23:43:58.298+0300] {logging_mixin.py:188} INFO - [2025-05-04T23:43:58.298+0300] {dag.py:3834} INFO - Setting next_dagrun for example_branch_datetime_operator_2 to 2025-05-03 00:00:00+00:00, run_after=2025-05-04 00:00:00+00:00
[2025-05-04T23:43:58.299+0300] {logging_mixin.py:188} INFO - [2025-05-04T23:43:58.299+0300] {dag.py:3834} INFO - Setting next_dagrun for example_branch_datetime_operator_3 to 2025-05-03 00:00:00+00:00, run_after=2025-05-04 00:00:00+00:00
[2025-05-04T23:43:58.309+0300] {processor.py:183} INFO - Processing /Users/admin/anaconda3/lib/python3.11/site-packages/airflow/example_dags/example_branch_datetime_operator.py took 0.103 seconds
[2025-05-04T23:47:00.524+0300] {processor.py:161} INFO - Started process (PID=27088) to work on /Users/admin/anaconda3/lib/python3.11/site-packages/airflow/example_dags/example_branch_datetime_operator.py
[2025-05-04T23:47:00.526+0300] {processor.py:830} INFO - Processing file /Users/admin/anaconda3/lib/python3.11/site-packages/airflow/example_dags/example_branch_datetime_operator.py for tasks to queue
[2025-05-04T23:47:00.526+0300] {logging_mixin.py:188} INFO - [2025-05-04T23:47:00.526+0300] {dagbag.py:540} INFO - Filling up the DagBag from /Users/admin/anaconda3/lib/python3.11/site-packages/airflow/example_dags/example_branch_datetime_operator.py
[2025-05-04T23:47:00.534+0300] {processor.py:840} INFO - DAG(s) 'example_branch_datetime_operator', 'example_branch_datetime_operator_3', 'example_branch_datetime_operator_2' retrieved from /Users/admin/anaconda3/lib/python3.11/site-packages/airflow/example_dags/example_branch_datetime_operator.py
[2025-05-04T23:47:00.598+0300] {logging_mixin.py:188} INFO - [2025-05-04T23:47:00.598+0300] {dag.py:3047} INFO - Sync 3 DAGs
[2025-05-04T23:47:00.608+0300] {logging_mixin.py:188} INFO - [2025-05-04T23:47:00.608+0300] {dag.py:3834} INFO - Setting next_dagrun for example_branch_datetime_operator to 2025-05-03 00:00:00+00:00, run_after=2025-05-04 00:00:00+00:00
[2025-05-04T23:47:00.610+0300] {logging_mixin.py:188} INFO - [2025-05-04T23:47:00.610+0300] {dag.py:3834} INFO - Setting next_dagrun for example_branch_datetime_operator_2 to 2025-05-03 00:00:00+00:00, run_after=2025-05-04 00:00:00+00:00
[2025-05-04T23:47:00.612+0300] {logging_mixin.py:188} INFO - [2025-05-04T23:47:00.611+0300] {dag.py:3834} INFO - Setting next_dagrun for example_branch_datetime_operator_3 to 2025-05-03 00:00:00+00:00, run_after=2025-05-04 00:00:00+00:00
[2025-05-04T23:47:00.621+0300] {processor.py:183} INFO - Processing /Users/admin/anaconda3/lib/python3.11/site-packages/airflow/example_dags/example_branch_datetime_operator.py took 0.097 seconds
[2025-05-04T23:49:59.374+0300] {processor.py:161} INFO - Started process (PID=27923) to work on /Users/admin/anaconda3/lib/python3.11/site-packages/airflow/example_dags/example_branch_datetime_operator.py
[2025-05-04T23:49:59.376+0300] {processor.py:830} INFO - Processing file /Users/admin/anaconda3/lib/python3.11/site-packages/airflow/example_dags/example_branch_datetime_operator.py for tasks to queue
[2025-05-04T23:49:59.376+0300] {logging_mixin.py:188} INFO - [2025-05-04T23:49:59.376+0300] {dagbag.py:540} INFO - Filling up the DagBag from /Users/admin/anaconda3/lib/python3.11/site-packages/airflow/example_dags/example_branch_datetime_operator.py
[2025-05-04T23:49:59.385+0300] {processor.py:840} INFO - DAG(s) 'example_branch_datetime_operator', 'example_branch_datetime_operator_3', 'example_branch_datetime_operator_2' retrieved from /Users/admin/anaconda3/lib/python3.11/site-packages/airflow/example_dags/example_branch_datetime_operator.py
[2025-05-04T23:49:59.449+0300] {logging_mixin.py:188} INFO - [2025-05-04T23:49:59.449+0300] {dag.py:3047} INFO - Sync 3 DAGs
[2025-05-04T23:49:59.459+0300] {logging_mixin.py:188} INFO - [2025-05-04T23:49:59.459+0300] {dag.py:3834} INFO - Setting next_dagrun for example_branch_datetime_operator to 2025-05-03 00:00:00+00:00, run_after=2025-05-04 00:00:00+00:00
[2025-05-04T23:49:59.461+0300] {logging_mixin.py:188} INFO - [2025-05-04T23:49:59.461+0300] {dag.py:3834} INFO - Setting next_dagrun for example_branch_datetime_operator_2 to 2025-05-03 00:00:00+00:00, run_after=2025-05-04 00:00:00+00:00
[2025-05-04T23:49:59.462+0300] {logging_mixin.py:188} INFO - [2025-05-04T23:49:59.462+0300] {dag.py:3834} INFO - Setting next_dagrun for example_branch_datetime_operator_3 to 2025-05-03 00:00:00+00:00, run_after=2025-05-04 00:00:00+00:00
[2025-05-04T23:49:59.471+0300] {processor.py:183} INFO - Processing /Users/admin/anaconda3/lib/python3.11/site-packages/airflow/example_dags/example_branch_datetime_operator.py took 0.098 seconds
[2025-05-04T23:53:10.818+0300] {processor.py:161} INFO - Started process (PID=28816) to work on /Users/admin/anaconda3/lib/python3.11/site-packages/airflow/example_dags/example_branch_datetime_operator.py
[2025-05-04T23:53:10.819+0300] {processor.py:830} INFO - Processing file /Users/admin/anaconda3/lib/python3.11/site-packages/airflow/example_dags/example_branch_datetime_operator.py for tasks to queue
[2025-05-04T23:53:10.819+0300] {logging_mixin.py:188} INFO - [2025-05-04T23:53:10.819+0300] {dagbag.py:540} INFO - Filling up the DagBag from /Users/admin/anaconda3/lib/python3.11/site-packages/airflow/example_dags/example_branch_datetime_operator.py
[2025-05-04T23:53:10.828+0300] {processor.py:840} INFO - DAG(s) 'example_branch_datetime_operator_2', 'example_branch_datetime_operator_3', 'example_branch_datetime_operator' retrieved from /Users/admin/anaconda3/lib/python3.11/site-packages/airflow/example_dags/example_branch_datetime_operator.py
[2025-05-04T23:53:10.893+0300] {logging_mixin.py:188} INFO - [2025-05-04T23:53:10.892+0300] {dag.py:3047} INFO - Sync 3 DAGs
[2025-05-04T23:53:10.903+0300] {logging_mixin.py:188} INFO - [2025-05-04T23:53:10.902+0300] {dag.py:3834} INFO - Setting next_dagrun for example_branch_datetime_operator to 2025-05-03 00:00:00+00:00, run_after=2025-05-04 00:00:00+00:00
[2025-05-04T23:53:10.905+0300] {logging_mixin.py:188} INFO - [2025-05-04T23:53:10.905+0300] {dag.py:3834} INFO - Setting next_dagrun for example_branch_datetime_operator_2 to 2025-05-03 00:00:00+00:00, run_after=2025-05-04 00:00:00+00:00
[2025-05-04T23:53:10.906+0300] {logging_mixin.py:188} INFO - [2025-05-04T23:53:10.906+0300] {dag.py:3834} INFO - Setting next_dagrun for example_branch_datetime_operator_3 to 2025-05-03 00:00:00+00:00, run_after=2025-05-04 00:00:00+00:00
[2025-05-04T23:53:10.915+0300] {processor.py:183} INFO - Processing /Users/admin/anaconda3/lib/python3.11/site-packages/airflow/example_dags/example_branch_datetime_operator.py took 0.098 seconds
