[2025-05-04T22:12:00.704+0300] {processor.py:161} INFO - Started process (PID=14421) to work on /Users/admin/anaconda3/lib/python3.11/site-packages/airflow/example_dags/example_dag_decorator.py
[2025-05-04T22:12:00.704+0300] {processor.py:830} INFO - Processing file /Users/admin/anaconda3/lib/python3.11/site-packages/airflow/example_dags/example_dag_decorator.py for tasks to queue
[2025-05-04T22:12:00.705+0300] {logging_mixin.py:188} INFO - [2025-05-04T22:12:00.705+0300] {dagbag.py:540} INFO - Filling up the DagBag from /Users/admin/anaconda3/lib/python3.11/site-packages/airflow/example_dags/example_dag_decorator.py
[2025-05-04T22:12:00.874+0300] {processor.py:840} INFO - DAG(s) 'example_dag_decorator' retrieved from /Users/admin/anaconda3/lib/python3.11/site-packages/airflow/example_dags/example_dag_decorator.py
[2025-05-04T22:12:00.977+0300] {logging_mixin.py:188} INFO - [2025-05-04T22:12:00.977+0300] {dag.py:3047} INFO - Sync 1 DAGs
[2025-05-04T22:12:00.982+0300] {logging_mixin.py:188} INFO - [2025-05-04T22:12:00.982+0300] {dag.py:3834} INFO - Setting next_dagrun for example_dag_decorator to None, run_after=None
[2025-05-04T22:12:00.993+0300] {processor.py:183} INFO - Processing /Users/admin/anaconda3/lib/python3.11/site-packages/airflow/example_dags/example_dag_decorator.py took 0.289 seconds
[2025-05-04T22:14:45.833+0300] {processor.py:161} INFO - Started process (PID=15196) to work on /Users/admin/anaconda3/lib/python3.11/site-packages/airflow/example_dags/example_dag_decorator.py
[2025-05-04T22:14:45.834+0300] {processor.py:830} INFO - Processing file /Users/admin/anaconda3/lib/python3.11/site-packages/airflow/example_dags/example_dag_decorator.py for tasks to queue
[2025-05-04T22:14:45.835+0300] {logging_mixin.py:188} INFO - [2025-05-04T22:14:45.834+0300] {dagbag.py:540} INFO - Filling up the DagBag from /Users/admin/anaconda3/lib/python3.11/site-packages/airflow/example_dags/example_dag_decorator.py
[2025-05-04T22:14:45.998+0300] {processor.py:840} INFO - DAG(s) 'example_dag_decorator' retrieved from /Users/admin/anaconda3/lib/python3.11/site-packages/airflow/example_dags/example_dag_decorator.py
[2025-05-04T22:14:46.111+0300] {logging_mixin.py:188} INFO - [2025-05-04T22:14:46.110+0300] {dag.py:3047} INFO - Sync 1 DAGs
[2025-05-04T22:14:46.115+0300] {logging_mixin.py:188} INFO - [2025-05-04T22:14:46.115+0300] {dag.py:3834} INFO - Setting next_dagrun for example_dag_decorator to None, run_after=None
[2025-05-04T22:14:46.126+0300] {processor.py:183} INFO - Processing /Users/admin/anaconda3/lib/python3.11/site-packages/airflow/example_dags/example_dag_decorator.py took 0.293 seconds
[2025-05-04T22:17:32.648+0300] {processor.py:161} INFO - Started process (PID=15996) to work on /Users/admin/anaconda3/lib/python3.11/site-packages/airflow/example_dags/example_dag_decorator.py
[2025-05-04T22:17:32.650+0300] {processor.py:830} INFO - Processing file /Users/admin/anaconda3/lib/python3.11/site-packages/airflow/example_dags/example_dag_decorator.py for tasks to queue
[2025-05-04T22:17:32.650+0300] {logging_mixin.py:188} INFO - [2025-05-04T22:17:32.650+0300] {dagbag.py:540} INFO - Filling up the DagBag from /Users/admin/anaconda3/lib/python3.11/site-packages/airflow/example_dags/example_dag_decorator.py
[2025-05-04T22:17:32.831+0300] {processor.py:840} INFO - DAG(s) 'example_dag_decorator' retrieved from /Users/admin/anaconda3/lib/python3.11/site-packages/airflow/example_dags/example_dag_decorator.py
[2025-05-04T22:17:32.958+0300] {logging_mixin.py:188} INFO - [2025-05-04T22:17:32.957+0300] {dag.py:3047} INFO - Sync 1 DAGs
[2025-05-04T22:17:32.964+0300] {logging_mixin.py:188} INFO - [2025-05-04T22:17:32.963+0300] {dag.py:3834} INFO - Setting next_dagrun for example_dag_decorator to None, run_after=None
[2025-05-04T22:17:32.977+0300] {processor.py:183} INFO - Processing /Users/admin/anaconda3/lib/python3.11/site-packages/airflow/example_dags/example_dag_decorator.py took 0.329 seconds
[2025-05-04T22:27:12.677+0300] {processor.py:161} INFO - Started process (PID=16839) to work on /Users/admin/anaconda3/lib/python3.11/site-packages/airflow/example_dags/example_dag_decorator.py
[2025-05-04T22:27:12.678+0300] {processor.py:830} INFO - Processing file /Users/admin/anaconda3/lib/python3.11/site-packages/airflow/example_dags/example_dag_decorator.py for tasks to queue
[2025-05-04T22:27:12.678+0300] {logging_mixin.py:188} INFO - [2025-05-04T22:27:12.678+0300] {dagbag.py:540} INFO - Filling up the DagBag from /Users/admin/anaconda3/lib/python3.11/site-packages/airflow/example_dags/example_dag_decorator.py
[2025-05-04T22:27:12.840+0300] {processor.py:840} INFO - DAG(s) 'example_dag_decorator' retrieved from /Users/admin/anaconda3/lib/python3.11/site-packages/airflow/example_dags/example_dag_decorator.py
[2025-05-04T22:27:12.957+0300] {logging_mixin.py:188} INFO - [2025-05-04T22:27:12.957+0300] {dag.py:3047} INFO - Sync 1 DAGs
[2025-05-04T22:27:12.962+0300] {logging_mixin.py:188} INFO - [2025-05-04T22:27:12.962+0300] {dag.py:3834} INFO - Setting next_dagrun for example_dag_decorator to None, run_after=None
[2025-05-04T22:27:12.973+0300] {processor.py:183} INFO - Processing /Users/admin/anaconda3/lib/python3.11/site-packages/airflow/example_dags/example_dag_decorator.py took 0.297 seconds
[2025-05-04T22:29:56.970+0300] {processor.py:161} INFO - Started process (PID=17605) to work on /Users/admin/anaconda3/lib/python3.11/site-packages/airflow/example_dags/example_dag_decorator.py
[2025-05-04T22:29:56.972+0300] {processor.py:830} INFO - Processing file /Users/admin/anaconda3/lib/python3.11/site-packages/airflow/example_dags/example_dag_decorator.py for tasks to queue
[2025-05-04T22:29:56.972+0300] {logging_mixin.py:188} INFO - [2025-05-04T22:29:56.972+0300] {dagbag.py:540} INFO - Filling up the DagBag from /Users/admin/anaconda3/lib/python3.11/site-packages/airflow/example_dags/example_dag_decorator.py
[2025-05-04T22:29:57.146+0300] {processor.py:840} INFO - DAG(s) 'example_dag_decorator' retrieved from /Users/admin/anaconda3/lib/python3.11/site-packages/airflow/example_dags/example_dag_decorator.py
[2025-05-04T22:29:57.249+0300] {logging_mixin.py:188} INFO - [2025-05-04T22:29:57.249+0300] {dag.py:3047} INFO - Sync 1 DAGs
[2025-05-04T22:29:57.254+0300] {logging_mixin.py:188} INFO - [2025-05-04T22:29:57.254+0300] {dag.py:3834} INFO - Setting next_dagrun for example_dag_decorator to None, run_after=None
[2025-05-04T22:29:57.264+0300] {processor.py:183} INFO - Processing /Users/admin/anaconda3/lib/python3.11/site-packages/airflow/example_dags/example_dag_decorator.py took 0.294 seconds
[2025-05-04T23:16:35.117+0300] {processor.py:161} INFO - Started process (PID=18490) to work on /Users/admin/anaconda3/lib/python3.11/site-packages/airflow/example_dags/example_dag_decorator.py
[2025-05-04T23:16:35.118+0300] {processor.py:830} INFO - Processing file /Users/admin/anaconda3/lib/python3.11/site-packages/airflow/example_dags/example_dag_decorator.py for tasks to queue
[2025-05-04T23:16:35.119+0300] {logging_mixin.py:188} INFO - [2025-05-04T23:16:35.119+0300] {dagbag.py:540} INFO - Filling up the DagBag from /Users/admin/anaconda3/lib/python3.11/site-packages/airflow/example_dags/example_dag_decorator.py
[2025-05-04T23:16:35.290+0300] {processor.py:840} INFO - DAG(s) 'example_dag_decorator' retrieved from /Users/admin/anaconda3/lib/python3.11/site-packages/airflow/example_dags/example_dag_decorator.py
[2025-05-04T23:16:35.402+0300] {logging_mixin.py:188} INFO - [2025-05-04T23:16:35.401+0300] {dag.py:3047} INFO - Sync 1 DAGs
[2025-05-04T23:16:35.406+0300] {logging_mixin.py:188} INFO - [2025-05-04T23:16:35.406+0300] {dag.py:3834} INFO - Setting next_dagrun for example_dag_decorator to None, run_after=None
[2025-05-04T23:16:35.416+0300] {processor.py:183} INFO - Processing /Users/admin/anaconda3/lib/python3.11/site-packages/airflow/example_dags/example_dag_decorator.py took 0.300 seconds
[2025-05-04T23:19:21.795+0300] {processor.py:161} INFO - Started process (PID=19270) to work on /Users/admin/anaconda3/lib/python3.11/site-packages/airflow/example_dags/example_dag_decorator.py
[2025-05-04T23:19:21.797+0300] {processor.py:830} INFO - Processing file /Users/admin/anaconda3/lib/python3.11/site-packages/airflow/example_dags/example_dag_decorator.py for tasks to queue
[2025-05-04T23:19:21.797+0300] {logging_mixin.py:188} INFO - [2025-05-04T23:19:21.797+0300] {dagbag.py:540} INFO - Filling up the DagBag from /Users/admin/anaconda3/lib/python3.11/site-packages/airflow/example_dags/example_dag_decorator.py
[2025-05-04T23:19:21.965+0300] {processor.py:840} INFO - DAG(s) 'example_dag_decorator' retrieved from /Users/admin/anaconda3/lib/python3.11/site-packages/airflow/example_dags/example_dag_decorator.py
[2025-05-04T23:19:22.089+0300] {logging_mixin.py:188} INFO - [2025-05-04T23:19:22.089+0300] {dag.py:3047} INFO - Sync 1 DAGs
[2025-05-04T23:19:22.094+0300] {logging_mixin.py:188} INFO - [2025-05-04T23:19:22.094+0300] {dag.py:3834} INFO - Setting next_dagrun for example_dag_decorator to None, run_after=None
[2025-05-04T23:19:22.104+0300] {processor.py:183} INFO - Processing /Users/admin/anaconda3/lib/python3.11/site-packages/airflow/example_dags/example_dag_decorator.py took 0.309 seconds
[2025-05-04T23:22:15.386+0300] {processor.py:161} INFO - Started process (PID=20088) to work on /Users/admin/anaconda3/lib/python3.11/site-packages/airflow/example_dags/example_dag_decorator.py
[2025-05-04T23:22:15.387+0300] {processor.py:830} INFO - Processing file /Users/admin/anaconda3/lib/python3.11/site-packages/airflow/example_dags/example_dag_decorator.py for tasks to queue
[2025-05-04T23:22:15.387+0300] {logging_mixin.py:188} INFO - [2025-05-04T23:22:15.387+0300] {dagbag.py:540} INFO - Filling up the DagBag from /Users/admin/anaconda3/lib/python3.11/site-packages/airflow/example_dags/example_dag_decorator.py
[2025-05-04T23:22:15.578+0300] {processor.py:840} INFO - DAG(s) 'example_dag_decorator' retrieved from /Users/admin/anaconda3/lib/python3.11/site-packages/airflow/example_dags/example_dag_decorator.py
[2025-05-04T23:22:15.690+0300] {logging_mixin.py:188} INFO - [2025-05-04T23:22:15.689+0300] {dag.py:3047} INFO - Sync 1 DAGs
[2025-05-04T23:22:15.695+0300] {logging_mixin.py:188} INFO - [2025-05-04T23:22:15.695+0300] {dag.py:3834} INFO - Setting next_dagrun for example_dag_decorator to None, run_after=None
[2025-05-04T23:22:15.705+0300] {processor.py:183} INFO - Processing /Users/admin/anaconda3/lib/python3.11/site-packages/airflow/example_dags/example_dag_decorator.py took 0.320 seconds
[2025-05-04T23:25:07.809+0300] {processor.py:161} INFO - Started process (PID=20896) to work on /Users/admin/anaconda3/lib/python3.11/site-packages/airflow/example_dags/example_dag_decorator.py
[2025-05-04T23:25:07.811+0300] {processor.py:830} INFO - Processing file /Users/admin/anaconda3/lib/python3.11/site-packages/airflow/example_dags/example_dag_decorator.py for tasks to queue
[2025-05-04T23:25:07.811+0300] {logging_mixin.py:188} INFO - [2025-05-04T23:25:07.811+0300] {dagbag.py:540} INFO - Filling up the DagBag from /Users/admin/anaconda3/lib/python3.11/site-packages/airflow/example_dags/example_dag_decorator.py
[2025-05-04T23:25:07.979+0300] {processor.py:840} INFO - DAG(s) 'example_dag_decorator' retrieved from /Users/admin/anaconda3/lib/python3.11/site-packages/airflow/example_dags/example_dag_decorator.py
[2025-05-04T23:25:08.099+0300] {logging_mixin.py:188} INFO - [2025-05-04T23:25:08.099+0300] {dag.py:3047} INFO - Sync 1 DAGs
[2025-05-04T23:25:08.104+0300] {logging_mixin.py:188} INFO - [2025-05-04T23:25:08.104+0300] {dag.py:3834} INFO - Setting next_dagrun for example_dag_decorator to None, run_after=None
[2025-05-04T23:25:08.114+0300] {processor.py:183} INFO - Processing /Users/admin/anaconda3/lib/python3.11/site-packages/airflow/example_dags/example_dag_decorator.py took 0.305 seconds
[2025-05-04T23:28:00.985+0300] {processor.py:161} INFO - Started process (PID=21715) to work on /Users/admin/anaconda3/lib/python3.11/site-packages/airflow/example_dags/example_dag_decorator.py
[2025-05-04T23:28:00.986+0300] {processor.py:830} INFO - Processing file /Users/admin/anaconda3/lib/python3.11/site-packages/airflow/example_dags/example_dag_decorator.py for tasks to queue
[2025-05-04T23:28:00.987+0300] {logging_mixin.py:188} INFO - [2025-05-04T23:28:00.986+0300] {dagbag.py:540} INFO - Filling up the DagBag from /Users/admin/anaconda3/lib/python3.11/site-packages/airflow/example_dags/example_dag_decorator.py
[2025-05-04T23:28:01.159+0300] {processor.py:840} INFO - DAG(s) 'example_dag_decorator' retrieved from /Users/admin/anaconda3/lib/python3.11/site-packages/airflow/example_dags/example_dag_decorator.py
[2025-05-04T23:28:01.267+0300] {logging_mixin.py:188} INFO - [2025-05-04T23:28:01.267+0300] {dag.py:3047} INFO - Sync 1 DAGs
[2025-05-04T23:28:01.272+0300] {logging_mixin.py:188} INFO - [2025-05-04T23:28:01.272+0300] {dag.py:3834} INFO - Setting next_dagrun for example_dag_decorator to None, run_after=None
[2025-05-04T23:28:01.283+0300] {processor.py:183} INFO - Processing /Users/admin/anaconda3/lib/python3.11/site-packages/airflow/example_dags/example_dag_decorator.py took 0.299 seconds
[2025-05-04T23:31:00.646+0300] {processor.py:161} INFO - Started process (PID=22583) to work on /Users/admin/anaconda3/lib/python3.11/site-packages/airflow/example_dags/example_dag_decorator.py
[2025-05-04T23:31:00.647+0300] {processor.py:830} INFO - Processing file /Users/admin/anaconda3/lib/python3.11/site-packages/airflow/example_dags/example_dag_decorator.py for tasks to queue
[2025-05-04T23:31:00.648+0300] {logging_mixin.py:188} INFO - [2025-05-04T23:31:00.647+0300] {dagbag.py:540} INFO - Filling up the DagBag from /Users/admin/anaconda3/lib/python3.11/site-packages/airflow/example_dags/example_dag_decorator.py
[2025-05-04T23:31:00.830+0300] {processor.py:840} INFO - DAG(s) 'example_dag_decorator' retrieved from /Users/admin/anaconda3/lib/python3.11/site-packages/airflow/example_dags/example_dag_decorator.py
[2025-05-04T23:31:00.956+0300] {logging_mixin.py:188} INFO - [2025-05-04T23:31:00.956+0300] {dag.py:3047} INFO - Sync 1 DAGs
[2025-05-04T23:31:00.961+0300] {logging_mixin.py:188} INFO - [2025-05-04T23:31:00.961+0300] {dag.py:3834} INFO - Setting next_dagrun for example_dag_decorator to None, run_after=None
[2025-05-04T23:31:00.971+0300] {processor.py:183} INFO - Processing /Users/admin/anaconda3/lib/python3.11/site-packages/airflow/example_dags/example_dag_decorator.py took 0.325 seconds
[2025-05-04T23:33:57.450+0300] {processor.py:161} INFO - Started process (PID=23405) to work on /Users/admin/anaconda3/lib/python3.11/site-packages/airflow/example_dags/example_dag_decorator.py
[2025-05-04T23:33:57.451+0300] {processor.py:830} INFO - Processing file /Users/admin/anaconda3/lib/python3.11/site-packages/airflow/example_dags/example_dag_decorator.py for tasks to queue
[2025-05-04T23:33:57.452+0300] {logging_mixin.py:188} INFO - [2025-05-04T23:33:57.451+0300] {dagbag.py:540} INFO - Filling up the DagBag from /Users/admin/anaconda3/lib/python3.11/site-packages/airflow/example_dags/example_dag_decorator.py
[2025-05-04T23:33:57.647+0300] {processor.py:840} INFO - DAG(s) 'example_dag_decorator' retrieved from /Users/admin/anaconda3/lib/python3.11/site-packages/airflow/example_dags/example_dag_decorator.py
[2025-05-04T23:33:57.768+0300] {logging_mixin.py:188} INFO - [2025-05-04T23:33:57.768+0300] {dag.py:3047} INFO - Sync 1 DAGs
[2025-05-04T23:33:57.773+0300] {logging_mixin.py:188} INFO - [2025-05-04T23:33:57.773+0300] {dag.py:3834} INFO - Setting next_dagrun for example_dag_decorator to None, run_after=None
[2025-05-04T23:33:57.783+0300] {processor.py:183} INFO - Processing /Users/admin/anaconda3/lib/python3.11/site-packages/airflow/example_dags/example_dag_decorator.py took 0.333 seconds
[2025-05-04T23:37:03.290+0300] {processor.py:161} INFO - Started process (PID=24305) to work on /Users/admin/anaconda3/lib/python3.11/site-packages/airflow/example_dags/example_dag_decorator.py
[2025-05-04T23:37:03.291+0300] {processor.py:830} INFO - Processing file /Users/admin/anaconda3/lib/python3.11/site-packages/airflow/example_dags/example_dag_decorator.py for tasks to queue
[2025-05-04T23:37:03.291+0300] {logging_mixin.py:188} INFO - [2025-05-04T23:37:03.291+0300] {dagbag.py:540} INFO - Filling up the DagBag from /Users/admin/anaconda3/lib/python3.11/site-packages/airflow/example_dags/example_dag_decorator.py
[2025-05-04T23:37:03.460+0300] {processor.py:840} INFO - DAG(s) 'example_dag_decorator' retrieved from /Users/admin/anaconda3/lib/python3.11/site-packages/airflow/example_dags/example_dag_decorator.py
[2025-05-04T23:37:03.573+0300] {logging_mixin.py:188} INFO - [2025-05-04T23:37:03.573+0300] {dag.py:3047} INFO - Sync 1 DAGs
[2025-05-04T23:37:03.578+0300] {logging_mixin.py:188} INFO - [2025-05-04T23:37:03.578+0300] {dag.py:3834} INFO - Setting next_dagrun for example_dag_decorator to None, run_after=None
[2025-05-04T23:37:03.588+0300] {processor.py:183} INFO - Processing /Users/admin/anaconda3/lib/python3.11/site-packages/airflow/example_dags/example_dag_decorator.py took 0.299 seconds
[2025-05-04T23:40:06.697+0300] {processor.py:161} INFO - Started process (PID=25177) to work on /Users/admin/anaconda3/lib/python3.11/site-packages/airflow/example_dags/example_dag_decorator.py
[2025-05-04T23:40:06.698+0300] {processor.py:830} INFO - Processing file /Users/admin/anaconda3/lib/python3.11/site-packages/airflow/example_dags/example_dag_decorator.py for tasks to queue
[2025-05-04T23:40:06.699+0300] {logging_mixin.py:188} INFO - [2025-05-04T23:40:06.699+0300] {dagbag.py:540} INFO - Filling up the DagBag from /Users/admin/anaconda3/lib/python3.11/site-packages/airflow/example_dags/example_dag_decorator.py
[2025-05-04T23:40:06.871+0300] {processor.py:840} INFO - DAG(s) 'example_dag_decorator' retrieved from /Users/admin/anaconda3/lib/python3.11/site-packages/airflow/example_dags/example_dag_decorator.py
[2025-05-04T23:40:06.994+0300] {logging_mixin.py:188} INFO - [2025-05-04T23:40:06.994+0300] {dag.py:3047} INFO - Sync 1 DAGs
[2025-05-04T23:40:06.999+0300] {logging_mixin.py:188} INFO - [2025-05-04T23:40:06.999+0300] {dag.py:3834} INFO - Setting next_dagrun for example_dag_decorator to None, run_after=None
[2025-05-04T23:40:07.011+0300] {processor.py:183} INFO - Processing /Users/admin/anaconda3/lib/python3.11/site-packages/airflow/example_dags/example_dag_decorator.py took 0.315 seconds
[2025-05-04T23:43:38.575+0300] {processor.py:161} INFO - Started process (PID=26142) to work on /Users/admin/anaconda3/lib/python3.11/site-packages/airflow/example_dags/example_dag_decorator.py
[2025-05-04T23:43:38.576+0300] {processor.py:830} INFO - Processing file /Users/admin/anaconda3/lib/python3.11/site-packages/airflow/example_dags/example_dag_decorator.py for tasks to queue
[2025-05-04T23:43:38.577+0300] {logging_mixin.py:188} INFO - [2025-05-04T23:43:38.577+0300] {dagbag.py:540} INFO - Filling up the DagBag from /Users/admin/anaconda3/lib/python3.11/site-packages/airflow/example_dags/example_dag_decorator.py
[2025-05-04T23:43:38.742+0300] {processor.py:840} INFO - DAG(s) 'example_dag_decorator' retrieved from /Users/admin/anaconda3/lib/python3.11/site-packages/airflow/example_dags/example_dag_decorator.py
[2025-05-04T23:43:38.845+0300] {logging_mixin.py:188} INFO - [2025-05-04T23:43:38.845+0300] {dag.py:3047} INFO - Sync 1 DAGs
[2025-05-04T23:43:38.850+0300] {logging_mixin.py:188} INFO - [2025-05-04T23:43:38.850+0300] {dag.py:3834} INFO - Setting next_dagrun for example_dag_decorator to None, run_after=None
[2025-05-04T23:43:38.861+0300] {processor.py:183} INFO - Processing /Users/admin/anaconda3/lib/python3.11/site-packages/airflow/example_dags/example_dag_decorator.py took 0.286 seconds
[2025-05-04T23:46:44.715+0300] {processor.py:161} INFO - Started process (PID=27018) to work on /Users/admin/anaconda3/lib/python3.11/site-packages/airflow/example_dags/example_dag_decorator.py
[2025-05-04T23:46:44.716+0300] {processor.py:830} INFO - Processing file /Users/admin/anaconda3/lib/python3.11/site-packages/airflow/example_dags/example_dag_decorator.py for tasks to queue
[2025-05-04T23:46:44.717+0300] {logging_mixin.py:188} INFO - [2025-05-04T23:46:44.717+0300] {dagbag.py:540} INFO - Filling up the DagBag from /Users/admin/anaconda3/lib/python3.11/site-packages/airflow/example_dags/example_dag_decorator.py
[2025-05-04T23:46:44.882+0300] {processor.py:840} INFO - DAG(s) 'example_dag_decorator' retrieved from /Users/admin/anaconda3/lib/python3.11/site-packages/airflow/example_dags/example_dag_decorator.py
[2025-05-04T23:46:44.993+0300] {logging_mixin.py:188} INFO - [2025-05-04T23:46:44.993+0300] {dag.py:3047} INFO - Sync 1 DAGs
[2025-05-04T23:46:44.998+0300] {logging_mixin.py:188} INFO - [2025-05-04T23:46:44.998+0300] {dag.py:3834} INFO - Setting next_dagrun for example_dag_decorator to None, run_after=None
[2025-05-04T23:46:45.008+0300] {processor.py:183} INFO - Processing /Users/admin/anaconda3/lib/python3.11/site-packages/airflow/example_dags/example_dag_decorator.py took 0.293 seconds
[2025-05-04T23:49:44.484+0300] {processor.py:161} INFO - Started process (PID=27853) to work on /Users/admin/anaconda3/lib/python3.11/site-packages/airflow/example_dags/example_dag_decorator.py
[2025-05-04T23:49:44.486+0300] {processor.py:830} INFO - Processing file /Users/admin/anaconda3/lib/python3.11/site-packages/airflow/example_dags/example_dag_decorator.py for tasks to queue
[2025-05-04T23:49:44.486+0300] {logging_mixin.py:188} INFO - [2025-05-04T23:49:44.486+0300] {dagbag.py:540} INFO - Filling up the DagBag from /Users/admin/anaconda3/lib/python3.11/site-packages/airflow/example_dags/example_dag_decorator.py
[2025-05-04T23:49:44.650+0300] {processor.py:840} INFO - DAG(s) 'example_dag_decorator' retrieved from /Users/admin/anaconda3/lib/python3.11/site-packages/airflow/example_dags/example_dag_decorator.py
[2025-05-04T23:49:44.771+0300] {logging_mixin.py:188} INFO - [2025-05-04T23:49:44.770+0300] {dag.py:3047} INFO - Sync 1 DAGs
[2025-05-04T23:49:44.775+0300] {logging_mixin.py:188} INFO - [2025-05-04T23:49:44.775+0300] {dag.py:3834} INFO - Setting next_dagrun for example_dag_decorator to None, run_after=None
[2025-05-04T23:49:44.786+0300] {processor.py:183} INFO - Processing /Users/admin/anaconda3/lib/python3.11/site-packages/airflow/example_dags/example_dag_decorator.py took 0.302 seconds
[2025-05-04T23:52:55.215+0300] {processor.py:161} INFO - Started process (PID=28746) to work on /Users/admin/anaconda3/lib/python3.11/site-packages/airflow/example_dags/example_dag_decorator.py
[2025-05-04T23:52:55.216+0300] {processor.py:830} INFO - Processing file /Users/admin/anaconda3/lib/python3.11/site-packages/airflow/example_dags/example_dag_decorator.py for tasks to queue
[2025-05-04T23:52:55.217+0300] {logging_mixin.py:188} INFO - [2025-05-04T23:52:55.217+0300] {dagbag.py:540} INFO - Filling up the DagBag from /Users/admin/anaconda3/lib/python3.11/site-packages/airflow/example_dags/example_dag_decorator.py
[2025-05-04T23:52:55.385+0300] {processor.py:840} INFO - DAG(s) 'example_dag_decorator' retrieved from /Users/admin/anaconda3/lib/python3.11/site-packages/airflow/example_dags/example_dag_decorator.py
[2025-05-04T23:52:55.488+0300] {logging_mixin.py:188} INFO - [2025-05-04T23:52:55.488+0300] {dag.py:3047} INFO - Sync 1 DAGs
[2025-05-04T23:52:55.493+0300] {logging_mixin.py:188} INFO - [2025-05-04T23:52:55.493+0300] {dag.py:3834} INFO - Setting next_dagrun for example_dag_decorator to None, run_after=None
[2025-05-04T23:52:55.503+0300] {processor.py:183} INFO - Processing /Users/admin/anaconda3/lib/python3.11/site-packages/airflow/example_dags/example_dag_decorator.py took 0.288 seconds
