[2025-05-04T22:11:28.313+0300] {processor.py:161} INFO - Started process (PID=14271) to work on /Users/admin/anaconda3/lib/python3.11/site-packages/airflow/example_dags/example_sensor_decorator.py
[2025-05-04T22:11:28.314+0300] {processor.py:830} INFO - Processing file /Users/admin/anaconda3/lib/python3.11/site-packages/airflow/example_dags/example_sensor_decorator.py for tasks to queue
[2025-05-04T22:11:28.314+0300] {logging_mixin.py:188} INFO - [2025-05-04T22:11:28.314+0300] {dagbag.py:540} INFO - Filling up the DagBag from /Users/admin/anaconda3/lib/python3.11/site-packages/airflow/example_dags/example_sensor_decorator.py
[2025-05-04T22:11:28.336+0300] {processor.py:840} INFO - DAG(s) 'example_sensor_decorator' retrieved from /Users/admin/anaconda3/lib/python3.11/site-packages/airflow/example_dags/example_sensor_decorator.py
[2025-05-04T22:11:28.459+0300] {logging_mixin.py:188} INFO - [2025-05-04T22:11:28.459+0300] {dag.py:3047} INFO - Sync 1 DAGs
[2025-05-04T22:11:28.464+0300] {logging_mixin.py:188} INFO - [2025-05-04T22:11:28.463+0300] {dag.py:3834} INFO - Setting next_dagrun for example_sensor_decorator to None, run_after=None
[2025-05-04T22:11:28.474+0300] {processor.py:183} INFO - Processing /Users/admin/anaconda3/lib/python3.11/site-packages/airflow/example_dags/example_sensor_decorator.py took 0.162 seconds
[2025-05-04T22:13:23.000+0300] {processor.py:161} INFO - Started process (PID=14805) to work on /Users/admin/anaconda3/lib/python3.11/site-packages/airflow/example_dags/example_sensor_decorator.py
[2025-05-04T22:13:23.001+0300] {processor.py:830} INFO - Processing file /Users/admin/anaconda3/lib/python3.11/site-packages/airflow/example_dags/example_sensor_decorator.py for tasks to queue
[2025-05-04T22:13:23.002+0300] {logging_mixin.py:188} INFO - [2025-05-04T22:13:23.001+0300] {dagbag.py:540} INFO - Filling up the DagBag from /Users/admin/anaconda3/lib/python3.11/site-packages/airflow/example_dags/example_sensor_decorator.py
[2025-05-04T22:13:23.023+0300] {processor.py:840} INFO - DAG(s) 'example_sensor_decorator' retrieved from /Users/admin/anaconda3/lib/python3.11/site-packages/airflow/example_dags/example_sensor_decorator.py
[2025-05-04T22:13:23.104+0300] {logging_mixin.py:188} INFO - [2025-05-04T22:13:23.104+0300] {dag.py:3047} INFO - Sync 1 DAGs
[2025-05-04T22:13:23.109+0300] {logging_mixin.py:188} INFO - [2025-05-04T22:13:23.109+0300] {dag.py:3834} INFO - Setting next_dagrun for example_sensor_decorator to None, run_after=None
[2025-05-04T22:13:23.120+0300] {processor.py:183} INFO - Processing /Users/admin/anaconda3/lib/python3.11/site-packages/airflow/example_dags/example_sensor_decorator.py took 0.120 seconds
[2025-05-04T22:16:06.916+0300] {processor.py:161} INFO - Started process (PID=15585) to work on /Users/admin/anaconda3/lib/python3.11/site-packages/airflow/example_dags/example_sensor_decorator.py
[2025-05-04T22:16:06.917+0300] {processor.py:830} INFO - Processing file /Users/admin/anaconda3/lib/python3.11/site-packages/airflow/example_dags/example_sensor_decorator.py for tasks to queue
[2025-05-04T22:16:06.917+0300] {logging_mixin.py:188} INFO - [2025-05-04T22:16:06.917+0300] {dagbag.py:540} INFO - Filling up the DagBag from /Users/admin/anaconda3/lib/python3.11/site-packages/airflow/example_dags/example_sensor_decorator.py
[2025-05-04T22:16:06.939+0300] {processor.py:840} INFO - DAG(s) 'example_sensor_decorator' retrieved from /Users/admin/anaconda3/lib/python3.11/site-packages/airflow/example_dags/example_sensor_decorator.py
[2025-05-04T22:16:07.023+0300] {logging_mixin.py:188} INFO - [2025-05-04T22:16:07.023+0300] {dag.py:3047} INFO - Sync 1 DAGs
[2025-05-04T22:16:07.028+0300] {logging_mixin.py:188} INFO - [2025-05-04T22:16:07.028+0300] {dag.py:3834} INFO - Setting next_dagrun for example_sensor_decorator to None, run_after=None
[2025-05-04T22:16:07.077+0300] {processor.py:183} INFO - Processing /Users/admin/anaconda3/lib/python3.11/site-packages/airflow/example_dags/example_sensor_decorator.py took 0.162 seconds
[2025-05-04T22:25:48.699+0300] {processor.py:161} INFO - Started process (PID=16443) to work on /Users/admin/anaconda3/lib/python3.11/site-packages/airflow/example_dags/example_sensor_decorator.py
[2025-05-04T22:25:48.701+0300] {processor.py:830} INFO - Processing file /Users/admin/anaconda3/lib/python3.11/site-packages/airflow/example_dags/example_sensor_decorator.py for tasks to queue
[2025-05-04T22:25:48.701+0300] {logging_mixin.py:188} INFO - [2025-05-04T22:25:48.701+0300] {dagbag.py:540} INFO - Filling up the DagBag from /Users/admin/anaconda3/lib/python3.11/site-packages/airflow/example_dags/example_sensor_decorator.py
[2025-05-04T22:25:48.722+0300] {processor.py:840} INFO - DAG(s) 'example_sensor_decorator' retrieved from /Users/admin/anaconda3/lib/python3.11/site-packages/airflow/example_dags/example_sensor_decorator.py
[2025-05-04T22:25:48.803+0300] {logging_mixin.py:188} INFO - [2025-05-04T22:25:48.802+0300] {dag.py:3047} INFO - Sync 1 DAGs
[2025-05-04T22:25:48.808+0300] {logging_mixin.py:188} INFO - [2025-05-04T22:25:48.808+0300] {dag.py:3834} INFO - Setting next_dagrun for example_sensor_decorator to None, run_after=None
[2025-05-04T22:25:48.818+0300] {processor.py:183} INFO - Processing /Users/admin/anaconda3/lib/python3.11/site-packages/airflow/example_dags/example_sensor_decorator.py took 0.119 seconds
[2025-05-04T22:28:33.694+0300] {processor.py:161} INFO - Started process (PID=17215) to work on /Users/admin/anaconda3/lib/python3.11/site-packages/airflow/example_dags/example_sensor_decorator.py
[2025-05-04T22:28:33.695+0300] {processor.py:830} INFO - Processing file /Users/admin/anaconda3/lib/python3.11/site-packages/airflow/example_dags/example_sensor_decorator.py for tasks to queue
[2025-05-04T22:28:33.696+0300] {logging_mixin.py:188} INFO - [2025-05-04T22:28:33.696+0300] {dagbag.py:540} INFO - Filling up the DagBag from /Users/admin/anaconda3/lib/python3.11/site-packages/airflow/example_dags/example_sensor_decorator.py
[2025-05-04T22:28:33.717+0300] {processor.py:840} INFO - DAG(s) 'example_sensor_decorator' retrieved from /Users/admin/anaconda3/lib/python3.11/site-packages/airflow/example_dags/example_sensor_decorator.py
[2025-05-04T22:28:33.798+0300] {logging_mixin.py:188} INFO - [2025-05-04T22:28:33.798+0300] {dag.py:3047} INFO - Sync 1 DAGs
[2025-05-04T22:28:33.803+0300] {logging_mixin.py:188} INFO - [2025-05-04T22:28:33.803+0300] {dag.py:3834} INFO - Setting next_dagrun for example_sensor_decorator to None, run_after=None
[2025-05-04T22:28:33.814+0300] {processor.py:183} INFO - Processing /Users/admin/anaconda3/lib/python3.11/site-packages/airflow/example_dags/example_sensor_decorator.py took 0.121 seconds
[2025-05-04T22:31:16.025+0300] {processor.py:161} INFO - Started process (PID=17991) to work on /Users/admin/anaconda3/lib/python3.11/site-packages/airflow/example_dags/example_sensor_decorator.py
[2025-05-04T22:31:16.026+0300] {processor.py:830} INFO - Processing file /Users/admin/anaconda3/lib/python3.11/site-packages/airflow/example_dags/example_sensor_decorator.py for tasks to queue
[2025-05-04T22:31:16.027+0300] {logging_mixin.py:188} INFO - [2025-05-04T22:31:16.027+0300] {dagbag.py:540} INFO - Filling up the DagBag from /Users/admin/anaconda3/lib/python3.11/site-packages/airflow/example_dags/example_sensor_decorator.py
[2025-05-04T22:31:16.048+0300] {processor.py:840} INFO - DAG(s) 'example_sensor_decorator' retrieved from /Users/admin/anaconda3/lib/python3.11/site-packages/airflow/example_dags/example_sensor_decorator.py
[2025-05-04T22:31:16.129+0300] {logging_mixin.py:188} INFO - [2025-05-04T22:31:16.129+0300] {dag.py:3047} INFO - Sync 1 DAGs
[2025-05-04T22:31:16.134+0300] {logging_mixin.py:188} INFO - [2025-05-04T22:31:16.134+0300] {dag.py:3834} INFO - Setting next_dagrun for example_sensor_decorator to None, run_after=None
[2025-05-04T22:31:16.145+0300] {processor.py:183} INFO - Processing /Users/admin/anaconda3/lib/python3.11/site-packages/airflow/example_dags/example_sensor_decorator.py took 0.120 seconds
[2025-05-04T23:17:56.635+0300] {processor.py:161} INFO - Started process (PID=18868) to work on /Users/admin/anaconda3/lib/python3.11/site-packages/airflow/example_dags/example_sensor_decorator.py
[2025-05-04T23:17:56.636+0300] {processor.py:830} INFO - Processing file /Users/admin/anaconda3/lib/python3.11/site-packages/airflow/example_dags/example_sensor_decorator.py for tasks to queue
[2025-05-04T23:17:56.636+0300] {logging_mixin.py:188} INFO - [2025-05-04T23:17:56.636+0300] {dagbag.py:540} INFO - Filling up the DagBag from /Users/admin/anaconda3/lib/python3.11/site-packages/airflow/example_dags/example_sensor_decorator.py
[2025-05-04T23:17:56.657+0300] {processor.py:840} INFO - DAG(s) 'example_sensor_decorator' retrieved from /Users/admin/anaconda3/lib/python3.11/site-packages/airflow/example_dags/example_sensor_decorator.py
[2025-05-04T23:17:56.738+0300] {logging_mixin.py:188} INFO - [2025-05-04T23:17:56.738+0300] {dag.py:3047} INFO - Sync 1 DAGs
[2025-05-04T23:17:56.744+0300] {logging_mixin.py:188} INFO - [2025-05-04T23:17:56.743+0300] {dag.py:3834} INFO - Setting next_dagrun for example_sensor_decorator to None, run_after=None
[2025-05-04T23:17:56.754+0300] {processor.py:183} INFO - Processing /Users/admin/anaconda3/lib/python3.11/site-packages/airflow/example_dags/example_sensor_decorator.py took 0.120 seconds
[2025-05-04T23:20:40.926+0300] {processor.py:161} INFO - Started process (PID=19647) to work on /Users/admin/anaconda3/lib/python3.11/site-packages/airflow/example_dags/example_sensor_decorator.py
[2025-05-04T23:20:40.927+0300] {processor.py:830} INFO - Processing file /Users/admin/anaconda3/lib/python3.11/site-packages/airflow/example_dags/example_sensor_decorator.py for tasks to queue
[2025-05-04T23:20:40.928+0300] {logging_mixin.py:188} INFO - [2025-05-04T23:20:40.928+0300] {dagbag.py:540} INFO - Filling up the DagBag from /Users/admin/anaconda3/lib/python3.11/site-packages/airflow/example_dags/example_sensor_decorator.py
[2025-05-04T23:20:40.949+0300] {processor.py:840} INFO - DAG(s) 'example_sensor_decorator' retrieved from /Users/admin/anaconda3/lib/python3.11/site-packages/airflow/example_dags/example_sensor_decorator.py
[2025-05-04T23:20:41.031+0300] {logging_mixin.py:188} INFO - [2025-05-04T23:20:41.030+0300] {dag.py:3047} INFO - Sync 1 DAGs
[2025-05-04T23:20:41.036+0300] {logging_mixin.py:188} INFO - [2025-05-04T23:20:41.035+0300] {dag.py:3834} INFO - Setting next_dagrun for example_sensor_decorator to None, run_after=None
[2025-05-04T23:20:41.046+0300] {processor.py:183} INFO - Processing /Users/admin/anaconda3/lib/python3.11/site-packages/airflow/example_dags/example_sensor_decorator.py took 0.121 seconds
[2025-05-04T23:23:38.776+0300] {processor.py:161} INFO - Started process (PID=20475) to work on /Users/admin/anaconda3/lib/python3.11/site-packages/airflow/example_dags/example_sensor_decorator.py
[2025-05-04T23:23:38.777+0300] {processor.py:830} INFO - Processing file /Users/admin/anaconda3/lib/python3.11/site-packages/airflow/example_dags/example_sensor_decorator.py for tasks to queue
[2025-05-04T23:23:38.778+0300] {logging_mixin.py:188} INFO - [2025-05-04T23:23:38.777+0300] {dagbag.py:540} INFO - Filling up the DagBag from /Users/admin/anaconda3/lib/python3.11/site-packages/airflow/example_dags/example_sensor_decorator.py
[2025-05-04T23:23:38.798+0300] {processor.py:840} INFO - DAG(s) 'example_sensor_decorator' retrieved from /Users/admin/anaconda3/lib/python3.11/site-packages/airflow/example_dags/example_sensor_decorator.py
[2025-05-04T23:23:38.879+0300] {logging_mixin.py:188} INFO - [2025-05-04T23:23:38.879+0300] {dag.py:3047} INFO - Sync 1 DAGs
[2025-05-04T23:23:38.884+0300] {logging_mixin.py:188} INFO - [2025-05-04T23:23:38.884+0300] {dag.py:3834} INFO - Setting next_dagrun for example_sensor_decorator to None, run_after=None
[2025-05-04T23:23:38.895+0300] {processor.py:183} INFO - Processing /Users/admin/anaconda3/lib/python3.11/site-packages/airflow/example_dags/example_sensor_decorator.py took 0.119 seconds
[2025-05-04T23:26:33.482+0300] {processor.py:161} INFO - Started process (PID=21305) to work on /Users/admin/anaconda3/lib/python3.11/site-packages/airflow/example_dags/example_sensor_decorator.py
[2025-05-04T23:26:33.483+0300] {processor.py:830} INFO - Processing file /Users/admin/anaconda3/lib/python3.11/site-packages/airflow/example_dags/example_sensor_decorator.py for tasks to queue
[2025-05-04T23:26:33.484+0300] {logging_mixin.py:188} INFO - [2025-05-04T23:26:33.484+0300] {dagbag.py:540} INFO - Filling up the DagBag from /Users/admin/anaconda3/lib/python3.11/site-packages/airflow/example_dags/example_sensor_decorator.py
[2025-05-04T23:26:33.504+0300] {processor.py:840} INFO - DAG(s) 'example_sensor_decorator' retrieved from /Users/admin/anaconda3/lib/python3.11/site-packages/airflow/example_dags/example_sensor_decorator.py
[2025-05-04T23:26:33.585+0300] {logging_mixin.py:188} INFO - [2025-05-04T23:26:33.585+0300] {dag.py:3047} INFO - Sync 1 DAGs
[2025-05-04T23:26:33.590+0300] {logging_mixin.py:188} INFO - [2025-05-04T23:26:33.590+0300] {dag.py:3834} INFO - Setting next_dagrun for example_sensor_decorator to None, run_after=None
[2025-05-04T23:26:33.600+0300] {processor.py:183} INFO - Processing /Users/admin/anaconda3/lib/python3.11/site-packages/airflow/example_dags/example_sensor_decorator.py took 0.119 seconds
[2025-05-04T23:29:27.508+0300] {processor.py:161} INFO - Started process (PID=22130) to work on /Users/admin/anaconda3/lib/python3.11/site-packages/airflow/example_dags/example_sensor_decorator.py
[2025-05-04T23:29:27.509+0300] {processor.py:830} INFO - Processing file /Users/admin/anaconda3/lib/python3.11/site-packages/airflow/example_dags/example_sensor_decorator.py for tasks to queue
[2025-05-04T23:29:27.510+0300] {logging_mixin.py:188} INFO - [2025-05-04T23:29:27.509+0300] {dagbag.py:540} INFO - Filling up the DagBag from /Users/admin/anaconda3/lib/python3.11/site-packages/airflow/example_dags/example_sensor_decorator.py
[2025-05-04T23:29:27.531+0300] {processor.py:840} INFO - DAG(s) 'example_sensor_decorator' retrieved from /Users/admin/anaconda3/lib/python3.11/site-packages/airflow/example_dags/example_sensor_decorator.py
[2025-05-04T23:29:27.613+0300] {logging_mixin.py:188} INFO - [2025-05-04T23:29:27.613+0300] {dag.py:3047} INFO - Sync 1 DAGs
[2025-05-04T23:29:27.619+0300] {logging_mixin.py:188} INFO - [2025-05-04T23:29:27.618+0300] {dag.py:3834} INFO - Setting next_dagrun for example_sensor_decorator to None, run_after=None
[2025-05-04T23:29:27.629+0300] {processor.py:183} INFO - Processing /Users/admin/anaconda3/lib/python3.11/site-packages/airflow/example_dags/example_sensor_decorator.py took 0.122 seconds
[2025-05-04T23:32:26.880+0300] {processor.py:161} INFO - Started process (PID=22976) to work on /Users/admin/anaconda3/lib/python3.11/site-packages/airflow/example_dags/example_sensor_decorator.py
[2025-05-04T23:32:26.881+0300] {processor.py:830} INFO - Processing file /Users/admin/anaconda3/lib/python3.11/site-packages/airflow/example_dags/example_sensor_decorator.py for tasks to queue
[2025-05-04T23:32:26.882+0300] {logging_mixin.py:188} INFO - [2025-05-04T23:32:26.882+0300] {dagbag.py:540} INFO - Filling up the DagBag from /Users/admin/anaconda3/lib/python3.11/site-packages/airflow/example_dags/example_sensor_decorator.py
[2025-05-04T23:32:26.903+0300] {processor.py:840} INFO - DAG(s) 'example_sensor_decorator' retrieved from /Users/admin/anaconda3/lib/python3.11/site-packages/airflow/example_dags/example_sensor_decorator.py
[2025-05-04T23:32:26.985+0300] {logging_mixin.py:188} INFO - [2025-05-04T23:32:26.985+0300] {dag.py:3047} INFO - Sync 1 DAGs
[2025-05-04T23:32:26.990+0300] {logging_mixin.py:188} INFO - [2025-05-04T23:32:26.990+0300] {dag.py:3834} INFO - Setting next_dagrun for example_sensor_decorator to None, run_after=None
[2025-05-04T23:32:27.000+0300] {processor.py:183} INFO - Processing /Users/admin/anaconda3/lib/python3.11/site-packages/airflow/example_dags/example_sensor_decorator.py took 0.121 seconds
[2025-05-04T23:35:28.820+0300] {processor.py:161} INFO - Started process (PID=23842) to work on /Users/admin/anaconda3/lib/python3.11/site-packages/airflow/example_dags/example_sensor_decorator.py
[2025-05-04T23:35:28.821+0300] {processor.py:830} INFO - Processing file /Users/admin/anaconda3/lib/python3.11/site-packages/airflow/example_dags/example_sensor_decorator.py for tasks to queue
[2025-05-04T23:35:28.822+0300] {logging_mixin.py:188} INFO - [2025-05-04T23:35:28.822+0300] {dagbag.py:540} INFO - Filling up the DagBag from /Users/admin/anaconda3/lib/python3.11/site-packages/airflow/example_dags/example_sensor_decorator.py
[2025-05-04T23:35:28.845+0300] {processor.py:840} INFO - DAG(s) 'example_sensor_decorator' retrieved from /Users/admin/anaconda3/lib/python3.11/site-packages/airflow/example_dags/example_sensor_decorator.py
[2025-05-04T23:35:28.928+0300] {logging_mixin.py:188} INFO - [2025-05-04T23:35:28.928+0300] {dag.py:3047} INFO - Sync 1 DAGs
[2025-05-04T23:35:28.933+0300] {logging_mixin.py:188} INFO - [2025-05-04T23:35:28.933+0300] {dag.py:3834} INFO - Setting next_dagrun for example_sensor_decorator to None, run_after=None
[2025-05-04T23:35:28.944+0300] {processor.py:183} INFO - Processing /Users/admin/anaconda3/lib/python3.11/site-packages/airflow/example_dags/example_sensor_decorator.py took 0.124 seconds
[2025-05-04T23:38:29.446+0300] {processor.py:161} INFO - Started process (PID=24714) to work on /Users/admin/anaconda3/lib/python3.11/site-packages/airflow/example_dags/example_sensor_decorator.py
[2025-05-04T23:38:29.448+0300] {processor.py:830} INFO - Processing file /Users/admin/anaconda3/lib/python3.11/site-packages/airflow/example_dags/example_sensor_decorator.py for tasks to queue
[2025-05-04T23:38:29.448+0300] {logging_mixin.py:188} INFO - [2025-05-04T23:38:29.448+0300] {dagbag.py:540} INFO - Filling up the DagBag from /Users/admin/anaconda3/lib/python3.11/site-packages/airflow/example_dags/example_sensor_decorator.py
[2025-05-04T23:38:29.469+0300] {processor.py:840} INFO - DAG(s) 'example_sensor_decorator' retrieved from /Users/admin/anaconda3/lib/python3.11/site-packages/airflow/example_dags/example_sensor_decorator.py
[2025-05-04T23:38:29.549+0300] {logging_mixin.py:188} INFO - [2025-05-04T23:38:29.549+0300] {dag.py:3047} INFO - Sync 1 DAGs
[2025-05-04T23:38:29.555+0300] {logging_mixin.py:188} INFO - [2025-05-04T23:38:29.554+0300] {dag.py:3834} INFO - Setting next_dagrun for example_sensor_decorator to None, run_after=None
[2025-05-04T23:38:29.565+0300] {processor.py:183} INFO - Processing /Users/admin/anaconda3/lib/python3.11/site-packages/airflow/example_dags/example_sensor_decorator.py took 0.119 seconds
[2025-05-04T23:41:46.157+0300] {processor.py:161} INFO - Started process (PID=25626) to work on /Users/admin/anaconda3/lib/python3.11/site-packages/airflow/example_dags/example_sensor_decorator.py
[2025-05-04T23:41:46.159+0300] {processor.py:830} INFO - Processing file /Users/admin/anaconda3/lib/python3.11/site-packages/airflow/example_dags/example_sensor_decorator.py for tasks to queue
[2025-05-04T23:41:46.159+0300] {logging_mixin.py:188} INFO - [2025-05-04T23:41:46.159+0300] {dagbag.py:540} INFO - Filling up the DagBag from /Users/admin/anaconda3/lib/python3.11/site-packages/airflow/example_dags/example_sensor_decorator.py
[2025-05-04T23:41:46.181+0300] {processor.py:840} INFO - DAG(s) 'example_sensor_decorator' retrieved from /Users/admin/anaconda3/lib/python3.11/site-packages/airflow/example_dags/example_sensor_decorator.py
[2025-05-04T23:41:46.264+0300] {logging_mixin.py:188} INFO - [2025-05-04T23:41:46.264+0300] {dag.py:3047} INFO - Sync 1 DAGs
[2025-05-04T23:41:46.270+0300] {logging_mixin.py:188} INFO - [2025-05-04T23:41:46.269+0300] {dag.py:3834} INFO - Setting next_dagrun for example_sensor_decorator to None, run_after=None
[2025-05-04T23:41:46.280+0300] {processor.py:183} INFO - Processing /Users/admin/anaconda3/lib/python3.11/site-packages/airflow/example_dags/example_sensor_decorator.py took 0.123 seconds
[2025-05-04T23:45:08.460+0300] {processor.py:161} INFO - Started process (PID=26561) to work on /Users/admin/anaconda3/lib/python3.11/site-packages/airflow/example_dags/example_sensor_decorator.py
[2025-05-04T23:45:08.461+0300] {processor.py:830} INFO - Processing file /Users/admin/anaconda3/lib/python3.11/site-packages/airflow/example_dags/example_sensor_decorator.py for tasks to queue
[2025-05-04T23:45:08.461+0300] {logging_mixin.py:188} INFO - [2025-05-04T23:45:08.461+0300] {dagbag.py:540} INFO - Filling up the DagBag from /Users/admin/anaconda3/lib/python3.11/site-packages/airflow/example_dags/example_sensor_decorator.py
[2025-05-04T23:45:08.482+0300] {processor.py:840} INFO - DAG(s) 'example_sensor_decorator' retrieved from /Users/admin/anaconda3/lib/python3.11/site-packages/airflow/example_dags/example_sensor_decorator.py
[2025-05-04T23:45:08.563+0300] {logging_mixin.py:188} INFO - [2025-05-04T23:45:08.563+0300] {dag.py:3047} INFO - Sync 1 DAGs
[2025-05-04T23:45:08.568+0300] {logging_mixin.py:188} INFO - [2025-05-04T23:45:08.568+0300] {dag.py:3834} INFO - Setting next_dagrun for example_sensor_decorator to None, run_after=None
[2025-05-04T23:45:08.579+0300] {processor.py:183} INFO - Processing /Users/admin/anaconda3/lib/python3.11/site-packages/airflow/example_dags/example_sensor_decorator.py took 0.120 seconds
[2025-05-04T23:48:05.215+0300] {processor.py:161} INFO - Started process (PID=27394) to work on /Users/admin/anaconda3/lib/python3.11/site-packages/airflow/example_dags/example_sensor_decorator.py
[2025-05-04T23:48:05.216+0300] {processor.py:830} INFO - Processing file /Users/admin/anaconda3/lib/python3.11/site-packages/airflow/example_dags/example_sensor_decorator.py for tasks to queue
[2025-05-04T23:48:05.216+0300] {logging_mixin.py:188} INFO - [2025-05-04T23:48:05.216+0300] {dagbag.py:540} INFO - Filling up the DagBag from /Users/admin/anaconda3/lib/python3.11/site-packages/airflow/example_dags/example_sensor_decorator.py
[2025-05-04T23:48:05.237+0300] {processor.py:840} INFO - DAG(s) 'example_sensor_decorator' retrieved from /Users/admin/anaconda3/lib/python3.11/site-packages/airflow/example_dags/example_sensor_decorator.py
[2025-05-04T23:48:05.319+0300] {logging_mixin.py:188} INFO - [2025-05-04T23:48:05.319+0300] {dag.py:3047} INFO - Sync 1 DAGs
[2025-05-04T23:48:05.324+0300] {logging_mixin.py:188} INFO - [2025-05-04T23:48:05.324+0300] {dag.py:3834} INFO - Setting next_dagrun for example_sensor_decorator to None, run_after=None
[2025-05-04T23:48:05.334+0300] {processor.py:183} INFO - Processing /Users/admin/anaconda3/lib/python3.11/site-packages/airflow/example_dags/example_sensor_decorator.py took 0.120 seconds
[2025-05-04T23:51:04.778+0300] {processor.py:161} INFO - Started process (PID=28229) to work on /Users/admin/anaconda3/lib/python3.11/site-packages/airflow/example_dags/example_sensor_decorator.py
[2025-05-04T23:51:04.779+0300] {processor.py:830} INFO - Processing file /Users/admin/anaconda3/lib/python3.11/site-packages/airflow/example_dags/example_sensor_decorator.py for tasks to queue
[2025-05-04T23:51:04.779+0300] {logging_mixin.py:188} INFO - [2025-05-04T23:51:04.779+0300] {dagbag.py:540} INFO - Filling up the DagBag from /Users/admin/anaconda3/lib/python3.11/site-packages/airflow/example_dags/example_sensor_decorator.py
[2025-05-04T23:51:04.805+0300] {processor.py:840} INFO - DAG(s) 'example_sensor_decorator' retrieved from /Users/admin/anaconda3/lib/python3.11/site-packages/airflow/example_dags/example_sensor_decorator.py
[2025-05-04T23:51:04.924+0300] {logging_mixin.py:188} INFO - [2025-05-04T23:51:04.924+0300] {dag.py:3047} INFO - Sync 1 DAGs
[2025-05-04T23:51:04.932+0300] {logging_mixin.py:188} INFO - [2025-05-04T23:51:04.932+0300] {dag.py:3834} INFO - Setting next_dagrun for example_sensor_decorator to None, run_after=None
[2025-05-04T23:51:04.948+0300] {processor.py:183} INFO - Processing /Users/admin/anaconda3/lib/python3.11/site-packages/airflow/example_dags/example_sensor_decorator.py took 0.171 seconds
[2025-05-04T23:58:43.551+0300] {processor.py:161} INFO - Started process (PID=29168) to work on /Users/admin/anaconda3/lib/python3.11/site-packages/airflow/example_dags/example_sensor_decorator.py
[2025-05-04T23:58:43.553+0300] {processor.py:830} INFO - Processing file /Users/admin/anaconda3/lib/python3.11/site-packages/airflow/example_dags/example_sensor_decorator.py for tasks to queue
[2025-05-04T23:58:43.553+0300] {logging_mixin.py:188} INFO - [2025-05-04T23:58:43.553+0300] {dagbag.py:540} INFO - Filling up the DagBag from /Users/admin/anaconda3/lib/python3.11/site-packages/airflow/example_dags/example_sensor_decorator.py
[2025-05-04T23:58:43.574+0300] {processor.py:840} INFO - DAG(s) 'example_sensor_decorator' retrieved from /Users/admin/anaconda3/lib/python3.11/site-packages/airflow/example_dags/example_sensor_decorator.py
[2025-05-04T23:58:43.655+0300] {logging_mixin.py:188} INFO - [2025-05-04T23:58:43.655+0300] {dag.py:3047} INFO - Sync 1 DAGs
[2025-05-04T23:58:43.660+0300] {logging_mixin.py:188} INFO - [2025-05-04T23:58:43.660+0300] {dag.py:3834} INFO - Setting next_dagrun for example_sensor_decorator to None, run_after=None
[2025-05-04T23:58:43.670+0300] {processor.py:183} INFO - Processing /Users/admin/anaconda3/lib/python3.11/site-packages/airflow/example_dags/example_sensor_decorator.py took 0.120 seconds
