[2025-05-04T22:11:15.985+0300] {processor.py:161} INFO - Started process (PID=14210) to work on /Users/admin/anaconda3/lib/python3.11/site-packages/airflow/example_dags/example_skip_dag.py
[2025-05-04T22:11:15.985+0300] {processor.py:830} INFO - Processing file /Users/admin/anaconda3/lib/python3.11/site-packages/airflow/example_dags/example_skip_dag.py for tasks to queue
[2025-05-04T22:11:15.986+0300] {logging_mixin.py:188} INFO - [2025-05-04T22:11:15.986+0300] {dagbag.py:540} INFO - Filling up the DagBag from /Users/admin/anaconda3/lib/python3.11/site-packages/airflow/example_dags/example_skip_dag.py
[2025-05-04T22:11:15.992+0300] {processor.py:840} INFO - DAG(s) 'example_skip_dag' retrieved from /Users/admin/anaconda3/lib/python3.11/site-packages/airflow/example_dags/example_skip_dag.py
[2025-05-04T22:11:16.104+0300] {logging_mixin.py:188} INFO - [2025-05-04T22:11:16.104+0300] {dag.py:3047} INFO - Sync 1 DAGs
[2025-05-04T22:11:16.116+0300] {logging_mixin.py:188} INFO - [2025-05-04T22:11:16.115+0300] {dag.py:3834} INFO - Setting next_dagrun for example_skip_dag to 2025-05-03 00:00:00+00:00, run_after=2025-05-04 00:00:00+00:00
[2025-05-04T22:11:16.127+0300] {processor.py:183} INFO - Processing /Users/admin/anaconda3/lib/python3.11/site-packages/airflow/example_dags/example_skip_dag.py took 0.143 seconds
[2025-05-04T22:13:10.558+0300] {processor.py:161} INFO - Started process (PID=14744) to work on /Users/admin/anaconda3/lib/python3.11/site-packages/airflow/example_dags/example_skip_dag.py
[2025-05-04T22:13:10.559+0300] {processor.py:830} INFO - Processing file /Users/admin/anaconda3/lib/python3.11/site-packages/airflow/example_dags/example_skip_dag.py for tasks to queue
[2025-05-04T22:13:10.560+0300] {logging_mixin.py:188} INFO - [2025-05-04T22:13:10.560+0300] {dagbag.py:540} INFO - Filling up the DagBag from /Users/admin/anaconda3/lib/python3.11/site-packages/airflow/example_dags/example_skip_dag.py
[2025-05-04T22:13:10.565+0300] {processor.py:840} INFO - DAG(s) 'example_skip_dag' retrieved from /Users/admin/anaconda3/lib/python3.11/site-packages/airflow/example_dags/example_skip_dag.py
[2025-05-04T22:13:10.626+0300] {logging_mixin.py:188} INFO - [2025-05-04T22:13:10.626+0300] {dag.py:3047} INFO - Sync 1 DAGs
[2025-05-04T22:13:10.636+0300] {logging_mixin.py:188} INFO - [2025-05-04T22:13:10.636+0300] {dag.py:3834} INFO - Setting next_dagrun for example_skip_dag to 2025-05-03 00:00:00+00:00, run_after=2025-05-04 00:00:00+00:00
[2025-05-04T22:13:10.646+0300] {processor.py:183} INFO - Processing /Users/admin/anaconda3/lib/python3.11/site-packages/airflow/example_dags/example_skip_dag.py took 0.089 seconds
[2025-05-04T22:14:30.652+0300] {processor.py:161} INFO - Started process (PID=15126) to work on /Users/admin/anaconda3/lib/python3.11/site-packages/airflow/example_dags/example_skip_dag.py
[2025-05-04T22:14:30.653+0300] {processor.py:830} INFO - Processing file /Users/admin/anaconda3/lib/python3.11/site-packages/airflow/example_dags/example_skip_dag.py for tasks to queue
[2025-05-04T22:14:30.654+0300] {logging_mixin.py:188} INFO - [2025-05-04T22:14:30.654+0300] {dagbag.py:540} INFO - Filling up the DagBag from /Users/admin/anaconda3/lib/python3.11/site-packages/airflow/example_dags/example_skip_dag.py
[2025-05-04T22:14:30.659+0300] {processor.py:840} INFO - DAG(s) 'example_skip_dag' retrieved from /Users/admin/anaconda3/lib/python3.11/site-packages/airflow/example_dags/example_skip_dag.py
[2025-05-04T22:14:30.724+0300] {logging_mixin.py:188} INFO - [2025-05-04T22:14:30.723+0300] {dag.py:3047} INFO - Sync 1 DAGs
[2025-05-04T22:14:30.733+0300] {logging_mixin.py:188} INFO - [2025-05-04T22:14:30.733+0300] {dag.py:3834} INFO - Setting next_dagrun for example_skip_dag to 2025-05-03 00:00:00+00:00, run_after=2025-05-04 00:00:00+00:00
[2025-05-04T22:14:30.743+0300] {processor.py:183} INFO - Processing /Users/admin/anaconda3/lib/python3.11/site-packages/airflow/example_dags/example_skip_dag.py took 0.092 seconds
[2025-05-04T22:15:53.086+0300] {processor.py:161} INFO - Started process (PID=15513) to work on /Users/admin/anaconda3/lib/python3.11/site-packages/airflow/example_dags/example_skip_dag.py
[2025-05-04T22:15:53.087+0300] {processor.py:830} INFO - Processing file /Users/admin/anaconda3/lib/python3.11/site-packages/airflow/example_dags/example_skip_dag.py for tasks to queue
[2025-05-04T22:15:53.087+0300] {logging_mixin.py:188} INFO - [2025-05-04T22:15:53.087+0300] {dagbag.py:540} INFO - Filling up the DagBag from /Users/admin/anaconda3/lib/python3.11/site-packages/airflow/example_dags/example_skip_dag.py
[2025-05-04T22:15:53.093+0300] {processor.py:840} INFO - DAG(s) 'example_skip_dag' retrieved from /Users/admin/anaconda3/lib/python3.11/site-packages/airflow/example_dags/example_skip_dag.py
[2025-05-04T22:15:53.162+0300] {logging_mixin.py:188} INFO - [2025-05-04T22:15:53.162+0300] {dag.py:3047} INFO - Sync 1 DAGs
[2025-05-04T22:15:53.172+0300] {logging_mixin.py:188} INFO - [2025-05-04T22:15:53.172+0300] {dag.py:3834} INFO - Setting next_dagrun for example_skip_dag to 2025-05-03 00:00:00+00:00, run_after=2025-05-04 00:00:00+00:00
[2025-05-04T22:15:53.182+0300] {processor.py:183} INFO - Processing /Users/admin/anaconda3/lib/python3.11/site-packages/airflow/example_dags/example_skip_dag.py took 0.097 seconds
[2025-05-04T22:17:18.242+0300] {processor.py:161} INFO - Started process (PID=15927) to work on /Users/admin/anaconda3/lib/python3.11/site-packages/airflow/example_dags/example_skip_dag.py
[2025-05-04T22:17:18.243+0300] {processor.py:830} INFO - Processing file /Users/admin/anaconda3/lib/python3.11/site-packages/airflow/example_dags/example_skip_dag.py for tasks to queue
[2025-05-04T22:17:18.244+0300] {logging_mixin.py:188} INFO - [2025-05-04T22:17:18.243+0300] {dagbag.py:540} INFO - Filling up the DagBag from /Users/admin/anaconda3/lib/python3.11/site-packages/airflow/example_dags/example_skip_dag.py
[2025-05-04T22:17:18.249+0300] {processor.py:840} INFO - DAG(s) 'example_skip_dag' retrieved from /Users/admin/anaconda3/lib/python3.11/site-packages/airflow/example_dags/example_skip_dag.py
[2025-05-04T22:17:18.311+0300] {logging_mixin.py:188} INFO - [2025-05-04T22:17:18.311+0300] {dag.py:3047} INFO - Sync 1 DAGs
[2025-05-04T22:17:18.321+0300] {logging_mixin.py:188} INFO - [2025-05-04T22:17:18.321+0300] {dag.py:3834} INFO - Setting next_dagrun for example_skip_dag to 2025-05-03 00:00:00+00:00, run_after=2025-05-04 00:00:00+00:00
[2025-05-04T22:17:18.331+0300] {processor.py:183} INFO - Processing /Users/admin/anaconda3/lib/python3.11/site-packages/airflow/example_dags/example_skip_dag.py took 0.089 seconds
[2025-05-04T22:25:35.898+0300] {processor.py:161} INFO - Started process (PID=16349) to work on /Users/admin/anaconda3/lib/python3.11/site-packages/airflow/example_dags/example_skip_dag.py
[2025-05-04T22:25:35.899+0300] {processor.py:830} INFO - Processing file /Users/admin/anaconda3/lib/python3.11/site-packages/airflow/example_dags/example_skip_dag.py for tasks to queue
[2025-05-04T22:25:35.899+0300] {logging_mixin.py:188} INFO - [2025-05-04T22:25:35.899+0300] {dagbag.py:540} INFO - Filling up the DagBag from /Users/admin/anaconda3/lib/python3.11/site-packages/airflow/example_dags/example_skip_dag.py
[2025-05-04T22:25:35.904+0300] {processor.py:840} INFO - DAG(s) 'example_skip_dag' retrieved from /Users/admin/anaconda3/lib/python3.11/site-packages/airflow/example_dags/example_skip_dag.py
[2025-05-04T22:25:35.966+0300] {logging_mixin.py:188} INFO - [2025-05-04T22:25:35.966+0300] {dag.py:3047} INFO - Sync 1 DAGs
[2025-05-04T22:25:35.976+0300] {logging_mixin.py:188} INFO - [2025-05-04T22:25:35.976+0300] {dag.py:3834} INFO - Setting next_dagrun for example_skip_dag to 2025-05-03 00:00:00+00:00, run_after=2025-05-04 00:00:00+00:00
[2025-05-04T22:25:35.986+0300] {processor.py:183} INFO - Processing /Users/admin/anaconda3/lib/python3.11/site-packages/airflow/example_dags/example_skip_dag.py took 0.089 seconds
[2025-05-04T22:26:57.359+0300] {processor.py:161} INFO - Started process (PID=16769) to work on /Users/admin/anaconda3/lib/python3.11/site-packages/airflow/example_dags/example_skip_dag.py
[2025-05-04T22:26:57.361+0300] {processor.py:830} INFO - Processing file /Users/admin/anaconda3/lib/python3.11/site-packages/airflow/example_dags/example_skip_dag.py for tasks to queue
[2025-05-04T22:26:57.361+0300] {logging_mixin.py:188} INFO - [2025-05-04T22:26:57.361+0300] {dagbag.py:540} INFO - Filling up the DagBag from /Users/admin/anaconda3/lib/python3.11/site-packages/airflow/example_dags/example_skip_dag.py
[2025-05-04T22:26:57.366+0300] {processor.py:840} INFO - DAG(s) 'example_skip_dag' retrieved from /Users/admin/anaconda3/lib/python3.11/site-packages/airflow/example_dags/example_skip_dag.py
[2025-05-04T22:26:57.428+0300] {logging_mixin.py:188} INFO - [2025-05-04T22:26:57.428+0300] {dag.py:3047} INFO - Sync 1 DAGs
[2025-05-04T22:26:57.438+0300] {logging_mixin.py:188} INFO - [2025-05-04T22:26:57.438+0300] {dag.py:3834} INFO - Setting next_dagrun for example_skip_dag to 2025-05-03 00:00:00+00:00, run_after=2025-05-04 00:00:00+00:00
[2025-05-04T22:26:57.448+0300] {processor.py:183} INFO - Processing /Users/admin/anaconda3/lib/python3.11/site-packages/airflow/example_dags/example_skip_dag.py took 0.089 seconds
[2025-05-04T22:28:20.858+0300] {processor.py:161} INFO - Started process (PID=17154) to work on /Users/admin/anaconda3/lib/python3.11/site-packages/airflow/example_dags/example_skip_dag.py
[2025-05-04T22:28:20.859+0300] {processor.py:830} INFO - Processing file /Users/admin/anaconda3/lib/python3.11/site-packages/airflow/example_dags/example_skip_dag.py for tasks to queue
[2025-05-04T22:28:20.860+0300] {logging_mixin.py:188} INFO - [2025-05-04T22:28:20.860+0300] {dagbag.py:540} INFO - Filling up the DagBag from /Users/admin/anaconda3/lib/python3.11/site-packages/airflow/example_dags/example_skip_dag.py
[2025-05-04T22:28:20.865+0300] {processor.py:840} INFO - DAG(s) 'example_skip_dag' retrieved from /Users/admin/anaconda3/lib/python3.11/site-packages/airflow/example_dags/example_skip_dag.py
[2025-05-04T22:28:20.928+0300] {logging_mixin.py:188} INFO - [2025-05-04T22:28:20.928+0300] {dag.py:3047} INFO - Sync 1 DAGs
[2025-05-04T22:28:20.937+0300] {logging_mixin.py:188} INFO - [2025-05-04T22:28:20.937+0300] {dag.py:3834} INFO - Setting next_dagrun for example_skip_dag to 2025-05-03 00:00:00+00:00, run_after=2025-05-04 00:00:00+00:00
[2025-05-04T22:28:20.947+0300] {processor.py:183} INFO - Processing /Users/admin/anaconda3/lib/python3.11/site-packages/airflow/example_dags/example_skip_dag.py took 0.090 seconds
[2025-05-04T22:29:42.594+0300] {processor.py:161} INFO - Started process (PID=17535) to work on /Users/admin/anaconda3/lib/python3.11/site-packages/airflow/example_dags/example_skip_dag.py
[2025-05-04T22:29:42.595+0300] {processor.py:830} INFO - Processing file /Users/admin/anaconda3/lib/python3.11/site-packages/airflow/example_dags/example_skip_dag.py for tasks to queue
[2025-05-04T22:29:42.596+0300] {logging_mixin.py:188} INFO - [2025-05-04T22:29:42.596+0300] {dagbag.py:540} INFO - Filling up the DagBag from /Users/admin/anaconda3/lib/python3.11/site-packages/airflow/example_dags/example_skip_dag.py
[2025-05-04T22:29:42.601+0300] {processor.py:840} INFO - DAG(s) 'example_skip_dag' retrieved from /Users/admin/anaconda3/lib/python3.11/site-packages/airflow/example_dags/example_skip_dag.py
[2025-05-04T22:29:42.663+0300] {logging_mixin.py:188} INFO - [2025-05-04T22:29:42.663+0300] {dag.py:3047} INFO - Sync 1 DAGs
[2025-05-04T22:29:42.673+0300] {logging_mixin.py:188} INFO - [2025-05-04T22:29:42.672+0300] {dag.py:3834} INFO - Setting next_dagrun for example_skip_dag to 2025-05-03 00:00:00+00:00, run_after=2025-05-04 00:00:00+00:00
[2025-05-04T22:29:42.683+0300] {processor.py:183} INFO - Processing /Users/admin/anaconda3/lib/python3.11/site-packages/airflow/example_dags/example_skip_dag.py took 0.089 seconds
[2025-05-04T22:31:03.188+0300] {processor.py:161} INFO - Started process (PID=17930) to work on /Users/admin/anaconda3/lib/python3.11/site-packages/airflow/example_dags/example_skip_dag.py
[2025-05-04T22:31:03.189+0300] {processor.py:830} INFO - Processing file /Users/admin/anaconda3/lib/python3.11/site-packages/airflow/example_dags/example_skip_dag.py for tasks to queue
[2025-05-04T22:31:03.189+0300] {logging_mixin.py:188} INFO - [2025-05-04T22:31:03.189+0300] {dagbag.py:540} INFO - Filling up the DagBag from /Users/admin/anaconda3/lib/python3.11/site-packages/airflow/example_dags/example_skip_dag.py
[2025-05-04T22:31:03.195+0300] {processor.py:840} INFO - DAG(s) 'example_skip_dag' retrieved from /Users/admin/anaconda3/lib/python3.11/site-packages/airflow/example_dags/example_skip_dag.py
[2025-05-04T22:31:03.257+0300] {logging_mixin.py:188} INFO - [2025-05-04T22:31:03.257+0300] {dag.py:3047} INFO - Sync 1 DAGs
[2025-05-04T22:31:03.266+0300] {logging_mixin.py:188} INFO - [2025-05-04T22:31:03.266+0300] {dag.py:3834} INFO - Setting next_dagrun for example_skip_dag to 2025-05-03 00:00:00+00:00, run_after=2025-05-04 00:00:00+00:00
[2025-05-04T22:31:03.276+0300] {processor.py:183} INFO - Processing /Users/admin/anaconda3/lib/python3.11/site-packages/airflow/example_dags/example_skip_dag.py took 0.089 seconds
[2025-05-04T23:16:20.551+0300] {processor.py:161} INFO - Started process (PID=18419) to work on /Users/admin/anaconda3/lib/python3.11/site-packages/airflow/example_dags/example_skip_dag.py
[2025-05-04T23:16:20.552+0300] {processor.py:830} INFO - Processing file /Users/admin/anaconda3/lib/python3.11/site-packages/airflow/example_dags/example_skip_dag.py for tasks to queue
[2025-05-04T23:16:20.552+0300] {logging_mixin.py:188} INFO - [2025-05-04T23:16:20.552+0300] {dagbag.py:540} INFO - Filling up the DagBag from /Users/admin/anaconda3/lib/python3.11/site-packages/airflow/example_dags/example_skip_dag.py
[2025-05-04T23:16:20.558+0300] {processor.py:840} INFO - DAG(s) 'example_skip_dag' retrieved from /Users/admin/anaconda3/lib/python3.11/site-packages/airflow/example_dags/example_skip_dag.py
[2025-05-04T23:16:20.623+0300] {logging_mixin.py:188} INFO - [2025-05-04T23:16:20.622+0300] {dag.py:3047} INFO - Sync 1 DAGs
[2025-05-04T23:16:20.632+0300] {logging_mixin.py:188} INFO - [2025-05-04T23:16:20.632+0300] {dag.py:3834} INFO - Setting next_dagrun for example_skip_dag to 2025-05-03 00:00:00+00:00, run_after=2025-05-04 00:00:00+00:00
[2025-05-04T23:16:20.642+0300] {processor.py:183} INFO - Processing /Users/admin/anaconda3/lib/python3.11/site-packages/airflow/example_dags/example_skip_dag.py took 0.092 seconds
[2025-05-04T23:17:43.768+0300] {processor.py:161} INFO - Started process (PID=18807) to work on /Users/admin/anaconda3/lib/python3.11/site-packages/airflow/example_dags/example_skip_dag.py
[2025-05-04T23:17:43.770+0300] {processor.py:830} INFO - Processing file /Users/admin/anaconda3/lib/python3.11/site-packages/airflow/example_dags/example_skip_dag.py for tasks to queue
[2025-05-04T23:17:43.770+0300] {logging_mixin.py:188} INFO - [2025-05-04T23:17:43.770+0300] {dagbag.py:540} INFO - Filling up the DagBag from /Users/admin/anaconda3/lib/python3.11/site-packages/airflow/example_dags/example_skip_dag.py
[2025-05-04T23:17:43.776+0300] {processor.py:840} INFO - DAG(s) 'example_skip_dag' retrieved from /Users/admin/anaconda3/lib/python3.11/site-packages/airflow/example_dags/example_skip_dag.py
[2025-05-04T23:17:43.838+0300] {logging_mixin.py:188} INFO - [2025-05-04T23:17:43.838+0300] {dag.py:3047} INFO - Sync 1 DAGs
[2025-05-04T23:17:43.848+0300] {logging_mixin.py:188} INFO - [2025-05-04T23:17:43.848+0300] {dag.py:3834} INFO - Setting next_dagrun for example_skip_dag to 2025-05-03 00:00:00+00:00, run_after=2025-05-04 00:00:00+00:00
[2025-05-04T23:17:43.858+0300] {processor.py:183} INFO - Processing /Users/admin/anaconda3/lib/python3.11/site-packages/airflow/example_dags/example_skip_dag.py took 0.091 seconds
[2025-05-04T23:19:07.376+0300] {processor.py:161} INFO - Started process (PID=19208) to work on /Users/admin/anaconda3/lib/python3.11/site-packages/airflow/example_dags/example_skip_dag.py
[2025-05-04T23:19:07.378+0300] {processor.py:830} INFO - Processing file /Users/admin/anaconda3/lib/python3.11/site-packages/airflow/example_dags/example_skip_dag.py for tasks to queue
[2025-05-04T23:19:07.378+0300] {logging_mixin.py:188} INFO - [2025-05-04T23:19:07.378+0300] {dagbag.py:540} INFO - Filling up the DagBag from /Users/admin/anaconda3/lib/python3.11/site-packages/airflow/example_dags/example_skip_dag.py
[2025-05-04T23:19:07.383+0300] {processor.py:840} INFO - DAG(s) 'example_skip_dag' retrieved from /Users/admin/anaconda3/lib/python3.11/site-packages/airflow/example_dags/example_skip_dag.py
[2025-05-04T23:19:07.445+0300] {logging_mixin.py:188} INFO - [2025-05-04T23:19:07.445+0300] {dag.py:3047} INFO - Sync 1 DAGs
[2025-05-04T23:19:07.454+0300] {logging_mixin.py:188} INFO - [2025-05-04T23:19:07.454+0300] {dag.py:3834} INFO - Setting next_dagrun for example_skip_dag to 2025-05-03 00:00:00+00:00, run_after=2025-05-04 00:00:00+00:00
[2025-05-04T23:19:07.464+0300] {processor.py:183} INFO - Processing /Users/admin/anaconda3/lib/python3.11/site-packages/airflow/example_dags/example_skip_dag.py took 0.088 seconds
[2025-05-04T23:20:28.120+0300] {processor.py:161} INFO - Started process (PID=19585) to work on /Users/admin/anaconda3/lib/python3.11/site-packages/airflow/example_dags/example_skip_dag.py
[2025-05-04T23:20:28.121+0300] {processor.py:830} INFO - Processing file /Users/admin/anaconda3/lib/python3.11/site-packages/airflow/example_dags/example_skip_dag.py for tasks to queue
[2025-05-04T23:20:28.121+0300] {logging_mixin.py:188} INFO - [2025-05-04T23:20:28.121+0300] {dagbag.py:540} INFO - Filling up the DagBag from /Users/admin/anaconda3/lib/python3.11/site-packages/airflow/example_dags/example_skip_dag.py
[2025-05-04T23:20:28.127+0300] {processor.py:840} INFO - DAG(s) 'example_skip_dag' retrieved from /Users/admin/anaconda3/lib/python3.11/site-packages/airflow/example_dags/example_skip_dag.py
[2025-05-04T23:20:28.190+0300] {logging_mixin.py:188} INFO - [2025-05-04T23:20:28.190+0300] {dag.py:3047} INFO - Sync 1 DAGs
[2025-05-04T23:20:28.199+0300] {logging_mixin.py:188} INFO - [2025-05-04T23:20:28.199+0300] {dag.py:3834} INFO - Setting next_dagrun for example_skip_dag to 2025-05-03 00:00:00+00:00, run_after=2025-05-04 00:00:00+00:00
[2025-05-04T23:20:28.209+0300] {processor.py:183} INFO - Processing /Users/admin/anaconda3/lib/python3.11/site-packages/airflow/example_dags/example_skip_dag.py took 0.091 seconds
[2025-05-04T23:21:55.800+0300] {processor.py:161} INFO - Started process (PID=20000) to work on /Users/admin/anaconda3/lib/python3.11/site-packages/airflow/example_dags/example_skip_dag.py
[2025-05-04T23:21:55.802+0300] {processor.py:830} INFO - Processing file /Users/admin/anaconda3/lib/python3.11/site-packages/airflow/example_dags/example_skip_dag.py for tasks to queue
[2025-05-04T23:21:55.803+0300] {logging_mixin.py:188} INFO - [2025-05-04T23:21:55.803+0300] {dagbag.py:540} INFO - Filling up the DagBag from /Users/admin/anaconda3/lib/python3.11/site-packages/airflow/example_dags/example_skip_dag.py
[2025-05-04T23:21:55.808+0300] {processor.py:840} INFO - DAG(s) 'example_skip_dag' retrieved from /Users/admin/anaconda3/lib/python3.11/site-packages/airflow/example_dags/example_skip_dag.py
[2025-05-04T23:21:55.872+0300] {logging_mixin.py:188} INFO - [2025-05-04T23:21:55.871+0300] {dag.py:3047} INFO - Sync 1 DAGs
[2025-05-04T23:21:55.881+0300] {logging_mixin.py:188} INFO - [2025-05-04T23:21:55.881+0300] {dag.py:3834} INFO - Setting next_dagrun for example_skip_dag to 2025-05-03 00:00:00+00:00, run_after=2025-05-04 00:00:00+00:00
[2025-05-04T23:21:55.891+0300] {processor.py:183} INFO - Processing /Users/admin/anaconda3/lib/python3.11/site-packages/airflow/example_dags/example_skip_dag.py took 0.092 seconds
[2025-05-04T23:23:26.243+0300] {processor.py:161} INFO - Started process (PID=20415) to work on /Users/admin/anaconda3/lib/python3.11/site-packages/airflow/example_dags/example_skip_dag.py
[2025-05-04T23:23:26.245+0300] {processor.py:830} INFO - Processing file /Users/admin/anaconda3/lib/python3.11/site-packages/airflow/example_dags/example_skip_dag.py for tasks to queue
[2025-05-04T23:23:26.245+0300] {logging_mixin.py:188} INFO - [2025-05-04T23:23:26.245+0300] {dagbag.py:540} INFO - Filling up the DagBag from /Users/admin/anaconda3/lib/python3.11/site-packages/airflow/example_dags/example_skip_dag.py
[2025-05-04T23:23:26.250+0300] {processor.py:840} INFO - DAG(s) 'example_skip_dag' retrieved from /Users/admin/anaconda3/lib/python3.11/site-packages/airflow/example_dags/example_skip_dag.py
[2025-05-04T23:23:26.311+0300] {logging_mixin.py:188} INFO - [2025-05-04T23:23:26.311+0300] {dag.py:3047} INFO - Sync 1 DAGs
[2025-05-04T23:23:26.320+0300] {logging_mixin.py:188} INFO - [2025-05-04T23:23:26.320+0300] {dag.py:3834} INFO - Setting next_dagrun for example_skip_dag to 2025-05-03 00:00:00+00:00, run_after=2025-05-04 00:00:00+00:00
[2025-05-04T23:23:26.330+0300] {processor.py:183} INFO - Processing /Users/admin/anaconda3/lib/python3.11/site-packages/airflow/example_dags/example_skip_dag.py took 0.087 seconds
[2025-05-04T23:24:53.258+0300] {processor.py:161} INFO - Started process (PID=20826) to work on /Users/admin/anaconda3/lib/python3.11/site-packages/airflow/example_dags/example_skip_dag.py
[2025-05-04T23:24:53.259+0300] {processor.py:830} INFO - Processing file /Users/admin/anaconda3/lib/python3.11/site-packages/airflow/example_dags/example_skip_dag.py for tasks to queue
[2025-05-04T23:24:53.260+0300] {logging_mixin.py:188} INFO - [2025-05-04T23:24:53.260+0300] {dagbag.py:540} INFO - Filling up the DagBag from /Users/admin/anaconda3/lib/python3.11/site-packages/airflow/example_dags/example_skip_dag.py
[2025-05-04T23:24:53.265+0300] {processor.py:840} INFO - DAG(s) 'example_skip_dag' retrieved from /Users/admin/anaconda3/lib/python3.11/site-packages/airflow/example_dags/example_skip_dag.py
[2025-05-04T23:24:53.326+0300] {logging_mixin.py:188} INFO - [2025-05-04T23:24:53.326+0300] {dag.py:3047} INFO - Sync 1 DAGs
[2025-05-04T23:24:53.336+0300] {logging_mixin.py:188} INFO - [2025-05-04T23:24:53.336+0300] {dag.py:3834} INFO - Setting next_dagrun for example_skip_dag to 2025-05-03 00:00:00+00:00, run_after=2025-05-04 00:00:00+00:00
[2025-05-04T23:24:53.346+0300] {processor.py:183} INFO - Processing /Users/admin/anaconda3/lib/python3.11/site-packages/airflow/example_dags/example_skip_dag.py took 0.088 seconds
[2025-05-04T23:26:20.584+0300] {processor.py:161} INFO - Started process (PID=21238) to work on /Users/admin/anaconda3/lib/python3.11/site-packages/airflow/example_dags/example_skip_dag.py
[2025-05-04T23:26:20.585+0300] {processor.py:830} INFO - Processing file /Users/admin/anaconda3/lib/python3.11/site-packages/airflow/example_dags/example_skip_dag.py for tasks to queue
[2025-05-04T23:26:20.586+0300] {logging_mixin.py:188} INFO - [2025-05-04T23:26:20.586+0300] {dagbag.py:540} INFO - Filling up the DagBag from /Users/admin/anaconda3/lib/python3.11/site-packages/airflow/example_dags/example_skip_dag.py
[2025-05-04T23:26:20.591+0300] {processor.py:840} INFO - DAG(s) 'example_skip_dag' retrieved from /Users/admin/anaconda3/lib/python3.11/site-packages/airflow/example_dags/example_skip_dag.py
[2025-05-04T23:26:20.653+0300] {logging_mixin.py:188} INFO - [2025-05-04T23:26:20.652+0300] {dag.py:3047} INFO - Sync 1 DAGs
[2025-05-04T23:26:20.662+0300] {logging_mixin.py:188} INFO - [2025-05-04T23:26:20.662+0300] {dag.py:3834} INFO - Setting next_dagrun for example_skip_dag to 2025-05-03 00:00:00+00:00, run_after=2025-05-04 00:00:00+00:00
[2025-05-04T23:26:20.672+0300] {processor.py:183} INFO - Processing /Users/admin/anaconda3/lib/python3.11/site-packages/airflow/example_dags/example_skip_dag.py took 0.089 seconds
[2025-05-04T23:27:45.775+0300] {processor.py:161} INFO - Started process (PID=21645) to work on /Users/admin/anaconda3/lib/python3.11/site-packages/airflow/example_dags/example_skip_dag.py
[2025-05-04T23:27:45.776+0300] {processor.py:830} INFO - Processing file /Users/admin/anaconda3/lib/python3.11/site-packages/airflow/example_dags/example_skip_dag.py for tasks to queue
[2025-05-04T23:27:45.776+0300] {logging_mixin.py:188} INFO - [2025-05-04T23:27:45.776+0300] {dagbag.py:540} INFO - Filling up the DagBag from /Users/admin/anaconda3/lib/python3.11/site-packages/airflow/example_dags/example_skip_dag.py
[2025-05-04T23:27:45.782+0300] {processor.py:840} INFO - DAG(s) 'example_skip_dag' retrieved from /Users/admin/anaconda3/lib/python3.11/site-packages/airflow/example_dags/example_skip_dag.py
[2025-05-04T23:27:45.843+0300] {logging_mixin.py:188} INFO - [2025-05-04T23:27:45.843+0300] {dag.py:3047} INFO - Sync 1 DAGs
[2025-05-04T23:27:45.852+0300] {logging_mixin.py:188} INFO - [2025-05-04T23:27:45.852+0300] {dag.py:3834} INFO - Setting next_dagrun for example_skip_dag to 2025-05-03 00:00:00+00:00, run_after=2025-05-04 00:00:00+00:00
[2025-05-04T23:27:45.862+0300] {processor.py:183} INFO - Processing /Users/admin/anaconda3/lib/python3.11/site-packages/airflow/example_dags/example_skip_dag.py took 0.088 seconds
[2025-05-04T23:29:14.681+0300] {processor.py:161} INFO - Started process (PID=22064) to work on /Users/admin/anaconda3/lib/python3.11/site-packages/airflow/example_dags/example_skip_dag.py
[2025-05-04T23:29:14.682+0300] {processor.py:830} INFO - Processing file /Users/admin/anaconda3/lib/python3.11/site-packages/airflow/example_dags/example_skip_dag.py for tasks to queue
[2025-05-04T23:29:14.683+0300] {logging_mixin.py:188} INFO - [2025-05-04T23:29:14.682+0300] {dagbag.py:540} INFO - Filling up the DagBag from /Users/admin/anaconda3/lib/python3.11/site-packages/airflow/example_dags/example_skip_dag.py
[2025-05-04T23:29:14.688+0300] {processor.py:840} INFO - DAG(s) 'example_skip_dag' retrieved from /Users/admin/anaconda3/lib/python3.11/site-packages/airflow/example_dags/example_skip_dag.py
[2025-05-04T23:29:14.749+0300] {logging_mixin.py:188} INFO - [2025-05-04T23:29:14.749+0300] {dag.py:3047} INFO - Sync 1 DAGs
[2025-05-04T23:29:14.758+0300] {logging_mixin.py:188} INFO - [2025-05-04T23:29:14.758+0300] {dag.py:3834} INFO - Setting next_dagrun for example_skip_dag to 2025-05-03 00:00:00+00:00, run_after=2025-05-04 00:00:00+00:00
[2025-05-04T23:29:14.768+0300] {processor.py:183} INFO - Processing /Users/admin/anaconda3/lib/python3.11/site-packages/airflow/example_dags/example_skip_dag.py took 0.088 seconds
[2025-05-04T23:30:42.610+0300] {processor.py:161} INFO - Started process (PID=22496) to work on /Users/admin/anaconda3/lib/python3.11/site-packages/airflow/example_dags/example_skip_dag.py
[2025-05-04T23:30:42.611+0300] {processor.py:830} INFO - Processing file /Users/admin/anaconda3/lib/python3.11/site-packages/airflow/example_dags/example_skip_dag.py for tasks to queue
[2025-05-04T23:30:42.611+0300] {logging_mixin.py:188} INFO - [2025-05-04T23:30:42.611+0300] {dagbag.py:540} INFO - Filling up the DagBag from /Users/admin/anaconda3/lib/python3.11/site-packages/airflow/example_dags/example_skip_dag.py
[2025-05-04T23:30:42.617+0300] {processor.py:840} INFO - DAG(s) 'example_skip_dag' retrieved from /Users/admin/anaconda3/lib/python3.11/site-packages/airflow/example_dags/example_skip_dag.py
[2025-05-04T23:30:42.681+0300] {logging_mixin.py:188} INFO - [2025-05-04T23:30:42.681+0300] {dag.py:3047} INFO - Sync 1 DAGs
[2025-05-04T23:30:42.690+0300] {logging_mixin.py:188} INFO - [2025-05-04T23:30:42.690+0300] {dag.py:3834} INFO - Setting next_dagrun for example_skip_dag to 2025-05-03 00:00:00+00:00, run_after=2025-05-04 00:00:00+00:00
[2025-05-04T23:30:42.701+0300] {processor.py:183} INFO - Processing /Users/admin/anaconda3/lib/python3.11/site-packages/airflow/example_dags/example_skip_dag.py took 0.092 seconds
[2025-05-04T23:32:14.033+0300] {processor.py:161} INFO - Started process (PID=22914) to work on /Users/admin/anaconda3/lib/python3.11/site-packages/airflow/example_dags/example_skip_dag.py
[2025-05-04T23:32:14.035+0300] {processor.py:830} INFO - Processing file /Users/admin/anaconda3/lib/python3.11/site-packages/airflow/example_dags/example_skip_dag.py for tasks to queue
[2025-05-04T23:32:14.036+0300] {logging_mixin.py:188} INFO - [2025-05-04T23:32:14.036+0300] {dagbag.py:540} INFO - Filling up the DagBag from /Users/admin/anaconda3/lib/python3.11/site-packages/airflow/example_dags/example_skip_dag.py
[2025-05-04T23:32:14.045+0300] {processor.py:840} INFO - DAG(s) 'example_skip_dag' retrieved from /Users/admin/anaconda3/lib/python3.11/site-packages/airflow/example_dags/example_skip_dag.py
[2025-05-04T23:32:14.127+0300] {logging_mixin.py:188} INFO - [2025-05-04T23:32:14.127+0300] {dag.py:3047} INFO - Sync 1 DAGs
[2025-05-04T23:32:14.138+0300] {logging_mixin.py:188} INFO - [2025-05-04T23:32:14.138+0300] {dag.py:3834} INFO - Setting next_dagrun for example_skip_dag to 2025-05-03 00:00:00+00:00, run_after=2025-05-04 00:00:00+00:00
[2025-05-04T23:32:14.149+0300] {processor.py:183} INFO - Processing /Users/admin/anaconda3/lib/python3.11/site-packages/airflow/example_dags/example_skip_dag.py took 0.118 seconds
[2025-05-04T23:33:42.140+0300] {processor.py:161} INFO - Started process (PID=23333) to work on /Users/admin/anaconda3/lib/python3.11/site-packages/airflow/example_dags/example_skip_dag.py
[2025-05-04T23:33:42.142+0300] {processor.py:830} INFO - Processing file /Users/admin/anaconda3/lib/python3.11/site-packages/airflow/example_dags/example_skip_dag.py for tasks to queue
[2025-05-04T23:33:42.142+0300] {logging_mixin.py:188} INFO - [2025-05-04T23:33:42.142+0300] {dagbag.py:540} INFO - Filling up the DagBag from /Users/admin/anaconda3/lib/python3.11/site-packages/airflow/example_dags/example_skip_dag.py
[2025-05-04T23:33:42.147+0300] {processor.py:840} INFO - DAG(s) 'example_skip_dag' retrieved from /Users/admin/anaconda3/lib/python3.11/site-packages/airflow/example_dags/example_skip_dag.py
[2025-05-04T23:33:42.209+0300] {logging_mixin.py:188} INFO - [2025-05-04T23:33:42.208+0300] {dag.py:3047} INFO - Sync 1 DAGs
[2025-05-04T23:33:42.218+0300] {logging_mixin.py:188} INFO - [2025-05-04T23:33:42.218+0300] {dag.py:3834} INFO - Setting next_dagrun for example_skip_dag to 2025-05-03 00:00:00+00:00, run_after=2025-05-04 00:00:00+00:00
[2025-05-04T23:33:42.228+0300] {processor.py:183} INFO - Processing /Users/admin/anaconda3/lib/python3.11/site-packages/airflow/example_dags/example_skip_dag.py took 0.089 seconds
[2025-05-04T23:35:13.633+0300] {processor.py:161} INFO - Started process (PID=23766) to work on /Users/admin/anaconda3/lib/python3.11/site-packages/airflow/example_dags/example_skip_dag.py
[2025-05-04T23:35:13.634+0300] {processor.py:830} INFO - Processing file /Users/admin/anaconda3/lib/python3.11/site-packages/airflow/example_dags/example_skip_dag.py for tasks to queue
[2025-05-04T23:35:13.635+0300] {logging_mixin.py:188} INFO - [2025-05-04T23:35:13.634+0300] {dagbag.py:540} INFO - Filling up the DagBag from /Users/admin/anaconda3/lib/python3.11/site-packages/airflow/example_dags/example_skip_dag.py
[2025-05-04T23:35:13.640+0300] {processor.py:840} INFO - DAG(s) 'example_skip_dag' retrieved from /Users/admin/anaconda3/lib/python3.11/site-packages/airflow/example_dags/example_skip_dag.py
[2025-05-04T23:35:13.701+0300] {logging_mixin.py:188} INFO - [2025-05-04T23:35:13.701+0300] {dag.py:3047} INFO - Sync 1 DAGs
[2025-05-04T23:35:13.710+0300] {logging_mixin.py:188} INFO - [2025-05-04T23:35:13.710+0300] {dag.py:3834} INFO - Setting next_dagrun for example_skip_dag to 2025-05-03 00:00:00+00:00, run_after=2025-05-04 00:00:00+00:00
[2025-05-04T23:35:13.720+0300] {processor.py:183} INFO - Processing /Users/admin/anaconda3/lib/python3.11/site-packages/airflow/example_dags/example_skip_dag.py took 0.088 seconds
[2025-05-04T23:36:45.457+0300] {processor.py:161} INFO - Started process (PID=24204) to work on /Users/admin/anaconda3/lib/python3.11/site-packages/airflow/example_dags/example_skip_dag.py
[2025-05-04T23:36:45.458+0300] {processor.py:830} INFO - Processing file /Users/admin/anaconda3/lib/python3.11/site-packages/airflow/example_dags/example_skip_dag.py for tasks to queue
[2025-05-04T23:36:45.459+0300] {logging_mixin.py:188} INFO - [2025-05-04T23:36:45.459+0300] {dagbag.py:540} INFO - Filling up the DagBag from /Users/admin/anaconda3/lib/python3.11/site-packages/airflow/example_dags/example_skip_dag.py
[2025-05-04T23:36:45.464+0300] {processor.py:840} INFO - DAG(s) 'example_skip_dag' retrieved from /Users/admin/anaconda3/lib/python3.11/site-packages/airflow/example_dags/example_skip_dag.py
[2025-05-04T23:36:45.526+0300] {logging_mixin.py:188} INFO - [2025-05-04T23:36:45.526+0300] {dag.py:3047} INFO - Sync 1 DAGs
[2025-05-04T23:36:45.536+0300] {logging_mixin.py:188} INFO - [2025-05-04T23:36:45.536+0300] {dag.py:3834} INFO - Setting next_dagrun for example_skip_dag to 2025-05-03 00:00:00+00:00, run_after=2025-05-04 00:00:00+00:00
[2025-05-04T23:36:45.546+0300] {processor.py:183} INFO - Processing /Users/admin/anaconda3/lib/python3.11/site-packages/airflow/example_dags/example_skip_dag.py took 0.089 seconds
[2025-05-04T23:38:15.353+0300] {processor.py:161} INFO - Started process (PID=24643) to work on /Users/admin/anaconda3/lib/python3.11/site-packages/airflow/example_dags/example_skip_dag.py
[2025-05-04T23:38:15.354+0300] {processor.py:830} INFO - Processing file /Users/admin/anaconda3/lib/python3.11/site-packages/airflow/example_dags/example_skip_dag.py for tasks to queue
[2025-05-04T23:38:15.355+0300] {logging_mixin.py:188} INFO - [2025-05-04T23:38:15.355+0300] {dagbag.py:540} INFO - Filling up the DagBag from /Users/admin/anaconda3/lib/python3.11/site-packages/airflow/example_dags/example_skip_dag.py
[2025-05-04T23:38:15.360+0300] {processor.py:840} INFO - DAG(s) 'example_skip_dag' retrieved from /Users/admin/anaconda3/lib/python3.11/site-packages/airflow/example_dags/example_skip_dag.py
[2025-05-04T23:38:15.423+0300] {logging_mixin.py:188} INFO - [2025-05-04T23:38:15.422+0300] {dag.py:3047} INFO - Sync 1 DAGs
[2025-05-04T23:38:15.432+0300] {logging_mixin.py:188} INFO - [2025-05-04T23:38:15.432+0300] {dag.py:3834} INFO - Setting next_dagrun for example_skip_dag to 2025-05-03 00:00:00+00:00, run_after=2025-05-04 00:00:00+00:00
[2025-05-04T23:38:15.442+0300] {processor.py:183} INFO - Processing /Users/admin/anaconda3/lib/python3.11/site-packages/airflow/example_dags/example_skip_dag.py took 0.090 seconds
[2025-05-04T23:39:46.521+0300] {processor.py:161} INFO - Started process (PID=25077) to work on /Users/admin/anaconda3/lib/python3.11/site-packages/airflow/example_dags/example_skip_dag.py
[2025-05-04T23:39:46.521+0300] {processor.py:830} INFO - Processing file /Users/admin/anaconda3/lib/python3.11/site-packages/airflow/example_dags/example_skip_dag.py for tasks to queue
[2025-05-04T23:39:46.522+0300] {logging_mixin.py:188} INFO - [2025-05-04T23:39:46.522+0300] {dagbag.py:540} INFO - Filling up the DagBag from /Users/admin/anaconda3/lib/python3.11/site-packages/airflow/example_dags/example_skip_dag.py
[2025-05-04T23:39:46.528+0300] {processor.py:840} INFO - DAG(s) 'example_skip_dag' retrieved from /Users/admin/anaconda3/lib/python3.11/site-packages/airflow/example_dags/example_skip_dag.py
[2025-05-04T23:39:46.603+0300] {logging_mixin.py:188} INFO - [2025-05-04T23:39:46.603+0300] {dag.py:3047} INFO - Sync 1 DAGs
[2025-05-04T23:39:46.615+0300] {logging_mixin.py:188} INFO - [2025-05-04T23:39:46.614+0300] {dag.py:3834} INFO - Setting next_dagrun for example_skip_dag to 2025-05-03 00:00:00+00:00, run_after=2025-05-04 00:00:00+00:00
[2025-05-04T23:39:46.628+0300] {processor.py:183} INFO - Processing /Users/admin/anaconda3/lib/python3.11/site-packages/airflow/example_dags/example_skip_dag.py took 0.108 seconds
[2025-05-04T23:41:31.548+0300] {processor.py:161} INFO - Started process (PID=25556) to work on /Users/admin/anaconda3/lib/python3.11/site-packages/airflow/example_dags/example_skip_dag.py
[2025-05-04T23:41:31.549+0300] {processor.py:830} INFO - Processing file /Users/admin/anaconda3/lib/python3.11/site-packages/airflow/example_dags/example_skip_dag.py for tasks to queue
[2025-05-04T23:41:31.550+0300] {logging_mixin.py:188} INFO - [2025-05-04T23:41:31.550+0300] {dagbag.py:540} INFO - Filling up the DagBag from /Users/admin/anaconda3/lib/python3.11/site-packages/airflow/example_dags/example_skip_dag.py
[2025-05-04T23:41:31.555+0300] {processor.py:840} INFO - DAG(s) 'example_skip_dag' retrieved from /Users/admin/anaconda3/lib/python3.11/site-packages/airflow/example_dags/example_skip_dag.py
[2025-05-04T23:41:31.617+0300] {logging_mixin.py:188} INFO - [2025-05-04T23:41:31.617+0300] {dag.py:3047} INFO - Sync 1 DAGs
[2025-05-04T23:41:31.626+0300] {logging_mixin.py:188} INFO - [2025-05-04T23:41:31.626+0300] {dag.py:3834} INFO - Setting next_dagrun for example_skip_dag to 2025-05-03 00:00:00+00:00, run_after=2025-05-04 00:00:00+00:00
[2025-05-04T23:41:31.636+0300] {processor.py:183} INFO - Processing /Users/admin/anaconda3/lib/python3.11/site-packages/airflow/example_dags/example_skip_dag.py took 0.090 seconds
[2025-05-04T23:43:16.641+0300] {processor.py:161} INFO - Started process (PID=26045) to work on /Users/admin/anaconda3/lib/python3.11/site-packages/airflow/example_dags/example_skip_dag.py
[2025-05-04T23:43:16.642+0300] {processor.py:830} INFO - Processing file /Users/admin/anaconda3/lib/python3.11/site-packages/airflow/example_dags/example_skip_dag.py for tasks to queue
[2025-05-04T23:43:16.642+0300] {logging_mixin.py:188} INFO - [2025-05-04T23:43:16.642+0300] {dagbag.py:540} INFO - Filling up the DagBag from /Users/admin/anaconda3/lib/python3.11/site-packages/airflow/example_dags/example_skip_dag.py
[2025-05-04T23:43:16.648+0300] {processor.py:840} INFO - DAG(s) 'example_skip_dag' retrieved from /Users/admin/anaconda3/lib/python3.11/site-packages/airflow/example_dags/example_skip_dag.py
[2025-05-04T23:43:16.709+0300] {logging_mixin.py:188} INFO - [2025-05-04T23:43:16.709+0300] {dag.py:3047} INFO - Sync 1 DAGs
[2025-05-04T23:43:16.719+0300] {logging_mixin.py:188} INFO - [2025-05-04T23:43:16.719+0300] {dag.py:3834} INFO - Setting next_dagrun for example_skip_dag to 2025-05-03 00:00:00+00:00, run_after=2025-05-04 00:00:00+00:00
[2025-05-04T23:43:16.729+0300] {processor.py:183} INFO - Processing /Users/admin/anaconda3/lib/python3.11/site-packages/airflow/example_dags/example_skip_dag.py took 0.089 seconds
[2025-05-04T23:44:55.519+0300] {processor.py:161} INFO - Started process (PID=26500) to work on /Users/admin/anaconda3/lib/python3.11/site-packages/airflow/example_dags/example_skip_dag.py
[2025-05-04T23:44:55.521+0300] {processor.py:830} INFO - Processing file /Users/admin/anaconda3/lib/python3.11/site-packages/airflow/example_dags/example_skip_dag.py for tasks to queue
[2025-05-04T23:44:55.521+0300] {logging_mixin.py:188} INFO - [2025-05-04T23:44:55.521+0300] {dagbag.py:540} INFO - Filling up the DagBag from /Users/admin/anaconda3/lib/python3.11/site-packages/airflow/example_dags/example_skip_dag.py
[2025-05-04T23:44:55.527+0300] {processor.py:840} INFO - DAG(s) 'example_skip_dag' retrieved from /Users/admin/anaconda3/lib/python3.11/site-packages/airflow/example_dags/example_skip_dag.py
[2025-05-04T23:44:55.589+0300] {logging_mixin.py:188} INFO - [2025-05-04T23:44:55.589+0300] {dag.py:3047} INFO - Sync 1 DAGs
[2025-05-04T23:44:55.598+0300] {logging_mixin.py:188} INFO - [2025-05-04T23:44:55.598+0300] {dag.py:3834} INFO - Setting next_dagrun for example_skip_dag to 2025-05-03 00:00:00+00:00, run_after=2025-05-04 00:00:00+00:00
[2025-05-04T23:44:55.608+0300] {processor.py:183} INFO - Processing /Users/admin/anaconda3/lib/python3.11/site-packages/airflow/example_dags/example_skip_dag.py took 0.089 seconds
[2025-05-04T23:46:29.858+0300] {processor.py:161} INFO - Started process (PID=26948) to work on /Users/admin/anaconda3/lib/python3.11/site-packages/airflow/example_dags/example_skip_dag.py
[2025-05-04T23:46:29.860+0300] {processor.py:830} INFO - Processing file /Users/admin/anaconda3/lib/python3.11/site-packages/airflow/example_dags/example_skip_dag.py for tasks to queue
[2025-05-04T23:46:29.860+0300] {logging_mixin.py:188} INFO - [2025-05-04T23:46:29.860+0300] {dagbag.py:540} INFO - Filling up the DagBag from /Users/admin/anaconda3/lib/python3.11/site-packages/airflow/example_dags/example_skip_dag.py
[2025-05-04T23:46:29.865+0300] {processor.py:840} INFO - DAG(s) 'example_skip_dag' retrieved from /Users/admin/anaconda3/lib/python3.11/site-packages/airflow/example_dags/example_skip_dag.py
[2025-05-04T23:46:29.928+0300] {logging_mixin.py:188} INFO - [2025-05-04T23:46:29.928+0300] {dag.py:3047} INFO - Sync 1 DAGs
[2025-05-04T23:46:29.938+0300] {logging_mixin.py:188} INFO - [2025-05-04T23:46:29.938+0300] {dag.py:3834} INFO - Setting next_dagrun for example_skip_dag to 2025-05-03 00:00:00+00:00, run_after=2025-05-04 00:00:00+00:00
[2025-05-04T23:46:29.948+0300] {processor.py:183} INFO - Processing /Users/admin/anaconda3/lib/python3.11/site-packages/airflow/example_dags/example_skip_dag.py took 0.090 seconds
[2025-05-04T23:47:59.201+0300] {processor.py:161} INFO - Started process (PID=27367) to work on /Users/admin/anaconda3/lib/python3.11/site-packages/airflow/example_dags/example_skip_dag.py
[2025-05-04T23:47:59.202+0300] {processor.py:830} INFO - Processing file /Users/admin/anaconda3/lib/python3.11/site-packages/airflow/example_dags/example_skip_dag.py for tasks to queue
[2025-05-04T23:47:59.203+0300] {logging_mixin.py:188} INFO - [2025-05-04T23:47:59.202+0300] {dagbag.py:540} INFO - Filling up the DagBag from /Users/admin/anaconda3/lib/python3.11/site-packages/airflow/example_dags/example_skip_dag.py
[2025-05-04T23:47:59.208+0300] {processor.py:840} INFO - DAG(s) 'example_skip_dag' retrieved from /Users/admin/anaconda3/lib/python3.11/site-packages/airflow/example_dags/example_skip_dag.py
[2025-05-04T23:47:59.269+0300] {logging_mixin.py:188} INFO - [2025-05-04T23:47:59.269+0300] {dag.py:3047} INFO - Sync 1 DAGs
[2025-05-04T23:47:59.279+0300] {logging_mixin.py:188} INFO - [2025-05-04T23:47:59.278+0300] {dag.py:3834} INFO - Setting next_dagrun for example_skip_dag to 2025-05-03 00:00:00+00:00, run_after=2025-05-04 00:00:00+00:00
[2025-05-04T23:47:59.289+0300] {processor.py:183} INFO - Processing /Users/admin/anaconda3/lib/python3.11/site-packages/airflow/example_dags/example_skip_dag.py took 0.089 seconds
[2025-05-04T23:49:29.592+0300] {processor.py:161} INFO - Started process (PID=27782) to work on /Users/admin/anaconda3/lib/python3.11/site-packages/airflow/example_dags/example_skip_dag.py
[2025-05-04T23:49:29.593+0300] {processor.py:830} INFO - Processing file /Users/admin/anaconda3/lib/python3.11/site-packages/airflow/example_dags/example_skip_dag.py for tasks to queue
[2025-05-04T23:49:29.594+0300] {logging_mixin.py:188} INFO - [2025-05-04T23:49:29.593+0300] {dagbag.py:540} INFO - Filling up the DagBag from /Users/admin/anaconda3/lib/python3.11/site-packages/airflow/example_dags/example_skip_dag.py
[2025-05-04T23:49:29.599+0300] {processor.py:840} INFO - DAG(s) 'example_skip_dag' retrieved from /Users/admin/anaconda3/lib/python3.11/site-packages/airflow/example_dags/example_skip_dag.py
[2025-05-04T23:49:29.660+0300] {logging_mixin.py:188} INFO - [2025-05-04T23:49:29.660+0300] {dag.py:3047} INFO - Sync 1 DAGs
[2025-05-04T23:49:29.669+0300] {logging_mixin.py:188} INFO - [2025-05-04T23:49:29.669+0300] {dag.py:3834} INFO - Setting next_dagrun for example_skip_dag to 2025-05-03 00:00:00+00:00, run_after=2025-05-04 00:00:00+00:00
[2025-05-04T23:49:29.679+0300] {processor.py:183} INFO - Processing /Users/admin/anaconda3/lib/python3.11/site-packages/airflow/example_dags/example_skip_dag.py took 0.088 seconds
[2025-05-04T23:50:58.310+0300] {processor.py:161} INFO - Started process (PID=28201) to work on /Users/admin/anaconda3/lib/python3.11/site-packages/airflow/example_dags/example_skip_dag.py
[2025-05-04T23:50:58.311+0300] {processor.py:830} INFO - Processing file /Users/admin/anaconda3/lib/python3.11/site-packages/airflow/example_dags/example_skip_dag.py for tasks to queue
[2025-05-04T23:50:58.312+0300] {logging_mixin.py:188} INFO - [2025-05-04T23:50:58.312+0300] {dagbag.py:540} INFO - Filling up the DagBag from /Users/admin/anaconda3/lib/python3.11/site-packages/airflow/example_dags/example_skip_dag.py
[2025-05-04T23:50:58.317+0300] {processor.py:840} INFO - DAG(s) 'example_skip_dag' retrieved from /Users/admin/anaconda3/lib/python3.11/site-packages/airflow/example_dags/example_skip_dag.py
[2025-05-04T23:50:58.380+0300] {logging_mixin.py:188} INFO - [2025-05-04T23:50:58.380+0300] {dag.py:3047} INFO - Sync 1 DAGs
[2025-05-04T23:50:58.390+0300] {logging_mixin.py:188} INFO - [2025-05-04T23:50:58.390+0300] {dag.py:3834} INFO - Setting next_dagrun for example_skip_dag to 2025-05-03 00:00:00+00:00, run_after=2025-05-04 00:00:00+00:00
[2025-05-04T23:50:58.400+0300] {processor.py:183} INFO - Processing /Users/admin/anaconda3/lib/python3.11/site-packages/airflow/example_dags/example_skip_dag.py took 0.090 seconds
[2025-05-04T23:52:40.829+0300] {processor.py:161} INFO - Started process (PID=28677) to work on /Users/admin/anaconda3/lib/python3.11/site-packages/airflow/example_dags/example_skip_dag.py
[2025-05-04T23:52:40.830+0300] {processor.py:830} INFO - Processing file /Users/admin/anaconda3/lib/python3.11/site-packages/airflow/example_dags/example_skip_dag.py for tasks to queue
[2025-05-04T23:52:40.831+0300] {logging_mixin.py:188} INFO - [2025-05-04T23:52:40.831+0300] {dagbag.py:540} INFO - Filling up the DagBag from /Users/admin/anaconda3/lib/python3.11/site-packages/airflow/example_dags/example_skip_dag.py
[2025-05-04T23:52:40.836+0300] {processor.py:840} INFO - DAG(s) 'example_skip_dag' retrieved from /Users/admin/anaconda3/lib/python3.11/site-packages/airflow/example_dags/example_skip_dag.py
[2025-05-04T23:52:40.897+0300] {logging_mixin.py:188} INFO - [2025-05-04T23:52:40.897+0300] {dag.py:3047} INFO - Sync 1 DAGs
[2025-05-04T23:52:40.907+0300] {logging_mixin.py:188} INFO - [2025-05-04T23:52:40.906+0300] {dag.py:3834} INFO - Setting next_dagrun for example_skip_dag to 2025-05-03 00:00:00+00:00, run_after=2025-05-04 00:00:00+00:00
[2025-05-04T23:52:40.916+0300] {processor.py:183} INFO - Processing /Users/admin/anaconda3/lib/python3.11/site-packages/airflow/example_dags/example_skip_dag.py took 0.088 seconds
[2025-05-04T23:58:37.178+0300] {processor.py:161} INFO - Started process (PID=29134) to work on /Users/admin/anaconda3/lib/python3.11/site-packages/airflow/example_dags/example_skip_dag.py
[2025-05-04T23:58:37.179+0300] {processor.py:830} INFO - Processing file /Users/admin/anaconda3/lib/python3.11/site-packages/airflow/example_dags/example_skip_dag.py for tasks to queue
[2025-05-04T23:58:37.179+0300] {logging_mixin.py:188} INFO - [2025-05-04T23:58:37.179+0300] {dagbag.py:540} INFO - Filling up the DagBag from /Users/admin/anaconda3/lib/python3.11/site-packages/airflow/example_dags/example_skip_dag.py
[2025-05-04T23:58:37.185+0300] {processor.py:840} INFO - DAG(s) 'example_skip_dag' retrieved from /Users/admin/anaconda3/lib/python3.11/site-packages/airflow/example_dags/example_skip_dag.py
[2025-05-04T23:58:37.247+0300] {logging_mixin.py:188} INFO - [2025-05-04T23:58:37.246+0300] {dag.py:3047} INFO - Sync 1 DAGs
[2025-05-04T23:58:37.256+0300] {logging_mixin.py:188} INFO - [2025-05-04T23:58:37.256+0300] {dag.py:3834} INFO - Setting next_dagrun for example_skip_dag to 2025-05-03 00:00:00+00:00, run_after=2025-05-04 00:00:00+00:00
[2025-05-04T23:58:37.266+0300] {processor.py:183} INFO - Processing /Users/admin/anaconda3/lib/python3.11/site-packages/airflow/example_dags/example_skip_dag.py took 0.089 seconds
