[2025-05-04T22:10:57.743+0300] {processor.py:161} INFO - Started process (PID=14101) to work on /Users/admin/anaconda3/lib/python3.11/site-packages/airflow/example_dags/example_xcom.py
[2025-05-04T22:10:57.744+0300] {processor.py:830} INFO - Processing file /Users/admin/anaconda3/lib/python3.11/site-packages/airflow/example_dags/example_xcom.py for tasks to queue
[2025-05-04T22:10:57.744+0300] {logging_mixin.py:188} INFO - [2025-05-04T22:10:57.744+0300] {dagbag.py:540} INFO - Filling up the DagBag from /Users/admin/anaconda3/lib/python3.11/site-packages/airflow/example_dags/example_xcom.py
[2025-05-04T22:10:57.766+0300] {processor.py:840} INFO - DAG(s) 'example_xcom' retrieved from /Users/admin/anaconda3/lib/python3.11/site-packages/airflow/example_dags/example_xcom.py
[2025-05-04T22:10:57.872+0300] {logging_mixin.py:188} INFO - [2025-05-04T22:10:57.872+0300] {dag.py:3047} INFO - Sync 1 DAGs
[2025-05-04T22:10:57.882+0300] {logging_mixin.py:188} INFO - [2025-05-04T22:10:57.882+0300] {dag.py:3834} INFO - Setting next_dagrun for example_xcom to 2021-01-01 00:00:00+00:00, run_after=2021-01-01 00:00:00+00:00
[2025-05-04T22:10:57.892+0300] {processor.py:183} INFO - Processing /Users/admin/anaconda3/lib/python3.11/site-packages/airflow/example_dags/example_xcom.py took 0.149 seconds
[2025-05-04T22:12:52.878+0300] {processor.py:161} INFO - Started process (PID=14657) to work on /Users/admin/anaconda3/lib/python3.11/site-packages/airflow/example_dags/example_xcom.py
[2025-05-04T22:12:52.879+0300] {processor.py:830} INFO - Processing file /Users/admin/anaconda3/lib/python3.11/site-packages/airflow/example_dags/example_xcom.py for tasks to queue
[2025-05-04T22:12:52.880+0300] {logging_mixin.py:188} INFO - [2025-05-04T22:12:52.880+0300] {dagbag.py:540} INFO - Filling up the DagBag from /Users/admin/anaconda3/lib/python3.11/site-packages/airflow/example_dags/example_xcom.py
[2025-05-04T22:12:52.902+0300] {processor.py:840} INFO - DAG(s) 'example_xcom' retrieved from /Users/admin/anaconda3/lib/python3.11/site-packages/airflow/example_dags/example_xcom.py
[2025-05-04T22:12:52.963+0300] {logging_mixin.py:188} INFO - [2025-05-04T22:12:52.963+0300] {dag.py:3047} INFO - Sync 1 DAGs
[2025-05-04T22:12:52.973+0300] {logging_mixin.py:188} INFO - [2025-05-04T22:12:52.972+0300] {dag.py:3834} INFO - Setting next_dagrun for example_xcom to 2021-01-01 00:00:00+00:00, run_after=2021-01-01 00:00:00+00:00
[2025-05-04T22:12:52.983+0300] {processor.py:183} INFO - Processing /Users/admin/anaconda3/lib/python3.11/site-packages/airflow/example_dags/example_xcom.py took 0.105 seconds
[2025-05-04T22:14:14.891+0300] {processor.py:161} INFO - Started process (PID=15055) to work on /Users/admin/anaconda3/lib/python3.11/site-packages/airflow/example_dags/example_xcom.py
[2025-05-04T22:14:14.893+0300] {processor.py:830} INFO - Processing file /Users/admin/anaconda3/lib/python3.11/site-packages/airflow/example_dags/example_xcom.py for tasks to queue
[2025-05-04T22:14:14.893+0300] {logging_mixin.py:188} INFO - [2025-05-04T22:14:14.893+0300] {dagbag.py:540} INFO - Filling up the DagBag from /Users/admin/anaconda3/lib/python3.11/site-packages/airflow/example_dags/example_xcom.py
[2025-05-04T22:14:14.915+0300] {processor.py:840} INFO - DAG(s) 'example_xcom' retrieved from /Users/admin/anaconda3/lib/python3.11/site-packages/airflow/example_dags/example_xcom.py
[2025-05-04T22:14:14.975+0300] {logging_mixin.py:188} INFO - [2025-05-04T22:14:14.975+0300] {dag.py:3047} INFO - Sync 1 DAGs
[2025-05-04T22:14:14.985+0300] {logging_mixin.py:188} INFO - [2025-05-04T22:14:14.985+0300] {dag.py:3834} INFO - Setting next_dagrun for example_xcom to 2021-01-01 00:00:00+00:00, run_after=2021-01-01 00:00:00+00:00
[2025-05-04T22:14:14.995+0300] {processor.py:183} INFO - Processing /Users/admin/anaconda3/lib/python3.11/site-packages/airflow/example_dags/example_xcom.py took 0.104 seconds
[2025-05-04T22:15:35.960+0300] {processor.py:161} INFO - Started process (PID=15431) to work on /Users/admin/anaconda3/lib/python3.11/site-packages/airflow/example_dags/example_xcom.py
[2025-05-04T22:15:35.961+0300] {processor.py:830} INFO - Processing file /Users/admin/anaconda3/lib/python3.11/site-packages/airflow/example_dags/example_xcom.py for tasks to queue
[2025-05-04T22:15:35.962+0300] {logging_mixin.py:188} INFO - [2025-05-04T22:15:35.961+0300] {dagbag.py:540} INFO - Filling up the DagBag from /Users/admin/anaconda3/lib/python3.11/site-packages/airflow/example_dags/example_xcom.py
[2025-05-04T22:15:35.984+0300] {processor.py:840} INFO - DAG(s) 'example_xcom' retrieved from /Users/admin/anaconda3/lib/python3.11/site-packages/airflow/example_dags/example_xcom.py
[2025-05-04T22:15:36.046+0300] {logging_mixin.py:188} INFO - [2025-05-04T22:15:36.045+0300] {dag.py:3047} INFO - Sync 1 DAGs
[2025-05-04T22:15:36.055+0300] {logging_mixin.py:188} INFO - [2025-05-04T22:15:36.055+0300] {dag.py:3834} INFO - Setting next_dagrun for example_xcom to 2021-01-01 00:00:00+00:00, run_after=2021-01-01 00:00:00+00:00
[2025-05-04T22:15:36.066+0300] {processor.py:183} INFO - Processing /Users/admin/anaconda3/lib/python3.11/site-packages/airflow/example_dags/example_xcom.py took 0.106 seconds
[2025-05-04T22:16:59.565+0300] {processor.py:161} INFO - Started process (PID=15835) to work on /Users/admin/anaconda3/lib/python3.11/site-packages/airflow/example_dags/example_xcom.py
[2025-05-04T22:16:59.566+0300] {processor.py:830} INFO - Processing file /Users/admin/anaconda3/lib/python3.11/site-packages/airflow/example_dags/example_xcom.py for tasks to queue
[2025-05-04T22:16:59.567+0300] {logging_mixin.py:188} INFO - [2025-05-04T22:16:59.567+0300] {dagbag.py:540} INFO - Filling up the DagBag from /Users/admin/anaconda3/lib/python3.11/site-packages/airflow/example_dags/example_xcom.py
[2025-05-04T22:16:59.589+0300] {processor.py:840} INFO - DAG(s) 'example_xcom' retrieved from /Users/admin/anaconda3/lib/python3.11/site-packages/airflow/example_dags/example_xcom.py
[2025-05-04T22:16:59.649+0300] {logging_mixin.py:188} INFO - [2025-05-04T22:16:59.649+0300] {dag.py:3047} INFO - Sync 1 DAGs
[2025-05-04T22:16:59.659+0300] {logging_mixin.py:188} INFO - [2025-05-04T22:16:59.659+0300] {dag.py:3834} INFO - Setting next_dagrun for example_xcom to 2021-01-01 00:00:00+00:00, run_after=2021-01-01 00:00:00+00:00
[2025-05-04T22:16:59.669+0300] {processor.py:183} INFO - Processing /Users/admin/anaconda3/lib/python3.11/site-packages/airflow/example_dags/example_xcom.py took 0.105 seconds
[2025-05-04T22:18:25.868+0300] {processor.py:161} INFO - Started process (PID=16249) to work on /Users/admin/anaconda3/lib/python3.11/site-packages/airflow/example_dags/example_xcom.py
[2025-05-04T22:18:25.868+0300] {processor.py:830} INFO - Processing file /Users/admin/anaconda3/lib/python3.11/site-packages/airflow/example_dags/example_xcom.py for tasks to queue
[2025-05-04T22:18:25.869+0300] {logging_mixin.py:188} INFO - [2025-05-04T22:18:25.869+0300] {dagbag.py:540} INFO - Filling up the DagBag from /Users/admin/anaconda3/lib/python3.11/site-packages/airflow/example_dags/example_xcom.py
[2025-05-04T22:18:25.891+0300] {processor.py:840} INFO - DAG(s) 'example_xcom' retrieved from /Users/admin/anaconda3/lib/python3.11/site-packages/airflow/example_dags/example_xcom.py
[2025-05-04T22:18:25.951+0300] {logging_mixin.py:188} INFO - [2025-05-04T22:18:25.951+0300] {dag.py:3047} INFO - Sync 1 DAGs
[2025-05-04T22:18:25.960+0300] {logging_mixin.py:188} INFO - [2025-05-04T22:18:25.960+0300] {dag.py:3834} INFO - Setting next_dagrun for example_xcom to 2021-01-01 00:00:00+00:00, run_after=2021-01-01 00:00:00+00:00
[2025-05-04T22:18:25.970+0300] {processor.py:183} INFO - Processing /Users/admin/anaconda3/lib/python3.11/site-packages/airflow/example_dags/example_xcom.py took 0.103 seconds
[2025-05-04T22:26:40.476+0300] {processor.py:161} INFO - Started process (PID=16690) to work on /Users/admin/anaconda3/lib/python3.11/site-packages/airflow/example_dags/example_xcom.py
[2025-05-04T22:26:40.477+0300] {processor.py:830} INFO - Processing file /Users/admin/anaconda3/lib/python3.11/site-packages/airflow/example_dags/example_xcom.py for tasks to queue
[2025-05-04T22:26:40.477+0300] {logging_mixin.py:188} INFO - [2025-05-04T22:26:40.477+0300] {dagbag.py:540} INFO - Filling up the DagBag from /Users/admin/anaconda3/lib/python3.11/site-packages/airflow/example_dags/example_xcom.py
[2025-05-04T22:26:40.500+0300] {processor.py:840} INFO - DAG(s) 'example_xcom' retrieved from /Users/admin/anaconda3/lib/python3.11/site-packages/airflow/example_dags/example_xcom.py
[2025-05-04T22:26:40.560+0300] {logging_mixin.py:188} INFO - [2025-05-04T22:26:40.560+0300] {dag.py:3047} INFO - Sync 1 DAGs
[2025-05-04T22:26:40.570+0300] {logging_mixin.py:188} INFO - [2025-05-04T22:26:40.570+0300] {dag.py:3834} INFO - Setting next_dagrun for example_xcom to 2021-01-01 00:00:00+00:00, run_after=2021-01-01 00:00:00+00:00
[2025-05-04T22:26:40.580+0300] {processor.py:183} INFO - Processing /Users/admin/anaconda3/lib/python3.11/site-packages/airflow/example_dags/example_xcom.py took 0.105 seconds
[2025-05-04T22:28:03.009+0300] {processor.py:161} INFO - Started process (PID=17066) to work on /Users/admin/anaconda3/lib/python3.11/site-packages/airflow/example_dags/example_xcom.py
[2025-05-04T22:28:03.011+0300] {processor.py:830} INFO - Processing file /Users/admin/anaconda3/lib/python3.11/site-packages/airflow/example_dags/example_xcom.py for tasks to queue
[2025-05-04T22:28:03.011+0300] {logging_mixin.py:188} INFO - [2025-05-04T22:28:03.011+0300] {dagbag.py:540} INFO - Filling up the DagBag from /Users/admin/anaconda3/lib/python3.11/site-packages/airflow/example_dags/example_xcom.py
[2025-05-04T22:28:03.033+0300] {processor.py:840} INFO - DAG(s) 'example_xcom' retrieved from /Users/admin/anaconda3/lib/python3.11/site-packages/airflow/example_dags/example_xcom.py
[2025-05-04T22:28:03.093+0300] {logging_mixin.py:188} INFO - [2025-05-04T22:28:03.092+0300] {dag.py:3047} INFO - Sync 1 DAGs
[2025-05-04T22:28:03.102+0300] {logging_mixin.py:188} INFO - [2025-05-04T22:28:03.102+0300] {dag.py:3834} INFO - Setting next_dagrun for example_xcom to 2021-01-01 00:00:00+00:00, run_after=2021-01-01 00:00:00+00:00
[2025-05-04T22:28:03.113+0300] {processor.py:183} INFO - Processing /Users/admin/anaconda3/lib/python3.11/site-packages/airflow/example_dags/example_xcom.py took 0.104 seconds
[2025-05-04T22:29:24.915+0300] {processor.py:161} INFO - Started process (PID=17454) to work on /Users/admin/anaconda3/lib/python3.11/site-packages/airflow/example_dags/example_xcom.py
[2025-05-04T22:29:24.916+0300] {processor.py:830} INFO - Processing file /Users/admin/anaconda3/lib/python3.11/site-packages/airflow/example_dags/example_xcom.py for tasks to queue
[2025-05-04T22:29:24.917+0300] {logging_mixin.py:188} INFO - [2025-05-04T22:29:24.917+0300] {dagbag.py:540} INFO - Filling up the DagBag from /Users/admin/anaconda3/lib/python3.11/site-packages/airflow/example_dags/example_xcom.py
[2025-05-04T22:29:24.939+0300] {processor.py:840} INFO - DAG(s) 'example_xcom' retrieved from /Users/admin/anaconda3/lib/python3.11/site-packages/airflow/example_dags/example_xcom.py
[2025-05-04T22:29:25.000+0300] {logging_mixin.py:188} INFO - [2025-05-04T22:29:25.000+0300] {dag.py:3047} INFO - Sync 1 DAGs
[2025-05-04T22:29:25.010+0300] {logging_mixin.py:188} INFO - [2025-05-04T22:29:25.010+0300] {dag.py:3834} INFO - Setting next_dagrun for example_xcom to 2021-01-01 00:00:00+00:00, run_after=2021-01-01 00:00:00+00:00
[2025-05-04T22:29:25.020+0300] {processor.py:183} INFO - Processing /Users/admin/anaconda3/lib/python3.11/site-packages/airflow/example_dags/example_xcom.py took 0.106 seconds
[2025-05-04T22:30:46.377+0300] {processor.py:161} INFO - Started process (PID=17851) to work on /Users/admin/anaconda3/lib/python3.11/site-packages/airflow/example_dags/example_xcom.py
[2025-05-04T22:30:46.378+0300] {processor.py:830} INFO - Processing file /Users/admin/anaconda3/lib/python3.11/site-packages/airflow/example_dags/example_xcom.py for tasks to queue
[2025-05-04T22:30:46.378+0300] {logging_mixin.py:188} INFO - [2025-05-04T22:30:46.378+0300] {dagbag.py:540} INFO - Filling up the DagBag from /Users/admin/anaconda3/lib/python3.11/site-packages/airflow/example_dags/example_xcom.py
[2025-05-04T22:30:46.400+0300] {processor.py:840} INFO - DAG(s) 'example_xcom' retrieved from /Users/admin/anaconda3/lib/python3.11/site-packages/airflow/example_dags/example_xcom.py
[2025-05-04T22:30:46.461+0300] {logging_mixin.py:188} INFO - [2025-05-04T22:30:46.461+0300] {dag.py:3047} INFO - Sync 1 DAGs
[2025-05-04T22:30:46.471+0300] {logging_mixin.py:188} INFO - [2025-05-04T22:30:46.471+0300] {dag.py:3834} INFO - Setting next_dagrun for example_xcom to 2021-01-01 00:00:00+00:00, run_after=2021-01-01 00:00:00+00:00
[2025-05-04T22:30:46.480+0300] {processor.py:183} INFO - Processing /Users/admin/anaconda3/lib/python3.11/site-packages/airflow/example_dags/example_xcom.py took 0.104 seconds
[2025-05-04T23:16:02.220+0300] {processor.py:161} INFO - Started process (PID=18325) to work on /Users/admin/anaconda3/lib/python3.11/site-packages/airflow/example_dags/example_xcom.py
[2025-05-04T23:16:02.221+0300] {processor.py:830} INFO - Processing file /Users/admin/anaconda3/lib/python3.11/site-packages/airflow/example_dags/example_xcom.py for tasks to queue
[2025-05-04T23:16:02.221+0300] {logging_mixin.py:188} INFO - [2025-05-04T23:16:02.221+0300] {dagbag.py:540} INFO - Filling up the DagBag from /Users/admin/anaconda3/lib/python3.11/site-packages/airflow/example_dags/example_xcom.py
[2025-05-04T23:16:02.243+0300] {processor.py:840} INFO - DAG(s) 'example_xcom' retrieved from /Users/admin/anaconda3/lib/python3.11/site-packages/airflow/example_dags/example_xcom.py
[2025-05-04T23:16:02.303+0300] {logging_mixin.py:188} INFO - [2025-05-04T23:16:02.303+0300] {dag.py:3047} INFO - Sync 1 DAGs
[2025-05-04T23:16:02.313+0300] {logging_mixin.py:188} INFO - [2025-05-04T23:16:02.313+0300] {dag.py:3834} INFO - Setting next_dagrun for example_xcom to 2021-01-01 00:00:00+00:00, run_after=2021-01-01 00:00:00+00:00
[2025-05-04T23:16:02.323+0300] {processor.py:183} INFO - Processing /Users/admin/anaconda3/lib/python3.11/site-packages/airflow/example_dags/example_xcom.py took 0.104 seconds
[2025-05-04T23:17:26.871+0300] {processor.py:161} INFO - Started process (PID=18728) to work on /Users/admin/anaconda3/lib/python3.11/site-packages/airflow/example_dags/example_xcom.py
[2025-05-04T23:17:26.872+0300] {processor.py:830} INFO - Processing file /Users/admin/anaconda3/lib/python3.11/site-packages/airflow/example_dags/example_xcom.py for tasks to queue
[2025-05-04T23:17:26.872+0300] {logging_mixin.py:188} INFO - [2025-05-04T23:17:26.872+0300] {dagbag.py:540} INFO - Filling up the DagBag from /Users/admin/anaconda3/lib/python3.11/site-packages/airflow/example_dags/example_xcom.py
[2025-05-04T23:17:26.895+0300] {processor.py:840} INFO - DAG(s) 'example_xcom' retrieved from /Users/admin/anaconda3/lib/python3.11/site-packages/airflow/example_dags/example_xcom.py
[2025-05-04T23:17:26.956+0300] {logging_mixin.py:188} INFO - [2025-05-04T23:17:26.956+0300] {dag.py:3047} INFO - Sync 1 DAGs
[2025-05-04T23:17:26.966+0300] {logging_mixin.py:188} INFO - [2025-05-04T23:17:26.966+0300] {dag.py:3834} INFO - Setting next_dagrun for example_xcom to 2021-01-01 00:00:00+00:00, run_after=2021-01-01 00:00:00+00:00
[2025-05-04T23:17:26.976+0300] {processor.py:183} INFO - Processing /Users/admin/anaconda3/lib/python3.11/site-packages/airflow/example_dags/example_xcom.py took 0.106 seconds
[2025-05-04T23:18:49.688+0300] {processor.py:161} INFO - Started process (PID=19119) to work on /Users/admin/anaconda3/lib/python3.11/site-packages/airflow/example_dags/example_xcom.py
[2025-05-04T23:18:49.689+0300] {processor.py:830} INFO - Processing file /Users/admin/anaconda3/lib/python3.11/site-packages/airflow/example_dags/example_xcom.py for tasks to queue
[2025-05-04T23:18:49.690+0300] {logging_mixin.py:188} INFO - [2025-05-04T23:18:49.690+0300] {dagbag.py:540} INFO - Filling up the DagBag from /Users/admin/anaconda3/lib/python3.11/site-packages/airflow/example_dags/example_xcom.py
[2025-05-04T23:18:49.711+0300] {processor.py:840} INFO - DAG(s) 'example_xcom' retrieved from /Users/admin/anaconda3/lib/python3.11/site-packages/airflow/example_dags/example_xcom.py
[2025-05-04T23:18:49.771+0300] {logging_mixin.py:188} INFO - [2025-05-04T23:18:49.771+0300] {dag.py:3047} INFO - Sync 1 DAGs
[2025-05-04T23:18:49.781+0300] {logging_mixin.py:188} INFO - [2025-05-04T23:18:49.781+0300] {dag.py:3834} INFO - Setting next_dagrun for example_xcom to 2021-01-01 00:00:00+00:00, run_after=2021-01-01 00:00:00+00:00
[2025-05-04T23:18:49.791+0300] {processor.py:183} INFO - Processing /Users/admin/anaconda3/lib/python3.11/site-packages/airflow/example_dags/example_xcom.py took 0.104 seconds
[2025-05-04T23:20:11.229+0300] {processor.py:161} INFO - Started process (PID=19505) to work on /Users/admin/anaconda3/lib/python3.11/site-packages/airflow/example_dags/example_xcom.py
[2025-05-04T23:20:11.230+0300] {processor.py:830} INFO - Processing file /Users/admin/anaconda3/lib/python3.11/site-packages/airflow/example_dags/example_xcom.py for tasks to queue
[2025-05-04T23:20:11.230+0300] {logging_mixin.py:188} INFO - [2025-05-04T23:20:11.230+0300] {dagbag.py:540} INFO - Filling up the DagBag from /Users/admin/anaconda3/lib/python3.11/site-packages/airflow/example_dags/example_xcom.py
[2025-05-04T23:20:11.252+0300] {processor.py:840} INFO - DAG(s) 'example_xcom' retrieved from /Users/admin/anaconda3/lib/python3.11/site-packages/airflow/example_dags/example_xcom.py
[2025-05-04T23:20:11.313+0300] {logging_mixin.py:188} INFO - [2025-05-04T23:20:11.313+0300] {dag.py:3047} INFO - Sync 1 DAGs
[2025-05-04T23:20:11.323+0300] {logging_mixin.py:188} INFO - [2025-05-04T23:20:11.323+0300] {dag.py:3834} INFO - Setting next_dagrun for example_xcom to 2021-01-01 00:00:00+00:00, run_after=2021-01-01 00:00:00+00:00
[2025-05-04T23:20:11.334+0300] {processor.py:183} INFO - Processing /Users/admin/anaconda3/lib/python3.11/site-packages/airflow/example_dags/example_xcom.py took 0.106 seconds
[2025-05-04T23:21:38.417+0300] {processor.py:161} INFO - Started process (PID=19922) to work on /Users/admin/anaconda3/lib/python3.11/site-packages/airflow/example_dags/example_xcom.py
[2025-05-04T23:21:38.418+0300] {processor.py:830} INFO - Processing file /Users/admin/anaconda3/lib/python3.11/site-packages/airflow/example_dags/example_xcom.py for tasks to queue
[2025-05-04T23:21:38.419+0300] {logging_mixin.py:188} INFO - [2025-05-04T23:21:38.418+0300] {dagbag.py:540} INFO - Filling up the DagBag from /Users/admin/anaconda3/lib/python3.11/site-packages/airflow/example_dags/example_xcom.py
[2025-05-04T23:21:38.440+0300] {processor.py:840} INFO - DAG(s) 'example_xcom' retrieved from /Users/admin/anaconda3/lib/python3.11/site-packages/airflow/example_dags/example_xcom.py
[2025-05-04T23:21:38.500+0300] {logging_mixin.py:188} INFO - [2025-05-04T23:21:38.500+0300] {dag.py:3047} INFO - Sync 1 DAGs
[2025-05-04T23:21:38.510+0300] {logging_mixin.py:188} INFO - [2025-05-04T23:21:38.510+0300] {dag.py:3834} INFO - Setting next_dagrun for example_xcom to 2021-01-01 00:00:00+00:00, run_after=2021-01-01 00:00:00+00:00
[2025-05-04T23:21:38.520+0300] {processor.py:183} INFO - Processing /Users/admin/anaconda3/lib/python3.11/site-packages/airflow/example_dags/example_xcom.py took 0.104 seconds
[2025-05-04T23:23:09.966+0300] {processor.py:161} INFO - Started process (PID=20342) to work on /Users/admin/anaconda3/lib/python3.11/site-packages/airflow/example_dags/example_xcom.py
[2025-05-04T23:23:09.967+0300] {processor.py:830} INFO - Processing file /Users/admin/anaconda3/lib/python3.11/site-packages/airflow/example_dags/example_xcom.py for tasks to queue
[2025-05-04T23:23:09.968+0300] {logging_mixin.py:188} INFO - [2025-05-04T23:23:09.968+0300] {dagbag.py:540} INFO - Filling up the DagBag from /Users/admin/anaconda3/lib/python3.11/site-packages/airflow/example_dags/example_xcom.py
[2025-05-04T23:23:09.990+0300] {processor.py:840} INFO - DAG(s) 'example_xcom' retrieved from /Users/admin/anaconda3/lib/python3.11/site-packages/airflow/example_dags/example_xcom.py
[2025-05-04T23:23:10.050+0300] {logging_mixin.py:188} INFO - [2025-05-04T23:23:10.050+0300] {dag.py:3047} INFO - Sync 1 DAGs
[2025-05-04T23:23:10.060+0300] {logging_mixin.py:188} INFO - [2025-05-04T23:23:10.060+0300] {dag.py:3834} INFO - Setting next_dagrun for example_xcom to 2021-01-01 00:00:00+00:00, run_after=2021-01-01 00:00:00+00:00
[2025-05-04T23:23:10.070+0300] {processor.py:183} INFO - Processing /Users/admin/anaconda3/lib/python3.11/site-packages/airflow/example_dags/example_xcom.py took 0.104 seconds
[2025-05-04T23:24:35.501+0300] {processor.py:161} INFO - Started process (PID=20747) to work on /Users/admin/anaconda3/lib/python3.11/site-packages/airflow/example_dags/example_xcom.py
[2025-05-04T23:24:35.503+0300] {processor.py:830} INFO - Processing file /Users/admin/anaconda3/lib/python3.11/site-packages/airflow/example_dags/example_xcom.py for tasks to queue
[2025-05-04T23:24:35.504+0300] {logging_mixin.py:188} INFO - [2025-05-04T23:24:35.503+0300] {dagbag.py:540} INFO - Filling up the DagBag from /Users/admin/anaconda3/lib/python3.11/site-packages/airflow/example_dags/example_xcom.py
[2025-05-04T23:24:35.540+0300] {processor.py:840} INFO - DAG(s) 'example_xcom' retrieved from /Users/admin/anaconda3/lib/python3.11/site-packages/airflow/example_dags/example_xcom.py
[2025-05-04T23:24:35.624+0300] {logging_mixin.py:188} INFO - [2025-05-04T23:24:35.623+0300] {dag.py:3047} INFO - Sync 1 DAGs
[2025-05-04T23:24:35.635+0300] {logging_mixin.py:188} INFO - [2025-05-04T23:24:35.635+0300] {dag.py:3834} INFO - Setting next_dagrun for example_xcom to 2021-01-01 00:00:00+00:00, run_after=2021-01-01 00:00:00+00:00
[2025-05-04T23:24:35.647+0300] {processor.py:183} INFO - Processing /Users/admin/anaconda3/lib/python3.11/site-packages/airflow/example_dags/example_xcom.py took 0.147 seconds
[2025-05-04T23:26:02.535+0300] {processor.py:161} INFO - Started process (PID=21151) to work on /Users/admin/anaconda3/lib/python3.11/site-packages/airflow/example_dags/example_xcom.py
[2025-05-04T23:26:02.536+0300] {processor.py:830} INFO - Processing file /Users/admin/anaconda3/lib/python3.11/site-packages/airflow/example_dags/example_xcom.py for tasks to queue
[2025-05-04T23:26:02.537+0300] {logging_mixin.py:188} INFO - [2025-05-04T23:26:02.537+0300] {dagbag.py:540} INFO - Filling up the DagBag from /Users/admin/anaconda3/lib/python3.11/site-packages/airflow/example_dags/example_xcom.py
[2025-05-04T23:26:02.558+0300] {processor.py:840} INFO - DAG(s) 'example_xcom' retrieved from /Users/admin/anaconda3/lib/python3.11/site-packages/airflow/example_dags/example_xcom.py
[2025-05-04T23:26:02.622+0300] {logging_mixin.py:188} INFO - [2025-05-04T23:26:02.622+0300] {dag.py:3047} INFO - Sync 1 DAGs
[2025-05-04T23:26:02.633+0300] {logging_mixin.py:188} INFO - [2025-05-04T23:26:02.633+0300] {dag.py:3834} INFO - Setting next_dagrun for example_xcom to 2021-01-01 00:00:00+00:00, run_after=2021-01-01 00:00:00+00:00
[2025-05-04T23:26:02.644+0300] {processor.py:183} INFO - Processing /Users/admin/anaconda3/lib/python3.11/site-packages/airflow/example_dags/example_xcom.py took 0.110 seconds
[2025-05-04T23:27:28.982+0300] {processor.py:161} INFO - Started process (PID=21566) to work on /Users/admin/anaconda3/lib/python3.11/site-packages/airflow/example_dags/example_xcom.py
[2025-05-04T23:27:28.983+0300] {processor.py:830} INFO - Processing file /Users/admin/anaconda3/lib/python3.11/site-packages/airflow/example_dags/example_xcom.py for tasks to queue
[2025-05-04T23:27:28.984+0300] {logging_mixin.py:188} INFO - [2025-05-04T23:27:28.984+0300] {dagbag.py:540} INFO - Filling up the DagBag from /Users/admin/anaconda3/lib/python3.11/site-packages/airflow/example_dags/example_xcom.py
[2025-05-04T23:27:29.006+0300] {processor.py:840} INFO - DAG(s) 'example_xcom' retrieved from /Users/admin/anaconda3/lib/python3.11/site-packages/airflow/example_dags/example_xcom.py
[2025-05-04T23:27:29.066+0300] {logging_mixin.py:188} INFO - [2025-05-04T23:27:29.066+0300] {dag.py:3047} INFO - Sync 1 DAGs
[2025-05-04T23:27:29.076+0300] {logging_mixin.py:188} INFO - [2025-05-04T23:27:29.076+0300] {dag.py:3834} INFO - Setting next_dagrun for example_xcom to 2021-01-01 00:00:00+00:00, run_after=2021-01-01 00:00:00+00:00
[2025-05-04T23:27:29.086+0300] {processor.py:183} INFO - Processing /Users/admin/anaconda3/lib/python3.11/site-packages/airflow/example_dags/example_xcom.py took 0.104 seconds
[2025-05-04T23:28:57.834+0300] {processor.py:161} INFO - Started process (PID=21981) to work on /Users/admin/anaconda3/lib/python3.11/site-packages/airflow/example_dags/example_xcom.py
[2025-05-04T23:28:57.835+0300] {processor.py:830} INFO - Processing file /Users/admin/anaconda3/lib/python3.11/site-packages/airflow/example_dags/example_xcom.py for tasks to queue
[2025-05-04T23:28:57.835+0300] {logging_mixin.py:188} INFO - [2025-05-04T23:28:57.835+0300] {dagbag.py:540} INFO - Filling up the DagBag from /Users/admin/anaconda3/lib/python3.11/site-packages/airflow/example_dags/example_xcom.py
[2025-05-04T23:28:57.857+0300] {processor.py:840} INFO - DAG(s) 'example_xcom' retrieved from /Users/admin/anaconda3/lib/python3.11/site-packages/airflow/example_dags/example_xcom.py
[2025-05-04T23:28:57.918+0300] {logging_mixin.py:188} INFO - [2025-05-04T23:28:57.918+0300] {dag.py:3047} INFO - Sync 1 DAGs
[2025-05-04T23:28:57.928+0300] {logging_mixin.py:188} INFO - [2025-05-04T23:28:57.928+0300] {dag.py:3834} INFO - Setting next_dagrun for example_xcom to 2021-01-01 00:00:00+00:00, run_after=2021-01-01 00:00:00+00:00
[2025-05-04T23:28:57.938+0300] {processor.py:183} INFO - Processing /Users/admin/anaconda3/lib/python3.11/site-packages/airflow/example_dags/example_xcom.py took 0.105 seconds
[2025-05-04T23:30:24.417+0300] {processor.py:161} INFO - Started process (PID=22416) to work on /Users/admin/anaconda3/lib/python3.11/site-packages/airflow/example_dags/example_xcom.py
[2025-05-04T23:30:24.419+0300] {processor.py:830} INFO - Processing file /Users/admin/anaconda3/lib/python3.11/site-packages/airflow/example_dags/example_xcom.py for tasks to queue
[2025-05-04T23:30:24.419+0300] {logging_mixin.py:188} INFO - [2025-05-04T23:30:24.419+0300] {dagbag.py:540} INFO - Filling up the DagBag from /Users/admin/anaconda3/lib/python3.11/site-packages/airflow/example_dags/example_xcom.py
[2025-05-04T23:30:24.441+0300] {processor.py:840} INFO - DAG(s) 'example_xcom' retrieved from /Users/admin/anaconda3/lib/python3.11/site-packages/airflow/example_dags/example_xcom.py
[2025-05-04T23:30:24.502+0300] {logging_mixin.py:188} INFO - [2025-05-04T23:30:24.502+0300] {dag.py:3047} INFO - Sync 1 DAGs
[2025-05-04T23:30:24.513+0300] {logging_mixin.py:188} INFO - [2025-05-04T23:30:24.512+0300] {dag.py:3834} INFO - Setting next_dagrun for example_xcom to 2021-01-01 00:00:00+00:00, run_after=2021-01-01 00:00:00+00:00
[2025-05-04T23:30:24.523+0300] {processor.py:183} INFO - Processing /Users/admin/anaconda3/lib/python3.11/site-packages/airflow/example_dags/example_xcom.py took 0.106 seconds
[2025-05-04T23:31:56.845+0300] {processor.py:161} INFO - Started process (PID=22836) to work on /Users/admin/anaconda3/lib/python3.11/site-packages/airflow/example_dags/example_xcom.py
[2025-05-04T23:31:56.847+0300] {processor.py:830} INFO - Processing file /Users/admin/anaconda3/lib/python3.11/site-packages/airflow/example_dags/example_xcom.py for tasks to queue
[2025-05-04T23:31:56.847+0300] {logging_mixin.py:188} INFO - [2025-05-04T23:31:56.847+0300] {dagbag.py:540} INFO - Filling up the DagBag from /Users/admin/anaconda3/lib/python3.11/site-packages/airflow/example_dags/example_xcom.py
[2025-05-04T23:31:56.870+0300] {processor.py:840} INFO - DAG(s) 'example_xcom' retrieved from /Users/admin/anaconda3/lib/python3.11/site-packages/airflow/example_dags/example_xcom.py
[2025-05-04T23:31:56.931+0300] {logging_mixin.py:188} INFO - [2025-05-04T23:31:56.931+0300] {dag.py:3047} INFO - Sync 1 DAGs
[2025-05-04T23:31:56.941+0300] {logging_mixin.py:188} INFO - [2025-05-04T23:31:56.941+0300] {dag.py:3834} INFO - Setting next_dagrun for example_xcom to 2021-01-01 00:00:00+00:00, run_after=2021-01-01 00:00:00+00:00
[2025-05-04T23:31:56.951+0300] {processor.py:183} INFO - Processing /Users/admin/anaconda3/lib/python3.11/site-packages/airflow/example_dags/example_xcom.py took 0.106 seconds
[2025-05-04T23:33:25.270+0300] {processor.py:161} INFO - Started process (PID=23253) to work on /Users/admin/anaconda3/lib/python3.11/site-packages/airflow/example_dags/example_xcom.py
[2025-05-04T23:33:25.271+0300] {processor.py:830} INFO - Processing file /Users/admin/anaconda3/lib/python3.11/site-packages/airflow/example_dags/example_xcom.py for tasks to queue
[2025-05-04T23:33:25.271+0300] {logging_mixin.py:188} INFO - [2025-05-04T23:33:25.271+0300] {dagbag.py:540} INFO - Filling up the DagBag from /Users/admin/anaconda3/lib/python3.11/site-packages/airflow/example_dags/example_xcom.py
[2025-05-04T23:33:25.293+0300] {processor.py:840} INFO - DAG(s) 'example_xcom' retrieved from /Users/admin/anaconda3/lib/python3.11/site-packages/airflow/example_dags/example_xcom.py
[2025-05-04T23:33:25.353+0300] {logging_mixin.py:188} INFO - [2025-05-04T23:33:25.353+0300] {dag.py:3047} INFO - Sync 1 DAGs
[2025-05-04T23:33:25.363+0300] {logging_mixin.py:188} INFO - [2025-05-04T23:33:25.363+0300] {dag.py:3834} INFO - Setting next_dagrun for example_xcom to 2021-01-01 00:00:00+00:00, run_after=2021-01-01 00:00:00+00:00
[2025-05-04T23:33:25.373+0300] {processor.py:183} INFO - Processing /Users/admin/anaconda3/lib/python3.11/site-packages/airflow/example_dags/example_xcom.py took 0.104 seconds
[2025-05-04T23:34:56.650+0300] {processor.py:161} INFO - Started process (PID=23686) to work on /Users/admin/anaconda3/lib/python3.11/site-packages/airflow/example_dags/example_xcom.py
[2025-05-04T23:34:56.650+0300] {processor.py:830} INFO - Processing file /Users/admin/anaconda3/lib/python3.11/site-packages/airflow/example_dags/example_xcom.py for tasks to queue
[2025-05-04T23:34:56.651+0300] {logging_mixin.py:188} INFO - [2025-05-04T23:34:56.651+0300] {dagbag.py:540} INFO - Filling up the DagBag from /Users/admin/anaconda3/lib/python3.11/site-packages/airflow/example_dags/example_xcom.py
[2025-05-04T23:34:56.673+0300] {processor.py:840} INFO - DAG(s) 'example_xcom' retrieved from /Users/admin/anaconda3/lib/python3.11/site-packages/airflow/example_dags/example_xcom.py
[2025-05-04T23:34:56.733+0300] {logging_mixin.py:188} INFO - [2025-05-04T23:34:56.732+0300] {dag.py:3047} INFO - Sync 1 DAGs
[2025-05-04T23:34:56.742+0300] {logging_mixin.py:188} INFO - [2025-05-04T23:34:56.742+0300] {dag.py:3834} INFO - Setting next_dagrun for example_xcom to 2021-01-01 00:00:00+00:00, run_after=2021-01-01 00:00:00+00:00
[2025-05-04T23:34:56.753+0300] {processor.py:183} INFO - Processing /Users/admin/anaconda3/lib/python3.11/site-packages/airflow/example_dags/example_xcom.py took 0.103 seconds
[2025-05-04T23:36:28.612+0300] {processor.py:161} INFO - Started process (PID=24125) to work on /Users/admin/anaconda3/lib/python3.11/site-packages/airflow/example_dags/example_xcom.py
[2025-05-04T23:36:28.613+0300] {processor.py:830} INFO - Processing file /Users/admin/anaconda3/lib/python3.11/site-packages/airflow/example_dags/example_xcom.py for tasks to queue
[2025-05-04T23:36:28.614+0300] {logging_mixin.py:188} INFO - [2025-05-04T23:36:28.613+0300] {dagbag.py:540} INFO - Filling up the DagBag from /Users/admin/anaconda3/lib/python3.11/site-packages/airflow/example_dags/example_xcom.py
[2025-05-04T23:36:28.635+0300] {processor.py:840} INFO - DAG(s) 'example_xcom' retrieved from /Users/admin/anaconda3/lib/python3.11/site-packages/airflow/example_dags/example_xcom.py
[2025-05-04T23:36:28.694+0300] {logging_mixin.py:188} INFO - [2025-05-04T23:36:28.694+0300] {dag.py:3047} INFO - Sync 1 DAGs
[2025-05-04T23:36:28.704+0300] {logging_mixin.py:188} INFO - [2025-05-04T23:36:28.704+0300] {dag.py:3834} INFO - Setting next_dagrun for example_xcom to 2021-01-01 00:00:00+00:00, run_after=2021-01-01 00:00:00+00:00
[2025-05-04T23:36:28.714+0300] {processor.py:183} INFO - Processing /Users/admin/anaconda3/lib/python3.11/site-packages/airflow/example_dags/example_xcom.py took 0.103 seconds
[2025-05-04T23:37:58.590+0300] {processor.py:161} INFO - Started process (PID=24565) to work on /Users/admin/anaconda3/lib/python3.11/site-packages/airflow/example_dags/example_xcom.py
[2025-05-04T23:37:58.591+0300] {processor.py:830} INFO - Processing file /Users/admin/anaconda3/lib/python3.11/site-packages/airflow/example_dags/example_xcom.py for tasks to queue
[2025-05-04T23:37:58.591+0300] {logging_mixin.py:188} INFO - [2025-05-04T23:37:58.591+0300] {dagbag.py:540} INFO - Filling up the DagBag from /Users/admin/anaconda3/lib/python3.11/site-packages/airflow/example_dags/example_xcom.py
[2025-05-04T23:37:58.614+0300] {processor.py:840} INFO - DAG(s) 'example_xcom' retrieved from /Users/admin/anaconda3/lib/python3.11/site-packages/airflow/example_dags/example_xcom.py
[2025-05-04T23:37:58.674+0300] {logging_mixin.py:188} INFO - [2025-05-04T23:37:58.674+0300] {dag.py:3047} INFO - Sync 1 DAGs
[2025-05-04T23:37:58.684+0300] {logging_mixin.py:188} INFO - [2025-05-04T23:37:58.683+0300] {dag.py:3834} INFO - Setting next_dagrun for example_xcom to 2021-01-01 00:00:00+00:00, run_after=2021-01-01 00:00:00+00:00
[2025-05-04T23:37:58.694+0300] {processor.py:183} INFO - Processing /Users/admin/anaconda3/lib/python3.11/site-packages/airflow/example_dags/example_xcom.py took 0.104 seconds
[2025-05-04T23:39:28.095+0300] {processor.py:161} INFO - Started process (PID=24986) to work on /Users/admin/anaconda3/lib/python3.11/site-packages/airflow/example_dags/example_xcom.py
[2025-05-04T23:39:28.096+0300] {processor.py:830} INFO - Processing file /Users/admin/anaconda3/lib/python3.11/site-packages/airflow/example_dags/example_xcom.py for tasks to queue
[2025-05-04T23:39:28.097+0300] {logging_mixin.py:188} INFO - [2025-05-04T23:39:28.097+0300] {dagbag.py:540} INFO - Filling up the DagBag from /Users/admin/anaconda3/lib/python3.11/site-packages/airflow/example_dags/example_xcom.py
[2025-05-04T23:39:28.119+0300] {processor.py:840} INFO - DAG(s) 'example_xcom' retrieved from /Users/admin/anaconda3/lib/python3.11/site-packages/airflow/example_dags/example_xcom.py
[2025-05-04T23:39:28.180+0300] {logging_mixin.py:188} INFO - [2025-05-04T23:39:28.180+0300] {dag.py:3047} INFO - Sync 1 DAGs
[2025-05-04T23:39:28.190+0300] {logging_mixin.py:188} INFO - [2025-05-04T23:39:28.190+0300] {dag.py:3834} INFO - Setting next_dagrun for example_xcom to 2021-01-01 00:00:00+00:00, run_after=2021-01-01 00:00:00+00:00
[2025-05-04T23:39:28.200+0300] {processor.py:183} INFO - Processing /Users/admin/anaconda3/lib/python3.11/site-packages/airflow/example_dags/example_xcom.py took 0.105 seconds
[2025-05-04T23:41:09.928+0300] {processor.py:161} INFO - Started process (PID=25460) to work on /Users/admin/anaconda3/lib/python3.11/site-packages/airflow/example_dags/example_xcom.py
[2025-05-04T23:41:09.929+0300] {processor.py:830} INFO - Processing file /Users/admin/anaconda3/lib/python3.11/site-packages/airflow/example_dags/example_xcom.py for tasks to queue
[2025-05-04T23:41:09.930+0300] {logging_mixin.py:188} INFO - [2025-05-04T23:41:09.930+0300] {dagbag.py:540} INFO - Filling up the DagBag from /Users/admin/anaconda3/lib/python3.11/site-packages/airflow/example_dags/example_xcom.py
[2025-05-04T23:41:09.951+0300] {processor.py:840} INFO - DAG(s) 'example_xcom' retrieved from /Users/admin/anaconda3/lib/python3.11/site-packages/airflow/example_dags/example_xcom.py
[2025-05-04T23:41:10.012+0300] {logging_mixin.py:188} INFO - [2025-05-04T23:41:10.012+0300] {dag.py:3047} INFO - Sync 1 DAGs
[2025-05-04T23:41:10.022+0300] {logging_mixin.py:188} INFO - [2025-05-04T23:41:10.022+0300] {dag.py:3834} INFO - Setting next_dagrun for example_xcom to 2021-01-01 00:00:00+00:00, run_after=2021-01-01 00:00:00+00:00
[2025-05-04T23:41:10.032+0300] {processor.py:183} INFO - Processing /Users/admin/anaconda3/lib/python3.11/site-packages/airflow/example_dags/example_xcom.py took 0.104 seconds
[2025-05-04T23:42:54.132+0300] {processor.py:161} INFO - Started process (PID=25937) to work on /Users/admin/anaconda3/lib/python3.11/site-packages/airflow/example_dags/example_xcom.py
[2025-05-04T23:42:54.134+0300] {processor.py:830} INFO - Processing file /Users/admin/anaconda3/lib/python3.11/site-packages/airflow/example_dags/example_xcom.py for tasks to queue
[2025-05-04T23:42:54.134+0300] {logging_mixin.py:188} INFO - [2025-05-04T23:42:54.134+0300] {dagbag.py:540} INFO - Filling up the DagBag from /Users/admin/anaconda3/lib/python3.11/site-packages/airflow/example_dags/example_xcom.py
[2025-05-04T23:42:54.156+0300] {processor.py:840} INFO - DAG(s) 'example_xcom' retrieved from /Users/admin/anaconda3/lib/python3.11/site-packages/airflow/example_dags/example_xcom.py
[2025-05-04T23:42:54.217+0300] {logging_mixin.py:188} INFO - [2025-05-04T23:42:54.217+0300] {dag.py:3047} INFO - Sync 1 DAGs
[2025-05-04T23:42:54.227+0300] {logging_mixin.py:188} INFO - [2025-05-04T23:42:54.227+0300] {dag.py:3834} INFO - Setting next_dagrun for example_xcom to 2021-01-01 00:00:00+00:00, run_after=2021-01-01 00:00:00+00:00
[2025-05-04T23:42:54.237+0300] {processor.py:183} INFO - Processing /Users/admin/anaconda3/lib/python3.11/site-packages/airflow/example_dags/example_xcom.py took 0.105 seconds
[2025-05-04T23:44:37.209+0300] {processor.py:161} INFO - Started process (PID=26421) to work on /Users/admin/anaconda3/lib/python3.11/site-packages/airflow/example_dags/example_xcom.py
[2025-05-04T23:44:37.211+0300] {processor.py:830} INFO - Processing file /Users/admin/anaconda3/lib/python3.11/site-packages/airflow/example_dags/example_xcom.py for tasks to queue
[2025-05-04T23:44:37.211+0300] {logging_mixin.py:188} INFO - [2025-05-04T23:44:37.211+0300] {dagbag.py:540} INFO - Filling up the DagBag from /Users/admin/anaconda3/lib/python3.11/site-packages/airflow/example_dags/example_xcom.py
[2025-05-04T23:44:37.233+0300] {processor.py:840} INFO - DAG(s) 'example_xcom' retrieved from /Users/admin/anaconda3/lib/python3.11/site-packages/airflow/example_dags/example_xcom.py
[2025-05-04T23:44:37.293+0300] {logging_mixin.py:188} INFO - [2025-05-04T23:44:37.293+0300] {dag.py:3047} INFO - Sync 1 DAGs
[2025-05-04T23:44:37.303+0300] {logging_mixin.py:188} INFO - [2025-05-04T23:44:37.302+0300] {dag.py:3834} INFO - Setting next_dagrun for example_xcom to 2021-01-01 00:00:00+00:00, run_after=2021-01-01 00:00:00+00:00
[2025-05-04T23:44:37.313+0300] {processor.py:183} INFO - Processing /Users/admin/anaconda3/lib/python3.11/site-packages/airflow/example_dags/example_xcom.py took 0.104 seconds
[2025-05-04T23:46:12.497+0300] {processor.py:161} INFO - Started process (PID=26866) to work on /Users/admin/anaconda3/lib/python3.11/site-packages/airflow/example_dags/example_xcom.py
[2025-05-04T23:46:12.498+0300] {processor.py:830} INFO - Processing file /Users/admin/anaconda3/lib/python3.11/site-packages/airflow/example_dags/example_xcom.py for tasks to queue
[2025-05-04T23:46:12.498+0300] {logging_mixin.py:188} INFO - [2025-05-04T23:46:12.498+0300] {dagbag.py:540} INFO - Filling up the DagBag from /Users/admin/anaconda3/lib/python3.11/site-packages/airflow/example_dags/example_xcom.py
[2025-05-04T23:46:12.520+0300] {processor.py:840} INFO - DAG(s) 'example_xcom' retrieved from /Users/admin/anaconda3/lib/python3.11/site-packages/airflow/example_dags/example_xcom.py
[2025-05-04T23:46:12.580+0300] {logging_mixin.py:188} INFO - [2025-05-04T23:46:12.579+0300] {dag.py:3047} INFO - Sync 1 DAGs
[2025-05-04T23:46:12.589+0300] {logging_mixin.py:188} INFO - [2025-05-04T23:46:12.589+0300] {dag.py:3834} INFO - Setting next_dagrun for example_xcom to 2021-01-01 00:00:00+00:00, run_after=2021-01-01 00:00:00+00:00
[2025-05-04T23:46:12.599+0300] {processor.py:183} INFO - Processing /Users/admin/anaconda3/lib/python3.11/site-packages/airflow/example_dags/example_xcom.py took 0.103 seconds
[2025-05-04T23:47:41.901+0300] {processor.py:161} INFO - Started process (PID=27282) to work on /Users/admin/anaconda3/lib/python3.11/site-packages/airflow/example_dags/example_xcom.py
[2025-05-04T23:47:41.903+0300] {processor.py:830} INFO - Processing file /Users/admin/anaconda3/lib/python3.11/site-packages/airflow/example_dags/example_xcom.py for tasks to queue
[2025-05-04T23:47:41.903+0300] {logging_mixin.py:188} INFO - [2025-05-04T23:47:41.903+0300] {dagbag.py:540} INFO - Filling up the DagBag from /Users/admin/anaconda3/lib/python3.11/site-packages/airflow/example_dags/example_xcom.py
[2025-05-04T23:47:41.930+0300] {processor.py:840} INFO - DAG(s) 'example_xcom' retrieved from /Users/admin/anaconda3/lib/python3.11/site-packages/airflow/example_dags/example_xcom.py
[2025-05-04T23:47:41.995+0300] {logging_mixin.py:188} INFO - [2025-05-04T23:47:41.995+0300] {dag.py:3047} INFO - Sync 1 DAGs
[2025-05-04T23:47:42.005+0300] {logging_mixin.py:188} INFO - [2025-05-04T23:47:42.005+0300] {dag.py:3834} INFO - Setting next_dagrun for example_xcom to 2021-01-01 00:00:00+00:00, run_after=2021-01-01 00:00:00+00:00
[2025-05-04T23:47:42.016+0300] {processor.py:183} INFO - Processing /Users/admin/anaconda3/lib/python3.11/site-packages/airflow/example_dags/example_xcom.py took 0.115 seconds
[2025-05-04T23:49:11.723+0300] {processor.py:161} INFO - Started process (PID=27702) to work on /Users/admin/anaconda3/lib/python3.11/site-packages/airflow/example_dags/example_xcom.py
[2025-05-04T23:49:11.725+0300] {processor.py:830} INFO - Processing file /Users/admin/anaconda3/lib/python3.11/site-packages/airflow/example_dags/example_xcom.py for tasks to queue
[2025-05-04T23:49:11.725+0300] {logging_mixin.py:188} INFO - [2025-05-04T23:49:11.725+0300] {dagbag.py:540} INFO - Filling up the DagBag from /Users/admin/anaconda3/lib/python3.11/site-packages/airflow/example_dags/example_xcom.py
[2025-05-04T23:49:11.747+0300] {processor.py:840} INFO - DAG(s) 'example_xcom' retrieved from /Users/admin/anaconda3/lib/python3.11/site-packages/airflow/example_dags/example_xcom.py
[2025-05-04T23:49:11.807+0300] {logging_mixin.py:188} INFO - [2025-05-04T23:49:11.807+0300] {dag.py:3047} INFO - Sync 1 DAGs
[2025-05-04T23:49:11.818+0300] {logging_mixin.py:188} INFO - [2025-05-04T23:49:11.817+0300] {dag.py:3834} INFO - Setting next_dagrun for example_xcom to 2021-01-01 00:00:00+00:00, run_after=2021-01-01 00:00:00+00:00
[2025-05-04T23:49:11.828+0300] {processor.py:183} INFO - Processing /Users/admin/anaconda3/lib/python3.11/site-packages/airflow/example_dags/example_xcom.py took 0.105 seconds
[2025-05-04T23:50:40.289+0300] {processor.py:161} INFO - Started process (PID=28122) to work on /Users/admin/anaconda3/lib/python3.11/site-packages/airflow/example_dags/example_xcom.py
[2025-05-04T23:50:40.290+0300] {processor.py:830} INFO - Processing file /Users/admin/anaconda3/lib/python3.11/site-packages/airflow/example_dags/example_xcom.py for tasks to queue
[2025-05-04T23:50:40.291+0300] {logging_mixin.py:188} INFO - [2025-05-04T23:50:40.291+0300] {dagbag.py:540} INFO - Filling up the DagBag from /Users/admin/anaconda3/lib/python3.11/site-packages/airflow/example_dags/example_xcom.py
[2025-05-04T23:50:40.313+0300] {processor.py:840} INFO - DAG(s) 'example_xcom' retrieved from /Users/admin/anaconda3/lib/python3.11/site-packages/airflow/example_dags/example_xcom.py
[2025-05-04T23:50:40.373+0300] {logging_mixin.py:188} INFO - [2025-05-04T23:50:40.373+0300] {dag.py:3047} INFO - Sync 1 DAGs
[2025-05-04T23:50:40.383+0300] {logging_mixin.py:188} INFO - [2025-05-04T23:50:40.383+0300] {dag.py:3834} INFO - Setting next_dagrun for example_xcom to 2021-01-01 00:00:00+00:00, run_after=2021-01-01 00:00:00+00:00
[2025-05-04T23:50:40.393+0300] {processor.py:183} INFO - Processing /Users/admin/anaconda3/lib/python3.11/site-packages/airflow/example_dags/example_xcom.py took 0.105 seconds
[2025-05-04T23:52:23.157+0300] {processor.py:161} INFO - Started process (PID=28596) to work on /Users/admin/anaconda3/lib/python3.11/site-packages/airflow/example_dags/example_xcom.py
[2025-05-04T23:52:23.159+0300] {processor.py:830} INFO - Processing file /Users/admin/anaconda3/lib/python3.11/site-packages/airflow/example_dags/example_xcom.py for tasks to queue
[2025-05-04T23:52:23.159+0300] {logging_mixin.py:188} INFO - [2025-05-04T23:52:23.159+0300] {dagbag.py:540} INFO - Filling up the DagBag from /Users/admin/anaconda3/lib/python3.11/site-packages/airflow/example_dags/example_xcom.py
[2025-05-04T23:52:23.181+0300] {processor.py:840} INFO - DAG(s) 'example_xcom' retrieved from /Users/admin/anaconda3/lib/python3.11/site-packages/airflow/example_dags/example_xcom.py
[2025-05-04T23:52:23.241+0300] {logging_mixin.py:188} INFO - [2025-05-04T23:52:23.241+0300] {dag.py:3047} INFO - Sync 1 DAGs
[2025-05-04T23:52:23.251+0300] {logging_mixin.py:188} INFO - [2025-05-04T23:52:23.251+0300] {dag.py:3834} INFO - Setting next_dagrun for example_xcom to 2021-01-01 00:00:00+00:00, run_after=2021-01-01 00:00:00+00:00
[2025-05-04T23:52:23.262+0300] {processor.py:183} INFO - Processing /Users/admin/anaconda3/lib/python3.11/site-packages/airflow/example_dags/example_xcom.py took 0.105 seconds
[2025-05-04T23:58:20.405+0300] {processor.py:161} INFO - Started process (PID=29064) to work on /Users/admin/anaconda3/lib/python3.11/site-packages/airflow/example_dags/example_xcom.py
[2025-05-04T23:58:20.406+0300] {processor.py:830} INFO - Processing file /Users/admin/anaconda3/lib/python3.11/site-packages/airflow/example_dags/example_xcom.py for tasks to queue
[2025-05-04T23:58:20.407+0300] {logging_mixin.py:188} INFO - [2025-05-04T23:58:20.407+0300] {dagbag.py:540} INFO - Filling up the DagBag from /Users/admin/anaconda3/lib/python3.11/site-packages/airflow/example_dags/example_xcom.py
[2025-05-04T23:58:20.429+0300] {processor.py:840} INFO - DAG(s) 'example_xcom' retrieved from /Users/admin/anaconda3/lib/python3.11/site-packages/airflow/example_dags/example_xcom.py
[2025-05-04T23:58:20.490+0300] {logging_mixin.py:188} INFO - [2025-05-04T23:58:20.489+0300] {dag.py:3047} INFO - Sync 1 DAGs
[2025-05-04T23:58:20.499+0300] {logging_mixin.py:188} INFO - [2025-05-04T23:58:20.499+0300] {dag.py:3834} INFO - Setting next_dagrun for example_xcom to 2021-01-01 00:00:00+00:00, run_after=2021-01-01 00:00:00+00:00
[2025-05-04T23:58:20.510+0300] {processor.py:183} INFO - Processing /Users/admin/anaconda3/lib/python3.11/site-packages/airflow/example_dags/example_xcom.py took 0.105 seconds
