[2025-05-04T22:12:14.286+0300] {processor.py:161} INFO - Started process (PID=14475) to work on /Users/admin/anaconda3/lib/python3.11/site-packages/airflow/example_dags/example_branch_day_of_week_operator.py
[2025-05-04T22:12:14.287+0300] {processor.py:830} INFO - Processing file /Users/admin/anaconda3/lib/python3.11/site-packages/airflow/example_dags/example_branch_day_of_week_operator.py for tasks to queue
[2025-05-04T22:12:14.287+0300] {logging_mixin.py:188} INFO - [2025-05-04T22:12:14.287+0300] {dagbag.py:540} INFO - Filling up the DagBag from /Users/admin/anaconda3/lib/python3.11/site-packages/airflow/example_dags/example_branch_day_of_week_operator.py
[2025-05-04T22:12:14.299+0300] {processor.py:840} INFO - DAG(s) 'example_weekday_branch_operator' retrieved from /Users/admin/anaconda3/lib/python3.11/site-packages/airflow/example_dags/example_branch_day_of_week_operator.py
[2025-05-04T22:12:14.414+0300] {logging_mixin.py:188} INFO - [2025-05-04T22:12:14.413+0300] {dag.py:3047} INFO - Sync 1 DAGs
[2025-05-04T22:12:14.424+0300] {logging_mixin.py:188} INFO - [2025-05-04T22:12:14.424+0300] {dag.py:3834} INFO - Setting next_dagrun for example_weekday_branch_operator to 2025-05-03 00:00:00+00:00, run_after=2025-05-04 00:00:00+00:00
[2025-05-04T22:12:14.434+0300] {processor.py:183} INFO - Processing /Users/admin/anaconda3/lib/python3.11/site-packages/airflow/example_dags/example_branch_day_of_week_operator.py took 0.149 seconds
[2025-05-04T22:14:58.943+0300] {processor.py:161} INFO - Started process (PID=15266) to work on /Users/admin/anaconda3/lib/python3.11/site-packages/airflow/example_dags/example_branch_day_of_week_operator.py
[2025-05-04T22:14:58.944+0300] {processor.py:830} INFO - Processing file /Users/admin/anaconda3/lib/python3.11/site-packages/airflow/example_dags/example_branch_day_of_week_operator.py for tasks to queue
[2025-05-04T22:14:58.945+0300] {logging_mixin.py:188} INFO - [2025-05-04T22:14:58.945+0300] {dagbag.py:540} INFO - Filling up the DagBag from /Users/admin/anaconda3/lib/python3.11/site-packages/airflow/example_dags/example_branch_day_of_week_operator.py
[2025-05-04T22:14:58.952+0300] {processor.py:840} INFO - DAG(s) 'example_weekday_branch_operator' retrieved from /Users/admin/anaconda3/lib/python3.11/site-packages/airflow/example_dags/example_branch_day_of_week_operator.py
[2025-05-04T22:14:59.013+0300] {logging_mixin.py:188} INFO - [2025-05-04T22:14:59.013+0300] {dag.py:3047} INFO - Sync 1 DAGs
[2025-05-04T22:14:59.023+0300] {logging_mixin.py:188} INFO - [2025-05-04T22:14:59.023+0300] {dag.py:3834} INFO - Setting next_dagrun for example_weekday_branch_operator to 2025-05-03 00:00:00+00:00, run_after=2025-05-04 00:00:00+00:00
[2025-05-04T22:14:59.034+0300] {processor.py:183} INFO - Processing /Users/admin/anaconda3/lib/python3.11/site-packages/airflow/example_dags/example_branch_day_of_week_operator.py took 0.092 seconds
[2025-05-04T22:17:46.735+0300] {processor.py:161} INFO - Started process (PID=16066) to work on /Users/admin/anaconda3/lib/python3.11/site-packages/airflow/example_dags/example_branch_day_of_week_operator.py
[2025-05-04T22:17:46.737+0300] {processor.py:830} INFO - Processing file /Users/admin/anaconda3/lib/python3.11/site-packages/airflow/example_dags/example_branch_day_of_week_operator.py for tasks to queue
[2025-05-04T22:17:46.737+0300] {logging_mixin.py:188} INFO - [2025-05-04T22:17:46.737+0300] {dagbag.py:540} INFO - Filling up the DagBag from /Users/admin/anaconda3/lib/python3.11/site-packages/airflow/example_dags/example_branch_day_of_week_operator.py
[2025-05-04T22:17:46.744+0300] {processor.py:840} INFO - DAG(s) 'example_weekday_branch_operator' retrieved from /Users/admin/anaconda3/lib/python3.11/site-packages/airflow/example_dags/example_branch_day_of_week_operator.py
[2025-05-04T22:17:46.805+0300] {logging_mixin.py:188} INFO - [2025-05-04T22:17:46.805+0300] {dag.py:3047} INFO - Sync 1 DAGs
[2025-05-04T22:17:46.815+0300] {logging_mixin.py:188} INFO - [2025-05-04T22:17:46.815+0300] {dag.py:3834} INFO - Setting next_dagrun for example_weekday_branch_operator to 2025-05-03 00:00:00+00:00, run_after=2025-05-04 00:00:00+00:00
[2025-05-04T22:17:46.825+0300] {processor.py:183} INFO - Processing /Users/admin/anaconda3/lib/python3.11/site-packages/airflow/example_dags/example_branch_day_of_week_operator.py took 0.090 seconds
[2025-05-04T22:27:25.741+0300] {processor.py:161} INFO - Started process (PID=16899) to work on /Users/admin/anaconda3/lib/python3.11/site-packages/airflow/example_dags/example_branch_day_of_week_operator.py
[2025-05-04T22:27:25.742+0300] {processor.py:830} INFO - Processing file /Users/admin/anaconda3/lib/python3.11/site-packages/airflow/example_dags/example_branch_day_of_week_operator.py for tasks to queue
[2025-05-04T22:27:25.743+0300] {logging_mixin.py:188} INFO - [2025-05-04T22:27:25.742+0300] {dagbag.py:540} INFO - Filling up the DagBag from /Users/admin/anaconda3/lib/python3.11/site-packages/airflow/example_dags/example_branch_day_of_week_operator.py
[2025-05-04T22:27:25.750+0300] {processor.py:840} INFO - DAG(s) 'example_weekday_branch_operator' retrieved from /Users/admin/anaconda3/lib/python3.11/site-packages/airflow/example_dags/example_branch_day_of_week_operator.py
[2025-05-04T22:27:25.811+0300] {logging_mixin.py:188} INFO - [2025-05-04T22:27:25.811+0300] {dag.py:3047} INFO - Sync 1 DAGs
[2025-05-04T22:27:25.821+0300] {logging_mixin.py:188} INFO - [2025-05-04T22:27:25.821+0300] {dag.py:3834} INFO - Setting next_dagrun for example_weekday_branch_operator to 2025-05-03 00:00:00+00:00, run_after=2025-05-04 00:00:00+00:00
[2025-05-04T22:27:25.831+0300] {processor.py:183} INFO - Processing /Users/admin/anaconda3/lib/python3.11/site-packages/airflow/example_dags/example_branch_day_of_week_operator.py took 0.091 seconds
[2025-05-04T22:30:10.114+0300] {processor.py:161} INFO - Started process (PID=17667) to work on /Users/admin/anaconda3/lib/python3.11/site-packages/airflow/example_dags/example_branch_day_of_week_operator.py
[2025-05-04T22:30:10.115+0300] {processor.py:830} INFO - Processing file /Users/admin/anaconda3/lib/python3.11/site-packages/airflow/example_dags/example_branch_day_of_week_operator.py for tasks to queue
[2025-05-04T22:30:10.115+0300] {logging_mixin.py:188} INFO - [2025-05-04T22:30:10.115+0300] {dagbag.py:540} INFO - Filling up the DagBag from /Users/admin/anaconda3/lib/python3.11/site-packages/airflow/example_dags/example_branch_day_of_week_operator.py
[2025-05-04T22:30:10.123+0300] {processor.py:840} INFO - DAG(s) 'example_weekday_branch_operator' retrieved from /Users/admin/anaconda3/lib/python3.11/site-packages/airflow/example_dags/example_branch_day_of_week_operator.py
[2025-05-04T22:30:10.184+0300] {logging_mixin.py:188} INFO - [2025-05-04T22:30:10.184+0300] {dag.py:3047} INFO - Sync 1 DAGs
[2025-05-04T22:30:10.194+0300] {logging_mixin.py:188} INFO - [2025-05-04T22:30:10.194+0300] {dag.py:3834} INFO - Setting next_dagrun for example_weekday_branch_operator to 2025-05-03 00:00:00+00:00, run_after=2025-05-04 00:00:00+00:00
[2025-05-04T22:30:10.204+0300] {processor.py:183} INFO - Processing /Users/admin/anaconda3/lib/python3.11/site-packages/airflow/example_dags/example_branch_day_of_week_operator.py took 0.091 seconds
[2025-05-04T23:16:48.684+0300] {processor.py:161} INFO - Started process (PID=18553) to work on /Users/admin/anaconda3/lib/python3.11/site-packages/airflow/example_dags/example_branch_day_of_week_operator.py
[2025-05-04T23:16:48.686+0300] {processor.py:830} INFO - Processing file /Users/admin/anaconda3/lib/python3.11/site-packages/airflow/example_dags/example_branch_day_of_week_operator.py for tasks to queue
[2025-05-04T23:16:48.686+0300] {logging_mixin.py:188} INFO - [2025-05-04T23:16:48.686+0300] {dagbag.py:540} INFO - Filling up the DagBag from /Users/admin/anaconda3/lib/python3.11/site-packages/airflow/example_dags/example_branch_day_of_week_operator.py
[2025-05-04T23:16:48.693+0300] {processor.py:840} INFO - DAG(s) 'example_weekday_branch_operator' retrieved from /Users/admin/anaconda3/lib/python3.11/site-packages/airflow/example_dags/example_branch_day_of_week_operator.py
[2025-05-04T23:16:48.755+0300] {logging_mixin.py:188} INFO - [2025-05-04T23:16:48.755+0300] {dag.py:3047} INFO - Sync 1 DAGs
[2025-05-04T23:16:48.765+0300] {logging_mixin.py:188} INFO - [2025-05-04T23:16:48.765+0300] {dag.py:3834} INFO - Setting next_dagrun for example_weekday_branch_operator to 2025-05-03 00:00:00+00:00, run_after=2025-05-04 00:00:00+00:00
[2025-05-04T23:16:48.775+0300] {processor.py:183} INFO - Processing /Users/admin/anaconda3/lib/python3.11/site-packages/airflow/example_dags/example_branch_day_of_week_operator.py took 0.092 seconds
[2025-05-04T23:19:34.975+0300] {processor.py:161} INFO - Started process (PID=19339) to work on /Users/admin/anaconda3/lib/python3.11/site-packages/airflow/example_dags/example_branch_day_of_week_operator.py
[2025-05-04T23:19:34.976+0300] {processor.py:830} INFO - Processing file /Users/admin/anaconda3/lib/python3.11/site-packages/airflow/example_dags/example_branch_day_of_week_operator.py for tasks to queue
[2025-05-04T23:19:34.977+0300] {logging_mixin.py:188} INFO - [2025-05-04T23:19:34.977+0300] {dagbag.py:540} INFO - Filling up the DagBag from /Users/admin/anaconda3/lib/python3.11/site-packages/airflow/example_dags/example_branch_day_of_week_operator.py
[2025-05-04T23:19:34.984+0300] {processor.py:840} INFO - DAG(s) 'example_weekday_branch_operator' retrieved from /Users/admin/anaconda3/lib/python3.11/site-packages/airflow/example_dags/example_branch_day_of_week_operator.py
[2025-05-04T23:19:35.045+0300] {logging_mixin.py:188} INFO - [2025-05-04T23:19:35.045+0300] {dag.py:3047} INFO - Sync 1 DAGs
[2025-05-04T23:19:35.055+0300] {logging_mixin.py:188} INFO - [2025-05-04T23:19:35.055+0300] {dag.py:3834} INFO - Setting next_dagrun for example_weekday_branch_operator to 2025-05-03 00:00:00+00:00, run_after=2025-05-04 00:00:00+00:00
[2025-05-04T23:19:35.065+0300] {processor.py:183} INFO - Processing /Users/admin/anaconda3/lib/python3.11/site-packages/airflow/example_dags/example_branch_day_of_week_operator.py took 0.091 seconds
[2025-05-04T23:22:28.582+0300] {processor.py:161} INFO - Started process (PID=20150) to work on /Users/admin/anaconda3/lib/python3.11/site-packages/airflow/example_dags/example_branch_day_of_week_operator.py
[2025-05-04T23:22:28.584+0300] {processor.py:830} INFO - Processing file /Users/admin/anaconda3/lib/python3.11/site-packages/airflow/example_dags/example_branch_day_of_week_operator.py for tasks to queue
[2025-05-04T23:22:28.584+0300] {logging_mixin.py:188} INFO - [2025-05-04T23:22:28.584+0300] {dagbag.py:540} INFO - Filling up the DagBag from /Users/admin/anaconda3/lib/python3.11/site-packages/airflow/example_dags/example_branch_day_of_week_operator.py
[2025-05-04T23:22:28.591+0300] {processor.py:840} INFO - DAG(s) 'example_weekday_branch_operator' retrieved from /Users/admin/anaconda3/lib/python3.11/site-packages/airflow/example_dags/example_branch_day_of_week_operator.py
[2025-05-04T23:22:28.652+0300] {logging_mixin.py:188} INFO - [2025-05-04T23:22:28.652+0300] {dag.py:3047} INFO - Sync 1 DAGs
[2025-05-04T23:22:28.662+0300] {logging_mixin.py:188} INFO - [2025-05-04T23:22:28.662+0300] {dag.py:3834} INFO - Setting next_dagrun for example_weekday_branch_operator to 2025-05-03 00:00:00+00:00, run_after=2025-05-04 00:00:00+00:00
[2025-05-04T23:22:28.672+0300] {processor.py:183} INFO - Processing /Users/admin/anaconda3/lib/python3.11/site-packages/airflow/example_dags/example_branch_day_of_week_operator.py took 0.090 seconds
[2025-05-04T23:25:20.934+0300] {processor.py:161} INFO - Started process (PID=20957) to work on /Users/admin/anaconda3/lib/python3.11/site-packages/airflow/example_dags/example_branch_day_of_week_operator.py
[2025-05-04T23:25:20.936+0300] {processor.py:830} INFO - Processing file /Users/admin/anaconda3/lib/python3.11/site-packages/airflow/example_dags/example_branch_day_of_week_operator.py for tasks to queue
[2025-05-04T23:25:20.936+0300] {logging_mixin.py:188} INFO - [2025-05-04T23:25:20.936+0300] {dagbag.py:540} INFO - Filling up the DagBag from /Users/admin/anaconda3/lib/python3.11/site-packages/airflow/example_dags/example_branch_day_of_week_operator.py
[2025-05-04T23:25:20.943+0300] {processor.py:840} INFO - DAG(s) 'example_weekday_branch_operator' retrieved from /Users/admin/anaconda3/lib/python3.11/site-packages/airflow/example_dags/example_branch_day_of_week_operator.py
[2025-05-04T23:25:21.004+0300] {logging_mixin.py:188} INFO - [2025-05-04T23:25:21.004+0300] {dag.py:3047} INFO - Sync 1 DAGs
[2025-05-04T23:25:21.014+0300] {logging_mixin.py:188} INFO - [2025-05-04T23:25:21.014+0300] {dag.py:3834} INFO - Setting next_dagrun for example_weekday_branch_operator to 2025-05-03 00:00:00+00:00, run_after=2025-05-04 00:00:00+00:00
[2025-05-04T23:25:21.023+0300] {processor.py:183} INFO - Processing /Users/admin/anaconda3/lib/python3.11/site-packages/airflow/example_dags/example_branch_day_of_week_operator.py took 0.089 seconds
[2025-05-04T23:28:14.158+0300] {processor.py:161} INFO - Started process (PID=21778) to work on /Users/admin/anaconda3/lib/python3.11/site-packages/airflow/example_dags/example_branch_day_of_week_operator.py
[2025-05-04T23:28:14.160+0300] {processor.py:830} INFO - Processing file /Users/admin/anaconda3/lib/python3.11/site-packages/airflow/example_dags/example_branch_day_of_week_operator.py for tasks to queue
[2025-05-04T23:28:14.160+0300] {logging_mixin.py:188} INFO - [2025-05-04T23:28:14.160+0300] {dagbag.py:540} INFO - Filling up the DagBag from /Users/admin/anaconda3/lib/python3.11/site-packages/airflow/example_dags/example_branch_day_of_week_operator.py
[2025-05-04T23:28:14.167+0300] {processor.py:840} INFO - DAG(s) 'example_weekday_branch_operator' retrieved from /Users/admin/anaconda3/lib/python3.11/site-packages/airflow/example_dags/example_branch_day_of_week_operator.py
[2025-05-04T23:28:14.229+0300] {logging_mixin.py:188} INFO - [2025-05-04T23:28:14.229+0300] {dag.py:3047} INFO - Sync 1 DAGs
[2025-05-04T23:28:14.239+0300] {logging_mixin.py:188} INFO - [2025-05-04T23:28:14.239+0300] {dag.py:3834} INFO - Setting next_dagrun for example_weekday_branch_operator to 2025-05-03 00:00:00+00:00, run_after=2025-05-04 00:00:00+00:00
[2025-05-04T23:28:14.249+0300] {processor.py:183} INFO - Processing /Users/admin/anaconda3/lib/python3.11/site-packages/airflow/example_dags/example_branch_day_of_week_operator.py took 0.091 seconds
[2025-05-04T23:31:14.815+0300] {processor.py:161} INFO - Started process (PID=22651) to work on /Users/admin/anaconda3/lib/python3.11/site-packages/airflow/example_dags/example_branch_day_of_week_operator.py
[2025-05-04T23:31:14.816+0300] {processor.py:830} INFO - Processing file /Users/admin/anaconda3/lib/python3.11/site-packages/airflow/example_dags/example_branch_day_of_week_operator.py for tasks to queue
[2025-05-04T23:31:14.817+0300] {logging_mixin.py:188} INFO - [2025-05-04T23:31:14.817+0300] {dagbag.py:540} INFO - Filling up the DagBag from /Users/admin/anaconda3/lib/python3.11/site-packages/airflow/example_dags/example_branch_day_of_week_operator.py
[2025-05-04T23:31:14.824+0300] {processor.py:840} INFO - DAG(s) 'example_weekday_branch_operator' retrieved from /Users/admin/anaconda3/lib/python3.11/site-packages/airflow/example_dags/example_branch_day_of_week_operator.py
[2025-05-04T23:31:14.885+0300] {logging_mixin.py:188} INFO - [2025-05-04T23:31:14.885+0300] {dag.py:3047} INFO - Sync 1 DAGs
[2025-05-04T23:31:14.895+0300] {logging_mixin.py:188} INFO - [2025-05-04T23:31:14.895+0300] {dag.py:3834} INFO - Setting next_dagrun for example_weekday_branch_operator to 2025-05-03 00:00:00+00:00, run_after=2025-05-04 00:00:00+00:00
[2025-05-04T23:31:14.905+0300] {processor.py:183} INFO - Processing /Users/admin/anaconda3/lib/python3.11/site-packages/airflow/example_dags/example_branch_day_of_week_operator.py took 0.091 seconds
[2025-05-04T23:34:10.787+0300] {processor.py:161} INFO - Started process (PID=23466) to work on /Users/admin/anaconda3/lib/python3.11/site-packages/airflow/example_dags/example_branch_day_of_week_operator.py
[2025-05-04T23:34:10.788+0300] {processor.py:830} INFO - Processing file /Users/admin/anaconda3/lib/python3.11/site-packages/airflow/example_dags/example_branch_day_of_week_operator.py for tasks to queue
[2025-05-04T23:34:10.788+0300] {logging_mixin.py:188} INFO - [2025-05-04T23:34:10.788+0300] {dagbag.py:540} INFO - Filling up the DagBag from /Users/admin/anaconda3/lib/python3.11/site-packages/airflow/example_dags/example_branch_day_of_week_operator.py
[2025-05-04T23:34:10.795+0300] {processor.py:840} INFO - DAG(s) 'example_weekday_branch_operator' retrieved from /Users/admin/anaconda3/lib/python3.11/site-packages/airflow/example_dags/example_branch_day_of_week_operator.py
[2025-05-04T23:34:10.858+0300] {logging_mixin.py:188} INFO - [2025-05-04T23:34:10.858+0300] {dag.py:3047} INFO - Sync 1 DAGs
[2025-05-04T23:34:10.868+0300] {logging_mixin.py:188} INFO - [2025-05-04T23:34:10.868+0300] {dag.py:3834} INFO - Setting next_dagrun for example_weekday_branch_operator to 2025-05-03 00:00:00+00:00, run_after=2025-05-04 00:00:00+00:00
[2025-05-04T23:34:10.878+0300] {processor.py:183} INFO - Processing /Users/admin/anaconda3/lib/python3.11/site-packages/airflow/example_dags/example_branch_day_of_week_operator.py took 0.092 seconds
[2025-05-04T23:37:17.362+0300] {processor.py:161} INFO - Started process (PID=24373) to work on /Users/admin/anaconda3/lib/python3.11/site-packages/airflow/example_dags/example_branch_day_of_week_operator.py
[2025-05-04T23:37:17.364+0300] {processor.py:830} INFO - Processing file /Users/admin/anaconda3/lib/python3.11/site-packages/airflow/example_dags/example_branch_day_of_week_operator.py for tasks to queue
[2025-05-04T23:37:17.364+0300] {logging_mixin.py:188} INFO - [2025-05-04T23:37:17.364+0300] {dagbag.py:540} INFO - Filling up the DagBag from /Users/admin/anaconda3/lib/python3.11/site-packages/airflow/example_dags/example_branch_day_of_week_operator.py
[2025-05-04T23:37:17.373+0300] {processor.py:840} INFO - DAG(s) 'example_weekday_branch_operator' retrieved from /Users/admin/anaconda3/lib/python3.11/site-packages/airflow/example_dags/example_branch_day_of_week_operator.py
[2025-05-04T23:37:17.443+0300] {logging_mixin.py:188} INFO - [2025-05-04T23:37:17.443+0300] {dag.py:3047} INFO - Sync 1 DAGs
[2025-05-04T23:37:17.454+0300] {logging_mixin.py:188} INFO - [2025-05-04T23:37:17.454+0300] {dag.py:3834} INFO - Setting next_dagrun for example_weekday_branch_operator to 2025-05-03 00:00:00+00:00, run_after=2025-05-04 00:00:00+00:00
[2025-05-04T23:37:17.466+0300] {processor.py:183} INFO - Processing /Users/admin/anaconda3/lib/python3.11/site-packages/airflow/example_dags/example_branch_day_of_week_operator.py took 0.104 seconds
[2025-05-04T23:40:22.472+0300] {processor.py:161} INFO - Started process (PID=25246) to work on /Users/admin/anaconda3/lib/python3.11/site-packages/airflow/example_dags/example_branch_day_of_week_operator.py
[2025-05-04T23:40:22.474+0300] {processor.py:830} INFO - Processing file /Users/admin/anaconda3/lib/python3.11/site-packages/airflow/example_dags/example_branch_day_of_week_operator.py for tasks to queue
[2025-05-04T23:40:22.475+0300] {logging_mixin.py:188} INFO - [2025-05-04T23:40:22.474+0300] {dagbag.py:540} INFO - Filling up the DagBag from /Users/admin/anaconda3/lib/python3.11/site-packages/airflow/example_dags/example_branch_day_of_week_operator.py
[2025-05-04T23:40:22.490+0300] {processor.py:840} INFO - DAG(s) 'example_weekday_branch_operator' retrieved from /Users/admin/anaconda3/lib/python3.11/site-packages/airflow/example_dags/example_branch_day_of_week_operator.py
[2025-05-04T23:40:22.596+0300] {logging_mixin.py:188} INFO - [2025-05-04T23:40:22.595+0300] {dag.py:3047} INFO - Sync 1 DAGs
[2025-05-04T23:40:22.617+0300] {logging_mixin.py:188} INFO - [2025-05-04T23:40:22.617+0300] {dag.py:3834} INFO - Setting next_dagrun for example_weekday_branch_operator to 2025-05-03 00:00:00+00:00, run_after=2025-05-04 00:00:00+00:00
[2025-05-04T23:40:22.633+0300] {processor.py:183} INFO - Processing /Users/admin/anaconda3/lib/python3.11/site-packages/airflow/example_dags/example_branch_day_of_week_operator.py took 0.161 seconds
[2025-05-04T23:43:55.491+0300] {processor.py:161} INFO - Started process (PID=26219) to work on /Users/admin/anaconda3/lib/python3.11/site-packages/airflow/example_dags/example_branch_day_of_week_operator.py
[2025-05-04T23:43:55.493+0300] {processor.py:830} INFO - Processing file /Users/admin/anaconda3/lib/python3.11/site-packages/airflow/example_dags/example_branch_day_of_week_operator.py for tasks to queue
[2025-05-04T23:43:55.494+0300] {logging_mixin.py:188} INFO - [2025-05-04T23:43:55.494+0300] {dagbag.py:540} INFO - Filling up the DagBag from /Users/admin/anaconda3/lib/python3.11/site-packages/airflow/example_dags/example_branch_day_of_week_operator.py
[2025-05-04T23:43:55.505+0300] {processor.py:840} INFO - DAG(s) 'example_weekday_branch_operator' retrieved from /Users/admin/anaconda3/lib/python3.11/site-packages/airflow/example_dags/example_branch_day_of_week_operator.py
[2025-05-04T23:43:55.631+0300] {logging_mixin.py:188} INFO - [2025-05-04T23:43:55.630+0300] {dag.py:3047} INFO - Sync 1 DAGs
[2025-05-04T23:43:55.651+0300] {logging_mixin.py:188} INFO - [2025-05-04T23:43:55.651+0300] {dag.py:3834} INFO - Setting next_dagrun for example_weekday_branch_operator to 2025-05-03 00:00:00+00:00, run_after=2025-05-04 00:00:00+00:00
[2025-05-04T23:43:55.681+0300] {processor.py:183} INFO - Processing /Users/admin/anaconda3/lib/python3.11/site-packages/airflow/example_dags/example_branch_day_of_week_operator.py took 0.190 seconds
[2025-05-04T23:46:58.961+0300] {processor.py:161} INFO - Started process (PID=27079) to work on /Users/admin/anaconda3/lib/python3.11/site-packages/airflow/example_dags/example_branch_day_of_week_operator.py
[2025-05-04T23:46:58.962+0300] {processor.py:830} INFO - Processing file /Users/admin/anaconda3/lib/python3.11/site-packages/airflow/example_dags/example_branch_day_of_week_operator.py for tasks to queue
[2025-05-04T23:46:58.963+0300] {logging_mixin.py:188} INFO - [2025-05-04T23:46:58.963+0300] {dagbag.py:540} INFO - Filling up the DagBag from /Users/admin/anaconda3/lib/python3.11/site-packages/airflow/example_dags/example_branch_day_of_week_operator.py
[2025-05-04T23:46:58.970+0300] {processor.py:840} INFO - DAG(s) 'example_weekday_branch_operator' retrieved from /Users/admin/anaconda3/lib/python3.11/site-packages/airflow/example_dags/example_branch_day_of_week_operator.py
[2025-05-04T23:46:59.031+0300] {logging_mixin.py:188} INFO - [2025-05-04T23:46:59.031+0300] {dag.py:3047} INFO - Sync 1 DAGs
[2025-05-04T23:46:59.041+0300] {logging_mixin.py:188} INFO - [2025-05-04T23:46:59.040+0300] {dag.py:3834} INFO - Setting next_dagrun for example_weekday_branch_operator to 2025-05-03 00:00:00+00:00, run_after=2025-05-04 00:00:00+00:00
[2025-05-04T23:46:59.051+0300] {processor.py:183} INFO - Processing /Users/admin/anaconda3/lib/python3.11/site-packages/airflow/example_dags/example_branch_day_of_week_operator.py took 0.090 seconds
[2025-05-04T23:49:57.800+0300] {processor.py:161} INFO - Started process (PID=27921) to work on /Users/admin/anaconda3/lib/python3.11/site-packages/airflow/example_dags/example_branch_day_of_week_operator.py
[2025-05-04T23:49:57.802+0300] {processor.py:830} INFO - Processing file /Users/admin/anaconda3/lib/python3.11/site-packages/airflow/example_dags/example_branch_day_of_week_operator.py for tasks to queue
[2025-05-04T23:49:57.802+0300] {logging_mixin.py:188} INFO - [2025-05-04T23:49:57.802+0300] {dagbag.py:540} INFO - Filling up the DagBag from /Users/admin/anaconda3/lib/python3.11/site-packages/airflow/example_dags/example_branch_day_of_week_operator.py
[2025-05-04T23:49:57.809+0300] {processor.py:840} INFO - DAG(s) 'example_weekday_branch_operator' retrieved from /Users/admin/anaconda3/lib/python3.11/site-packages/airflow/example_dags/example_branch_day_of_week_operator.py
[2025-05-04T23:49:57.870+0300] {logging_mixin.py:188} INFO - [2025-05-04T23:49:57.870+0300] {dag.py:3047} INFO - Sync 1 DAGs
[2025-05-04T23:49:57.880+0300] {logging_mixin.py:188} INFO - [2025-05-04T23:49:57.880+0300] {dag.py:3834} INFO - Setting next_dagrun for example_weekday_branch_operator to 2025-05-03 00:00:00+00:00, run_after=2025-05-04 00:00:00+00:00
[2025-05-04T23:49:57.890+0300] {processor.py:183} INFO - Processing /Users/admin/anaconda3/lib/python3.11/site-packages/airflow/example_dags/example_branch_day_of_week_operator.py took 0.090 seconds
[2025-05-04T23:53:08.397+0300] {processor.py:161} INFO - Started process (PID=28807) to work on /Users/admin/anaconda3/lib/python3.11/site-packages/airflow/example_dags/example_branch_day_of_week_operator.py
[2025-05-04T23:53:08.398+0300] {processor.py:830} INFO - Processing file /Users/admin/anaconda3/lib/python3.11/site-packages/airflow/example_dags/example_branch_day_of_week_operator.py for tasks to queue
[2025-05-04T23:53:08.398+0300] {logging_mixin.py:188} INFO - [2025-05-04T23:53:08.398+0300] {dagbag.py:540} INFO - Filling up the DagBag from /Users/admin/anaconda3/lib/python3.11/site-packages/airflow/example_dags/example_branch_day_of_week_operator.py
[2025-05-04T23:53:08.405+0300] {processor.py:840} INFO - DAG(s) 'example_weekday_branch_operator' retrieved from /Users/admin/anaconda3/lib/python3.11/site-packages/airflow/example_dags/example_branch_day_of_week_operator.py
[2025-05-04T23:53:08.467+0300] {logging_mixin.py:188} INFO - [2025-05-04T23:53:08.466+0300] {dag.py:3047} INFO - Sync 1 DAGs
[2025-05-04T23:53:08.476+0300] {logging_mixin.py:188} INFO - [2025-05-04T23:53:08.476+0300] {dag.py:3834} INFO - Setting next_dagrun for example_weekday_branch_operator to 2025-05-03 00:00:00+00:00, run_after=2025-05-04 00:00:00+00:00
[2025-05-04T23:53:08.486+0300] {processor.py:183} INFO - Processing /Users/admin/anaconda3/lib/python3.11/site-packages/airflow/example_dags/example_branch_day_of_week_operator.py took 0.091 seconds
