[2025-05-04T22:12:11.756+0300] {processor.py:161} INFO - Started process (PID=14466) to work on /Users/admin/anaconda3/lib/python3.11/site-packages/airflow/example_dags/example_branch_labels.py
[2025-05-04T22:12:11.756+0300] {processor.py:830} INFO - Processing file /Users/admin/anaconda3/lib/python3.11/site-packages/airflow/example_dags/example_branch_labels.py for tasks to queue
[2025-05-04T22:12:11.756+0300] {logging_mixin.py:188} INFO - [2025-05-04T22:12:11.756+0300] {dagbag.py:540} INFO - Filling up the DagBag from /Users/admin/anaconda3/lib/python3.11/site-packages/airflow/example_dags/example_branch_labels.py
[2025-05-04T22:12:11.764+0300] {processor.py:840} INFO - DAG(s) 'example_branch_labels' retrieved from /Users/admin/anaconda3/lib/python3.11/site-packages/airflow/example_dags/example_branch_labels.py
[2025-05-04T22:12:11.875+0300] {logging_mixin.py:188} INFO - [2025-05-04T22:12:11.875+0300] {dag.py:3047} INFO - Sync 1 DAGs
[2025-05-04T22:12:11.885+0300] {logging_mixin.py:188} INFO - [2025-05-04T22:12:11.885+0300] {dag.py:3834} INFO - Setting next_dagrun for example_branch_labels to 2025-05-03 00:00:00+00:00, run_after=2025-05-04 00:00:00+00:00
[2025-05-04T22:12:11.896+0300] {processor.py:183} INFO - Processing /Users/admin/anaconda3/lib/python3.11/site-packages/airflow/example_dags/example_branch_labels.py took 0.141 seconds
[2025-05-04T22:14:57.406+0300] {processor.py:161} INFO - Started process (PID=15257) to work on /Users/admin/anaconda3/lib/python3.11/site-packages/airflow/example_dags/example_branch_labels.py
[2025-05-04T22:14:57.408+0300] {processor.py:830} INFO - Processing file /Users/admin/anaconda3/lib/python3.11/site-packages/airflow/example_dags/example_branch_labels.py for tasks to queue
[2025-05-04T22:14:57.408+0300] {logging_mixin.py:188} INFO - [2025-05-04T22:14:57.408+0300] {dagbag.py:540} INFO - Filling up the DagBag from /Users/admin/anaconda3/lib/python3.11/site-packages/airflow/example_dags/example_branch_labels.py
[2025-05-04T22:14:57.414+0300] {processor.py:840} INFO - DAG(s) 'example_branch_labels' retrieved from /Users/admin/anaconda3/lib/python3.11/site-packages/airflow/example_dags/example_branch_labels.py
[2025-05-04T22:14:57.477+0300] {logging_mixin.py:188} INFO - [2025-05-04T22:14:57.476+0300] {dag.py:3047} INFO - Sync 1 DAGs
[2025-05-04T22:14:57.487+0300] {logging_mixin.py:188} INFO - [2025-05-04T22:14:57.486+0300] {dag.py:3834} INFO - Setting next_dagrun for example_branch_labels to 2025-05-03 00:00:00+00:00, run_after=2025-05-04 00:00:00+00:00
[2025-05-04T22:14:57.497+0300] {processor.py:183} INFO - Processing /Users/admin/anaconda3/lib/python3.11/site-packages/airflow/example_dags/example_branch_labels.py took 0.091 seconds
[2025-05-04T22:17:44.353+0300] {processor.py:161} INFO - Started process (PID=16048) to work on /Users/admin/anaconda3/lib/python3.11/site-packages/airflow/example_dags/example_branch_labels.py
[2025-05-04T22:17:44.355+0300] {processor.py:830} INFO - Processing file /Users/admin/anaconda3/lib/python3.11/site-packages/airflow/example_dags/example_branch_labels.py for tasks to queue
[2025-05-04T22:17:44.355+0300] {logging_mixin.py:188} INFO - [2025-05-04T22:17:44.355+0300] {dagbag.py:540} INFO - Filling up the DagBag from /Users/admin/anaconda3/lib/python3.11/site-packages/airflow/example_dags/example_branch_labels.py
[2025-05-04T22:17:44.361+0300] {processor.py:840} INFO - DAG(s) 'example_branch_labels' retrieved from /Users/admin/anaconda3/lib/python3.11/site-packages/airflow/example_dags/example_branch_labels.py
[2025-05-04T22:17:44.423+0300] {logging_mixin.py:188} INFO - [2025-05-04T22:17:44.423+0300] {dag.py:3047} INFO - Sync 1 DAGs
[2025-05-04T22:17:44.433+0300] {logging_mixin.py:188} INFO - [2025-05-04T22:17:44.433+0300] {dag.py:3834} INFO - Setting next_dagrun for example_branch_labels to 2025-05-03 00:00:00+00:00, run_after=2025-05-04 00:00:00+00:00
[2025-05-04T22:17:44.443+0300] {processor.py:183} INFO - Processing /Users/admin/anaconda3/lib/python3.11/site-packages/airflow/example_dags/example_branch_labels.py took 0.090 seconds
[2025-05-04T22:27:24.361+0300] {processor.py:161} INFO - Started process (PID=16890) to work on /Users/admin/anaconda3/lib/python3.11/site-packages/airflow/example_dags/example_branch_labels.py
[2025-05-04T22:27:24.362+0300] {processor.py:830} INFO - Processing file /Users/admin/anaconda3/lib/python3.11/site-packages/airflow/example_dags/example_branch_labels.py for tasks to queue
[2025-05-04T22:27:24.362+0300] {logging_mixin.py:188} INFO - [2025-05-04T22:27:24.362+0300] {dagbag.py:540} INFO - Filling up the DagBag from /Users/admin/anaconda3/lib/python3.11/site-packages/airflow/example_dags/example_branch_labels.py
[2025-05-04T22:27:24.369+0300] {processor.py:840} INFO - DAG(s) 'example_branch_labels' retrieved from /Users/admin/anaconda3/lib/python3.11/site-packages/airflow/example_dags/example_branch_labels.py
[2025-05-04T22:27:24.430+0300] {logging_mixin.py:188} INFO - [2025-05-04T22:27:24.430+0300] {dag.py:3047} INFO - Sync 1 DAGs
[2025-05-04T22:27:24.440+0300] {logging_mixin.py:188} INFO - [2025-05-04T22:27:24.440+0300] {dag.py:3834} INFO - Setting next_dagrun for example_branch_labels to 2025-05-03 00:00:00+00:00, run_after=2025-05-04 00:00:00+00:00
[2025-05-04T22:27:24.450+0300] {processor.py:183} INFO - Processing /Users/admin/anaconda3/lib/python3.11/site-packages/airflow/example_dags/example_branch_labels.py took 0.090 seconds
[2025-05-04T22:30:07.837+0300] {processor.py:161} INFO - Started process (PID=17658) to work on /Users/admin/anaconda3/lib/python3.11/site-packages/airflow/example_dags/example_branch_labels.py
[2025-05-04T22:30:07.838+0300] {processor.py:830} INFO - Processing file /Users/admin/anaconda3/lib/python3.11/site-packages/airflow/example_dags/example_branch_labels.py for tasks to queue
[2025-05-04T22:30:07.838+0300] {logging_mixin.py:188} INFO - [2025-05-04T22:30:07.838+0300] {dagbag.py:540} INFO - Filling up the DagBag from /Users/admin/anaconda3/lib/python3.11/site-packages/airflow/example_dags/example_branch_labels.py
[2025-05-04T22:30:07.845+0300] {processor.py:840} INFO - DAG(s) 'example_branch_labels' retrieved from /Users/admin/anaconda3/lib/python3.11/site-packages/airflow/example_dags/example_branch_labels.py
[2025-05-04T22:30:07.908+0300] {logging_mixin.py:188} INFO - [2025-05-04T22:30:07.907+0300] {dag.py:3047} INFO - Sync 1 DAGs
[2025-05-04T22:30:07.917+0300] {logging_mixin.py:188} INFO - [2025-05-04T22:30:07.917+0300] {dag.py:3834} INFO - Setting next_dagrun for example_branch_labels to 2025-05-03 00:00:00+00:00, run_after=2025-05-04 00:00:00+00:00
[2025-05-04T22:30:07.927+0300] {processor.py:183} INFO - Processing /Users/admin/anaconda3/lib/python3.11/site-packages/airflow/example_dags/example_branch_labels.py took 0.091 seconds
[2025-05-04T23:16:46.290+0300] {processor.py:161} INFO - Started process (PID=18539) to work on /Users/admin/anaconda3/lib/python3.11/site-packages/airflow/example_dags/example_branch_labels.py
[2025-05-04T23:16:46.292+0300] {processor.py:830} INFO - Processing file /Users/admin/anaconda3/lib/python3.11/site-packages/airflow/example_dags/example_branch_labels.py for tasks to queue
[2025-05-04T23:16:46.292+0300] {logging_mixin.py:188} INFO - [2025-05-04T23:16:46.292+0300] {dagbag.py:540} INFO - Filling up the DagBag from /Users/admin/anaconda3/lib/python3.11/site-packages/airflow/example_dags/example_branch_labels.py
[2025-05-04T23:16:46.298+0300] {processor.py:840} INFO - DAG(s) 'example_branch_labels' retrieved from /Users/admin/anaconda3/lib/python3.11/site-packages/airflow/example_dags/example_branch_labels.py
[2025-05-04T23:16:46.360+0300] {logging_mixin.py:188} INFO - [2025-05-04T23:16:46.360+0300] {dag.py:3047} INFO - Sync 1 DAGs
[2025-05-04T23:16:46.370+0300] {logging_mixin.py:188} INFO - [2025-05-04T23:16:46.370+0300] {dag.py:3834} INFO - Setting next_dagrun for example_branch_labels to 2025-05-03 00:00:00+00:00, run_after=2025-05-04 00:00:00+00:00
[2025-05-04T23:16:46.380+0300] {processor.py:183} INFO - Processing /Users/admin/anaconda3/lib/python3.11/site-packages/airflow/example_dags/example_branch_labels.py took 0.090 seconds
[2025-05-04T23:19:32.786+0300] {processor.py:161} INFO - Started process (PID=19330) to work on /Users/admin/anaconda3/lib/python3.11/site-packages/airflow/example_dags/example_branch_labels.py
[2025-05-04T23:19:32.788+0300] {processor.py:830} INFO - Processing file /Users/admin/anaconda3/lib/python3.11/site-packages/airflow/example_dags/example_branch_labels.py for tasks to queue
[2025-05-04T23:19:32.788+0300] {logging_mixin.py:188} INFO - [2025-05-04T23:19:32.788+0300] {dagbag.py:540} INFO - Filling up the DagBag from /Users/admin/anaconda3/lib/python3.11/site-packages/airflow/example_dags/example_branch_labels.py
[2025-05-04T23:19:32.794+0300] {processor.py:840} INFO - DAG(s) 'example_branch_labels' retrieved from /Users/admin/anaconda3/lib/python3.11/site-packages/airflow/example_dags/example_branch_labels.py
[2025-05-04T23:19:32.856+0300] {logging_mixin.py:188} INFO - [2025-05-04T23:19:32.856+0300] {dag.py:3047} INFO - Sync 1 DAGs
[2025-05-04T23:19:32.866+0300] {logging_mixin.py:188} INFO - [2025-05-04T23:19:32.866+0300] {dag.py:3834} INFO - Setting next_dagrun for example_branch_labels to 2025-05-03 00:00:00+00:00, run_after=2025-05-04 00:00:00+00:00
[2025-05-04T23:19:32.876+0300] {processor.py:183} INFO - Processing /Users/admin/anaconda3/lib/python3.11/site-packages/airflow/example_dags/example_branch_labels.py took 0.091 seconds
[2025-05-04T23:22:27.004+0300] {processor.py:161} INFO - Started process (PID=20141) to work on /Users/admin/anaconda3/lib/python3.11/site-packages/airflow/example_dags/example_branch_labels.py
[2025-05-04T23:22:27.005+0300] {processor.py:830} INFO - Processing file /Users/admin/anaconda3/lib/python3.11/site-packages/airflow/example_dags/example_branch_labels.py for tasks to queue
[2025-05-04T23:22:27.006+0300] {logging_mixin.py:188} INFO - [2025-05-04T23:22:27.005+0300] {dagbag.py:540} INFO - Filling up the DagBag from /Users/admin/anaconda3/lib/python3.11/site-packages/airflow/example_dags/example_branch_labels.py
[2025-05-04T23:22:27.012+0300] {processor.py:840} INFO - DAG(s) 'example_branch_labels' retrieved from /Users/admin/anaconda3/lib/python3.11/site-packages/airflow/example_dags/example_branch_labels.py
[2025-05-04T23:22:27.074+0300] {logging_mixin.py:188} INFO - [2025-05-04T23:22:27.074+0300] {dag.py:3047} INFO - Sync 1 DAGs
[2025-05-04T23:22:27.084+0300] {logging_mixin.py:188} INFO - [2025-05-04T23:22:27.084+0300] {dag.py:3834} INFO - Setting next_dagrun for example_branch_labels to 2025-05-03 00:00:00+00:00, run_after=2025-05-04 00:00:00+00:00
[2025-05-04T23:22:27.094+0300] {processor.py:183} INFO - Processing /Users/admin/anaconda3/lib/python3.11/site-packages/airflow/example_dags/example_branch_labels.py took 0.090 seconds
[2025-05-04T23:25:18.794+0300] {processor.py:161} INFO - Started process (PID=20948) to work on /Users/admin/anaconda3/lib/python3.11/site-packages/airflow/example_dags/example_branch_labels.py
[2025-05-04T23:25:18.795+0300] {processor.py:830} INFO - Processing file /Users/admin/anaconda3/lib/python3.11/site-packages/airflow/example_dags/example_branch_labels.py for tasks to queue
[2025-05-04T23:25:18.796+0300] {logging_mixin.py:188} INFO - [2025-05-04T23:25:18.795+0300] {dagbag.py:540} INFO - Filling up the DagBag from /Users/admin/anaconda3/lib/python3.11/site-packages/airflow/example_dags/example_branch_labels.py
[2025-05-04T23:25:18.802+0300] {processor.py:840} INFO - DAG(s) 'example_branch_labels' retrieved from /Users/admin/anaconda3/lib/python3.11/site-packages/airflow/example_dags/example_branch_labels.py
[2025-05-04T23:25:18.864+0300] {logging_mixin.py:188} INFO - [2025-05-04T23:25:18.863+0300] {dag.py:3047} INFO - Sync 1 DAGs
[2025-05-04T23:25:18.874+0300] {logging_mixin.py:188} INFO - [2025-05-04T23:25:18.873+0300] {dag.py:3834} INFO - Setting next_dagrun for example_branch_labels to 2025-05-03 00:00:00+00:00, run_after=2025-05-04 00:00:00+00:00
[2025-05-04T23:25:18.883+0300] {processor.py:183} INFO - Processing /Users/admin/anaconda3/lib/python3.11/site-packages/airflow/example_dags/example_branch_labels.py took 0.090 seconds
[2025-05-04T23:28:12.519+0300] {processor.py:161} INFO - Started process (PID=21768) to work on /Users/admin/anaconda3/lib/python3.11/site-packages/airflow/example_dags/example_branch_labels.py
[2025-05-04T23:28:12.520+0300] {processor.py:830} INFO - Processing file /Users/admin/anaconda3/lib/python3.11/site-packages/airflow/example_dags/example_branch_labels.py for tasks to queue
[2025-05-04T23:28:12.520+0300] {logging_mixin.py:188} INFO - [2025-05-04T23:28:12.520+0300] {dagbag.py:540} INFO - Filling up the DagBag from /Users/admin/anaconda3/lib/python3.11/site-packages/airflow/example_dags/example_branch_labels.py
[2025-05-04T23:28:12.526+0300] {processor.py:840} INFO - DAG(s) 'example_branch_labels' retrieved from /Users/admin/anaconda3/lib/python3.11/site-packages/airflow/example_dags/example_branch_labels.py
[2025-05-04T23:28:12.588+0300] {logging_mixin.py:188} INFO - [2025-05-04T23:28:12.588+0300] {dag.py:3047} INFO - Sync 1 DAGs
[2025-05-04T23:28:12.598+0300] {logging_mixin.py:188} INFO - [2025-05-04T23:28:12.598+0300] {dag.py:3834} INFO - Setting next_dagrun for example_branch_labels to 2025-05-03 00:00:00+00:00, run_after=2025-05-04 00:00:00+00:00
[2025-05-04T23:28:12.608+0300] {processor.py:183} INFO - Processing /Users/admin/anaconda3/lib/python3.11/site-packages/airflow/example_dags/example_branch_labels.py took 0.090 seconds
[2025-05-04T23:31:12.429+0300] {processor.py:161} INFO - Started process (PID=22634) to work on /Users/admin/anaconda3/lib/python3.11/site-packages/airflow/example_dags/example_branch_labels.py
[2025-05-04T23:31:12.430+0300] {processor.py:830} INFO - Processing file /Users/admin/anaconda3/lib/python3.11/site-packages/airflow/example_dags/example_branch_labels.py for tasks to queue
[2025-05-04T23:31:12.431+0300] {logging_mixin.py:188} INFO - [2025-05-04T23:31:12.431+0300] {dagbag.py:540} INFO - Filling up the DagBag from /Users/admin/anaconda3/lib/python3.11/site-packages/airflow/example_dags/example_branch_labels.py
[2025-05-04T23:31:12.437+0300] {processor.py:840} INFO - DAG(s) 'example_branch_labels' retrieved from /Users/admin/anaconda3/lib/python3.11/site-packages/airflow/example_dags/example_branch_labels.py
[2025-05-04T23:31:12.498+0300] {logging_mixin.py:188} INFO - [2025-05-04T23:31:12.498+0300] {dag.py:3047} INFO - Sync 1 DAGs
[2025-05-04T23:31:12.508+0300] {logging_mixin.py:188} INFO - [2025-05-04T23:31:12.508+0300] {dag.py:3834} INFO - Setting next_dagrun for example_branch_labels to 2025-05-03 00:00:00+00:00, run_after=2025-05-04 00:00:00+00:00
[2025-05-04T23:31:12.518+0300] {processor.py:183} INFO - Processing /Users/admin/anaconda3/lib/python3.11/site-packages/airflow/example_dags/example_branch_labels.py took 0.090 seconds
[2025-05-04T23:34:08.969+0300] {processor.py:161} INFO - Started process (PID=23457) to work on /Users/admin/anaconda3/lib/python3.11/site-packages/airflow/example_dags/example_branch_labels.py
[2025-05-04T23:34:08.970+0300] {processor.py:830} INFO - Processing file /Users/admin/anaconda3/lib/python3.11/site-packages/airflow/example_dags/example_branch_labels.py for tasks to queue
[2025-05-04T23:34:08.971+0300] {logging_mixin.py:188} INFO - [2025-05-04T23:34:08.971+0300] {dagbag.py:540} INFO - Filling up the DagBag from /Users/admin/anaconda3/lib/python3.11/site-packages/airflow/example_dags/example_branch_labels.py
[2025-05-04T23:34:08.978+0300] {processor.py:840} INFO - DAG(s) 'example_branch_labels' retrieved from /Users/admin/anaconda3/lib/python3.11/site-packages/airflow/example_dags/example_branch_labels.py
[2025-05-04T23:34:09.047+0300] {logging_mixin.py:188} INFO - [2025-05-04T23:34:09.047+0300] {dag.py:3047} INFO - Sync 1 DAGs
[2025-05-04T23:34:09.057+0300] {logging_mixin.py:188} INFO - [2025-05-04T23:34:09.057+0300] {dag.py:3834} INFO - Setting next_dagrun for example_branch_labels to 2025-05-03 00:00:00+00:00, run_after=2025-05-04 00:00:00+00:00
[2025-05-04T23:34:09.067+0300] {processor.py:183} INFO - Processing /Users/admin/anaconda3/lib/python3.11/site-packages/airflow/example_dags/example_branch_labels.py took 0.099 seconds
[2025-05-04T23:37:14.922+0300] {processor.py:161} INFO - Started process (PID=24359) to work on /Users/admin/anaconda3/lib/python3.11/site-packages/airflow/example_dags/example_branch_labels.py
[2025-05-04T23:37:14.924+0300] {processor.py:830} INFO - Processing file /Users/admin/anaconda3/lib/python3.11/site-packages/airflow/example_dags/example_branch_labels.py for tasks to queue
[2025-05-04T23:37:14.924+0300] {logging_mixin.py:188} INFO - [2025-05-04T23:37:14.924+0300] {dagbag.py:540} INFO - Filling up the DagBag from /Users/admin/anaconda3/lib/python3.11/site-packages/airflow/example_dags/example_branch_labels.py
[2025-05-04T23:37:14.930+0300] {processor.py:840} INFO - DAG(s) 'example_branch_labels' retrieved from /Users/admin/anaconda3/lib/python3.11/site-packages/airflow/example_dags/example_branch_labels.py
[2025-05-04T23:37:14.992+0300] {logging_mixin.py:188} INFO - [2025-05-04T23:37:14.992+0300] {dag.py:3047} INFO - Sync 1 DAGs
[2025-05-04T23:37:15.002+0300] {logging_mixin.py:188} INFO - [2025-05-04T23:37:15.002+0300] {dag.py:3834} INFO - Setting next_dagrun for example_branch_labels to 2025-05-03 00:00:00+00:00, run_after=2025-05-04 00:00:00+00:00
[2025-05-04T23:37:15.012+0300] {processor.py:183} INFO - Processing /Users/admin/anaconda3/lib/python3.11/site-packages/airflow/example_dags/example_branch_labels.py took 0.091 seconds
[2025-05-04T23:40:19.666+0300] {processor.py:161} INFO - Started process (PID=25237) to work on /Users/admin/anaconda3/lib/python3.11/site-packages/airflow/example_dags/example_branch_labels.py
[2025-05-04T23:40:19.667+0300] {processor.py:830} INFO - Processing file /Users/admin/anaconda3/lib/python3.11/site-packages/airflow/example_dags/example_branch_labels.py for tasks to queue
[2025-05-04T23:40:19.667+0300] {logging_mixin.py:188} INFO - [2025-05-04T23:40:19.667+0300] {dagbag.py:540} INFO - Filling up the DagBag from /Users/admin/anaconda3/lib/python3.11/site-packages/airflow/example_dags/example_branch_labels.py
[2025-05-04T23:40:19.674+0300] {processor.py:840} INFO - DAG(s) 'example_branch_labels' retrieved from /Users/admin/anaconda3/lib/python3.11/site-packages/airflow/example_dags/example_branch_labels.py
[2025-05-04T23:40:19.735+0300] {logging_mixin.py:188} INFO - [2025-05-04T23:40:19.735+0300] {dag.py:3047} INFO - Sync 1 DAGs
[2025-05-04T23:40:19.745+0300] {logging_mixin.py:188} INFO - [2025-05-04T23:40:19.745+0300] {dag.py:3834} INFO - Setting next_dagrun for example_branch_labels to 2025-05-03 00:00:00+00:00, run_after=2025-05-04 00:00:00+00:00
[2025-05-04T23:40:19.755+0300] {processor.py:183} INFO - Processing /Users/admin/anaconda3/lib/python3.11/site-packages/airflow/example_dags/example_branch_labels.py took 0.091 seconds
[2025-05-04T23:43:52.479+0300] {processor.py:161} INFO - Started process (PID=26201) to work on /Users/admin/anaconda3/lib/python3.11/site-packages/airflow/example_dags/example_branch_labels.py
[2025-05-04T23:43:52.482+0300] {processor.py:830} INFO - Processing file /Users/admin/anaconda3/lib/python3.11/site-packages/airflow/example_dags/example_branch_labels.py for tasks to queue
[2025-05-04T23:43:52.483+0300] {logging_mixin.py:188} INFO - [2025-05-04T23:43:52.483+0300] {dagbag.py:540} INFO - Filling up the DagBag from /Users/admin/anaconda3/lib/python3.11/site-packages/airflow/example_dags/example_branch_labels.py
[2025-05-04T23:43:52.500+0300] {processor.py:840} INFO - DAG(s) 'example_branch_labels' retrieved from /Users/admin/anaconda3/lib/python3.11/site-packages/airflow/example_dags/example_branch_labels.py
[2025-05-04T23:43:52.638+0300] {logging_mixin.py:188} INFO - [2025-05-04T23:43:52.637+0300] {dag.py:3047} INFO - Sync 1 DAGs
[2025-05-04T23:43:52.655+0300] {logging_mixin.py:188} INFO - [2025-05-04T23:43:52.655+0300] {dag.py:3834} INFO - Setting next_dagrun for example_branch_labels to 2025-05-03 00:00:00+00:00, run_after=2025-05-04 00:00:00+00:00
[2025-05-04T23:43:52.672+0300] {processor.py:183} INFO - Processing /Users/admin/anaconda3/lib/python3.11/site-packages/airflow/example_dags/example_branch_labels.py took 0.195 seconds
[2025-05-04T23:46:56.528+0300] {processor.py:161} INFO - Started process (PID=27069) to work on /Users/admin/anaconda3/lib/python3.11/site-packages/airflow/example_dags/example_branch_labels.py
[2025-05-04T23:46:56.530+0300] {processor.py:830} INFO - Processing file /Users/admin/anaconda3/lib/python3.11/site-packages/airflow/example_dags/example_branch_labels.py for tasks to queue
[2025-05-04T23:46:56.530+0300] {logging_mixin.py:188} INFO - [2025-05-04T23:46:56.530+0300] {dagbag.py:540} INFO - Filling up the DagBag from /Users/admin/anaconda3/lib/python3.11/site-packages/airflow/example_dags/example_branch_labels.py
[2025-05-04T23:46:56.536+0300] {processor.py:840} INFO - DAG(s) 'example_branch_labels' retrieved from /Users/admin/anaconda3/lib/python3.11/site-packages/airflow/example_dags/example_branch_labels.py
[2025-05-04T23:46:56.598+0300] {logging_mixin.py:188} INFO - [2025-05-04T23:46:56.598+0300] {dag.py:3047} INFO - Sync 1 DAGs
[2025-05-04T23:46:56.608+0300] {logging_mixin.py:188} INFO - [2025-05-04T23:46:56.608+0300] {dag.py:3834} INFO - Setting next_dagrun for example_branch_labels to 2025-05-03 00:00:00+00:00, run_after=2025-05-04 00:00:00+00:00
[2025-05-04T23:46:56.618+0300] {processor.py:183} INFO - Processing /Users/admin/anaconda3/lib/python3.11/site-packages/airflow/example_dags/example_branch_labels.py took 0.090 seconds
[2025-05-04T23:49:55.401+0300] {processor.py:161} INFO - Started process (PID=27904) to work on /Users/admin/anaconda3/lib/python3.11/site-packages/airflow/example_dags/example_branch_labels.py
[2025-05-04T23:49:55.402+0300] {processor.py:830} INFO - Processing file /Users/admin/anaconda3/lib/python3.11/site-packages/airflow/example_dags/example_branch_labels.py for tasks to queue
[2025-05-04T23:49:55.402+0300] {logging_mixin.py:188} INFO - [2025-05-04T23:49:55.402+0300] {dagbag.py:540} INFO - Filling up the DagBag from /Users/admin/anaconda3/lib/python3.11/site-packages/airflow/example_dags/example_branch_labels.py
[2025-05-04T23:49:55.409+0300] {processor.py:840} INFO - DAG(s) 'example_branch_labels' retrieved from /Users/admin/anaconda3/lib/python3.11/site-packages/airflow/example_dags/example_branch_labels.py
[2025-05-04T23:49:55.470+0300] {logging_mixin.py:188} INFO - [2025-05-04T23:49:55.470+0300] {dag.py:3047} INFO - Sync 1 DAGs
[2025-05-04T23:49:55.480+0300] {logging_mixin.py:188} INFO - [2025-05-04T23:49:55.480+0300] {dag.py:3834} INFO - Setting next_dagrun for example_branch_labels to 2025-05-03 00:00:00+00:00, run_after=2025-05-04 00:00:00+00:00
[2025-05-04T23:49:55.490+0300] {processor.py:183} INFO - Processing /Users/admin/anaconda3/lib/python3.11/site-packages/airflow/example_dags/example_branch_labels.py took 0.090 seconds
[2025-05-04T23:53:06.144+0300] {processor.py:161} INFO - Started process (PID=28798) to work on /Users/admin/anaconda3/lib/python3.11/site-packages/airflow/example_dags/example_branch_labels.py
[2025-05-04T23:53:06.145+0300] {processor.py:830} INFO - Processing file /Users/admin/anaconda3/lib/python3.11/site-packages/airflow/example_dags/example_branch_labels.py for tasks to queue
[2025-05-04T23:53:06.146+0300] {logging_mixin.py:188} INFO - [2025-05-04T23:53:06.146+0300] {dagbag.py:540} INFO - Filling up the DagBag from /Users/admin/anaconda3/lib/python3.11/site-packages/airflow/example_dags/example_branch_labels.py
[2025-05-04T23:53:06.152+0300] {processor.py:840} INFO - DAG(s) 'example_branch_labels' retrieved from /Users/admin/anaconda3/lib/python3.11/site-packages/airflow/example_dags/example_branch_labels.py
[2025-05-04T23:53:06.213+0300] {logging_mixin.py:188} INFO - [2025-05-04T23:53:06.212+0300] {dag.py:3047} INFO - Sync 1 DAGs
[2025-05-04T23:53:06.222+0300] {logging_mixin.py:188} INFO - [2025-05-04T23:53:06.222+0300] {dag.py:3834} INFO - Setting next_dagrun for example_branch_labels to 2025-05-03 00:00:00+00:00, run_after=2025-05-04 00:00:00+00:00
[2025-05-04T23:53:06.232+0300] {processor.py:183} INFO - Processing /Users/admin/anaconda3/lib/python3.11/site-packages/airflow/example_dags/example_branch_labels.py took 0.089 seconds
