[2025-05-04T22:11:50.716+0300] {processor.py:161} INFO - Started process (PID=14369) to work on /Users/admin/anaconda3/lib/python3.11/site-packages/airflow/example_dags/example_kubernetes_executor.py
[2025-05-04T22:11:50.716+0300] {processor.py:830} INFO - Processing file /Users/admin/anaconda3/lib/python3.11/site-packages/airflow/example_dags/example_kubernetes_executor.py for tasks to queue
[2025-05-04T22:11:50.717+0300] {logging_mixin.py:188} INFO - [2025-05-04T22:11:50.717+0300] {dagbag.py:540} INFO - Filling up the DagBag from /Users/admin/anaconda3/lib/python3.11/site-packages/airflow/example_dags/example_kubernetes_executor.py
[2025-05-04T22:11:50.737+0300] {logging_mixin.py:188} INFO - [2025-05-04T22:11:50.737+0300] {example_kubernetes_executor.py:38} WARNING - The example_kubernetes_executor example DAG requires the kubernetes provider. Please install it with: pip install apache-airflow[cncf.kubernetes]
[2025-05-04T22:11:50.737+0300] {processor.py:842} WARNING - No viable dags retrieved from /Users/admin/anaconda3/lib/python3.11/site-packages/airflow/example_dags/example_kubernetes_executor.py
[2025-05-04T22:11:50.781+0300] {processor.py:183} INFO - Processing /Users/admin/anaconda3/lib/python3.11/site-packages/airflow/example_dags/example_kubernetes_executor.py took 0.066 seconds
[2025-05-04T22:14:34.646+0300] {processor.py:161} INFO - Started process (PID=15144) to work on /Users/admin/anaconda3/lib/python3.11/site-packages/airflow/example_dags/example_kubernetes_executor.py
[2025-05-04T22:14:34.647+0300] {processor.py:830} INFO - Processing file /Users/admin/anaconda3/lib/python3.11/site-packages/airflow/example_dags/example_kubernetes_executor.py for tasks to queue
[2025-05-04T22:14:34.648+0300] {logging_mixin.py:188} INFO - [2025-05-04T22:14:34.648+0300] {dagbag.py:540} INFO - Filling up the DagBag from /Users/admin/anaconda3/lib/python3.11/site-packages/airflow/example_dags/example_kubernetes_executor.py
[2025-05-04T22:14:34.668+0300] {logging_mixin.py:188} INFO - [2025-05-04T22:14:34.668+0300] {example_kubernetes_executor.py:38} WARNING - The example_kubernetes_executor example DAG requires the kubernetes provider. Please install it with: pip install apache-airflow[cncf.kubernetes]
[2025-05-04T22:14:34.669+0300] {processor.py:842} WARNING - No viable dags retrieved from /Users/admin/anaconda3/lib/python3.11/site-packages/airflow/example_dags/example_kubernetes_executor.py
[2025-05-04T22:14:34.715+0300] {processor.py:183} INFO - Processing /Users/admin/anaconda3/lib/python3.11/site-packages/airflow/example_dags/example_kubernetes_executor.py took 0.070 seconds
[2025-05-04T22:17:22.255+0300] {processor.py:161} INFO - Started process (PID=15951) to work on /Users/admin/anaconda3/lib/python3.11/site-packages/airflow/example_dags/example_kubernetes_executor.py
[2025-05-04T22:17:22.256+0300] {processor.py:830} INFO - Processing file /Users/admin/anaconda3/lib/python3.11/site-packages/airflow/example_dags/example_kubernetes_executor.py for tasks to queue
[2025-05-04T22:17:22.256+0300] {logging_mixin.py:188} INFO - [2025-05-04T22:17:22.256+0300] {dagbag.py:540} INFO - Filling up the DagBag from /Users/admin/anaconda3/lib/python3.11/site-packages/airflow/example_dags/example_kubernetes_executor.py
[2025-05-04T22:17:22.276+0300] {logging_mixin.py:188} INFO - [2025-05-04T22:17:22.276+0300] {example_kubernetes_executor.py:38} WARNING - The example_kubernetes_executor example DAG requires the kubernetes provider. Please install it with: pip install apache-airflow[cncf.kubernetes]
[2025-05-04T22:17:22.277+0300] {processor.py:842} WARNING - No viable dags retrieved from /Users/admin/anaconda3/lib/python3.11/site-packages/airflow/example_dags/example_kubernetes_executor.py
[2025-05-04T22:17:22.322+0300] {processor.py:183} INFO - Processing /Users/admin/anaconda3/lib/python3.11/site-packages/airflow/example_dags/example_kubernetes_executor.py took 0.067 seconds
[2025-05-04T22:27:01.394+0300] {processor.py:161} INFO - Started process (PID=16779) to work on /Users/admin/anaconda3/lib/python3.11/site-packages/airflow/example_dags/example_kubernetes_executor.py
[2025-05-04T22:27:01.395+0300] {processor.py:830} INFO - Processing file /Users/admin/anaconda3/lib/python3.11/site-packages/airflow/example_dags/example_kubernetes_executor.py for tasks to queue
[2025-05-04T22:27:01.395+0300] {logging_mixin.py:188} INFO - [2025-05-04T22:27:01.395+0300] {dagbag.py:540} INFO - Filling up the DagBag from /Users/admin/anaconda3/lib/python3.11/site-packages/airflow/example_dags/example_kubernetes_executor.py
[2025-05-04T22:27:01.417+0300] {logging_mixin.py:188} INFO - [2025-05-04T22:27:01.417+0300] {example_kubernetes_executor.py:38} WARNING - The example_kubernetes_executor example DAG requires the kubernetes provider. Please install it with: pip install apache-airflow[cncf.kubernetes]
[2025-05-04T22:27:01.418+0300] {processor.py:842} WARNING - No viable dags retrieved from /Users/admin/anaconda3/lib/python3.11/site-packages/airflow/example_dags/example_kubernetes_executor.py
[2025-05-04T22:27:01.463+0300] {processor.py:183} INFO - Processing /Users/admin/anaconda3/lib/python3.11/site-packages/airflow/example_dags/example_kubernetes_executor.py took 0.069 seconds
[2025-05-04T22:29:46.563+0300] {processor.py:161} INFO - Started process (PID=17559) to work on /Users/admin/anaconda3/lib/python3.11/site-packages/airflow/example_dags/example_kubernetes_executor.py
[2025-05-04T22:29:46.565+0300] {processor.py:830} INFO - Processing file /Users/admin/anaconda3/lib/python3.11/site-packages/airflow/example_dags/example_kubernetes_executor.py for tasks to queue
[2025-05-04T22:29:46.565+0300] {logging_mixin.py:188} INFO - [2025-05-04T22:29:46.565+0300] {dagbag.py:540} INFO - Filling up the DagBag from /Users/admin/anaconda3/lib/python3.11/site-packages/airflow/example_dags/example_kubernetes_executor.py
[2025-05-04T22:29:46.586+0300] {logging_mixin.py:188} INFO - [2025-05-04T22:29:46.586+0300] {example_kubernetes_executor.py:38} WARNING - The example_kubernetes_executor example DAG requires the kubernetes provider. Please install it with: pip install apache-airflow[cncf.kubernetes]
[2025-05-04T22:29:46.586+0300] {processor.py:842} WARNING - No viable dags retrieved from /Users/admin/anaconda3/lib/python3.11/site-packages/airflow/example_dags/example_kubernetes_executor.py
[2025-05-04T22:29:46.631+0300] {processor.py:183} INFO - Processing /Users/admin/anaconda3/lib/python3.11/site-packages/airflow/example_dags/example_kubernetes_executor.py took 0.068 seconds
[2025-05-04T23:16:25.386+0300] {processor.py:161} INFO - Started process (PID=18437) to work on /Users/admin/anaconda3/lib/python3.11/site-packages/airflow/example_dags/example_kubernetes_executor.py
[2025-05-04T23:16:25.387+0300] {processor.py:830} INFO - Processing file /Users/admin/anaconda3/lib/python3.11/site-packages/airflow/example_dags/example_kubernetes_executor.py for tasks to queue
[2025-05-04T23:16:25.387+0300] {logging_mixin.py:188} INFO - [2025-05-04T23:16:25.387+0300] {dagbag.py:540} INFO - Filling up the DagBag from /Users/admin/anaconda3/lib/python3.11/site-packages/airflow/example_dags/example_kubernetes_executor.py
[2025-05-04T23:16:25.408+0300] {logging_mixin.py:188} INFO - [2025-05-04T23:16:25.407+0300] {example_kubernetes_executor.py:38} WARNING - The example_kubernetes_executor example DAG requires the kubernetes provider. Please install it with: pip install apache-airflow[cncf.kubernetes]
[2025-05-04T23:16:25.408+0300] {processor.py:842} WARNING - No viable dags retrieved from /Users/admin/anaconda3/lib/python3.11/site-packages/airflow/example_dags/example_kubernetes_executor.py
[2025-05-04T23:16:25.451+0300] {processor.py:183} INFO - Processing /Users/admin/anaconda3/lib/python3.11/site-packages/airflow/example_dags/example_kubernetes_executor.py took 0.066 seconds
[2025-05-04T23:19:11.422+0300] {processor.py:161} INFO - Started process (PID=19224) to work on /Users/admin/anaconda3/lib/python3.11/site-packages/airflow/example_dags/example_kubernetes_executor.py
[2025-05-04T23:19:11.423+0300] {processor.py:830} INFO - Processing file /Users/admin/anaconda3/lib/python3.11/site-packages/airflow/example_dags/example_kubernetes_executor.py for tasks to queue
[2025-05-04T23:19:11.423+0300] {logging_mixin.py:188} INFO - [2025-05-04T23:19:11.423+0300] {dagbag.py:540} INFO - Filling up the DagBag from /Users/admin/anaconda3/lib/python3.11/site-packages/airflow/example_dags/example_kubernetes_executor.py
[2025-05-04T23:19:11.444+0300] {logging_mixin.py:188} INFO - [2025-05-04T23:19:11.444+0300] {example_kubernetes_executor.py:38} WARNING - The example_kubernetes_executor example DAG requires the kubernetes provider. Please install it with: pip install apache-airflow[cncf.kubernetes]
[2025-05-04T23:19:11.444+0300] {processor.py:842} WARNING - No viable dags retrieved from /Users/admin/anaconda3/lib/python3.11/site-packages/airflow/example_dags/example_kubernetes_executor.py
[2025-05-04T23:19:11.539+0300] {processor.py:183} INFO - Processing /Users/admin/anaconda3/lib/python3.11/site-packages/airflow/example_dags/example_kubernetes_executor.py took 0.118 seconds
[2025-05-04T23:22:04.054+0300] {processor.py:161} INFO - Started process (PID=20037) to work on /Users/admin/anaconda3/lib/python3.11/site-packages/airflow/example_dags/example_kubernetes_executor.py
[2025-05-04T23:22:04.056+0300] {processor.py:830} INFO - Processing file /Users/admin/anaconda3/lib/python3.11/site-packages/airflow/example_dags/example_kubernetes_executor.py for tasks to queue
[2025-05-04T23:22:04.056+0300] {logging_mixin.py:188} INFO - [2025-05-04T23:22:04.056+0300] {dagbag.py:540} INFO - Filling up the DagBag from /Users/admin/anaconda3/lib/python3.11/site-packages/airflow/example_dags/example_kubernetes_executor.py
[2025-05-04T23:22:04.076+0300] {logging_mixin.py:188} INFO - [2025-05-04T23:22:04.076+0300] {example_kubernetes_executor.py:38} WARNING - The example_kubernetes_executor example DAG requires the kubernetes provider. Please install it with: pip install apache-airflow[cncf.kubernetes]
[2025-05-04T23:22:04.076+0300] {processor.py:842} WARNING - No viable dags retrieved from /Users/admin/anaconda3/lib/python3.11/site-packages/airflow/example_dags/example_kubernetes_executor.py
[2025-05-04T23:22:04.119+0300] {processor.py:183} INFO - Processing /Users/admin/anaconda3/lib/python3.11/site-packages/airflow/example_dags/example_kubernetes_executor.py took 0.066 seconds
[2025-05-04T23:24:57.303+0300] {processor.py:161} INFO - Started process (PID=20845) to work on /Users/admin/anaconda3/lib/python3.11/site-packages/airflow/example_dags/example_kubernetes_executor.py
[2025-05-04T23:24:57.305+0300] {processor.py:830} INFO - Processing file /Users/admin/anaconda3/lib/python3.11/site-packages/airflow/example_dags/example_kubernetes_executor.py for tasks to queue
[2025-05-04T23:24:57.305+0300] {logging_mixin.py:188} INFO - [2025-05-04T23:24:57.305+0300] {dagbag.py:540} INFO - Filling up the DagBag from /Users/admin/anaconda3/lib/python3.11/site-packages/airflow/example_dags/example_kubernetes_executor.py
[2025-05-04T23:24:57.325+0300] {logging_mixin.py:188} INFO - [2025-05-04T23:24:57.324+0300] {example_kubernetes_executor.py:38} WARNING - The example_kubernetes_executor example DAG requires the kubernetes provider. Please install it with: pip install apache-airflow[cncf.kubernetes]
[2025-05-04T23:24:57.325+0300] {processor.py:842} WARNING - No viable dags retrieved from /Users/admin/anaconda3/lib/python3.11/site-packages/airflow/example_dags/example_kubernetes_executor.py
[2025-05-04T23:24:57.368+0300] {processor.py:183} INFO - Processing /Users/admin/anaconda3/lib/python3.11/site-packages/airflow/example_dags/example_kubernetes_executor.py took 0.066 seconds
[2025-05-04T23:27:49.765+0300] {processor.py:161} INFO - Started process (PID=21663) to work on /Users/admin/anaconda3/lib/python3.11/site-packages/airflow/example_dags/example_kubernetes_executor.py
[2025-05-04T23:27:49.766+0300] {processor.py:830} INFO - Processing file /Users/admin/anaconda3/lib/python3.11/site-packages/airflow/example_dags/example_kubernetes_executor.py for tasks to queue
[2025-05-04T23:27:49.767+0300] {logging_mixin.py:188} INFO - [2025-05-04T23:27:49.766+0300] {dagbag.py:540} INFO - Filling up the DagBag from /Users/admin/anaconda3/lib/python3.11/site-packages/airflow/example_dags/example_kubernetes_executor.py
[2025-05-04T23:27:49.786+0300] {logging_mixin.py:188} INFO - [2025-05-04T23:27:49.786+0300] {example_kubernetes_executor.py:38} WARNING - The example_kubernetes_executor example DAG requires the kubernetes provider. Please install it with: pip install apache-airflow[cncf.kubernetes]
[2025-05-04T23:27:49.786+0300] {processor.py:842} WARNING - No viable dags retrieved from /Users/admin/anaconda3/lib/python3.11/site-packages/airflow/example_dags/example_kubernetes_executor.py
[2025-05-04T23:27:49.831+0300] {processor.py:183} INFO - Processing /Users/admin/anaconda3/lib/python3.11/site-packages/airflow/example_dags/example_kubernetes_executor.py took 0.066 seconds
[2025-05-04T23:30:49.000+0300] {processor.py:161} INFO - Started process (PID=22523) to work on /Users/admin/anaconda3/lib/python3.11/site-packages/airflow/example_dags/example_kubernetes_executor.py
[2025-05-04T23:30:49.001+0300] {processor.py:830} INFO - Processing file /Users/admin/anaconda3/lib/python3.11/site-packages/airflow/example_dags/example_kubernetes_executor.py for tasks to queue
[2025-05-04T23:30:49.001+0300] {logging_mixin.py:188} INFO - [2025-05-04T23:30:49.001+0300] {dagbag.py:540} INFO - Filling up the DagBag from /Users/admin/anaconda3/lib/python3.11/site-packages/airflow/example_dags/example_kubernetes_executor.py
[2025-05-04T23:30:49.022+0300] {logging_mixin.py:188} INFO - [2025-05-04T23:30:49.021+0300] {example_kubernetes_executor.py:38} WARNING - The example_kubernetes_executor example DAG requires the kubernetes provider. Please install it with: pip install apache-airflow[cncf.kubernetes]
[2025-05-04T23:30:49.022+0300] {processor.py:842} WARNING - No viable dags retrieved from /Users/admin/anaconda3/lib/python3.11/site-packages/airflow/example_dags/example_kubernetes_executor.py
[2025-05-04T23:30:49.065+0300] {processor.py:183} INFO - Processing /Users/admin/anaconda3/lib/python3.11/site-packages/airflow/example_dags/example_kubernetes_executor.py took 0.066 seconds
[2025-05-04T23:32:48.270+0300] {processor.py:161} INFO - Started process (PID=23080) to work on /Users/admin/anaconda3/lib/python3.11/site-packages/airflow/example_dags/example_kubernetes_executor.py
[2025-05-04T23:32:48.271+0300] {processor.py:830} INFO - Processing file /Users/admin/anaconda3/lib/python3.11/site-packages/airflow/example_dags/example_kubernetes_executor.py for tasks to queue
[2025-05-04T23:32:48.272+0300] {logging_mixin.py:188} INFO - [2025-05-04T23:32:48.272+0300] {dagbag.py:540} INFO - Filling up the DagBag from /Users/admin/anaconda3/lib/python3.11/site-packages/airflow/example_dags/example_kubernetes_executor.py
[2025-05-04T23:32:48.293+0300] {logging_mixin.py:188} INFO - [2025-05-04T23:32:48.293+0300] {example_kubernetes_executor.py:38} WARNING - The example_kubernetes_executor example DAG requires the kubernetes provider. Please install it with: pip install apache-airflow[cncf.kubernetes]
[2025-05-04T23:32:48.293+0300] {processor.py:842} WARNING - No viable dags retrieved from /Users/admin/anaconda3/lib/python3.11/site-packages/airflow/example_dags/example_kubernetes_executor.py
[2025-05-04T23:32:48.337+0300] {processor.py:183} INFO - Processing /Users/admin/anaconda3/lib/python3.11/site-packages/airflow/example_dags/example_kubernetes_executor.py took 0.068 seconds
[2025-05-04T23:35:51.733+0300] {processor.py:161} INFO - Started process (PID=23956) to work on /Users/admin/anaconda3/lib/python3.11/site-packages/airflow/example_dags/example_kubernetes_executor.py
[2025-05-04T23:35:51.734+0300] {processor.py:830} INFO - Processing file /Users/admin/anaconda3/lib/python3.11/site-packages/airflow/example_dags/example_kubernetes_executor.py for tasks to queue
[2025-05-04T23:35:51.734+0300] {logging_mixin.py:188} INFO - [2025-05-04T23:35:51.734+0300] {dagbag.py:540} INFO - Filling up the DagBag from /Users/admin/anaconda3/lib/python3.11/site-packages/airflow/example_dags/example_kubernetes_executor.py
[2025-05-04T23:35:51.755+0300] {logging_mixin.py:188} INFO - [2025-05-04T23:35:51.755+0300] {example_kubernetes_executor.py:38} WARNING - The example_kubernetes_executor example DAG requires the kubernetes provider. Please install it with: pip install apache-airflow[cncf.kubernetes]
[2025-05-04T23:35:51.755+0300] {processor.py:842} WARNING - No viable dags retrieved from /Users/admin/anaconda3/lib/python3.11/site-packages/airflow/example_dags/example_kubernetes_executor.py
[2025-05-04T23:35:51.800+0300] {processor.py:183} INFO - Processing /Users/admin/anaconda3/lib/python3.11/site-packages/airflow/example_dags/example_kubernetes_executor.py took 0.068 seconds
[2025-05-04T23:38:51.108+0300] {processor.py:161} INFO - Started process (PID=24811) to work on /Users/admin/anaconda3/lib/python3.11/site-packages/airflow/example_dags/example_kubernetes_executor.py
[2025-05-04T23:38:51.109+0300] {processor.py:830} INFO - Processing file /Users/admin/anaconda3/lib/python3.11/site-packages/airflow/example_dags/example_kubernetes_executor.py for tasks to queue
[2025-05-04T23:38:51.109+0300] {logging_mixin.py:188} INFO - [2025-05-04T23:38:51.109+0300] {dagbag.py:540} INFO - Filling up the DagBag from /Users/admin/anaconda3/lib/python3.11/site-packages/airflow/example_dags/example_kubernetes_executor.py
[2025-05-04T23:38:51.129+0300] {logging_mixin.py:188} INFO - [2025-05-04T23:38:51.129+0300] {example_kubernetes_executor.py:38} WARNING - The example_kubernetes_executor example DAG requires the kubernetes provider. Please install it with: pip install apache-airflow[cncf.kubernetes]
[2025-05-04T23:38:51.129+0300] {processor.py:842} WARNING - No viable dags retrieved from /Users/admin/anaconda3/lib/python3.11/site-packages/airflow/example_dags/example_kubernetes_executor.py
[2025-05-04T23:38:51.173+0300] {processor.py:183} INFO - Processing /Users/admin/anaconda3/lib/python3.11/site-packages/airflow/example_dags/example_kubernetes_executor.py took 0.067 seconds
[2025-05-04T23:42:10.987+0300] {processor.py:161} INFO - Started process (PID=25745) to work on /Users/admin/anaconda3/lib/python3.11/site-packages/airflow/example_dags/example_kubernetes_executor.py
[2025-05-04T23:42:10.988+0300] {processor.py:830} INFO - Processing file /Users/admin/anaconda3/lib/python3.11/site-packages/airflow/example_dags/example_kubernetes_executor.py for tasks to queue
[2025-05-04T23:42:10.988+0300] {logging_mixin.py:188} INFO - [2025-05-04T23:42:10.988+0300] {dagbag.py:540} INFO - Filling up the DagBag from /Users/admin/anaconda3/lib/python3.11/site-packages/airflow/example_dags/example_kubernetes_executor.py
[2025-05-04T23:42:11.008+0300] {logging_mixin.py:188} INFO - [2025-05-04T23:42:11.008+0300] {example_kubernetes_executor.py:38} WARNING - The example_kubernetes_executor example DAG requires the kubernetes provider. Please install it with: pip install apache-airflow[cncf.kubernetes]
[2025-05-04T23:42:11.009+0300] {processor.py:842} WARNING - No viable dags retrieved from /Users/admin/anaconda3/lib/python3.11/site-packages/airflow/example_dags/example_kubernetes_executor.py
[2025-05-04T23:42:11.053+0300] {processor.py:183} INFO - Processing /Users/admin/anaconda3/lib/python3.11/site-packages/airflow/example_dags/example_kubernetes_executor.py took 0.067 seconds
[2025-05-04T23:45:29.315+0300] {processor.py:161} INFO - Started process (PID=26659) to work on /Users/admin/anaconda3/lib/python3.11/site-packages/airflow/example_dags/example_kubernetes_executor.py
[2025-05-04T23:45:29.316+0300] {processor.py:830} INFO - Processing file /Users/admin/anaconda3/lib/python3.11/site-packages/airflow/example_dags/example_kubernetes_executor.py for tasks to queue
[2025-05-04T23:45:29.316+0300] {logging_mixin.py:188} INFO - [2025-05-04T23:45:29.316+0300] {dagbag.py:540} INFO - Filling up the DagBag from /Users/admin/anaconda3/lib/python3.11/site-packages/airflow/example_dags/example_kubernetes_executor.py
[2025-05-04T23:45:29.336+0300] {logging_mixin.py:188} INFO - [2025-05-04T23:45:29.336+0300] {example_kubernetes_executor.py:38} WARNING - The example_kubernetes_executor example DAG requires the kubernetes provider. Please install it with: pip install apache-airflow[cncf.kubernetes]
[2025-05-04T23:45:29.336+0300] {processor.py:842} WARNING - No viable dags retrieved from /Users/admin/anaconda3/lib/python3.11/site-packages/airflow/example_dags/example_kubernetes_executor.py
[2025-05-04T23:45:29.380+0300] {processor.py:183} INFO - Processing /Users/admin/anaconda3/lib/python3.11/site-packages/airflow/example_dags/example_kubernetes_executor.py took 0.066 seconds
[2025-05-04T23:48:27.512+0300] {processor.py:161} INFO - Started process (PID=27491) to work on /Users/admin/anaconda3/lib/python3.11/site-packages/airflow/example_dags/example_kubernetes_executor.py
[2025-05-04T23:48:27.512+0300] {processor.py:830} INFO - Processing file /Users/admin/anaconda3/lib/python3.11/site-packages/airflow/example_dags/example_kubernetes_executor.py for tasks to queue
[2025-05-04T23:48:27.513+0300] {logging_mixin.py:188} INFO - [2025-05-04T23:48:27.513+0300] {dagbag.py:540} INFO - Filling up the DagBag from /Users/admin/anaconda3/lib/python3.11/site-packages/airflow/example_dags/example_kubernetes_executor.py
[2025-05-04T23:48:27.532+0300] {logging_mixin.py:188} INFO - [2025-05-04T23:48:27.532+0300] {example_kubernetes_executor.py:38} WARNING - The example_kubernetes_executor example DAG requires the kubernetes provider. Please install it with: pip install apache-airflow[cncf.kubernetes]
[2025-05-04T23:48:27.532+0300] {processor.py:842} WARNING - No viable dags retrieved from /Users/admin/anaconda3/lib/python3.11/site-packages/airflow/example_dags/example_kubernetes_executor.py
[2025-05-04T23:48:27.576+0300] {processor.py:183} INFO - Processing /Users/admin/anaconda3/lib/python3.11/site-packages/airflow/example_dags/example_kubernetes_executor.py took 0.065 seconds
[2025-05-04T23:51:26.687+0300] {processor.py:161} INFO - Started process (PID=28329) to work on /Users/admin/anaconda3/lib/python3.11/site-packages/airflow/example_dags/example_kubernetes_executor.py
[2025-05-04T23:51:26.689+0300] {processor.py:830} INFO - Processing file /Users/admin/anaconda3/lib/python3.11/site-packages/airflow/example_dags/example_kubernetes_executor.py for tasks to queue
[2025-05-04T23:51:26.689+0300] {logging_mixin.py:188} INFO - [2025-05-04T23:51:26.689+0300] {dagbag.py:540} INFO - Filling up the DagBag from /Users/admin/anaconda3/lib/python3.11/site-packages/airflow/example_dags/example_kubernetes_executor.py
[2025-05-04T23:51:26.709+0300] {logging_mixin.py:188} INFO - [2025-05-04T23:51:26.708+0300] {example_kubernetes_executor.py:38} WARNING - The example_kubernetes_executor example DAG requires the kubernetes provider. Please install it with: pip install apache-airflow[cncf.kubernetes]
[2025-05-04T23:51:26.709+0300] {processor.py:842} WARNING - No viable dags retrieved from /Users/admin/anaconda3/lib/python3.11/site-packages/airflow/example_dags/example_kubernetes_executor.py
[2025-05-04T23:51:26.752+0300] {processor.py:183} INFO - Processing /Users/admin/anaconda3/lib/python3.11/site-packages/airflow/example_dags/example_kubernetes_executor.py took 0.065 seconds
[2025-05-04T23:59:04.911+0300] {processor.py:161} INFO - Started process (PID=29275) to work on /Users/admin/anaconda3/lib/python3.11/site-packages/airflow/example_dags/example_kubernetes_executor.py
[2025-05-04T23:59:04.913+0300] {processor.py:830} INFO - Processing file /Users/admin/anaconda3/lib/python3.11/site-packages/airflow/example_dags/example_kubernetes_executor.py for tasks to queue
[2025-05-04T23:59:04.913+0300] {logging_mixin.py:188} INFO - [2025-05-04T23:59:04.913+0300] {dagbag.py:540} INFO - Filling up the DagBag from /Users/admin/anaconda3/lib/python3.11/site-packages/airflow/example_dags/example_kubernetes_executor.py
[2025-05-04T23:59:04.932+0300] {logging_mixin.py:188} INFO - [2025-05-04T23:59:04.932+0300] {example_kubernetes_executor.py:38} WARNING - The example_kubernetes_executor example DAG requires the kubernetes provider. Please install it with: pip install apache-airflow[cncf.kubernetes]
[2025-05-04T23:59:04.932+0300] {processor.py:842} WARNING - No viable dags retrieved from /Users/admin/anaconda3/lib/python3.11/site-packages/airflow/example_dags/example_kubernetes_executor.py
[2025-05-04T23:59:04.976+0300] {processor.py:183} INFO - Processing /Users/admin/anaconda3/lib/python3.11/site-packages/airflow/example_dags/example_kubernetes_executor.py took 0.065 seconds
