[2025-05-04T22:11:54.732+0300] {processor.py:161} INFO - Started process (PID=14387) to work on /Users/admin/anaconda3/lib/python3.11/site-packages/airflow/example_dags/example_dynamic_task_mapping_with_no_taskflow_operators.py
[2025-05-04T22:11:54.733+0300] {processor.py:830} INFO - Processing file /Users/admin/anaconda3/lib/python3.11/site-packages/airflow/example_dags/example_dynamic_task_mapping_with_no_taskflow_operators.py for tasks to queue
[2025-05-04T22:11:54.733+0300] {logging_mixin.py:188} INFO - [2025-05-04T22:11:54.733+0300] {dagbag.py:540} INFO - Filling up the DagBag from /Users/admin/anaconda3/lib/python3.11/site-packages/airflow/example_dags/example_dynamic_task_mapping_with_no_taskflow_operators.py
[2025-05-04T22:11:54.738+0300] {processor.py:840} INFO - DAG(s) 'example_dynamic_task_mapping_with_no_taskflow_operators' retrieved from /Users/admin/anaconda3/lib/python3.11/site-packages/airflow/example_dags/example_dynamic_task_mapping_with_no_taskflow_operators.py
[2025-05-04T22:11:54.845+0300] {logging_mixin.py:188} INFO - [2025-05-04T22:11:54.845+0300] {dag.py:3047} INFO - Sync 1 DAGs
[2025-05-04T22:11:54.855+0300] {logging_mixin.py:188} INFO - [2025-05-04T22:11:54.854+0300] {dag.py:3834} INFO - Setting next_dagrun for example_dynamic_task_mapping_with_no_taskflow_operators to 2025-05-03 00:00:00+00:00, run_after=2025-05-04 00:00:00+00:00
[2025-05-04T22:11:54.865+0300] {processor.py:183} INFO - Processing /Users/admin/anaconda3/lib/python3.11/site-packages/airflow/example_dags/example_dynamic_task_mapping_with_no_taskflow_operators.py took 0.134 seconds
[2025-05-04T22:14:39.526+0300] {processor.py:161} INFO - Started process (PID=15163) to work on /Users/admin/anaconda3/lib/python3.11/site-packages/airflow/example_dags/example_dynamic_task_mapping_with_no_taskflow_operators.py
[2025-05-04T22:14:39.528+0300] {processor.py:830} INFO - Processing file /Users/admin/anaconda3/lib/python3.11/site-packages/airflow/example_dags/example_dynamic_task_mapping_with_no_taskflow_operators.py for tasks to queue
[2025-05-04T22:14:39.528+0300] {logging_mixin.py:188} INFO - [2025-05-04T22:14:39.528+0300] {dagbag.py:540} INFO - Filling up the DagBag from /Users/admin/anaconda3/lib/python3.11/site-packages/airflow/example_dags/example_dynamic_task_mapping_with_no_taskflow_operators.py
[2025-05-04T22:14:39.533+0300] {processor.py:840} INFO - DAG(s) 'example_dynamic_task_mapping_with_no_taskflow_operators' retrieved from /Users/admin/anaconda3/lib/python3.11/site-packages/airflow/example_dags/example_dynamic_task_mapping_with_no_taskflow_operators.py
[2025-05-04T22:14:39.594+0300] {logging_mixin.py:188} INFO - [2025-05-04T22:14:39.593+0300] {dag.py:3047} INFO - Sync 1 DAGs
[2025-05-04T22:14:39.603+0300] {logging_mixin.py:188} INFO - [2025-05-04T22:14:39.603+0300] {dag.py:3834} INFO - Setting next_dagrun for example_dynamic_task_mapping_with_no_taskflow_operators to 2025-05-03 00:00:00+00:00, run_after=2025-05-04 00:00:00+00:00
[2025-05-04T22:14:39.612+0300] {processor.py:183} INFO - Processing /Users/admin/anaconda3/lib/python3.11/site-packages/airflow/example_dags/example_dynamic_task_mapping_with_no_taskflow_operators.py took 0.087 seconds
[2025-05-04T22:17:26.260+0300] {processor.py:161} INFO - Started process (PID=15969) to work on /Users/admin/anaconda3/lib/python3.11/site-packages/airflow/example_dags/example_dynamic_task_mapping_with_no_taskflow_operators.py
[2025-05-04T22:17:26.261+0300] {processor.py:830} INFO - Processing file /Users/admin/anaconda3/lib/python3.11/site-packages/airflow/example_dags/example_dynamic_task_mapping_with_no_taskflow_operators.py for tasks to queue
[2025-05-04T22:17:26.262+0300] {logging_mixin.py:188} INFO - [2025-05-04T22:17:26.262+0300] {dagbag.py:540} INFO - Filling up the DagBag from /Users/admin/anaconda3/lib/python3.11/site-packages/airflow/example_dags/example_dynamic_task_mapping_with_no_taskflow_operators.py
[2025-05-04T22:17:26.267+0300] {processor.py:840} INFO - DAG(s) 'example_dynamic_task_mapping_with_no_taskflow_operators' retrieved from /Users/admin/anaconda3/lib/python3.11/site-packages/airflow/example_dags/example_dynamic_task_mapping_with_no_taskflow_operators.py
[2025-05-04T22:17:26.328+0300] {logging_mixin.py:188} INFO - [2025-05-04T22:17:26.327+0300] {dag.py:3047} INFO - Sync 1 DAGs
[2025-05-04T22:17:26.337+0300] {logging_mixin.py:188} INFO - [2025-05-04T22:17:26.337+0300] {dag.py:3834} INFO - Setting next_dagrun for example_dynamic_task_mapping_with_no_taskflow_operators to 2025-05-03 00:00:00+00:00, run_after=2025-05-04 00:00:00+00:00
[2025-05-04T22:17:26.346+0300] {processor.py:183} INFO - Processing /Users/admin/anaconda3/lib/python3.11/site-packages/airflow/example_dags/example_dynamic_task_mapping_with_no_taskflow_operators.py took 0.087 seconds
[2025-05-04T22:27:06.234+0300] {processor.py:161} INFO - Started process (PID=16808) to work on /Users/admin/anaconda3/lib/python3.11/site-packages/airflow/example_dags/example_dynamic_task_mapping_with_no_taskflow_operators.py
[2025-05-04T22:27:06.235+0300] {processor.py:830} INFO - Processing file /Users/admin/anaconda3/lib/python3.11/site-packages/airflow/example_dags/example_dynamic_task_mapping_with_no_taskflow_operators.py for tasks to queue
[2025-05-04T22:27:06.236+0300] {logging_mixin.py:188} INFO - [2025-05-04T22:27:06.236+0300] {dagbag.py:540} INFO - Filling up the DagBag from /Users/admin/anaconda3/lib/python3.11/site-packages/airflow/example_dags/example_dynamic_task_mapping_with_no_taskflow_operators.py
[2025-05-04T22:27:06.241+0300] {processor.py:840} INFO - DAG(s) 'example_dynamic_task_mapping_with_no_taskflow_operators' retrieved from /Users/admin/anaconda3/lib/python3.11/site-packages/airflow/example_dags/example_dynamic_task_mapping_with_no_taskflow_operators.py
[2025-05-04T22:27:06.300+0300] {logging_mixin.py:188} INFO - [2025-05-04T22:27:06.300+0300] {dag.py:3047} INFO - Sync 1 DAGs
[2025-05-04T22:27:06.310+0300] {logging_mixin.py:188} INFO - [2025-05-04T22:27:06.310+0300] {dag.py:3834} INFO - Setting next_dagrun for example_dynamic_task_mapping_with_no_taskflow_operators to 2025-05-03 00:00:00+00:00, run_after=2025-05-04 00:00:00+00:00
[2025-05-04T22:27:06.320+0300] {processor.py:183} INFO - Processing /Users/admin/anaconda3/lib/python3.11/site-packages/airflow/example_dags/example_dynamic_task_mapping_with_no_taskflow_operators.py took 0.087 seconds
[2025-05-04T22:29:50.600+0300] {processor.py:161} INFO - Started process (PID=17578) to work on /Users/admin/anaconda3/lib/python3.11/site-packages/airflow/example_dags/example_dynamic_task_mapping_with_no_taskflow_operators.py
[2025-05-04T22:29:50.601+0300] {processor.py:830} INFO - Processing file /Users/admin/anaconda3/lib/python3.11/site-packages/airflow/example_dags/example_dynamic_task_mapping_with_no_taskflow_operators.py for tasks to queue
[2025-05-04T22:29:50.601+0300] {logging_mixin.py:188} INFO - [2025-05-04T22:29:50.601+0300] {dagbag.py:540} INFO - Filling up the DagBag from /Users/admin/anaconda3/lib/python3.11/site-packages/airflow/example_dags/example_dynamic_task_mapping_with_no_taskflow_operators.py
[2025-05-04T22:29:50.606+0300] {processor.py:840} INFO - DAG(s) 'example_dynamic_task_mapping_with_no_taskflow_operators' retrieved from /Users/admin/anaconda3/lib/python3.11/site-packages/airflow/example_dags/example_dynamic_task_mapping_with_no_taskflow_operators.py
[2025-05-04T22:29:50.668+0300] {logging_mixin.py:188} INFO - [2025-05-04T22:29:50.667+0300] {dag.py:3047} INFO - Sync 1 DAGs
[2025-05-04T22:29:50.677+0300] {logging_mixin.py:188} INFO - [2025-05-04T22:29:50.677+0300] {dag.py:3834} INFO - Setting next_dagrun for example_dynamic_task_mapping_with_no_taskflow_operators to 2025-05-03 00:00:00+00:00, run_after=2025-05-04 00:00:00+00:00
[2025-05-04T22:29:50.687+0300] {processor.py:183} INFO - Processing /Users/admin/anaconda3/lib/python3.11/site-packages/airflow/example_dags/example_dynamic_task_mapping_with_no_taskflow_operators.py took 0.088 seconds
[2025-05-04T23:16:29.384+0300] {processor.py:161} INFO - Started process (PID=18456) to work on /Users/admin/anaconda3/lib/python3.11/site-packages/airflow/example_dags/example_dynamic_task_mapping_with_no_taskflow_operators.py
[2025-05-04T23:16:29.385+0300] {processor.py:830} INFO - Processing file /Users/admin/anaconda3/lib/python3.11/site-packages/airflow/example_dags/example_dynamic_task_mapping_with_no_taskflow_operators.py for tasks to queue
[2025-05-04T23:16:29.386+0300] {logging_mixin.py:188} INFO - [2025-05-04T23:16:29.385+0300] {dagbag.py:540} INFO - Filling up the DagBag from /Users/admin/anaconda3/lib/python3.11/site-packages/airflow/example_dags/example_dynamic_task_mapping_with_no_taskflow_operators.py
[2025-05-04T23:16:29.391+0300] {processor.py:840} INFO - DAG(s) 'example_dynamic_task_mapping_with_no_taskflow_operators' retrieved from /Users/admin/anaconda3/lib/python3.11/site-packages/airflow/example_dags/example_dynamic_task_mapping_with_no_taskflow_operators.py
[2025-05-04T23:16:29.460+0300] {logging_mixin.py:188} INFO - [2025-05-04T23:16:29.460+0300] {dag.py:3047} INFO - Sync 1 DAGs
[2025-05-04T23:16:29.469+0300] {logging_mixin.py:188} INFO - [2025-05-04T23:16:29.469+0300] {dag.py:3834} INFO - Setting next_dagrun for example_dynamic_task_mapping_with_no_taskflow_operators to 2025-05-03 00:00:00+00:00, run_after=2025-05-04 00:00:00+00:00
[2025-05-04T23:16:29.480+0300] {processor.py:183} INFO - Processing /Users/admin/anaconda3/lib/python3.11/site-packages/airflow/example_dags/example_dynamic_task_mapping_with_no_taskflow_operators.py took 0.096 seconds
[2025-05-04T23:19:15.391+0300] {processor.py:161} INFO - Started process (PID=19242) to work on /Users/admin/anaconda3/lib/python3.11/site-packages/airflow/example_dags/example_dynamic_task_mapping_with_no_taskflow_operators.py
[2025-05-04T23:19:15.391+0300] {processor.py:830} INFO - Processing file /Users/admin/anaconda3/lib/python3.11/site-packages/airflow/example_dags/example_dynamic_task_mapping_with_no_taskflow_operators.py for tasks to queue
[2025-05-04T23:19:15.392+0300] {logging_mixin.py:188} INFO - [2025-05-04T23:19:15.392+0300] {dagbag.py:540} INFO - Filling up the DagBag from /Users/admin/anaconda3/lib/python3.11/site-packages/airflow/example_dags/example_dynamic_task_mapping_with_no_taskflow_operators.py
[2025-05-04T23:19:15.397+0300] {processor.py:840} INFO - DAG(s) 'example_dynamic_task_mapping_with_no_taskflow_operators' retrieved from /Users/admin/anaconda3/lib/python3.11/site-packages/airflow/example_dags/example_dynamic_task_mapping_with_no_taskflow_operators.py
[2025-05-04T23:19:15.457+0300] {logging_mixin.py:188} INFO - [2025-05-04T23:19:15.457+0300] {dag.py:3047} INFO - Sync 1 DAGs
[2025-05-04T23:19:15.466+0300] {logging_mixin.py:188} INFO - [2025-05-04T23:19:15.466+0300] {dag.py:3834} INFO - Setting next_dagrun for example_dynamic_task_mapping_with_no_taskflow_operators to 2025-05-03 00:00:00+00:00, run_after=2025-05-04 00:00:00+00:00
[2025-05-04T23:19:15.476+0300] {processor.py:183} INFO - Processing /Users/admin/anaconda3/lib/python3.11/site-packages/airflow/example_dags/example_dynamic_task_mapping_with_no_taskflow_operators.py took 0.086 seconds
[2025-05-04T23:22:08.835+0300] {processor.py:161} INFO - Started process (PID=20061) to work on /Users/admin/anaconda3/lib/python3.11/site-packages/airflow/example_dags/example_dynamic_task_mapping_with_no_taskflow_operators.py
[2025-05-04T23:22:08.837+0300] {processor.py:830} INFO - Processing file /Users/admin/anaconda3/lib/python3.11/site-packages/airflow/example_dags/example_dynamic_task_mapping_with_no_taskflow_operators.py for tasks to queue
[2025-05-04T23:22:08.837+0300] {logging_mixin.py:188} INFO - [2025-05-04T23:22:08.837+0300] {dagbag.py:540} INFO - Filling up the DagBag from /Users/admin/anaconda3/lib/python3.11/site-packages/airflow/example_dags/example_dynamic_task_mapping_with_no_taskflow_operators.py
[2025-05-04T23:22:08.842+0300] {processor.py:840} INFO - DAG(s) 'example_dynamic_task_mapping_with_no_taskflow_operators' retrieved from /Users/admin/anaconda3/lib/python3.11/site-packages/airflow/example_dags/example_dynamic_task_mapping_with_no_taskflow_operators.py
[2025-05-04T23:22:08.903+0300] {logging_mixin.py:188} INFO - [2025-05-04T23:22:08.902+0300] {dag.py:3047} INFO - Sync 1 DAGs
[2025-05-04T23:22:08.912+0300] {logging_mixin.py:188} INFO - [2025-05-04T23:22:08.912+0300] {dag.py:3834} INFO - Setting next_dagrun for example_dynamic_task_mapping_with_no_taskflow_operators to 2025-05-03 00:00:00+00:00, run_after=2025-05-04 00:00:00+00:00
[2025-05-04T23:22:08.922+0300] {processor.py:183} INFO - Processing /Users/admin/anaconda3/lib/python3.11/site-packages/airflow/example_dags/example_dynamic_task_mapping_with_no_taskflow_operators.py took 0.087 seconds
[2025-05-04T23:25:01.309+0300] {processor.py:161} INFO - Started process (PID=20863) to work on /Users/admin/anaconda3/lib/python3.11/site-packages/airflow/example_dags/example_dynamic_task_mapping_with_no_taskflow_operators.py
[2025-05-04T23:25:01.310+0300] {processor.py:830} INFO - Processing file /Users/admin/anaconda3/lib/python3.11/site-packages/airflow/example_dags/example_dynamic_task_mapping_with_no_taskflow_operators.py for tasks to queue
[2025-05-04T23:25:01.310+0300] {logging_mixin.py:188} INFO - [2025-05-04T23:25:01.310+0300] {dagbag.py:540} INFO - Filling up the DagBag from /Users/admin/anaconda3/lib/python3.11/site-packages/airflow/example_dags/example_dynamic_task_mapping_with_no_taskflow_operators.py
[2025-05-04T23:25:01.316+0300] {processor.py:840} INFO - DAG(s) 'example_dynamic_task_mapping_with_no_taskflow_operators' retrieved from /Users/admin/anaconda3/lib/python3.11/site-packages/airflow/example_dags/example_dynamic_task_mapping_with_no_taskflow_operators.py
[2025-05-04T23:25:01.381+0300] {logging_mixin.py:188} INFO - [2025-05-04T23:25:01.381+0300] {dag.py:3047} INFO - Sync 1 DAGs
[2025-05-04T23:25:01.391+0300] {logging_mixin.py:188} INFO - [2025-05-04T23:25:01.391+0300] {dag.py:3834} INFO - Setting next_dagrun for example_dynamic_task_mapping_with_no_taskflow_operators to 2025-05-03 00:00:00+00:00, run_after=2025-05-04 00:00:00+00:00
[2025-05-04T23:25:01.402+0300] {processor.py:183} INFO - Processing /Users/admin/anaconda3/lib/python3.11/site-packages/airflow/example_dags/example_dynamic_task_mapping_with_no_taskflow_operators.py took 0.094 seconds
[2025-05-04T23:27:54.554+0300] {processor.py:161} INFO - Started process (PID=21681) to work on /Users/admin/anaconda3/lib/python3.11/site-packages/airflow/example_dags/example_dynamic_task_mapping_with_no_taskflow_operators.py
[2025-05-04T23:27:54.555+0300] {processor.py:830} INFO - Processing file /Users/admin/anaconda3/lib/python3.11/site-packages/airflow/example_dags/example_dynamic_task_mapping_with_no_taskflow_operators.py for tasks to queue
[2025-05-04T23:27:54.556+0300] {logging_mixin.py:188} INFO - [2025-05-04T23:27:54.556+0300] {dagbag.py:540} INFO - Filling up the DagBag from /Users/admin/anaconda3/lib/python3.11/site-packages/airflow/example_dags/example_dynamic_task_mapping_with_no_taskflow_operators.py
[2025-05-04T23:27:54.561+0300] {processor.py:840} INFO - DAG(s) 'example_dynamic_task_mapping_with_no_taskflow_operators' retrieved from /Users/admin/anaconda3/lib/python3.11/site-packages/airflow/example_dags/example_dynamic_task_mapping_with_no_taskflow_operators.py
[2025-05-04T23:27:54.621+0300] {logging_mixin.py:188} INFO - [2025-05-04T23:27:54.621+0300] {dag.py:3047} INFO - Sync 1 DAGs
[2025-05-04T23:27:54.630+0300] {logging_mixin.py:188} INFO - [2025-05-04T23:27:54.630+0300] {dag.py:3834} INFO - Setting next_dagrun for example_dynamic_task_mapping_with_no_taskflow_operators to 2025-05-03 00:00:00+00:00, run_after=2025-05-04 00:00:00+00:00
[2025-05-04T23:27:54.640+0300] {processor.py:183} INFO - Processing /Users/admin/anaconda3/lib/python3.11/site-packages/airflow/example_dags/example_dynamic_task_mapping_with_no_taskflow_operators.py took 0.087 seconds
[2025-05-04T23:30:54.160+0300] {processor.py:161} INFO - Started process (PID=22549) to work on /Users/admin/anaconda3/lib/python3.11/site-packages/airflow/example_dags/example_dynamic_task_mapping_with_no_taskflow_operators.py
[2025-05-04T23:30:54.160+0300] {processor.py:830} INFO - Processing file /Users/admin/anaconda3/lib/python3.11/site-packages/airflow/example_dags/example_dynamic_task_mapping_with_no_taskflow_operators.py for tasks to queue
[2025-05-04T23:30:54.161+0300] {logging_mixin.py:188} INFO - [2025-05-04T23:30:54.161+0300] {dagbag.py:540} INFO - Filling up the DagBag from /Users/admin/anaconda3/lib/python3.11/site-packages/airflow/example_dags/example_dynamic_task_mapping_with_no_taskflow_operators.py
[2025-05-04T23:30:54.166+0300] {processor.py:840} INFO - DAG(s) 'example_dynamic_task_mapping_with_no_taskflow_operators' retrieved from /Users/admin/anaconda3/lib/python3.11/site-packages/airflow/example_dags/example_dynamic_task_mapping_with_no_taskflow_operators.py
[2025-05-04T23:30:54.233+0300] {logging_mixin.py:188} INFO - [2025-05-04T23:30:54.232+0300] {dag.py:3047} INFO - Sync 1 DAGs
[2025-05-04T23:30:54.242+0300] {logging_mixin.py:188} INFO - [2025-05-04T23:30:54.242+0300] {dag.py:3834} INFO - Setting next_dagrun for example_dynamic_task_mapping_with_no_taskflow_operators to 2025-05-03 00:00:00+00:00, run_after=2025-05-04 00:00:00+00:00
[2025-05-04T23:30:54.252+0300] {processor.py:183} INFO - Processing /Users/admin/anaconda3/lib/python3.11/site-packages/airflow/example_dags/example_dynamic_task_mapping_with_no_taskflow_operators.py took 0.093 seconds
[2025-05-04T23:33:50.560+0300] {processor.py:161} INFO - Started process (PID=23370) to work on /Users/admin/anaconda3/lib/python3.11/site-packages/airflow/example_dags/example_dynamic_task_mapping_with_no_taskflow_operators.py
[2025-05-04T23:33:50.561+0300] {processor.py:830} INFO - Processing file /Users/admin/anaconda3/lib/python3.11/site-packages/airflow/example_dags/example_dynamic_task_mapping_with_no_taskflow_operators.py for tasks to queue
[2025-05-04T23:33:50.562+0300] {logging_mixin.py:188} INFO - [2025-05-04T23:33:50.561+0300] {dagbag.py:540} INFO - Filling up the DagBag from /Users/admin/anaconda3/lib/python3.11/site-packages/airflow/example_dags/example_dynamic_task_mapping_with_no_taskflow_operators.py
[2025-05-04T23:33:50.567+0300] {processor.py:840} INFO - DAG(s) 'example_dynamic_task_mapping_with_no_taskflow_operators' retrieved from /Users/admin/anaconda3/lib/python3.11/site-packages/airflow/example_dags/example_dynamic_task_mapping_with_no_taskflow_operators.py
[2025-05-04T23:33:50.628+0300] {logging_mixin.py:188} INFO - [2025-05-04T23:33:50.628+0300] {dag.py:3047} INFO - Sync 1 DAGs
[2025-05-04T23:33:50.637+0300] {logging_mixin.py:188} INFO - [2025-05-04T23:33:50.637+0300] {dag.py:3834} INFO - Setting next_dagrun for example_dynamic_task_mapping_with_no_taskflow_operators to 2025-05-03 00:00:00+00:00, run_after=2025-05-04 00:00:00+00:00
[2025-05-04T23:33:50.647+0300] {processor.py:183} INFO - Processing /Users/admin/anaconda3/lib/python3.11/site-packages/airflow/example_dags/example_dynamic_task_mapping_with_no_taskflow_operators.py took 0.087 seconds
[2025-05-04T23:36:55.833+0300] {processor.py:161} INFO - Started process (PID=24255) to work on /Users/admin/anaconda3/lib/python3.11/site-packages/airflow/example_dags/example_dynamic_task_mapping_with_no_taskflow_operators.py
[2025-05-04T23:36:55.834+0300] {processor.py:830} INFO - Processing file /Users/admin/anaconda3/lib/python3.11/site-packages/airflow/example_dags/example_dynamic_task_mapping_with_no_taskflow_operators.py for tasks to queue
[2025-05-04T23:36:55.835+0300] {logging_mixin.py:188} INFO - [2025-05-04T23:36:55.835+0300] {dagbag.py:540} INFO - Filling up the DagBag from /Users/admin/anaconda3/lib/python3.11/site-packages/airflow/example_dags/example_dynamic_task_mapping_with_no_taskflow_operators.py
[2025-05-04T23:36:55.839+0300] {processor.py:840} INFO - DAG(s) 'example_dynamic_task_mapping_with_no_taskflow_operators' retrieved from /Users/admin/anaconda3/lib/python3.11/site-packages/airflow/example_dags/example_dynamic_task_mapping_with_no_taskflow_operators.py
[2025-05-04T23:36:55.900+0300] {logging_mixin.py:188} INFO - [2025-05-04T23:36:55.899+0300] {dag.py:3047} INFO - Sync 1 DAGs
[2025-05-04T23:36:55.909+0300] {logging_mixin.py:188} INFO - [2025-05-04T23:36:55.909+0300] {dag.py:3834} INFO - Setting next_dagrun for example_dynamic_task_mapping_with_no_taskflow_operators to 2025-05-03 00:00:00+00:00, run_after=2025-05-04 00:00:00+00:00
[2025-05-04T23:36:55.919+0300] {processor.py:183} INFO - Processing /Users/admin/anaconda3/lib/python3.11/site-packages/airflow/example_dags/example_dynamic_task_mapping_with_no_taskflow_operators.py took 0.087 seconds
[2025-05-04T23:40:00.060+0300] {processor.py:161} INFO - Started process (PID=25150) to work on /Users/admin/anaconda3/lib/python3.11/site-packages/airflow/example_dags/example_dynamic_task_mapping_with_no_taskflow_operators.py
[2025-05-04T23:40:00.062+0300] {processor.py:830} INFO - Processing file /Users/admin/anaconda3/lib/python3.11/site-packages/airflow/example_dags/example_dynamic_task_mapping_with_no_taskflow_operators.py for tasks to queue
[2025-05-04T23:40:00.062+0300] {logging_mixin.py:188} INFO - [2025-05-04T23:40:00.062+0300] {dagbag.py:540} INFO - Filling up the DagBag from /Users/admin/anaconda3/lib/python3.11/site-packages/airflow/example_dags/example_dynamic_task_mapping_with_no_taskflow_operators.py
[2025-05-04T23:40:00.067+0300] {processor.py:840} INFO - DAG(s) 'example_dynamic_task_mapping_with_no_taskflow_operators' retrieved from /Users/admin/anaconda3/lib/python3.11/site-packages/airflow/example_dags/example_dynamic_task_mapping_with_no_taskflow_operators.py
[2025-05-04T23:40:00.128+0300] {logging_mixin.py:188} INFO - [2025-05-04T23:40:00.128+0300] {dag.py:3047} INFO - Sync 1 DAGs
[2025-05-04T23:40:00.137+0300] {logging_mixin.py:188} INFO - [2025-05-04T23:40:00.137+0300] {dag.py:3834} INFO - Setting next_dagrun for example_dynamic_task_mapping_with_no_taskflow_operators to 2025-05-03 00:00:00+00:00, run_after=2025-05-04 00:00:00+00:00
[2025-05-04T23:40:00.147+0300] {processor.py:183} INFO - Processing /Users/admin/anaconda3/lib/python3.11/site-packages/airflow/example_dags/example_dynamic_task_mapping_with_no_taskflow_operators.py took 0.088 seconds
[2025-05-04T23:43:30.385+0300] {processor.py:161} INFO - Started process (PID=26106) to work on /Users/admin/anaconda3/lib/python3.11/site-packages/airflow/example_dags/example_dynamic_task_mapping_with_no_taskflow_operators.py
[2025-05-04T23:43:30.386+0300] {processor.py:830} INFO - Processing file /Users/admin/anaconda3/lib/python3.11/site-packages/airflow/example_dags/example_dynamic_task_mapping_with_no_taskflow_operators.py for tasks to queue
[2025-05-04T23:43:30.386+0300] {logging_mixin.py:188} INFO - [2025-05-04T23:43:30.386+0300] {dagbag.py:540} INFO - Filling up the DagBag from /Users/admin/anaconda3/lib/python3.11/site-packages/airflow/example_dags/example_dynamic_task_mapping_with_no_taskflow_operators.py
[2025-05-04T23:43:30.392+0300] {processor.py:840} INFO - DAG(s) 'example_dynamic_task_mapping_with_no_taskflow_operators' retrieved from /Users/admin/anaconda3/lib/python3.11/site-packages/airflow/example_dags/example_dynamic_task_mapping_with_no_taskflow_operators.py
[2025-05-04T23:43:30.453+0300] {logging_mixin.py:188} INFO - [2025-05-04T23:43:30.453+0300] {dag.py:3047} INFO - Sync 1 DAGs
[2025-05-04T23:43:30.462+0300] {logging_mixin.py:188} INFO - [2025-05-04T23:43:30.462+0300] {dag.py:3834} INFO - Setting next_dagrun for example_dynamic_task_mapping_with_no_taskflow_operators to 2025-05-03 00:00:00+00:00, run_after=2025-05-04 00:00:00+00:00
[2025-05-04T23:43:30.472+0300] {processor.py:183} INFO - Processing /Users/admin/anaconda3/lib/python3.11/site-packages/airflow/example_dags/example_dynamic_task_mapping_with_no_taskflow_operators.py took 0.088 seconds
[2025-05-04T23:45:34.152+0300] {processor.py:161} INFO - Started process (PID=26686) to work on /Users/admin/anaconda3/lib/python3.11/site-packages/airflow/example_dags/example_dynamic_task_mapping_with_no_taskflow_operators.py
[2025-05-04T23:45:34.153+0300] {processor.py:830} INFO - Processing file /Users/admin/anaconda3/lib/python3.11/site-packages/airflow/example_dags/example_dynamic_task_mapping_with_no_taskflow_operators.py for tasks to queue
[2025-05-04T23:45:34.154+0300] {logging_mixin.py:188} INFO - [2025-05-04T23:45:34.154+0300] {dagbag.py:540} INFO - Filling up the DagBag from /Users/admin/anaconda3/lib/python3.11/site-packages/airflow/example_dags/example_dynamic_task_mapping_with_no_taskflow_operators.py
[2025-05-04T23:45:34.159+0300] {processor.py:840} INFO - DAG(s) 'example_dynamic_task_mapping_with_no_taskflow_operators' retrieved from /Users/admin/anaconda3/lib/python3.11/site-packages/airflow/example_dags/example_dynamic_task_mapping_with_no_taskflow_operators.py
[2025-05-04T23:45:34.220+0300] {logging_mixin.py:188} INFO - [2025-05-04T23:45:34.220+0300] {dag.py:3047} INFO - Sync 1 DAGs
[2025-05-04T23:45:34.229+0300] {logging_mixin.py:188} INFO - [2025-05-04T23:45:34.229+0300] {dag.py:3834} INFO - Setting next_dagrun for example_dynamic_task_mapping_with_no_taskflow_operators to 2025-05-03 00:00:00+00:00, run_after=2025-05-04 00:00:00+00:00
[2025-05-04T23:45:34.239+0300] {processor.py:183} INFO - Processing /Users/admin/anaconda3/lib/python3.11/site-packages/airflow/example_dags/example_dynamic_task_mapping_with_no_taskflow_operators.py took 0.088 seconds
[2025-05-04T23:48:31.606+0300] {processor.py:161} INFO - Started process (PID=27518) to work on /Users/admin/anaconda3/lib/python3.11/site-packages/airflow/example_dags/example_dynamic_task_mapping_with_no_taskflow_operators.py
[2025-05-04T23:48:31.608+0300] {processor.py:830} INFO - Processing file /Users/admin/anaconda3/lib/python3.11/site-packages/airflow/example_dags/example_dynamic_task_mapping_with_no_taskflow_operators.py for tasks to queue
[2025-05-04T23:48:31.608+0300] {logging_mixin.py:188} INFO - [2025-05-04T23:48:31.608+0300] {dagbag.py:540} INFO - Filling up the DagBag from /Users/admin/anaconda3/lib/python3.11/site-packages/airflow/example_dags/example_dynamic_task_mapping_with_no_taskflow_operators.py
[2025-05-04T23:48:31.613+0300] {processor.py:840} INFO - DAG(s) 'example_dynamic_task_mapping_with_no_taskflow_operators' retrieved from /Users/admin/anaconda3/lib/python3.11/site-packages/airflow/example_dags/example_dynamic_task_mapping_with_no_taskflow_operators.py
[2025-05-04T23:48:31.677+0300] {logging_mixin.py:188} INFO - [2025-05-04T23:48:31.676+0300] {dag.py:3047} INFO - Sync 1 DAGs
[2025-05-04T23:48:31.686+0300] {logging_mixin.py:188} INFO - [2025-05-04T23:48:31.686+0300] {dag.py:3834} INFO - Setting next_dagrun for example_dynamic_task_mapping_with_no_taskflow_operators to 2025-05-03 00:00:00+00:00, run_after=2025-05-04 00:00:00+00:00
[2025-05-04T23:48:31.696+0300] {processor.py:183} INFO - Processing /Users/admin/anaconda3/lib/python3.11/site-packages/airflow/example_dags/example_dynamic_task_mapping_with_no_taskflow_operators.py took 0.090 seconds
[2025-05-04T23:51:31.519+0300] {processor.py:161} INFO - Started process (PID=28359) to work on /Users/admin/anaconda3/lib/python3.11/site-packages/airflow/example_dags/example_dynamic_task_mapping_with_no_taskflow_operators.py
[2025-05-04T23:51:31.520+0300] {processor.py:830} INFO - Processing file /Users/admin/anaconda3/lib/python3.11/site-packages/airflow/example_dags/example_dynamic_task_mapping_with_no_taskflow_operators.py for tasks to queue
[2025-05-04T23:51:31.520+0300] {logging_mixin.py:188} INFO - [2025-05-04T23:51:31.520+0300] {dagbag.py:540} INFO - Filling up the DagBag from /Users/admin/anaconda3/lib/python3.11/site-packages/airflow/example_dags/example_dynamic_task_mapping_with_no_taskflow_operators.py
[2025-05-04T23:51:31.525+0300] {processor.py:840} INFO - DAG(s) 'example_dynamic_task_mapping_with_no_taskflow_operators' retrieved from /Users/admin/anaconda3/lib/python3.11/site-packages/airflow/example_dags/example_dynamic_task_mapping_with_no_taskflow_operators.py
[2025-05-04T23:51:31.586+0300] {logging_mixin.py:188} INFO - [2025-05-04T23:51:31.586+0300] {dag.py:3047} INFO - Sync 1 DAGs
[2025-05-04T23:51:31.595+0300] {logging_mixin.py:188} INFO - [2025-05-04T23:51:31.595+0300] {dag.py:3834} INFO - Setting next_dagrun for example_dynamic_task_mapping_with_no_taskflow_operators to 2025-05-03 00:00:00+00:00, run_after=2025-05-04 00:00:00+00:00
[2025-05-04T23:51:31.606+0300] {processor.py:183} INFO - Processing /Users/admin/anaconda3/lib/python3.11/site-packages/airflow/example_dags/example_dynamic_task_mapping_with_no_taskflow_operators.py took 0.088 seconds
[2025-05-04T23:59:09.210+0300] {processor.py:161} INFO - Started process (PID=29293) to work on /Users/admin/anaconda3/lib/python3.11/site-packages/airflow/example_dags/example_dynamic_task_mapping_with_no_taskflow_operators.py
[2025-05-04T23:59:09.211+0300] {processor.py:830} INFO - Processing file /Users/admin/anaconda3/lib/python3.11/site-packages/airflow/example_dags/example_dynamic_task_mapping_with_no_taskflow_operators.py for tasks to queue
[2025-05-04T23:59:09.211+0300] {logging_mixin.py:188} INFO - [2025-05-04T23:59:09.211+0300] {dagbag.py:540} INFO - Filling up the DagBag from /Users/admin/anaconda3/lib/python3.11/site-packages/airflow/example_dags/example_dynamic_task_mapping_with_no_taskflow_operators.py
[2025-05-04T23:59:09.216+0300] {processor.py:840} INFO - DAG(s) 'example_dynamic_task_mapping_with_no_taskflow_operators' retrieved from /Users/admin/anaconda3/lib/python3.11/site-packages/airflow/example_dags/example_dynamic_task_mapping_with_no_taskflow_operators.py
[2025-05-04T23:59:09.277+0300] {logging_mixin.py:188} INFO - [2025-05-04T23:59:09.276+0300] {dag.py:3047} INFO - Sync 1 DAGs
[2025-05-04T23:59:09.286+0300] {logging_mixin.py:188} INFO - [2025-05-04T23:59:09.286+0300] {dag.py:3834} INFO - Setting next_dagrun for example_dynamic_task_mapping_with_no_taskflow_operators to 2025-05-03 00:00:00+00:00, run_after=2025-05-04 00:00:00+00:00
[2025-05-04T23:59:09.296+0300] {processor.py:183} INFO - Processing /Users/admin/anaconda3/lib/python3.11/site-packages/airflow/example_dags/example_dynamic_task_mapping_with_no_taskflow_operators.py took 0.087 seconds
