[2025-05-04T22:11:58.721+0300] {processor.py:161} INFO - Started process (PID=14406) to work on /Users/admin/anaconda3/lib/python3.11/site-packages/airflow/example_dags/example_datasets.py
[2025-05-04T22:11:58.722+0300] {processor.py:830} INFO - Processing file /Users/admin/anaconda3/lib/python3.11/site-packages/airflow/example_dags/example_datasets.py for tasks to queue
[2025-05-04T22:11:58.723+0300] {logging_mixin.py:188} INFO - [2025-05-04T22:11:58.722+0300] {dagbag.py:540} INFO - Filling up the DagBag from /Users/admin/anaconda3/lib/python3.11/site-packages/airflow/example_dags/example_datasets.py
[2025-05-04T22:11:58.731+0300] {processor.py:840} INFO - DAG(s) 'dataset_produces_2', 'dataset_produces_1', 'dataset_consumes_unknown_never_scheduled', 'dataset_consumes_1_never_scheduled', 'dataset_consumes_1_and_2', 'dataset_consumes_1' retrieved from /Users/admin/anaconda3/lib/python3.11/site-packages/airflow/example_dags/example_datasets.py
[2025-05-04T22:11:58.866+0300] {logging_mixin.py:188} INFO - [2025-05-04T22:11:58.866+0300] {dag.py:3047} INFO - Sync 6 DAGs
[2025-05-04T22:11:58.877+0300] {logging_mixin.py:188} INFO - [2025-05-04T22:11:58.877+0300] {dag.py:3834} INFO - Setting next_dagrun for dataset_consumes_1 to None, run_after=None
[2025-05-04T22:11:58.879+0300] {logging_mixin.py:188} INFO - [2025-05-04T22:11:58.879+0300] {dag.py:3834} INFO - Setting next_dagrun for dataset_consumes_1_and_2 to None, run_after=None
[2025-05-04T22:11:58.880+0300] {logging_mixin.py:188} INFO - [2025-05-04T22:11:58.880+0300] {dag.py:3834} INFO - Setting next_dagrun for dataset_consumes_1_never_scheduled to None, run_after=None
[2025-05-04T22:11:58.880+0300] {logging_mixin.py:188} INFO - [2025-05-04T22:11:58.880+0300] {dag.py:3834} INFO - Setting next_dagrun for dataset_consumes_unknown_never_scheduled to None, run_after=None
[2025-05-04T22:11:58.882+0300] {logging_mixin.py:188} INFO - [2025-05-04T22:11:58.881+0300] {dag.py:3834} INFO - Setting next_dagrun for dataset_produces_1 to 2025-05-03 00:00:00+00:00, run_after=2025-05-04 00:00:00+00:00
[2025-05-04T22:11:58.882+0300] {logging_mixin.py:188} INFO - [2025-05-04T22:11:58.882+0300] {dag.py:3834} INFO - Setting next_dagrun for dataset_produces_2 to None, run_after=None
[2025-05-04T22:11:58.899+0300] {processor.py:183} INFO - Processing /Users/admin/anaconda3/lib/python3.11/site-packages/airflow/example_dags/example_datasets.py took 0.178 seconds
[2025-05-04T22:14:43.418+0300] {processor.py:161} INFO - Started process (PID=15187) to work on /Users/admin/anaconda3/lib/python3.11/site-packages/airflow/example_dags/example_datasets.py
[2025-05-04T22:14:43.419+0300] {processor.py:830} INFO - Processing file /Users/admin/anaconda3/lib/python3.11/site-packages/airflow/example_dags/example_datasets.py for tasks to queue
[2025-05-04T22:14:43.419+0300] {logging_mixin.py:188} INFO - [2025-05-04T22:14:43.419+0300] {dagbag.py:540} INFO - Filling up the DagBag from /Users/admin/anaconda3/lib/python3.11/site-packages/airflow/example_dags/example_datasets.py
[2025-05-04T22:14:43.426+0300] {processor.py:840} INFO - DAG(s) 'dataset_produces_2', 'dataset_consumes_unknown_never_scheduled', 'dataset_consumes_1_and_2', 'dataset_consumes_1_never_scheduled', 'dataset_produces_1', 'dataset_consumes_1' retrieved from /Users/admin/anaconda3/lib/python3.11/site-packages/airflow/example_dags/example_datasets.py
[2025-05-04T22:14:43.493+0300] {logging_mixin.py:188} INFO - [2025-05-04T22:14:43.493+0300] {dag.py:3047} INFO - Sync 6 DAGs
[2025-05-04T22:14:43.503+0300] {logging_mixin.py:188} INFO - [2025-05-04T22:14:43.503+0300] {dag.py:3834} INFO - Setting next_dagrun for dataset_consumes_1 to None, run_after=None
[2025-05-04T22:14:43.505+0300] {logging_mixin.py:188} INFO - [2025-05-04T22:14:43.505+0300] {dag.py:3834} INFO - Setting next_dagrun for dataset_consumes_1_and_2 to None, run_after=None
[2025-05-04T22:14:43.505+0300] {logging_mixin.py:188} INFO - [2025-05-04T22:14:43.505+0300] {dag.py:3834} INFO - Setting next_dagrun for dataset_consumes_1_never_scheduled to None, run_after=None
[2025-05-04T22:14:43.506+0300] {logging_mixin.py:188} INFO - [2025-05-04T22:14:43.506+0300] {dag.py:3834} INFO - Setting next_dagrun for dataset_consumes_unknown_never_scheduled to None, run_after=None
[2025-05-04T22:14:43.507+0300] {logging_mixin.py:188} INFO - [2025-05-04T22:14:43.507+0300] {dag.py:3834} INFO - Setting next_dagrun for dataset_produces_1 to 2025-05-03 00:00:00+00:00, run_after=2025-05-04 00:00:00+00:00
[2025-05-04T22:14:43.508+0300] {logging_mixin.py:188} INFO - [2025-05-04T22:14:43.508+0300] {dag.py:3834} INFO - Setting next_dagrun for dataset_produces_2 to None, run_after=None
[2025-05-04T22:14:43.522+0300] {processor.py:183} INFO - Processing /Users/admin/anaconda3/lib/python3.11/site-packages/airflow/example_dags/example_datasets.py took 0.105 seconds
[2025-05-04T22:17:31.066+0300] {processor.py:161} INFO - Started process (PID=15987) to work on /Users/admin/anaconda3/lib/python3.11/site-packages/airflow/example_dags/example_datasets.py
[2025-05-04T22:17:31.067+0300] {processor.py:830} INFO - Processing file /Users/admin/anaconda3/lib/python3.11/site-packages/airflow/example_dags/example_datasets.py for tasks to queue
[2025-05-04T22:17:31.067+0300] {logging_mixin.py:188} INFO - [2025-05-04T22:17:31.067+0300] {dagbag.py:540} INFO - Filling up the DagBag from /Users/admin/anaconda3/lib/python3.11/site-packages/airflow/example_dags/example_datasets.py
[2025-05-04T22:17:31.075+0300] {processor.py:840} INFO - DAG(s) 'dataset_consumes_1_never_scheduled', 'dataset_produces_1', 'dataset_produces_2', 'dataset_consumes_unknown_never_scheduled', 'dataset_consumes_1_and_2', 'dataset_consumes_1' retrieved from /Users/admin/anaconda3/lib/python3.11/site-packages/airflow/example_dags/example_datasets.py
[2025-05-04T22:17:31.141+0300] {logging_mixin.py:188} INFO - [2025-05-04T22:17:31.141+0300] {dag.py:3047} INFO - Sync 6 DAGs
[2025-05-04T22:17:31.150+0300] {logging_mixin.py:188} INFO - [2025-05-04T22:17:31.150+0300] {dag.py:3834} INFO - Setting next_dagrun for dataset_consumes_1 to None, run_after=None
[2025-05-04T22:17:31.152+0300] {logging_mixin.py:188} INFO - [2025-05-04T22:17:31.152+0300] {dag.py:3834} INFO - Setting next_dagrun for dataset_consumes_1_and_2 to None, run_after=None
[2025-05-04T22:17:31.153+0300] {logging_mixin.py:188} INFO - [2025-05-04T22:17:31.153+0300] {dag.py:3834} INFO - Setting next_dagrun for dataset_consumes_1_never_scheduled to None, run_after=None
[2025-05-04T22:17:31.153+0300] {logging_mixin.py:188} INFO - [2025-05-04T22:17:31.153+0300] {dag.py:3834} INFO - Setting next_dagrun for dataset_consumes_unknown_never_scheduled to None, run_after=None
[2025-05-04T22:17:31.154+0300] {logging_mixin.py:188} INFO - [2025-05-04T22:17:31.154+0300] {dag.py:3834} INFO - Setting next_dagrun for dataset_produces_1 to 2025-05-03 00:00:00+00:00, run_after=2025-05-04 00:00:00+00:00
[2025-05-04T22:17:31.155+0300] {logging_mixin.py:188} INFO - [2025-05-04T22:17:31.155+0300] {dag.py:3834} INFO - Setting next_dagrun for dataset_produces_2 to None, run_after=None
[2025-05-04T22:17:31.168+0300] {processor.py:183} INFO - Processing /Users/admin/anaconda3/lib/python3.11/site-packages/airflow/example_dags/example_datasets.py took 0.103 seconds
[2025-05-04T22:27:10.270+0300] {processor.py:161} INFO - Started process (PID=16830) to work on /Users/admin/anaconda3/lib/python3.11/site-packages/airflow/example_dags/example_datasets.py
[2025-05-04T22:27:10.271+0300] {processor.py:830} INFO - Processing file /Users/admin/anaconda3/lib/python3.11/site-packages/airflow/example_dags/example_datasets.py for tasks to queue
[2025-05-04T22:27:10.272+0300] {logging_mixin.py:188} INFO - [2025-05-04T22:27:10.272+0300] {dagbag.py:540} INFO - Filling up the DagBag from /Users/admin/anaconda3/lib/python3.11/site-packages/airflow/example_dags/example_datasets.py
[2025-05-04T22:27:10.279+0300] {processor.py:840} INFO - DAG(s) 'dataset_produces_2', 'dataset_consumes_1_and_2', 'dataset_produces_1', 'dataset_consumes_1_never_scheduled', 'dataset_consumes_1', 'dataset_consumes_unknown_never_scheduled' retrieved from /Users/admin/anaconda3/lib/python3.11/site-packages/airflow/example_dags/example_datasets.py
[2025-05-04T22:27:10.346+0300] {logging_mixin.py:188} INFO - [2025-05-04T22:27:10.346+0300] {dag.py:3047} INFO - Sync 6 DAGs
[2025-05-04T22:27:10.356+0300] {logging_mixin.py:188} INFO - [2025-05-04T22:27:10.356+0300] {dag.py:3834} INFO - Setting next_dagrun for dataset_consumes_1 to None, run_after=None
[2025-05-04T22:27:10.358+0300] {logging_mixin.py:188} INFO - [2025-05-04T22:27:10.358+0300] {dag.py:3834} INFO - Setting next_dagrun for dataset_consumes_1_and_2 to None, run_after=None
[2025-05-04T22:27:10.358+0300] {logging_mixin.py:188} INFO - [2025-05-04T22:27:10.358+0300] {dag.py:3834} INFO - Setting next_dagrun for dataset_consumes_1_never_scheduled to None, run_after=None
[2025-05-04T22:27:10.359+0300] {logging_mixin.py:188} INFO - [2025-05-04T22:27:10.359+0300] {dag.py:3834} INFO - Setting next_dagrun for dataset_consumes_unknown_never_scheduled to None, run_after=None
[2025-05-04T22:27:10.360+0300] {logging_mixin.py:188} INFO - [2025-05-04T22:27:10.360+0300] {dag.py:3834} INFO - Setting next_dagrun for dataset_produces_1 to 2025-05-03 00:00:00+00:00, run_after=2025-05-04 00:00:00+00:00
[2025-05-04T22:27:10.361+0300] {logging_mixin.py:188} INFO - [2025-05-04T22:27:10.361+0300] {dag.py:3834} INFO - Setting next_dagrun for dataset_produces_2 to None, run_after=None
[2025-05-04T22:27:10.374+0300] {processor.py:183} INFO - Processing /Users/admin/anaconda3/lib/python3.11/site-packages/airflow/example_dags/example_datasets.py took 0.105 seconds
[2025-05-04T22:29:55.473+0300] {processor.py:161} INFO - Started process (PID=17596) to work on /Users/admin/anaconda3/lib/python3.11/site-packages/airflow/example_dags/example_datasets.py
[2025-05-04T22:29:55.474+0300] {processor.py:830} INFO - Processing file /Users/admin/anaconda3/lib/python3.11/site-packages/airflow/example_dags/example_datasets.py for tasks to queue
[2025-05-04T22:29:55.474+0300] {logging_mixin.py:188} INFO - [2025-05-04T22:29:55.474+0300] {dagbag.py:540} INFO - Filling up the DagBag from /Users/admin/anaconda3/lib/python3.11/site-packages/airflow/example_dags/example_datasets.py
[2025-05-04T22:29:55.481+0300] {processor.py:840} INFO - DAG(s) 'dataset_produces_2', 'dataset_consumes_1_never_scheduled', 'dataset_consumes_unknown_never_scheduled', 'dataset_produces_1', 'dataset_consumes_1_and_2', 'dataset_consumes_1' retrieved from /Users/admin/anaconda3/lib/python3.11/site-packages/airflow/example_dags/example_datasets.py
[2025-05-04T22:29:55.548+0300] {logging_mixin.py:188} INFO - [2025-05-04T22:29:55.548+0300] {dag.py:3047} INFO - Sync 6 DAGs
[2025-05-04T22:29:55.558+0300] {logging_mixin.py:188} INFO - [2025-05-04T22:29:55.558+0300] {dag.py:3834} INFO - Setting next_dagrun for dataset_consumes_1 to None, run_after=None
[2025-05-04T22:29:55.560+0300] {logging_mixin.py:188} INFO - [2025-05-04T22:29:55.560+0300] {dag.py:3834} INFO - Setting next_dagrun for dataset_consumes_1_and_2 to None, run_after=None
[2025-05-04T22:29:55.561+0300] {logging_mixin.py:188} INFO - [2025-05-04T22:29:55.560+0300] {dag.py:3834} INFO - Setting next_dagrun for dataset_consumes_1_never_scheduled to None, run_after=None
[2025-05-04T22:29:55.561+0300] {logging_mixin.py:188} INFO - [2025-05-04T22:29:55.561+0300] {dag.py:3834} INFO - Setting next_dagrun for dataset_consumes_unknown_never_scheduled to None, run_after=None
[2025-05-04T22:29:55.562+0300] {logging_mixin.py:188} INFO - [2025-05-04T22:29:55.562+0300] {dag.py:3834} INFO - Setting next_dagrun for dataset_produces_1 to 2025-05-03 00:00:00+00:00, run_after=2025-05-04 00:00:00+00:00
[2025-05-04T22:29:55.563+0300] {logging_mixin.py:188} INFO - [2025-05-04T22:29:55.563+0300] {dag.py:3834} INFO - Setting next_dagrun for dataset_produces_2 to None, run_after=None
[2025-05-04T22:29:55.576+0300] {processor.py:183} INFO - Processing /Users/admin/anaconda3/lib/python3.11/site-packages/airflow/example_dags/example_datasets.py took 0.104 seconds
[2025-05-04T23:16:33.363+0300] {processor.py:161} INFO - Started process (PID=18481) to work on /Users/admin/anaconda3/lib/python3.11/site-packages/airflow/example_dags/example_datasets.py
[2025-05-04T23:16:33.365+0300] {processor.py:830} INFO - Processing file /Users/admin/anaconda3/lib/python3.11/site-packages/airflow/example_dags/example_datasets.py for tasks to queue
[2025-05-04T23:16:33.365+0300] {logging_mixin.py:188} INFO - [2025-05-04T23:16:33.365+0300] {dagbag.py:540} INFO - Filling up the DagBag from /Users/admin/anaconda3/lib/python3.11/site-packages/airflow/example_dags/example_datasets.py
[2025-05-04T23:16:33.373+0300] {processor.py:840} INFO - DAG(s) 'dataset_consumes_1', 'dataset_produces_2', 'dataset_consumes_1_never_scheduled', 'dataset_consumes_unknown_never_scheduled', 'dataset_consumes_1_and_2', 'dataset_produces_1' retrieved from /Users/admin/anaconda3/lib/python3.11/site-packages/airflow/example_dags/example_datasets.py
[2025-05-04T23:16:33.440+0300] {logging_mixin.py:188} INFO - [2025-05-04T23:16:33.439+0300] {dag.py:3047} INFO - Sync 6 DAGs
[2025-05-04T23:16:33.451+0300] {logging_mixin.py:188} INFO - [2025-05-04T23:16:33.451+0300] {dag.py:3834} INFO - Setting next_dagrun for dataset_consumes_1 to None, run_after=None
[2025-05-04T23:16:33.454+0300] {logging_mixin.py:188} INFO - [2025-05-04T23:16:33.454+0300] {dag.py:3834} INFO - Setting next_dagrun for dataset_consumes_1_and_2 to None, run_after=None
[2025-05-04T23:16:33.454+0300] {logging_mixin.py:188} INFO - [2025-05-04T23:16:33.454+0300] {dag.py:3834} INFO - Setting next_dagrun for dataset_consumes_1_never_scheduled to None, run_after=None
[2025-05-04T23:16:33.456+0300] {logging_mixin.py:188} INFO - [2025-05-04T23:16:33.455+0300] {dag.py:3834} INFO - Setting next_dagrun for dataset_consumes_unknown_never_scheduled to None, run_after=None
[2025-05-04T23:16:33.457+0300] {logging_mixin.py:188} INFO - [2025-05-04T23:16:33.457+0300] {dag.py:3834} INFO - Setting next_dagrun for dataset_produces_1 to 2025-05-03 00:00:00+00:00, run_after=2025-05-04 00:00:00+00:00
[2025-05-04T23:16:33.458+0300] {logging_mixin.py:188} INFO - [2025-05-04T23:16:33.458+0300] {dag.py:3834} INFO - Setting next_dagrun for dataset_produces_2 to None, run_after=None
[2025-05-04T23:16:33.472+0300] {processor.py:183} INFO - Processing /Users/admin/anaconda3/lib/python3.11/site-packages/airflow/example_dags/example_datasets.py took 0.109 seconds
[2025-05-04T23:19:20.252+0300] {processor.py:161} INFO - Started process (PID=19269) to work on /Users/admin/anaconda3/lib/python3.11/site-packages/airflow/example_dags/example_datasets.py
[2025-05-04T23:19:20.253+0300] {processor.py:830} INFO - Processing file /Users/admin/anaconda3/lib/python3.11/site-packages/airflow/example_dags/example_datasets.py for tasks to queue
[2025-05-04T23:19:20.253+0300] {logging_mixin.py:188} INFO - [2025-05-04T23:19:20.253+0300] {dagbag.py:540} INFO - Filling up the DagBag from /Users/admin/anaconda3/lib/python3.11/site-packages/airflow/example_dags/example_datasets.py
[2025-05-04T23:19:20.261+0300] {processor.py:840} INFO - DAG(s) 'dataset_produces_1', 'dataset_consumes_unknown_never_scheduled', 'dataset_consumes_1_never_scheduled', 'dataset_produces_2', 'dataset_consumes_1', 'dataset_consumes_1_and_2' retrieved from /Users/admin/anaconda3/lib/python3.11/site-packages/airflow/example_dags/example_datasets.py
[2025-05-04T23:19:20.328+0300] {logging_mixin.py:188} INFO - [2025-05-04T23:19:20.328+0300] {dag.py:3047} INFO - Sync 6 DAGs
[2025-05-04T23:19:20.338+0300] {logging_mixin.py:188} INFO - [2025-05-04T23:19:20.337+0300] {dag.py:3834} INFO - Setting next_dagrun for dataset_consumes_1 to None, run_after=None
[2025-05-04T23:19:20.339+0300] {logging_mixin.py:188} INFO - [2025-05-04T23:19:20.339+0300] {dag.py:3834} INFO - Setting next_dagrun for dataset_consumes_1_and_2 to None, run_after=None
[2025-05-04T23:19:20.340+0300] {logging_mixin.py:188} INFO - [2025-05-04T23:19:20.340+0300] {dag.py:3834} INFO - Setting next_dagrun for dataset_consumes_1_never_scheduled to None, run_after=None
[2025-05-04T23:19:20.340+0300] {logging_mixin.py:188} INFO - [2025-05-04T23:19:20.340+0300] {dag.py:3834} INFO - Setting next_dagrun for dataset_consumes_unknown_never_scheduled to None, run_after=None
[2025-05-04T23:19:20.342+0300] {logging_mixin.py:188} INFO - [2025-05-04T23:19:20.342+0300] {dag.py:3834} INFO - Setting next_dagrun for dataset_produces_1 to 2025-05-03 00:00:00+00:00, run_after=2025-05-04 00:00:00+00:00
[2025-05-04T23:19:20.342+0300] {logging_mixin.py:188} INFO - [2025-05-04T23:19:20.342+0300] {dag.py:3834} INFO - Setting next_dagrun for dataset_produces_2 to None, run_after=None
[2025-05-04T23:19:20.356+0300] {processor.py:183} INFO - Processing /Users/admin/anaconda3/lib/python3.11/site-packages/airflow/example_dags/example_datasets.py took 0.105 seconds
[2025-05-04T23:22:12.852+0300] {processor.py:161} INFO - Started process (PID=20079) to work on /Users/admin/anaconda3/lib/python3.11/site-packages/airflow/example_dags/example_datasets.py
[2025-05-04T23:22:12.854+0300] {processor.py:830} INFO - Processing file /Users/admin/anaconda3/lib/python3.11/site-packages/airflow/example_dags/example_datasets.py for tasks to queue
[2025-05-04T23:22:12.854+0300] {logging_mixin.py:188} INFO - [2025-05-04T23:22:12.854+0300] {dagbag.py:540} INFO - Filling up the DagBag from /Users/admin/anaconda3/lib/python3.11/site-packages/airflow/example_dags/example_datasets.py
[2025-05-04T23:22:12.862+0300] {processor.py:840} INFO - DAG(s) 'dataset_consumes_1_never_scheduled', 'dataset_consumes_1', 'dataset_consumes_1_and_2', 'dataset_produces_2', 'dataset_consumes_unknown_never_scheduled', 'dataset_produces_1' retrieved from /Users/admin/anaconda3/lib/python3.11/site-packages/airflow/example_dags/example_datasets.py
[2025-05-04T23:22:12.930+0300] {logging_mixin.py:188} INFO - [2025-05-04T23:22:12.929+0300] {dag.py:3047} INFO - Sync 6 DAGs
[2025-05-04T23:22:12.939+0300] {logging_mixin.py:188} INFO - [2025-05-04T23:22:12.939+0300] {dag.py:3834} INFO - Setting next_dagrun for dataset_consumes_1 to None, run_after=None
[2025-05-04T23:22:12.941+0300] {logging_mixin.py:188} INFO - [2025-05-04T23:22:12.941+0300] {dag.py:3834} INFO - Setting next_dagrun for dataset_consumes_1_and_2 to None, run_after=None
[2025-05-04T23:22:12.942+0300] {logging_mixin.py:188} INFO - [2025-05-04T23:22:12.941+0300] {dag.py:3834} INFO - Setting next_dagrun for dataset_consumes_1_never_scheduled to None, run_after=None
[2025-05-04T23:22:12.942+0300] {logging_mixin.py:188} INFO - [2025-05-04T23:22:12.942+0300] {dag.py:3834} INFO - Setting next_dagrun for dataset_consumes_unknown_never_scheduled to None, run_after=None
[2025-05-04T23:22:12.943+0300] {logging_mixin.py:188} INFO - [2025-05-04T23:22:12.943+0300] {dag.py:3834} INFO - Setting next_dagrun for dataset_produces_1 to 2025-05-03 00:00:00+00:00, run_after=2025-05-04 00:00:00+00:00
[2025-05-04T23:22:12.944+0300] {logging_mixin.py:188} INFO - [2025-05-04T23:22:12.944+0300] {dag.py:3834} INFO - Setting next_dagrun for dataset_produces_2 to None, run_after=None
[2025-05-04T23:22:12.957+0300] {processor.py:183} INFO - Processing /Users/admin/anaconda3/lib/python3.11/site-packages/airflow/example_dags/example_datasets.py took 0.105 seconds
[2025-05-04T23:25:06.185+0300] {processor.py:161} INFO - Started process (PID=20887) to work on /Users/admin/anaconda3/lib/python3.11/site-packages/airflow/example_dags/example_datasets.py
[2025-05-04T23:25:06.186+0300] {processor.py:830} INFO - Processing file /Users/admin/anaconda3/lib/python3.11/site-packages/airflow/example_dags/example_datasets.py for tasks to queue
[2025-05-04T23:25:06.186+0300] {logging_mixin.py:188} INFO - [2025-05-04T23:25:06.186+0300] {dagbag.py:540} INFO - Filling up the DagBag from /Users/admin/anaconda3/lib/python3.11/site-packages/airflow/example_dags/example_datasets.py
[2025-05-04T23:25:06.193+0300] {processor.py:840} INFO - DAG(s) 'dataset_produces_1', 'dataset_consumes_unknown_never_scheduled', 'dataset_consumes_1_and_2', 'dataset_consumes_1', 'dataset_consumes_1_never_scheduled', 'dataset_produces_2' retrieved from /Users/admin/anaconda3/lib/python3.11/site-packages/airflow/example_dags/example_datasets.py
[2025-05-04T23:25:06.260+0300] {logging_mixin.py:188} INFO - [2025-05-04T23:25:06.260+0300] {dag.py:3047} INFO - Sync 6 DAGs
[2025-05-04T23:25:06.270+0300] {logging_mixin.py:188} INFO - [2025-05-04T23:25:06.270+0300] {dag.py:3834} INFO - Setting next_dagrun for dataset_consumes_1 to None, run_after=None
[2025-05-04T23:25:06.272+0300] {logging_mixin.py:188} INFO - [2025-05-04T23:25:06.272+0300] {dag.py:3834} INFO - Setting next_dagrun for dataset_consumes_1_and_2 to None, run_after=None
[2025-05-04T23:25:06.272+0300] {logging_mixin.py:188} INFO - [2025-05-04T23:25:06.272+0300] {dag.py:3834} INFO - Setting next_dagrun for dataset_consumes_1_never_scheduled to None, run_after=None
[2025-05-04T23:25:06.273+0300] {logging_mixin.py:188} INFO - [2025-05-04T23:25:06.273+0300] {dag.py:3834} INFO - Setting next_dagrun for dataset_consumes_unknown_never_scheduled to None, run_after=None
[2025-05-04T23:25:06.274+0300] {logging_mixin.py:188} INFO - [2025-05-04T23:25:06.274+0300] {dag.py:3834} INFO - Setting next_dagrun for dataset_produces_1 to 2025-05-03 00:00:00+00:00, run_after=2025-05-04 00:00:00+00:00
[2025-05-04T23:25:06.274+0300] {logging_mixin.py:188} INFO - [2025-05-04T23:25:06.274+0300] {dag.py:3834} INFO - Setting next_dagrun for dataset_produces_2 to None, run_after=None
[2025-05-04T23:25:06.288+0300] {processor.py:183} INFO - Processing /Users/admin/anaconda3/lib/python3.11/site-packages/airflow/example_dags/example_datasets.py took 0.104 seconds
[2025-05-04T23:27:58.583+0300] {processor.py:161} INFO - Started process (PID=21703) to work on /Users/admin/anaconda3/lib/python3.11/site-packages/airflow/example_dags/example_datasets.py
[2025-05-04T23:27:58.584+0300] {processor.py:830} INFO - Processing file /Users/admin/anaconda3/lib/python3.11/site-packages/airflow/example_dags/example_datasets.py for tasks to queue
[2025-05-04T23:27:58.585+0300] {logging_mixin.py:188} INFO - [2025-05-04T23:27:58.584+0300] {dagbag.py:540} INFO - Filling up the DagBag from /Users/admin/anaconda3/lib/python3.11/site-packages/airflow/example_dags/example_datasets.py
[2025-05-04T23:27:58.592+0300] {processor.py:840} INFO - DAG(s) 'dataset_consumes_1_never_scheduled', 'dataset_consumes_1_and_2', 'dataset_consumes_1', 'dataset_produces_1', 'dataset_produces_2', 'dataset_consumes_unknown_never_scheduled' retrieved from /Users/admin/anaconda3/lib/python3.11/site-packages/airflow/example_dags/example_datasets.py
[2025-05-04T23:27:58.658+0300] {logging_mixin.py:188} INFO - [2025-05-04T23:27:58.658+0300] {dag.py:3047} INFO - Sync 6 DAGs
[2025-05-04T23:27:58.668+0300] {logging_mixin.py:188} INFO - [2025-05-04T23:27:58.667+0300] {dag.py:3834} INFO - Setting next_dagrun for dataset_consumes_1 to None, run_after=None
[2025-05-04T23:27:58.669+0300] {logging_mixin.py:188} INFO - [2025-05-04T23:27:58.669+0300] {dag.py:3834} INFO - Setting next_dagrun for dataset_consumes_1_and_2 to None, run_after=None
[2025-05-04T23:27:58.670+0300] {logging_mixin.py:188} INFO - [2025-05-04T23:27:58.670+0300] {dag.py:3834} INFO - Setting next_dagrun for dataset_consumes_1_never_scheduled to None, run_after=None
[2025-05-04T23:27:58.670+0300] {logging_mixin.py:188} INFO - [2025-05-04T23:27:58.670+0300] {dag.py:3834} INFO - Setting next_dagrun for dataset_consumes_unknown_never_scheduled to None, run_after=None
[2025-05-04T23:27:58.671+0300] {logging_mixin.py:188} INFO - [2025-05-04T23:27:58.671+0300] {dag.py:3834} INFO - Setting next_dagrun for dataset_produces_1 to 2025-05-03 00:00:00+00:00, run_after=2025-05-04 00:00:00+00:00
[2025-05-04T23:27:58.672+0300] {logging_mixin.py:188} INFO - [2025-05-04T23:27:58.672+0300] {dag.py:3834} INFO - Setting next_dagrun for dataset_produces_2 to None, run_after=None
[2025-05-04T23:27:58.685+0300] {processor.py:183} INFO - Processing /Users/admin/anaconda3/lib/python3.11/site-packages/airflow/example_dags/example_datasets.py took 0.103 seconds
[2025-05-04T23:30:58.626+0300] {processor.py:161} INFO - Started process (PID=22574) to work on /Users/admin/anaconda3/lib/python3.11/site-packages/airflow/example_dags/example_datasets.py
[2025-05-04T23:30:58.628+0300] {processor.py:830} INFO - Processing file /Users/admin/anaconda3/lib/python3.11/site-packages/airflow/example_dags/example_datasets.py for tasks to queue
[2025-05-04T23:30:58.628+0300] {logging_mixin.py:188} INFO - [2025-05-04T23:30:58.628+0300] {dagbag.py:540} INFO - Filling up the DagBag from /Users/admin/anaconda3/lib/python3.11/site-packages/airflow/example_dags/example_datasets.py
[2025-05-04T23:30:58.636+0300] {processor.py:840} INFO - DAG(s) 'dataset_consumes_1_never_scheduled', 'dataset_consumes_1', 'dataset_produces_2', 'dataset_produces_1', 'dataset_consumes_1_and_2', 'dataset_consumes_unknown_never_scheduled' retrieved from /Users/admin/anaconda3/lib/python3.11/site-packages/airflow/example_dags/example_datasets.py
[2025-05-04T23:30:58.703+0300] {logging_mixin.py:188} INFO - [2025-05-04T23:30:58.703+0300] {dag.py:3047} INFO - Sync 6 DAGs
[2025-05-04T23:30:58.713+0300] {logging_mixin.py:188} INFO - [2025-05-04T23:30:58.712+0300] {dag.py:3834} INFO - Setting next_dagrun for dataset_consumes_1 to None, run_after=None
[2025-05-04T23:30:58.714+0300] {logging_mixin.py:188} INFO - [2025-05-04T23:30:58.714+0300] {dag.py:3834} INFO - Setting next_dagrun for dataset_consumes_1_and_2 to None, run_after=None
[2025-05-04T23:30:58.715+0300] {logging_mixin.py:188} INFO - [2025-05-04T23:30:58.715+0300] {dag.py:3834} INFO - Setting next_dagrun for dataset_consumes_1_never_scheduled to None, run_after=None
[2025-05-04T23:30:58.715+0300] {logging_mixin.py:188} INFO - [2025-05-04T23:30:58.715+0300] {dag.py:3834} INFO - Setting next_dagrun for dataset_consumes_unknown_never_scheduled to None, run_after=None
[2025-05-04T23:30:58.717+0300] {logging_mixin.py:188} INFO - [2025-05-04T23:30:58.716+0300] {dag.py:3834} INFO - Setting next_dagrun for dataset_produces_1 to 2025-05-03 00:00:00+00:00, run_after=2025-05-04 00:00:00+00:00
[2025-05-04T23:30:58.717+0300] {logging_mixin.py:188} INFO - [2025-05-04T23:30:58.717+0300] {dag.py:3834} INFO - Setting next_dagrun for dataset_produces_2 to None, run_after=None
[2025-05-04T23:30:58.731+0300] {processor.py:183} INFO - Processing /Users/admin/anaconda3/lib/python3.11/site-packages/airflow/example_dags/example_datasets.py took 0.105 seconds
[2025-05-04T23:33:54.970+0300] {processor.py:161} INFO - Started process (PID=23393) to work on /Users/admin/anaconda3/lib/python3.11/site-packages/airflow/example_dags/example_datasets.py
[2025-05-04T23:33:54.971+0300] {processor.py:830} INFO - Processing file /Users/admin/anaconda3/lib/python3.11/site-packages/airflow/example_dags/example_datasets.py for tasks to queue
[2025-05-04T23:33:54.972+0300] {logging_mixin.py:188} INFO - [2025-05-04T23:33:54.972+0300] {dagbag.py:540} INFO - Filling up the DagBag from /Users/admin/anaconda3/lib/python3.11/site-packages/airflow/example_dags/example_datasets.py
[2025-05-04T23:33:54.979+0300] {processor.py:840} INFO - DAG(s) 'dataset_consumes_1_and_2', 'dataset_produces_1', 'dataset_produces_2', 'dataset_consumes_unknown_never_scheduled', 'dataset_consumes_1_never_scheduled', 'dataset_consumes_1' retrieved from /Users/admin/anaconda3/lib/python3.11/site-packages/airflow/example_dags/example_datasets.py
[2025-05-04T23:33:55.046+0300] {logging_mixin.py:188} INFO - [2025-05-04T23:33:55.046+0300] {dag.py:3047} INFO - Sync 6 DAGs
[2025-05-04T23:33:55.055+0300] {logging_mixin.py:188} INFO - [2025-05-04T23:33:55.055+0300] {dag.py:3834} INFO - Setting next_dagrun for dataset_consumes_1 to None, run_after=None
[2025-05-04T23:33:55.057+0300] {logging_mixin.py:188} INFO - [2025-05-04T23:33:55.057+0300] {dag.py:3834} INFO - Setting next_dagrun for dataset_consumes_1_and_2 to None, run_after=None
[2025-05-04T23:33:55.058+0300] {logging_mixin.py:188} INFO - [2025-05-04T23:33:55.057+0300] {dag.py:3834} INFO - Setting next_dagrun for dataset_consumes_1_never_scheduled to None, run_after=None
[2025-05-04T23:33:55.058+0300] {logging_mixin.py:188} INFO - [2025-05-04T23:33:55.058+0300] {dag.py:3834} INFO - Setting next_dagrun for dataset_consumes_unknown_never_scheduled to None, run_after=None
[2025-05-04T23:33:55.059+0300] {logging_mixin.py:188} INFO - [2025-05-04T23:33:55.059+0300] {dag.py:3834} INFO - Setting next_dagrun for dataset_produces_1 to 2025-05-03 00:00:00+00:00, run_after=2025-05-04 00:00:00+00:00
[2025-05-04T23:33:55.060+0300] {logging_mixin.py:188} INFO - [2025-05-04T23:33:55.060+0300] {dag.py:3834} INFO - Setting next_dagrun for dataset_produces_2 to None, run_after=None
[2025-05-04T23:33:55.073+0300] {processor.py:183} INFO - Processing /Users/admin/anaconda3/lib/python3.11/site-packages/airflow/example_dags/example_datasets.py took 0.104 seconds
[2025-05-04T23:37:01.193+0300] {processor.py:161} INFO - Started process (PID=24290) to work on /Users/admin/anaconda3/lib/python3.11/site-packages/airflow/example_dags/example_datasets.py
[2025-05-04T23:37:01.195+0300] {processor.py:830} INFO - Processing file /Users/admin/anaconda3/lib/python3.11/site-packages/airflow/example_dags/example_datasets.py for tasks to queue
[2025-05-04T23:37:01.195+0300] {logging_mixin.py:188} INFO - [2025-05-04T23:37:01.195+0300] {dagbag.py:540} INFO - Filling up the DagBag from /Users/admin/anaconda3/lib/python3.11/site-packages/airflow/example_dags/example_datasets.py
[2025-05-04T23:37:01.203+0300] {processor.py:840} INFO - DAG(s) 'dataset_produces_1', 'dataset_produces_2', 'dataset_consumes_1_never_scheduled', 'dataset_consumes_1', 'dataset_consumes_unknown_never_scheduled', 'dataset_consumes_1_and_2' retrieved from /Users/admin/anaconda3/lib/python3.11/site-packages/airflow/example_dags/example_datasets.py
[2025-05-04T23:37:01.270+0300] {logging_mixin.py:188} INFO - [2025-05-04T23:37:01.270+0300] {dag.py:3047} INFO - Sync 6 DAGs
[2025-05-04T23:37:01.280+0300] {logging_mixin.py:188} INFO - [2025-05-04T23:37:01.279+0300] {dag.py:3834} INFO - Setting next_dagrun for dataset_consumes_1 to None, run_after=None
[2025-05-04T23:37:01.281+0300] {logging_mixin.py:188} INFO - [2025-05-04T23:37:01.281+0300] {dag.py:3834} INFO - Setting next_dagrun for dataset_consumes_1_and_2 to None, run_after=None
[2025-05-04T23:37:01.282+0300] {logging_mixin.py:188} INFO - [2025-05-04T23:37:01.282+0300] {dag.py:3834} INFO - Setting next_dagrun for dataset_consumes_1_never_scheduled to None, run_after=None
[2025-05-04T23:37:01.282+0300] {logging_mixin.py:188} INFO - [2025-05-04T23:37:01.282+0300] {dag.py:3834} INFO - Setting next_dagrun for dataset_consumes_unknown_never_scheduled to None, run_after=None
[2025-05-04T23:37:01.284+0300] {logging_mixin.py:188} INFO - [2025-05-04T23:37:01.284+0300] {dag.py:3834} INFO - Setting next_dagrun for dataset_produces_1 to 2025-05-03 00:00:00+00:00, run_after=2025-05-04 00:00:00+00:00
[2025-05-04T23:37:01.284+0300] {logging_mixin.py:188} INFO - [2025-05-04T23:37:01.284+0300] {dag.py:3834} INFO - Setting next_dagrun for dataset_produces_2 to None, run_after=None
[2025-05-04T23:37:01.298+0300] {processor.py:183} INFO - Processing /Users/admin/anaconda3/lib/python3.11/site-packages/airflow/example_dags/example_datasets.py took 0.105 seconds
[2025-05-04T23:40:04.038+0300] {processor.py:161} INFO - Started process (PID=25160) to work on /Users/admin/anaconda3/lib/python3.11/site-packages/airflow/example_dags/example_datasets.py
[2025-05-04T23:40:04.040+0300] {processor.py:830} INFO - Processing file /Users/admin/anaconda3/lib/python3.11/site-packages/airflow/example_dags/example_datasets.py for tasks to queue
[2025-05-04T23:40:04.040+0300] {logging_mixin.py:188} INFO - [2025-05-04T23:40:04.040+0300] {dagbag.py:540} INFO - Filling up the DagBag from /Users/admin/anaconda3/lib/python3.11/site-packages/airflow/example_dags/example_datasets.py
[2025-05-04T23:40:04.049+0300] {processor.py:840} INFO - DAG(s) 'dataset_consumes_1_never_scheduled', 'dataset_consumes_1', 'dataset_produces_1', 'dataset_consumes_unknown_never_scheduled', 'dataset_consumes_1_and_2', 'dataset_produces_2' retrieved from /Users/admin/anaconda3/lib/python3.11/site-packages/airflow/example_dags/example_datasets.py
[2025-05-04T23:40:04.119+0300] {logging_mixin.py:188} INFO - [2025-05-04T23:40:04.119+0300] {dag.py:3047} INFO - Sync 6 DAGs
[2025-05-04T23:40:04.129+0300] {logging_mixin.py:188} INFO - [2025-05-04T23:40:04.129+0300] {dag.py:3834} INFO - Setting next_dagrun for dataset_consumes_1 to None, run_after=None
[2025-05-04T23:40:04.131+0300] {logging_mixin.py:188} INFO - [2025-05-04T23:40:04.131+0300] {dag.py:3834} INFO - Setting next_dagrun for dataset_consumes_1_and_2 to None, run_after=None
[2025-05-04T23:40:04.132+0300] {logging_mixin.py:188} INFO - [2025-05-04T23:40:04.132+0300] {dag.py:3834} INFO - Setting next_dagrun for dataset_consumes_1_never_scheduled to None, run_after=None
[2025-05-04T23:40:04.132+0300] {logging_mixin.py:188} INFO - [2025-05-04T23:40:04.132+0300] {dag.py:3834} INFO - Setting next_dagrun for dataset_consumes_unknown_never_scheduled to None, run_after=None
[2025-05-04T23:40:04.133+0300] {logging_mixin.py:188} INFO - [2025-05-04T23:40:04.133+0300] {dag.py:3834} INFO - Setting next_dagrun for dataset_produces_1 to 2025-05-03 00:00:00+00:00, run_after=2025-05-04 00:00:00+00:00
[2025-05-04T23:40:04.134+0300] {logging_mixin.py:188} INFO - [2025-05-04T23:40:04.134+0300] {dag.py:3834} INFO - Setting next_dagrun for dataset_produces_2 to None, run_after=None
[2025-05-04T23:40:04.148+0300] {processor.py:183} INFO - Processing /Users/admin/anaconda3/lib/python3.11/site-packages/airflow/example_dags/example_datasets.py took 0.111 seconds
[2025-05-04T23:43:35.754+0300] {processor.py:161} INFO - Started process (PID=26132) to work on /Users/admin/anaconda3/lib/python3.11/site-packages/airflow/example_dags/example_datasets.py
[2025-05-04T23:43:35.756+0300] {processor.py:830} INFO - Processing file /Users/admin/anaconda3/lib/python3.11/site-packages/airflow/example_dags/example_datasets.py for tasks to queue
[2025-05-04T23:43:35.757+0300] {logging_mixin.py:188} INFO - [2025-05-04T23:43:35.757+0300] {dagbag.py:540} INFO - Filling up the DagBag from /Users/admin/anaconda3/lib/python3.11/site-packages/airflow/example_dags/example_datasets.py
[2025-05-04T23:43:35.774+0300] {processor.py:840} INFO - DAG(s) 'dataset_consumes_1_never_scheduled', 'dataset_consumes_1_and_2', 'dataset_consumes_unknown_never_scheduled', 'dataset_produces_1', 'dataset_consumes_1', 'dataset_produces_2' retrieved from /Users/admin/anaconda3/lib/python3.11/site-packages/airflow/example_dags/example_datasets.py
[2025-05-04T23:43:35.965+0300] {logging_mixin.py:188} INFO - [2025-05-04T23:43:35.964+0300] {dag.py:3047} INFO - Sync 6 DAGs
[2025-05-04T23:43:35.986+0300] {logging_mixin.py:188} INFO - [2025-05-04T23:43:35.986+0300] {dag.py:3834} INFO - Setting next_dagrun for dataset_consumes_1 to None, run_after=None
[2025-05-04T23:43:35.990+0300] {logging_mixin.py:188} INFO - [2025-05-04T23:43:35.990+0300] {dag.py:3834} INFO - Setting next_dagrun for dataset_consumes_1_and_2 to None, run_after=None
[2025-05-04T23:43:35.991+0300] {logging_mixin.py:188} INFO - [2025-05-04T23:43:35.991+0300] {dag.py:3834} INFO - Setting next_dagrun for dataset_consumes_1_never_scheduled to None, run_after=None
[2025-05-04T23:43:35.992+0300] {logging_mixin.py:188} INFO - [2025-05-04T23:43:35.992+0300] {dag.py:3834} INFO - Setting next_dagrun for dataset_consumes_unknown_never_scheduled to None, run_after=None
[2025-05-04T23:43:35.994+0300] {logging_mixin.py:188} INFO - [2025-05-04T23:43:35.994+0300] {dag.py:3834} INFO - Setting next_dagrun for dataset_produces_1 to 2025-05-03 00:00:00+00:00, run_after=2025-05-04 00:00:00+00:00
[2025-05-04T23:43:35.995+0300] {logging_mixin.py:188} INFO - [2025-05-04T23:43:35.995+0300] {dag.py:3834} INFO - Setting next_dagrun for dataset_produces_2 to None, run_after=None
[2025-05-04T23:43:36.019+0300] {processor.py:183} INFO - Processing /Users/admin/anaconda3/lib/python3.11/site-packages/airflow/example_dags/example_datasets.py took 0.265 seconds
[2025-05-04T23:46:42.665+0300] {processor.py:161} INFO - Started process (PID=27009) to work on /Users/admin/anaconda3/lib/python3.11/site-packages/airflow/example_dags/example_datasets.py
[2025-05-04T23:46:42.666+0300] {processor.py:830} INFO - Processing file /Users/admin/anaconda3/lib/python3.11/site-packages/airflow/example_dags/example_datasets.py for tasks to queue
[2025-05-04T23:46:42.666+0300] {logging_mixin.py:188} INFO - [2025-05-04T23:46:42.666+0300] {dagbag.py:540} INFO - Filling up the DagBag from /Users/admin/anaconda3/lib/python3.11/site-packages/airflow/example_dags/example_datasets.py
[2025-05-04T23:46:42.673+0300] {processor.py:840} INFO - DAG(s) 'dataset_consumes_1_and_2', 'dataset_consumes_1_never_scheduled', 'dataset_consumes_1', 'dataset_produces_2', 'dataset_produces_1', 'dataset_consumes_unknown_never_scheduled' retrieved from /Users/admin/anaconda3/lib/python3.11/site-packages/airflow/example_dags/example_datasets.py
[2025-05-04T23:46:42.740+0300] {logging_mixin.py:188} INFO - [2025-05-04T23:46:42.740+0300] {dag.py:3047} INFO - Sync 6 DAGs
[2025-05-04T23:46:42.750+0300] {logging_mixin.py:188} INFO - [2025-05-04T23:46:42.749+0300] {dag.py:3834} INFO - Setting next_dagrun for dataset_consumes_1 to None, run_after=None
[2025-05-04T23:46:42.751+0300] {logging_mixin.py:188} INFO - [2025-05-04T23:46:42.751+0300] {dag.py:3834} INFO - Setting next_dagrun for dataset_consumes_1_and_2 to None, run_after=None
[2025-05-04T23:46:42.752+0300] {logging_mixin.py:188} INFO - [2025-05-04T23:46:42.752+0300] {dag.py:3834} INFO - Setting next_dagrun for dataset_consumes_1_never_scheduled to None, run_after=None
[2025-05-04T23:46:42.752+0300] {logging_mixin.py:188} INFO - [2025-05-04T23:46:42.752+0300] {dag.py:3834} INFO - Setting next_dagrun for dataset_consumes_unknown_never_scheduled to None, run_after=None
[2025-05-04T23:46:42.753+0300] {logging_mixin.py:188} INFO - [2025-05-04T23:46:42.753+0300] {dag.py:3834} INFO - Setting next_dagrun for dataset_produces_1 to 2025-05-03 00:00:00+00:00, run_after=2025-05-04 00:00:00+00:00
[2025-05-04T23:46:42.754+0300] {logging_mixin.py:188} INFO - [2025-05-04T23:46:42.754+0300] {dag.py:3834} INFO - Setting next_dagrun for dataset_produces_2 to None, run_after=None
[2025-05-04T23:46:42.768+0300] {processor.py:183} INFO - Processing /Users/admin/anaconda3/lib/python3.11/site-packages/airflow/example_dags/example_datasets.py took 0.104 seconds
[2025-05-04T23:49:42.060+0300] {processor.py:161} INFO - Started process (PID=27844) to work on /Users/admin/anaconda3/lib/python3.11/site-packages/airflow/example_dags/example_datasets.py
[2025-05-04T23:49:42.061+0300] {processor.py:830} INFO - Processing file /Users/admin/anaconda3/lib/python3.11/site-packages/airflow/example_dags/example_datasets.py for tasks to queue
[2025-05-04T23:49:42.062+0300] {logging_mixin.py:188} INFO - [2025-05-04T23:49:42.062+0300] {dagbag.py:540} INFO - Filling up the DagBag from /Users/admin/anaconda3/lib/python3.11/site-packages/airflow/example_dags/example_datasets.py
[2025-05-04T23:49:42.069+0300] {processor.py:840} INFO - DAG(s) 'dataset_consumes_1', 'dataset_consumes_1_never_scheduled', 'dataset_produces_2', 'dataset_consumes_1_and_2', 'dataset_consumes_unknown_never_scheduled', 'dataset_produces_1' retrieved from /Users/admin/anaconda3/lib/python3.11/site-packages/airflow/example_dags/example_datasets.py
[2025-05-04T23:49:42.136+0300] {logging_mixin.py:188} INFO - [2025-05-04T23:49:42.136+0300] {dag.py:3047} INFO - Sync 6 DAGs
[2025-05-04T23:49:42.145+0300] {logging_mixin.py:188} INFO - [2025-05-04T23:49:42.145+0300] {dag.py:3834} INFO - Setting next_dagrun for dataset_consumes_1 to None, run_after=None
[2025-05-04T23:49:42.147+0300] {logging_mixin.py:188} INFO - [2025-05-04T23:49:42.147+0300] {dag.py:3834} INFO - Setting next_dagrun for dataset_consumes_1_and_2 to None, run_after=None
[2025-05-04T23:49:42.148+0300] {logging_mixin.py:188} INFO - [2025-05-04T23:49:42.148+0300] {dag.py:3834} INFO - Setting next_dagrun for dataset_consumes_1_never_scheduled to None, run_after=None
[2025-05-04T23:49:42.148+0300] {logging_mixin.py:188} INFO - [2025-05-04T23:49:42.148+0300] {dag.py:3834} INFO - Setting next_dagrun for dataset_consumes_unknown_never_scheduled to None, run_after=None
[2025-05-04T23:49:42.150+0300] {logging_mixin.py:188} INFO - [2025-05-04T23:49:42.150+0300] {dag.py:3834} INFO - Setting next_dagrun for dataset_produces_1 to 2025-05-03 00:00:00+00:00, run_after=2025-05-04 00:00:00+00:00
[2025-05-04T23:49:42.150+0300] {logging_mixin.py:188} INFO - [2025-05-04T23:49:42.150+0300] {dag.py:3834} INFO - Setting next_dagrun for dataset_produces_2 to None, run_after=None
[2025-05-04T23:49:42.164+0300] {processor.py:183} INFO - Processing /Users/admin/anaconda3/lib/python3.11/site-packages/airflow/example_dags/example_datasets.py took 0.104 seconds
[2025-05-04T23:52:53.594+0300] {processor.py:161} INFO - Started process (PID=28737) to work on /Users/admin/anaconda3/lib/python3.11/site-packages/airflow/example_dags/example_datasets.py
[2025-05-04T23:52:53.596+0300] {processor.py:830} INFO - Processing file /Users/admin/anaconda3/lib/python3.11/site-packages/airflow/example_dags/example_datasets.py for tasks to queue
[2025-05-04T23:52:53.596+0300] {logging_mixin.py:188} INFO - [2025-05-04T23:52:53.596+0300] {dagbag.py:540} INFO - Filling up the DagBag from /Users/admin/anaconda3/lib/python3.11/site-packages/airflow/example_dags/example_datasets.py
[2025-05-04T23:52:53.603+0300] {processor.py:840} INFO - DAG(s) 'dataset_consumes_1', 'dataset_produces_2', 'dataset_consumes_1_and_2', 'dataset_consumes_unknown_never_scheduled', 'dataset_consumes_1_never_scheduled', 'dataset_produces_1' retrieved from /Users/admin/anaconda3/lib/python3.11/site-packages/airflow/example_dags/example_datasets.py
[2025-05-04T23:52:53.670+0300] {logging_mixin.py:188} INFO - [2025-05-04T23:52:53.669+0300] {dag.py:3047} INFO - Sync 6 DAGs
[2025-05-04T23:52:53.679+0300] {logging_mixin.py:188} INFO - [2025-05-04T23:52:53.679+0300] {dag.py:3834} INFO - Setting next_dagrun for dataset_consumes_1 to None, run_after=None
[2025-05-04T23:52:53.681+0300] {logging_mixin.py:188} INFO - [2025-05-04T23:52:53.681+0300] {dag.py:3834} INFO - Setting next_dagrun for dataset_consumes_1_and_2 to None, run_after=None
[2025-05-04T23:52:53.681+0300] {logging_mixin.py:188} INFO - [2025-05-04T23:52:53.681+0300] {dag.py:3834} INFO - Setting next_dagrun for dataset_consumes_1_never_scheduled to None, run_after=None
[2025-05-04T23:52:53.682+0300] {logging_mixin.py:188} INFO - [2025-05-04T23:52:53.682+0300] {dag.py:3834} INFO - Setting next_dagrun for dataset_consumes_unknown_never_scheduled to None, run_after=None
[2025-05-04T23:52:53.683+0300] {logging_mixin.py:188} INFO - [2025-05-04T23:52:53.683+0300] {dag.py:3834} INFO - Setting next_dagrun for dataset_produces_1 to 2025-05-03 00:00:00+00:00, run_after=2025-05-04 00:00:00+00:00
[2025-05-04T23:52:53.684+0300] {logging_mixin.py:188} INFO - [2025-05-04T23:52:53.683+0300] {dag.py:3834} INFO - Setting next_dagrun for dataset_produces_2 to None, run_after=None
[2025-05-04T23:52:53.698+0300] {processor.py:183} INFO - Processing /Users/admin/anaconda3/lib/python3.11/site-packages/airflow/example_dags/example_datasets.py took 0.104 seconds
