[2025-05-04T22:12:19.290+0300] {processor.py:161} INFO - Started process (PID=14508) to work on /Users/admin/anaconda3/lib/python3.11/site-packages/airflow/example_dags/example_bash_operator.py
[2025-05-04T22:12:19.291+0300] {processor.py:830} INFO - Processing file /Users/admin/anaconda3/lib/python3.11/site-packages/airflow/example_dags/example_bash_operator.py for tasks to queue
[2025-05-04T22:12:19.291+0300] {logging_mixin.py:188} INFO - [2025-05-04T22:12:19.291+0300] {dagbag.py:540} INFO - Filling up the DagBag from /Users/admin/anaconda3/lib/python3.11/site-packages/airflow/example_dags/example_bash_operator.py
[2025-05-04T22:12:19.301+0300] {processor.py:840} INFO - DAG(s) 'example_bash_operator' retrieved from /Users/admin/anaconda3/lib/python3.11/site-packages/airflow/example_dags/example_bash_operator.py
[2025-05-04T22:12:19.431+0300] {logging_mixin.py:188} INFO - [2025-05-04T22:12:19.430+0300] {dag.py:3047} INFO - Sync 1 DAGs
[2025-05-04T22:12:19.442+0300] {logging_mixin.py:188} INFO - [2025-05-04T22:12:19.442+0300] {dag.py:3834} INFO - Setting next_dagrun for example_bash_operator to 2025-05-03 00:00:00+00:00, run_after=2025-05-04 00:00:00+00:00
[2025-05-04T22:12:19.465+0300] {processor.py:183} INFO - Processing /Users/admin/anaconda3/lib/python3.11/site-packages/airflow/example_dags/example_bash_operator.py took 0.176 seconds
[2025-05-04T22:15:03.752+0300] {processor.py:161} INFO - Started process (PID=15284) to work on /Users/admin/anaconda3/lib/python3.11/site-packages/airflow/example_dags/example_bash_operator.py
[2025-05-04T22:15:03.753+0300] {processor.py:830} INFO - Processing file /Users/admin/anaconda3/lib/python3.11/site-packages/airflow/example_dags/example_bash_operator.py for tasks to queue
[2025-05-04T22:15:03.753+0300] {logging_mixin.py:188} INFO - [2025-05-04T22:15:03.753+0300] {dagbag.py:540} INFO - Filling up the DagBag from /Users/admin/anaconda3/lib/python3.11/site-packages/airflow/example_dags/example_bash_operator.py
[2025-05-04T22:15:03.761+0300] {processor.py:840} INFO - DAG(s) 'example_bash_operator' retrieved from /Users/admin/anaconda3/lib/python3.11/site-packages/airflow/example_dags/example_bash_operator.py
[2025-05-04T22:15:03.825+0300] {logging_mixin.py:188} INFO - [2025-05-04T22:15:03.825+0300] {dag.py:3047} INFO - Sync 1 DAGs
[2025-05-04T22:15:03.834+0300] {logging_mixin.py:188} INFO - [2025-05-04T22:15:03.834+0300] {dag.py:3834} INFO - Setting next_dagrun for example_bash_operator to 2025-05-03 00:00:00+00:00, run_after=2025-05-04 00:00:00+00:00
[2025-05-04T22:15:03.844+0300] {processor.py:183} INFO - Processing /Users/admin/anaconda3/lib/python3.11/site-packages/airflow/example_dags/example_bash_operator.py took 0.093 seconds
[2025-05-04T22:17:50.981+0300] {processor.py:161} INFO - Started process (PID=16076) to work on /Users/admin/anaconda3/lib/python3.11/site-packages/airflow/example_dags/example_bash_operator.py
[2025-05-04T22:17:50.982+0300] {processor.py:830} INFO - Processing file /Users/admin/anaconda3/lib/python3.11/site-packages/airflow/example_dags/example_bash_operator.py for tasks to queue
[2025-05-04T22:17:50.983+0300] {logging_mixin.py:188} INFO - [2025-05-04T22:17:50.982+0300] {dagbag.py:540} INFO - Filling up the DagBag from /Users/admin/anaconda3/lib/python3.11/site-packages/airflow/example_dags/example_bash_operator.py
[2025-05-04T22:17:50.992+0300] {processor.py:840} INFO - DAG(s) 'example_bash_operator' retrieved from /Users/admin/anaconda3/lib/python3.11/site-packages/airflow/example_dags/example_bash_operator.py
[2025-05-04T22:17:51.060+0300] {logging_mixin.py:188} INFO - [2025-05-04T22:17:51.060+0300] {dag.py:3047} INFO - Sync 1 DAGs
[2025-05-04T22:17:51.070+0300] {logging_mixin.py:188} INFO - [2025-05-04T22:17:51.069+0300] {dag.py:3834} INFO - Setting next_dagrun for example_bash_operator to 2025-05-03 00:00:00+00:00, run_after=2025-05-04 00:00:00+00:00
[2025-05-04T22:17:51.080+0300] {processor.py:183} INFO - Processing /Users/admin/anaconda3/lib/python3.11/site-packages/airflow/example_dags/example_bash_operator.py took 0.099 seconds
[2025-05-04T22:27:30.528+0300] {processor.py:161} INFO - Started process (PID=16918) to work on /Users/admin/anaconda3/lib/python3.11/site-packages/airflow/example_dags/example_bash_operator.py
[2025-05-04T22:27:30.529+0300] {processor.py:830} INFO - Processing file /Users/admin/anaconda3/lib/python3.11/site-packages/airflow/example_dags/example_bash_operator.py for tasks to queue
[2025-05-04T22:27:30.530+0300] {logging_mixin.py:188} INFO - [2025-05-04T22:27:30.529+0300] {dagbag.py:540} INFO - Filling up the DagBag from /Users/admin/anaconda3/lib/python3.11/site-packages/airflow/example_dags/example_bash_operator.py
[2025-05-04T22:27:30.537+0300] {processor.py:840} INFO - DAG(s) 'example_bash_operator' retrieved from /Users/admin/anaconda3/lib/python3.11/site-packages/airflow/example_dags/example_bash_operator.py
[2025-05-04T22:27:30.602+0300] {logging_mixin.py:188} INFO - [2025-05-04T22:27:30.602+0300] {dag.py:3047} INFO - Sync 1 DAGs
[2025-05-04T22:27:30.612+0300] {logging_mixin.py:188} INFO - [2025-05-04T22:27:30.612+0300] {dag.py:3834} INFO - Setting next_dagrun for example_bash_operator to 2025-05-03 00:00:00+00:00, run_after=2025-05-04 00:00:00+00:00
[2025-05-04T22:27:30.622+0300] {processor.py:183} INFO - Processing /Users/admin/anaconda3/lib/python3.11/site-packages/airflow/example_dags/example_bash_operator.py took 0.095 seconds
[2025-05-04T22:30:14.895+0300] {processor.py:161} INFO - Started process (PID=17685) to work on /Users/admin/anaconda3/lib/python3.11/site-packages/airflow/example_dags/example_bash_operator.py
[2025-05-04T22:30:14.896+0300] {processor.py:830} INFO - Processing file /Users/admin/anaconda3/lib/python3.11/site-packages/airflow/example_dags/example_bash_operator.py for tasks to queue
[2025-05-04T22:30:14.897+0300] {logging_mixin.py:188} INFO - [2025-05-04T22:30:14.897+0300] {dagbag.py:540} INFO - Filling up the DagBag from /Users/admin/anaconda3/lib/python3.11/site-packages/airflow/example_dags/example_bash_operator.py
[2025-05-04T22:30:14.904+0300] {processor.py:840} INFO - DAG(s) 'example_bash_operator' retrieved from /Users/admin/anaconda3/lib/python3.11/site-packages/airflow/example_dags/example_bash_operator.py
[2025-05-04T22:30:14.970+0300] {logging_mixin.py:188} INFO - [2025-05-04T22:30:14.969+0300] {dag.py:3047} INFO - Sync 1 DAGs
[2025-05-04T22:30:14.979+0300] {logging_mixin.py:188} INFO - [2025-05-04T22:30:14.979+0300] {dag.py:3834} INFO - Setting next_dagrun for example_bash_operator to 2025-05-03 00:00:00+00:00, run_after=2025-05-04 00:00:00+00:00
[2025-05-04T22:30:14.989+0300] {processor.py:183} INFO - Processing /Users/admin/anaconda3/lib/python3.11/site-packages/airflow/example_dags/example_bash_operator.py took 0.095 seconds
[2025-05-04T23:16:52.681+0300] {processor.py:161} INFO - Started process (PID=18571) to work on /Users/admin/anaconda3/lib/python3.11/site-packages/airflow/example_dags/example_bash_operator.py
[2025-05-04T23:16:52.682+0300] {processor.py:830} INFO - Processing file /Users/admin/anaconda3/lib/python3.11/site-packages/airflow/example_dags/example_bash_operator.py for tasks to queue
[2025-05-04T23:16:52.683+0300] {logging_mixin.py:188} INFO - [2025-05-04T23:16:52.683+0300] {dagbag.py:540} INFO - Filling up the DagBag from /Users/admin/anaconda3/lib/python3.11/site-packages/airflow/example_dags/example_bash_operator.py
[2025-05-04T23:16:52.691+0300] {processor.py:840} INFO - DAG(s) 'example_bash_operator' retrieved from /Users/admin/anaconda3/lib/python3.11/site-packages/airflow/example_dags/example_bash_operator.py
[2025-05-04T23:16:52.755+0300] {logging_mixin.py:188} INFO - [2025-05-04T23:16:52.755+0300] {dag.py:3047} INFO - Sync 1 DAGs
[2025-05-04T23:16:52.765+0300] {logging_mixin.py:188} INFO - [2025-05-04T23:16:52.765+0300] {dag.py:3834} INFO - Setting next_dagrun for example_bash_operator to 2025-05-03 00:00:00+00:00, run_after=2025-05-04 00:00:00+00:00
[2025-05-04T23:16:52.775+0300] {processor.py:183} INFO - Processing /Users/admin/anaconda3/lib/python3.11/site-packages/airflow/example_dags/example_bash_operator.py took 0.095 seconds
[2025-05-04T23:19:39.764+0300] {processor.py:161} INFO - Started process (PID=19358) to work on /Users/admin/anaconda3/lib/python3.11/site-packages/airflow/example_dags/example_bash_operator.py
[2025-05-04T23:19:39.765+0300] {processor.py:830} INFO - Processing file /Users/admin/anaconda3/lib/python3.11/site-packages/airflow/example_dags/example_bash_operator.py for tasks to queue
[2025-05-04T23:19:39.766+0300] {logging_mixin.py:188} INFO - [2025-05-04T23:19:39.766+0300] {dagbag.py:540} INFO - Filling up the DagBag from /Users/admin/anaconda3/lib/python3.11/site-packages/airflow/example_dags/example_bash_operator.py
[2025-05-04T23:19:39.773+0300] {processor.py:840} INFO - DAG(s) 'example_bash_operator' retrieved from /Users/admin/anaconda3/lib/python3.11/site-packages/airflow/example_dags/example_bash_operator.py
[2025-05-04T23:19:39.838+0300] {logging_mixin.py:188} INFO - [2025-05-04T23:19:39.838+0300] {dag.py:3047} INFO - Sync 1 DAGs
[2025-05-04T23:19:39.849+0300] {logging_mixin.py:188} INFO - [2025-05-04T23:19:39.848+0300] {dag.py:3834} INFO - Setting next_dagrun for example_bash_operator to 2025-05-03 00:00:00+00:00, run_after=2025-05-04 00:00:00+00:00
[2025-05-04T23:19:39.859+0300] {processor.py:183} INFO - Processing /Users/admin/anaconda3/lib/python3.11/site-packages/airflow/example_dags/example_bash_operator.py took 0.095 seconds
[2025-05-04T23:22:33.372+0300] {processor.py:161} INFO - Started process (PID=20168) to work on /Users/admin/anaconda3/lib/python3.11/site-packages/airflow/example_dags/example_bash_operator.py
[2025-05-04T23:22:33.373+0300] {processor.py:830} INFO - Processing file /Users/admin/anaconda3/lib/python3.11/site-packages/airflow/example_dags/example_bash_operator.py for tasks to queue
[2025-05-04T23:22:33.373+0300] {logging_mixin.py:188} INFO - [2025-05-04T23:22:33.373+0300] {dagbag.py:540} INFO - Filling up the DagBag from /Users/admin/anaconda3/lib/python3.11/site-packages/airflow/example_dags/example_bash_operator.py
[2025-05-04T23:22:33.381+0300] {processor.py:840} INFO - DAG(s) 'example_bash_operator' retrieved from /Users/admin/anaconda3/lib/python3.11/site-packages/airflow/example_dags/example_bash_operator.py
[2025-05-04T23:22:33.445+0300] {logging_mixin.py:188} INFO - [2025-05-04T23:22:33.445+0300] {dag.py:3047} INFO - Sync 1 DAGs
[2025-05-04T23:22:33.455+0300] {logging_mixin.py:188} INFO - [2025-05-04T23:22:33.455+0300] {dag.py:3834} INFO - Setting next_dagrun for example_bash_operator to 2025-05-03 00:00:00+00:00, run_after=2025-05-04 00:00:00+00:00
[2025-05-04T23:22:33.465+0300] {processor.py:183} INFO - Processing /Users/admin/anaconda3/lib/python3.11/site-packages/airflow/example_dags/example_bash_operator.py took 0.094 seconds
[2025-05-04T23:25:25.747+0300] {processor.py:161} INFO - Started process (PID=20975) to work on /Users/admin/anaconda3/lib/python3.11/site-packages/airflow/example_dags/example_bash_operator.py
[2025-05-04T23:25:25.749+0300] {processor.py:830} INFO - Processing file /Users/admin/anaconda3/lib/python3.11/site-packages/airflow/example_dags/example_bash_operator.py for tasks to queue
[2025-05-04T23:25:25.749+0300] {logging_mixin.py:188} INFO - [2025-05-04T23:25:25.749+0300] {dagbag.py:540} INFO - Filling up the DagBag from /Users/admin/anaconda3/lib/python3.11/site-packages/airflow/example_dags/example_bash_operator.py
[2025-05-04T23:25:25.757+0300] {processor.py:840} INFO - DAG(s) 'example_bash_operator' retrieved from /Users/admin/anaconda3/lib/python3.11/site-packages/airflow/example_dags/example_bash_operator.py
[2025-05-04T23:25:25.821+0300] {logging_mixin.py:188} INFO - [2025-05-04T23:25:25.821+0300] {dag.py:3047} INFO - Sync 1 DAGs
[2025-05-04T23:25:25.831+0300] {logging_mixin.py:188} INFO - [2025-05-04T23:25:25.831+0300] {dag.py:3834} INFO - Setting next_dagrun for example_bash_operator to 2025-05-03 00:00:00+00:00, run_after=2025-05-04 00:00:00+00:00
[2025-05-04T23:25:25.841+0300] {processor.py:183} INFO - Processing /Users/admin/anaconda3/lib/python3.11/site-packages/airflow/example_dags/example_bash_operator.py took 0.094 seconds
[2025-05-04T23:28:18.959+0300] {processor.py:161} INFO - Started process (PID=21802) to work on /Users/admin/anaconda3/lib/python3.11/site-packages/airflow/example_dags/example_bash_operator.py
[2025-05-04T23:28:18.960+0300] {processor.py:830} INFO - Processing file /Users/admin/anaconda3/lib/python3.11/site-packages/airflow/example_dags/example_bash_operator.py for tasks to queue
[2025-05-04T23:28:18.960+0300] {logging_mixin.py:188} INFO - [2025-05-04T23:28:18.960+0300] {dagbag.py:540} INFO - Filling up the DagBag from /Users/admin/anaconda3/lib/python3.11/site-packages/airflow/example_dags/example_bash_operator.py
[2025-05-04T23:28:18.968+0300] {processor.py:840} INFO - DAG(s) 'example_bash_operator' retrieved from /Users/admin/anaconda3/lib/python3.11/site-packages/airflow/example_dags/example_bash_operator.py
[2025-05-04T23:28:19.032+0300] {logging_mixin.py:188} INFO - [2025-05-04T23:28:19.032+0300] {dag.py:3047} INFO - Sync 1 DAGs
[2025-05-04T23:28:19.042+0300] {logging_mixin.py:188} INFO - [2025-05-04T23:28:19.042+0300] {dag.py:3834} INFO - Setting next_dagrun for example_bash_operator to 2025-05-03 00:00:00+00:00, run_after=2025-05-04 00:00:00+00:00
[2025-05-04T23:28:19.052+0300] {processor.py:183} INFO - Processing /Users/admin/anaconda3/lib/python3.11/site-packages/airflow/example_dags/example_bash_operator.py took 0.094 seconds
[2025-05-04T23:31:18.817+0300] {processor.py:161} INFO - Started process (PID=22662) to work on /Users/admin/anaconda3/lib/python3.11/site-packages/airflow/example_dags/example_bash_operator.py
[2025-05-04T23:31:18.818+0300] {processor.py:830} INFO - Processing file /Users/admin/anaconda3/lib/python3.11/site-packages/airflow/example_dags/example_bash_operator.py for tasks to queue
[2025-05-04T23:31:18.819+0300] {logging_mixin.py:188} INFO - [2025-05-04T23:31:18.818+0300] {dagbag.py:540} INFO - Filling up the DagBag from /Users/admin/anaconda3/lib/python3.11/site-packages/airflow/example_dags/example_bash_operator.py
[2025-05-04T23:31:18.826+0300] {processor.py:840} INFO - DAG(s) 'example_bash_operator' retrieved from /Users/admin/anaconda3/lib/python3.11/site-packages/airflow/example_dags/example_bash_operator.py
[2025-05-04T23:31:18.891+0300] {logging_mixin.py:188} INFO - [2025-05-04T23:31:18.891+0300] {dag.py:3047} INFO - Sync 1 DAGs
[2025-05-04T23:31:18.901+0300] {logging_mixin.py:188} INFO - [2025-05-04T23:31:18.900+0300] {dag.py:3834} INFO - Setting next_dagrun for example_bash_operator to 2025-05-03 00:00:00+00:00, run_after=2025-05-04 00:00:00+00:00
[2025-05-04T23:31:18.911+0300] {processor.py:183} INFO - Processing /Users/admin/anaconda3/lib/python3.11/site-packages/airflow/example_dags/example_bash_operator.py took 0.095 seconds
[2025-05-04T23:34:15.929+0300] {processor.py:161} INFO - Started process (PID=23492) to work on /Users/admin/anaconda3/lib/python3.11/site-packages/airflow/example_dags/example_bash_operator.py
[2025-05-04T23:34:15.930+0300] {processor.py:830} INFO - Processing file /Users/admin/anaconda3/lib/python3.11/site-packages/airflow/example_dags/example_bash_operator.py for tasks to queue
[2025-05-04T23:34:15.931+0300] {logging_mixin.py:188} INFO - [2025-05-04T23:34:15.931+0300] {dagbag.py:540} INFO - Filling up the DagBag from /Users/admin/anaconda3/lib/python3.11/site-packages/airflow/example_dags/example_bash_operator.py
[2025-05-04T23:34:15.939+0300] {processor.py:840} INFO - DAG(s) 'example_bash_operator' retrieved from /Users/admin/anaconda3/lib/python3.11/site-packages/airflow/example_dags/example_bash_operator.py
[2025-05-04T23:34:16.008+0300] {logging_mixin.py:188} INFO - [2025-05-04T23:34:16.008+0300] {dag.py:3047} INFO - Sync 1 DAGs
[2025-05-04T23:34:16.018+0300] {logging_mixin.py:188} INFO - [2025-05-04T23:34:16.018+0300] {dag.py:3834} INFO - Setting next_dagrun for example_bash_operator to 2025-05-03 00:00:00+00:00, run_after=2025-05-04 00:00:00+00:00
[2025-05-04T23:34:16.030+0300] {processor.py:183} INFO - Processing /Users/admin/anaconda3/lib/python3.11/site-packages/airflow/example_dags/example_bash_operator.py took 0.101 seconds
[2025-05-04T23:37:21.437+0300] {processor.py:161} INFO - Started process (PID=24397) to work on /Users/admin/anaconda3/lib/python3.11/site-packages/airflow/example_dags/example_bash_operator.py
[2025-05-04T23:37:21.438+0300] {processor.py:830} INFO - Processing file /Users/admin/anaconda3/lib/python3.11/site-packages/airflow/example_dags/example_bash_operator.py for tasks to queue
[2025-05-04T23:37:21.439+0300] {logging_mixin.py:188} INFO - [2025-05-04T23:37:21.439+0300] {dagbag.py:540} INFO - Filling up the DagBag from /Users/admin/anaconda3/lib/python3.11/site-packages/airflow/example_dags/example_bash_operator.py
[2025-05-04T23:37:21.446+0300] {processor.py:840} INFO - DAG(s) 'example_bash_operator' retrieved from /Users/admin/anaconda3/lib/python3.11/site-packages/airflow/example_dags/example_bash_operator.py
[2025-05-04T23:37:21.510+0300] {logging_mixin.py:188} INFO - [2025-05-04T23:37:21.510+0300] {dag.py:3047} INFO - Sync 1 DAGs
[2025-05-04T23:37:21.520+0300] {logging_mixin.py:188} INFO - [2025-05-04T23:37:21.520+0300] {dag.py:3834} INFO - Setting next_dagrun for example_bash_operator to 2025-05-03 00:00:00+00:00, run_after=2025-05-04 00:00:00+00:00
[2025-05-04T23:37:21.530+0300] {processor.py:183} INFO - Processing /Users/admin/anaconda3/lib/python3.11/site-packages/airflow/example_dags/example_bash_operator.py took 0.094 seconds
[2025-05-04T23:40:27.946+0300] {processor.py:161} INFO - Started process (PID=25264) to work on /Users/admin/anaconda3/lib/python3.11/site-packages/airflow/example_dags/example_bash_operator.py
[2025-05-04T23:40:27.948+0300] {processor.py:830} INFO - Processing file /Users/admin/anaconda3/lib/python3.11/site-packages/airflow/example_dags/example_bash_operator.py for tasks to queue
[2025-05-04T23:40:27.949+0300] {logging_mixin.py:188} INFO - [2025-05-04T23:40:27.949+0300] {dagbag.py:540} INFO - Filling up the DagBag from /Users/admin/anaconda3/lib/python3.11/site-packages/airflow/example_dags/example_bash_operator.py
[2025-05-04T23:40:27.970+0300] {processor.py:840} INFO - DAG(s) 'example_bash_operator' retrieved from /Users/admin/anaconda3/lib/python3.11/site-packages/airflow/example_dags/example_bash_operator.py
[2025-05-04T23:40:28.136+0300] {logging_mixin.py:188} INFO - [2025-05-04T23:40:28.135+0300] {dag.py:3047} INFO - Sync 1 DAGs
[2025-05-04T23:40:28.156+0300] {logging_mixin.py:188} INFO - [2025-05-04T23:40:28.156+0300] {dag.py:3834} INFO - Setting next_dagrun for example_bash_operator to 2025-05-03 00:00:00+00:00, run_after=2025-05-04 00:00:00+00:00
[2025-05-04T23:40:28.173+0300] {processor.py:183} INFO - Processing /Users/admin/anaconda3/lib/python3.11/site-packages/airflow/example_dags/example_bash_operator.py took 0.230 seconds
[2025-05-04T23:44:00.671+0300] {processor.py:161} INFO - Started process (PID=26254) to work on /Users/admin/anaconda3/lib/python3.11/site-packages/airflow/example_dags/example_bash_operator.py
[2025-05-04T23:44:00.672+0300] {processor.py:830} INFO - Processing file /Users/admin/anaconda3/lib/python3.11/site-packages/airflow/example_dags/example_bash_operator.py for tasks to queue
[2025-05-04T23:44:00.672+0300] {logging_mixin.py:188} INFO - [2025-05-04T23:44:00.672+0300] {dagbag.py:540} INFO - Filling up the DagBag from /Users/admin/anaconda3/lib/python3.11/site-packages/airflow/example_dags/example_bash_operator.py
[2025-05-04T23:44:00.680+0300] {processor.py:840} INFO - DAG(s) 'example_bash_operator' retrieved from /Users/admin/anaconda3/lib/python3.11/site-packages/airflow/example_dags/example_bash_operator.py
[2025-05-04T23:44:00.745+0300] {logging_mixin.py:188} INFO - [2025-05-04T23:44:00.745+0300] {dag.py:3047} INFO - Sync 1 DAGs
[2025-05-04T23:44:00.755+0300] {logging_mixin.py:188} INFO - [2025-05-04T23:44:00.755+0300] {dag.py:3834} INFO - Setting next_dagrun for example_bash_operator to 2025-05-03 00:00:00+00:00, run_after=2025-05-04 00:00:00+00:00
[2025-05-04T23:44:00.765+0300] {processor.py:183} INFO - Processing /Users/admin/anaconda3/lib/python3.11/site-packages/airflow/example_dags/example_bash_operator.py took 0.095 seconds
[2025-05-04T23:47:02.931+0300] {processor.py:161} INFO - Started process (PID=27097) to work on /Users/admin/anaconda3/lib/python3.11/site-packages/airflow/example_dags/example_bash_operator.py
[2025-05-04T23:47:02.932+0300] {processor.py:830} INFO - Processing file /Users/admin/anaconda3/lib/python3.11/site-packages/airflow/example_dags/example_bash_operator.py for tasks to queue
[2025-05-04T23:47:02.933+0300] {logging_mixin.py:188} INFO - [2025-05-04T23:47:02.932+0300] {dagbag.py:540} INFO - Filling up the DagBag from /Users/admin/anaconda3/lib/python3.11/site-packages/airflow/example_dags/example_bash_operator.py
[2025-05-04T23:47:02.940+0300] {processor.py:840} INFO - DAG(s) 'example_bash_operator' retrieved from /Users/admin/anaconda3/lib/python3.11/site-packages/airflow/example_dags/example_bash_operator.py
[2025-05-04T23:47:03.004+0300] {logging_mixin.py:188} INFO - [2025-05-04T23:47:03.004+0300] {dag.py:3047} INFO - Sync 1 DAGs
[2025-05-04T23:47:03.014+0300] {logging_mixin.py:188} INFO - [2025-05-04T23:47:03.014+0300] {dag.py:3834} INFO - Setting next_dagrun for example_bash_operator to 2025-05-03 00:00:00+00:00, run_after=2025-05-04 00:00:00+00:00
[2025-05-04T23:47:03.024+0300] {processor.py:183} INFO - Processing /Users/admin/anaconda3/lib/python3.11/site-packages/airflow/example_dags/example_bash_operator.py took 0.094 seconds
[2025-05-04T23:50:01.796+0300] {processor.py:161} INFO - Started process (PID=27932) to work on /Users/admin/anaconda3/lib/python3.11/site-packages/airflow/example_dags/example_bash_operator.py
[2025-05-04T23:50:01.797+0300] {processor.py:830} INFO - Processing file /Users/admin/anaconda3/lib/python3.11/site-packages/airflow/example_dags/example_bash_operator.py for tasks to queue
[2025-05-04T23:50:01.798+0300] {logging_mixin.py:188} INFO - [2025-05-04T23:50:01.797+0300] {dagbag.py:540} INFO - Filling up the DagBag from /Users/admin/anaconda3/lib/python3.11/site-packages/airflow/example_dags/example_bash_operator.py
[2025-05-04T23:50:01.805+0300] {processor.py:840} INFO - DAG(s) 'example_bash_operator' retrieved from /Users/admin/anaconda3/lib/python3.11/site-packages/airflow/example_dags/example_bash_operator.py
[2025-05-04T23:50:01.870+0300] {logging_mixin.py:188} INFO - [2025-05-04T23:50:01.870+0300] {dag.py:3047} INFO - Sync 1 DAGs
[2025-05-04T23:50:01.880+0300] {logging_mixin.py:188} INFO - [2025-05-04T23:50:01.880+0300] {dag.py:3834} INFO - Setting next_dagrun for example_bash_operator to 2025-05-03 00:00:00+00:00, run_after=2025-05-04 00:00:00+00:00
[2025-05-04T23:50:01.891+0300] {processor.py:183} INFO - Processing /Users/admin/anaconda3/lib/python3.11/site-packages/airflow/example_dags/example_bash_operator.py took 0.096 seconds
[2025-05-04T23:53:13.247+0300] {processor.py:161} INFO - Started process (PID=28825) to work on /Users/admin/anaconda3/lib/python3.11/site-packages/airflow/example_dags/example_bash_operator.py
[2025-05-04T23:53:13.249+0300] {processor.py:830} INFO - Processing file /Users/admin/anaconda3/lib/python3.11/site-packages/airflow/example_dags/example_bash_operator.py for tasks to queue
[2025-05-04T23:53:13.249+0300] {logging_mixin.py:188} INFO - [2025-05-04T23:53:13.249+0300] {dagbag.py:540} INFO - Filling up the DagBag from /Users/admin/anaconda3/lib/python3.11/site-packages/airflow/example_dags/example_bash_operator.py
[2025-05-04T23:53:13.257+0300] {processor.py:840} INFO - DAG(s) 'example_bash_operator' retrieved from /Users/admin/anaconda3/lib/python3.11/site-packages/airflow/example_dags/example_bash_operator.py
[2025-05-04T23:53:13.321+0300] {logging_mixin.py:188} INFO - [2025-05-04T23:53:13.321+0300] {dag.py:3047} INFO - Sync 1 DAGs
[2025-05-04T23:53:13.332+0300] {logging_mixin.py:188} INFO - [2025-05-04T23:53:13.332+0300] {dag.py:3834} INFO - Setting next_dagrun for example_bash_operator to 2025-05-03 00:00:00+00:00, run_after=2025-05-04 00:00:00+00:00
[2025-05-04T23:53:13.342+0300] {processor.py:183} INFO - Processing /Users/admin/anaconda3/lib/python3.11/site-packages/airflow/example_dags/example_bash_operator.py took 0.095 seconds
