[2025-05-04T22:11:06.866+0300] {processor.py:161} INFO - Started process (PID=14156) to work on /Users/admin/anaconda3/lib/python3.11/site-packages/airflow/example_dags/example_task_group_decorator.py
[2025-05-04T22:11:06.867+0300] {processor.py:830} INFO - Processing file /Users/admin/anaconda3/lib/python3.11/site-packages/airflow/example_dags/example_task_group_decorator.py for tasks to queue
[2025-05-04T22:11:06.867+0300] {logging_mixin.py:188} INFO - [2025-05-04T22:11:06.867+0300] {dagbag.py:540} INFO - Filling up the DagBag from /Users/admin/anaconda3/lib/python3.11/site-packages/airflow/example_dags/example_task_group_decorator.py
[2025-05-04T22:11:06.893+0300] {processor.py:840} INFO - DAG(s) 'example_task_group_decorator' retrieved from /Users/admin/anaconda3/lib/python3.11/site-packages/airflow/example_dags/example_task_group_decorator.py
[2025-05-04T22:11:07.003+0300] {logging_mixin.py:188} INFO - [2025-05-04T22:11:07.002+0300] {dag.py:3047} INFO - Sync 1 DAGs
[2025-05-04T22:11:07.011+0300] {logging_mixin.py:188} INFO - [2025-05-04T22:11:07.011+0300] {dag.py:3834} INFO - Setting next_dagrun for example_task_group_decorator to 2025-05-03 00:00:00+00:00, run_after=2025-05-04 00:00:00+00:00
[2025-05-04T22:11:07.026+0300] {processor.py:183} INFO - Processing /Users/admin/anaconda3/lib/python3.11/site-packages/airflow/example_dags/example_task_group_decorator.py took 0.160 seconds
[2025-05-04T22:13:01.733+0300] {processor.py:161} INFO - Started process (PID=14702) to work on /Users/admin/anaconda3/lib/python3.11/site-packages/airflow/example_dags/example_task_group_decorator.py
[2025-05-04T22:13:01.735+0300] {processor.py:830} INFO - Processing file /Users/admin/anaconda3/lib/python3.11/site-packages/airflow/example_dags/example_task_group_decorator.py for tasks to queue
[2025-05-04T22:13:01.735+0300] {logging_mixin.py:188} INFO - [2025-05-04T22:13:01.735+0300] {dagbag.py:540} INFO - Filling up the DagBag from /Users/admin/anaconda3/lib/python3.11/site-packages/airflow/example_dags/example_task_group_decorator.py
[2025-05-04T22:13:01.760+0300] {processor.py:840} INFO - DAG(s) 'example_task_group_decorator' retrieved from /Users/admin/anaconda3/lib/python3.11/site-packages/airflow/example_dags/example_task_group_decorator.py
[2025-05-04T22:13:01.822+0300] {logging_mixin.py:188} INFO - [2025-05-04T22:13:01.822+0300] {dag.py:3047} INFO - Sync 1 DAGs
[2025-05-04T22:13:01.832+0300] {logging_mixin.py:188} INFO - [2025-05-04T22:13:01.832+0300] {dag.py:3834} INFO - Setting next_dagrun for example_task_group_decorator to 2025-05-03 00:00:00+00:00, run_after=2025-05-04 00:00:00+00:00
[2025-05-04T22:13:01.842+0300] {processor.py:183} INFO - Processing /Users/admin/anaconda3/lib/python3.11/site-packages/airflow/example_dags/example_task_group_decorator.py took 0.110 seconds
[2025-05-04T22:14:22.913+0300] {processor.py:161} INFO - Started process (PID=15092) to work on /Users/admin/anaconda3/lib/python3.11/site-packages/airflow/example_dags/example_task_group_decorator.py
[2025-05-04T22:14:22.914+0300] {processor.py:830} INFO - Processing file /Users/admin/anaconda3/lib/python3.11/site-packages/airflow/example_dags/example_task_group_decorator.py for tasks to queue
[2025-05-04T22:14:22.914+0300] {logging_mixin.py:188} INFO - [2025-05-04T22:14:22.914+0300] {dagbag.py:540} INFO - Filling up the DagBag from /Users/admin/anaconda3/lib/python3.11/site-packages/airflow/example_dags/example_task_group_decorator.py
[2025-05-04T22:14:22.939+0300] {processor.py:840} INFO - DAG(s) 'example_task_group_decorator' retrieved from /Users/admin/anaconda3/lib/python3.11/site-packages/airflow/example_dags/example_task_group_decorator.py
[2025-05-04T22:14:23.008+0300] {logging_mixin.py:188} INFO - [2025-05-04T22:14:23.007+0300] {dag.py:3047} INFO - Sync 1 DAGs
[2025-05-04T22:14:23.020+0300] {logging_mixin.py:188} INFO - [2025-05-04T22:14:23.019+0300] {dag.py:3834} INFO - Setting next_dagrun for example_task_group_decorator to 2025-05-03 00:00:00+00:00, run_after=2025-05-04 00:00:00+00:00
[2025-05-04T22:14:23.030+0300] {processor.py:183} INFO - Processing /Users/admin/anaconda3/lib/python3.11/site-packages/airflow/example_dags/example_task_group_decorator.py took 0.117 seconds
[2025-05-04T22:15:44.142+0300] {processor.py:161} INFO - Started process (PID=15469) to work on /Users/admin/anaconda3/lib/python3.11/site-packages/airflow/example_dags/example_task_group_decorator.py
[2025-05-04T22:15:44.142+0300] {processor.py:830} INFO - Processing file /Users/admin/anaconda3/lib/python3.11/site-packages/airflow/example_dags/example_task_group_decorator.py for tasks to queue
[2025-05-04T22:15:44.143+0300] {logging_mixin.py:188} INFO - [2025-05-04T22:15:44.143+0300] {dagbag.py:540} INFO - Filling up the DagBag from /Users/admin/anaconda3/lib/python3.11/site-packages/airflow/example_dags/example_task_group_decorator.py
[2025-05-04T22:15:44.168+0300] {processor.py:840} INFO - DAG(s) 'example_task_group_decorator' retrieved from /Users/admin/anaconda3/lib/python3.11/site-packages/airflow/example_dags/example_task_group_decorator.py
[2025-05-04T22:15:44.231+0300] {logging_mixin.py:188} INFO - [2025-05-04T22:15:44.231+0300] {dag.py:3047} INFO - Sync 1 DAGs
[2025-05-04T22:15:44.242+0300] {logging_mixin.py:188} INFO - [2025-05-04T22:15:44.242+0300] {dag.py:3834} INFO - Setting next_dagrun for example_task_group_decorator to 2025-05-03 00:00:00+00:00, run_after=2025-05-04 00:00:00+00:00
[2025-05-04T22:15:44.252+0300] {processor.py:183} INFO - Processing /Users/admin/anaconda3/lib/python3.11/site-packages/airflow/example_dags/example_task_group_decorator.py took 0.111 seconds
[2025-05-04T22:17:08.574+0300] {processor.py:161} INFO - Started process (PID=15885) to work on /Users/admin/anaconda3/lib/python3.11/site-packages/airflow/example_dags/example_task_group_decorator.py
[2025-05-04T22:17:08.575+0300] {processor.py:830} INFO - Processing file /Users/admin/anaconda3/lib/python3.11/site-packages/airflow/example_dags/example_task_group_decorator.py for tasks to queue
[2025-05-04T22:17:08.576+0300] {logging_mixin.py:188} INFO - [2025-05-04T22:17:08.576+0300] {dagbag.py:540} INFO - Filling up the DagBag from /Users/admin/anaconda3/lib/python3.11/site-packages/airflow/example_dags/example_task_group_decorator.py
[2025-05-04T22:17:08.601+0300] {processor.py:840} INFO - DAG(s) 'example_task_group_decorator' retrieved from /Users/admin/anaconda3/lib/python3.11/site-packages/airflow/example_dags/example_task_group_decorator.py
[2025-05-04T22:17:08.663+0300] {logging_mixin.py:188} INFO - [2025-05-04T22:17:08.663+0300] {dag.py:3047} INFO - Sync 1 DAGs
[2025-05-04T22:17:08.674+0300] {logging_mixin.py:188} INFO - [2025-05-04T22:17:08.674+0300] {dag.py:3834} INFO - Setting next_dagrun for example_task_group_decorator to 2025-05-03 00:00:00+00:00, run_after=2025-05-04 00:00:00+00:00
[2025-05-04T22:17:08.684+0300] {processor.py:183} INFO - Processing /Users/admin/anaconda3/lib/python3.11/site-packages/airflow/example_dags/example_task_group_decorator.py took 0.110 seconds
[2025-05-04T22:18:34.465+0300] {processor.py:161} INFO - Started process (PID=16288) to work on /Users/admin/anaconda3/lib/python3.11/site-packages/airflow/example_dags/example_task_group_decorator.py
[2025-05-04T22:18:34.467+0300] {processor.py:830} INFO - Processing file /Users/admin/anaconda3/lib/python3.11/site-packages/airflow/example_dags/example_task_group_decorator.py for tasks to queue
[2025-05-04T22:18:34.467+0300] {logging_mixin.py:188} INFO - [2025-05-04T22:18:34.467+0300] {dagbag.py:540} INFO - Filling up the DagBag from /Users/admin/anaconda3/lib/python3.11/site-packages/airflow/example_dags/example_task_group_decorator.py
[2025-05-04T22:18:34.492+0300] {processor.py:840} INFO - DAG(s) 'example_task_group_decorator' retrieved from /Users/admin/anaconda3/lib/python3.11/site-packages/airflow/example_dags/example_task_group_decorator.py
[2025-05-04T22:18:34.555+0300] {logging_mixin.py:188} INFO - [2025-05-04T22:18:34.554+0300] {dag.py:3047} INFO - Sync 1 DAGs
[2025-05-04T22:18:34.565+0300] {logging_mixin.py:188} INFO - [2025-05-04T22:18:34.565+0300] {dag.py:3834} INFO - Setting next_dagrun for example_task_group_decorator to 2025-05-03 00:00:00+00:00, run_after=2025-05-04 00:00:00+00:00
[2025-05-04T22:18:34.575+0300] {processor.py:183} INFO - Processing /Users/admin/anaconda3/lib/python3.11/site-packages/airflow/example_dags/example_task_group_decorator.py took 0.110 seconds
[2025-05-04T22:26:48.491+0300] {processor.py:161} INFO - Started process (PID=16719) to work on /Users/admin/anaconda3/lib/python3.11/site-packages/airflow/example_dags/example_task_group_decorator.py
[2025-05-04T22:26:48.492+0300] {processor.py:830} INFO - Processing file /Users/admin/anaconda3/lib/python3.11/site-packages/airflow/example_dags/example_task_group_decorator.py for tasks to queue
[2025-05-04T22:26:48.492+0300] {logging_mixin.py:188} INFO - [2025-05-04T22:26:48.492+0300] {dagbag.py:540} INFO - Filling up the DagBag from /Users/admin/anaconda3/lib/python3.11/site-packages/airflow/example_dags/example_task_group_decorator.py
[2025-05-04T22:26:48.521+0300] {processor.py:840} INFO - DAG(s) 'example_task_group_decorator' retrieved from /Users/admin/anaconda3/lib/python3.11/site-packages/airflow/example_dags/example_task_group_decorator.py
[2025-05-04T22:26:48.591+0300] {logging_mixin.py:188} INFO - [2025-05-04T22:26:48.591+0300] {dag.py:3047} INFO - Sync 1 DAGs
[2025-05-04T22:26:48.603+0300] {logging_mixin.py:188} INFO - [2025-05-04T22:26:48.602+0300] {dag.py:3834} INFO - Setting next_dagrun for example_task_group_decorator to 2025-05-03 00:00:00+00:00, run_after=2025-05-04 00:00:00+00:00
[2025-05-04T22:26:48.614+0300] {processor.py:183} INFO - Processing /Users/admin/anaconda3/lib/python3.11/site-packages/airflow/example_dags/example_task_group_decorator.py took 0.124 seconds
[2025-05-04T22:28:11.222+0300] {processor.py:161} INFO - Started process (PID=17110) to work on /Users/admin/anaconda3/lib/python3.11/site-packages/airflow/example_dags/example_task_group_decorator.py
[2025-05-04T22:28:11.223+0300] {processor.py:830} INFO - Processing file /Users/admin/anaconda3/lib/python3.11/site-packages/airflow/example_dags/example_task_group_decorator.py for tasks to queue
[2025-05-04T22:28:11.224+0300] {logging_mixin.py:188} INFO - [2025-05-04T22:28:11.224+0300] {dagbag.py:540} INFO - Filling up the DagBag from /Users/admin/anaconda3/lib/python3.11/site-packages/airflow/example_dags/example_task_group_decorator.py
[2025-05-04T22:28:11.250+0300] {processor.py:840} INFO - DAG(s) 'example_task_group_decorator' retrieved from /Users/admin/anaconda3/lib/python3.11/site-packages/airflow/example_dags/example_task_group_decorator.py
[2025-05-04T22:28:11.313+0300] {logging_mixin.py:188} INFO - [2025-05-04T22:28:11.313+0300] {dag.py:3047} INFO - Sync 1 DAGs
[2025-05-04T22:28:11.324+0300] {logging_mixin.py:188} INFO - [2025-05-04T22:28:11.324+0300] {dag.py:3834} INFO - Setting next_dagrun for example_task_group_decorator to 2025-05-03 00:00:00+00:00, run_after=2025-05-04 00:00:00+00:00
[2025-05-04T22:28:11.334+0300] {processor.py:183} INFO - Processing /Users/admin/anaconda3/lib/python3.11/site-packages/airflow/example_dags/example_task_group_decorator.py took 0.113 seconds
[2025-05-04T22:29:33.379+0300] {processor.py:161} INFO - Started process (PID=17497) to work on /Users/admin/anaconda3/lib/python3.11/site-packages/airflow/example_dags/example_task_group_decorator.py
[2025-05-04T22:29:33.380+0300] {processor.py:830} INFO - Processing file /Users/admin/anaconda3/lib/python3.11/site-packages/airflow/example_dags/example_task_group_decorator.py for tasks to queue
[2025-05-04T22:29:33.381+0300] {logging_mixin.py:188} INFO - [2025-05-04T22:29:33.380+0300] {dagbag.py:540} INFO - Filling up the DagBag from /Users/admin/anaconda3/lib/python3.11/site-packages/airflow/example_dags/example_task_group_decorator.py
[2025-05-04T22:29:33.405+0300] {processor.py:840} INFO - DAG(s) 'example_task_group_decorator' retrieved from /Users/admin/anaconda3/lib/python3.11/site-packages/airflow/example_dags/example_task_group_decorator.py
[2025-05-04T22:29:33.468+0300] {logging_mixin.py:188} INFO - [2025-05-04T22:29:33.468+0300] {dag.py:3047} INFO - Sync 1 DAGs
[2025-05-04T22:29:33.478+0300] {logging_mixin.py:188} INFO - [2025-05-04T22:29:33.478+0300] {dag.py:3834} INFO - Setting next_dagrun for example_task_group_decorator to 2025-05-03 00:00:00+00:00, run_after=2025-05-04 00:00:00+00:00
[2025-05-04T22:29:33.488+0300] {processor.py:183} INFO - Processing /Users/admin/anaconda3/lib/python3.11/site-packages/airflow/example_dags/example_task_group_decorator.py took 0.110 seconds
[2025-05-04T22:30:54.375+0300] {processor.py:161} INFO - Started process (PID=17894) to work on /Users/admin/anaconda3/lib/python3.11/site-packages/airflow/example_dags/example_task_group_decorator.py
[2025-05-04T22:30:54.376+0300] {processor.py:830} INFO - Processing file /Users/admin/anaconda3/lib/python3.11/site-packages/airflow/example_dags/example_task_group_decorator.py for tasks to queue
[2025-05-04T22:30:54.377+0300] {logging_mixin.py:188} INFO - [2025-05-04T22:30:54.376+0300] {dagbag.py:540} INFO - Filling up the DagBag from /Users/admin/anaconda3/lib/python3.11/site-packages/airflow/example_dags/example_task_group_decorator.py
[2025-05-04T22:30:54.402+0300] {processor.py:840} INFO - DAG(s) 'example_task_group_decorator' retrieved from /Users/admin/anaconda3/lib/python3.11/site-packages/airflow/example_dags/example_task_group_decorator.py
[2025-05-04T22:30:54.464+0300] {logging_mixin.py:188} INFO - [2025-05-04T22:30:54.464+0300] {dag.py:3047} INFO - Sync 1 DAGs
[2025-05-04T22:30:54.474+0300] {logging_mixin.py:188} INFO - [2025-05-04T22:30:54.474+0300] {dag.py:3834} INFO - Setting next_dagrun for example_task_group_decorator to 2025-05-03 00:00:00+00:00, run_after=2025-05-04 00:00:00+00:00
[2025-05-04T22:30:54.484+0300] {processor.py:183} INFO - Processing /Users/admin/anaconda3/lib/python3.11/site-packages/airflow/example_dags/example_task_group_decorator.py took 0.110 seconds
[2025-05-04T23:16:12.630+0300] {processor.py:161} INFO - Started process (PID=18373) to work on /Users/admin/anaconda3/lib/python3.11/site-packages/airflow/example_dags/example_task_group_decorator.py
[2025-05-04T23:16:12.631+0300] {processor.py:830} INFO - Processing file /Users/admin/anaconda3/lib/python3.11/site-packages/airflow/example_dags/example_task_group_decorator.py for tasks to queue
[2025-05-04T23:16:12.631+0300] {logging_mixin.py:188} INFO - [2025-05-04T23:16:12.631+0300] {dagbag.py:540} INFO - Filling up the DagBag from /Users/admin/anaconda3/lib/python3.11/site-packages/airflow/example_dags/example_task_group_decorator.py
[2025-05-04T23:16:12.656+0300] {processor.py:840} INFO - DAG(s) 'example_task_group_decorator' retrieved from /Users/admin/anaconda3/lib/python3.11/site-packages/airflow/example_dags/example_task_group_decorator.py
[2025-05-04T23:16:12.717+0300] {logging_mixin.py:188} INFO - [2025-05-04T23:16:12.717+0300] {dag.py:3047} INFO - Sync 1 DAGs
[2025-05-04T23:16:12.727+0300] {logging_mixin.py:188} INFO - [2025-05-04T23:16:12.727+0300] {dag.py:3834} INFO - Setting next_dagrun for example_task_group_decorator to 2025-05-03 00:00:00+00:00, run_after=2025-05-04 00:00:00+00:00
[2025-05-04T23:16:12.737+0300] {processor.py:183} INFO - Processing /Users/admin/anaconda3/lib/python3.11/site-packages/airflow/example_dags/example_task_group_decorator.py took 0.107 seconds
[2025-05-04T23:17:34.883+0300] {processor.py:161} INFO - Started process (PID=18767) to work on /Users/admin/anaconda3/lib/python3.11/site-packages/airflow/example_dags/example_task_group_decorator.py
[2025-05-04T23:17:34.884+0300] {processor.py:830} INFO - Processing file /Users/admin/anaconda3/lib/python3.11/site-packages/airflow/example_dags/example_task_group_decorator.py for tasks to queue
[2025-05-04T23:17:34.884+0300] {logging_mixin.py:188} INFO - [2025-05-04T23:17:34.884+0300] {dagbag.py:540} INFO - Filling up the DagBag from /Users/admin/anaconda3/lib/python3.11/site-packages/airflow/example_dags/example_task_group_decorator.py
[2025-05-04T23:17:34.910+0300] {processor.py:840} INFO - DAG(s) 'example_task_group_decorator' retrieved from /Users/admin/anaconda3/lib/python3.11/site-packages/airflow/example_dags/example_task_group_decorator.py
[2025-05-04T23:17:34.973+0300] {logging_mixin.py:188} INFO - [2025-05-04T23:17:34.973+0300] {dag.py:3047} INFO - Sync 1 DAGs
[2025-05-04T23:17:34.984+0300] {logging_mixin.py:188} INFO - [2025-05-04T23:17:34.984+0300] {dag.py:3834} INFO - Setting next_dagrun for example_task_group_decorator to 2025-05-03 00:00:00+00:00, run_after=2025-05-04 00:00:00+00:00
[2025-05-04T23:17:34.994+0300] {processor.py:183} INFO - Processing /Users/admin/anaconda3/lib/python3.11/site-packages/airflow/example_dags/example_task_group_decorator.py took 0.112 seconds
[2025-05-04T23:18:58.142+0300] {processor.py:161} INFO - Started process (PID=19163) to work on /Users/admin/anaconda3/lib/python3.11/site-packages/airflow/example_dags/example_task_group_decorator.py
[2025-05-04T23:18:58.143+0300] {processor.py:830} INFO - Processing file /Users/admin/anaconda3/lib/python3.11/site-packages/airflow/example_dags/example_task_group_decorator.py for tasks to queue
[2025-05-04T23:18:58.144+0300] {logging_mixin.py:188} INFO - [2025-05-04T23:18:58.144+0300] {dagbag.py:540} INFO - Filling up the DagBag from /Users/admin/anaconda3/lib/python3.11/site-packages/airflow/example_dags/example_task_group_decorator.py
[2025-05-04T23:18:58.169+0300] {processor.py:840} INFO - DAG(s) 'example_task_group_decorator' retrieved from /Users/admin/anaconda3/lib/python3.11/site-packages/airflow/example_dags/example_task_group_decorator.py
[2025-05-04T23:18:58.231+0300] {logging_mixin.py:188} INFO - [2025-05-04T23:18:58.231+0300] {dag.py:3047} INFO - Sync 1 DAGs
[2025-05-04T23:18:58.241+0300] {logging_mixin.py:188} INFO - [2025-05-04T23:18:58.241+0300] {dag.py:3834} INFO - Setting next_dagrun for example_task_group_decorator to 2025-05-03 00:00:00+00:00, run_after=2025-05-04 00:00:00+00:00
[2025-05-04T23:18:58.251+0300] {processor.py:183} INFO - Processing /Users/admin/anaconda3/lib/python3.11/site-packages/airflow/example_dags/example_task_group_decorator.py took 0.109 seconds
[2025-05-04T23:20:19.275+0300] {processor.py:161} INFO - Started process (PID=19540) to work on /Users/admin/anaconda3/lib/python3.11/site-packages/airflow/example_dags/example_task_group_decorator.py
[2025-05-04T23:20:19.276+0300] {processor.py:830} INFO - Processing file /Users/admin/anaconda3/lib/python3.11/site-packages/airflow/example_dags/example_task_group_decorator.py for tasks to queue
[2025-05-04T23:20:19.277+0300] {logging_mixin.py:188} INFO - [2025-05-04T23:20:19.276+0300] {dagbag.py:540} INFO - Filling up the DagBag from /Users/admin/anaconda3/lib/python3.11/site-packages/airflow/example_dags/example_task_group_decorator.py
[2025-05-04T23:20:19.303+0300] {processor.py:840} INFO - DAG(s) 'example_task_group_decorator' retrieved from /Users/admin/anaconda3/lib/python3.11/site-packages/airflow/example_dags/example_task_group_decorator.py
[2025-05-04T23:20:19.367+0300] {logging_mixin.py:188} INFO - [2025-05-04T23:20:19.367+0300] {dag.py:3047} INFO - Sync 1 DAGs
[2025-05-04T23:20:19.377+0300] {logging_mixin.py:188} INFO - [2025-05-04T23:20:19.377+0300] {dag.py:3834} INFO - Setting next_dagrun for example_task_group_decorator to 2025-05-03 00:00:00+00:00, run_after=2025-05-04 00:00:00+00:00
[2025-05-04T23:20:19.387+0300] {processor.py:183} INFO - Processing /Users/admin/anaconda3/lib/python3.11/site-packages/airflow/example_dags/example_task_group_decorator.py took 0.113 seconds
[2025-05-04T23:21:47.259+0300] {processor.py:161} INFO - Started process (PID=19958) to work on /Users/admin/anaconda3/lib/python3.11/site-packages/airflow/example_dags/example_task_group_decorator.py
[2025-05-04T23:21:47.260+0300] {processor.py:830} INFO - Processing file /Users/admin/anaconda3/lib/python3.11/site-packages/airflow/example_dags/example_task_group_decorator.py for tasks to queue
[2025-05-04T23:21:47.261+0300] {logging_mixin.py:188} INFO - [2025-05-04T23:21:47.261+0300] {dagbag.py:540} INFO - Filling up the DagBag from /Users/admin/anaconda3/lib/python3.11/site-packages/airflow/example_dags/example_task_group_decorator.py
[2025-05-04T23:21:47.286+0300] {processor.py:840} INFO - DAG(s) 'example_task_group_decorator' retrieved from /Users/admin/anaconda3/lib/python3.11/site-packages/airflow/example_dags/example_task_group_decorator.py
[2025-05-04T23:21:47.348+0300] {logging_mixin.py:188} INFO - [2025-05-04T23:21:47.347+0300] {dag.py:3047} INFO - Sync 1 DAGs
[2025-05-04T23:21:47.358+0300] {logging_mixin.py:188} INFO - [2025-05-04T23:21:47.358+0300] {dag.py:3834} INFO - Setting next_dagrun for example_task_group_decorator to 2025-05-03 00:00:00+00:00, run_after=2025-05-04 00:00:00+00:00
[2025-05-04T23:21:47.368+0300] {processor.py:183} INFO - Processing /Users/admin/anaconda3/lib/python3.11/site-packages/airflow/example_dags/example_task_group_decorator.py took 0.109 seconds
[2025-05-04T23:23:17.369+0300] {processor.py:161} INFO - Started process (PID=20377) to work on /Users/admin/anaconda3/lib/python3.11/site-packages/airflow/example_dags/example_task_group_decorator.py
[2025-05-04T23:23:17.371+0300] {processor.py:830} INFO - Processing file /Users/admin/anaconda3/lib/python3.11/site-packages/airflow/example_dags/example_task_group_decorator.py for tasks to queue
[2025-05-04T23:23:17.371+0300] {logging_mixin.py:188} INFO - [2025-05-04T23:23:17.371+0300] {dagbag.py:540} INFO - Filling up the DagBag from /Users/admin/anaconda3/lib/python3.11/site-packages/airflow/example_dags/example_task_group_decorator.py
[2025-05-04T23:23:17.396+0300] {processor.py:840} INFO - DAG(s) 'example_task_group_decorator' retrieved from /Users/admin/anaconda3/lib/python3.11/site-packages/airflow/example_dags/example_task_group_decorator.py
[2025-05-04T23:23:17.458+0300] {logging_mixin.py:188} INFO - [2025-05-04T23:23:17.457+0300] {dag.py:3047} INFO - Sync 1 DAGs
[2025-05-04T23:23:17.468+0300] {logging_mixin.py:188} INFO - [2025-05-04T23:23:17.468+0300] {dag.py:3834} INFO - Setting next_dagrun for example_task_group_decorator to 2025-05-03 00:00:00+00:00, run_after=2025-05-04 00:00:00+00:00
[2025-05-04T23:23:17.478+0300] {processor.py:183} INFO - Processing /Users/admin/anaconda3/lib/python3.11/site-packages/airflow/example_dags/example_task_group_decorator.py took 0.109 seconds
[2025-05-04T23:24:44.269+0300] {processor.py:161} INFO - Started process (PID=20784) to work on /Users/admin/anaconda3/lib/python3.11/site-packages/airflow/example_dags/example_task_group_decorator.py
[2025-05-04T23:24:44.270+0300] {processor.py:830} INFO - Processing file /Users/admin/anaconda3/lib/python3.11/site-packages/airflow/example_dags/example_task_group_decorator.py for tasks to queue
[2025-05-04T23:24:44.270+0300] {logging_mixin.py:188} INFO - [2025-05-04T23:24:44.270+0300] {dagbag.py:540} INFO - Filling up the DagBag from /Users/admin/anaconda3/lib/python3.11/site-packages/airflow/example_dags/example_task_group_decorator.py
[2025-05-04T23:24:44.295+0300] {processor.py:840} INFO - DAG(s) 'example_task_group_decorator' retrieved from /Users/admin/anaconda3/lib/python3.11/site-packages/airflow/example_dags/example_task_group_decorator.py
[2025-05-04T23:24:44.357+0300] {logging_mixin.py:188} INFO - [2025-05-04T23:24:44.357+0300] {dag.py:3047} INFO - Sync 1 DAGs
[2025-05-04T23:24:44.368+0300] {logging_mixin.py:188} INFO - [2025-05-04T23:24:44.368+0300] {dag.py:3834} INFO - Setting next_dagrun for example_task_group_decorator to 2025-05-03 00:00:00+00:00, run_after=2025-05-04 00:00:00+00:00
[2025-05-04T23:24:44.378+0300] {processor.py:183} INFO - Processing /Users/admin/anaconda3/lib/python3.11/site-packages/airflow/example_dags/example_task_group_decorator.py took 0.110 seconds
[2025-05-04T23:26:11.474+0300] {processor.py:161} INFO - Started process (PID=21195) to work on /Users/admin/anaconda3/lib/python3.11/site-packages/airflow/example_dags/example_task_group_decorator.py
[2025-05-04T23:26:11.475+0300] {processor.py:830} INFO - Processing file /Users/admin/anaconda3/lib/python3.11/site-packages/airflow/example_dags/example_task_group_decorator.py for tasks to queue
[2025-05-04T23:26:11.475+0300] {logging_mixin.py:188} INFO - [2025-05-04T23:26:11.475+0300] {dagbag.py:540} INFO - Filling up the DagBag from /Users/admin/anaconda3/lib/python3.11/site-packages/airflow/example_dags/example_task_group_decorator.py
[2025-05-04T23:26:11.500+0300] {processor.py:840} INFO - DAG(s) 'example_task_group_decorator' retrieved from /Users/admin/anaconda3/lib/python3.11/site-packages/airflow/example_dags/example_task_group_decorator.py
[2025-05-04T23:26:11.565+0300] {logging_mixin.py:188} INFO - [2025-05-04T23:26:11.565+0300] {dag.py:3047} INFO - Sync 1 DAGs
[2025-05-04T23:26:11.576+0300] {logging_mixin.py:188} INFO - [2025-05-04T23:26:11.576+0300] {dag.py:3834} INFO - Setting next_dagrun for example_task_group_decorator to 2025-05-03 00:00:00+00:00, run_after=2025-05-04 00:00:00+00:00
[2025-05-04T23:26:11.586+0300] {processor.py:183} INFO - Processing /Users/admin/anaconda3/lib/python3.11/site-packages/airflow/example_dags/example_task_group_decorator.py took 0.113 seconds
[2025-05-04T23:27:36.953+0300] {processor.py:161} INFO - Started process (PID=21603) to work on /Users/admin/anaconda3/lib/python3.11/site-packages/airflow/example_dags/example_task_group_decorator.py
[2025-05-04T23:27:36.954+0300] {processor.py:830} INFO - Processing file /Users/admin/anaconda3/lib/python3.11/site-packages/airflow/example_dags/example_task_group_decorator.py for tasks to queue
[2025-05-04T23:27:36.955+0300] {logging_mixin.py:188} INFO - [2025-05-04T23:27:36.954+0300] {dagbag.py:540} INFO - Filling up the DagBag from /Users/admin/anaconda3/lib/python3.11/site-packages/airflow/example_dags/example_task_group_decorator.py
[2025-05-04T23:27:36.979+0300] {processor.py:840} INFO - DAG(s) 'example_task_group_decorator' retrieved from /Users/admin/anaconda3/lib/python3.11/site-packages/airflow/example_dags/example_task_group_decorator.py
[2025-05-04T23:27:37.041+0300] {logging_mixin.py:188} INFO - [2025-05-04T23:27:37.040+0300] {dag.py:3047} INFO - Sync 1 DAGs
[2025-05-04T23:27:37.051+0300] {logging_mixin.py:188} INFO - [2025-05-04T23:27:37.050+0300] {dag.py:3834} INFO - Setting next_dagrun for example_task_group_decorator to 2025-05-03 00:00:00+00:00, run_after=2025-05-04 00:00:00+00:00
[2025-05-04T23:27:37.060+0300] {processor.py:183} INFO - Processing /Users/admin/anaconda3/lib/python3.11/site-packages/airflow/example_dags/example_task_group_decorator.py took 0.108 seconds
[2025-05-04T23:29:06.815+0300] {processor.py:161} INFO - Started process (PID=22025) to work on /Users/admin/anaconda3/lib/python3.11/site-packages/airflow/example_dags/example_task_group_decorator.py
[2025-05-04T23:29:06.816+0300] {processor.py:830} INFO - Processing file /Users/admin/anaconda3/lib/python3.11/site-packages/airflow/example_dags/example_task_group_decorator.py for tasks to queue
[2025-05-04T23:29:06.816+0300] {logging_mixin.py:188} INFO - [2025-05-04T23:29:06.816+0300] {dagbag.py:540} INFO - Filling up the DagBag from /Users/admin/anaconda3/lib/python3.11/site-packages/airflow/example_dags/example_task_group_decorator.py
[2025-05-04T23:29:06.841+0300] {processor.py:840} INFO - DAG(s) 'example_task_group_decorator' retrieved from /Users/admin/anaconda3/lib/python3.11/site-packages/airflow/example_dags/example_task_group_decorator.py
[2025-05-04T23:29:06.903+0300] {logging_mixin.py:188} INFO - [2025-05-04T23:29:06.903+0300] {dag.py:3047} INFO - Sync 1 DAGs
[2025-05-04T23:29:06.913+0300] {logging_mixin.py:188} INFO - [2025-05-04T23:29:06.913+0300] {dag.py:3834} INFO - Setting next_dagrun for example_task_group_decorator to 2025-05-03 00:00:00+00:00, run_after=2025-05-04 00:00:00+00:00
[2025-05-04T23:29:06.923+0300] {processor.py:183} INFO - Processing /Users/admin/anaconda3/lib/python3.11/site-packages/airflow/example_dags/example_task_group_decorator.py took 0.109 seconds
[2025-05-04T23:30:33.258+0300] {processor.py:161} INFO - Started process (PID=22453) to work on /Users/admin/anaconda3/lib/python3.11/site-packages/airflow/example_dags/example_task_group_decorator.py
[2025-05-04T23:30:33.259+0300] {processor.py:830} INFO - Processing file /Users/admin/anaconda3/lib/python3.11/site-packages/airflow/example_dags/example_task_group_decorator.py for tasks to queue
[2025-05-04T23:30:33.259+0300] {logging_mixin.py:188} INFO - [2025-05-04T23:30:33.259+0300] {dagbag.py:540} INFO - Filling up the DagBag from /Users/admin/anaconda3/lib/python3.11/site-packages/airflow/example_dags/example_task_group_decorator.py
[2025-05-04T23:30:33.286+0300] {processor.py:840} INFO - DAG(s) 'example_task_group_decorator' retrieved from /Users/admin/anaconda3/lib/python3.11/site-packages/airflow/example_dags/example_task_group_decorator.py
[2025-05-04T23:30:33.348+0300] {logging_mixin.py:188} INFO - [2025-05-04T23:30:33.348+0300] {dag.py:3047} INFO - Sync 1 DAGs
[2025-05-04T23:30:33.359+0300] {logging_mixin.py:188} INFO - [2025-05-04T23:30:33.359+0300] {dag.py:3834} INFO - Setting next_dagrun for example_task_group_decorator to 2025-05-03 00:00:00+00:00, run_after=2025-05-04 00:00:00+00:00
[2025-05-04T23:30:33.369+0300] {processor.py:183} INFO - Processing /Users/admin/anaconda3/lib/python3.11/site-packages/airflow/example_dags/example_task_group_decorator.py took 0.112 seconds
[2025-05-04T23:32:05.900+0300] {processor.py:161} INFO - Started process (PID=22886) to work on /Users/admin/anaconda3/lib/python3.11/site-packages/airflow/example_dags/example_task_group_decorator.py
[2025-05-04T23:32:05.901+0300] {processor.py:830} INFO - Processing file /Users/admin/anaconda3/lib/python3.11/site-packages/airflow/example_dags/example_task_group_decorator.py for tasks to queue
[2025-05-04T23:32:05.902+0300] {logging_mixin.py:188} INFO - [2025-05-04T23:32:05.902+0300] {dagbag.py:540} INFO - Filling up the DagBag from /Users/admin/anaconda3/lib/python3.11/site-packages/airflow/example_dags/example_task_group_decorator.py
[2025-05-04T23:32:05.928+0300] {processor.py:840} INFO - DAG(s) 'example_task_group_decorator' retrieved from /Users/admin/anaconda3/lib/python3.11/site-packages/airflow/example_dags/example_task_group_decorator.py
[2025-05-04T23:32:05.990+0300] {logging_mixin.py:188} INFO - [2025-05-04T23:32:05.990+0300] {dag.py:3047} INFO - Sync 1 DAGs
[2025-05-04T23:32:06.001+0300] {logging_mixin.py:188} INFO - [2025-05-04T23:32:06.001+0300] {dag.py:3834} INFO - Setting next_dagrun for example_task_group_decorator to 2025-05-03 00:00:00+00:00, run_after=2025-05-04 00:00:00+00:00
[2025-05-04T23:32:06.011+0300] {processor.py:183} INFO - Processing /Users/admin/anaconda3/lib/python3.11/site-packages/airflow/example_dags/example_task_group_decorator.py took 0.111 seconds
[2025-05-04T23:33:33.279+0300] {processor.py:161} INFO - Started process (PID=23290) to work on /Users/admin/anaconda3/lib/python3.11/site-packages/airflow/example_dags/example_task_group_decorator.py
[2025-05-04T23:33:33.280+0300] {processor.py:830} INFO - Processing file /Users/admin/anaconda3/lib/python3.11/site-packages/airflow/example_dags/example_task_group_decorator.py for tasks to queue
[2025-05-04T23:33:33.281+0300] {logging_mixin.py:188} INFO - [2025-05-04T23:33:33.281+0300] {dagbag.py:540} INFO - Filling up the DagBag from /Users/admin/anaconda3/lib/python3.11/site-packages/airflow/example_dags/example_task_group_decorator.py
[2025-05-04T23:33:33.307+0300] {processor.py:840} INFO - DAG(s) 'example_task_group_decorator' retrieved from /Users/admin/anaconda3/lib/python3.11/site-packages/airflow/example_dags/example_task_group_decorator.py
[2025-05-04T23:33:33.374+0300] {logging_mixin.py:188} INFO - [2025-05-04T23:33:33.374+0300] {dag.py:3047} INFO - Sync 1 DAGs
[2025-05-04T23:33:33.385+0300] {logging_mixin.py:188} INFO - [2025-05-04T23:33:33.385+0300] {dag.py:3834} INFO - Setting next_dagrun for example_task_group_decorator to 2025-05-03 00:00:00+00:00, run_after=2025-05-04 00:00:00+00:00
[2025-05-04T23:33:33.397+0300] {processor.py:183} INFO - Processing /Users/admin/anaconda3/lib/python3.11/site-packages/airflow/example_dags/example_task_group_decorator.py took 0.118 seconds
[2025-05-04T23:35:05.526+0300] {processor.py:161} INFO - Started process (PID=23724) to work on /Users/admin/anaconda3/lib/python3.11/site-packages/airflow/example_dags/example_task_group_decorator.py
[2025-05-04T23:35:05.528+0300] {processor.py:830} INFO - Processing file /Users/admin/anaconda3/lib/python3.11/site-packages/airflow/example_dags/example_task_group_decorator.py for tasks to queue
[2025-05-04T23:35:05.528+0300] {logging_mixin.py:188} INFO - [2025-05-04T23:35:05.528+0300] {dagbag.py:540} INFO - Filling up the DagBag from /Users/admin/anaconda3/lib/python3.11/site-packages/airflow/example_dags/example_task_group_decorator.py
[2025-05-04T23:35:05.555+0300] {processor.py:840} INFO - DAG(s) 'example_task_group_decorator' retrieved from /Users/admin/anaconda3/lib/python3.11/site-packages/airflow/example_dags/example_task_group_decorator.py
[2025-05-04T23:35:05.617+0300] {logging_mixin.py:188} INFO - [2025-05-04T23:35:05.617+0300] {dag.py:3047} INFO - Sync 1 DAGs
[2025-05-04T23:35:05.628+0300] {logging_mixin.py:188} INFO - [2025-05-04T23:35:05.628+0300] {dag.py:3834} INFO - Setting next_dagrun for example_task_group_decorator to 2025-05-03 00:00:00+00:00, run_after=2025-05-04 00:00:00+00:00
[2025-05-04T23:35:05.638+0300] {processor.py:183} INFO - Processing /Users/admin/anaconda3/lib/python3.11/site-packages/airflow/example_dags/example_task_group_decorator.py took 0.112 seconds
[2025-05-04T23:36:36.618+0300] {processor.py:161} INFO - Started process (PID=24168) to work on /Users/admin/anaconda3/lib/python3.11/site-packages/airflow/example_dags/example_task_group_decorator.py
[2025-05-04T23:36:36.619+0300] {processor.py:830} INFO - Processing file /Users/admin/anaconda3/lib/python3.11/site-packages/airflow/example_dags/example_task_group_decorator.py for tasks to queue
[2025-05-04T23:36:36.620+0300] {logging_mixin.py:188} INFO - [2025-05-04T23:36:36.620+0300] {dagbag.py:540} INFO - Filling up the DagBag from /Users/admin/anaconda3/lib/python3.11/site-packages/airflow/example_dags/example_task_group_decorator.py
[2025-05-04T23:36:36.644+0300] {processor.py:840} INFO - DAG(s) 'example_task_group_decorator' retrieved from /Users/admin/anaconda3/lib/python3.11/site-packages/airflow/example_dags/example_task_group_decorator.py
[2025-05-04T23:36:36.707+0300] {logging_mixin.py:188} INFO - [2025-05-04T23:36:36.706+0300] {dag.py:3047} INFO - Sync 1 DAGs
[2025-05-04T23:36:36.717+0300] {logging_mixin.py:188} INFO - [2025-05-04T23:36:36.717+0300] {dag.py:3834} INFO - Setting next_dagrun for example_task_group_decorator to 2025-05-03 00:00:00+00:00, run_after=2025-05-04 00:00:00+00:00
[2025-05-04T23:36:36.727+0300] {processor.py:183} INFO - Processing /Users/admin/anaconda3/lib/python3.11/site-packages/airflow/example_dags/example_task_group_decorator.py took 0.110 seconds
[2025-05-04T23:38:06.491+0300] {processor.py:161} INFO - Started process (PID=24602) to work on /Users/admin/anaconda3/lib/python3.11/site-packages/airflow/example_dags/example_task_group_decorator.py
[2025-05-04T23:38:06.492+0300] {processor.py:830} INFO - Processing file /Users/admin/anaconda3/lib/python3.11/site-packages/airflow/example_dags/example_task_group_decorator.py for tasks to queue
[2025-05-04T23:38:06.492+0300] {logging_mixin.py:188} INFO - [2025-05-04T23:38:06.492+0300] {dagbag.py:540} INFO - Filling up the DagBag from /Users/admin/anaconda3/lib/python3.11/site-packages/airflow/example_dags/example_task_group_decorator.py
[2025-05-04T23:38:06.517+0300] {processor.py:840} INFO - DAG(s) 'example_task_group_decorator' retrieved from /Users/admin/anaconda3/lib/python3.11/site-packages/airflow/example_dags/example_task_group_decorator.py
[2025-05-04T23:38:06.580+0300] {logging_mixin.py:188} INFO - [2025-05-04T23:38:06.579+0300] {dag.py:3047} INFO - Sync 1 DAGs
[2025-05-04T23:38:06.590+0300] {logging_mixin.py:188} INFO - [2025-05-04T23:38:06.589+0300] {dag.py:3834} INFO - Setting next_dagrun for example_task_group_decorator to 2025-05-03 00:00:00+00:00, run_after=2025-05-04 00:00:00+00:00
[2025-05-04T23:38:06.599+0300] {processor.py:183} INFO - Processing /Users/admin/anaconda3/lib/python3.11/site-packages/airflow/example_dags/example_task_group_decorator.py took 0.109 seconds
[2025-05-04T23:39:36.945+0300] {processor.py:161} INFO - Started process (PID=25035) to work on /Users/admin/anaconda3/lib/python3.11/site-packages/airflow/example_dags/example_task_group_decorator.py
[2025-05-04T23:39:36.946+0300] {processor.py:830} INFO - Processing file /Users/admin/anaconda3/lib/python3.11/site-packages/airflow/example_dags/example_task_group_decorator.py for tasks to queue
[2025-05-04T23:39:36.946+0300] {logging_mixin.py:188} INFO - [2025-05-04T23:39:36.946+0300] {dagbag.py:540} INFO - Filling up the DagBag from /Users/admin/anaconda3/lib/python3.11/site-packages/airflow/example_dags/example_task_group_decorator.py
[2025-05-04T23:39:36.971+0300] {processor.py:840} INFO - DAG(s) 'example_task_group_decorator' retrieved from /Users/admin/anaconda3/lib/python3.11/site-packages/airflow/example_dags/example_task_group_decorator.py
[2025-05-04T23:39:37.032+0300] {logging_mixin.py:188} INFO - [2025-05-04T23:39:37.032+0300] {dag.py:3047} INFO - Sync 1 DAGs
[2025-05-04T23:39:37.042+0300] {logging_mixin.py:188} INFO - [2025-05-04T23:39:37.042+0300] {dag.py:3834} INFO - Setting next_dagrun for example_task_group_decorator to 2025-05-03 00:00:00+00:00, run_after=2025-05-04 00:00:00+00:00
[2025-05-04T23:39:37.052+0300] {processor.py:183} INFO - Processing /Users/admin/anaconda3/lib/python3.11/site-packages/airflow/example_dags/example_task_group_decorator.py took 0.108 seconds
[2025-05-04T23:41:20.447+0300] {processor.py:161} INFO - Started process (PID=25511) to work on /Users/admin/anaconda3/lib/python3.11/site-packages/airflow/example_dags/example_task_group_decorator.py
[2025-05-04T23:41:20.449+0300] {processor.py:830} INFO - Processing file /Users/admin/anaconda3/lib/python3.11/site-packages/airflow/example_dags/example_task_group_decorator.py for tasks to queue
[2025-05-04T23:41:20.449+0300] {logging_mixin.py:188} INFO - [2025-05-04T23:41:20.449+0300] {dagbag.py:540} INFO - Filling up the DagBag from /Users/admin/anaconda3/lib/python3.11/site-packages/airflow/example_dags/example_task_group_decorator.py
[2025-05-04T23:41:20.483+0300] {processor.py:840} INFO - DAG(s) 'example_task_group_decorator' retrieved from /Users/admin/anaconda3/lib/python3.11/site-packages/airflow/example_dags/example_task_group_decorator.py
[2025-05-04T23:41:20.562+0300] {logging_mixin.py:188} INFO - [2025-05-04T23:41:20.562+0300] {dag.py:3047} INFO - Sync 1 DAGs
[2025-05-04T23:41:20.575+0300] {logging_mixin.py:188} INFO - [2025-05-04T23:41:20.575+0300] {dag.py:3834} INFO - Setting next_dagrun for example_task_group_decorator to 2025-05-03 00:00:00+00:00, run_after=2025-05-04 00:00:00+00:00
[2025-05-04T23:41:20.589+0300] {processor.py:183} INFO - Processing /Users/admin/anaconda3/lib/python3.11/site-packages/airflow/example_dags/example_task_group_decorator.py took 0.142 seconds
[2025-05-04T23:43:05.281+0300] {processor.py:161} INFO - Started process (PID=25995) to work on /Users/admin/anaconda3/lib/python3.11/site-packages/airflow/example_dags/example_task_group_decorator.py
[2025-05-04T23:43:05.282+0300] {processor.py:830} INFO - Processing file /Users/admin/anaconda3/lib/python3.11/site-packages/airflow/example_dags/example_task_group_decorator.py for tasks to queue
[2025-05-04T23:43:05.283+0300] {logging_mixin.py:188} INFO - [2025-05-04T23:43:05.283+0300] {dagbag.py:540} INFO - Filling up the DagBag from /Users/admin/anaconda3/lib/python3.11/site-packages/airflow/example_dags/example_task_group_decorator.py
[2025-05-04T23:43:05.315+0300] {processor.py:840} INFO - DAG(s) 'example_task_group_decorator' retrieved from /Users/admin/anaconda3/lib/python3.11/site-packages/airflow/example_dags/example_task_group_decorator.py
[2025-05-04T23:43:05.389+0300] {logging_mixin.py:188} INFO - [2025-05-04T23:43:05.389+0300] {dag.py:3047} INFO - Sync 1 DAGs
[2025-05-04T23:43:05.402+0300] {logging_mixin.py:188} INFO - [2025-05-04T23:43:05.401+0300] {dag.py:3834} INFO - Setting next_dagrun for example_task_group_decorator to 2025-05-03 00:00:00+00:00, run_after=2025-05-04 00:00:00+00:00
[2025-05-04T23:43:05.415+0300] {processor.py:183} INFO - Processing /Users/admin/anaconda3/lib/python3.11/site-packages/airflow/example_dags/example_task_group_decorator.py took 0.135 seconds
[2025-05-04T23:44:46.614+0300] {processor.py:161} INFO - Started process (PID=26460) to work on /Users/admin/anaconda3/lib/python3.11/site-packages/airflow/example_dags/example_task_group_decorator.py
[2025-05-04T23:44:46.615+0300] {processor.py:830} INFO - Processing file /Users/admin/anaconda3/lib/python3.11/site-packages/airflow/example_dags/example_task_group_decorator.py for tasks to queue
[2025-05-04T23:44:46.616+0300] {logging_mixin.py:188} INFO - [2025-05-04T23:44:46.616+0300] {dagbag.py:540} INFO - Filling up the DagBag from /Users/admin/anaconda3/lib/python3.11/site-packages/airflow/example_dags/example_task_group_decorator.py
[2025-05-04T23:44:46.643+0300] {processor.py:840} INFO - DAG(s) 'example_task_group_decorator' retrieved from /Users/admin/anaconda3/lib/python3.11/site-packages/airflow/example_dags/example_task_group_decorator.py
[2025-05-04T23:44:46.705+0300] {logging_mixin.py:188} INFO - [2025-05-04T23:44:46.705+0300] {dag.py:3047} INFO - Sync 1 DAGs
[2025-05-04T23:44:46.716+0300] {logging_mixin.py:188} INFO - [2025-05-04T23:44:46.716+0300] {dag.py:3834} INFO - Setting next_dagrun for example_task_group_decorator to 2025-05-03 00:00:00+00:00, run_after=2025-05-04 00:00:00+00:00
[2025-05-04T23:44:46.726+0300] {processor.py:183} INFO - Processing /Users/admin/anaconda3/lib/python3.11/site-packages/airflow/example_dags/example_task_group_decorator.py took 0.112 seconds
[2025-05-04T23:46:21.976+0300] {processor.py:161} INFO - Started process (PID=26904) to work on /Users/admin/anaconda3/lib/python3.11/site-packages/airflow/example_dags/example_task_group_decorator.py
[2025-05-04T23:46:21.977+0300] {processor.py:830} INFO - Processing file /Users/admin/anaconda3/lib/python3.11/site-packages/airflow/example_dags/example_task_group_decorator.py for tasks to queue
[2025-05-04T23:46:21.978+0300] {logging_mixin.py:188} INFO - [2025-05-04T23:46:21.978+0300] {dagbag.py:540} INFO - Filling up the DagBag from /Users/admin/anaconda3/lib/python3.11/site-packages/airflow/example_dags/example_task_group_decorator.py
[2025-05-04T23:46:22.002+0300] {processor.py:840} INFO - DAG(s) 'example_task_group_decorator' retrieved from /Users/admin/anaconda3/lib/python3.11/site-packages/airflow/example_dags/example_task_group_decorator.py
[2025-05-04T23:46:22.064+0300] {logging_mixin.py:188} INFO - [2025-05-04T23:46:22.064+0300] {dag.py:3047} INFO - Sync 1 DAGs
[2025-05-04T23:46:22.075+0300] {logging_mixin.py:188} INFO - [2025-05-04T23:46:22.075+0300] {dag.py:3834} INFO - Setting next_dagrun for example_task_group_decorator to 2025-05-03 00:00:00+00:00, run_after=2025-05-04 00:00:00+00:00
[2025-05-04T23:46:22.085+0300] {processor.py:183} INFO - Processing /Users/admin/anaconda3/lib/python3.11/site-packages/airflow/example_dags/example_task_group_decorator.py took 0.109 seconds
[2025-05-04T23:47:50.324+0300] {processor.py:161} INFO - Started process (PID=27324) to work on /Users/admin/anaconda3/lib/python3.11/site-packages/airflow/example_dags/example_task_group_decorator.py
[2025-05-04T23:47:50.326+0300] {processor.py:830} INFO - Processing file /Users/admin/anaconda3/lib/python3.11/site-packages/airflow/example_dags/example_task_group_decorator.py for tasks to queue
[2025-05-04T23:47:50.326+0300] {logging_mixin.py:188} INFO - [2025-05-04T23:47:50.326+0300] {dagbag.py:540} INFO - Filling up the DagBag from /Users/admin/anaconda3/lib/python3.11/site-packages/airflow/example_dags/example_task_group_decorator.py
[2025-05-04T23:47:50.351+0300] {processor.py:840} INFO - DAG(s) 'example_task_group_decorator' retrieved from /Users/admin/anaconda3/lib/python3.11/site-packages/airflow/example_dags/example_task_group_decorator.py
[2025-05-04T23:47:50.413+0300] {logging_mixin.py:188} INFO - [2025-05-04T23:47:50.413+0300] {dag.py:3047} INFO - Sync 1 DAGs
[2025-05-04T23:47:50.423+0300] {logging_mixin.py:188} INFO - [2025-05-04T23:47:50.423+0300] {dag.py:3834} INFO - Setting next_dagrun for example_task_group_decorator to 2025-05-03 00:00:00+00:00, run_after=2025-05-04 00:00:00+00:00
[2025-05-04T23:47:50.433+0300] {processor.py:183} INFO - Processing /Users/admin/anaconda3/lib/python3.11/site-packages/airflow/example_dags/example_task_group_decorator.py took 0.109 seconds
[2025-05-04T23:49:20.732+0300] {processor.py:161} INFO - Started process (PID=27745) to work on /Users/admin/anaconda3/lib/python3.11/site-packages/airflow/example_dags/example_task_group_decorator.py
[2025-05-04T23:49:20.734+0300] {processor.py:830} INFO - Processing file /Users/admin/anaconda3/lib/python3.11/site-packages/airflow/example_dags/example_task_group_decorator.py for tasks to queue
[2025-05-04T23:49:20.734+0300] {logging_mixin.py:188} INFO - [2025-05-04T23:49:20.734+0300] {dagbag.py:540} INFO - Filling up the DagBag from /Users/admin/anaconda3/lib/python3.11/site-packages/airflow/example_dags/example_task_group_decorator.py
[2025-05-04T23:49:20.759+0300] {processor.py:840} INFO - DAG(s) 'example_task_group_decorator' retrieved from /Users/admin/anaconda3/lib/python3.11/site-packages/airflow/example_dags/example_task_group_decorator.py
[2025-05-04T23:49:20.822+0300] {logging_mixin.py:188} INFO - [2025-05-04T23:49:20.821+0300] {dag.py:3047} INFO - Sync 1 DAGs
[2025-05-04T23:49:20.832+0300] {logging_mixin.py:188} INFO - [2025-05-04T23:49:20.831+0300] {dag.py:3834} INFO - Setting next_dagrun for example_task_group_decorator to 2025-05-03 00:00:00+00:00, run_after=2025-05-04 00:00:00+00:00
[2025-05-04T23:49:20.842+0300] {processor.py:183} INFO - Processing /Users/admin/anaconda3/lib/python3.11/site-packages/airflow/example_dags/example_task_group_decorator.py took 0.110 seconds
[2025-05-04T23:50:49.135+0300] {processor.py:161} INFO - Started process (PID=28158) to work on /Users/admin/anaconda3/lib/python3.11/site-packages/airflow/example_dags/example_task_group_decorator.py
[2025-05-04T23:50:49.136+0300] {processor.py:830} INFO - Processing file /Users/admin/anaconda3/lib/python3.11/site-packages/airflow/example_dags/example_task_group_decorator.py for tasks to queue
[2025-05-04T23:50:49.137+0300] {logging_mixin.py:188} INFO - [2025-05-04T23:50:49.137+0300] {dagbag.py:540} INFO - Filling up the DagBag from /Users/admin/anaconda3/lib/python3.11/site-packages/airflow/example_dags/example_task_group_decorator.py
[2025-05-04T23:50:49.168+0300] {processor.py:840} INFO - DAG(s) 'example_task_group_decorator' retrieved from /Users/admin/anaconda3/lib/python3.11/site-packages/airflow/example_dags/example_task_group_decorator.py
[2025-05-04T23:50:49.255+0300] {logging_mixin.py:188} INFO - [2025-05-04T23:50:49.255+0300] {dag.py:3047} INFO - Sync 1 DAGs
[2025-05-04T23:50:49.268+0300] {logging_mixin.py:188} INFO - [2025-05-04T23:50:49.268+0300] {dag.py:3834} INFO - Setting next_dagrun for example_task_group_decorator to 2025-05-03 00:00:00+00:00, run_after=2025-05-04 00:00:00+00:00
[2025-05-04T23:50:49.286+0300] {processor.py:183} INFO - Processing /Users/admin/anaconda3/lib/python3.11/site-packages/airflow/example_dags/example_task_group_decorator.py took 0.152 seconds
[2025-05-04T23:52:32.005+0300] {processor.py:161} INFO - Started process (PID=28640) to work on /Users/admin/anaconda3/lib/python3.11/site-packages/airflow/example_dags/example_task_group_decorator.py
[2025-05-04T23:52:32.007+0300] {processor.py:830} INFO - Processing file /Users/admin/anaconda3/lib/python3.11/site-packages/airflow/example_dags/example_task_group_decorator.py for tasks to queue
[2025-05-04T23:52:32.007+0300] {logging_mixin.py:188} INFO - [2025-05-04T23:52:32.007+0300] {dagbag.py:540} INFO - Filling up the DagBag from /Users/admin/anaconda3/lib/python3.11/site-packages/airflow/example_dags/example_task_group_decorator.py
[2025-05-04T23:52:32.032+0300] {processor.py:840} INFO - DAG(s) 'example_task_group_decorator' retrieved from /Users/admin/anaconda3/lib/python3.11/site-packages/airflow/example_dags/example_task_group_decorator.py
[2025-05-04T23:52:32.095+0300] {logging_mixin.py:188} INFO - [2025-05-04T23:52:32.095+0300] {dag.py:3047} INFO - Sync 1 DAGs
[2025-05-04T23:52:32.105+0300] {logging_mixin.py:188} INFO - [2025-05-04T23:52:32.105+0300] {dag.py:3834} INFO - Setting next_dagrun for example_task_group_decorator to 2025-05-03 00:00:00+00:00, run_after=2025-05-04 00:00:00+00:00
[2025-05-04T23:52:32.115+0300] {processor.py:183} INFO - Processing /Users/admin/anaconda3/lib/python3.11/site-packages/airflow/example_dags/example_task_group_decorator.py took 0.111 seconds
[2025-05-04T23:58:29.216+0300] {processor.py:161} INFO - Started process (PID=29106) to work on /Users/admin/anaconda3/lib/python3.11/site-packages/airflow/example_dags/example_task_group_decorator.py
[2025-05-04T23:58:29.217+0300] {processor.py:830} INFO - Processing file /Users/admin/anaconda3/lib/python3.11/site-packages/airflow/example_dags/example_task_group_decorator.py for tasks to queue
[2025-05-04T23:58:29.217+0300] {logging_mixin.py:188} INFO - [2025-05-04T23:58:29.217+0300] {dagbag.py:540} INFO - Filling up the DagBag from /Users/admin/anaconda3/lib/python3.11/site-packages/airflow/example_dags/example_task_group_decorator.py
[2025-05-04T23:58:29.242+0300] {processor.py:840} INFO - DAG(s) 'example_task_group_decorator' retrieved from /Users/admin/anaconda3/lib/python3.11/site-packages/airflow/example_dags/example_task_group_decorator.py
[2025-05-04T23:58:29.303+0300] {logging_mixin.py:188} INFO - [2025-05-04T23:58:29.303+0300] {dag.py:3047} INFO - Sync 1 DAGs
[2025-05-04T23:58:29.313+0300] {logging_mixin.py:188} INFO - [2025-05-04T23:58:29.313+0300] {dag.py:3834} INFO - Setting next_dagrun for example_task_group_decorator to 2025-05-03 00:00:00+00:00, run_after=2025-05-04 00:00:00+00:00
[2025-05-04T23:58:29.323+0300] {processor.py:183} INFO - Processing /Users/admin/anaconda3/lib/python3.11/site-packages/airflow/example_dags/example_task_group_decorator.py took 0.108 seconds
