[2025-05-04T22:11:37.852+0300] {processor.py:161} INFO - Started process (PID=14308) to work on /Users/admin/anaconda3/lib/python3.11/site-packages/airflow/example_dags/example_params_ui_tutorial.py
[2025-05-04T22:11:37.852+0300] {processor.py:830} INFO - Processing file /Users/admin/anaconda3/lib/python3.11/site-packages/airflow/example_dags/example_params_ui_tutorial.py for tasks to queue
[2025-05-04T22:11:37.853+0300] {logging_mixin.py:188} INFO - [2025-05-04T22:11:37.853+0300] {dagbag.py:540} INFO - Filling up the DagBag from /Users/admin/anaconda3/lib/python3.11/site-packages/airflow/example_dags/example_params_ui_tutorial.py
[2025-05-04T22:11:37.876+0300] {processor.py:840} INFO - DAG(s) 'example_params_ui_tutorial' retrieved from /Users/admin/anaconda3/lib/python3.11/site-packages/airflow/example_dags/example_params_ui_tutorial.py
[2025-05-04T22:11:37.996+0300] {logging_mixin.py:188} INFO - [2025-05-04T22:11:37.995+0300] {dag.py:3047} INFO - Sync 1 DAGs
[2025-05-04T22:11:38.000+0300] {logging_mixin.py:188} INFO - [2025-05-04T22:11:38.000+0300] {dag.py:3834} INFO - Setting next_dagrun for example_params_ui_tutorial to None, run_after=None
[2025-05-04T22:11:38.011+0300] {processor.py:183} INFO - Processing /Users/admin/anaconda3/lib/python3.11/site-packages/airflow/example_dags/example_params_ui_tutorial.py took 0.160 seconds
[2025-05-04T22:13:31.451+0300] {processor.py:161} INFO - Started process (PID=14842) to work on /Users/admin/anaconda3/lib/python3.11/site-packages/airflow/example_dags/example_params_ui_tutorial.py
[2025-05-04T22:13:31.452+0300] {processor.py:830} INFO - Processing file /Users/admin/anaconda3/lib/python3.11/site-packages/airflow/example_dags/example_params_ui_tutorial.py for tasks to queue
[2025-05-04T22:13:31.453+0300] {logging_mixin.py:188} INFO - [2025-05-04T22:13:31.453+0300] {dagbag.py:540} INFO - Filling up the DagBag from /Users/admin/anaconda3/lib/python3.11/site-packages/airflow/example_dags/example_params_ui_tutorial.py
[2025-05-04T22:13:31.476+0300] {processor.py:840} INFO - DAG(s) 'example_params_ui_tutorial' retrieved from /Users/admin/anaconda3/lib/python3.11/site-packages/airflow/example_dags/example_params_ui_tutorial.py
[2025-05-04T22:13:31.549+0300] {logging_mixin.py:188} INFO - [2025-05-04T22:13:31.549+0300] {dag.py:3047} INFO - Sync 1 DAGs
[2025-05-04T22:13:31.555+0300] {logging_mixin.py:188} INFO - [2025-05-04T22:13:31.555+0300] {dag.py:3834} INFO - Setting next_dagrun for example_params_ui_tutorial to None, run_after=None
[2025-05-04T22:13:31.565+0300] {processor.py:183} INFO - Processing /Users/admin/anaconda3/lib/python3.11/site-packages/airflow/example_dags/example_params_ui_tutorial.py took 0.114 seconds
[2025-05-04T22:16:16.040+0300] {processor.py:161} INFO - Started process (PID=15628) to work on /Users/admin/anaconda3/lib/python3.11/site-packages/airflow/example_dags/example_params_ui_tutorial.py
[2025-05-04T22:16:16.042+0300] {processor.py:830} INFO - Processing file /Users/admin/anaconda3/lib/python3.11/site-packages/airflow/example_dags/example_params_ui_tutorial.py for tasks to queue
[2025-05-04T22:16:16.042+0300] {logging_mixin.py:188} INFO - [2025-05-04T22:16:16.042+0300] {dagbag.py:540} INFO - Filling up the DagBag from /Users/admin/anaconda3/lib/python3.11/site-packages/airflow/example_dags/example_params_ui_tutorial.py
[2025-05-04T22:16:16.065+0300] {processor.py:840} INFO - DAG(s) 'example_params_ui_tutorial' retrieved from /Users/admin/anaconda3/lib/python3.11/site-packages/airflow/example_dags/example_params_ui_tutorial.py
[2025-05-04T22:16:16.139+0300] {logging_mixin.py:188} INFO - [2025-05-04T22:16:16.138+0300] {dag.py:3047} INFO - Sync 1 DAGs
[2025-05-04T22:16:16.145+0300] {logging_mixin.py:188} INFO - [2025-05-04T22:16:16.145+0300] {dag.py:3834} INFO - Setting next_dagrun for example_params_ui_tutorial to None, run_after=None
[2025-05-04T22:16:16.155+0300] {processor.py:183} INFO - Processing /Users/admin/anaconda3/lib/python3.11/site-packages/airflow/example_dags/example_params_ui_tutorial.py took 0.116 seconds
[2025-05-04T22:25:57.526+0300] {processor.py:161} INFO - Started process (PID=16480) to work on /Users/admin/anaconda3/lib/python3.11/site-packages/airflow/example_dags/example_params_ui_tutorial.py
[2025-05-04T22:25:57.528+0300] {processor.py:830} INFO - Processing file /Users/admin/anaconda3/lib/python3.11/site-packages/airflow/example_dags/example_params_ui_tutorial.py for tasks to queue
[2025-05-04T22:25:57.528+0300] {logging_mixin.py:188} INFO - [2025-05-04T22:25:57.528+0300] {dagbag.py:540} INFO - Filling up the DagBag from /Users/admin/anaconda3/lib/python3.11/site-packages/airflow/example_dags/example_params_ui_tutorial.py
[2025-05-04T22:25:57.551+0300] {processor.py:840} INFO - DAG(s) 'example_params_ui_tutorial' retrieved from /Users/admin/anaconda3/lib/python3.11/site-packages/airflow/example_dags/example_params_ui_tutorial.py
[2025-05-04T22:25:57.624+0300] {logging_mixin.py:188} INFO - [2025-05-04T22:25:57.624+0300] {dag.py:3047} INFO - Sync 1 DAGs
[2025-05-04T22:25:57.630+0300] {logging_mixin.py:188} INFO - [2025-05-04T22:25:57.630+0300] {dag.py:3834} INFO - Setting next_dagrun for example_params_ui_tutorial to None, run_after=None
[2025-05-04T22:25:57.641+0300] {processor.py:183} INFO - Processing /Users/admin/anaconda3/lib/python3.11/site-packages/airflow/example_dags/example_params_ui_tutorial.py took 0.115 seconds
[2025-05-04T22:28:41.727+0300] {processor.py:161} INFO - Started process (PID=17254) to work on /Users/admin/anaconda3/lib/python3.11/site-packages/airflow/example_dags/example_params_ui_tutorial.py
[2025-05-04T22:28:41.728+0300] {processor.py:830} INFO - Processing file /Users/admin/anaconda3/lib/python3.11/site-packages/airflow/example_dags/example_params_ui_tutorial.py for tasks to queue
[2025-05-04T22:28:41.729+0300] {logging_mixin.py:188} INFO - [2025-05-04T22:28:41.729+0300] {dagbag.py:540} INFO - Filling up the DagBag from /Users/admin/anaconda3/lib/python3.11/site-packages/airflow/example_dags/example_params_ui_tutorial.py
[2025-05-04T22:28:41.753+0300] {processor.py:840} INFO - DAG(s) 'example_params_ui_tutorial' retrieved from /Users/admin/anaconda3/lib/python3.11/site-packages/airflow/example_dags/example_params_ui_tutorial.py
[2025-05-04T22:28:41.830+0300] {logging_mixin.py:188} INFO - [2025-05-04T22:28:41.830+0300] {dag.py:3047} INFO - Sync 1 DAGs
[2025-05-04T22:28:41.836+0300] {logging_mixin.py:188} INFO - [2025-05-04T22:28:41.836+0300] {dag.py:3834} INFO - Setting next_dagrun for example_params_ui_tutorial to None, run_after=None
[2025-05-04T22:28:41.846+0300] {processor.py:183} INFO - Processing /Users/admin/anaconda3/lib/python3.11/site-packages/airflow/example_dags/example_params_ui_tutorial.py took 0.119 seconds
[2025-05-04T22:31:24.739+0300] {processor.py:161} INFO - Started process (PID=18033) to work on /Users/admin/anaconda3/lib/python3.11/site-packages/airflow/example_dags/example_params_ui_tutorial.py
[2025-05-04T22:31:24.741+0300] {processor.py:830} INFO - Processing file /Users/admin/anaconda3/lib/python3.11/site-packages/airflow/example_dags/example_params_ui_tutorial.py for tasks to queue
[2025-05-04T22:31:24.741+0300] {logging_mixin.py:188} INFO - [2025-05-04T22:31:24.741+0300] {dagbag.py:540} INFO - Filling up the DagBag from /Users/admin/anaconda3/lib/python3.11/site-packages/airflow/example_dags/example_params_ui_tutorial.py
[2025-05-04T22:31:24.766+0300] {processor.py:840} INFO - DAG(s) 'example_params_ui_tutorial' retrieved from /Users/admin/anaconda3/lib/python3.11/site-packages/airflow/example_dags/example_params_ui_tutorial.py
[2025-05-04T22:31:24.843+0300] {logging_mixin.py:188} INFO - [2025-05-04T22:31:24.843+0300] {dag.py:3047} INFO - Sync 1 DAGs
[2025-05-04T22:31:24.850+0300] {logging_mixin.py:188} INFO - [2025-05-04T22:31:24.850+0300] {dag.py:3834} INFO - Setting next_dagrun for example_params_ui_tutorial to None, run_after=None
[2025-05-04T22:31:24.861+0300] {processor.py:183} INFO - Processing /Users/admin/anaconda3/lib/python3.11/site-packages/airflow/example_dags/example_params_ui_tutorial.py took 0.123 seconds
[2025-05-04T23:18:05.764+0300] {processor.py:161} INFO - Started process (PID=18919) to work on /Users/admin/anaconda3/lib/python3.11/site-packages/airflow/example_dags/example_params_ui_tutorial.py
[2025-05-04T23:18:05.766+0300] {processor.py:830} INFO - Processing file /Users/admin/anaconda3/lib/python3.11/site-packages/airflow/example_dags/example_params_ui_tutorial.py for tasks to queue
[2025-05-04T23:18:05.766+0300] {logging_mixin.py:188} INFO - [2025-05-04T23:18:05.766+0300] {dagbag.py:540} INFO - Filling up the DagBag from /Users/admin/anaconda3/lib/python3.11/site-packages/airflow/example_dags/example_params_ui_tutorial.py
[2025-05-04T23:18:05.793+0300] {processor.py:840} INFO - DAG(s) 'example_params_ui_tutorial' retrieved from /Users/admin/anaconda3/lib/python3.11/site-packages/airflow/example_dags/example_params_ui_tutorial.py
[2025-05-04T23:18:05.875+0300] {logging_mixin.py:188} INFO - [2025-05-04T23:18:05.875+0300] {dag.py:3047} INFO - Sync 1 DAGs
[2025-05-04T23:18:05.882+0300] {logging_mixin.py:188} INFO - [2025-05-04T23:18:05.882+0300] {dag.py:3834} INFO - Setting next_dagrun for example_params_ui_tutorial to None, run_after=None
[2025-05-04T23:18:05.895+0300] {processor.py:183} INFO - Processing /Users/admin/anaconda3/lib/python3.11/site-packages/airflow/example_dags/example_params_ui_tutorial.py took 0.131 seconds
[2025-05-04T23:20:49.912+0300] {processor.py:161} INFO - Started process (PID=19689) to work on /Users/admin/anaconda3/lib/python3.11/site-packages/airflow/example_dags/example_params_ui_tutorial.py
[2025-05-04T23:20:49.913+0300] {processor.py:830} INFO - Processing file /Users/admin/anaconda3/lib/python3.11/site-packages/airflow/example_dags/example_params_ui_tutorial.py for tasks to queue
[2025-05-04T23:20:49.913+0300] {logging_mixin.py:188} INFO - [2025-05-04T23:20:49.913+0300] {dagbag.py:540} INFO - Filling up the DagBag from /Users/admin/anaconda3/lib/python3.11/site-packages/airflow/example_dags/example_params_ui_tutorial.py
[2025-05-04T23:20:49.936+0300] {processor.py:840} INFO - DAG(s) 'example_params_ui_tutorial' retrieved from /Users/admin/anaconda3/lib/python3.11/site-packages/airflow/example_dags/example_params_ui_tutorial.py
[2025-05-04T23:20:50.009+0300] {logging_mixin.py:188} INFO - [2025-05-04T23:20:50.009+0300] {dag.py:3047} INFO - Sync 1 DAGs
[2025-05-04T23:20:50.015+0300] {logging_mixin.py:188} INFO - [2025-05-04T23:20:50.015+0300] {dag.py:3834} INFO - Setting next_dagrun for example_params_ui_tutorial to None, run_after=None
[2025-05-04T23:20:50.025+0300] {processor.py:183} INFO - Processing /Users/admin/anaconda3/lib/python3.11/site-packages/airflow/example_dags/example_params_ui_tutorial.py took 0.114 seconds
[2025-05-04T23:23:47.714+0300] {processor.py:161} INFO - Started process (PID=20517) to work on /Users/admin/anaconda3/lib/python3.11/site-packages/airflow/example_dags/example_params_ui_tutorial.py
[2025-05-04T23:23:47.715+0300] {processor.py:830} INFO - Processing file /Users/admin/anaconda3/lib/python3.11/site-packages/airflow/example_dags/example_params_ui_tutorial.py for tasks to queue
[2025-05-04T23:23:47.716+0300] {logging_mixin.py:188} INFO - [2025-05-04T23:23:47.715+0300] {dagbag.py:540} INFO - Filling up the DagBag from /Users/admin/anaconda3/lib/python3.11/site-packages/airflow/example_dags/example_params_ui_tutorial.py
[2025-05-04T23:23:47.739+0300] {processor.py:840} INFO - DAG(s) 'example_params_ui_tutorial' retrieved from /Users/admin/anaconda3/lib/python3.11/site-packages/airflow/example_dags/example_params_ui_tutorial.py
[2025-05-04T23:23:47.811+0300] {logging_mixin.py:188} INFO - [2025-05-04T23:23:47.811+0300] {dag.py:3047} INFO - Sync 1 DAGs
[2025-05-04T23:23:47.817+0300] {logging_mixin.py:188} INFO - [2025-05-04T23:23:47.817+0300] {dag.py:3834} INFO - Setting next_dagrun for example_params_ui_tutorial to None, run_after=None
[2025-05-04T23:23:47.828+0300] {processor.py:183} INFO - Processing /Users/admin/anaconda3/lib/python3.11/site-packages/airflow/example_dags/example_params_ui_tutorial.py took 0.115 seconds
[2025-05-04T23:26:41.431+0300] {processor.py:161} INFO - Started process (PID=21349) to work on /Users/admin/anaconda3/lib/python3.11/site-packages/airflow/example_dags/example_params_ui_tutorial.py
[2025-05-04T23:26:41.433+0300] {processor.py:830} INFO - Processing file /Users/admin/anaconda3/lib/python3.11/site-packages/airflow/example_dags/example_params_ui_tutorial.py for tasks to queue
[2025-05-04T23:26:41.433+0300] {logging_mixin.py:188} INFO - [2025-05-04T23:26:41.433+0300] {dagbag.py:540} INFO - Filling up the DagBag from /Users/admin/anaconda3/lib/python3.11/site-packages/airflow/example_dags/example_params_ui_tutorial.py
[2025-05-04T23:26:41.457+0300] {processor.py:840} INFO - DAG(s) 'example_params_ui_tutorial' retrieved from /Users/admin/anaconda3/lib/python3.11/site-packages/airflow/example_dags/example_params_ui_tutorial.py
[2025-05-04T23:26:41.530+0300] {logging_mixin.py:188} INFO - [2025-05-04T23:26:41.530+0300] {dag.py:3047} INFO - Sync 1 DAGs
[2025-05-04T23:26:41.536+0300] {logging_mixin.py:188} INFO - [2025-05-04T23:26:41.536+0300] {dag.py:3834} INFO - Setting next_dagrun for example_params_ui_tutorial to None, run_after=None
[2025-05-04T23:26:41.546+0300] {processor.py:183} INFO - Processing /Users/admin/anaconda3/lib/python3.11/site-packages/airflow/example_dags/example_params_ui_tutorial.py took 0.115 seconds
[2025-05-04T23:29:37.468+0300] {processor.py:161} INFO - Started process (PID=22184) to work on /Users/admin/anaconda3/lib/python3.11/site-packages/airflow/example_dags/example_params_ui_tutorial.py
[2025-05-04T23:29:37.469+0300] {processor.py:830} INFO - Processing file /Users/admin/anaconda3/lib/python3.11/site-packages/airflow/example_dags/example_params_ui_tutorial.py for tasks to queue
[2025-05-04T23:29:37.469+0300] {logging_mixin.py:188} INFO - [2025-05-04T23:29:37.469+0300] {dagbag.py:540} INFO - Filling up the DagBag from /Users/admin/anaconda3/lib/python3.11/site-packages/airflow/example_dags/example_params_ui_tutorial.py
[2025-05-04T23:29:37.495+0300] {processor.py:840} INFO - DAG(s) 'example_params_ui_tutorial' retrieved from /Users/admin/anaconda3/lib/python3.11/site-packages/airflow/example_dags/example_params_ui_tutorial.py
[2025-05-04T23:29:37.579+0300] {logging_mixin.py:188} INFO - [2025-05-04T23:29:37.578+0300] {dag.py:3047} INFO - Sync 1 DAGs
[2025-05-04T23:29:37.585+0300] {logging_mixin.py:188} INFO - [2025-05-04T23:29:37.585+0300] {dag.py:3834} INFO - Setting next_dagrun for example_params_ui_tutorial to None, run_after=None
[2025-05-04T23:29:37.597+0300] {processor.py:183} INFO - Processing /Users/admin/anaconda3/lib/python3.11/site-packages/airflow/example_dags/example_params_ui_tutorial.py took 0.130 seconds
[2025-05-04T23:32:34.738+0300] {processor.py:161} INFO - Started process (PID=23019) to work on /Users/admin/anaconda3/lib/python3.11/site-packages/airflow/example_dags/example_params_ui_tutorial.py
[2025-05-04T23:32:34.739+0300] {processor.py:830} INFO - Processing file /Users/admin/anaconda3/lib/python3.11/site-packages/airflow/example_dags/example_params_ui_tutorial.py for tasks to queue
[2025-05-04T23:32:34.739+0300] {logging_mixin.py:188} INFO - [2025-05-04T23:32:34.739+0300] {dagbag.py:540} INFO - Filling up the DagBag from /Users/admin/anaconda3/lib/python3.11/site-packages/airflow/example_dags/example_params_ui_tutorial.py
[2025-05-04T23:32:34.764+0300] {processor.py:840} INFO - DAG(s) 'example_params_ui_tutorial' retrieved from /Users/admin/anaconda3/lib/python3.11/site-packages/airflow/example_dags/example_params_ui_tutorial.py
[2025-05-04T23:32:34.838+0300] {logging_mixin.py:188} INFO - [2025-05-04T23:32:34.838+0300] {dag.py:3047} INFO - Sync 1 DAGs
[2025-05-04T23:32:34.844+0300] {logging_mixin.py:188} INFO - [2025-05-04T23:32:34.843+0300] {dag.py:3834} INFO - Setting next_dagrun for example_params_ui_tutorial to None, run_after=None
[2025-05-04T23:32:34.854+0300] {processor.py:183} INFO - Processing /Users/admin/anaconda3/lib/python3.11/site-packages/airflow/example_dags/example_params_ui_tutorial.py took 0.117 seconds
[2025-05-04T23:35:38.969+0300] {processor.py:161} INFO - Started process (PID=23890) to work on /Users/admin/anaconda3/lib/python3.11/site-packages/airflow/example_dags/example_params_ui_tutorial.py
[2025-05-04T23:35:38.970+0300] {processor.py:830} INFO - Processing file /Users/admin/anaconda3/lib/python3.11/site-packages/airflow/example_dags/example_params_ui_tutorial.py for tasks to queue
[2025-05-04T23:35:38.970+0300] {logging_mixin.py:188} INFO - [2025-05-04T23:35:38.970+0300] {dagbag.py:540} INFO - Filling up the DagBag from /Users/admin/anaconda3/lib/python3.11/site-packages/airflow/example_dags/example_params_ui_tutorial.py
[2025-05-04T23:35:38.993+0300] {processor.py:840} INFO - DAG(s) 'example_params_ui_tutorial' retrieved from /Users/admin/anaconda3/lib/python3.11/site-packages/airflow/example_dags/example_params_ui_tutorial.py
[2025-05-04T23:35:39.067+0300] {logging_mixin.py:188} INFO - [2025-05-04T23:35:39.066+0300] {dag.py:3047} INFO - Sync 1 DAGs
[2025-05-04T23:35:39.072+0300] {logging_mixin.py:188} INFO - [2025-05-04T23:35:39.072+0300] {dag.py:3834} INFO - Setting next_dagrun for example_params_ui_tutorial to None, run_after=None
[2025-05-04T23:35:39.083+0300] {processor.py:183} INFO - Processing /Users/admin/anaconda3/lib/python3.11/site-packages/airflow/example_dags/example_params_ui_tutorial.py took 0.115 seconds
[2025-05-04T23:38:38.369+0300] {processor.py:161} INFO - Started process (PID=24752) to work on /Users/admin/anaconda3/lib/python3.11/site-packages/airflow/example_dags/example_params_ui_tutorial.py
[2025-05-04T23:38:38.371+0300] {processor.py:830} INFO - Processing file /Users/admin/anaconda3/lib/python3.11/site-packages/airflow/example_dags/example_params_ui_tutorial.py for tasks to queue
[2025-05-04T23:38:38.371+0300] {logging_mixin.py:188} INFO - [2025-05-04T23:38:38.371+0300] {dagbag.py:540} INFO - Filling up the DagBag from /Users/admin/anaconda3/lib/python3.11/site-packages/airflow/example_dags/example_params_ui_tutorial.py
[2025-05-04T23:38:38.394+0300] {processor.py:840} INFO - DAG(s) 'example_params_ui_tutorial' retrieved from /Users/admin/anaconda3/lib/python3.11/site-packages/airflow/example_dags/example_params_ui_tutorial.py
[2025-05-04T23:38:38.467+0300] {logging_mixin.py:188} INFO - [2025-05-04T23:38:38.467+0300] {dag.py:3047} INFO - Sync 1 DAGs
[2025-05-04T23:38:38.473+0300] {logging_mixin.py:188} INFO - [2025-05-04T23:38:38.473+0300] {dag.py:3834} INFO - Setting next_dagrun for example_params_ui_tutorial to None, run_after=None
[2025-05-04T23:38:38.484+0300] {processor.py:183} INFO - Processing /Users/admin/anaconda3/lib/python3.11/site-packages/airflow/example_dags/example_params_ui_tutorial.py took 0.115 seconds
[2025-05-04T23:41:56.093+0300] {processor.py:161} INFO - Started process (PID=25676) to work on /Users/admin/anaconda3/lib/python3.11/site-packages/airflow/example_dags/example_params_ui_tutorial.py
[2025-05-04T23:41:56.094+0300] {processor.py:830} INFO - Processing file /Users/admin/anaconda3/lib/python3.11/site-packages/airflow/example_dags/example_params_ui_tutorial.py for tasks to queue
[2025-05-04T23:41:56.095+0300] {logging_mixin.py:188} INFO - [2025-05-04T23:41:56.095+0300] {dagbag.py:540} INFO - Filling up the DagBag from /Users/admin/anaconda3/lib/python3.11/site-packages/airflow/example_dags/example_params_ui_tutorial.py
[2025-05-04T23:41:56.118+0300] {processor.py:840} INFO - DAG(s) 'example_params_ui_tutorial' retrieved from /Users/admin/anaconda3/lib/python3.11/site-packages/airflow/example_dags/example_params_ui_tutorial.py
[2025-05-04T23:41:56.193+0300] {logging_mixin.py:188} INFO - [2025-05-04T23:41:56.192+0300] {dag.py:3047} INFO - Sync 1 DAGs
[2025-05-04T23:41:56.199+0300] {logging_mixin.py:188} INFO - [2025-05-04T23:41:56.198+0300] {dag.py:3834} INFO - Setting next_dagrun for example_params_ui_tutorial to None, run_after=None
[2025-05-04T23:41:56.209+0300] {processor.py:183} INFO - Processing /Users/admin/anaconda3/lib/python3.11/site-packages/airflow/example_dags/example_params_ui_tutorial.py took 0.116 seconds
[2025-05-04T23:45:17.279+0300] {processor.py:161} INFO - Started process (PID=26605) to work on /Users/admin/anaconda3/lib/python3.11/site-packages/airflow/example_dags/example_params_ui_tutorial.py
[2025-05-04T23:45:17.280+0300] {processor.py:830} INFO - Processing file /Users/admin/anaconda3/lib/python3.11/site-packages/airflow/example_dags/example_params_ui_tutorial.py for tasks to queue
[2025-05-04T23:45:17.281+0300] {logging_mixin.py:188} INFO - [2025-05-04T23:45:17.281+0300] {dagbag.py:540} INFO - Filling up the DagBag from /Users/admin/anaconda3/lib/python3.11/site-packages/airflow/example_dags/example_params_ui_tutorial.py
[2025-05-04T23:45:17.306+0300] {processor.py:840} INFO - DAG(s) 'example_params_ui_tutorial' retrieved from /Users/admin/anaconda3/lib/python3.11/site-packages/airflow/example_dags/example_params_ui_tutorial.py
[2025-05-04T23:45:17.381+0300] {logging_mixin.py:188} INFO - [2025-05-04T23:45:17.381+0300] {dag.py:3047} INFO - Sync 1 DAGs
[2025-05-04T23:45:17.388+0300] {logging_mixin.py:188} INFO - [2025-05-04T23:45:17.388+0300] {dag.py:3834} INFO - Setting next_dagrun for example_params_ui_tutorial to None, run_after=None
[2025-05-04T23:45:17.398+0300] {processor.py:183} INFO - Processing /Users/admin/anaconda3/lib/python3.11/site-packages/airflow/example_dags/example_params_ui_tutorial.py took 0.120 seconds
[2025-05-04T23:48:14.831+0300] {processor.py:161} INFO - Started process (PID=27433) to work on /Users/admin/anaconda3/lib/python3.11/site-packages/airflow/example_dags/example_params_ui_tutorial.py
[2025-05-04T23:48:14.832+0300] {processor.py:830} INFO - Processing file /Users/admin/anaconda3/lib/python3.11/site-packages/airflow/example_dags/example_params_ui_tutorial.py for tasks to queue
[2025-05-04T23:48:14.833+0300] {logging_mixin.py:188} INFO - [2025-05-04T23:48:14.833+0300] {dagbag.py:540} INFO - Filling up the DagBag from /Users/admin/anaconda3/lib/python3.11/site-packages/airflow/example_dags/example_params_ui_tutorial.py
[2025-05-04T23:48:14.856+0300] {processor.py:840} INFO - DAG(s) 'example_params_ui_tutorial' retrieved from /Users/admin/anaconda3/lib/python3.11/site-packages/airflow/example_dags/example_params_ui_tutorial.py
[2025-05-04T23:48:14.929+0300] {logging_mixin.py:188} INFO - [2025-05-04T23:48:14.929+0300] {dag.py:3047} INFO - Sync 1 DAGs
[2025-05-04T23:48:14.935+0300] {logging_mixin.py:188} INFO - [2025-05-04T23:48:14.935+0300] {dag.py:3834} INFO - Setting next_dagrun for example_params_ui_tutorial to None, run_after=None
[2025-05-04T23:48:14.945+0300] {processor.py:183} INFO - Processing /Users/admin/anaconda3/lib/python3.11/site-packages/airflow/example_dags/example_params_ui_tutorial.py took 0.115 seconds
[2025-05-04T23:51:13.871+0300] {processor.py:161} INFO - Started process (PID=28271) to work on /Users/admin/anaconda3/lib/python3.11/site-packages/airflow/example_dags/example_params_ui_tutorial.py
[2025-05-04T23:51:13.873+0300] {processor.py:830} INFO - Processing file /Users/admin/anaconda3/lib/python3.11/site-packages/airflow/example_dags/example_params_ui_tutorial.py for tasks to queue
[2025-05-04T23:51:13.874+0300] {logging_mixin.py:188} INFO - [2025-05-04T23:51:13.873+0300] {dagbag.py:540} INFO - Filling up the DagBag from /Users/admin/anaconda3/lib/python3.11/site-packages/airflow/example_dags/example_params_ui_tutorial.py
[2025-05-04T23:51:13.897+0300] {processor.py:840} INFO - DAG(s) 'example_params_ui_tutorial' retrieved from /Users/admin/anaconda3/lib/python3.11/site-packages/airflow/example_dags/example_params_ui_tutorial.py
[2025-05-04T23:51:13.970+0300] {logging_mixin.py:188} INFO - [2025-05-04T23:51:13.970+0300] {dag.py:3047} INFO - Sync 1 DAGs
[2025-05-04T23:51:13.976+0300] {logging_mixin.py:188} INFO - [2025-05-04T23:51:13.976+0300] {dag.py:3834} INFO - Setting next_dagrun for example_params_ui_tutorial to None, run_after=None
[2025-05-04T23:51:13.986+0300] {processor.py:183} INFO - Processing /Users/admin/anaconda3/lib/python3.11/site-packages/airflow/example_dags/example_params_ui_tutorial.py took 0.115 seconds
[2025-05-04T23:58:52.384+0300] {processor.py:161} INFO - Started process (PID=29213) to work on /Users/admin/anaconda3/lib/python3.11/site-packages/airflow/example_dags/example_params_ui_tutorial.py
[2025-05-04T23:58:52.385+0300] {processor.py:830} INFO - Processing file /Users/admin/anaconda3/lib/python3.11/site-packages/airflow/example_dags/example_params_ui_tutorial.py for tasks to queue
[2025-05-04T23:58:52.386+0300] {logging_mixin.py:188} INFO - [2025-05-04T23:58:52.386+0300] {dagbag.py:540} INFO - Filling up the DagBag from /Users/admin/anaconda3/lib/python3.11/site-packages/airflow/example_dags/example_params_ui_tutorial.py
[2025-05-04T23:58:52.408+0300] {processor.py:840} INFO - DAG(s) 'example_params_ui_tutorial' retrieved from /Users/admin/anaconda3/lib/python3.11/site-packages/airflow/example_dags/example_params_ui_tutorial.py
[2025-05-04T23:58:52.481+0300] {logging_mixin.py:188} INFO - [2025-05-04T23:58:52.481+0300] {dag.py:3047} INFO - Sync 1 DAGs
[2025-05-04T23:58:52.487+0300] {logging_mixin.py:188} INFO - [2025-05-04T23:58:52.487+0300] {dag.py:3834} INFO - Setting next_dagrun for example_params_ui_tutorial to None, run_after=None
[2025-05-04T23:58:52.497+0300] {processor.py:183} INFO - Processing /Users/admin/anaconda3/lib/python3.11/site-packages/airflow/example_dags/example_params_ui_tutorial.py took 0.114 seconds
