[2025-05-04T22:12:07.726+0300] {processor.py:161} INFO - Started process (PID=14448) to work on /Users/admin/anaconda3/lib/python3.11/site-packages/airflow/example_dags/example_branch_operator_decorator.py
[2025-05-04T22:12:07.726+0300] {processor.py:830} INFO - Processing file /Users/admin/anaconda3/lib/python3.11/site-packages/airflow/example_dags/example_branch_operator_decorator.py for tasks to queue
[2025-05-04T22:12:07.727+0300] {logging_mixin.py:188} INFO - [2025-05-04T22:12:07.727+0300] {dagbag.py:540} INFO - Filling up the DagBag from /Users/admin/anaconda3/lib/python3.11/site-packages/airflow/example_dags/example_branch_operator_decorator.py
[2025-05-04T22:12:07.755+0300] {processor.py:840} INFO - DAG(s) 'example_branch_python_operator_decorator' retrieved from /Users/admin/anaconda3/lib/python3.11/site-packages/airflow/example_dags/example_branch_operator_decorator.py
[2025-05-04T22:12:07.866+0300] {logging_mixin.py:188} INFO - [2025-05-04T22:12:07.866+0300] {dag.py:3047} INFO - Sync 1 DAGs
[2025-05-04T22:12:07.875+0300] {logging_mixin.py:188} INFO - [2025-05-04T22:12:07.875+0300] {dag.py:3834} INFO - Setting next_dagrun for example_branch_python_operator_decorator to 2025-05-03 00:00:00+00:00, run_after=2025-05-04 00:00:00+00:00
[2025-05-04T22:12:07.886+0300] {processor.py:183} INFO - Processing /Users/admin/anaconda3/lib/python3.11/site-packages/airflow/example_dags/example_branch_operator_decorator.py took 0.161 seconds
[2025-05-04T22:14:52.473+0300] {processor.py:161} INFO - Started process (PID=15232) to work on /Users/admin/anaconda3/lib/python3.11/site-packages/airflow/example_dags/example_branch_operator_decorator.py
[2025-05-04T22:14:52.474+0300] {processor.py:830} INFO - Processing file /Users/admin/anaconda3/lib/python3.11/site-packages/airflow/example_dags/example_branch_operator_decorator.py for tasks to queue
[2025-05-04T22:14:52.475+0300] {logging_mixin.py:188} INFO - [2025-05-04T22:14:52.475+0300] {dagbag.py:540} INFO - Filling up the DagBag from /Users/admin/anaconda3/lib/python3.11/site-packages/airflow/example_dags/example_branch_operator_decorator.py
[2025-05-04T22:14:52.503+0300] {processor.py:840} INFO - DAG(s) 'example_branch_python_operator_decorator' retrieved from /Users/admin/anaconda3/lib/python3.11/site-packages/airflow/example_dags/example_branch_operator_decorator.py
[2025-05-04T22:14:52.613+0300] {logging_mixin.py:188} INFO - [2025-05-04T22:14:52.613+0300] {dag.py:3047} INFO - Sync 1 DAGs
[2025-05-04T22:14:52.623+0300] {logging_mixin.py:188} INFO - [2025-05-04T22:14:52.623+0300] {dag.py:3834} INFO - Setting next_dagrun for example_branch_python_operator_decorator to 2025-05-03 00:00:00+00:00, run_after=2025-05-04 00:00:00+00:00
[2025-05-04T22:14:52.633+0300] {processor.py:183} INFO - Processing /Users/admin/anaconda3/lib/python3.11/site-packages/airflow/example_dags/example_branch_operator_decorator.py took 0.160 seconds
[2025-05-04T22:17:40.348+0300] {processor.py:161} INFO - Started process (PID=16030) to work on /Users/admin/anaconda3/lib/python3.11/site-packages/airflow/example_dags/example_branch_operator_decorator.py
[2025-05-04T22:17:40.348+0300] {processor.py:830} INFO - Processing file /Users/admin/anaconda3/lib/python3.11/site-packages/airflow/example_dags/example_branch_operator_decorator.py for tasks to queue
[2025-05-04T22:17:40.349+0300] {logging_mixin.py:188} INFO - [2025-05-04T22:17:40.349+0300] {dagbag.py:540} INFO - Filling up the DagBag from /Users/admin/anaconda3/lib/python3.11/site-packages/airflow/example_dags/example_branch_operator_decorator.py
[2025-05-04T22:17:40.377+0300] {processor.py:840} INFO - DAG(s) 'example_branch_python_operator_decorator' retrieved from /Users/admin/anaconda3/lib/python3.11/site-packages/airflow/example_dags/example_branch_operator_decorator.py
[2025-05-04T22:17:40.488+0300] {logging_mixin.py:188} INFO - [2025-05-04T22:17:40.487+0300] {dag.py:3047} INFO - Sync 1 DAGs
[2025-05-04T22:17:40.497+0300] {logging_mixin.py:188} INFO - [2025-05-04T22:17:40.497+0300] {dag.py:3834} INFO - Setting next_dagrun for example_branch_python_operator_decorator to 2025-05-03 00:00:00+00:00, run_after=2025-05-04 00:00:00+00:00
[2025-05-04T22:17:40.508+0300] {processor.py:183} INFO - Processing /Users/admin/anaconda3/lib/python3.11/site-packages/airflow/example_dags/example_branch_operator_decorator.py took 0.161 seconds
[2025-05-04T22:27:19.241+0300] {processor.py:161} INFO - Started process (PID=16866) to work on /Users/admin/anaconda3/lib/python3.11/site-packages/airflow/example_dags/example_branch_operator_decorator.py
[2025-05-04T22:27:19.243+0300] {processor.py:830} INFO - Processing file /Users/admin/anaconda3/lib/python3.11/site-packages/airflow/example_dags/example_branch_operator_decorator.py for tasks to queue
[2025-05-04T22:27:19.244+0300] {logging_mixin.py:188} INFO - [2025-05-04T22:27:19.244+0300] {dagbag.py:540} INFO - Filling up the DagBag from /Users/admin/anaconda3/lib/python3.11/site-packages/airflow/example_dags/example_branch_operator_decorator.py
[2025-05-04T22:27:19.283+0300] {processor.py:840} INFO - DAG(s) 'example_branch_python_operator_decorator' retrieved from /Users/admin/anaconda3/lib/python3.11/site-packages/airflow/example_dags/example_branch_operator_decorator.py
[2025-05-04T22:27:19.419+0300] {logging_mixin.py:188} INFO - [2025-05-04T22:27:19.419+0300] {dag.py:3047} INFO - Sync 1 DAGs
[2025-05-04T22:27:19.431+0300] {logging_mixin.py:188} INFO - [2025-05-04T22:27:19.431+0300] {dag.py:3834} INFO - Setting next_dagrun for example_branch_python_operator_decorator to 2025-05-03 00:00:00+00:00, run_after=2025-05-04 00:00:00+00:00
[2025-05-04T22:27:19.442+0300] {processor.py:183} INFO - Processing /Users/admin/anaconda3/lib/python3.11/site-packages/airflow/example_dags/example_branch_operator_decorator.py took 0.201 seconds
[2025-05-04T22:30:03.608+0300] {processor.py:161} INFO - Started process (PID=17638) to work on /Users/admin/anaconda3/lib/python3.11/site-packages/airflow/example_dags/example_branch_operator_decorator.py
[2025-05-04T22:30:03.609+0300] {processor.py:830} INFO - Processing file /Users/admin/anaconda3/lib/python3.11/site-packages/airflow/example_dags/example_branch_operator_decorator.py for tasks to queue
[2025-05-04T22:30:03.609+0300] {logging_mixin.py:188} INFO - [2025-05-04T22:30:03.609+0300] {dagbag.py:540} INFO - Filling up the DagBag from /Users/admin/anaconda3/lib/python3.11/site-packages/airflow/example_dags/example_branch_operator_decorator.py
[2025-05-04T22:30:03.637+0300] {processor.py:840} INFO - DAG(s) 'example_branch_python_operator_decorator' retrieved from /Users/admin/anaconda3/lib/python3.11/site-packages/airflow/example_dags/example_branch_operator_decorator.py
[2025-05-04T22:30:03.748+0300] {logging_mixin.py:188} INFO - [2025-05-04T22:30:03.748+0300] {dag.py:3047} INFO - Sync 1 DAGs
[2025-05-04T22:30:03.757+0300] {logging_mixin.py:188} INFO - [2025-05-04T22:30:03.757+0300] {dag.py:3834} INFO - Setting next_dagrun for example_branch_python_operator_decorator to 2025-05-03 00:00:00+00:00, run_after=2025-05-04 00:00:00+00:00
[2025-05-04T22:30:03.768+0300] {processor.py:183} INFO - Processing /Users/admin/anaconda3/lib/python3.11/site-packages/airflow/example_dags/example_branch_operator_decorator.py took 0.161 seconds
[2025-05-04T23:16:42.213+0300] {processor.py:161} INFO - Started process (PID=18518) to work on /Users/admin/anaconda3/lib/python3.11/site-packages/airflow/example_dags/example_branch_operator_decorator.py
[2025-05-04T23:16:42.214+0300] {processor.py:830} INFO - Processing file /Users/admin/anaconda3/lib/python3.11/site-packages/airflow/example_dags/example_branch_operator_decorator.py for tasks to queue
[2025-05-04T23:16:42.215+0300] {logging_mixin.py:188} INFO - [2025-05-04T23:16:42.214+0300] {dagbag.py:540} INFO - Filling up the DagBag from /Users/admin/anaconda3/lib/python3.11/site-packages/airflow/example_dags/example_branch_operator_decorator.py
[2025-05-04T23:16:42.243+0300] {processor.py:840} INFO - DAG(s) 'example_branch_python_operator_decorator' retrieved from /Users/admin/anaconda3/lib/python3.11/site-packages/airflow/example_dags/example_branch_operator_decorator.py
[2025-05-04T23:16:42.354+0300] {logging_mixin.py:188} INFO - [2025-05-04T23:16:42.354+0300] {dag.py:3047} INFO - Sync 1 DAGs
[2025-05-04T23:16:42.364+0300] {logging_mixin.py:188} INFO - [2025-05-04T23:16:42.363+0300] {dag.py:3834} INFO - Setting next_dagrun for example_branch_python_operator_decorator to 2025-05-03 00:00:00+00:00, run_after=2025-05-04 00:00:00+00:00
[2025-05-04T23:16:42.374+0300] {processor.py:183} INFO - Processing /Users/admin/anaconda3/lib/python3.11/site-packages/airflow/example_dags/example_branch_operator_decorator.py took 0.161 seconds
[2025-05-04T23:19:28.493+0300] {processor.py:161} INFO - Started process (PID=19304) to work on /Users/admin/anaconda3/lib/python3.11/site-packages/airflow/example_dags/example_branch_operator_decorator.py
[2025-05-04T23:19:28.494+0300] {processor.py:830} INFO - Processing file /Users/admin/anaconda3/lib/python3.11/site-packages/airflow/example_dags/example_branch_operator_decorator.py for tasks to queue
[2025-05-04T23:19:28.494+0300] {logging_mixin.py:188} INFO - [2025-05-04T23:19:28.494+0300] {dagbag.py:540} INFO - Filling up the DagBag from /Users/admin/anaconda3/lib/python3.11/site-packages/airflow/example_dags/example_branch_operator_decorator.py
[2025-05-04T23:19:28.522+0300] {processor.py:840} INFO - DAG(s) 'example_branch_python_operator_decorator' retrieved from /Users/admin/anaconda3/lib/python3.11/site-packages/airflow/example_dags/example_branch_operator_decorator.py
[2025-05-04T23:19:28.634+0300] {logging_mixin.py:188} INFO - [2025-05-04T23:19:28.633+0300] {dag.py:3047} INFO - Sync 1 DAGs
[2025-05-04T23:19:28.643+0300] {logging_mixin.py:188} INFO - [2025-05-04T23:19:28.643+0300] {dag.py:3834} INFO - Setting next_dagrun for example_branch_python_operator_decorator to 2025-05-03 00:00:00+00:00, run_after=2025-05-04 00:00:00+00:00
[2025-05-04T23:19:28.654+0300] {processor.py:183} INFO - Processing /Users/admin/anaconda3/lib/python3.11/site-packages/airflow/example_dags/example_branch_operator_decorator.py took 0.161 seconds
[2025-05-04T23:22:22.072+0300] {processor.py:161} INFO - Started process (PID=20117) to work on /Users/admin/anaconda3/lib/python3.11/site-packages/airflow/example_dags/example_branch_operator_decorator.py
[2025-05-04T23:22:22.073+0300] {processor.py:830} INFO - Processing file /Users/admin/anaconda3/lib/python3.11/site-packages/airflow/example_dags/example_branch_operator_decorator.py for tasks to queue
[2025-05-04T23:22:22.073+0300] {logging_mixin.py:188} INFO - [2025-05-04T23:22:22.073+0300] {dagbag.py:540} INFO - Filling up the DagBag from /Users/admin/anaconda3/lib/python3.11/site-packages/airflow/example_dags/example_branch_operator_decorator.py
[2025-05-04T23:22:22.103+0300] {processor.py:840} INFO - DAG(s) 'example_branch_python_operator_decorator' retrieved from /Users/admin/anaconda3/lib/python3.11/site-packages/airflow/example_dags/example_branch_operator_decorator.py
[2025-05-04T23:22:22.228+0300] {logging_mixin.py:188} INFO - [2025-05-04T23:22:22.228+0300] {dag.py:3047} INFO - Sync 1 DAGs
[2025-05-04T23:22:22.237+0300] {logging_mixin.py:188} INFO - [2025-05-04T23:22:22.237+0300] {dag.py:3834} INFO - Setting next_dagrun for example_branch_python_operator_decorator to 2025-05-03 00:00:00+00:00, run_after=2025-05-04 00:00:00+00:00
[2025-05-04T23:22:22.248+0300] {processor.py:183} INFO - Processing /Users/admin/anaconda3/lib/python3.11/site-packages/airflow/example_dags/example_branch_operator_decorator.py took 0.176 seconds
[2025-05-04T23:25:14.462+0300] {processor.py:161} INFO - Started process (PID=20923) to work on /Users/admin/anaconda3/lib/python3.11/site-packages/airflow/example_dags/example_branch_operator_decorator.py
[2025-05-04T23:25:14.463+0300] {processor.py:830} INFO - Processing file /Users/admin/anaconda3/lib/python3.11/site-packages/airflow/example_dags/example_branch_operator_decorator.py for tasks to queue
[2025-05-04T23:25:14.464+0300] {logging_mixin.py:188} INFO - [2025-05-04T23:25:14.464+0300] {dagbag.py:540} INFO - Filling up the DagBag from /Users/admin/anaconda3/lib/python3.11/site-packages/airflow/example_dags/example_branch_operator_decorator.py
[2025-05-04T23:25:14.492+0300] {processor.py:840} INFO - DAG(s) 'example_branch_python_operator_decorator' retrieved from /Users/admin/anaconda3/lib/python3.11/site-packages/airflow/example_dags/example_branch_operator_decorator.py
[2025-05-04T23:25:14.602+0300] {logging_mixin.py:188} INFO - [2025-05-04T23:25:14.601+0300] {dag.py:3047} INFO - Sync 1 DAGs
[2025-05-04T23:25:14.611+0300] {logging_mixin.py:188} INFO - [2025-05-04T23:25:14.611+0300] {dag.py:3834} INFO - Setting next_dagrun for example_branch_python_operator_decorator to 2025-05-03 00:00:00+00:00, run_after=2025-05-04 00:00:00+00:00
[2025-05-04T23:25:14.622+0300] {processor.py:183} INFO - Processing /Users/admin/anaconda3/lib/python3.11/site-packages/airflow/example_dags/example_branch_operator_decorator.py took 0.160 seconds
[2025-05-04T23:28:07.634+0300] {processor.py:161} INFO - Started process (PID=21750) to work on /Users/admin/anaconda3/lib/python3.11/site-packages/airflow/example_dags/example_branch_operator_decorator.py
[2025-05-04T23:28:07.635+0300] {processor.py:830} INFO - Processing file /Users/admin/anaconda3/lib/python3.11/site-packages/airflow/example_dags/example_branch_operator_decorator.py for tasks to queue
[2025-05-04T23:28:07.636+0300] {logging_mixin.py:188} INFO - [2025-05-04T23:28:07.635+0300] {dagbag.py:540} INFO - Filling up the DagBag from /Users/admin/anaconda3/lib/python3.11/site-packages/airflow/example_dags/example_branch_operator_decorator.py
[2025-05-04T23:28:07.663+0300] {processor.py:840} INFO - DAG(s) 'example_branch_python_operator_decorator' retrieved from /Users/admin/anaconda3/lib/python3.11/site-packages/airflow/example_dags/example_branch_operator_decorator.py
[2025-05-04T23:28:07.774+0300] {logging_mixin.py:188} INFO - [2025-05-04T23:28:07.773+0300] {dag.py:3047} INFO - Sync 1 DAGs
[2025-05-04T23:28:07.783+0300] {logging_mixin.py:188} INFO - [2025-05-04T23:28:07.783+0300] {dag.py:3834} INFO - Setting next_dagrun for example_branch_python_operator_decorator to 2025-05-03 00:00:00+00:00, run_after=2025-05-04 00:00:00+00:00
[2025-05-04T23:28:07.793+0300] {processor.py:183} INFO - Processing /Users/admin/anaconda3/lib/python3.11/site-packages/airflow/example_dags/example_branch_operator_decorator.py took 0.160 seconds
[2025-05-04T23:31:07.602+0300] {processor.py:161} INFO - Started process (PID=22610) to work on /Users/admin/anaconda3/lib/python3.11/site-packages/airflow/example_dags/example_branch_operator_decorator.py
[2025-05-04T23:31:07.604+0300] {processor.py:830} INFO - Processing file /Users/admin/anaconda3/lib/python3.11/site-packages/airflow/example_dags/example_branch_operator_decorator.py for tasks to queue
[2025-05-04T23:31:07.604+0300] {logging_mixin.py:188} INFO - [2025-05-04T23:31:07.604+0300] {dagbag.py:540} INFO - Filling up the DagBag from /Users/admin/anaconda3/lib/python3.11/site-packages/airflow/example_dags/example_branch_operator_decorator.py
[2025-05-04T23:31:07.632+0300] {processor.py:840} INFO - DAG(s) 'example_branch_python_operator_decorator' retrieved from /Users/admin/anaconda3/lib/python3.11/site-packages/airflow/example_dags/example_branch_operator_decorator.py
[2025-05-04T23:31:07.750+0300] {logging_mixin.py:188} INFO - [2025-05-04T23:31:07.749+0300] {dag.py:3047} INFO - Sync 1 DAGs
[2025-05-04T23:31:07.760+0300] {logging_mixin.py:188} INFO - [2025-05-04T23:31:07.760+0300] {dag.py:3834} INFO - Setting next_dagrun for example_branch_python_operator_decorator to 2025-05-03 00:00:00+00:00, run_after=2025-05-04 00:00:00+00:00
[2025-05-04T23:31:07.772+0300] {processor.py:183} INFO - Processing /Users/admin/anaconda3/lib/python3.11/site-packages/airflow/example_dags/example_branch_operator_decorator.py took 0.171 seconds
[2025-05-04T23:34:04.191+0300] {processor.py:161} INFO - Started process (PID=23433) to work on /Users/admin/anaconda3/lib/python3.11/site-packages/airflow/example_dags/example_branch_operator_decorator.py
[2025-05-04T23:34:04.192+0300] {processor.py:830} INFO - Processing file /Users/admin/anaconda3/lib/python3.11/site-packages/airflow/example_dags/example_branch_operator_decorator.py for tasks to queue
[2025-05-04T23:34:04.193+0300] {logging_mixin.py:188} INFO - [2025-05-04T23:34:04.193+0300] {dagbag.py:540} INFO - Filling up the DagBag from /Users/admin/anaconda3/lib/python3.11/site-packages/airflow/example_dags/example_branch_operator_decorator.py
[2025-05-04T23:34:04.224+0300] {processor.py:840} INFO - DAG(s) 'example_branch_python_operator_decorator' retrieved from /Users/admin/anaconda3/lib/python3.11/site-packages/airflow/example_dags/example_branch_operator_decorator.py
[2025-05-04T23:34:04.351+0300] {logging_mixin.py:188} INFO - [2025-05-04T23:34:04.351+0300] {dag.py:3047} INFO - Sync 1 DAGs
[2025-05-04T23:34:04.361+0300] {logging_mixin.py:188} INFO - [2025-05-04T23:34:04.361+0300] {dag.py:3834} INFO - Setting next_dagrun for example_branch_python_operator_decorator to 2025-05-03 00:00:00+00:00, run_after=2025-05-04 00:00:00+00:00
[2025-05-04T23:34:04.372+0300] {processor.py:183} INFO - Processing /Users/admin/anaconda3/lib/python3.11/site-packages/airflow/example_dags/example_branch_operator_decorator.py took 0.181 seconds
[2025-05-04T23:37:10.017+0300] {processor.py:161} INFO - Started process (PID=24341) to work on /Users/admin/anaconda3/lib/python3.11/site-packages/airflow/example_dags/example_branch_operator_decorator.py
[2025-05-04T23:37:10.019+0300] {processor.py:830} INFO - Processing file /Users/admin/anaconda3/lib/python3.11/site-packages/airflow/example_dags/example_branch_operator_decorator.py for tasks to queue
[2025-05-04T23:37:10.019+0300] {logging_mixin.py:188} INFO - [2025-05-04T23:37:10.019+0300] {dagbag.py:540} INFO - Filling up the DagBag from /Users/admin/anaconda3/lib/python3.11/site-packages/airflow/example_dags/example_branch_operator_decorator.py
[2025-05-04T23:37:10.047+0300] {processor.py:840} INFO - DAG(s) 'example_branch_python_operator_decorator' retrieved from /Users/admin/anaconda3/lib/python3.11/site-packages/airflow/example_dags/example_branch_operator_decorator.py
[2025-05-04T23:37:10.157+0300] {logging_mixin.py:188} INFO - [2025-05-04T23:37:10.157+0300] {dag.py:3047} INFO - Sync 1 DAGs
[2025-05-04T23:37:10.167+0300] {logging_mixin.py:188} INFO - [2025-05-04T23:37:10.167+0300] {dag.py:3834} INFO - Setting next_dagrun for example_branch_python_operator_decorator to 2025-05-03 00:00:00+00:00, run_after=2025-05-04 00:00:00+00:00
[2025-05-04T23:37:10.177+0300] {processor.py:183} INFO - Processing /Users/admin/anaconda3/lib/python3.11/site-packages/airflow/example_dags/example_branch_operator_decorator.py took 0.160 seconds
[2025-05-04T23:40:14.122+0300] {processor.py:161} INFO - Started process (PID=25204) to work on /Users/admin/anaconda3/lib/python3.11/site-packages/airflow/example_dags/example_branch_operator_decorator.py
[2025-05-04T23:40:14.124+0300] {processor.py:830} INFO - Processing file /Users/admin/anaconda3/lib/python3.11/site-packages/airflow/example_dags/example_branch_operator_decorator.py for tasks to queue
[2025-05-04T23:40:14.124+0300] {logging_mixin.py:188} INFO - [2025-05-04T23:40:14.124+0300] {dagbag.py:540} INFO - Filling up the DagBag from /Users/admin/anaconda3/lib/python3.11/site-packages/airflow/example_dags/example_branch_operator_decorator.py
[2025-05-04T23:40:14.166+0300] {processor.py:840} INFO - DAG(s) 'example_branch_python_operator_decorator' retrieved from /Users/admin/anaconda3/lib/python3.11/site-packages/airflow/example_dags/example_branch_operator_decorator.py
[2025-05-04T23:40:14.360+0300] {logging_mixin.py:188} INFO - [2025-05-04T23:40:14.360+0300] {dag.py:3047} INFO - Sync 1 DAGs
[2025-05-04T23:40:14.377+0300] {logging_mixin.py:188} INFO - [2025-05-04T23:40:14.377+0300] {dag.py:3834} INFO - Setting next_dagrun for example_branch_python_operator_decorator to 2025-05-03 00:00:00+00:00, run_after=2025-05-04 00:00:00+00:00
[2025-05-04T23:40:14.397+0300] {processor.py:183} INFO - Processing /Users/admin/anaconda3/lib/python3.11/site-packages/airflow/example_dags/example_branch_operator_decorator.py took 0.275 seconds
[2025-05-04T23:43:46.612+0300] {processor.py:161} INFO - Started process (PID=26183) to work on /Users/admin/anaconda3/lib/python3.11/site-packages/airflow/example_dags/example_branch_operator_decorator.py
[2025-05-04T23:43:46.613+0300] {processor.py:830} INFO - Processing file /Users/admin/anaconda3/lib/python3.11/site-packages/airflow/example_dags/example_branch_operator_decorator.py for tasks to queue
[2025-05-04T23:43:46.613+0300] {logging_mixin.py:188} INFO - [2025-05-04T23:43:46.613+0300] {dagbag.py:540} INFO - Filling up the DagBag from /Users/admin/anaconda3/lib/python3.11/site-packages/airflow/example_dags/example_branch_operator_decorator.py
[2025-05-04T23:43:46.642+0300] {processor.py:840} INFO - DAG(s) 'example_branch_python_operator_decorator' retrieved from /Users/admin/anaconda3/lib/python3.11/site-packages/airflow/example_dags/example_branch_operator_decorator.py
[2025-05-04T23:43:46.766+0300] {logging_mixin.py:188} INFO - [2025-05-04T23:43:46.766+0300] {dag.py:3047} INFO - Sync 1 DAGs
[2025-05-04T23:43:46.777+0300] {logging_mixin.py:188} INFO - [2025-05-04T23:43:46.776+0300] {dag.py:3834} INFO - Setting next_dagrun for example_branch_python_operator_decorator to 2025-05-03 00:00:00+00:00, run_after=2025-05-04 00:00:00+00:00
[2025-05-04T23:43:46.790+0300] {processor.py:183} INFO - Processing /Users/admin/anaconda3/lib/python3.11/site-packages/airflow/example_dags/example_branch_operator_decorator.py took 0.180 seconds
[2025-05-04T23:46:51.505+0300] {processor.py:161} INFO - Started process (PID=27045) to work on /Users/admin/anaconda3/lib/python3.11/site-packages/airflow/example_dags/example_branch_operator_decorator.py
[2025-05-04T23:46:51.506+0300] {processor.py:830} INFO - Processing file /Users/admin/anaconda3/lib/python3.11/site-packages/airflow/example_dags/example_branch_operator_decorator.py for tasks to queue
[2025-05-04T23:46:51.506+0300] {logging_mixin.py:188} INFO - [2025-05-04T23:46:51.506+0300] {dagbag.py:540} INFO - Filling up the DagBag from /Users/admin/anaconda3/lib/python3.11/site-packages/airflow/example_dags/example_branch_operator_decorator.py
[2025-05-04T23:46:51.534+0300] {processor.py:840} INFO - DAG(s) 'example_branch_python_operator_decorator' retrieved from /Users/admin/anaconda3/lib/python3.11/site-packages/airflow/example_dags/example_branch_operator_decorator.py
[2025-05-04T23:46:51.644+0300] {logging_mixin.py:188} INFO - [2025-05-04T23:46:51.644+0300] {dag.py:3047} INFO - Sync 1 DAGs
[2025-05-04T23:46:51.654+0300] {logging_mixin.py:188} INFO - [2025-05-04T23:46:51.653+0300] {dag.py:3834} INFO - Setting next_dagrun for example_branch_python_operator_decorator to 2025-05-03 00:00:00+00:00, run_after=2025-05-04 00:00:00+00:00
[2025-05-04T23:46:51.664+0300] {processor.py:183} INFO - Processing /Users/admin/anaconda3/lib/python3.11/site-packages/airflow/example_dags/example_branch_operator_decorator.py took 0.160 seconds
[2025-05-04T23:49:51.441+0300] {processor.py:161} INFO - Started process (PID=27894) to work on /Users/admin/anaconda3/lib/python3.11/site-packages/airflow/example_dags/example_branch_operator_decorator.py
[2025-05-04T23:49:51.442+0300] {processor.py:830} INFO - Processing file /Users/admin/anaconda3/lib/python3.11/site-packages/airflow/example_dags/example_branch_operator_decorator.py for tasks to queue
[2025-05-04T23:49:51.443+0300] {logging_mixin.py:188} INFO - [2025-05-04T23:49:51.442+0300] {dagbag.py:540} INFO - Filling up the DagBag from /Users/admin/anaconda3/lib/python3.11/site-packages/airflow/example_dags/example_branch_operator_decorator.py
[2025-05-04T23:49:51.471+0300] {processor.py:840} INFO - DAG(s) 'example_branch_python_operator_decorator' retrieved from /Users/admin/anaconda3/lib/python3.11/site-packages/airflow/example_dags/example_branch_operator_decorator.py
[2025-05-04T23:49:51.582+0300] {logging_mixin.py:188} INFO - [2025-05-04T23:49:51.582+0300] {dag.py:3047} INFO - Sync 1 DAGs
[2025-05-04T23:49:51.592+0300] {logging_mixin.py:188} INFO - [2025-05-04T23:49:51.592+0300] {dag.py:3834} INFO - Setting next_dagrun for example_branch_python_operator_decorator to 2025-05-03 00:00:00+00:00, run_after=2025-05-04 00:00:00+00:00
[2025-05-04T23:49:51.602+0300] {processor.py:183} INFO - Processing /Users/admin/anaconda3/lib/python3.11/site-packages/airflow/example_dags/example_branch_operator_decorator.py took 0.162 seconds
[2025-05-04T23:53:01.907+0300] {processor.py:161} INFO - Started process (PID=28774) to work on /Users/admin/anaconda3/lib/python3.11/site-packages/airflow/example_dags/example_branch_operator_decorator.py
[2025-05-04T23:53:01.909+0300] {processor.py:830} INFO - Processing file /Users/admin/anaconda3/lib/python3.11/site-packages/airflow/example_dags/example_branch_operator_decorator.py for tasks to queue
[2025-05-04T23:53:01.909+0300] {logging_mixin.py:188} INFO - [2025-05-04T23:53:01.909+0300] {dagbag.py:540} INFO - Filling up the DagBag from /Users/admin/anaconda3/lib/python3.11/site-packages/airflow/example_dags/example_branch_operator_decorator.py
[2025-05-04T23:53:01.938+0300] {processor.py:840} INFO - DAG(s) 'example_branch_python_operator_decorator' retrieved from /Users/admin/anaconda3/lib/python3.11/site-packages/airflow/example_dags/example_branch_operator_decorator.py
[2025-05-04T23:53:02.047+0300] {logging_mixin.py:188} INFO - [2025-05-04T23:53:02.047+0300] {dag.py:3047} INFO - Sync 1 DAGs
[2025-05-04T23:53:02.057+0300] {logging_mixin.py:188} INFO - [2025-05-04T23:53:02.056+0300] {dag.py:3834} INFO - Setting next_dagrun for example_branch_python_operator_decorator to 2025-05-03 00:00:00+00:00, run_after=2025-05-04 00:00:00+00:00
[2025-05-04T23:53:02.067+0300] {processor.py:183} INFO - Processing /Users/admin/anaconda3/lib/python3.11/site-packages/airflow/example_dags/example_branch_operator_decorator.py took 0.160 seconds
