[2025-05-04T22:11:32.912+0300] {processor.py:161} INFO - Started process (PID=14289) to work on /Users/admin/anaconda3/lib/python3.11/site-packages/airflow/example_dags/example_python_decorator.py
[2025-05-04T22:11:32.913+0300] {processor.py:830} INFO - Processing file /Users/admin/anaconda3/lib/python3.11/site-packages/airflow/example_dags/example_python_decorator.py for tasks to queue
[2025-05-04T22:11:32.913+0300] {logging_mixin.py:188} INFO - [2025-05-04T22:11:32.913+0300] {dagbag.py:540} INFO - Filling up the DagBag from /Users/admin/anaconda3/lib/python3.11/site-packages/airflow/example_dags/example_python_decorator.py
[2025-05-04T22:11:32.937+0300] {processor.py:840} INFO - DAG(s) 'example_python_decorator' retrieved from /Users/admin/anaconda3/lib/python3.11/site-packages/airflow/example_dags/example_python_decorator.py
[2025-05-04T22:11:33.045+0300] {logging_mixin.py:188} INFO - [2025-05-04T22:11:33.045+0300] {dag.py:3047} INFO - Sync 1 DAGs
[2025-05-04T22:11:33.049+0300] {logging_mixin.py:188} INFO - [2025-05-04T22:11:33.049+0300] {dag.py:3834} INFO - Setting next_dagrun for example_python_decorator to None, run_after=None
[2025-05-04T22:11:33.060+0300] {processor.py:183} INFO - Processing /Users/admin/anaconda3/lib/python3.11/site-packages/airflow/example_dags/example_python_decorator.py took 0.148 seconds
[2025-05-04T22:13:26.788+0300] {processor.py:161} INFO - Started process (PID=14816) to work on /Users/admin/anaconda3/lib/python3.11/site-packages/airflow/example_dags/example_python_decorator.py
[2025-05-04T22:13:26.789+0300] {processor.py:830} INFO - Processing file /Users/admin/anaconda3/lib/python3.11/site-packages/airflow/example_dags/example_python_decorator.py for tasks to queue
[2025-05-04T22:13:26.790+0300] {logging_mixin.py:188} INFO - [2025-05-04T22:13:26.789+0300] {dagbag.py:540} INFO - Filling up the DagBag from /Users/admin/anaconda3/lib/python3.11/site-packages/airflow/example_dags/example_python_decorator.py
[2025-05-04T22:13:26.813+0300] {processor.py:840} INFO - DAG(s) 'example_python_decorator' retrieved from /Users/admin/anaconda3/lib/python3.11/site-packages/airflow/example_dags/example_python_decorator.py
[2025-05-04T22:13:26.925+0300] {logging_mixin.py:188} INFO - [2025-05-04T22:13:26.924+0300] {dag.py:3047} INFO - Sync 1 DAGs
[2025-05-04T22:13:26.929+0300] {logging_mixin.py:188} INFO - [2025-05-04T22:13:26.929+0300] {dag.py:3834} INFO - Setting next_dagrun for example_python_decorator to None, run_after=None
[2025-05-04T22:13:26.941+0300] {processor.py:183} INFO - Processing /Users/admin/anaconda3/lib/python3.11/site-packages/airflow/example_dags/example_python_decorator.py took 0.154 seconds
[2025-05-04T22:16:10.962+0300] {processor.py:161} INFO - Started process (PID=15596) to work on /Users/admin/anaconda3/lib/python3.11/site-packages/airflow/example_dags/example_python_decorator.py
[2025-05-04T22:16:10.962+0300] {processor.py:830} INFO - Processing file /Users/admin/anaconda3/lib/python3.11/site-packages/airflow/example_dags/example_python_decorator.py for tasks to queue
[2025-05-04T22:16:10.963+0300] {logging_mixin.py:188} INFO - [2025-05-04T22:16:10.963+0300] {dagbag.py:540} INFO - Filling up the DagBag from /Users/admin/anaconda3/lib/python3.11/site-packages/airflow/example_dags/example_python_decorator.py
[2025-05-04T22:16:10.986+0300] {processor.py:840} INFO - DAG(s) 'example_python_decorator' retrieved from /Users/admin/anaconda3/lib/python3.11/site-packages/airflow/example_dags/example_python_decorator.py
[2025-05-04T22:16:11.094+0300] {logging_mixin.py:188} INFO - [2025-05-04T22:16:11.093+0300] {dag.py:3047} INFO - Sync 1 DAGs
[2025-05-04T22:16:11.098+0300] {logging_mixin.py:188} INFO - [2025-05-04T22:16:11.098+0300] {dag.py:3834} INFO - Setting next_dagrun for example_python_decorator to None, run_after=None
[2025-05-04T22:16:11.109+0300] {processor.py:183} INFO - Processing /Users/admin/anaconda3/lib/python3.11/site-packages/airflow/example_dags/example_python_decorator.py took 0.148 seconds
[2025-05-04T22:25:52.692+0300] {processor.py:161} INFO - Started process (PID=16461) to work on /Users/admin/anaconda3/lib/python3.11/site-packages/airflow/example_dags/example_python_decorator.py
[2025-05-04T22:25:52.693+0300] {processor.py:830} INFO - Processing file /Users/admin/anaconda3/lib/python3.11/site-packages/airflow/example_dags/example_python_decorator.py for tasks to queue
[2025-05-04T22:25:52.694+0300] {logging_mixin.py:188} INFO - [2025-05-04T22:25:52.694+0300] {dagbag.py:540} INFO - Filling up the DagBag from /Users/admin/anaconda3/lib/python3.11/site-packages/airflow/example_dags/example_python_decorator.py
[2025-05-04T22:25:52.717+0300] {processor.py:840} INFO - DAG(s) 'example_python_decorator' retrieved from /Users/admin/anaconda3/lib/python3.11/site-packages/airflow/example_dags/example_python_decorator.py
[2025-05-04T22:25:52.825+0300] {logging_mixin.py:188} INFO - [2025-05-04T22:25:52.825+0300] {dag.py:3047} INFO - Sync 1 DAGs
[2025-05-04T22:25:52.830+0300] {logging_mixin.py:188} INFO - [2025-05-04T22:25:52.829+0300] {dag.py:3834} INFO - Setting next_dagrun for example_python_decorator to None, run_after=None
[2025-05-04T22:25:52.840+0300] {processor.py:183} INFO - Processing /Users/admin/anaconda3/lib/python3.11/site-packages/airflow/example_dags/example_python_decorator.py took 0.149 seconds
[2025-05-04T22:28:37.713+0300] {processor.py:161} INFO - Started process (PID=17234) to work on /Users/admin/anaconda3/lib/python3.11/site-packages/airflow/example_dags/example_python_decorator.py
[2025-05-04T22:28:37.714+0300] {processor.py:830} INFO - Processing file /Users/admin/anaconda3/lib/python3.11/site-packages/airflow/example_dags/example_python_decorator.py for tasks to queue
[2025-05-04T22:28:37.714+0300] {logging_mixin.py:188} INFO - [2025-05-04T22:28:37.714+0300] {dagbag.py:540} INFO - Filling up the DagBag from /Users/admin/anaconda3/lib/python3.11/site-packages/airflow/example_dags/example_python_decorator.py
[2025-05-04T22:28:37.738+0300] {processor.py:840} INFO - DAG(s) 'example_python_decorator' retrieved from /Users/admin/anaconda3/lib/python3.11/site-packages/airflow/example_dags/example_python_decorator.py
[2025-05-04T22:28:37.847+0300] {logging_mixin.py:188} INFO - [2025-05-04T22:28:37.846+0300] {dag.py:3047} INFO - Sync 1 DAGs
[2025-05-04T22:28:37.852+0300] {logging_mixin.py:188} INFO - [2025-05-04T22:28:37.852+0300] {dag.py:3834} INFO - Setting next_dagrun for example_python_decorator to None, run_after=None
[2025-05-04T22:28:37.862+0300] {processor.py:183} INFO - Processing /Users/admin/anaconda3/lib/python3.11/site-packages/airflow/example_dags/example_python_decorator.py took 0.150 seconds
[2025-05-04T22:31:20.027+0300] {processor.py:161} INFO - Started process (PID=18009) to work on /Users/admin/anaconda3/lib/python3.11/site-packages/airflow/example_dags/example_python_decorator.py
[2025-05-04T22:31:20.028+0300] {processor.py:830} INFO - Processing file /Users/admin/anaconda3/lib/python3.11/site-packages/airflow/example_dags/example_python_decorator.py for tasks to queue
[2025-05-04T22:31:20.029+0300] {logging_mixin.py:188} INFO - [2025-05-04T22:31:20.028+0300] {dagbag.py:540} INFO - Filling up the DagBag from /Users/admin/anaconda3/lib/python3.11/site-packages/airflow/example_dags/example_python_decorator.py
[2025-05-04T22:31:20.053+0300] {processor.py:840} INFO - DAG(s) 'example_python_decorator' retrieved from /Users/admin/anaconda3/lib/python3.11/site-packages/airflow/example_dags/example_python_decorator.py
[2025-05-04T22:31:20.180+0300] {logging_mixin.py:188} INFO - [2025-05-04T22:31:20.180+0300] {dag.py:3047} INFO - Sync 1 DAGs
[2025-05-04T22:31:20.185+0300] {logging_mixin.py:188} INFO - [2025-05-04T22:31:20.185+0300] {dag.py:3834} INFO - Setting next_dagrun for example_python_decorator to None, run_after=None
[2025-05-04T22:31:20.196+0300] {processor.py:183} INFO - Processing /Users/admin/anaconda3/lib/python3.11/site-packages/airflow/example_dags/example_python_decorator.py took 0.169 seconds
[2025-05-04T23:18:00.696+0300] {processor.py:161} INFO - Started process (PID=18886) to work on /Users/admin/anaconda3/lib/python3.11/site-packages/airflow/example_dags/example_python_decorator.py
[2025-05-04T23:18:00.697+0300] {processor.py:830} INFO - Processing file /Users/admin/anaconda3/lib/python3.11/site-packages/airflow/example_dags/example_python_decorator.py for tasks to queue
[2025-05-04T23:18:00.698+0300] {logging_mixin.py:188} INFO - [2025-05-04T23:18:00.698+0300] {dagbag.py:540} INFO - Filling up the DagBag from /Users/admin/anaconda3/lib/python3.11/site-packages/airflow/example_dags/example_python_decorator.py
[2025-05-04T23:18:00.725+0300] {processor.py:840} INFO - DAG(s) 'example_python_decorator' retrieved from /Users/admin/anaconda3/lib/python3.11/site-packages/airflow/example_dags/example_python_decorator.py
[2025-05-04T23:18:00.849+0300] {logging_mixin.py:188} INFO - [2025-05-04T23:18:00.849+0300] {dag.py:3047} INFO - Sync 1 DAGs
[2025-05-04T23:18:00.854+0300] {logging_mixin.py:188} INFO - [2025-05-04T23:18:00.854+0300] {dag.py:3834} INFO - Setting next_dagrun for example_python_decorator to None, run_after=None
[2025-05-04T23:18:00.866+0300] {processor.py:183} INFO - Processing /Users/admin/anaconda3/lib/python3.11/site-packages/airflow/example_dags/example_python_decorator.py took 0.170 seconds
[2025-05-04T23:20:44.915+0300] {processor.py:161} INFO - Started process (PID=19657) to work on /Users/admin/anaconda3/lib/python3.11/site-packages/airflow/example_dags/example_python_decorator.py
[2025-05-04T23:20:44.917+0300] {processor.py:830} INFO - Processing file /Users/admin/anaconda3/lib/python3.11/site-packages/airflow/example_dags/example_python_decorator.py for tasks to queue
[2025-05-04T23:20:44.917+0300] {logging_mixin.py:188} INFO - [2025-05-04T23:20:44.917+0300] {dagbag.py:540} INFO - Filling up the DagBag from /Users/admin/anaconda3/lib/python3.11/site-packages/airflow/example_dags/example_python_decorator.py
[2025-05-04T23:20:44.941+0300] {processor.py:840} INFO - DAG(s) 'example_python_decorator' retrieved from /Users/admin/anaconda3/lib/python3.11/site-packages/airflow/example_dags/example_python_decorator.py
[2025-05-04T23:20:45.049+0300] {logging_mixin.py:188} INFO - [2025-05-04T23:20:45.049+0300] {dag.py:3047} INFO - Sync 1 DAGs
[2025-05-04T23:20:45.054+0300] {logging_mixin.py:188} INFO - [2025-05-04T23:20:45.054+0300] {dag.py:3834} INFO - Setting next_dagrun for example_python_decorator to None, run_after=None
[2025-05-04T23:20:45.065+0300] {processor.py:183} INFO - Processing /Users/admin/anaconda3/lib/python3.11/site-packages/airflow/example_dags/example_python_decorator.py took 0.151 seconds
[2025-05-04T23:23:42.787+0300] {processor.py:161} INFO - Started process (PID=20496) to work on /Users/admin/anaconda3/lib/python3.11/site-packages/airflow/example_dags/example_python_decorator.py
[2025-05-04T23:23:42.788+0300] {processor.py:830} INFO - Processing file /Users/admin/anaconda3/lib/python3.11/site-packages/airflow/example_dags/example_python_decorator.py for tasks to queue
[2025-05-04T23:23:42.788+0300] {logging_mixin.py:188} INFO - [2025-05-04T23:23:42.788+0300] {dagbag.py:540} INFO - Filling up the DagBag from /Users/admin/anaconda3/lib/python3.11/site-packages/airflow/example_dags/example_python_decorator.py
[2025-05-04T23:23:42.813+0300] {processor.py:840} INFO - DAG(s) 'example_python_decorator' retrieved from /Users/admin/anaconda3/lib/python3.11/site-packages/airflow/example_dags/example_python_decorator.py
[2025-05-04T23:23:42.924+0300] {logging_mixin.py:188} INFO - [2025-05-04T23:23:42.924+0300] {dag.py:3047} INFO - Sync 1 DAGs
[2025-05-04T23:23:42.929+0300] {logging_mixin.py:188} INFO - [2025-05-04T23:23:42.929+0300] {dag.py:3834} INFO - Setting next_dagrun for example_python_decorator to None, run_after=None
[2025-05-04T23:23:42.939+0300] {processor.py:183} INFO - Processing /Users/admin/anaconda3/lib/python3.11/site-packages/airflow/example_dags/example_python_decorator.py took 0.153 seconds
[2025-05-04T23:26:36.983+0300] {processor.py:161} INFO - Started process (PID=21324) to work on /Users/admin/anaconda3/lib/python3.11/site-packages/airflow/example_dags/example_python_decorator.py
[2025-05-04T23:26:36.984+0300] {processor.py:830} INFO - Processing file /Users/admin/anaconda3/lib/python3.11/site-packages/airflow/example_dags/example_python_decorator.py for tasks to queue
[2025-05-04T23:26:36.984+0300] {logging_mixin.py:188} INFO - [2025-05-04T23:26:36.984+0300] {dagbag.py:540} INFO - Filling up the DagBag from /Users/admin/anaconda3/lib/python3.11/site-packages/airflow/example_dags/example_python_decorator.py
[2025-05-04T23:26:37.009+0300] {processor.py:840} INFO - DAG(s) 'example_python_decorator' retrieved from /Users/admin/anaconda3/lib/python3.11/site-packages/airflow/example_dags/example_python_decorator.py
[2025-05-04T23:26:37.130+0300] {logging_mixin.py:188} INFO - [2025-05-04T23:26:37.129+0300] {dag.py:3047} INFO - Sync 1 DAGs
[2025-05-04T23:26:37.135+0300] {logging_mixin.py:188} INFO - [2025-05-04T23:26:37.135+0300] {dag.py:3834} INFO - Setting next_dagrun for example_python_decorator to None, run_after=None
[2025-05-04T23:26:37.147+0300] {processor.py:183} INFO - Processing /Users/admin/anaconda3/lib/python3.11/site-packages/airflow/example_dags/example_python_decorator.py took 0.165 seconds
[2025-05-04T23:29:32.498+0300] {processor.py:161} INFO - Started process (PID=22158) to work on /Users/admin/anaconda3/lib/python3.11/site-packages/airflow/example_dags/example_python_decorator.py
[2025-05-04T23:29:32.499+0300] {processor.py:830} INFO - Processing file /Users/admin/anaconda3/lib/python3.11/site-packages/airflow/example_dags/example_python_decorator.py for tasks to queue
[2025-05-04T23:29:32.500+0300] {logging_mixin.py:188} INFO - [2025-05-04T23:29:32.500+0300] {dagbag.py:540} INFO - Filling up the DagBag from /Users/admin/anaconda3/lib/python3.11/site-packages/airflow/example_dags/example_python_decorator.py
[2025-05-04T23:29:32.523+0300] {processor.py:840} INFO - DAG(s) 'example_python_decorator' retrieved from /Users/admin/anaconda3/lib/python3.11/site-packages/airflow/example_dags/example_python_decorator.py
[2025-05-04T23:29:32.633+0300] {logging_mixin.py:188} INFO - [2025-05-04T23:29:32.633+0300] {dag.py:3047} INFO - Sync 1 DAGs
[2025-05-04T23:29:32.638+0300] {logging_mixin.py:188} INFO - [2025-05-04T23:29:32.638+0300] {dag.py:3834} INFO - Setting next_dagrun for example_python_decorator to None, run_after=None
[2025-05-04T23:29:32.649+0300] {processor.py:183} INFO - Processing /Users/admin/anaconda3/lib/python3.11/site-packages/airflow/example_dags/example_python_decorator.py took 0.151 seconds
[2025-05-04T23:32:31.162+0300] {processor.py:161} INFO - Started process (PID=23009) to work on /Users/admin/anaconda3/lib/python3.11/site-packages/airflow/example_dags/example_python_decorator.py
[2025-05-04T23:32:31.163+0300] {processor.py:830} INFO - Processing file /Users/admin/anaconda3/lib/python3.11/site-packages/airflow/example_dags/example_python_decorator.py for tasks to queue
[2025-05-04T23:32:31.164+0300] {logging_mixin.py:188} INFO - [2025-05-04T23:32:31.164+0300] {dagbag.py:540} INFO - Filling up the DagBag from /Users/admin/anaconda3/lib/python3.11/site-packages/airflow/example_dags/example_python_decorator.py
[2025-05-04T23:32:31.188+0300] {processor.py:840} INFO - DAG(s) 'example_python_decorator' retrieved from /Users/admin/anaconda3/lib/python3.11/site-packages/airflow/example_dags/example_python_decorator.py
[2025-05-04T23:32:31.296+0300] {logging_mixin.py:188} INFO - [2025-05-04T23:32:31.296+0300] {dag.py:3047} INFO - Sync 1 DAGs
[2025-05-04T23:32:31.301+0300] {logging_mixin.py:188} INFO - [2025-05-04T23:32:31.301+0300] {dag.py:3834} INFO - Setting next_dagrun for example_python_decorator to None, run_after=None
[2025-05-04T23:32:31.312+0300] {processor.py:183} INFO - Processing /Users/admin/anaconda3/lib/python3.11/site-packages/airflow/example_dags/example_python_decorator.py took 0.150 seconds
[2025-05-04T23:35:33.910+0300] {processor.py:161} INFO - Started process (PID=23860) to work on /Users/admin/anaconda3/lib/python3.11/site-packages/airflow/example_dags/example_python_decorator.py
[2025-05-04T23:35:33.912+0300] {processor.py:830} INFO - Processing file /Users/admin/anaconda3/lib/python3.11/site-packages/airflow/example_dags/example_python_decorator.py for tasks to queue
[2025-05-04T23:35:33.912+0300] {logging_mixin.py:188} INFO - [2025-05-04T23:35:33.912+0300] {dagbag.py:540} INFO - Filling up the DagBag from /Users/admin/anaconda3/lib/python3.11/site-packages/airflow/example_dags/example_python_decorator.py
[2025-05-04T23:35:33.953+0300] {processor.py:840} INFO - DAG(s) 'example_python_decorator' retrieved from /Users/admin/anaconda3/lib/python3.11/site-packages/airflow/example_dags/example_python_decorator.py
[2025-05-04T23:35:34.067+0300] {logging_mixin.py:188} INFO - [2025-05-04T23:35:34.067+0300] {dag.py:3047} INFO - Sync 1 DAGs
[2025-05-04T23:35:34.072+0300] {logging_mixin.py:188} INFO - [2025-05-04T23:35:34.072+0300] {dag.py:3834} INFO - Setting next_dagrun for example_python_decorator to None, run_after=None
[2025-05-04T23:35:34.083+0300] {processor.py:183} INFO - Processing /Users/admin/anaconda3/lib/python3.11/site-packages/airflow/example_dags/example_python_decorator.py took 0.173 seconds
[2025-05-04T23:38:33.455+0300] {processor.py:161} INFO - Started process (PID=24732) to work on /Users/admin/anaconda3/lib/python3.11/site-packages/airflow/example_dags/example_python_decorator.py
[2025-05-04T23:38:33.456+0300] {processor.py:830} INFO - Processing file /Users/admin/anaconda3/lib/python3.11/site-packages/airflow/example_dags/example_python_decorator.py for tasks to queue
[2025-05-04T23:38:33.457+0300] {logging_mixin.py:188} INFO - [2025-05-04T23:38:33.457+0300] {dagbag.py:540} INFO - Filling up the DagBag from /Users/admin/anaconda3/lib/python3.11/site-packages/airflow/example_dags/example_python_decorator.py
[2025-05-04T23:38:33.481+0300] {processor.py:840} INFO - DAG(s) 'example_python_decorator' retrieved from /Users/admin/anaconda3/lib/python3.11/site-packages/airflow/example_dags/example_python_decorator.py
[2025-05-04T23:38:33.590+0300] {logging_mixin.py:188} INFO - [2025-05-04T23:38:33.590+0300] {dag.py:3047} INFO - Sync 1 DAGs
[2025-05-04T23:38:33.595+0300] {logging_mixin.py:188} INFO - [2025-05-04T23:38:33.595+0300] {dag.py:3834} INFO - Setting next_dagrun for example_python_decorator to None, run_after=None
[2025-05-04T23:38:33.605+0300] {processor.py:183} INFO - Processing /Users/admin/anaconda3/lib/python3.11/site-packages/airflow/example_dags/example_python_decorator.py took 0.151 seconds
[2025-05-04T23:41:51.384+0300] {processor.py:161} INFO - Started process (PID=25658) to work on /Users/admin/anaconda3/lib/python3.11/site-packages/airflow/example_dags/example_python_decorator.py
[2025-05-04T23:41:51.385+0300] {processor.py:830} INFO - Processing file /Users/admin/anaconda3/lib/python3.11/site-packages/airflow/example_dags/example_python_decorator.py for tasks to queue
[2025-05-04T23:41:51.386+0300] {logging_mixin.py:188} INFO - [2025-05-04T23:41:51.386+0300] {dagbag.py:540} INFO - Filling up the DagBag from /Users/admin/anaconda3/lib/python3.11/site-packages/airflow/example_dags/example_python_decorator.py
[2025-05-04T23:41:51.410+0300] {processor.py:840} INFO - DAG(s) 'example_python_decorator' retrieved from /Users/admin/anaconda3/lib/python3.11/site-packages/airflow/example_dags/example_python_decorator.py
[2025-05-04T23:41:51.524+0300] {logging_mixin.py:188} INFO - [2025-05-04T23:41:51.524+0300] {dag.py:3047} INFO - Sync 1 DAGs
[2025-05-04T23:41:51.529+0300] {logging_mixin.py:188} INFO - [2025-05-04T23:41:51.529+0300] {dag.py:3834} INFO - Setting next_dagrun for example_python_decorator to None, run_after=None
[2025-05-04T23:41:51.539+0300] {processor.py:183} INFO - Processing /Users/admin/anaconda3/lib/python3.11/site-packages/airflow/example_dags/example_python_decorator.py took 0.156 seconds
[2025-05-04T23:45:13.347+0300] {processor.py:161} INFO - Started process (PID=26587) to work on /Users/admin/anaconda3/lib/python3.11/site-packages/airflow/example_dags/example_python_decorator.py
[2025-05-04T23:45:13.349+0300] {processor.py:830} INFO - Processing file /Users/admin/anaconda3/lib/python3.11/site-packages/airflow/example_dags/example_python_decorator.py for tasks to queue
[2025-05-04T23:45:13.349+0300] {logging_mixin.py:188} INFO - [2025-05-04T23:45:13.349+0300] {dagbag.py:540} INFO - Filling up the DagBag from /Users/admin/anaconda3/lib/python3.11/site-packages/airflow/example_dags/example_python_decorator.py
[2025-05-04T23:45:13.373+0300] {processor.py:840} INFO - DAG(s) 'example_python_decorator' retrieved from /Users/admin/anaconda3/lib/python3.11/site-packages/airflow/example_dags/example_python_decorator.py
[2025-05-04T23:45:13.481+0300] {logging_mixin.py:188} INFO - [2025-05-04T23:45:13.481+0300] {dag.py:3047} INFO - Sync 1 DAGs
[2025-05-04T23:45:13.486+0300] {logging_mixin.py:188} INFO - [2025-05-04T23:45:13.486+0300] {dag.py:3834} INFO - Setting next_dagrun for example_python_decorator to None, run_after=None
[2025-05-04T23:45:13.496+0300] {processor.py:183} INFO - Processing /Users/admin/anaconda3/lib/python3.11/site-packages/airflow/example_dags/example_python_decorator.py took 0.149 seconds
[2025-05-04T23:48:09.796+0300] {processor.py:161} INFO - Started process (PID=27412) to work on /Users/admin/anaconda3/lib/python3.11/site-packages/airflow/example_dags/example_python_decorator.py
[2025-05-04T23:48:09.797+0300] {processor.py:830} INFO - Processing file /Users/admin/anaconda3/lib/python3.11/site-packages/airflow/example_dags/example_python_decorator.py for tasks to queue
[2025-05-04T23:48:09.797+0300] {logging_mixin.py:188} INFO - [2025-05-04T23:48:09.797+0300] {dagbag.py:540} INFO - Filling up the DagBag from /Users/admin/anaconda3/lib/python3.11/site-packages/airflow/example_dags/example_python_decorator.py
[2025-05-04T23:48:09.821+0300] {processor.py:840} INFO - DAG(s) 'example_python_decorator' retrieved from /Users/admin/anaconda3/lib/python3.11/site-packages/airflow/example_dags/example_python_decorator.py
[2025-05-04T23:48:09.929+0300] {logging_mixin.py:188} INFO - [2025-05-04T23:48:09.928+0300] {dag.py:3047} INFO - Sync 1 DAGs
[2025-05-04T23:48:09.934+0300] {logging_mixin.py:188} INFO - [2025-05-04T23:48:09.933+0300] {dag.py:3834} INFO - Setting next_dagrun for example_python_decorator to None, run_after=None
[2025-05-04T23:48:09.944+0300] {processor.py:183} INFO - Processing /Users/admin/anaconda3/lib/python3.11/site-packages/airflow/example_dags/example_python_decorator.py took 0.149 seconds
[2025-05-04T23:51:09.982+0300] {processor.py:161} INFO - Started process (PID=28247) to work on /Users/admin/anaconda3/lib/python3.11/site-packages/airflow/example_dags/example_python_decorator.py
[2025-05-04T23:51:09.983+0300] {processor.py:830} INFO - Processing file /Users/admin/anaconda3/lib/python3.11/site-packages/airflow/example_dags/example_python_decorator.py for tasks to queue
[2025-05-04T23:51:09.983+0300] {logging_mixin.py:188} INFO - [2025-05-04T23:51:09.983+0300] {dagbag.py:540} INFO - Filling up the DagBag from /Users/admin/anaconda3/lib/python3.11/site-packages/airflow/example_dags/example_python_decorator.py
[2025-05-04T23:51:10.007+0300] {processor.py:840} INFO - DAG(s) 'example_python_decorator' retrieved from /Users/admin/anaconda3/lib/python3.11/site-packages/airflow/example_dags/example_python_decorator.py
[2025-05-04T23:51:10.114+0300] {logging_mixin.py:188} INFO - [2025-05-04T23:51:10.114+0300] {dag.py:3047} INFO - Sync 1 DAGs
[2025-05-04T23:51:10.119+0300] {logging_mixin.py:188} INFO - [2025-05-04T23:51:10.119+0300] {dag.py:3834} INFO - Setting next_dagrun for example_python_decorator to None, run_after=None
[2025-05-04T23:51:10.129+0300] {processor.py:183} INFO - Processing /Users/admin/anaconda3/lib/python3.11/site-packages/airflow/example_dags/example_python_decorator.py took 0.148 seconds
[2025-05-04T23:58:48.425+0300] {processor.py:161} INFO - Started process (PID=29194) to work on /Users/admin/anaconda3/lib/python3.11/site-packages/airflow/example_dags/example_python_decorator.py
[2025-05-04T23:58:48.426+0300] {processor.py:830} INFO - Processing file /Users/admin/anaconda3/lib/python3.11/site-packages/airflow/example_dags/example_python_decorator.py for tasks to queue
[2025-05-04T23:58:48.427+0300] {logging_mixin.py:188} INFO - [2025-05-04T23:58:48.427+0300] {dagbag.py:540} INFO - Filling up the DagBag from /Users/admin/anaconda3/lib/python3.11/site-packages/airflow/example_dags/example_python_decorator.py
[2025-05-04T23:58:48.450+0300] {processor.py:840} INFO - DAG(s) 'example_python_decorator' retrieved from /Users/admin/anaconda3/lib/python3.11/site-packages/airflow/example_dags/example_python_decorator.py
[2025-05-04T23:58:48.557+0300] {logging_mixin.py:188} INFO - [2025-05-04T23:58:48.557+0300] {dag.py:3047} INFO - Sync 1 DAGs
[2025-05-04T23:58:48.562+0300] {logging_mixin.py:188} INFO - [2025-05-04T23:58:48.562+0300] {dag.py:3834} INFO - Setting next_dagrun for example_python_decorator to None, run_after=None
[2025-05-04T23:58:48.572+0300] {processor.py:183} INFO - Processing /Users/admin/anaconda3/lib/python3.11/site-packages/airflow/example_dags/example_python_decorator.py took 0.148 seconds
