[2025-05-04T22:11:57.183+0300] {processor.py:161} INFO - Started process (PID=14397) to work on /Users/admin/anaconda3/lib/python3.11/site-packages/airflow/example_dags/example_dynamic_task_mapping.py
[2025-05-04T22:11:57.184+0300] {processor.py:830} INFO - Processing file /Users/admin/anaconda3/lib/python3.11/site-packages/airflow/example_dags/example_dynamic_task_mapping.py for tasks to queue
[2025-05-04T22:11:57.184+0300] {logging_mixin.py:188} INFO - [2025-05-04T22:11:57.184+0300] {dagbag.py:540} INFO - Filling up the DagBag from /Users/admin/anaconda3/lib/python3.11/site-packages/airflow/example_dags/example_dynamic_task_mapping.py
[2025-05-04T22:11:57.205+0300] {processor.py:840} INFO - DAG(s) 'example_dynamic_task_mapping' retrieved from /Users/admin/anaconda3/lib/python3.11/site-packages/airflow/example_dags/example_dynamic_task_mapping.py
[2025-05-04T22:11:57.312+0300] {logging_mixin.py:188} INFO - [2025-05-04T22:11:57.312+0300] {dag.py:3047} INFO - Sync 1 DAGs
[2025-05-04T22:11:57.321+0300] {logging_mixin.py:188} INFO - [2025-05-04T22:11:57.321+0300] {dag.py:3834} INFO - Setting next_dagrun for example_dynamic_task_mapping to 2022-03-04 00:00:00+00:00, run_after=2022-03-05 00:00:00+00:00
[2025-05-04T22:11:57.331+0300] {processor.py:183} INFO - Processing /Users/admin/anaconda3/lib/python3.11/site-packages/airflow/example_dags/example_dynamic_task_mapping.py took 0.148 seconds
[2025-05-04T22:14:41.004+0300] {processor.py:161} INFO - Started process (PID=15178) to work on /Users/admin/anaconda3/lib/python3.11/site-packages/airflow/example_dags/example_dynamic_task_mapping.py
[2025-05-04T22:14:41.005+0300] {processor.py:830} INFO - Processing file /Users/admin/anaconda3/lib/python3.11/site-packages/airflow/example_dags/example_dynamic_task_mapping.py for tasks to queue
[2025-05-04T22:14:41.006+0300] {logging_mixin.py:188} INFO - [2025-05-04T22:14:41.005+0300] {dagbag.py:540} INFO - Filling up the DagBag from /Users/admin/anaconda3/lib/python3.11/site-packages/airflow/example_dags/example_dynamic_task_mapping.py
[2025-05-04T22:14:41.026+0300] {processor.py:840} INFO - DAG(s) 'example_dynamic_task_mapping' retrieved from /Users/admin/anaconda3/lib/python3.11/site-packages/airflow/example_dags/example_dynamic_task_mapping.py
[2025-05-04T22:14:41.085+0300] {logging_mixin.py:188} INFO - [2025-05-04T22:14:41.085+0300] {dag.py:3047} INFO - Sync 1 DAGs
[2025-05-04T22:14:41.095+0300] {logging_mixin.py:188} INFO - [2025-05-04T22:14:41.095+0300] {dag.py:3834} INFO - Setting next_dagrun for example_dynamic_task_mapping to 2022-03-04 00:00:00+00:00, run_after=2022-03-05 00:00:00+00:00
[2025-05-04T22:14:41.105+0300] {processor.py:183} INFO - Processing /Users/admin/anaconda3/lib/python3.11/site-packages/airflow/example_dags/example_dynamic_task_mapping.py took 0.102 seconds
[2025-05-04T22:17:28.646+0300] {processor.py:161} INFO - Started process (PID=15978) to work on /Users/admin/anaconda3/lib/python3.11/site-packages/airflow/example_dags/example_dynamic_task_mapping.py
[2025-05-04T22:17:28.647+0300] {processor.py:830} INFO - Processing file /Users/admin/anaconda3/lib/python3.11/site-packages/airflow/example_dags/example_dynamic_task_mapping.py for tasks to queue
[2025-05-04T22:17:28.647+0300] {logging_mixin.py:188} INFO - [2025-05-04T22:17:28.647+0300] {dagbag.py:540} INFO - Filling up the DagBag from /Users/admin/anaconda3/lib/python3.11/site-packages/airflow/example_dags/example_dynamic_task_mapping.py
[2025-05-04T22:17:28.669+0300] {processor.py:840} INFO - DAG(s) 'example_dynamic_task_mapping' retrieved from /Users/admin/anaconda3/lib/python3.11/site-packages/airflow/example_dags/example_dynamic_task_mapping.py
[2025-05-04T22:17:28.730+0300] {logging_mixin.py:188} INFO - [2025-05-04T22:17:28.730+0300] {dag.py:3047} INFO - Sync 1 DAGs
[2025-05-04T22:17:28.740+0300] {logging_mixin.py:188} INFO - [2025-05-04T22:17:28.740+0300] {dag.py:3834} INFO - Setting next_dagrun for example_dynamic_task_mapping to 2022-03-04 00:00:00+00:00, run_after=2022-03-05 00:00:00+00:00
[2025-05-04T22:17:28.751+0300] {processor.py:183} INFO - Processing /Users/admin/anaconda3/lib/python3.11/site-packages/airflow/example_dags/example_dynamic_task_mapping.py took 0.105 seconds
[2025-05-04T22:27:07.792+0300] {processor.py:161} INFO - Started process (PID=16813) to work on /Users/admin/anaconda3/lib/python3.11/site-packages/airflow/example_dags/example_dynamic_task_mapping.py
[2025-05-04T22:27:07.793+0300] {processor.py:830} INFO - Processing file /Users/admin/anaconda3/lib/python3.11/site-packages/airflow/example_dags/example_dynamic_task_mapping.py for tasks to queue
[2025-05-04T22:27:07.794+0300] {logging_mixin.py:188} INFO - [2025-05-04T22:27:07.793+0300] {dagbag.py:540} INFO - Filling up the DagBag from /Users/admin/anaconda3/lib/python3.11/site-packages/airflow/example_dags/example_dynamic_task_mapping.py
[2025-05-04T22:27:07.818+0300] {processor.py:840} INFO - DAG(s) 'example_dynamic_task_mapping' retrieved from /Users/admin/anaconda3/lib/python3.11/site-packages/airflow/example_dags/example_dynamic_task_mapping.py
[2025-05-04T22:27:07.885+0300] {logging_mixin.py:188} INFO - [2025-05-04T22:27:07.885+0300] {dag.py:3047} INFO - Sync 1 DAGs
[2025-05-04T22:27:07.895+0300] {logging_mixin.py:188} INFO - [2025-05-04T22:27:07.895+0300] {dag.py:3834} INFO - Setting next_dagrun for example_dynamic_task_mapping to 2022-03-04 00:00:00+00:00, run_after=2022-03-05 00:00:00+00:00
[2025-05-04T22:27:07.905+0300] {processor.py:183} INFO - Processing /Users/admin/anaconda3/lib/python3.11/site-packages/airflow/example_dags/example_dynamic_task_mapping.py took 0.114 seconds
[2025-05-04T22:29:52.981+0300] {processor.py:161} INFO - Started process (PID=17587) to work on /Users/admin/anaconda3/lib/python3.11/site-packages/airflow/example_dags/example_dynamic_task_mapping.py
[2025-05-04T22:29:52.982+0300] {processor.py:830} INFO - Processing file /Users/admin/anaconda3/lib/python3.11/site-packages/airflow/example_dags/example_dynamic_task_mapping.py for tasks to queue
[2025-05-04T22:29:52.982+0300] {logging_mixin.py:188} INFO - [2025-05-04T22:29:52.982+0300] {dagbag.py:540} INFO - Filling up the DagBag from /Users/admin/anaconda3/lib/python3.11/site-packages/airflow/example_dags/example_dynamic_task_mapping.py
[2025-05-04T22:29:53.003+0300] {processor.py:840} INFO - DAG(s) 'example_dynamic_task_mapping' retrieved from /Users/admin/anaconda3/lib/python3.11/site-packages/airflow/example_dags/example_dynamic_task_mapping.py
[2025-05-04T22:29:53.062+0300] {logging_mixin.py:188} INFO - [2025-05-04T22:29:53.062+0300] {dag.py:3047} INFO - Sync 1 DAGs
[2025-05-04T22:29:53.072+0300] {logging_mixin.py:188} INFO - [2025-05-04T22:29:53.072+0300] {dag.py:3834} INFO - Setting next_dagrun for example_dynamic_task_mapping to 2022-03-04 00:00:00+00:00, run_after=2022-03-05 00:00:00+00:00
[2025-05-04T22:29:53.082+0300] {processor.py:183} INFO - Processing /Users/admin/anaconda3/lib/python3.11/site-packages/airflow/example_dags/example_dynamic_task_mapping.py took 0.102 seconds
[2025-05-04T23:16:31.880+0300] {processor.py:161} INFO - Started process (PID=18472) to work on /Users/admin/anaconda3/lib/python3.11/site-packages/airflow/example_dags/example_dynamic_task_mapping.py
[2025-05-04T23:16:31.882+0300] {processor.py:830} INFO - Processing file /Users/admin/anaconda3/lib/python3.11/site-packages/airflow/example_dags/example_dynamic_task_mapping.py for tasks to queue
[2025-05-04T23:16:31.882+0300] {logging_mixin.py:188} INFO - [2025-05-04T23:16:31.882+0300] {dagbag.py:540} INFO - Filling up the DagBag from /Users/admin/anaconda3/lib/python3.11/site-packages/airflow/example_dags/example_dynamic_task_mapping.py
[2025-05-04T23:16:31.906+0300] {processor.py:840} INFO - DAG(s) 'example_dynamic_task_mapping' retrieved from /Users/admin/anaconda3/lib/python3.11/site-packages/airflow/example_dags/example_dynamic_task_mapping.py
[2025-05-04T23:16:31.968+0300] {logging_mixin.py:188} INFO - [2025-05-04T23:16:31.968+0300] {dag.py:3047} INFO - Sync 1 DAGs
[2025-05-04T23:16:31.978+0300] {logging_mixin.py:188} INFO - [2025-05-04T23:16:31.978+0300] {dag.py:3834} INFO - Setting next_dagrun for example_dynamic_task_mapping to 2022-03-04 00:00:00+00:00, run_after=2022-03-05 00:00:00+00:00
[2025-05-04T23:16:31.987+0300] {processor.py:183} INFO - Processing /Users/admin/anaconda3/lib/python3.11/site-packages/airflow/example_dags/example_dynamic_task_mapping.py took 0.108 seconds
[2025-05-04T23:19:17.824+0300] {processor.py:161} INFO - Started process (PID=19252) to work on /Users/admin/anaconda3/lib/python3.11/site-packages/airflow/example_dags/example_dynamic_task_mapping.py
[2025-05-04T23:19:17.825+0300] {processor.py:830} INFO - Processing file /Users/admin/anaconda3/lib/python3.11/site-packages/airflow/example_dags/example_dynamic_task_mapping.py for tasks to queue
[2025-05-04T23:19:17.825+0300] {logging_mixin.py:188} INFO - [2025-05-04T23:19:17.825+0300] {dagbag.py:540} INFO - Filling up the DagBag from /Users/admin/anaconda3/lib/python3.11/site-packages/airflow/example_dags/example_dynamic_task_mapping.py
[2025-05-04T23:19:17.847+0300] {processor.py:840} INFO - DAG(s) 'example_dynamic_task_mapping' retrieved from /Users/admin/anaconda3/lib/python3.11/site-packages/airflow/example_dags/example_dynamic_task_mapping.py
[2025-05-04T23:19:17.907+0300] {logging_mixin.py:188} INFO - [2025-05-04T23:19:17.906+0300] {dag.py:3047} INFO - Sync 1 DAGs
[2025-05-04T23:19:17.917+0300] {logging_mixin.py:188} INFO - [2025-05-04T23:19:17.917+0300] {dag.py:3834} INFO - Setting next_dagrun for example_dynamic_task_mapping to 2022-03-04 00:00:00+00:00, run_after=2022-03-05 00:00:00+00:00
[2025-05-04T23:19:17.926+0300] {processor.py:183} INFO - Processing /Users/admin/anaconda3/lib/python3.11/site-packages/airflow/example_dags/example_dynamic_task_mapping.py took 0.103 seconds
[2025-05-04T23:22:10.423+0300] {processor.py:161} INFO - Started process (PID=20070) to work on /Users/admin/anaconda3/lib/python3.11/site-packages/airflow/example_dags/example_dynamic_task_mapping.py
[2025-05-04T23:22:10.424+0300] {processor.py:830} INFO - Processing file /Users/admin/anaconda3/lib/python3.11/site-packages/airflow/example_dags/example_dynamic_task_mapping.py for tasks to queue
[2025-05-04T23:22:10.425+0300] {logging_mixin.py:188} INFO - [2025-05-04T23:22:10.424+0300] {dagbag.py:540} INFO - Filling up the DagBag from /Users/admin/anaconda3/lib/python3.11/site-packages/airflow/example_dags/example_dynamic_task_mapping.py
[2025-05-04T23:22:10.447+0300] {processor.py:840} INFO - DAG(s) 'example_dynamic_task_mapping' retrieved from /Users/admin/anaconda3/lib/python3.11/site-packages/airflow/example_dags/example_dynamic_task_mapping.py
[2025-05-04T23:22:10.509+0300] {logging_mixin.py:188} INFO - [2025-05-04T23:22:10.509+0300] {dag.py:3047} INFO - Sync 1 DAGs
[2025-05-04T23:22:10.519+0300] {logging_mixin.py:188} INFO - [2025-05-04T23:22:10.519+0300] {dag.py:3834} INFO - Setting next_dagrun for example_dynamic_task_mapping to 2022-03-04 00:00:00+00:00, run_after=2022-03-05 00:00:00+00:00
[2025-05-04T23:22:10.529+0300] {processor.py:183} INFO - Processing /Users/admin/anaconda3/lib/python3.11/site-packages/airflow/example_dags/example_dynamic_task_mapping.py took 0.106 seconds
[2025-05-04T23:25:03.763+0300] {processor.py:161} INFO - Started process (PID=20878) to work on /Users/admin/anaconda3/lib/python3.11/site-packages/airflow/example_dags/example_dynamic_task_mapping.py
[2025-05-04T23:25:03.764+0300] {processor.py:830} INFO - Processing file /Users/admin/anaconda3/lib/python3.11/site-packages/airflow/example_dags/example_dynamic_task_mapping.py for tasks to queue
[2025-05-04T23:25:03.764+0300] {logging_mixin.py:188} INFO - [2025-05-04T23:25:03.764+0300] {dagbag.py:540} INFO - Filling up the DagBag from /Users/admin/anaconda3/lib/python3.11/site-packages/airflow/example_dags/example_dynamic_task_mapping.py
[2025-05-04T23:25:03.786+0300] {processor.py:840} INFO - DAG(s) 'example_dynamic_task_mapping' retrieved from /Users/admin/anaconda3/lib/python3.11/site-packages/airflow/example_dags/example_dynamic_task_mapping.py
[2025-05-04T23:25:03.847+0300] {logging_mixin.py:188} INFO - [2025-05-04T23:25:03.847+0300] {dag.py:3047} INFO - Sync 1 DAGs
[2025-05-04T23:25:03.857+0300] {logging_mixin.py:188} INFO - [2025-05-04T23:25:03.857+0300] {dag.py:3834} INFO - Setting next_dagrun for example_dynamic_task_mapping to 2022-03-04 00:00:00+00:00, run_after=2022-03-05 00:00:00+00:00
[2025-05-04T23:25:03.867+0300] {processor.py:183} INFO - Processing /Users/admin/anaconda3/lib/python3.11/site-packages/airflow/example_dags/example_dynamic_task_mapping.py took 0.105 seconds
[2025-05-04T23:27:56.132+0300] {processor.py:161} INFO - Started process (PID=21690) to work on /Users/admin/anaconda3/lib/python3.11/site-packages/airflow/example_dags/example_dynamic_task_mapping.py
[2025-05-04T23:27:56.134+0300] {processor.py:830} INFO - Processing file /Users/admin/anaconda3/lib/python3.11/site-packages/airflow/example_dags/example_dynamic_task_mapping.py for tasks to queue
[2025-05-04T23:27:56.134+0300] {logging_mixin.py:188} INFO - [2025-05-04T23:27:56.134+0300] {dagbag.py:540} INFO - Filling up the DagBag from /Users/admin/anaconda3/lib/python3.11/site-packages/airflow/example_dags/example_dynamic_task_mapping.py
[2025-05-04T23:27:56.155+0300] {processor.py:840} INFO - DAG(s) 'example_dynamic_task_mapping' retrieved from /Users/admin/anaconda3/lib/python3.11/site-packages/airflow/example_dags/example_dynamic_task_mapping.py
[2025-05-04T23:27:56.214+0300] {logging_mixin.py:188} INFO - [2025-05-04T23:27:56.214+0300] {dag.py:3047} INFO - Sync 1 DAGs
[2025-05-04T23:27:56.224+0300] {logging_mixin.py:188} INFO - [2025-05-04T23:27:56.224+0300] {dag.py:3834} INFO - Setting next_dagrun for example_dynamic_task_mapping to 2022-03-04 00:00:00+00:00, run_after=2022-03-05 00:00:00+00:00
[2025-05-04T23:27:56.234+0300] {processor.py:183} INFO - Processing /Users/admin/anaconda3/lib/python3.11/site-packages/airflow/example_dags/example_dynamic_task_mapping.py took 0.103 seconds
[2025-05-04T23:30:56.175+0300] {processor.py:161} INFO - Started process (PID=22564) to work on /Users/admin/anaconda3/lib/python3.11/site-packages/airflow/example_dags/example_dynamic_task_mapping.py
[2025-05-04T23:30:56.176+0300] {processor.py:830} INFO - Processing file /Users/admin/anaconda3/lib/python3.11/site-packages/airflow/example_dags/example_dynamic_task_mapping.py for tasks to queue
[2025-05-04T23:30:56.176+0300] {logging_mixin.py:188} INFO - [2025-05-04T23:30:56.176+0300] {dagbag.py:540} INFO - Filling up the DagBag from /Users/admin/anaconda3/lib/python3.11/site-packages/airflow/example_dags/example_dynamic_task_mapping.py
[2025-05-04T23:30:56.198+0300] {processor.py:840} INFO - DAG(s) 'example_dynamic_task_mapping' retrieved from /Users/admin/anaconda3/lib/python3.11/site-packages/airflow/example_dags/example_dynamic_task_mapping.py
[2025-05-04T23:30:56.258+0300] {logging_mixin.py:188} INFO - [2025-05-04T23:30:56.258+0300] {dag.py:3047} INFO - Sync 1 DAGs
[2025-05-04T23:30:56.268+0300] {logging_mixin.py:188} INFO - [2025-05-04T23:30:56.268+0300] {dag.py:3834} INFO - Setting next_dagrun for example_dynamic_task_mapping to 2022-03-04 00:00:00+00:00, run_after=2022-03-05 00:00:00+00:00
[2025-05-04T23:30:56.278+0300] {processor.py:183} INFO - Processing /Users/admin/anaconda3/lib/python3.11/site-packages/airflow/example_dags/example_dynamic_task_mapping.py took 0.104 seconds
[2025-05-04T23:33:52.561+0300] {processor.py:161} INFO - Started process (PID=23384) to work on /Users/admin/anaconda3/lib/python3.11/site-packages/airflow/example_dags/example_dynamic_task_mapping.py
[2025-05-04T23:33:52.563+0300] {processor.py:830} INFO - Processing file /Users/admin/anaconda3/lib/python3.11/site-packages/airflow/example_dags/example_dynamic_task_mapping.py for tasks to queue
[2025-05-04T23:33:52.563+0300] {logging_mixin.py:188} INFO - [2025-05-04T23:33:52.563+0300] {dagbag.py:540} INFO - Filling up the DagBag from /Users/admin/anaconda3/lib/python3.11/site-packages/airflow/example_dags/example_dynamic_task_mapping.py
[2025-05-04T23:33:52.585+0300] {processor.py:840} INFO - DAG(s) 'example_dynamic_task_mapping' retrieved from /Users/admin/anaconda3/lib/python3.11/site-packages/airflow/example_dags/example_dynamic_task_mapping.py
[2025-05-04T23:33:52.644+0300] {logging_mixin.py:188} INFO - [2025-05-04T23:33:52.643+0300] {dag.py:3047} INFO - Sync 1 DAGs
[2025-05-04T23:33:52.654+0300] {logging_mixin.py:188} INFO - [2025-05-04T23:33:52.654+0300] {dag.py:3834} INFO - Setting next_dagrun for example_dynamic_task_mapping to 2022-03-04 00:00:00+00:00, run_after=2022-03-05 00:00:00+00:00
[2025-05-04T23:33:52.664+0300] {processor.py:183} INFO - Processing /Users/admin/anaconda3/lib/python3.11/site-packages/airflow/example_dags/example_dynamic_task_mapping.py took 0.103 seconds
[2025-05-04T23:36:58.734+0300] {processor.py:161} INFO - Started process (PID=24267) to work on /Users/admin/anaconda3/lib/python3.11/site-packages/airflow/example_dags/example_dynamic_task_mapping.py
[2025-05-04T23:36:58.735+0300] {processor.py:830} INFO - Processing file /Users/admin/anaconda3/lib/python3.11/site-packages/airflow/example_dags/example_dynamic_task_mapping.py for tasks to queue
[2025-05-04T23:36:58.735+0300] {logging_mixin.py:188} INFO - [2025-05-04T23:36:58.735+0300] {dagbag.py:540} INFO - Filling up the DagBag from /Users/admin/anaconda3/lib/python3.11/site-packages/airflow/example_dags/example_dynamic_task_mapping.py
[2025-05-04T23:36:58.757+0300] {processor.py:840} INFO - DAG(s) 'example_dynamic_task_mapping' retrieved from /Users/admin/anaconda3/lib/python3.11/site-packages/airflow/example_dags/example_dynamic_task_mapping.py
[2025-05-04T23:36:58.817+0300] {logging_mixin.py:188} INFO - [2025-05-04T23:36:58.816+0300] {dag.py:3047} INFO - Sync 1 DAGs
[2025-05-04T23:36:58.827+0300] {logging_mixin.py:188} INFO - [2025-05-04T23:36:58.827+0300] {dag.py:3834} INFO - Setting next_dagrun for example_dynamic_task_mapping to 2022-03-04 00:00:00+00:00, run_after=2022-03-05 00:00:00+00:00
[2025-05-04T23:36:58.837+0300] {processor.py:183} INFO - Processing /Users/admin/anaconda3/lib/python3.11/site-packages/airflow/example_dags/example_dynamic_task_mapping.py took 0.104 seconds
[2025-05-04T23:40:02.469+0300] {processor.py:161} INFO - Started process (PID=25159) to work on /Users/admin/anaconda3/lib/python3.11/site-packages/airflow/example_dags/example_dynamic_task_mapping.py
[2025-05-04T23:40:02.471+0300] {processor.py:830} INFO - Processing file /Users/admin/anaconda3/lib/python3.11/site-packages/airflow/example_dags/example_dynamic_task_mapping.py for tasks to queue
[2025-05-04T23:40:02.471+0300] {logging_mixin.py:188} INFO - [2025-05-04T23:40:02.471+0300] {dagbag.py:540} INFO - Filling up the DagBag from /Users/admin/anaconda3/lib/python3.11/site-packages/airflow/example_dags/example_dynamic_task_mapping.py
[2025-05-04T23:40:02.493+0300] {processor.py:840} INFO - DAG(s) 'example_dynamic_task_mapping' retrieved from /Users/admin/anaconda3/lib/python3.11/site-packages/airflow/example_dags/example_dynamic_task_mapping.py
[2025-05-04T23:40:02.552+0300] {logging_mixin.py:188} INFO - [2025-05-04T23:40:02.552+0300] {dag.py:3047} INFO - Sync 1 DAGs
[2025-05-04T23:40:02.562+0300] {logging_mixin.py:188} INFO - [2025-05-04T23:40:02.562+0300] {dag.py:3834} INFO - Setting next_dagrun for example_dynamic_task_mapping to 2022-03-04 00:00:00+00:00, run_after=2022-03-05 00:00:00+00:00
[2025-05-04T23:40:02.572+0300] {processor.py:183} INFO - Processing /Users/admin/anaconda3/lib/python3.11/site-packages/airflow/example_dags/example_dynamic_task_mapping.py took 0.103 seconds
[2025-05-04T23:43:33.177+0300] {processor.py:161} INFO - Started process (PID=26123) to work on /Users/admin/anaconda3/lib/python3.11/site-packages/airflow/example_dags/example_dynamic_task_mapping.py
[2025-05-04T23:43:33.178+0300] {processor.py:830} INFO - Processing file /Users/admin/anaconda3/lib/python3.11/site-packages/airflow/example_dags/example_dynamic_task_mapping.py for tasks to queue
[2025-05-04T23:43:33.179+0300] {logging_mixin.py:188} INFO - [2025-05-04T23:43:33.179+0300] {dagbag.py:540} INFO - Filling up the DagBag from /Users/admin/anaconda3/lib/python3.11/site-packages/airflow/example_dags/example_dynamic_task_mapping.py
[2025-05-04T23:43:33.200+0300] {processor.py:840} INFO - DAG(s) 'example_dynamic_task_mapping' retrieved from /Users/admin/anaconda3/lib/python3.11/site-packages/airflow/example_dags/example_dynamic_task_mapping.py
[2025-05-04T23:43:33.260+0300] {logging_mixin.py:188} INFO - [2025-05-04T23:43:33.260+0300] {dag.py:3047} INFO - Sync 1 DAGs
[2025-05-04T23:43:33.270+0300] {logging_mixin.py:188} INFO - [2025-05-04T23:43:33.270+0300] {dag.py:3834} INFO - Setting next_dagrun for example_dynamic_task_mapping to 2022-03-04 00:00:00+00:00, run_after=2022-03-05 00:00:00+00:00
[2025-05-04T23:43:33.280+0300] {processor.py:183} INFO - Processing /Users/admin/anaconda3/lib/python3.11/site-packages/airflow/example_dags/example_dynamic_task_mapping.py took 0.103 seconds
[2025-05-04T23:46:41.060+0300] {processor.py:161} INFO - Started process (PID=27000) to work on /Users/admin/anaconda3/lib/python3.11/site-packages/airflow/example_dags/example_dynamic_task_mapping.py
[2025-05-04T23:46:41.061+0300] {processor.py:830} INFO - Processing file /Users/admin/anaconda3/lib/python3.11/site-packages/airflow/example_dags/example_dynamic_task_mapping.py for tasks to queue
[2025-05-04T23:46:41.061+0300] {logging_mixin.py:188} INFO - [2025-05-04T23:46:41.061+0300] {dagbag.py:540} INFO - Filling up the DagBag from /Users/admin/anaconda3/lib/python3.11/site-packages/airflow/example_dags/example_dynamic_task_mapping.py
[2025-05-04T23:46:41.082+0300] {processor.py:840} INFO - DAG(s) 'example_dynamic_task_mapping' retrieved from /Users/admin/anaconda3/lib/python3.11/site-packages/airflow/example_dags/example_dynamic_task_mapping.py
[2025-05-04T23:46:41.141+0300] {logging_mixin.py:188} INFO - [2025-05-04T23:46:41.141+0300] {dag.py:3047} INFO - Sync 1 DAGs
[2025-05-04T23:46:41.151+0300] {logging_mixin.py:188} INFO - [2025-05-04T23:46:41.151+0300] {dag.py:3834} INFO - Setting next_dagrun for example_dynamic_task_mapping to 2022-03-04 00:00:00+00:00, run_after=2022-03-05 00:00:00+00:00
[2025-05-04T23:46:41.161+0300] {processor.py:183} INFO - Processing /Users/admin/anaconda3/lib/python3.11/site-packages/airflow/example_dags/example_dynamic_task_mapping.py took 0.102 seconds
[2025-05-04T23:49:40.094+0300] {processor.py:161} INFO - Started process (PID=27835) to work on /Users/admin/anaconda3/lib/python3.11/site-packages/airflow/example_dags/example_dynamic_task_mapping.py
[2025-05-04T23:49:40.095+0300] {processor.py:830} INFO - Processing file /Users/admin/anaconda3/lib/python3.11/site-packages/airflow/example_dags/example_dynamic_task_mapping.py for tasks to queue
[2025-05-04T23:49:40.095+0300] {logging_mixin.py:188} INFO - [2025-05-04T23:49:40.095+0300] {dagbag.py:540} INFO - Filling up the DagBag from /Users/admin/anaconda3/lib/python3.11/site-packages/airflow/example_dags/example_dynamic_task_mapping.py
[2025-05-04T23:49:40.119+0300] {processor.py:840} INFO - DAG(s) 'example_dynamic_task_mapping' retrieved from /Users/admin/anaconda3/lib/python3.11/site-packages/airflow/example_dags/example_dynamic_task_mapping.py
[2025-05-04T23:49:40.178+0300] {logging_mixin.py:188} INFO - [2025-05-04T23:49:40.178+0300] {dag.py:3047} INFO - Sync 1 DAGs
[2025-05-04T23:49:40.188+0300] {logging_mixin.py:188} INFO - [2025-05-04T23:49:40.188+0300] {dag.py:3834} INFO - Setting next_dagrun for example_dynamic_task_mapping to 2022-03-04 00:00:00+00:00, run_after=2022-03-05 00:00:00+00:00
[2025-05-04T23:49:40.198+0300] {processor.py:183} INFO - Processing /Users/admin/anaconda3/lib/python3.11/site-packages/airflow/example_dags/example_dynamic_task_mapping.py took 0.105 seconds
[2025-05-04T23:52:51.191+0300] {processor.py:161} INFO - Started process (PID=28728) to work on /Users/admin/anaconda3/lib/python3.11/site-packages/airflow/example_dags/example_dynamic_task_mapping.py
[2025-05-04T23:52:51.191+0300] {processor.py:830} INFO - Processing file /Users/admin/anaconda3/lib/python3.11/site-packages/airflow/example_dags/example_dynamic_task_mapping.py for tasks to queue
[2025-05-04T23:52:51.192+0300] {logging_mixin.py:188} INFO - [2025-05-04T23:52:51.192+0300] {dagbag.py:540} INFO - Filling up the DagBag from /Users/admin/anaconda3/lib/python3.11/site-packages/airflow/example_dags/example_dynamic_task_mapping.py
[2025-05-04T23:52:51.213+0300] {processor.py:840} INFO - DAG(s) 'example_dynamic_task_mapping' retrieved from /Users/admin/anaconda3/lib/python3.11/site-packages/airflow/example_dags/example_dynamic_task_mapping.py
[2025-05-04T23:52:51.272+0300] {logging_mixin.py:188} INFO - [2025-05-04T23:52:51.272+0300] {dag.py:3047} INFO - Sync 1 DAGs
[2025-05-04T23:52:51.282+0300] {logging_mixin.py:188} INFO - [2025-05-04T23:52:51.282+0300] {dag.py:3834} INFO - Setting next_dagrun for example_dynamic_task_mapping to 2022-03-04 00:00:00+00:00, run_after=2022-03-05 00:00:00+00:00
[2025-05-04T23:52:51.292+0300] {processor.py:183} INFO - Processing /Users/admin/anaconda3/lib/python3.11/site-packages/airflow/example_dags/example_dynamic_task_mapping.py took 0.102 seconds
