[2025-05-04T22:11:19.955+0300] {processor.py:161} INFO - Started process (PID=14229) to work on /Users/admin/anaconda3/lib/python3.11/site-packages/airflow/example_dags/example_short_circuit_decorator.py
[2025-05-04T22:11:19.956+0300] {processor.py:830} INFO - Processing file /Users/admin/anaconda3/lib/python3.11/site-packages/airflow/example_dags/example_short_circuit_decorator.py for tasks to queue
[2025-05-04T22:11:19.957+0300] {logging_mixin.py:188} INFO - [2025-05-04T22:11:19.956+0300] {dagbag.py:540} INFO - Filling up the DagBag from /Users/admin/anaconda3/lib/python3.11/site-packages/airflow/example_dags/example_short_circuit_decorator.py
[2025-05-04T22:11:19.979+0300] {processor.py:840} INFO - DAG(s) 'example_short_circuit_decorator' retrieved from /Users/admin/anaconda3/lib/python3.11/site-packages/airflow/example_dags/example_short_circuit_decorator.py
[2025-05-04T22:11:20.091+0300] {logging_mixin.py:188} INFO - [2025-05-04T22:11:20.091+0300] {dag.py:3047} INFO - Sync 1 DAGs
[2025-05-04T22:11:20.100+0300] {logging_mixin.py:188} INFO - [2025-05-04T22:11:20.100+0300] {dag.py:3834} INFO - Setting next_dagrun for example_short_circuit_decorator to 2025-05-03 00:00:00+00:00, run_after=2025-05-04 00:00:00+00:00
[2025-05-04T22:11:20.110+0300] {processor.py:183} INFO - Processing /Users/admin/anaconda3/lib/python3.11/site-packages/airflow/example_dags/example_short_circuit_decorator.py took 0.155 seconds
[2025-05-04T22:13:14.546+0300] {processor.py:161} INFO - Started process (PID=14762) to work on /Users/admin/anaconda3/lib/python3.11/site-packages/airflow/example_dags/example_short_circuit_decorator.py
[2025-05-04T22:13:14.547+0300] {processor.py:830} INFO - Processing file /Users/admin/anaconda3/lib/python3.11/site-packages/airflow/example_dags/example_short_circuit_decorator.py for tasks to queue
[2025-05-04T22:13:14.547+0300] {logging_mixin.py:188} INFO - [2025-05-04T22:13:14.547+0300] {dagbag.py:540} INFO - Filling up the DagBag from /Users/admin/anaconda3/lib/python3.11/site-packages/airflow/example_dags/example_short_circuit_decorator.py
[2025-05-04T22:13:14.570+0300] {processor.py:840} INFO - DAG(s) 'example_short_circuit_decorator' retrieved from /Users/admin/anaconda3/lib/python3.11/site-packages/airflow/example_dags/example_short_circuit_decorator.py
[2025-05-04T22:13:14.631+0300] {logging_mixin.py:188} INFO - [2025-05-04T22:13:14.631+0300] {dag.py:3047} INFO - Sync 1 DAGs
[2025-05-04T22:13:14.641+0300] {logging_mixin.py:188} INFO - [2025-05-04T22:13:14.641+0300] {dag.py:3834} INFO - Setting next_dagrun for example_short_circuit_decorator to 2025-05-03 00:00:00+00:00, run_after=2025-05-04 00:00:00+00:00
[2025-05-04T22:13:14.651+0300] {processor.py:183} INFO - Processing /Users/admin/anaconda3/lib/python3.11/site-packages/airflow/example_dags/example_short_circuit_decorator.py took 0.105 seconds
[2025-05-04T22:15:56.971+0300] {processor.py:161} INFO - Started process (PID=15532) to work on /Users/admin/anaconda3/lib/python3.11/site-packages/airflow/example_dags/example_short_circuit_decorator.py
[2025-05-04T22:15:56.972+0300] {processor.py:830} INFO - Processing file /Users/admin/anaconda3/lib/python3.11/site-packages/airflow/example_dags/example_short_circuit_decorator.py for tasks to queue
[2025-05-04T22:15:56.972+0300] {logging_mixin.py:188} INFO - [2025-05-04T22:15:56.972+0300] {dagbag.py:540} INFO - Filling up the DagBag from /Users/admin/anaconda3/lib/python3.11/site-packages/airflow/example_dags/example_short_circuit_decorator.py
[2025-05-04T22:15:56.995+0300] {processor.py:840} INFO - DAG(s) 'example_short_circuit_decorator' retrieved from /Users/admin/anaconda3/lib/python3.11/site-packages/airflow/example_dags/example_short_circuit_decorator.py
[2025-05-04T22:15:57.056+0300] {logging_mixin.py:188} INFO - [2025-05-04T22:15:57.056+0300] {dag.py:3047} INFO - Sync 1 DAGs
[2025-05-04T22:15:57.066+0300] {logging_mixin.py:188} INFO - [2025-05-04T22:15:57.066+0300] {dag.py:3834} INFO - Setting next_dagrun for example_short_circuit_decorator to 2025-05-03 00:00:00+00:00, run_after=2025-05-04 00:00:00+00:00
[2025-05-04T22:15:57.076+0300] {processor.py:183} INFO - Processing /Users/admin/anaconda3/lib/python3.11/site-packages/airflow/example_dags/example_short_circuit_decorator.py took 0.106 seconds
[2025-05-04T22:25:39.863+0300] {processor.py:161} INFO - Started process (PID=16398) to work on /Users/admin/anaconda3/lib/python3.11/site-packages/airflow/example_dags/example_short_circuit_decorator.py
[2025-05-04T22:25:39.864+0300] {processor.py:830} INFO - Processing file /Users/admin/anaconda3/lib/python3.11/site-packages/airflow/example_dags/example_short_circuit_decorator.py for tasks to queue
[2025-05-04T22:25:39.865+0300] {logging_mixin.py:188} INFO - [2025-05-04T22:25:39.865+0300] {dagbag.py:540} INFO - Filling up the DagBag from /Users/admin/anaconda3/lib/python3.11/site-packages/airflow/example_dags/example_short_circuit_decorator.py
[2025-05-04T22:25:39.887+0300] {processor.py:840} INFO - DAG(s) 'example_short_circuit_decorator' retrieved from /Users/admin/anaconda3/lib/python3.11/site-packages/airflow/example_dags/example_short_circuit_decorator.py
[2025-05-04T22:25:39.949+0300] {logging_mixin.py:188} INFO - [2025-05-04T22:25:39.948+0300] {dag.py:3047} INFO - Sync 1 DAGs
[2025-05-04T22:25:39.959+0300] {logging_mixin.py:188} INFO - [2025-05-04T22:25:39.959+0300] {dag.py:3834} INFO - Setting next_dagrun for example_short_circuit_decorator to 2025-05-03 00:00:00+00:00, run_after=2025-05-04 00:00:00+00:00
[2025-05-04T22:25:39.969+0300] {processor.py:183} INFO - Processing /Users/admin/anaconda3/lib/python3.11/site-packages/airflow/example_dags/example_short_circuit_decorator.py took 0.106 seconds
[2025-05-04T22:28:24.918+0300] {processor.py:161} INFO - Started process (PID=17172) to work on /Users/admin/anaconda3/lib/python3.11/site-packages/airflow/example_dags/example_short_circuit_decorator.py
[2025-05-04T22:28:24.919+0300] {processor.py:830} INFO - Processing file /Users/admin/anaconda3/lib/python3.11/site-packages/airflow/example_dags/example_short_circuit_decorator.py for tasks to queue
[2025-05-04T22:28:24.919+0300] {logging_mixin.py:188} INFO - [2025-05-04T22:28:24.919+0300] {dagbag.py:540} INFO - Filling up the DagBag from /Users/admin/anaconda3/lib/python3.11/site-packages/airflow/example_dags/example_short_circuit_decorator.py
[2025-05-04T22:28:24.946+0300] {processor.py:840} INFO - DAG(s) 'example_short_circuit_decorator' retrieved from /Users/admin/anaconda3/lib/python3.11/site-packages/airflow/example_dags/example_short_circuit_decorator.py
[2025-05-04T22:28:25.016+0300] {logging_mixin.py:188} INFO - [2025-05-04T22:28:25.016+0300] {dag.py:3047} INFO - Sync 1 DAGs
[2025-05-04T22:28:25.028+0300] {logging_mixin.py:188} INFO - [2025-05-04T22:28:25.028+0300] {dag.py:3834} INFO - Setting next_dagrun for example_short_circuit_decorator to 2025-05-03 00:00:00+00:00, run_after=2025-05-04 00:00:00+00:00
[2025-05-04T22:28:25.041+0300] {processor.py:183} INFO - Processing /Users/admin/anaconda3/lib/python3.11/site-packages/airflow/example_dags/example_short_circuit_decorator.py took 0.123 seconds
[2025-05-04T22:31:07.195+0300] {processor.py:161} INFO - Started process (PID=17955) to work on /Users/admin/anaconda3/lib/python3.11/site-packages/airflow/example_dags/example_short_circuit_decorator.py
[2025-05-04T22:31:07.196+0300] {processor.py:830} INFO - Processing file /Users/admin/anaconda3/lib/python3.11/site-packages/airflow/example_dags/example_short_circuit_decorator.py for tasks to queue
[2025-05-04T22:31:07.196+0300] {logging_mixin.py:188} INFO - [2025-05-04T22:31:07.196+0300] {dagbag.py:540} INFO - Filling up the DagBag from /Users/admin/anaconda3/lib/python3.11/site-packages/airflow/example_dags/example_short_circuit_decorator.py
[2025-05-04T22:31:07.221+0300] {processor.py:840} INFO - DAG(s) 'example_short_circuit_decorator' retrieved from /Users/admin/anaconda3/lib/python3.11/site-packages/airflow/example_dags/example_short_circuit_decorator.py
[2025-05-04T22:31:07.283+0300] {logging_mixin.py:188} INFO - [2025-05-04T22:31:07.283+0300] {dag.py:3047} INFO - Sync 1 DAGs
[2025-05-04T22:31:07.293+0300] {logging_mixin.py:188} INFO - [2025-05-04T22:31:07.293+0300] {dag.py:3834} INFO - Setting next_dagrun for example_short_circuit_decorator to 2025-05-03 00:00:00+00:00, run_after=2025-05-04 00:00:00+00:00
[2025-05-04T22:31:07.303+0300] {processor.py:183} INFO - Processing /Users/admin/anaconda3/lib/python3.11/site-packages/airflow/example_dags/example_short_circuit_decorator.py took 0.109 seconds
[2025-05-04T23:17:47.776+0300] {processor.py:161} INFO - Started process (PID=18825) to work on /Users/admin/anaconda3/lib/python3.11/site-packages/airflow/example_dags/example_short_circuit_decorator.py
[2025-05-04T23:17:47.777+0300] {processor.py:830} INFO - Processing file /Users/admin/anaconda3/lib/python3.11/site-packages/airflow/example_dags/example_short_circuit_decorator.py for tasks to queue
[2025-05-04T23:17:47.778+0300] {logging_mixin.py:188} INFO - [2025-05-04T23:17:47.777+0300] {dagbag.py:540} INFO - Filling up the DagBag from /Users/admin/anaconda3/lib/python3.11/site-packages/airflow/example_dags/example_short_circuit_decorator.py
[2025-05-04T23:17:47.800+0300] {processor.py:840} INFO - DAG(s) 'example_short_circuit_decorator' retrieved from /Users/admin/anaconda3/lib/python3.11/site-packages/airflow/example_dags/example_short_circuit_decorator.py
[2025-05-04T23:17:47.864+0300] {logging_mixin.py:188} INFO - [2025-05-04T23:17:47.864+0300] {dag.py:3047} INFO - Sync 1 DAGs
[2025-05-04T23:17:47.874+0300] {logging_mixin.py:188} INFO - [2025-05-04T23:17:47.874+0300] {dag.py:3834} INFO - Setting next_dagrun for example_short_circuit_decorator to 2025-05-03 00:00:00+00:00, run_after=2025-05-04 00:00:00+00:00
[2025-05-04T23:17:47.885+0300] {processor.py:183} INFO - Processing /Users/admin/anaconda3/lib/python3.11/site-packages/airflow/example_dags/example_short_circuit_decorator.py took 0.110 seconds
[2025-05-04T23:20:32.093+0300] {processor.py:161} INFO - Started process (PID=19602) to work on /Users/admin/anaconda3/lib/python3.11/site-packages/airflow/example_dags/example_short_circuit_decorator.py
[2025-05-04T23:20:32.094+0300] {processor.py:830} INFO - Processing file /Users/admin/anaconda3/lib/python3.11/site-packages/airflow/example_dags/example_short_circuit_decorator.py for tasks to queue
[2025-05-04T23:20:32.094+0300] {logging_mixin.py:188} INFO - [2025-05-04T23:20:32.094+0300] {dagbag.py:540} INFO - Filling up the DagBag from /Users/admin/anaconda3/lib/python3.11/site-packages/airflow/example_dags/example_short_circuit_decorator.py
[2025-05-04T23:20:32.117+0300] {processor.py:840} INFO - DAG(s) 'example_short_circuit_decorator' retrieved from /Users/admin/anaconda3/lib/python3.11/site-packages/airflow/example_dags/example_short_circuit_decorator.py
[2025-05-04T23:20:32.179+0300] {logging_mixin.py:188} INFO - [2025-05-04T23:20:32.179+0300] {dag.py:3047} INFO - Sync 1 DAGs
[2025-05-04T23:20:32.189+0300] {logging_mixin.py:188} INFO - [2025-05-04T23:20:32.189+0300] {dag.py:3834} INFO - Setting next_dagrun for example_short_circuit_decorator to 2025-05-03 00:00:00+00:00, run_after=2025-05-04 00:00:00+00:00
[2025-05-04T23:20:32.200+0300] {processor.py:183} INFO - Processing /Users/admin/anaconda3/lib/python3.11/site-packages/airflow/example_dags/example_short_circuit_decorator.py took 0.108 seconds
[2025-05-04T23:22:00.086+0300] {processor.py:161} INFO - Started process (PID=20019) to work on /Users/admin/anaconda3/lib/python3.11/site-packages/airflow/example_dags/example_short_circuit_decorator.py
[2025-05-04T23:22:00.088+0300] {processor.py:830} INFO - Processing file /Users/admin/anaconda3/lib/python3.11/site-packages/airflow/example_dags/example_short_circuit_decorator.py for tasks to queue
[2025-05-04T23:22:00.088+0300] {logging_mixin.py:188} INFO - [2025-05-04T23:22:00.088+0300] {dagbag.py:540} INFO - Filling up the DagBag from /Users/admin/anaconda3/lib/python3.11/site-packages/airflow/example_dags/example_short_circuit_decorator.py
[2025-05-04T23:22:00.110+0300] {processor.py:840} INFO - DAG(s) 'example_short_circuit_decorator' retrieved from /Users/admin/anaconda3/lib/python3.11/site-packages/airflow/example_dags/example_short_circuit_decorator.py
[2025-05-04T23:22:00.172+0300] {logging_mixin.py:188} INFO - [2025-05-04T23:22:00.172+0300] {dag.py:3047} INFO - Sync 1 DAGs
[2025-05-04T23:22:00.182+0300] {logging_mixin.py:188} INFO - [2025-05-04T23:22:00.182+0300] {dag.py:3834} INFO - Setting next_dagrun for example_short_circuit_decorator to 2025-05-03 00:00:00+00:00, run_after=2025-05-04 00:00:00+00:00
[2025-05-04T23:22:00.192+0300] {processor.py:183} INFO - Processing /Users/admin/anaconda3/lib/python3.11/site-packages/airflow/example_dags/example_short_circuit_decorator.py took 0.106 seconds
[2025-05-04T23:23:29.928+0300] {processor.py:161} INFO - Started process (PID=20438) to work on /Users/admin/anaconda3/lib/python3.11/site-packages/airflow/example_dags/example_short_circuit_decorator.py
[2025-05-04T23:23:29.929+0300] {processor.py:830} INFO - Processing file /Users/admin/anaconda3/lib/python3.11/site-packages/airflow/example_dags/example_short_circuit_decorator.py for tasks to queue
[2025-05-04T23:23:29.929+0300] {logging_mixin.py:188} INFO - [2025-05-04T23:23:29.929+0300] {dagbag.py:540} INFO - Filling up the DagBag from /Users/admin/anaconda3/lib/python3.11/site-packages/airflow/example_dags/example_short_circuit_decorator.py
[2025-05-04T23:23:29.952+0300] {processor.py:840} INFO - DAG(s) 'example_short_circuit_decorator' retrieved from /Users/admin/anaconda3/lib/python3.11/site-packages/airflow/example_dags/example_short_circuit_decorator.py
[2025-05-04T23:23:30.014+0300] {logging_mixin.py:188} INFO - [2025-05-04T23:23:30.013+0300] {dag.py:3047} INFO - Sync 1 DAGs
[2025-05-04T23:23:30.024+0300] {logging_mixin.py:188} INFO - [2025-05-04T23:23:30.024+0300] {dag.py:3834} INFO - Setting next_dagrun for example_short_circuit_decorator to 2025-05-03 00:00:00+00:00, run_after=2025-05-04 00:00:00+00:00
[2025-05-04T23:23:30.034+0300] {processor.py:183} INFO - Processing /Users/admin/anaconda3/lib/python3.11/site-packages/airflow/example_dags/example_short_circuit_decorator.py took 0.107 seconds
[2025-05-04T23:26:24.591+0300] {processor.py:161} INFO - Started process (PID=21264) to work on /Users/admin/anaconda3/lib/python3.11/site-packages/airflow/example_dags/example_short_circuit_decorator.py
[2025-05-04T23:26:24.592+0300] {processor.py:830} INFO - Processing file /Users/admin/anaconda3/lib/python3.11/site-packages/airflow/example_dags/example_short_circuit_decorator.py for tasks to queue
[2025-05-04T23:26:24.593+0300] {logging_mixin.py:188} INFO - [2025-05-04T23:26:24.592+0300] {dagbag.py:540} INFO - Filling up the DagBag from /Users/admin/anaconda3/lib/python3.11/site-packages/airflow/example_dags/example_short_circuit_decorator.py
[2025-05-04T23:26:24.615+0300] {processor.py:840} INFO - DAG(s) 'example_short_circuit_decorator' retrieved from /Users/admin/anaconda3/lib/python3.11/site-packages/airflow/example_dags/example_short_circuit_decorator.py
[2025-05-04T23:26:24.678+0300] {logging_mixin.py:188} INFO - [2025-05-04T23:26:24.677+0300] {dag.py:3047} INFO - Sync 1 DAGs
[2025-05-04T23:26:24.688+0300] {logging_mixin.py:188} INFO - [2025-05-04T23:26:24.688+0300] {dag.py:3834} INFO - Setting next_dagrun for example_short_circuit_decorator to 2025-05-03 00:00:00+00:00, run_after=2025-05-04 00:00:00+00:00
[2025-05-04T23:26:24.698+0300] {processor.py:183} INFO - Processing /Users/admin/anaconda3/lib/python3.11/site-packages/airflow/example_dags/example_short_circuit_decorator.py took 0.108 seconds
[2025-05-04T23:29:18.743+0300] {processor.py:161} INFO - Started process (PID=22089) to work on /Users/admin/anaconda3/lib/python3.11/site-packages/airflow/example_dags/example_short_circuit_decorator.py
[2025-05-04T23:29:18.744+0300] {processor.py:830} INFO - Processing file /Users/admin/anaconda3/lib/python3.11/site-packages/airflow/example_dags/example_short_circuit_decorator.py for tasks to queue
[2025-05-04T23:29:18.745+0300] {logging_mixin.py:188} INFO - [2025-05-04T23:29:18.744+0300] {dagbag.py:540} INFO - Filling up the DagBag from /Users/admin/anaconda3/lib/python3.11/site-packages/airflow/example_dags/example_short_circuit_decorator.py
[2025-05-04T23:29:18.767+0300] {processor.py:840} INFO - DAG(s) 'example_short_circuit_decorator' retrieved from /Users/admin/anaconda3/lib/python3.11/site-packages/airflow/example_dags/example_short_circuit_decorator.py
[2025-05-04T23:29:18.836+0300] {logging_mixin.py:188} INFO - [2025-05-04T23:29:18.835+0300] {dag.py:3047} INFO - Sync 1 DAGs
[2025-05-04T23:29:18.852+0300] {logging_mixin.py:188} INFO - [2025-05-04T23:29:18.851+0300] {dag.py:3834} INFO - Setting next_dagrun for example_short_circuit_decorator to 2025-05-03 00:00:00+00:00, run_after=2025-05-04 00:00:00+00:00
[2025-05-04T23:29:18.865+0300] {processor.py:183} INFO - Processing /Users/admin/anaconda3/lib/python3.11/site-packages/airflow/example_dags/example_short_circuit_decorator.py took 0.123 seconds
[2025-05-04T23:30:47.194+0300] {processor.py:161} INFO - Started process (PID=22522) to work on /Users/admin/anaconda3/lib/python3.11/site-packages/airflow/example_dags/example_short_circuit_decorator.py
[2025-05-04T23:30:47.195+0300] {processor.py:830} INFO - Processing file /Users/admin/anaconda3/lib/python3.11/site-packages/airflow/example_dags/example_short_circuit_decorator.py for tasks to queue
[2025-05-04T23:30:47.196+0300] {logging_mixin.py:188} INFO - [2025-05-04T23:30:47.196+0300] {dagbag.py:540} INFO - Filling up the DagBag from /Users/admin/anaconda3/lib/python3.11/site-packages/airflow/example_dags/example_short_circuit_decorator.py
[2025-05-04T23:30:47.219+0300] {processor.py:840} INFO - DAG(s) 'example_short_circuit_decorator' retrieved from /Users/admin/anaconda3/lib/python3.11/site-packages/airflow/example_dags/example_short_circuit_decorator.py
[2025-05-04T23:30:47.285+0300] {logging_mixin.py:188} INFO - [2025-05-04T23:30:47.285+0300] {dag.py:3047} INFO - Sync 1 DAGs
[2025-05-04T23:30:47.295+0300] {logging_mixin.py:188} INFO - [2025-05-04T23:30:47.295+0300] {dag.py:3834} INFO - Setting next_dagrun for example_short_circuit_decorator to 2025-05-03 00:00:00+00:00, run_after=2025-05-04 00:00:00+00:00
[2025-05-04T23:30:47.305+0300] {processor.py:183} INFO - Processing /Users/admin/anaconda3/lib/python3.11/site-packages/airflow/example_dags/example_short_circuit_decorator.py took 0.112 seconds
[2025-05-04T23:32:18.928+0300] {processor.py:161} INFO - Started process (PID=22947) to work on /Users/admin/anaconda3/lib/python3.11/site-packages/airflow/example_dags/example_short_circuit_decorator.py
[2025-05-04T23:32:18.930+0300] {processor.py:830} INFO - Processing file /Users/admin/anaconda3/lib/python3.11/site-packages/airflow/example_dags/example_short_circuit_decorator.py for tasks to queue
[2025-05-04T23:32:18.930+0300] {logging_mixin.py:188} INFO - [2025-05-04T23:32:18.930+0300] {dagbag.py:540} INFO - Filling up the DagBag from /Users/admin/anaconda3/lib/python3.11/site-packages/airflow/example_dags/example_short_circuit_decorator.py
[2025-05-04T23:32:18.952+0300] {processor.py:840} INFO - DAG(s) 'example_short_circuit_decorator' retrieved from /Users/admin/anaconda3/lib/python3.11/site-packages/airflow/example_dags/example_short_circuit_decorator.py
[2025-05-04T23:32:19.013+0300] {logging_mixin.py:188} INFO - [2025-05-04T23:32:19.013+0300] {dag.py:3047} INFO - Sync 1 DAGs
[2025-05-04T23:32:19.023+0300] {logging_mixin.py:188} INFO - [2025-05-04T23:32:19.023+0300] {dag.py:3834} INFO - Setting next_dagrun for example_short_circuit_decorator to 2025-05-03 00:00:00+00:00, run_after=2025-05-04 00:00:00+00:00
[2025-05-04T23:32:19.033+0300] {processor.py:183} INFO - Processing /Users/admin/anaconda3/lib/python3.11/site-packages/airflow/example_dags/example_short_circuit_decorator.py took 0.106 seconds
[2025-05-04T23:33:46.138+0300] {processor.py:161} INFO - Started process (PID=23351) to work on /Users/admin/anaconda3/lib/python3.11/site-packages/airflow/example_dags/example_short_circuit_decorator.py
[2025-05-04T23:33:46.139+0300] {processor.py:830} INFO - Processing file /Users/admin/anaconda3/lib/python3.11/site-packages/airflow/example_dags/example_short_circuit_decorator.py for tasks to queue
[2025-05-04T23:33:46.139+0300] {logging_mixin.py:188} INFO - [2025-05-04T23:33:46.139+0300] {dagbag.py:540} INFO - Filling up the DagBag from /Users/admin/anaconda3/lib/python3.11/site-packages/airflow/example_dags/example_short_circuit_decorator.py
[2025-05-04T23:33:46.162+0300] {processor.py:840} INFO - DAG(s) 'example_short_circuit_decorator' retrieved from /Users/admin/anaconda3/lib/python3.11/site-packages/airflow/example_dags/example_short_circuit_decorator.py
[2025-05-04T23:33:46.223+0300] {logging_mixin.py:188} INFO - [2025-05-04T23:33:46.223+0300] {dag.py:3047} INFO - Sync 1 DAGs
[2025-05-04T23:33:46.233+0300] {logging_mixin.py:188} INFO - [2025-05-04T23:33:46.233+0300] {dag.py:3834} INFO - Setting next_dagrun for example_short_circuit_decorator to 2025-05-03 00:00:00+00:00, run_after=2025-05-04 00:00:00+00:00
[2025-05-04T23:33:46.243+0300] {processor.py:183} INFO - Processing /Users/admin/anaconda3/lib/python3.11/site-packages/airflow/example_dags/example_short_circuit_decorator.py took 0.106 seconds
[2025-05-04T23:35:18.608+0300] {processor.py:161} INFO - Started process (PID=23786) to work on /Users/admin/anaconda3/lib/python3.11/site-packages/airflow/example_dags/example_short_circuit_decorator.py
[2025-05-04T23:35:18.609+0300] {processor.py:830} INFO - Processing file /Users/admin/anaconda3/lib/python3.11/site-packages/airflow/example_dags/example_short_circuit_decorator.py for tasks to queue
[2025-05-04T23:35:18.610+0300] {logging_mixin.py:188} INFO - [2025-05-04T23:35:18.610+0300] {dagbag.py:540} INFO - Filling up the DagBag from /Users/admin/anaconda3/lib/python3.11/site-packages/airflow/example_dags/example_short_circuit_decorator.py
[2025-05-04T23:35:18.636+0300] {processor.py:840} INFO - DAG(s) 'example_short_circuit_decorator' retrieved from /Users/admin/anaconda3/lib/python3.11/site-packages/airflow/example_dags/example_short_circuit_decorator.py
[2025-05-04T23:35:18.709+0300] {logging_mixin.py:188} INFO - [2025-05-04T23:35:18.709+0300] {dag.py:3047} INFO - Sync 1 DAGs
[2025-05-04T23:35:18.723+0300] {logging_mixin.py:188} INFO - [2025-05-04T23:35:18.723+0300] {dag.py:3834} INFO - Setting next_dagrun for example_short_circuit_decorator to 2025-05-03 00:00:00+00:00, run_after=2025-05-04 00:00:00+00:00
[2025-05-04T23:35:18.736+0300] {processor.py:183} INFO - Processing /Users/admin/anaconda3/lib/python3.11/site-packages/airflow/example_dags/example_short_circuit_decorator.py took 0.129 seconds
[2025-05-04T23:36:49.437+0300] {processor.py:161} INFO - Started process (PID=24228) to work on /Users/admin/anaconda3/lib/python3.11/site-packages/airflow/example_dags/example_short_circuit_decorator.py
[2025-05-04T23:36:49.439+0300] {processor.py:830} INFO - Processing file /Users/admin/anaconda3/lib/python3.11/site-packages/airflow/example_dags/example_short_circuit_decorator.py for tasks to queue
[2025-05-04T23:36:49.439+0300] {logging_mixin.py:188} INFO - [2025-05-04T23:36:49.439+0300] {dagbag.py:540} INFO - Filling up the DagBag from /Users/admin/anaconda3/lib/python3.11/site-packages/airflow/example_dags/example_short_circuit_decorator.py
[2025-05-04T23:36:49.461+0300] {processor.py:840} INFO - DAG(s) 'example_short_circuit_decorator' retrieved from /Users/admin/anaconda3/lib/python3.11/site-packages/airflow/example_dags/example_short_circuit_decorator.py
[2025-05-04T23:36:49.523+0300] {logging_mixin.py:188} INFO - [2025-05-04T23:36:49.523+0300] {dag.py:3047} INFO - Sync 1 DAGs
[2025-05-04T23:36:49.533+0300] {logging_mixin.py:188} INFO - [2025-05-04T23:36:49.533+0300] {dag.py:3834} INFO - Setting next_dagrun for example_short_circuit_decorator to 2025-05-03 00:00:00+00:00, run_after=2025-05-04 00:00:00+00:00
[2025-05-04T23:36:49.543+0300] {processor.py:183} INFO - Processing /Users/admin/anaconda3/lib/python3.11/site-packages/airflow/example_dags/example_short_circuit_decorator.py took 0.107 seconds
[2025-05-04T23:38:19.337+0300] {processor.py:161} INFO - Started process (PID=24662) to work on /Users/admin/anaconda3/lib/python3.11/site-packages/airflow/example_dags/example_short_circuit_decorator.py
[2025-05-04T23:38:19.339+0300] {processor.py:830} INFO - Processing file /Users/admin/anaconda3/lib/python3.11/site-packages/airflow/example_dags/example_short_circuit_decorator.py for tasks to queue
[2025-05-04T23:38:19.339+0300] {logging_mixin.py:188} INFO - [2025-05-04T23:38:19.339+0300] {dagbag.py:540} INFO - Filling up the DagBag from /Users/admin/anaconda3/lib/python3.11/site-packages/airflow/example_dags/example_short_circuit_decorator.py
[2025-05-04T23:38:19.374+0300] {processor.py:840} INFO - DAG(s) 'example_short_circuit_decorator' retrieved from /Users/admin/anaconda3/lib/python3.11/site-packages/airflow/example_dags/example_short_circuit_decorator.py
[2025-05-04T23:38:19.503+0300] {logging_mixin.py:188} INFO - [2025-05-04T23:38:19.502+0300] {dag.py:3047} INFO - Sync 1 DAGs
[2025-05-04T23:38:19.513+0300] {logging_mixin.py:188} INFO - [2025-05-04T23:38:19.513+0300] {dag.py:3834} INFO - Setting next_dagrun for example_short_circuit_decorator to 2025-05-03 00:00:00+00:00, run_after=2025-05-04 00:00:00+00:00
[2025-05-04T23:38:19.525+0300] {processor.py:183} INFO - Processing /Users/admin/anaconda3/lib/python3.11/site-packages/airflow/example_dags/example_short_circuit_decorator.py took 0.188 seconds
[2025-05-04T23:39:51.858+0300] {processor.py:161} INFO - Started process (PID=25103) to work on /Users/admin/anaconda3/lib/python3.11/site-packages/airflow/example_dags/example_short_circuit_decorator.py
[2025-05-04T23:39:51.859+0300] {processor.py:830} INFO - Processing file /Users/admin/anaconda3/lib/python3.11/site-packages/airflow/example_dags/example_short_circuit_decorator.py for tasks to queue
[2025-05-04T23:39:51.860+0300] {logging_mixin.py:188} INFO - [2025-05-04T23:39:51.859+0300] {dagbag.py:540} INFO - Filling up the DagBag from /Users/admin/anaconda3/lib/python3.11/site-packages/airflow/example_dags/example_short_circuit_decorator.py
[2025-05-04T23:39:51.897+0300] {processor.py:840} INFO - DAG(s) 'example_short_circuit_decorator' retrieved from /Users/admin/anaconda3/lib/python3.11/site-packages/airflow/example_dags/example_short_circuit_decorator.py
[2025-05-04T23:39:51.991+0300] {logging_mixin.py:188} INFO - [2025-05-04T23:39:51.990+0300] {dag.py:3047} INFO - Sync 1 DAGs
[2025-05-04T23:39:52.007+0300] {logging_mixin.py:188} INFO - [2025-05-04T23:39:52.007+0300] {dag.py:3834} INFO - Setting next_dagrun for example_short_circuit_decorator to 2025-05-03 00:00:00+00:00, run_after=2025-05-04 00:00:00+00:00
[2025-05-04T23:39:52.025+0300] {processor.py:183} INFO - Processing /Users/admin/anaconda3/lib/python3.11/site-packages/airflow/example_dags/example_short_circuit_decorator.py took 0.168 seconds
[2025-05-04T23:41:37.113+0300] {processor.py:161} INFO - Started process (PID=25589) to work on /Users/admin/anaconda3/lib/python3.11/site-packages/airflow/example_dags/example_short_circuit_decorator.py
[2025-05-04T23:41:37.115+0300] {processor.py:830} INFO - Processing file /Users/admin/anaconda3/lib/python3.11/site-packages/airflow/example_dags/example_short_circuit_decorator.py for tasks to queue
[2025-05-04T23:41:37.115+0300] {logging_mixin.py:188} INFO - [2025-05-04T23:41:37.115+0300] {dagbag.py:540} INFO - Filling up the DagBag from /Users/admin/anaconda3/lib/python3.11/site-packages/airflow/example_dags/example_short_circuit_decorator.py
[2025-05-04T23:41:37.138+0300] {processor.py:840} INFO - DAG(s) 'example_short_circuit_decorator' retrieved from /Users/admin/anaconda3/lib/python3.11/site-packages/airflow/example_dags/example_short_circuit_decorator.py
[2025-05-04T23:41:37.200+0300] {logging_mixin.py:188} INFO - [2025-05-04T23:41:37.199+0300] {dag.py:3047} INFO - Sync 1 DAGs
[2025-05-04T23:41:37.210+0300] {logging_mixin.py:188} INFO - [2025-05-04T23:41:37.210+0300] {dag.py:3834} INFO - Setting next_dagrun for example_short_circuit_decorator to 2025-05-03 00:00:00+00:00, run_after=2025-05-04 00:00:00+00:00
[2025-05-04T23:41:37.220+0300] {processor.py:183} INFO - Processing /Users/admin/anaconda3/lib/python3.11/site-packages/airflow/example_dags/example_short_circuit_decorator.py took 0.107 seconds
[2025-05-04T23:43:21.939+0300] {processor.py:161} INFO - Started process (PID=26064) to work on /Users/admin/anaconda3/lib/python3.11/site-packages/airflow/example_dags/example_short_circuit_decorator.py
[2025-05-04T23:43:21.941+0300] {processor.py:830} INFO - Processing file /Users/admin/anaconda3/lib/python3.11/site-packages/airflow/example_dags/example_short_circuit_decorator.py for tasks to queue
[2025-05-04T23:43:21.942+0300] {logging_mixin.py:188} INFO - [2025-05-04T23:43:21.942+0300] {dagbag.py:540} INFO - Filling up the DagBag from /Users/admin/anaconda3/lib/python3.11/site-packages/airflow/example_dags/example_short_circuit_decorator.py
[2025-05-04T23:43:21.979+0300] {processor.py:840} INFO - DAG(s) 'example_short_circuit_decorator' retrieved from /Users/admin/anaconda3/lib/python3.11/site-packages/airflow/example_dags/example_short_circuit_decorator.py
[2025-05-04T23:43:22.085+0300] {logging_mixin.py:188} INFO - [2025-05-04T23:43:22.085+0300] {dag.py:3047} INFO - Sync 1 DAGs
[2025-05-04T23:43:22.102+0300] {logging_mixin.py:188} INFO - [2025-05-04T23:43:22.102+0300] {dag.py:3834} INFO - Setting next_dagrun for example_short_circuit_decorator to 2025-05-03 00:00:00+00:00, run_after=2025-05-04 00:00:00+00:00
[2025-05-04T23:43:22.124+0300] {processor.py:183} INFO - Processing /Users/admin/anaconda3/lib/python3.11/site-packages/airflow/example_dags/example_short_circuit_decorator.py took 0.187 seconds
[2025-05-04T23:44:59.499+0300] {processor.py:161} INFO - Started process (PID=26519) to work on /Users/admin/anaconda3/lib/python3.11/site-packages/airflow/example_dags/example_short_circuit_decorator.py
[2025-05-04T23:44:59.500+0300] {processor.py:830} INFO - Processing file /Users/admin/anaconda3/lib/python3.11/site-packages/airflow/example_dags/example_short_circuit_decorator.py for tasks to queue
[2025-05-04T23:44:59.501+0300] {logging_mixin.py:188} INFO - [2025-05-04T23:44:59.500+0300] {dagbag.py:540} INFO - Filling up the DagBag from /Users/admin/anaconda3/lib/python3.11/site-packages/airflow/example_dags/example_short_circuit_decorator.py
[2025-05-04T23:44:59.523+0300] {processor.py:840} INFO - DAG(s) 'example_short_circuit_decorator' retrieved from /Users/admin/anaconda3/lib/python3.11/site-packages/airflow/example_dags/example_short_circuit_decorator.py
[2025-05-04T23:44:59.584+0300] {logging_mixin.py:188} INFO - [2025-05-04T23:44:59.584+0300] {dag.py:3047} INFO - Sync 1 DAGs
[2025-05-04T23:44:59.594+0300] {logging_mixin.py:188} INFO - [2025-05-04T23:44:59.594+0300] {dag.py:3834} INFO - Setting next_dagrun for example_short_circuit_decorator to 2025-05-03 00:00:00+00:00, run_after=2025-05-04 00:00:00+00:00
[2025-05-04T23:44:59.605+0300] {processor.py:183} INFO - Processing /Users/admin/anaconda3/lib/python3.11/site-packages/airflow/example_dags/example_short_circuit_decorator.py took 0.107 seconds
[2025-05-04T23:46:34.667+0300] {processor.py:161} INFO - Started process (PID=26966) to work on /Users/admin/anaconda3/lib/python3.11/site-packages/airflow/example_dags/example_short_circuit_decorator.py
[2025-05-04T23:46:34.668+0300] {processor.py:830} INFO - Processing file /Users/admin/anaconda3/lib/python3.11/site-packages/airflow/example_dags/example_short_circuit_decorator.py for tasks to queue
[2025-05-04T23:46:34.669+0300] {logging_mixin.py:188} INFO - [2025-05-04T23:46:34.669+0300] {dagbag.py:540} INFO - Filling up the DagBag from /Users/admin/anaconda3/lib/python3.11/site-packages/airflow/example_dags/example_short_circuit_decorator.py
[2025-05-04T23:46:34.691+0300] {processor.py:840} INFO - DAG(s) 'example_short_circuit_decorator' retrieved from /Users/admin/anaconda3/lib/python3.11/site-packages/airflow/example_dags/example_short_circuit_decorator.py
[2025-05-04T23:46:34.753+0300] {logging_mixin.py:188} INFO - [2025-05-04T23:46:34.752+0300] {dag.py:3047} INFO - Sync 1 DAGs
[2025-05-04T23:46:34.763+0300] {logging_mixin.py:188} INFO - [2025-05-04T23:46:34.763+0300] {dag.py:3834} INFO - Setting next_dagrun for example_short_circuit_decorator to 2025-05-03 00:00:00+00:00, run_after=2025-05-04 00:00:00+00:00
[2025-05-04T23:46:34.773+0300] {processor.py:183} INFO - Processing /Users/admin/anaconda3/lib/python3.11/site-packages/airflow/example_dags/example_short_circuit_decorator.py took 0.106 seconds
[2025-05-04T23:49:33.645+0300] {processor.py:161} INFO - Started process (PID=27800) to work on /Users/admin/anaconda3/lib/python3.11/site-packages/airflow/example_dags/example_short_circuit_decorator.py
[2025-05-04T23:49:33.645+0300] {processor.py:830} INFO - Processing file /Users/admin/anaconda3/lib/python3.11/site-packages/airflow/example_dags/example_short_circuit_decorator.py for tasks to queue
[2025-05-04T23:49:33.646+0300] {logging_mixin.py:188} INFO - [2025-05-04T23:49:33.646+0300] {dagbag.py:540} INFO - Filling up the DagBag from /Users/admin/anaconda3/lib/python3.11/site-packages/airflow/example_dags/example_short_circuit_decorator.py
[2025-05-04T23:49:33.670+0300] {processor.py:840} INFO - DAG(s) 'example_short_circuit_decorator' retrieved from /Users/admin/anaconda3/lib/python3.11/site-packages/airflow/example_dags/example_short_circuit_decorator.py
[2025-05-04T23:49:33.737+0300] {logging_mixin.py:188} INFO - [2025-05-04T23:49:33.737+0300] {dag.py:3047} INFO - Sync 1 DAGs
[2025-05-04T23:49:33.748+0300] {logging_mixin.py:188} INFO - [2025-05-04T23:49:33.748+0300] {dag.py:3834} INFO - Setting next_dagrun for example_short_circuit_decorator to 2025-05-03 00:00:00+00:00, run_after=2025-05-04 00:00:00+00:00
[2025-05-04T23:49:33.759+0300] {processor.py:183} INFO - Processing /Users/admin/anaconda3/lib/python3.11/site-packages/airflow/example_dags/example_short_circuit_decorator.py took 0.116 seconds
[2025-05-04T23:52:44.821+0300] {processor.py:161} INFO - Started process (PID=28695) to work on /Users/admin/anaconda3/lib/python3.11/site-packages/airflow/example_dags/example_short_circuit_decorator.py
[2025-05-04T23:52:44.822+0300] {processor.py:830} INFO - Processing file /Users/admin/anaconda3/lib/python3.11/site-packages/airflow/example_dags/example_short_circuit_decorator.py for tasks to queue
[2025-05-04T23:52:44.822+0300] {logging_mixin.py:188} INFO - [2025-05-04T23:52:44.822+0300] {dagbag.py:540} INFO - Filling up the DagBag from /Users/admin/anaconda3/lib/python3.11/site-packages/airflow/example_dags/example_short_circuit_decorator.py
[2025-05-04T23:52:44.845+0300] {processor.py:840} INFO - DAG(s) 'example_short_circuit_decorator' retrieved from /Users/admin/anaconda3/lib/python3.11/site-packages/airflow/example_dags/example_short_circuit_decorator.py
[2025-05-04T23:52:44.907+0300] {logging_mixin.py:188} INFO - [2025-05-04T23:52:44.907+0300] {dag.py:3047} INFO - Sync 1 DAGs
[2025-05-04T23:52:44.917+0300] {logging_mixin.py:188} INFO - [2025-05-04T23:52:44.917+0300] {dag.py:3834} INFO - Setting next_dagrun for example_short_circuit_decorator to 2025-05-03 00:00:00+00:00, run_after=2025-05-04 00:00:00+00:00
[2025-05-04T23:52:44.927+0300] {processor.py:183} INFO - Processing /Users/admin/anaconda3/lib/python3.11/site-packages/airflow/example_dags/example_short_circuit_decorator.py took 0.107 seconds
