[2025-05-04T22:11:48.261+0300] {processor.py:161} INFO - Started process (PID=14360) to work on /Users/admin/anaconda3/lib/python3.11/site-packages/airflow/example_dags/example_latest_only.py
[2025-05-04T22:11:48.262+0300] {processor.py:830} INFO - Processing file /Users/admin/anaconda3/lib/python3.11/site-packages/airflow/example_dags/example_latest_only.py for tasks to queue
[2025-05-04T22:11:48.262+0300] {logging_mixin.py:188} INFO - [2025-05-04T22:11:48.262+0300] {dagbag.py:540} INFO - Filling up the DagBag from /Users/admin/anaconda3/lib/python3.11/site-packages/airflow/example_dags/example_latest_only.py
[2025-05-04T22:11:48.268+0300] {processor.py:840} INFO - DAG(s) 'latest_only' retrieved from /Users/admin/anaconda3/lib/python3.11/site-packages/airflow/example_dags/example_latest_only.py
[2025-05-04T22:11:48.375+0300] {logging_mixin.py:188} INFO - [2025-05-04T22:11:48.374+0300] {dag.py:3047} INFO - Sync 1 DAGs
[2025-05-04T22:11:48.384+0300] {logging_mixin.py:188} INFO - [2025-05-04T22:11:48.384+0300] {dag.py:3834} INFO - Setting next_dagrun for latest_only to 2025-05-04 12:00:00+00:00, run_after=2025-05-04 16:00:00+00:00
[2025-05-04T22:11:48.394+0300] {processor.py:183} INFO - Processing /Users/admin/anaconda3/lib/python3.11/site-packages/airflow/example_dags/example_latest_only.py took 0.134 seconds
[2025-05-04T22:13:42.615+0300] {processor.py:161} INFO - Started process (PID=14894) to work on /Users/admin/anaconda3/lib/python3.11/site-packages/airflow/example_dags/example_latest_only.py
[2025-05-04T22:13:42.616+0300] {processor.py:830} INFO - Processing file /Users/admin/anaconda3/lib/python3.11/site-packages/airflow/example_dags/example_latest_only.py for tasks to queue
[2025-05-04T22:13:42.616+0300] {logging_mixin.py:188} INFO - [2025-05-04T22:13:42.616+0300] {dagbag.py:540} INFO - Filling up the DagBag from /Users/admin/anaconda3/lib/python3.11/site-packages/airflow/example_dags/example_latest_only.py
[2025-05-04T22:13:42.622+0300] {processor.py:840} INFO - DAG(s) 'latest_only' retrieved from /Users/admin/anaconda3/lib/python3.11/site-packages/airflow/example_dags/example_latest_only.py
[2025-05-04T22:13:42.683+0300] {logging_mixin.py:188} INFO - [2025-05-04T22:13:42.682+0300] {dag.py:3047} INFO - Sync 1 DAGs
[2025-05-04T22:13:42.692+0300] {logging_mixin.py:188} INFO - [2025-05-04T22:13:42.692+0300] {dag.py:3834} INFO - Setting next_dagrun for latest_only to 2025-05-04 12:00:00+00:00, run_after=2025-05-04 16:00:00+00:00
[2025-05-04T22:13:42.702+0300] {processor.py:183} INFO - Processing /Users/admin/anaconda3/lib/python3.11/site-packages/airflow/example_dags/example_latest_only.py took 0.087 seconds
[2025-05-04T22:16:26.512+0300] {processor.py:161} INFO - Started process (PID=15681) to work on /Users/admin/anaconda3/lib/python3.11/site-packages/airflow/example_dags/example_latest_only.py
[2025-05-04T22:16:26.513+0300] {processor.py:830} INFO - Processing file /Users/admin/anaconda3/lib/python3.11/site-packages/airflow/example_dags/example_latest_only.py for tasks to queue
[2025-05-04T22:16:26.514+0300] {logging_mixin.py:188} INFO - [2025-05-04T22:16:26.514+0300] {dagbag.py:540} INFO - Filling up the DagBag from /Users/admin/anaconda3/lib/python3.11/site-packages/airflow/example_dags/example_latest_only.py
[2025-05-04T22:16:26.519+0300] {processor.py:840} INFO - DAG(s) 'latest_only' retrieved from /Users/admin/anaconda3/lib/python3.11/site-packages/airflow/example_dags/example_latest_only.py
[2025-05-04T22:16:26.582+0300] {logging_mixin.py:188} INFO - [2025-05-04T22:16:26.582+0300] {dag.py:3047} INFO - Sync 1 DAGs
[2025-05-04T22:16:26.591+0300] {logging_mixin.py:188} INFO - [2025-05-04T22:16:26.591+0300] {dag.py:3834} INFO - Setting next_dagrun for latest_only to 2025-05-04 12:00:00+00:00, run_after=2025-05-04 16:00:00+00:00
[2025-05-04T22:16:26.601+0300] {processor.py:183} INFO - Processing /Users/admin/anaconda3/lib/python3.11/site-packages/airflow/example_dags/example_latest_only.py took 0.090 seconds
[2025-05-04T22:26:07.939+0300] {processor.py:161} INFO - Started process (PID=16534) to work on /Users/admin/anaconda3/lib/python3.11/site-packages/airflow/example_dags/example_latest_only.py
[2025-05-04T22:26:07.941+0300] {processor.py:830} INFO - Processing file /Users/admin/anaconda3/lib/python3.11/site-packages/airflow/example_dags/example_latest_only.py for tasks to queue
[2025-05-04T22:26:07.941+0300] {logging_mixin.py:188} INFO - [2025-05-04T22:26:07.941+0300] {dagbag.py:540} INFO - Filling up the DagBag from /Users/admin/anaconda3/lib/python3.11/site-packages/airflow/example_dags/example_latest_only.py
[2025-05-04T22:26:07.946+0300] {processor.py:840} INFO - DAG(s) 'latest_only' retrieved from /Users/admin/anaconda3/lib/python3.11/site-packages/airflow/example_dags/example_latest_only.py
[2025-05-04T22:26:08.007+0300] {logging_mixin.py:188} INFO - [2025-05-04T22:26:08.007+0300] {dag.py:3047} INFO - Sync 1 DAGs
[2025-05-04T22:26:08.017+0300] {logging_mixin.py:188} INFO - [2025-05-04T22:26:08.016+0300] {dag.py:3834} INFO - Setting next_dagrun for latest_only to 2025-05-04 12:00:00+00:00, run_after=2025-05-04 16:00:00+00:00
[2025-05-04T22:26:08.027+0300] {processor.py:183} INFO - Processing /Users/admin/anaconda3/lib/python3.11/site-packages/airflow/example_dags/example_latest_only.py took 0.088 seconds
[2025-05-04T22:28:52.920+0300] {processor.py:161} INFO - Started process (PID=17305) to work on /Users/admin/anaconda3/lib/python3.11/site-packages/airflow/example_dags/example_latest_only.py
[2025-05-04T22:28:52.921+0300] {processor.py:830} INFO - Processing file /Users/admin/anaconda3/lib/python3.11/site-packages/airflow/example_dags/example_latest_only.py for tasks to queue
[2025-05-04T22:28:52.921+0300] {logging_mixin.py:188} INFO - [2025-05-04T22:28:52.921+0300] {dagbag.py:540} INFO - Filling up the DagBag from /Users/admin/anaconda3/lib/python3.11/site-packages/airflow/example_dags/example_latest_only.py
[2025-05-04T22:28:52.927+0300] {processor.py:840} INFO - DAG(s) 'latest_only' retrieved from /Users/admin/anaconda3/lib/python3.11/site-packages/airflow/example_dags/example_latest_only.py
[2025-05-04T22:28:52.990+0300] {logging_mixin.py:188} INFO - [2025-05-04T22:28:52.989+0300] {dag.py:3047} INFO - Sync 1 DAGs
[2025-05-04T22:28:52.999+0300] {logging_mixin.py:188} INFO - [2025-05-04T22:28:52.999+0300] {dag.py:3834} INFO - Setting next_dagrun for latest_only to 2025-05-04 12:00:00+00:00, run_after=2025-05-04 16:00:00+00:00
[2025-05-04T22:28:53.009+0300] {processor.py:183} INFO - Processing /Users/admin/anaconda3/lib/python3.11/site-packages/airflow/example_dags/example_latest_only.py took 0.090 seconds
[2025-05-04T22:31:35.439+0300] {processor.py:161} INFO - Started process (PID=18079) to work on /Users/admin/anaconda3/lib/python3.11/site-packages/airflow/example_dags/example_latest_only.py
[2025-05-04T22:31:35.440+0300] {processor.py:830} INFO - Processing file /Users/admin/anaconda3/lib/python3.11/site-packages/airflow/example_dags/example_latest_only.py for tasks to queue
[2025-05-04T22:31:35.441+0300] {logging_mixin.py:188} INFO - [2025-05-04T22:31:35.441+0300] {dagbag.py:540} INFO - Filling up the DagBag from /Users/admin/anaconda3/lib/python3.11/site-packages/airflow/example_dags/example_latest_only.py
[2025-05-04T22:31:35.446+0300] {processor.py:840} INFO - DAG(s) 'latest_only' retrieved from /Users/admin/anaconda3/lib/python3.11/site-packages/airflow/example_dags/example_latest_only.py
[2025-05-04T22:31:35.507+0300] {logging_mixin.py:188} INFO - [2025-05-04T22:31:35.507+0300] {dag.py:3047} INFO - Sync 1 DAGs
[2025-05-04T22:31:35.516+0300] {logging_mixin.py:188} INFO - [2025-05-04T22:31:35.516+0300] {dag.py:3834} INFO - Setting next_dagrun for latest_only to 2025-05-04 12:00:00+00:00, run_after=2025-05-04 16:00:00+00:00
[2025-05-04T22:31:35.527+0300] {processor.py:183} INFO - Processing /Users/admin/anaconda3/lib/python3.11/site-packages/airflow/example_dags/example_latest_only.py took 0.088 seconds
[2025-05-04T23:18:16.005+0300] {processor.py:161} INFO - Started process (PID=18963) to work on /Users/admin/anaconda3/lib/python3.11/site-packages/airflow/example_dags/example_latest_only.py
[2025-05-04T23:18:16.006+0300] {processor.py:830} INFO - Processing file /Users/admin/anaconda3/lib/python3.11/site-packages/airflow/example_dags/example_latest_only.py for tasks to queue
[2025-05-04T23:18:16.006+0300] {logging_mixin.py:188} INFO - [2025-05-04T23:18:16.006+0300] {dagbag.py:540} INFO - Filling up the DagBag from /Users/admin/anaconda3/lib/python3.11/site-packages/airflow/example_dags/example_latest_only.py
[2025-05-04T23:18:16.011+0300] {processor.py:840} INFO - DAG(s) 'latest_only' retrieved from /Users/admin/anaconda3/lib/python3.11/site-packages/airflow/example_dags/example_latest_only.py
[2025-05-04T23:18:16.072+0300] {logging_mixin.py:188} INFO - [2025-05-04T23:18:16.072+0300] {dag.py:3047} INFO - Sync 1 DAGs
[2025-05-04T23:18:16.081+0300] {logging_mixin.py:188} INFO - [2025-05-04T23:18:16.081+0300] {dag.py:3834} INFO - Setting next_dagrun for latest_only to 2025-05-04 16:00:00+00:00, run_after=2025-05-04 20:00:00+00:00
[2025-05-04T23:18:16.092+0300] {processor.py:183} INFO - Processing /Users/admin/anaconda3/lib/python3.11/site-packages/airflow/example_dags/example_latest_only.py took 0.087 seconds
[2025-05-04T23:21:05.337+0300] {processor.py:161} INFO - Started process (PID=19760) to work on /Users/admin/anaconda3/lib/python3.11/site-packages/airflow/example_dags/example_latest_only.py
[2025-05-04T23:21:05.338+0300] {processor.py:830} INFO - Processing file /Users/admin/anaconda3/lib/python3.11/site-packages/airflow/example_dags/example_latest_only.py for tasks to queue
[2025-05-04T23:21:05.339+0300] {logging_mixin.py:188} INFO - [2025-05-04T23:21:05.339+0300] {dagbag.py:540} INFO - Filling up the DagBag from /Users/admin/anaconda3/lib/python3.11/site-packages/airflow/example_dags/example_latest_only.py
[2025-05-04T23:21:05.344+0300] {processor.py:840} INFO - DAG(s) 'latest_only' retrieved from /Users/admin/anaconda3/lib/python3.11/site-packages/airflow/example_dags/example_latest_only.py
[2025-05-04T23:21:05.405+0300] {logging_mixin.py:188} INFO - [2025-05-04T23:21:05.405+0300] {dag.py:3047} INFO - Sync 1 DAGs
[2025-05-04T23:21:05.414+0300] {logging_mixin.py:188} INFO - [2025-05-04T23:21:05.414+0300] {dag.py:3834} INFO - Setting next_dagrun for latest_only to 2025-05-04 16:00:00+00:00, run_after=2025-05-04 20:00:00+00:00
[2025-05-04T23:21:05.424+0300] {processor.py:183} INFO - Processing /Users/admin/anaconda3/lib/python3.11/site-packages/airflow/example_dags/example_latest_only.py took 0.088 seconds
[2025-05-04T23:23:58.189+0300] {processor.py:161} INFO - Started process (PID=20566) to work on /Users/admin/anaconda3/lib/python3.11/site-packages/airflow/example_dags/example_latest_only.py
[2025-05-04T23:23:58.190+0300] {processor.py:830} INFO - Processing file /Users/admin/anaconda3/lib/python3.11/site-packages/airflow/example_dags/example_latest_only.py for tasks to queue
[2025-05-04T23:23:58.190+0300] {logging_mixin.py:188} INFO - [2025-05-04T23:23:58.190+0300] {dagbag.py:540} INFO - Filling up the DagBag from /Users/admin/anaconda3/lib/python3.11/site-packages/airflow/example_dags/example_latest_only.py
[2025-05-04T23:23:58.196+0300] {processor.py:840} INFO - DAG(s) 'latest_only' retrieved from /Users/admin/anaconda3/lib/python3.11/site-packages/airflow/example_dags/example_latest_only.py
[2025-05-04T23:23:58.257+0300] {logging_mixin.py:188} INFO - [2025-05-04T23:23:58.256+0300] {dag.py:3047} INFO - Sync 1 DAGs
[2025-05-04T23:23:58.266+0300] {logging_mixin.py:188} INFO - [2025-05-04T23:23:58.266+0300] {dag.py:3834} INFO - Setting next_dagrun for latest_only to 2025-05-04 16:00:00+00:00, run_after=2025-05-04 20:00:00+00:00
[2025-05-04T23:23:58.276+0300] {processor.py:183} INFO - Processing /Users/admin/anaconda3/lib/python3.11/site-packages/airflow/example_dags/example_latest_only.py took 0.088 seconds
[2025-05-04T23:26:52.639+0300] {processor.py:161} INFO - Started process (PID=21394) to work on /Users/admin/anaconda3/lib/python3.11/site-packages/airflow/example_dags/example_latest_only.py
[2025-05-04T23:26:52.640+0300] {processor.py:830} INFO - Processing file /Users/admin/anaconda3/lib/python3.11/site-packages/airflow/example_dags/example_latest_only.py for tasks to queue
[2025-05-04T23:26:52.640+0300] {logging_mixin.py:188} INFO - [2025-05-04T23:26:52.640+0300] {dagbag.py:540} INFO - Filling up the DagBag from /Users/admin/anaconda3/lib/python3.11/site-packages/airflow/example_dags/example_latest_only.py
[2025-05-04T23:26:52.646+0300] {processor.py:840} INFO - DAG(s) 'latest_only' retrieved from /Users/admin/anaconda3/lib/python3.11/site-packages/airflow/example_dags/example_latest_only.py
[2025-05-04T23:26:52.707+0300] {logging_mixin.py:188} INFO - [2025-05-04T23:26:52.706+0300] {dag.py:3047} INFO - Sync 1 DAGs
[2025-05-04T23:26:52.716+0300] {logging_mixin.py:188} INFO - [2025-05-04T23:26:52.716+0300] {dag.py:3834} INFO - Setting next_dagrun for latest_only to 2025-05-04 16:00:00+00:00, run_after=2025-05-04 20:00:00+00:00
[2025-05-04T23:26:52.726+0300] {processor.py:183} INFO - Processing /Users/admin/anaconda3/lib/python3.11/site-packages/airflow/example_dags/example_latest_only.py took 0.088 seconds
[2025-05-04T23:29:48.985+0300] {processor.py:161} INFO - Started process (PID=22241) to work on /Users/admin/anaconda3/lib/python3.11/site-packages/airflow/example_dags/example_latest_only.py
[2025-05-04T23:29:48.986+0300] {processor.py:830} INFO - Processing file /Users/admin/anaconda3/lib/python3.11/site-packages/airflow/example_dags/example_latest_only.py for tasks to queue
[2025-05-04T23:29:48.986+0300] {logging_mixin.py:188} INFO - [2025-05-04T23:29:48.986+0300] {dagbag.py:540} INFO - Filling up the DagBag from /Users/admin/anaconda3/lib/python3.11/site-packages/airflow/example_dags/example_latest_only.py
[2025-05-04T23:29:48.992+0300] {processor.py:840} INFO - DAG(s) 'latest_only' retrieved from /Users/admin/anaconda3/lib/python3.11/site-packages/airflow/example_dags/example_latest_only.py
[2025-05-04T23:29:49.054+0300] {logging_mixin.py:188} INFO - [2025-05-04T23:29:49.053+0300] {dag.py:3047} INFO - Sync 1 DAGs
[2025-05-04T23:29:49.063+0300] {logging_mixin.py:188} INFO - [2025-05-04T23:29:49.063+0300] {dag.py:3834} INFO - Setting next_dagrun for latest_only to 2025-05-04 16:00:00+00:00, run_after=2025-05-04 20:00:00+00:00
[2025-05-04T23:29:49.073+0300] {processor.py:183} INFO - Processing /Users/admin/anaconda3/lib/python3.11/site-packages/airflow/example_dags/example_latest_only.py took 0.088 seconds
[2025-05-04T23:32:45.740+0300] {processor.py:161} INFO - Started process (PID=23065) to work on /Users/admin/anaconda3/lib/python3.11/site-packages/airflow/example_dags/example_latest_only.py
[2025-05-04T23:32:45.741+0300] {processor.py:830} INFO - Processing file /Users/admin/anaconda3/lib/python3.11/site-packages/airflow/example_dags/example_latest_only.py for tasks to queue
[2025-05-04T23:32:45.742+0300] {logging_mixin.py:188} INFO - [2025-05-04T23:32:45.741+0300] {dagbag.py:540} INFO - Filling up the DagBag from /Users/admin/anaconda3/lib/python3.11/site-packages/airflow/example_dags/example_latest_only.py
[2025-05-04T23:32:45.748+0300] {processor.py:840} INFO - DAG(s) 'latest_only' retrieved from /Users/admin/anaconda3/lib/python3.11/site-packages/airflow/example_dags/example_latest_only.py
[2025-05-04T23:32:45.817+0300] {logging_mixin.py:188} INFO - [2025-05-04T23:32:45.817+0300] {dag.py:3047} INFO - Sync 1 DAGs
[2025-05-04T23:32:45.827+0300] {logging_mixin.py:188} INFO - [2025-05-04T23:32:45.827+0300] {dag.py:3834} INFO - Setting next_dagrun for latest_only to 2025-05-04 16:00:00+00:00, run_after=2025-05-04 20:00:00+00:00
[2025-05-04T23:32:45.837+0300] {processor.py:183} INFO - Processing /Users/admin/anaconda3/lib/python3.11/site-packages/airflow/example_dags/example_latest_only.py took 0.098 seconds
[2025-05-04T23:35:49.281+0300] {processor.py:161} INFO - Started process (PID=23947) to work on /Users/admin/anaconda3/lib/python3.11/site-packages/airflow/example_dags/example_latest_only.py
[2025-05-04T23:35:49.283+0300] {processor.py:830} INFO - Processing file /Users/admin/anaconda3/lib/python3.11/site-packages/airflow/example_dags/example_latest_only.py for tasks to queue
[2025-05-04T23:35:49.283+0300] {logging_mixin.py:188} INFO - [2025-05-04T23:35:49.283+0300] {dagbag.py:540} INFO - Filling up the DagBag from /Users/admin/anaconda3/lib/python3.11/site-packages/airflow/example_dags/example_latest_only.py
[2025-05-04T23:35:49.288+0300] {processor.py:840} INFO - DAG(s) 'latest_only' retrieved from /Users/admin/anaconda3/lib/python3.11/site-packages/airflow/example_dags/example_latest_only.py
[2025-05-04T23:35:49.349+0300] {logging_mixin.py:188} INFO - [2025-05-04T23:35:49.348+0300] {dag.py:3047} INFO - Sync 1 DAGs
[2025-05-04T23:35:49.358+0300] {logging_mixin.py:188} INFO - [2025-05-04T23:35:49.358+0300] {dag.py:3834} INFO - Setting next_dagrun for latest_only to 2025-05-04 16:00:00+00:00, run_after=2025-05-04 20:00:00+00:00
[2025-05-04T23:35:49.368+0300] {processor.py:183} INFO - Processing /Users/admin/anaconda3/lib/python3.11/site-packages/airflow/example_dags/example_latest_only.py took 0.087 seconds
[2025-05-04T23:38:48.698+0300] {processor.py:161} INFO - Started process (PID=24802) to work on /Users/admin/anaconda3/lib/python3.11/site-packages/airflow/example_dags/example_latest_only.py
[2025-05-04T23:38:48.699+0300] {processor.py:830} INFO - Processing file /Users/admin/anaconda3/lib/python3.11/site-packages/airflow/example_dags/example_latest_only.py for tasks to queue
[2025-05-04T23:38:48.699+0300] {logging_mixin.py:188} INFO - [2025-05-04T23:38:48.699+0300] {dagbag.py:540} INFO - Filling up the DagBag from /Users/admin/anaconda3/lib/python3.11/site-packages/airflow/example_dags/example_latest_only.py
[2025-05-04T23:38:48.705+0300] {processor.py:840} INFO - DAG(s) 'latest_only' retrieved from /Users/admin/anaconda3/lib/python3.11/site-packages/airflow/example_dags/example_latest_only.py
[2025-05-04T23:38:48.770+0300] {logging_mixin.py:188} INFO - [2025-05-04T23:38:48.769+0300] {dag.py:3047} INFO - Sync 1 DAGs
[2025-05-04T23:38:48.779+0300] {logging_mixin.py:188} INFO - [2025-05-04T23:38:48.779+0300] {dag.py:3834} INFO - Setting next_dagrun for latest_only to 2025-05-04 16:00:00+00:00, run_after=2025-05-04 20:00:00+00:00
[2025-05-04T23:38:48.790+0300] {processor.py:183} INFO - Processing /Users/admin/anaconda3/lib/python3.11/site-packages/airflow/example_dags/example_latest_only.py took 0.093 seconds
[2025-05-04T23:42:08.330+0300] {processor.py:161} INFO - Started process (PID=25736) to work on /Users/admin/anaconda3/lib/python3.11/site-packages/airflow/example_dags/example_latest_only.py
[2025-05-04T23:42:08.332+0300] {processor.py:830} INFO - Processing file /Users/admin/anaconda3/lib/python3.11/site-packages/airflow/example_dags/example_latest_only.py for tasks to queue
[2025-05-04T23:42:08.332+0300] {logging_mixin.py:188} INFO - [2025-05-04T23:42:08.332+0300] {dagbag.py:540} INFO - Filling up the DagBag from /Users/admin/anaconda3/lib/python3.11/site-packages/airflow/example_dags/example_latest_only.py
[2025-05-04T23:42:08.337+0300] {processor.py:840} INFO - DAG(s) 'latest_only' retrieved from /Users/admin/anaconda3/lib/python3.11/site-packages/airflow/example_dags/example_latest_only.py
[2025-05-04T23:42:08.399+0300] {logging_mixin.py:188} INFO - [2025-05-04T23:42:08.398+0300] {dag.py:3047} INFO - Sync 1 DAGs
[2025-05-04T23:42:08.408+0300] {logging_mixin.py:188} INFO - [2025-05-04T23:42:08.408+0300] {dag.py:3834} INFO - Setting next_dagrun for latest_only to 2025-05-04 16:00:00+00:00, run_after=2025-05-04 20:00:00+00:00
[2025-05-04T23:42:08.418+0300] {processor.py:183} INFO - Processing /Users/admin/anaconda3/lib/python3.11/site-packages/airflow/example_dags/example_latest_only.py took 0.088 seconds
[2025-05-04T23:45:27.660+0300] {processor.py:161} INFO - Started process (PID=26657) to work on /Users/admin/anaconda3/lib/python3.11/site-packages/airflow/example_dags/example_latest_only.py
[2025-05-04T23:45:27.661+0300] {processor.py:830} INFO - Processing file /Users/admin/anaconda3/lib/python3.11/site-packages/airflow/example_dags/example_latest_only.py for tasks to queue
[2025-05-04T23:45:27.662+0300] {logging_mixin.py:188} INFO - [2025-05-04T23:45:27.662+0300] {dagbag.py:540} INFO - Filling up the DagBag from /Users/admin/anaconda3/lib/python3.11/site-packages/airflow/example_dags/example_latest_only.py
[2025-05-04T23:45:27.667+0300] {processor.py:840} INFO - DAG(s) 'latest_only' retrieved from /Users/admin/anaconda3/lib/python3.11/site-packages/airflow/example_dags/example_latest_only.py
[2025-05-04T23:45:27.727+0300] {logging_mixin.py:188} INFO - [2025-05-04T23:45:27.727+0300] {dag.py:3047} INFO - Sync 1 DAGs
[2025-05-04T23:45:27.736+0300] {logging_mixin.py:188} INFO - [2025-05-04T23:45:27.736+0300] {dag.py:3834} INFO - Setting next_dagrun for latest_only to 2025-05-04 16:00:00+00:00, run_after=2025-05-04 20:00:00+00:00
[2025-05-04T23:45:27.746+0300] {processor.py:183} INFO - Processing /Users/admin/anaconda3/lib/python3.11/site-packages/airflow/example_dags/example_latest_only.py took 0.086 seconds
[2025-05-04T23:48:25.110+0300] {processor.py:161} INFO - Started process (PID=27482) to work on /Users/admin/anaconda3/lib/python3.11/site-packages/airflow/example_dags/example_latest_only.py
[2025-05-04T23:48:25.111+0300] {processor.py:830} INFO - Processing file /Users/admin/anaconda3/lib/python3.11/site-packages/airflow/example_dags/example_latest_only.py for tasks to queue
[2025-05-04T23:48:25.111+0300] {logging_mixin.py:188} INFO - [2025-05-04T23:48:25.111+0300] {dagbag.py:540} INFO - Filling up the DagBag from /Users/admin/anaconda3/lib/python3.11/site-packages/airflow/example_dags/example_latest_only.py
[2025-05-04T23:48:25.117+0300] {processor.py:840} INFO - DAG(s) 'latest_only' retrieved from /Users/admin/anaconda3/lib/python3.11/site-packages/airflow/example_dags/example_latest_only.py
[2025-05-04T23:48:25.177+0300] {logging_mixin.py:188} INFO - [2025-05-04T23:48:25.176+0300] {dag.py:3047} INFO - Sync 1 DAGs
[2025-05-04T23:48:25.186+0300] {logging_mixin.py:188} INFO - [2025-05-04T23:48:25.186+0300] {dag.py:3834} INFO - Setting next_dagrun for latest_only to 2025-05-04 16:00:00+00:00, run_after=2025-05-04 20:00:00+00:00
[2025-05-04T23:48:25.196+0300] {processor.py:183} INFO - Processing /Users/admin/anaconda3/lib/python3.11/site-packages/airflow/example_dags/example_latest_only.py took 0.087 seconds
[2025-05-04T23:51:25.049+0300] {processor.py:161} INFO - Started process (PID=28325) to work on /Users/admin/anaconda3/lib/python3.11/site-packages/airflow/example_dags/example_latest_only.py
[2025-05-04T23:51:25.051+0300] {processor.py:830} INFO - Processing file /Users/admin/anaconda3/lib/python3.11/site-packages/airflow/example_dags/example_latest_only.py for tasks to queue
[2025-05-04T23:51:25.051+0300] {logging_mixin.py:188} INFO - [2025-05-04T23:51:25.051+0300] {dagbag.py:540} INFO - Filling up the DagBag from /Users/admin/anaconda3/lib/python3.11/site-packages/airflow/example_dags/example_latest_only.py
[2025-05-04T23:51:25.057+0300] {processor.py:840} INFO - DAG(s) 'latest_only' retrieved from /Users/admin/anaconda3/lib/python3.11/site-packages/airflow/example_dags/example_latest_only.py
[2025-05-04T23:51:25.125+0300] {logging_mixin.py:188} INFO - [2025-05-04T23:51:25.125+0300] {dag.py:3047} INFO - Sync 1 DAGs
[2025-05-04T23:51:25.136+0300] {logging_mixin.py:188} INFO - [2025-05-04T23:51:25.136+0300] {dag.py:3834} INFO - Setting next_dagrun for latest_only to 2025-05-04 16:00:00+00:00, run_after=2025-05-04 20:00:00+00:00
[2025-05-04T23:51:25.147+0300] {processor.py:183} INFO - Processing /Users/admin/anaconda3/lib/python3.11/site-packages/airflow/example_dags/example_latest_only.py took 0.099 seconds
[2025-05-04T23:59:02.780+0300] {processor.py:161} INFO - Started process (PID=29266) to work on /Users/admin/anaconda3/lib/python3.11/site-packages/airflow/example_dags/example_latest_only.py
[2025-05-04T23:59:02.782+0300] {processor.py:830} INFO - Processing file /Users/admin/anaconda3/lib/python3.11/site-packages/airflow/example_dags/example_latest_only.py for tasks to queue
[2025-05-04T23:59:02.782+0300] {logging_mixin.py:188} INFO - [2025-05-04T23:59:02.782+0300] {dagbag.py:540} INFO - Filling up the DagBag from /Users/admin/anaconda3/lib/python3.11/site-packages/airflow/example_dags/example_latest_only.py
[2025-05-04T23:59:02.787+0300] {processor.py:840} INFO - DAG(s) 'latest_only' retrieved from /Users/admin/anaconda3/lib/python3.11/site-packages/airflow/example_dags/example_latest_only.py
[2025-05-04T23:59:02.849+0300] {logging_mixin.py:188} INFO - [2025-05-04T23:59:02.849+0300] {dag.py:3047} INFO - Sync 1 DAGs
[2025-05-04T23:59:02.858+0300] {logging_mixin.py:188} INFO - [2025-05-04T23:59:02.858+0300] {dag.py:3834} INFO - Setting next_dagrun for latest_only to 2025-05-04 16:00:00+00:00, run_after=2025-05-04 20:00:00+00:00
[2025-05-04T23:59:02.868+0300] {processor.py:183} INFO - Processing /Users/admin/anaconda3/lib/python3.11/site-packages/airflow/example_dags/example_latest_only.py took 0.089 seconds
