[2025-05-04T22:12:10.209+0300] {processor.py:161} INFO - Started process (PID=14457) to work on /Users/admin/anaconda3/lib/python3.11/site-packages/airflow/example_dags/example_branch_operator.py
[2025-05-04T22:12:10.209+0300] {processor.py:830} INFO - Processing file /Users/admin/anaconda3/lib/python3.11/site-packages/airflow/example_dags/example_branch_operator.py for tasks to queue
[2025-05-04T22:12:10.210+0300] {logging_mixin.py:188} INFO - [2025-05-04T22:12:10.210+0300] {dagbag.py:540} INFO - Filling up the DagBag from /Users/admin/anaconda3/lib/python3.11/site-packages/airflow/example_dags/example_branch_operator.py
[2025-05-04T22:12:10.235+0300] {processor.py:840} INFO - DAG(s) 'example_branch_operator' retrieved from /Users/admin/anaconda3/lib/python3.11/site-packages/airflow/example_dags/example_branch_operator.py
[2025-05-04T22:12:10.352+0300] {logging_mixin.py:188} INFO - [2025-05-04T22:12:10.352+0300] {dag.py:3047} INFO - Sync 1 DAGs
[2025-05-04T22:12:10.362+0300] {logging_mixin.py:188} INFO - [2025-05-04T22:12:10.361+0300] {dag.py:3834} INFO - Setting next_dagrun for example_branch_operator to 2025-05-03 00:00:00+00:00, run_after=2025-05-04 00:00:00+00:00
[2025-05-04T22:12:10.372+0300] {processor.py:183} INFO - Processing /Users/admin/anaconda3/lib/python3.11/site-packages/airflow/example_dags/example_branch_operator.py took 0.164 seconds
[2025-05-04T22:14:54.856+0300] {processor.py:161} INFO - Started process (PID=15241) to work on /Users/admin/anaconda3/lib/python3.11/site-packages/airflow/example_dags/example_branch_operator.py
[2025-05-04T22:14:54.857+0300] {processor.py:830} INFO - Processing file /Users/admin/anaconda3/lib/python3.11/site-packages/airflow/example_dags/example_branch_operator.py for tasks to queue
[2025-05-04T22:14:54.858+0300] {logging_mixin.py:188} INFO - [2025-05-04T22:14:54.858+0300] {dagbag.py:540} INFO - Filling up the DagBag from /Users/admin/anaconda3/lib/python3.11/site-packages/airflow/example_dags/example_branch_operator.py
[2025-05-04T22:14:54.881+0300] {processor.py:840} INFO - DAG(s) 'example_branch_operator' retrieved from /Users/admin/anaconda3/lib/python3.11/site-packages/airflow/example_dags/example_branch_operator.py
[2025-05-04T22:14:55.010+0300] {logging_mixin.py:188} INFO - [2025-05-04T22:14:55.009+0300] {dag.py:3047} INFO - Sync 1 DAGs
[2025-05-04T22:14:55.022+0300] {logging_mixin.py:188} INFO - [2025-05-04T22:14:55.022+0300] {dag.py:3834} INFO - Setting next_dagrun for example_branch_operator to 2025-05-03 00:00:00+00:00, run_after=2025-05-04 00:00:00+00:00
[2025-05-04T22:14:55.035+0300] {processor.py:183} INFO - Processing /Users/admin/anaconda3/lib/python3.11/site-packages/airflow/example_dags/example_branch_operator.py took 0.180 seconds
[2025-05-04T22:17:42.462+0300] {processor.py:161} INFO - Started process (PID=16039) to work on /Users/admin/anaconda3/lib/python3.11/site-packages/airflow/example_dags/example_branch_operator.py
[2025-05-04T22:17:42.463+0300] {processor.py:830} INFO - Processing file /Users/admin/anaconda3/lib/python3.11/site-packages/airflow/example_dags/example_branch_operator.py for tasks to queue
[2025-05-04T22:17:42.464+0300] {logging_mixin.py:188} INFO - [2025-05-04T22:17:42.463+0300] {dagbag.py:540} INFO - Filling up the DagBag from /Users/admin/anaconda3/lib/python3.11/site-packages/airflow/example_dags/example_branch_operator.py
[2025-05-04T22:17:42.484+0300] {processor.py:840} INFO - DAG(s) 'example_branch_operator' retrieved from /Users/admin/anaconda3/lib/python3.11/site-packages/airflow/example_dags/example_branch_operator.py
[2025-05-04T22:17:42.593+0300] {logging_mixin.py:188} INFO - [2025-05-04T22:17:42.593+0300] {dag.py:3047} INFO - Sync 1 DAGs
[2025-05-04T22:17:42.603+0300] {logging_mixin.py:188} INFO - [2025-05-04T22:17:42.602+0300] {dag.py:3834} INFO - Setting next_dagrun for example_branch_operator to 2025-05-03 00:00:00+00:00, run_after=2025-05-04 00:00:00+00:00
[2025-05-04T22:17:42.613+0300] {processor.py:183} INFO - Processing /Users/admin/anaconda3/lib/python3.11/site-packages/airflow/example_dags/example_branch_operator.py took 0.152 seconds
[2025-05-04T22:27:21.888+0300] {processor.py:161} INFO - Started process (PID=16876) to work on /Users/admin/anaconda3/lib/python3.11/site-packages/airflow/example_dags/example_branch_operator.py
[2025-05-04T22:27:21.889+0300] {processor.py:830} INFO - Processing file /Users/admin/anaconda3/lib/python3.11/site-packages/airflow/example_dags/example_branch_operator.py for tasks to queue
[2025-05-04T22:27:21.889+0300] {logging_mixin.py:188} INFO - [2025-05-04T22:27:21.889+0300] {dagbag.py:540} INFO - Filling up the DagBag from /Users/admin/anaconda3/lib/python3.11/site-packages/airflow/example_dags/example_branch_operator.py
[2025-05-04T22:27:21.909+0300] {processor.py:840} INFO - DAG(s) 'example_branch_operator' retrieved from /Users/admin/anaconda3/lib/python3.11/site-packages/airflow/example_dags/example_branch_operator.py
[2025-05-04T22:27:22.021+0300] {logging_mixin.py:188} INFO - [2025-05-04T22:27:22.021+0300] {dag.py:3047} INFO - Sync 1 DAGs
[2025-05-04T22:27:22.031+0300] {logging_mixin.py:188} INFO - [2025-05-04T22:27:22.031+0300] {dag.py:3834} INFO - Setting next_dagrun for example_branch_operator to 2025-05-03 00:00:00+00:00, run_after=2025-05-04 00:00:00+00:00
[2025-05-04T22:27:22.042+0300] {processor.py:183} INFO - Processing /Users/admin/anaconda3/lib/python3.11/site-packages/airflow/example_dags/example_branch_operator.py took 0.155 seconds
[2025-05-04T22:30:05.367+0300] {processor.py:161} INFO - Started process (PID=17647) to work on /Users/admin/anaconda3/lib/python3.11/site-packages/airflow/example_dags/example_branch_operator.py
[2025-05-04T22:30:05.368+0300] {processor.py:830} INFO - Processing file /Users/admin/anaconda3/lib/python3.11/site-packages/airflow/example_dags/example_branch_operator.py for tasks to queue
[2025-05-04T22:30:05.369+0300] {logging_mixin.py:188} INFO - [2025-05-04T22:30:05.369+0300] {dagbag.py:540} INFO - Filling up the DagBag from /Users/admin/anaconda3/lib/python3.11/site-packages/airflow/example_dags/example_branch_operator.py
[2025-05-04T22:30:05.389+0300] {processor.py:840} INFO - DAG(s) 'example_branch_operator' retrieved from /Users/admin/anaconda3/lib/python3.11/site-packages/airflow/example_dags/example_branch_operator.py
[2025-05-04T22:30:05.499+0300] {logging_mixin.py:188} INFO - [2025-05-04T22:30:05.499+0300] {dag.py:3047} INFO - Sync 1 DAGs
[2025-05-04T22:30:05.509+0300] {logging_mixin.py:188} INFO - [2025-05-04T22:30:05.509+0300] {dag.py:3834} INFO - Setting next_dagrun for example_branch_operator to 2025-05-03 00:00:00+00:00, run_after=2025-05-04 00:00:00+00:00
[2025-05-04T22:30:05.519+0300] {processor.py:183} INFO - Processing /Users/admin/anaconda3/lib/python3.11/site-packages/airflow/example_dags/example_branch_operator.py took 0.153 seconds
[2025-05-04T23:16:44.672+0300] {processor.py:161} INFO - Started process (PID=18528) to work on /Users/admin/anaconda3/lib/python3.11/site-packages/airflow/example_dags/example_branch_operator.py
[2025-05-04T23:16:44.673+0300] {processor.py:830} INFO - Processing file /Users/admin/anaconda3/lib/python3.11/site-packages/airflow/example_dags/example_branch_operator.py for tasks to queue
[2025-05-04T23:16:44.674+0300] {logging_mixin.py:188} INFO - [2025-05-04T23:16:44.673+0300] {dagbag.py:540} INFO - Filling up the DagBag from /Users/admin/anaconda3/lib/python3.11/site-packages/airflow/example_dags/example_branch_operator.py
[2025-05-04T23:16:44.694+0300] {processor.py:840} INFO - DAG(s) 'example_branch_operator' retrieved from /Users/admin/anaconda3/lib/python3.11/site-packages/airflow/example_dags/example_branch_operator.py
[2025-05-04T23:16:44.802+0300] {logging_mixin.py:188} INFO - [2025-05-04T23:16:44.801+0300] {dag.py:3047} INFO - Sync 1 DAGs
[2025-05-04T23:16:44.811+0300] {logging_mixin.py:188} INFO - [2025-05-04T23:16:44.811+0300] {dag.py:3834} INFO - Setting next_dagrun for example_branch_operator to 2025-05-03 00:00:00+00:00, run_after=2025-05-04 00:00:00+00:00
[2025-05-04T23:16:44.821+0300] {processor.py:183} INFO - Processing /Users/admin/anaconda3/lib/python3.11/site-packages/airflow/example_dags/example_branch_operator.py took 0.149 seconds
[2025-05-04T23:19:30.328+0300] {processor.py:161} INFO - Started process (PID=19313) to work on /Users/admin/anaconda3/lib/python3.11/site-packages/airflow/example_dags/example_branch_operator.py
[2025-05-04T23:19:30.330+0300] {processor.py:830} INFO - Processing file /Users/admin/anaconda3/lib/python3.11/site-packages/airflow/example_dags/example_branch_operator.py for tasks to queue
[2025-05-04T23:19:30.330+0300] {logging_mixin.py:188} INFO - [2025-05-04T23:19:30.330+0300] {dagbag.py:540} INFO - Filling up the DagBag from /Users/admin/anaconda3/lib/python3.11/site-packages/airflow/example_dags/example_branch_operator.py
[2025-05-04T23:19:30.350+0300] {processor.py:840} INFO - DAG(s) 'example_branch_operator' retrieved from /Users/admin/anaconda3/lib/python3.11/site-packages/airflow/example_dags/example_branch_operator.py
[2025-05-04T23:19:30.460+0300] {logging_mixin.py:188} INFO - [2025-05-04T23:19:30.460+0300] {dag.py:3047} INFO - Sync 1 DAGs
[2025-05-04T23:19:30.470+0300] {logging_mixin.py:188} INFO - [2025-05-04T23:19:30.469+0300] {dag.py:3834} INFO - Setting next_dagrun for example_branch_operator to 2025-05-03 00:00:00+00:00, run_after=2025-05-04 00:00:00+00:00
[2025-05-04T23:19:30.480+0300] {processor.py:183} INFO - Processing /Users/admin/anaconda3/lib/python3.11/site-packages/airflow/example_dags/example_branch_operator.py took 0.152 seconds
[2025-05-04T23:22:24.624+0300] {processor.py:161} INFO - Started process (PID=20131) to work on /Users/admin/anaconda3/lib/python3.11/site-packages/airflow/example_dags/example_branch_operator.py
[2025-05-04T23:22:24.625+0300] {processor.py:830} INFO - Processing file /Users/admin/anaconda3/lib/python3.11/site-packages/airflow/example_dags/example_branch_operator.py for tasks to queue
[2025-05-04T23:22:24.626+0300] {logging_mixin.py:188} INFO - [2025-05-04T23:22:24.626+0300] {dagbag.py:540} INFO - Filling up the DagBag from /Users/admin/anaconda3/lib/python3.11/site-packages/airflow/example_dags/example_branch_operator.py
[2025-05-04T23:22:24.647+0300] {processor.py:840} INFO - DAG(s) 'example_branch_operator' retrieved from /Users/admin/anaconda3/lib/python3.11/site-packages/airflow/example_dags/example_branch_operator.py
[2025-05-04T23:22:24.757+0300] {logging_mixin.py:188} INFO - [2025-05-04T23:22:24.757+0300] {dag.py:3047} INFO - Sync 1 DAGs
[2025-05-04T23:22:24.766+0300] {logging_mixin.py:188} INFO - [2025-05-04T23:22:24.766+0300] {dag.py:3834} INFO - Setting next_dagrun for example_branch_operator to 2025-05-03 00:00:00+00:00, run_after=2025-05-04 00:00:00+00:00
[2025-05-04T23:22:24.777+0300] {processor.py:183} INFO - Processing /Users/admin/anaconda3/lib/python3.11/site-packages/airflow/example_dags/example_branch_operator.py took 0.154 seconds
[2025-05-04T23:25:16.949+0300] {processor.py:161} INFO - Started process (PID=20933) to work on /Users/admin/anaconda3/lib/python3.11/site-packages/airflow/example_dags/example_branch_operator.py
[2025-05-04T23:25:16.950+0300] {processor.py:830} INFO - Processing file /Users/admin/anaconda3/lib/python3.11/site-packages/airflow/example_dags/example_branch_operator.py for tasks to queue
[2025-05-04T23:25:16.951+0300] {logging_mixin.py:188} INFO - [2025-05-04T23:25:16.951+0300] {dagbag.py:540} INFO - Filling up the DagBag from /Users/admin/anaconda3/lib/python3.11/site-packages/airflow/example_dags/example_branch_operator.py
[2025-05-04T23:25:16.971+0300] {processor.py:840} INFO - DAG(s) 'example_branch_operator' retrieved from /Users/admin/anaconda3/lib/python3.11/site-packages/airflow/example_dags/example_branch_operator.py
[2025-05-04T23:25:17.082+0300] {logging_mixin.py:188} INFO - [2025-05-04T23:25:17.082+0300] {dag.py:3047} INFO - Sync 1 DAGs
[2025-05-04T23:25:17.092+0300] {logging_mixin.py:188} INFO - [2025-05-04T23:25:17.092+0300] {dag.py:3834} INFO - Setting next_dagrun for example_branch_operator to 2025-05-03 00:00:00+00:00, run_after=2025-05-04 00:00:00+00:00
[2025-05-04T23:25:17.102+0300] {processor.py:183} INFO - Processing /Users/admin/anaconda3/lib/python3.11/site-packages/airflow/example_dags/example_branch_operator.py took 0.154 seconds
[2025-05-04T23:28:10.043+0300] {processor.py:161} INFO - Started process (PID=21759) to work on /Users/admin/anaconda3/lib/python3.11/site-packages/airflow/example_dags/example_branch_operator.py
[2025-05-04T23:28:10.044+0300] {processor.py:830} INFO - Processing file /Users/admin/anaconda3/lib/python3.11/site-packages/airflow/example_dags/example_branch_operator.py for tasks to queue
[2025-05-04T23:28:10.044+0300] {logging_mixin.py:188} INFO - [2025-05-04T23:28:10.044+0300] {dagbag.py:540} INFO - Filling up the DagBag from /Users/admin/anaconda3/lib/python3.11/site-packages/airflow/example_dags/example_branch_operator.py
[2025-05-04T23:28:10.065+0300] {processor.py:840} INFO - DAG(s) 'example_branch_operator' retrieved from /Users/admin/anaconda3/lib/python3.11/site-packages/airflow/example_dags/example_branch_operator.py
[2025-05-04T23:28:10.176+0300] {logging_mixin.py:188} INFO - [2025-05-04T23:28:10.175+0300] {dag.py:3047} INFO - Sync 1 DAGs
[2025-05-04T23:28:10.185+0300] {logging_mixin.py:188} INFO - [2025-05-04T23:28:10.185+0300] {dag.py:3834} INFO - Setting next_dagrun for example_branch_operator to 2025-05-03 00:00:00+00:00, run_after=2025-05-04 00:00:00+00:00
[2025-05-04T23:28:10.195+0300] {processor.py:183} INFO - Processing /Users/admin/anaconda3/lib/python3.11/site-packages/airflow/example_dags/example_branch_operator.py took 0.153 seconds
[2025-05-04T23:31:10.351+0300] {processor.py:161} INFO - Started process (PID=22620) to work on /Users/admin/anaconda3/lib/python3.11/site-packages/airflow/example_dags/example_branch_operator.py
[2025-05-04T23:31:10.352+0300] {processor.py:830} INFO - Processing file /Users/admin/anaconda3/lib/python3.11/site-packages/airflow/example_dags/example_branch_operator.py for tasks to queue
[2025-05-04T23:31:10.353+0300] {logging_mixin.py:188} INFO - [2025-05-04T23:31:10.353+0300] {dagbag.py:540} INFO - Filling up the DagBag from /Users/admin/anaconda3/lib/python3.11/site-packages/airflow/example_dags/example_branch_operator.py
[2025-05-04T23:31:10.373+0300] {processor.py:840} INFO - DAG(s) 'example_branch_operator' retrieved from /Users/admin/anaconda3/lib/python3.11/site-packages/airflow/example_dags/example_branch_operator.py
[2025-05-04T23:31:10.485+0300] {logging_mixin.py:188} INFO - [2025-05-04T23:31:10.485+0300] {dag.py:3047} INFO - Sync 1 DAGs
[2025-05-04T23:31:10.494+0300] {logging_mixin.py:188} INFO - [2025-05-04T23:31:10.494+0300] {dag.py:3834} INFO - Setting next_dagrun for example_branch_operator to 2025-05-03 00:00:00+00:00, run_after=2025-05-04 00:00:00+00:00
[2025-05-04T23:31:10.505+0300] {processor.py:183} INFO - Processing /Users/admin/anaconda3/lib/python3.11/site-packages/airflow/example_dags/example_branch_operator.py took 0.155 seconds
[2025-05-04T23:34:06.410+0300] {processor.py:161} INFO - Started process (PID=23443) to work on /Users/admin/anaconda3/lib/python3.11/site-packages/airflow/example_dags/example_branch_operator.py
[2025-05-04T23:34:06.411+0300] {processor.py:830} INFO - Processing file /Users/admin/anaconda3/lib/python3.11/site-packages/airflow/example_dags/example_branch_operator.py for tasks to queue
[2025-05-04T23:34:06.412+0300] {logging_mixin.py:188} INFO - [2025-05-04T23:34:06.412+0300] {dagbag.py:540} INFO - Filling up the DagBag from /Users/admin/anaconda3/lib/python3.11/site-packages/airflow/example_dags/example_branch_operator.py
[2025-05-04T23:34:06.433+0300] {processor.py:840} INFO - DAG(s) 'example_branch_operator' retrieved from /Users/admin/anaconda3/lib/python3.11/site-packages/airflow/example_dags/example_branch_operator.py
[2025-05-04T23:34:06.545+0300] {logging_mixin.py:188} INFO - [2025-05-04T23:34:06.544+0300] {dag.py:3047} INFO - Sync 1 DAGs
[2025-05-04T23:34:06.554+0300] {logging_mixin.py:188} INFO - [2025-05-04T23:34:06.554+0300] {dag.py:3834} INFO - Setting next_dagrun for example_branch_operator to 2025-05-03 00:00:00+00:00, run_after=2025-05-04 00:00:00+00:00
[2025-05-04T23:34:06.564+0300] {processor.py:183} INFO - Processing /Users/admin/anaconda3/lib/python3.11/site-packages/airflow/example_dags/example_branch_operator.py took 0.154 seconds
[2025-05-04T23:37:12.531+0300] {processor.py:161} INFO - Started process (PID=24350) to work on /Users/admin/anaconda3/lib/python3.11/site-packages/airflow/example_dags/example_branch_operator.py
[2025-05-04T23:37:12.532+0300] {processor.py:830} INFO - Processing file /Users/admin/anaconda3/lib/python3.11/site-packages/airflow/example_dags/example_branch_operator.py for tasks to queue
[2025-05-04T23:37:12.533+0300] {logging_mixin.py:188} INFO - [2025-05-04T23:37:12.533+0300] {dagbag.py:540} INFO - Filling up the DagBag from /Users/admin/anaconda3/lib/python3.11/site-packages/airflow/example_dags/example_branch_operator.py
[2025-05-04T23:37:12.553+0300] {processor.py:840} INFO - DAG(s) 'example_branch_operator' retrieved from /Users/admin/anaconda3/lib/python3.11/site-packages/airflow/example_dags/example_branch_operator.py
[2025-05-04T23:37:12.664+0300] {logging_mixin.py:188} INFO - [2025-05-04T23:37:12.664+0300] {dag.py:3047} INFO - Sync 1 DAGs
[2025-05-04T23:37:12.674+0300] {logging_mixin.py:188} INFO - [2025-05-04T23:37:12.674+0300] {dag.py:3834} INFO - Setting next_dagrun for example_branch_operator to 2025-05-03 00:00:00+00:00, run_after=2025-05-04 00:00:00+00:00
[2025-05-04T23:37:12.685+0300] {processor.py:183} INFO - Processing /Users/admin/anaconda3/lib/python3.11/site-packages/airflow/example_dags/example_branch_operator.py took 0.154 seconds
[2025-05-04T23:40:16.639+0300] {processor.py:161} INFO - Started process (PID=25219) to work on /Users/admin/anaconda3/lib/python3.11/site-packages/airflow/example_dags/example_branch_operator.py
[2025-05-04T23:40:16.640+0300] {processor.py:830} INFO - Processing file /Users/admin/anaconda3/lib/python3.11/site-packages/airflow/example_dags/example_branch_operator.py for tasks to queue
[2025-05-04T23:40:16.641+0300] {logging_mixin.py:188} INFO - [2025-05-04T23:40:16.641+0300] {dagbag.py:540} INFO - Filling up the DagBag from /Users/admin/anaconda3/lib/python3.11/site-packages/airflow/example_dags/example_branch_operator.py
[2025-05-04T23:40:16.662+0300] {processor.py:840} INFO - DAG(s) 'example_branch_operator' retrieved from /Users/admin/anaconda3/lib/python3.11/site-packages/airflow/example_dags/example_branch_operator.py
[2025-05-04T23:40:16.774+0300] {logging_mixin.py:188} INFO - [2025-05-04T23:40:16.774+0300] {dag.py:3047} INFO - Sync 1 DAGs
[2025-05-04T23:40:16.786+0300] {logging_mixin.py:188} INFO - [2025-05-04T23:40:16.786+0300] {dag.py:3834} INFO - Setting next_dagrun for example_branch_operator to 2025-05-03 00:00:00+00:00, run_after=2025-05-04 00:00:00+00:00
[2025-05-04T23:40:16.800+0300] {processor.py:183} INFO - Processing /Users/admin/anaconda3/lib/python3.11/site-packages/airflow/example_dags/example_branch_operator.py took 0.161 seconds
[2025-05-04T23:43:49.239+0300] {processor.py:161} INFO - Started process (PID=26192) to work on /Users/admin/anaconda3/lib/python3.11/site-packages/airflow/example_dags/example_branch_operator.py
[2025-05-04T23:43:49.240+0300] {processor.py:830} INFO - Processing file /Users/admin/anaconda3/lib/python3.11/site-packages/airflow/example_dags/example_branch_operator.py for tasks to queue
[2025-05-04T23:43:49.240+0300] {logging_mixin.py:188} INFO - [2025-05-04T23:43:49.240+0300] {dagbag.py:540} INFO - Filling up the DagBag from /Users/admin/anaconda3/lib/python3.11/site-packages/airflow/example_dags/example_branch_operator.py
[2025-05-04T23:43:49.261+0300] {processor.py:840} INFO - DAG(s) 'example_branch_operator' retrieved from /Users/admin/anaconda3/lib/python3.11/site-packages/airflow/example_dags/example_branch_operator.py
[2025-05-04T23:43:49.372+0300] {logging_mixin.py:188} INFO - [2025-05-04T23:43:49.372+0300] {dag.py:3047} INFO - Sync 1 DAGs
[2025-05-04T23:43:49.382+0300] {logging_mixin.py:188} INFO - [2025-05-04T23:43:49.382+0300] {dag.py:3834} INFO - Setting next_dagrun for example_branch_operator to 2025-05-03 00:00:00+00:00, run_after=2025-05-04 00:00:00+00:00
[2025-05-04T23:43:49.392+0300] {processor.py:183} INFO - Processing /Users/admin/anaconda3/lib/python3.11/site-packages/airflow/example_dags/example_branch_operator.py took 0.154 seconds
[2025-05-04T23:46:54.041+0300] {processor.py:161} INFO - Started process (PID=27054) to work on /Users/admin/anaconda3/lib/python3.11/site-packages/airflow/example_dags/example_branch_operator.py
[2025-05-04T23:46:54.042+0300] {processor.py:830} INFO - Processing file /Users/admin/anaconda3/lib/python3.11/site-packages/airflow/example_dags/example_branch_operator.py for tasks to queue
[2025-05-04T23:46:54.042+0300] {logging_mixin.py:188} INFO - [2025-05-04T23:46:54.042+0300] {dagbag.py:540} INFO - Filling up the DagBag from /Users/admin/anaconda3/lib/python3.11/site-packages/airflow/example_dags/example_branch_operator.py
[2025-05-04T23:46:54.062+0300] {processor.py:840} INFO - DAG(s) 'example_branch_operator' retrieved from /Users/admin/anaconda3/lib/python3.11/site-packages/airflow/example_dags/example_branch_operator.py
[2025-05-04T23:46:54.173+0300] {logging_mixin.py:188} INFO - [2025-05-04T23:46:54.172+0300] {dag.py:3047} INFO - Sync 1 DAGs
[2025-05-04T23:46:54.182+0300] {logging_mixin.py:188} INFO - [2025-05-04T23:46:54.182+0300] {dag.py:3834} INFO - Setting next_dagrun for example_branch_operator to 2025-05-03 00:00:00+00:00, run_after=2025-05-04 00:00:00+00:00
[2025-05-04T23:46:54.192+0300] {processor.py:183} INFO - Processing /Users/admin/anaconda3/lib/python3.11/site-packages/airflow/example_dags/example_branch_operator.py took 0.152 seconds
[2025-05-04T23:49:52.931+0300] {processor.py:161} INFO - Started process (PID=27895) to work on /Users/admin/anaconda3/lib/python3.11/site-packages/airflow/example_dags/example_branch_operator.py
[2025-05-04T23:49:52.932+0300] {processor.py:830} INFO - Processing file /Users/admin/anaconda3/lib/python3.11/site-packages/airflow/example_dags/example_branch_operator.py for tasks to queue
[2025-05-04T23:49:52.933+0300] {logging_mixin.py:188} INFO - [2025-05-04T23:49:52.933+0300] {dagbag.py:540} INFO - Filling up the DagBag from /Users/admin/anaconda3/lib/python3.11/site-packages/airflow/example_dags/example_branch_operator.py
[2025-05-04T23:49:52.953+0300] {processor.py:840} INFO - DAG(s) 'example_branch_operator' retrieved from /Users/admin/anaconda3/lib/python3.11/site-packages/airflow/example_dags/example_branch_operator.py
[2025-05-04T23:49:53.062+0300] {logging_mixin.py:188} INFO - [2025-05-04T23:49:53.062+0300] {dag.py:3047} INFO - Sync 1 DAGs
[2025-05-04T23:49:53.072+0300] {logging_mixin.py:188} INFO - [2025-05-04T23:49:53.072+0300] {dag.py:3834} INFO - Setting next_dagrun for example_branch_operator to 2025-05-03 00:00:00+00:00, run_after=2025-05-04 00:00:00+00:00
[2025-05-04T23:49:53.082+0300] {processor.py:183} INFO - Processing /Users/admin/anaconda3/lib/python3.11/site-packages/airflow/example_dags/example_branch_operator.py took 0.152 seconds
[2025-05-04T23:53:03.673+0300] {processor.py:161} INFO - Started process (PID=28789) to work on /Users/admin/anaconda3/lib/python3.11/site-packages/airflow/example_dags/example_branch_operator.py
[2025-05-04T23:53:03.674+0300] {processor.py:830} INFO - Processing file /Users/admin/anaconda3/lib/python3.11/site-packages/airflow/example_dags/example_branch_operator.py for tasks to queue
[2025-05-04T23:53:03.674+0300] {logging_mixin.py:188} INFO - [2025-05-04T23:53:03.674+0300] {dagbag.py:540} INFO - Filling up the DagBag from /Users/admin/anaconda3/lib/python3.11/site-packages/airflow/example_dags/example_branch_operator.py
[2025-05-04T23:53:03.695+0300] {processor.py:840} INFO - DAG(s) 'example_branch_operator' retrieved from /Users/admin/anaconda3/lib/python3.11/site-packages/airflow/example_dags/example_branch_operator.py
[2025-05-04T23:53:03.805+0300] {logging_mixin.py:188} INFO - [2025-05-04T23:53:03.804+0300] {dag.py:3047} INFO - Sync 1 DAGs
[2025-05-04T23:53:03.815+0300] {logging_mixin.py:188} INFO - [2025-05-04T23:53:03.814+0300] {dag.py:3834} INFO - Setting next_dagrun for example_branch_operator to 2025-05-03 00:00:00+00:00, run_after=2025-05-04 00:00:00+00:00
[2025-05-04T23:53:03.825+0300] {processor.py:183} INFO - Processing /Users/admin/anaconda3/lib/python3.11/site-packages/airflow/example_dags/example_branch_operator.py took 0.153 seconds
