[2025-05-04T22:12:05.249+0300] {processor.py:161} INFO - Started process (PID=14439) to work on /Users/admin/anaconda3/lib/python3.11/site-packages/airflow/example_dags/example_branch_python_dop_operator_3.py
[2025-05-04T22:12:05.250+0300] {processor.py:830} INFO - Processing file /Users/admin/anaconda3/lib/python3.11/site-packages/airflow/example_dags/example_branch_python_dop_operator_3.py for tasks to queue
[2025-05-04T22:12:05.250+0300] {logging_mixin.py:188} INFO - [2025-05-04T22:12:05.250+0300] {dagbag.py:540} INFO - Filling up the DagBag from /Users/admin/anaconda3/lib/python3.11/site-packages/airflow/example_dags/example_branch_python_dop_operator_3.py
[2025-05-04T22:12:05.273+0300] {processor.py:840} INFO - DAG(s) 'example_branch_dop_operator_v3' retrieved from /Users/admin/anaconda3/lib/python3.11/site-packages/airflow/example_dags/example_branch_python_dop_operator_3.py
[2025-05-04T22:12:05.380+0300] {logging_mixin.py:188} INFO - [2025-05-04T22:12:05.380+0300] {dag.py:3047} INFO - Sync 1 DAGs
[2025-05-04T22:12:05.391+0300] {logging_mixin.py:188} INFO - [2025-05-04T22:12:05.391+0300] {dag.py:3834} INFO - Setting next_dagrun for example_branch_dop_operator_v3 to 2025-05-04 19:11:00+00:00, run_after=2025-05-04 19:12:00+00:00
[2025-05-04T22:12:05.402+0300] {processor.py:183} INFO - Processing /Users/admin/anaconda3/lib/python3.11/site-packages/airflow/example_dags/example_branch_python_dop_operator_3.py took 0.153 seconds
[2025-05-04T22:14:50.855+0300] {processor.py:161} INFO - Started process (PID=15223) to work on /Users/admin/anaconda3/lib/python3.11/site-packages/airflow/example_dags/example_branch_python_dop_operator_3.py
[2025-05-04T22:14:50.856+0300] {processor.py:830} INFO - Processing file /Users/admin/anaconda3/lib/python3.11/site-packages/airflow/example_dags/example_branch_python_dop_operator_3.py for tasks to queue
[2025-05-04T22:14:50.856+0300] {logging_mixin.py:188} INFO - [2025-05-04T22:14:50.856+0300] {dagbag.py:540} INFO - Filling up the DagBag from /Users/admin/anaconda3/lib/python3.11/site-packages/airflow/example_dags/example_branch_python_dop_operator_3.py
[2025-05-04T22:14:50.878+0300] {processor.py:840} INFO - DAG(s) 'example_branch_dop_operator_v3' retrieved from /Users/admin/anaconda3/lib/python3.11/site-packages/airflow/example_dags/example_branch_python_dop_operator_3.py
[2025-05-04T22:14:50.938+0300] {logging_mixin.py:188} INFO - [2025-05-04T22:14:50.938+0300] {dag.py:3047} INFO - Sync 1 DAGs
[2025-05-04T22:14:50.951+0300] {logging_mixin.py:188} INFO - [2025-05-04T22:14:50.951+0300] {dag.py:3834} INFO - Setting next_dagrun for example_branch_dop_operator_v3 to 2025-05-04 19:13:00+00:00, run_after=2025-05-04 19:14:00+00:00
[2025-05-04T22:14:50.961+0300] {processor.py:183} INFO - Processing /Users/admin/anaconda3/lib/python3.11/site-packages/airflow/example_dags/example_branch_python_dop_operator_3.py took 0.107 seconds
[2025-05-04T22:17:37.870+0300] {processor.py:161} INFO - Started process (PID=16021) to work on /Users/admin/anaconda3/lib/python3.11/site-packages/airflow/example_dags/example_branch_python_dop_operator_3.py
[2025-05-04T22:17:37.870+0300] {processor.py:830} INFO - Processing file /Users/admin/anaconda3/lib/python3.11/site-packages/airflow/example_dags/example_branch_python_dop_operator_3.py for tasks to queue
[2025-05-04T22:17:37.871+0300] {logging_mixin.py:188} INFO - [2025-05-04T22:17:37.871+0300] {dagbag.py:540} INFO - Filling up the DagBag from /Users/admin/anaconda3/lib/python3.11/site-packages/airflow/example_dags/example_branch_python_dop_operator_3.py
[2025-05-04T22:17:37.897+0300] {processor.py:840} INFO - DAG(s) 'example_branch_dop_operator_v3' retrieved from /Users/admin/anaconda3/lib/python3.11/site-packages/airflow/example_dags/example_branch_python_dop_operator_3.py
[2025-05-04T22:17:37.990+0300] {logging_mixin.py:188} INFO - [2025-05-04T22:17:37.990+0300] {dag.py:3047} INFO - Sync 1 DAGs
[2025-05-04T22:17:38.007+0300] {logging_mixin.py:188} INFO - [2025-05-04T22:17:38.007+0300] {dag.py:3834} INFO - Setting next_dagrun for example_branch_dop_operator_v3 to 2025-05-04 19:16:00+00:00, run_after=2025-05-04 19:17:00+00:00
[2025-05-04T22:17:38.021+0300] {processor.py:183} INFO - Processing /Users/admin/anaconda3/lib/python3.11/site-packages/airflow/example_dags/example_branch_python_dop_operator_3.py took 0.152 seconds
[2025-05-04T22:27:17.720+0300] {processor.py:161} INFO - Started process (PID=16857) to work on /Users/admin/anaconda3/lib/python3.11/site-packages/airflow/example_dags/example_branch_python_dop_operator_3.py
[2025-05-04T22:27:17.721+0300] {processor.py:830} INFO - Processing file /Users/admin/anaconda3/lib/python3.11/site-packages/airflow/example_dags/example_branch_python_dop_operator_3.py for tasks to queue
[2025-05-04T22:27:17.721+0300] {logging_mixin.py:188} INFO - [2025-05-04T22:27:17.721+0300] {dagbag.py:540} INFO - Filling up the DagBag from /Users/admin/anaconda3/lib/python3.11/site-packages/airflow/example_dags/example_branch_python_dop_operator_3.py
[2025-05-04T22:27:17.744+0300] {processor.py:840} INFO - DAG(s) 'example_branch_dop_operator_v3' retrieved from /Users/admin/anaconda3/lib/python3.11/site-packages/airflow/example_dags/example_branch_python_dop_operator_3.py
[2025-05-04T22:27:17.804+0300] {logging_mixin.py:188} INFO - [2025-05-04T22:27:17.803+0300] {dag.py:3047} INFO - Sync 1 DAGs
[2025-05-04T22:27:17.817+0300] {logging_mixin.py:188} INFO - [2025-05-04T22:27:17.816+0300] {dag.py:3834} INFO - Setting next_dagrun for example_branch_dop_operator_v3 to 2025-05-04 19:26:00+00:00, run_after=2025-05-04 19:27:00+00:00
[2025-05-04T22:27:17.827+0300] {processor.py:183} INFO - Processing /Users/admin/anaconda3/lib/python3.11/site-packages/airflow/example_dags/example_branch_python_dop_operator_3.py took 0.108 seconds
[2025-05-04T22:30:02.009+0300] {processor.py:161} INFO - Started process (PID=17624) to work on /Users/admin/anaconda3/lib/python3.11/site-packages/airflow/example_dags/example_branch_python_dop_operator_3.py
[2025-05-04T22:30:02.011+0300] {processor.py:830} INFO - Processing file /Users/admin/anaconda3/lib/python3.11/site-packages/airflow/example_dags/example_branch_python_dop_operator_3.py for tasks to queue
[2025-05-04T22:30:02.011+0300] {logging_mixin.py:188} INFO - [2025-05-04T22:30:02.011+0300] {dagbag.py:540} INFO - Filling up the DagBag from /Users/admin/anaconda3/lib/python3.11/site-packages/airflow/example_dags/example_branch_python_dop_operator_3.py
[2025-05-04T22:30:02.033+0300] {processor.py:840} INFO - DAG(s) 'example_branch_dop_operator_v3' retrieved from /Users/admin/anaconda3/lib/python3.11/site-packages/airflow/example_dags/example_branch_python_dop_operator_3.py
[2025-05-04T22:30:02.093+0300] {logging_mixin.py:188} INFO - [2025-05-04T22:30:02.093+0300] {dag.py:3047} INFO - Sync 1 DAGs
[2025-05-04T22:30:02.105+0300] {logging_mixin.py:188} INFO - [2025-05-04T22:30:02.105+0300] {dag.py:3834} INFO - Setting next_dagrun for example_branch_dop_operator_v3 to 2025-05-04 19:29:00+00:00, run_after=2025-05-04 19:30:00+00:00
[2025-05-04T22:30:02.116+0300] {processor.py:183} INFO - Processing /Users/admin/anaconda3/lib/python3.11/site-packages/airflow/example_dags/example_branch_python_dop_operator_3.py took 0.107 seconds
[2025-05-04T23:16:39.794+0300] {processor.py:161} INFO - Started process (PID=18509) to work on /Users/admin/anaconda3/lib/python3.11/site-packages/airflow/example_dags/example_branch_python_dop_operator_3.py
[2025-05-04T23:16:39.796+0300] {processor.py:830} INFO - Processing file /Users/admin/anaconda3/lib/python3.11/site-packages/airflow/example_dags/example_branch_python_dop_operator_3.py for tasks to queue
[2025-05-04T23:16:39.796+0300] {logging_mixin.py:188} INFO - [2025-05-04T23:16:39.796+0300] {dagbag.py:540} INFO - Filling up the DagBag from /Users/admin/anaconda3/lib/python3.11/site-packages/airflow/example_dags/example_branch_python_dop_operator_3.py
[2025-05-04T23:16:39.819+0300] {processor.py:840} INFO - DAG(s) 'example_branch_dop_operator_v3' retrieved from /Users/admin/anaconda3/lib/python3.11/site-packages/airflow/example_dags/example_branch_python_dop_operator_3.py
[2025-05-04T23:16:39.879+0300] {logging_mixin.py:188} INFO - [2025-05-04T23:16:39.879+0300] {dag.py:3047} INFO - Sync 1 DAGs
[2025-05-04T23:16:39.892+0300] {logging_mixin.py:188} INFO - [2025-05-04T23:16:39.892+0300] {dag.py:3834} INFO - Setting next_dagrun for example_branch_dop_operator_v3 to 2025-05-04 20:15:00+00:00, run_after=2025-05-04 20:16:00+00:00
[2025-05-04T23:16:39.903+0300] {processor.py:183} INFO - Processing /Users/admin/anaconda3/lib/python3.11/site-packages/airflow/example_dags/example_branch_python_dop_operator_3.py took 0.109 seconds
[2025-05-04T23:19:26.125+0300] {processor.py:161} INFO - Started process (PID=19290) to work on /Users/admin/anaconda3/lib/python3.11/site-packages/airflow/example_dags/example_branch_python_dop_operator_3.py
[2025-05-04T23:19:26.127+0300] {processor.py:830} INFO - Processing file /Users/admin/anaconda3/lib/python3.11/site-packages/airflow/example_dags/example_branch_python_dop_operator_3.py for tasks to queue
[2025-05-04T23:19:26.127+0300] {logging_mixin.py:188} INFO - [2025-05-04T23:19:26.127+0300] {dagbag.py:540} INFO - Filling up the DagBag from /Users/admin/anaconda3/lib/python3.11/site-packages/airflow/example_dags/example_branch_python_dop_operator_3.py
[2025-05-04T23:19:26.150+0300] {processor.py:840} INFO - DAG(s) 'example_branch_dop_operator_v3' retrieved from /Users/admin/anaconda3/lib/python3.11/site-packages/airflow/example_dags/example_branch_python_dop_operator_3.py
[2025-05-04T23:19:26.211+0300] {logging_mixin.py:188} INFO - [2025-05-04T23:19:26.211+0300] {dag.py:3047} INFO - Sync 1 DAGs
[2025-05-04T23:19:26.225+0300] {logging_mixin.py:188} INFO - [2025-05-04T23:19:26.224+0300] {dag.py:3834} INFO - Setting next_dagrun for example_branch_dop_operator_v3 to 2025-05-04 20:18:00+00:00, run_after=2025-05-04 20:19:00+00:00
[2025-05-04T23:19:26.235+0300] {processor.py:183} INFO - Processing /Users/admin/anaconda3/lib/python3.11/site-packages/airflow/example_dags/example_branch_python_dop_operator_3.py took 0.110 seconds
[2025-05-04T23:22:20.439+0300] {processor.py:161} INFO - Started process (PID=20107) to work on /Users/admin/anaconda3/lib/python3.11/site-packages/airflow/example_dags/example_branch_python_dop_operator_3.py
[2025-05-04T23:22:20.440+0300] {processor.py:830} INFO - Processing file /Users/admin/anaconda3/lib/python3.11/site-packages/airflow/example_dags/example_branch_python_dop_operator_3.py for tasks to queue
[2025-05-04T23:22:20.440+0300] {logging_mixin.py:188} INFO - [2025-05-04T23:22:20.440+0300] {dagbag.py:540} INFO - Filling up the DagBag from /Users/admin/anaconda3/lib/python3.11/site-packages/airflow/example_dags/example_branch_python_dop_operator_3.py
[2025-05-04T23:22:20.463+0300] {processor.py:840} INFO - DAG(s) 'example_branch_dop_operator_v3' retrieved from /Users/admin/anaconda3/lib/python3.11/site-packages/airflow/example_dags/example_branch_python_dop_operator_3.py
[2025-05-04T23:22:20.522+0300] {logging_mixin.py:188} INFO - [2025-05-04T23:22:20.522+0300] {dag.py:3047} INFO - Sync 1 DAGs
[2025-05-04T23:22:20.535+0300] {logging_mixin.py:188} INFO - [2025-05-04T23:22:20.535+0300] {dag.py:3834} INFO - Setting next_dagrun for example_branch_dop_operator_v3 to 2025-05-04 20:21:00+00:00, run_after=2025-05-04 20:22:00+00:00
[2025-05-04T23:22:20.545+0300] {processor.py:183} INFO - Processing /Users/admin/anaconda3/lib/python3.11/site-packages/airflow/example_dags/example_branch_python_dop_operator_3.py took 0.107 seconds
[2025-05-04T23:25:12.875+0300] {processor.py:161} INFO - Started process (PID=20914) to work on /Users/admin/anaconda3/lib/python3.11/site-packages/airflow/example_dags/example_branch_python_dop_operator_3.py
[2025-05-04T23:25:12.876+0300] {processor.py:830} INFO - Processing file /Users/admin/anaconda3/lib/python3.11/site-packages/airflow/example_dags/example_branch_python_dop_operator_3.py for tasks to queue
[2025-05-04T23:25:12.876+0300] {logging_mixin.py:188} INFO - [2025-05-04T23:25:12.876+0300] {dagbag.py:540} INFO - Filling up the DagBag from /Users/admin/anaconda3/lib/python3.11/site-packages/airflow/example_dags/example_branch_python_dop_operator_3.py
[2025-05-04T23:25:12.899+0300] {processor.py:840} INFO - DAG(s) 'example_branch_dop_operator_v3' retrieved from /Users/admin/anaconda3/lib/python3.11/site-packages/airflow/example_dags/example_branch_python_dop_operator_3.py
[2025-05-04T23:25:12.959+0300] {logging_mixin.py:188} INFO - [2025-05-04T23:25:12.959+0300] {dag.py:3047} INFO - Sync 1 DAGs
[2025-05-04T23:25:12.971+0300] {logging_mixin.py:188} INFO - [2025-05-04T23:25:12.971+0300] {dag.py:3834} INFO - Setting next_dagrun for example_branch_dop_operator_v3 to 2025-05-04 20:24:00+00:00, run_after=2025-05-04 20:25:00+00:00
[2025-05-04T23:25:12.981+0300] {processor.py:183} INFO - Processing /Users/admin/anaconda3/lib/python3.11/site-packages/airflow/example_dags/example_branch_python_dop_operator_3.py took 0.107 seconds
[2025-05-04T23:28:06.027+0300] {processor.py:161} INFO - Started process (PID=21741) to work on /Users/admin/anaconda3/lib/python3.11/site-packages/airflow/example_dags/example_branch_python_dop_operator_3.py
[2025-05-04T23:28:06.028+0300] {processor.py:830} INFO - Processing file /Users/admin/anaconda3/lib/python3.11/site-packages/airflow/example_dags/example_branch_python_dop_operator_3.py for tasks to queue
[2025-05-04T23:28:06.028+0300] {logging_mixin.py:188} INFO - [2025-05-04T23:28:06.028+0300] {dagbag.py:540} INFO - Filling up the DagBag from /Users/admin/anaconda3/lib/python3.11/site-packages/airflow/example_dags/example_branch_python_dop_operator_3.py
[2025-05-04T23:28:06.052+0300] {processor.py:840} INFO - DAG(s) 'example_branch_dop_operator_v3' retrieved from /Users/admin/anaconda3/lib/python3.11/site-packages/airflow/example_dags/example_branch_python_dop_operator_3.py
[2025-05-04T23:28:06.111+0300] {logging_mixin.py:188} INFO - [2025-05-04T23:28:06.111+0300] {dag.py:3047} INFO - Sync 1 DAGs
[2025-05-04T23:28:06.123+0300] {logging_mixin.py:188} INFO - [2025-05-04T23:28:06.123+0300] {dag.py:3834} INFO - Setting next_dagrun for example_branch_dop_operator_v3 to 2025-05-04 20:27:00+00:00, run_after=2025-05-04 20:28:00+00:00
[2025-05-04T23:28:06.133+0300] {processor.py:183} INFO - Processing /Users/admin/anaconda3/lib/python3.11/site-packages/airflow/example_dags/example_branch_python_dop_operator_3.py took 0.108 seconds
[2025-05-04T23:31:06.009+0300] {processor.py:161} INFO - Started process (PID=22601) to work on /Users/admin/anaconda3/lib/python3.11/site-packages/airflow/example_dags/example_branch_python_dop_operator_3.py
[2025-05-04T23:31:06.010+0300] {processor.py:830} INFO - Processing file /Users/admin/anaconda3/lib/python3.11/site-packages/airflow/example_dags/example_branch_python_dop_operator_3.py for tasks to queue
[2025-05-04T23:31:06.010+0300] {logging_mixin.py:188} INFO - [2025-05-04T23:31:06.010+0300] {dagbag.py:540} INFO - Filling up the DagBag from /Users/admin/anaconda3/lib/python3.11/site-packages/airflow/example_dags/example_branch_python_dop_operator_3.py
[2025-05-04T23:31:06.035+0300] {processor.py:840} INFO - DAG(s) 'example_branch_dop_operator_v3' retrieved from /Users/admin/anaconda3/lib/python3.11/site-packages/airflow/example_dags/example_branch_python_dop_operator_3.py
[2025-05-04T23:31:06.095+0300] {logging_mixin.py:188} INFO - [2025-05-04T23:31:06.095+0300] {dag.py:3047} INFO - Sync 1 DAGs
[2025-05-04T23:31:06.109+0300] {logging_mixin.py:188} INFO - [2025-05-04T23:31:06.109+0300] {dag.py:3834} INFO - Setting next_dagrun for example_branch_dop_operator_v3 to 2025-05-04 20:30:00+00:00, run_after=2025-05-04 20:31:00+00:00
[2025-05-04T23:31:06.119+0300] {processor.py:183} INFO - Processing /Users/admin/anaconda3/lib/python3.11/site-packages/airflow/example_dags/example_branch_python_dop_operator_3.py took 0.110 seconds
[2025-05-04T23:34:02.662+0300] {processor.py:161} INFO - Started process (PID=23424) to work on /Users/admin/anaconda3/lib/python3.11/site-packages/airflow/example_dags/example_branch_python_dop_operator_3.py
[2025-05-04T23:34:02.664+0300] {processor.py:830} INFO - Processing file /Users/admin/anaconda3/lib/python3.11/site-packages/airflow/example_dags/example_branch_python_dop_operator_3.py for tasks to queue
[2025-05-04T23:34:02.664+0300] {logging_mixin.py:188} INFO - [2025-05-04T23:34:02.664+0300] {dagbag.py:540} INFO - Filling up the DagBag from /Users/admin/anaconda3/lib/python3.11/site-packages/airflow/example_dags/example_branch_python_dop_operator_3.py
[2025-05-04T23:34:02.687+0300] {processor.py:840} INFO - DAG(s) 'example_branch_dop_operator_v3' retrieved from /Users/admin/anaconda3/lib/python3.11/site-packages/airflow/example_dags/example_branch_python_dop_operator_3.py
[2025-05-04T23:34:02.747+0300] {logging_mixin.py:188} INFO - [2025-05-04T23:34:02.746+0300] {dag.py:3047} INFO - Sync 1 DAGs
[2025-05-04T23:34:02.760+0300] {logging_mixin.py:188} INFO - [2025-05-04T23:34:02.760+0300] {dag.py:3834} INFO - Setting next_dagrun for example_branch_dop_operator_v3 to 2025-05-04 20:33:00+00:00, run_after=2025-05-04 20:34:00+00:00
[2025-05-04T23:34:02.770+0300] {processor.py:183} INFO - Processing /Users/admin/anaconda3/lib/python3.11/site-packages/airflow/example_dags/example_branch_python_dop_operator_3.py took 0.109 seconds
[2025-05-04T23:37:07.597+0300] {processor.py:161} INFO - Started process (PID=24324) to work on /Users/admin/anaconda3/lib/python3.11/site-packages/airflow/example_dags/example_branch_python_dop_operator_3.py
[2025-05-04T23:37:07.598+0300] {processor.py:830} INFO - Processing file /Users/admin/anaconda3/lib/python3.11/site-packages/airflow/example_dags/example_branch_python_dop_operator_3.py for tasks to queue
[2025-05-04T23:37:07.599+0300] {logging_mixin.py:188} INFO - [2025-05-04T23:37:07.599+0300] {dagbag.py:540} INFO - Filling up the DagBag from /Users/admin/anaconda3/lib/python3.11/site-packages/airflow/example_dags/example_branch_python_dop_operator_3.py
[2025-05-04T23:37:07.621+0300] {processor.py:840} INFO - DAG(s) 'example_branch_dop_operator_v3' retrieved from /Users/admin/anaconda3/lib/python3.11/site-packages/airflow/example_dags/example_branch_python_dop_operator_3.py
[2025-05-04T23:37:07.679+0300] {logging_mixin.py:188} INFO - [2025-05-04T23:37:07.679+0300] {dag.py:3047} INFO - Sync 1 DAGs
[2025-05-04T23:37:07.692+0300] {logging_mixin.py:188} INFO - [2025-05-04T23:37:07.692+0300] {dag.py:3834} INFO - Setting next_dagrun for example_branch_dop_operator_v3 to 2025-05-04 20:36:00+00:00, run_after=2025-05-04 20:37:00+00:00
[2025-05-04T23:37:07.703+0300] {processor.py:183} INFO - Processing /Users/admin/anaconda3/lib/python3.11/site-packages/airflow/example_dags/example_branch_python_dop_operator_3.py took 0.106 seconds
[2025-05-04T23:40:12.045+0300] {processor.py:161} INFO - Started process (PID=25195) to work on /Users/admin/anaconda3/lib/python3.11/site-packages/airflow/example_dags/example_branch_python_dop_operator_3.py
[2025-05-04T23:40:12.048+0300] {processor.py:830} INFO - Processing file /Users/admin/anaconda3/lib/python3.11/site-packages/airflow/example_dags/example_branch_python_dop_operator_3.py for tasks to queue
[2025-05-04T23:40:12.049+0300] {logging_mixin.py:188} INFO - [2025-05-04T23:40:12.049+0300] {dagbag.py:540} INFO - Filling up the DagBag from /Users/admin/anaconda3/lib/python3.11/site-packages/airflow/example_dags/example_branch_python_dop_operator_3.py
[2025-05-04T23:40:12.084+0300] {processor.py:840} INFO - DAG(s) 'example_branch_dop_operator_v3' retrieved from /Users/admin/anaconda3/lib/python3.11/site-packages/airflow/example_dags/example_branch_python_dop_operator_3.py
[2025-05-04T23:40:12.149+0300] {logging_mixin.py:188} INFO - [2025-05-04T23:40:12.149+0300] {dag.py:3047} INFO - Sync 1 DAGs
[2025-05-04T23:40:12.162+0300] {logging_mixin.py:188} INFO - [2025-05-04T23:40:12.162+0300] {dag.py:3834} INFO - Setting next_dagrun for example_branch_dop_operator_v3 to 2025-05-04 20:39:00+00:00, run_after=2025-05-04 20:40:00+00:00
[2025-05-04T23:40:12.173+0300] {processor.py:183} INFO - Processing /Users/admin/anaconda3/lib/python3.11/site-packages/airflow/example_dags/example_branch_python_dop_operator_3.py took 0.129 seconds
[2025-05-04T23:43:44.112+0300] {processor.py:161} INFO - Started process (PID=26174) to work on /Users/admin/anaconda3/lib/python3.11/site-packages/airflow/example_dags/example_branch_python_dop_operator_3.py
[2025-05-04T23:43:44.114+0300] {processor.py:830} INFO - Processing file /Users/admin/anaconda3/lib/python3.11/site-packages/airflow/example_dags/example_branch_python_dop_operator_3.py for tasks to queue
[2025-05-04T23:43:44.114+0300] {logging_mixin.py:188} INFO - [2025-05-04T23:43:44.114+0300] {dagbag.py:540} INFO - Filling up the DagBag from /Users/admin/anaconda3/lib/python3.11/site-packages/airflow/example_dags/example_branch_python_dop_operator_3.py
[2025-05-04T23:43:44.140+0300] {processor.py:840} INFO - DAG(s) 'example_branch_dop_operator_v3' retrieved from /Users/admin/anaconda3/lib/python3.11/site-packages/airflow/example_dags/example_branch_python_dop_operator_3.py
[2025-05-04T23:43:44.217+0300] {logging_mixin.py:188} INFO - [2025-05-04T23:43:44.216+0300] {dag.py:3047} INFO - Sync 1 DAGs
[2025-05-04T23:43:44.233+0300] {logging_mixin.py:188} INFO - [2025-05-04T23:43:44.233+0300] {dag.py:3834} INFO - Setting next_dagrun for example_branch_dop_operator_v3 to 2025-05-04 20:42:00+00:00, run_after=2025-05-04 20:43:00+00:00
[2025-05-04T23:43:44.249+0300] {processor.py:183} INFO - Processing /Users/admin/anaconda3/lib/python3.11/site-packages/airflow/example_dags/example_branch_python_dop_operator_3.py took 0.138 seconds
[2025-05-04T23:46:49.069+0300] {processor.py:161} INFO - Started process (PID=27036) to work on /Users/admin/anaconda3/lib/python3.11/site-packages/airflow/example_dags/example_branch_python_dop_operator_3.py
[2025-05-04T23:46:49.071+0300] {processor.py:830} INFO - Processing file /Users/admin/anaconda3/lib/python3.11/site-packages/airflow/example_dags/example_branch_python_dop_operator_3.py for tasks to queue
[2025-05-04T23:46:49.071+0300] {logging_mixin.py:188} INFO - [2025-05-04T23:46:49.071+0300] {dagbag.py:540} INFO - Filling up the DagBag from /Users/admin/anaconda3/lib/python3.11/site-packages/airflow/example_dags/example_branch_python_dop_operator_3.py
[2025-05-04T23:46:49.093+0300] {processor.py:840} INFO - DAG(s) 'example_branch_dop_operator_v3' retrieved from /Users/admin/anaconda3/lib/python3.11/site-packages/airflow/example_dags/example_branch_python_dop_operator_3.py
[2025-05-04T23:46:49.153+0300] {logging_mixin.py:188} INFO - [2025-05-04T23:46:49.153+0300] {dag.py:3047} INFO - Sync 1 DAGs
[2025-05-04T23:46:49.165+0300] {logging_mixin.py:188} INFO - [2025-05-04T23:46:49.165+0300] {dag.py:3834} INFO - Setting next_dagrun for example_branch_dop_operator_v3 to 2025-05-04 20:45:00+00:00, run_after=2025-05-04 20:46:00+00:00
[2025-05-04T23:46:49.176+0300] {processor.py:183} INFO - Processing /Users/admin/anaconda3/lib/python3.11/site-packages/airflow/example_dags/example_branch_python_dop_operator_3.py took 0.107 seconds
[2025-05-04T23:49:48.960+0300] {processor.py:161} INFO - Started process (PID=27871) to work on /Users/admin/anaconda3/lib/python3.11/site-packages/airflow/example_dags/example_branch_python_dop_operator_3.py
[2025-05-04T23:49:48.962+0300] {processor.py:830} INFO - Processing file /Users/admin/anaconda3/lib/python3.11/site-packages/airflow/example_dags/example_branch_python_dop_operator_3.py for tasks to queue
[2025-05-04T23:49:48.962+0300] {logging_mixin.py:188} INFO - [2025-05-04T23:49:48.962+0300] {dagbag.py:540} INFO - Filling up the DagBag from /Users/admin/anaconda3/lib/python3.11/site-packages/airflow/example_dags/example_branch_python_dop_operator_3.py
[2025-05-04T23:49:48.985+0300] {processor.py:840} INFO - DAG(s) 'example_branch_dop_operator_v3' retrieved from /Users/admin/anaconda3/lib/python3.11/site-packages/airflow/example_dags/example_branch_python_dop_operator_3.py
[2025-05-04T23:49:49.045+0300] {logging_mixin.py:188} INFO - [2025-05-04T23:49:49.045+0300] {dag.py:3047} INFO - Sync 1 DAGs
[2025-05-04T23:49:49.058+0300] {logging_mixin.py:188} INFO - [2025-05-04T23:49:49.058+0300] {dag.py:3834} INFO - Setting next_dagrun for example_branch_dop_operator_v3 to 2025-05-04 20:48:00+00:00, run_after=2025-05-04 20:49:00+00:00
[2025-05-04T23:49:49.070+0300] {processor.py:183} INFO - Processing /Users/admin/anaconda3/lib/python3.11/site-packages/airflow/example_dags/example_branch_python_dop_operator_3.py took 0.110 seconds
[2025-05-04T23:53:00.254+0300] {processor.py:161} INFO - Started process (PID=28765) to work on /Users/admin/anaconda3/lib/python3.11/site-packages/airflow/example_dags/example_branch_python_dop_operator_3.py
[2025-05-04T23:53:00.255+0300] {processor.py:830} INFO - Processing file /Users/admin/anaconda3/lib/python3.11/site-packages/airflow/example_dags/example_branch_python_dop_operator_3.py for tasks to queue
[2025-05-04T23:53:00.256+0300] {logging_mixin.py:188} INFO - [2025-05-04T23:53:00.255+0300] {dagbag.py:540} INFO - Filling up the DagBag from /Users/admin/anaconda3/lib/python3.11/site-packages/airflow/example_dags/example_branch_python_dop_operator_3.py
[2025-05-04T23:53:00.278+0300] {processor.py:840} INFO - DAG(s) 'example_branch_dop_operator_v3' retrieved from /Users/admin/anaconda3/lib/python3.11/site-packages/airflow/example_dags/example_branch_python_dop_operator_3.py
[2025-05-04T23:53:00.337+0300] {logging_mixin.py:188} INFO - [2025-05-04T23:53:00.336+0300] {dag.py:3047} INFO - Sync 1 DAGs
[2025-05-04T23:53:00.349+0300] {logging_mixin.py:188} INFO - [2025-05-04T23:53:00.349+0300] {dag.py:3834} INFO - Setting next_dagrun for example_branch_dop_operator_v3 to 2025-05-04 20:52:00+00:00, run_after=2025-05-04 20:53:00+00:00
[2025-05-04T23:53:00.359+0300] {processor.py:183} INFO - Processing /Users/admin/anaconda3/lib/python3.11/site-packages/airflow/example_dags/example_branch_python_dop_operator_3.py took 0.106 seconds
