[2025-05-04T22:10:53.918+0300] {processor.py:161} INFO - Started process (PID=14056) to work on /Users/admin/anaconda3/lib/python3.11/site-packages/airflow/example_dags/tutorial.py
[2025-05-04T22:10:53.919+0300] {processor.py:830} INFO - Processing file /Users/admin/anaconda3/lib/python3.11/site-packages/airflow/example_dags/tutorial.py for tasks to queue
[2025-05-04T22:10:53.919+0300] {logging_mixin.py:188} INFO - [2025-05-04T22:10:53.919+0300] {dagbag.py:540} INFO - Filling up the DagBag from /Users/admin/anaconda3/lib/python3.11/site-packages/airflow/example_dags/tutorial.py
[2025-05-04T22:10:53.925+0300] {processor.py:840} INFO - DAG(s) 'tutorial' retrieved from /Users/admin/anaconda3/lib/python3.11/site-packages/airflow/example_dags/tutorial.py
[2025-05-04T22:10:54.032+0300] {logging_mixin.py:188} INFO - [2025-05-04T22:10:54.031+0300] {dag.py:3047} INFO - Sync 1 DAGs
[2025-05-04T22:10:54.042+0300] {logging_mixin.py:188} INFO - [2025-05-04T22:10:54.042+0300] {dag.py:3834} INFO - Setting next_dagrun for tutorial to 2025-05-03 00:00:00+00:00, run_after=2025-05-04 00:00:00+00:00
[2025-05-04T22:10:54.052+0300] {processor.py:183} INFO - Processing /Users/admin/anaconda3/lib/python3.11/site-packages/airflow/example_dags/tutorial.py took 0.135 seconds
[2025-05-04T22:12:48.885+0300] {processor.py:161} INFO - Started process (PID=14639) to work on /Users/admin/anaconda3/lib/python3.11/site-packages/airflow/example_dags/tutorial.py
[2025-05-04T22:12:48.886+0300] {processor.py:830} INFO - Processing file /Users/admin/anaconda3/lib/python3.11/site-packages/airflow/example_dags/tutorial.py for tasks to queue
[2025-05-04T22:12:48.887+0300] {logging_mixin.py:188} INFO - [2025-05-04T22:12:48.887+0300] {dagbag.py:540} INFO - Filling up the DagBag from /Users/admin/anaconda3/lib/python3.11/site-packages/airflow/example_dags/tutorial.py
[2025-05-04T22:12:48.892+0300] {processor.py:840} INFO - DAG(s) 'tutorial' retrieved from /Users/admin/anaconda3/lib/python3.11/site-packages/airflow/example_dags/tutorial.py
[2025-05-04T22:12:48.954+0300] {logging_mixin.py:188} INFO - [2025-05-04T22:12:48.954+0300] {dag.py:3047} INFO - Sync 1 DAGs
[2025-05-04T22:12:48.964+0300] {logging_mixin.py:188} INFO - [2025-05-04T22:12:48.964+0300] {dag.py:3834} INFO - Setting next_dagrun for tutorial to 2025-05-03 00:00:00+00:00, run_after=2025-05-04 00:00:00+00:00
[2025-05-04T22:12:48.975+0300] {processor.py:183} INFO - Processing /Users/admin/anaconda3/lib/python3.11/site-packages/airflow/example_dags/tutorial.py took 0.091 seconds
[2025-05-04T22:14:10.111+0300] {processor.py:161} INFO - Started process (PID=15036) to work on /Users/admin/anaconda3/lib/python3.11/site-packages/airflow/example_dags/tutorial.py
[2025-05-04T22:14:10.112+0300] {processor.py:830} INFO - Processing file /Users/admin/anaconda3/lib/python3.11/site-packages/airflow/example_dags/tutorial.py for tasks to queue
[2025-05-04T22:14:10.113+0300] {logging_mixin.py:188} INFO - [2025-05-04T22:14:10.112+0300] {dagbag.py:540} INFO - Filling up the DagBag from /Users/admin/anaconda3/lib/python3.11/site-packages/airflow/example_dags/tutorial.py
[2025-05-04T22:14:10.118+0300] {processor.py:840} INFO - DAG(s) 'tutorial' retrieved from /Users/admin/anaconda3/lib/python3.11/site-packages/airflow/example_dags/tutorial.py
[2025-05-04T22:14:10.178+0300] {logging_mixin.py:188} INFO - [2025-05-04T22:14:10.178+0300] {dag.py:3047} INFO - Sync 1 DAGs
[2025-05-04T22:14:10.188+0300] {logging_mixin.py:188} INFO - [2025-05-04T22:14:10.188+0300] {dag.py:3834} INFO - Setting next_dagrun for tutorial to 2025-05-03 00:00:00+00:00, run_after=2025-05-04 00:00:00+00:00
[2025-05-04T22:14:10.198+0300] {processor.py:183} INFO - Processing /Users/admin/anaconda3/lib/python3.11/site-packages/airflow/example_dags/tutorial.py took 0.087 seconds
[2025-05-04T22:15:31.082+0300] {processor.py:161} INFO - Started process (PID=15413) to work on /Users/admin/anaconda3/lib/python3.11/site-packages/airflow/example_dags/tutorial.py
[2025-05-04T22:15:31.083+0300] {processor.py:830} INFO - Processing file /Users/admin/anaconda3/lib/python3.11/site-packages/airflow/example_dags/tutorial.py for tasks to queue
[2025-05-04T22:15:31.083+0300] {logging_mixin.py:188} INFO - [2025-05-04T22:15:31.083+0300] {dagbag.py:540} INFO - Filling up the DagBag from /Users/admin/anaconda3/lib/python3.11/site-packages/airflow/example_dags/tutorial.py
[2025-05-04T22:15:31.088+0300] {processor.py:840} INFO - DAG(s) 'tutorial' retrieved from /Users/admin/anaconda3/lib/python3.11/site-packages/airflow/example_dags/tutorial.py
[2025-05-04T22:15:31.150+0300] {logging_mixin.py:188} INFO - [2025-05-04T22:15:31.149+0300] {dag.py:3047} INFO - Sync 1 DAGs
[2025-05-04T22:15:31.160+0300] {logging_mixin.py:188} INFO - [2025-05-04T22:15:31.160+0300] {dag.py:3834} INFO - Setting next_dagrun for tutorial to 2025-05-03 00:00:00+00:00, run_after=2025-05-04 00:00:00+00:00
[2025-05-04T22:15:31.170+0300] {processor.py:183} INFO - Processing /Users/admin/anaconda3/lib/python3.11/site-packages/airflow/example_dags/tutorial.py took 0.089 seconds
[2025-05-04T22:16:54.698+0300] {processor.py:161} INFO - Started process (PID=15816) to work on /Users/admin/anaconda3/lib/python3.11/site-packages/airflow/example_dags/tutorial.py
[2025-05-04T22:16:54.700+0300] {processor.py:830} INFO - Processing file /Users/admin/anaconda3/lib/python3.11/site-packages/airflow/example_dags/tutorial.py for tasks to queue
[2025-05-04T22:16:54.700+0300] {logging_mixin.py:188} INFO - [2025-05-04T22:16:54.700+0300] {dagbag.py:540} INFO - Filling up the DagBag from /Users/admin/anaconda3/lib/python3.11/site-packages/airflow/example_dags/tutorial.py
[2025-05-04T22:16:54.706+0300] {processor.py:840} INFO - DAG(s) 'tutorial' retrieved from /Users/admin/anaconda3/lib/python3.11/site-packages/airflow/example_dags/tutorial.py
[2025-05-04T22:16:54.769+0300] {logging_mixin.py:188} INFO - [2025-05-04T22:16:54.769+0300] {dag.py:3047} INFO - Sync 1 DAGs
[2025-05-04T22:16:54.779+0300] {logging_mixin.py:188} INFO - [2025-05-04T22:16:54.778+0300] {dag.py:3834} INFO - Setting next_dagrun for tutorial to 2025-05-03 00:00:00+00:00, run_after=2025-05-04 00:00:00+00:00
[2025-05-04T22:16:54.790+0300] {processor.py:183} INFO - Processing /Users/admin/anaconda3/lib/python3.11/site-packages/airflow/example_dags/tutorial.py took 0.092 seconds
[2025-05-04T22:18:20.521+0300] {processor.py:161} INFO - Started process (PID=16215) to work on /Users/admin/anaconda3/lib/python3.11/site-packages/airflow/example_dags/tutorial.py
[2025-05-04T22:18:20.522+0300] {processor.py:830} INFO - Processing file /Users/admin/anaconda3/lib/python3.11/site-packages/airflow/example_dags/tutorial.py for tasks to queue
[2025-05-04T22:18:20.522+0300] {logging_mixin.py:188} INFO - [2025-05-04T22:18:20.522+0300] {dagbag.py:540} INFO - Filling up the DagBag from /Users/admin/anaconda3/lib/python3.11/site-packages/airflow/example_dags/tutorial.py
[2025-05-04T22:18:20.528+0300] {processor.py:840} INFO - DAG(s) 'tutorial' retrieved from /Users/admin/anaconda3/lib/python3.11/site-packages/airflow/example_dags/tutorial.py
[2025-05-04T22:18:20.590+0300] {logging_mixin.py:188} INFO - [2025-05-04T22:18:20.589+0300] {dag.py:3047} INFO - Sync 1 DAGs
[2025-05-04T22:18:20.599+0300] {logging_mixin.py:188} INFO - [2025-05-04T22:18:20.599+0300] {dag.py:3834} INFO - Setting next_dagrun for tutorial to 2025-05-03 00:00:00+00:00, run_after=2025-05-04 00:00:00+00:00
[2025-05-04T22:18:20.610+0300] {processor.py:183} INFO - Processing /Users/admin/anaconda3/lib/python3.11/site-packages/airflow/example_dags/tutorial.py took 0.089 seconds
[2025-05-04T22:26:35.690+0300] {processor.py:161} INFO - Started process (PID=16663) to work on /Users/admin/anaconda3/lib/python3.11/site-packages/airflow/example_dags/tutorial.py
[2025-05-04T22:26:35.692+0300] {processor.py:830} INFO - Processing file /Users/admin/anaconda3/lib/python3.11/site-packages/airflow/example_dags/tutorial.py for tasks to queue
[2025-05-04T22:26:35.692+0300] {logging_mixin.py:188} INFO - [2025-05-04T22:26:35.692+0300] {dagbag.py:540} INFO - Filling up the DagBag from /Users/admin/anaconda3/lib/python3.11/site-packages/airflow/example_dags/tutorial.py
[2025-05-04T22:26:35.698+0300] {processor.py:840} INFO - DAG(s) 'tutorial' retrieved from /Users/admin/anaconda3/lib/python3.11/site-packages/airflow/example_dags/tutorial.py
[2025-05-04T22:26:35.760+0300] {logging_mixin.py:188} INFO - [2025-05-04T22:26:35.760+0300] {dag.py:3047} INFO - Sync 1 DAGs
[2025-05-04T22:26:35.770+0300] {logging_mixin.py:188} INFO - [2025-05-04T22:26:35.770+0300] {dag.py:3834} INFO - Setting next_dagrun for tutorial to 2025-05-03 00:00:00+00:00, run_after=2025-05-04 00:00:00+00:00
[2025-05-04T22:26:35.780+0300] {processor.py:183} INFO - Processing /Users/admin/anaconda3/lib/python3.11/site-packages/airflow/example_dags/tutorial.py took 0.090 seconds
[2025-05-04T22:27:58.988+0300] {processor.py:161} INFO - Started process (PID=17056) to work on /Users/admin/anaconda3/lib/python3.11/site-packages/airflow/example_dags/tutorial.py
[2025-05-04T22:27:58.989+0300] {processor.py:830} INFO - Processing file /Users/admin/anaconda3/lib/python3.11/site-packages/airflow/example_dags/tutorial.py for tasks to queue
[2025-05-04T22:27:58.989+0300] {logging_mixin.py:188} INFO - [2025-05-04T22:27:58.989+0300] {dagbag.py:540} INFO - Filling up the DagBag from /Users/admin/anaconda3/lib/python3.11/site-packages/airflow/example_dags/tutorial.py
[2025-05-04T22:27:58.994+0300] {processor.py:840} INFO - DAG(s) 'tutorial' retrieved from /Users/admin/anaconda3/lib/python3.11/site-packages/airflow/example_dags/tutorial.py
[2025-05-04T22:27:59.055+0300] {logging_mixin.py:188} INFO - [2025-05-04T22:27:59.055+0300] {dag.py:3047} INFO - Sync 1 DAGs
[2025-05-04T22:27:59.065+0300] {logging_mixin.py:188} INFO - [2025-05-04T22:27:59.065+0300] {dag.py:3834} INFO - Setting next_dagrun for tutorial to 2025-05-03 00:00:00+00:00, run_after=2025-05-04 00:00:00+00:00
[2025-05-04T22:27:59.075+0300] {processor.py:183} INFO - Processing /Users/admin/anaconda3/lib/python3.11/site-packages/airflow/example_dags/tutorial.py took 0.088 seconds
[2025-05-04T22:29:20.913+0300] {processor.py:161} INFO - Started process (PID=17436) to work on /Users/admin/anaconda3/lib/python3.11/site-packages/airflow/example_dags/tutorial.py
[2025-05-04T22:29:20.914+0300] {processor.py:830} INFO - Processing file /Users/admin/anaconda3/lib/python3.11/site-packages/airflow/example_dags/tutorial.py for tasks to queue
[2025-05-04T22:29:20.914+0300] {logging_mixin.py:188} INFO - [2025-05-04T22:29:20.914+0300] {dagbag.py:540} INFO - Filling up the DagBag from /Users/admin/anaconda3/lib/python3.11/site-packages/airflow/example_dags/tutorial.py
[2025-05-04T22:29:20.920+0300] {processor.py:840} INFO - DAG(s) 'tutorial' retrieved from /Users/admin/anaconda3/lib/python3.11/site-packages/airflow/example_dags/tutorial.py
[2025-05-04T22:29:20.982+0300] {logging_mixin.py:188} INFO - [2025-05-04T22:29:20.982+0300] {dag.py:3047} INFO - Sync 1 DAGs
[2025-05-04T22:29:20.991+0300] {logging_mixin.py:188} INFO - [2025-05-04T22:29:20.991+0300] {dag.py:3834} INFO - Setting next_dagrun for tutorial to 2025-05-03 00:00:00+00:00, run_after=2025-05-04 00:00:00+00:00
[2025-05-04T22:29:21.002+0300] {processor.py:183} INFO - Processing /Users/admin/anaconda3/lib/python3.11/site-packages/airflow/example_dags/tutorial.py took 0.090 seconds
[2025-05-04T22:30:41.574+0300] {processor.py:161} INFO - Started process (PID=17833) to work on /Users/admin/anaconda3/lib/python3.11/site-packages/airflow/example_dags/tutorial.py
[2025-05-04T22:30:41.575+0300] {processor.py:830} INFO - Processing file /Users/admin/anaconda3/lib/python3.11/site-packages/airflow/example_dags/tutorial.py for tasks to queue
[2025-05-04T22:30:41.575+0300] {logging_mixin.py:188} INFO - [2025-05-04T22:30:41.575+0300] {dagbag.py:540} INFO - Filling up the DagBag from /Users/admin/anaconda3/lib/python3.11/site-packages/airflow/example_dags/tutorial.py
[2025-05-04T22:30:41.581+0300] {processor.py:840} INFO - DAG(s) 'tutorial' retrieved from /Users/admin/anaconda3/lib/python3.11/site-packages/airflow/example_dags/tutorial.py
[2025-05-04T22:30:41.643+0300] {logging_mixin.py:188} INFO - [2025-05-04T22:30:41.643+0300] {dag.py:3047} INFO - Sync 1 DAGs
[2025-05-04T22:30:41.653+0300] {logging_mixin.py:188} INFO - [2025-05-04T22:30:41.653+0300] {dag.py:3834} INFO - Setting next_dagrun for tutorial to 2025-05-03 00:00:00+00:00, run_after=2025-05-04 00:00:00+00:00
[2025-05-04T22:30:41.663+0300] {processor.py:183} INFO - Processing /Users/admin/anaconda3/lib/python3.11/site-packages/airflow/example_dags/tutorial.py took 0.090 seconds
[2025-05-04T23:15:58.372+0300] {processor.py:161} INFO - Started process (PID=18310) to work on /Users/admin/anaconda3/lib/python3.11/site-packages/airflow/example_dags/tutorial.py
[2025-05-04T23:15:58.373+0300] {processor.py:830} INFO - Processing file /Users/admin/anaconda3/lib/python3.11/site-packages/airflow/example_dags/tutorial.py for tasks to queue
[2025-05-04T23:15:58.374+0300] {logging_mixin.py:188} INFO - [2025-05-04T23:15:58.374+0300] {dagbag.py:540} INFO - Filling up the DagBag from /Users/admin/anaconda3/lib/python3.11/site-packages/airflow/example_dags/tutorial.py
[2025-05-04T23:15:58.380+0300] {processor.py:840} INFO - DAG(s) 'tutorial' retrieved from /Users/admin/anaconda3/lib/python3.11/site-packages/airflow/example_dags/tutorial.py
[2025-05-04T23:15:58.444+0300] {logging_mixin.py:188} INFO - [2025-05-04T23:15:58.444+0300] {dag.py:3047} INFO - Sync 1 DAGs
[2025-05-04T23:15:58.455+0300] {logging_mixin.py:188} INFO - [2025-05-04T23:15:58.455+0300] {dag.py:3834} INFO - Setting next_dagrun for tutorial to 2025-05-03 00:00:00+00:00, run_after=2025-05-04 00:00:00+00:00
[2025-05-04T23:15:58.465+0300] {processor.py:183} INFO - Processing /Users/admin/anaconda3/lib/python3.11/site-packages/airflow/example_dags/tutorial.py took 0.094 seconds
[2025-05-04T23:17:22.033+0300] {processor.py:161} INFO - Started process (PID=18709) to work on /Users/admin/anaconda3/lib/python3.11/site-packages/airflow/example_dags/tutorial.py
[2025-05-04T23:17:22.035+0300] {processor.py:830} INFO - Processing file /Users/admin/anaconda3/lib/python3.11/site-packages/airflow/example_dags/tutorial.py for tasks to queue
[2025-05-04T23:17:22.035+0300] {logging_mixin.py:188} INFO - [2025-05-04T23:17:22.035+0300] {dagbag.py:540} INFO - Filling up the DagBag from /Users/admin/anaconda3/lib/python3.11/site-packages/airflow/example_dags/tutorial.py
[2025-05-04T23:17:22.040+0300] {processor.py:840} INFO - DAG(s) 'tutorial' retrieved from /Users/admin/anaconda3/lib/python3.11/site-packages/airflow/example_dags/tutorial.py
[2025-05-04T23:17:22.102+0300] {logging_mixin.py:188} INFO - [2025-05-04T23:17:22.101+0300] {dag.py:3047} INFO - Sync 1 DAGs
[2025-05-04T23:17:22.112+0300] {logging_mixin.py:188} INFO - [2025-05-04T23:17:22.111+0300] {dag.py:3834} INFO - Setting next_dagrun for tutorial to 2025-05-03 00:00:00+00:00, run_after=2025-05-04 00:00:00+00:00
[2025-05-04T23:17:22.121+0300] {processor.py:183} INFO - Processing /Users/admin/anaconda3/lib/python3.11/site-packages/airflow/example_dags/tutorial.py took 0.089 seconds
[2025-05-04T23:18:45.712+0300] {processor.py:161} INFO - Started process (PID=19101) to work on /Users/admin/anaconda3/lib/python3.11/site-packages/airflow/example_dags/tutorial.py
[2025-05-04T23:18:45.713+0300] {processor.py:830} INFO - Processing file /Users/admin/anaconda3/lib/python3.11/site-packages/airflow/example_dags/tutorial.py for tasks to queue
[2025-05-04T23:18:45.713+0300] {logging_mixin.py:188} INFO - [2025-05-04T23:18:45.713+0300] {dagbag.py:540} INFO - Filling up the DagBag from /Users/admin/anaconda3/lib/python3.11/site-packages/airflow/example_dags/tutorial.py
[2025-05-04T23:18:45.719+0300] {processor.py:840} INFO - DAG(s) 'tutorial' retrieved from /Users/admin/anaconda3/lib/python3.11/site-packages/airflow/example_dags/tutorial.py
[2025-05-04T23:18:45.780+0300] {logging_mixin.py:188} INFO - [2025-05-04T23:18:45.779+0300] {dag.py:3047} INFO - Sync 1 DAGs
[2025-05-04T23:18:45.789+0300] {logging_mixin.py:188} INFO - [2025-05-04T23:18:45.789+0300] {dag.py:3834} INFO - Setting next_dagrun for tutorial to 2025-05-03 00:00:00+00:00, run_after=2025-05-04 00:00:00+00:00
[2025-05-04T23:18:45.799+0300] {processor.py:183} INFO - Processing /Users/admin/anaconda3/lib/python3.11/site-packages/airflow/example_dags/tutorial.py took 0.088 seconds
[2025-05-04T23:20:06.431+0300] {processor.py:161} INFO - Started process (PID=19479) to work on /Users/admin/anaconda3/lib/python3.11/site-packages/airflow/example_dags/tutorial.py
[2025-05-04T23:20:06.433+0300] {processor.py:830} INFO - Processing file /Users/admin/anaconda3/lib/python3.11/site-packages/airflow/example_dags/tutorial.py for tasks to queue
[2025-05-04T23:20:06.433+0300] {logging_mixin.py:188} INFO - [2025-05-04T23:20:06.433+0300] {dagbag.py:540} INFO - Filling up the DagBag from /Users/admin/anaconda3/lib/python3.11/site-packages/airflow/example_dags/tutorial.py
[2025-05-04T23:20:06.438+0300] {processor.py:840} INFO - DAG(s) 'tutorial' retrieved from /Users/admin/anaconda3/lib/python3.11/site-packages/airflow/example_dags/tutorial.py
[2025-05-04T23:20:06.500+0300] {logging_mixin.py:188} INFO - [2025-05-04T23:20:06.500+0300] {dag.py:3047} INFO - Sync 1 DAGs
[2025-05-04T23:20:06.510+0300] {logging_mixin.py:188} INFO - [2025-05-04T23:20:06.510+0300] {dag.py:3834} INFO - Setting next_dagrun for tutorial to 2025-05-03 00:00:00+00:00, run_after=2025-05-04 00:00:00+00:00
[2025-05-04T23:20:06.521+0300] {processor.py:183} INFO - Processing /Users/admin/anaconda3/lib/python3.11/site-packages/airflow/example_dags/tutorial.py took 0.090 seconds
[2025-05-04T23:21:34.528+0300] {processor.py:161} INFO - Started process (PID=19896) to work on /Users/admin/anaconda3/lib/python3.11/site-packages/airflow/example_dags/tutorial.py
[2025-05-04T23:21:34.529+0300] {processor.py:830} INFO - Processing file /Users/admin/anaconda3/lib/python3.11/site-packages/airflow/example_dags/tutorial.py for tasks to queue
[2025-05-04T23:21:34.530+0300] {logging_mixin.py:188} INFO - [2025-05-04T23:21:34.529+0300] {dagbag.py:540} INFO - Filling up the DagBag from /Users/admin/anaconda3/lib/python3.11/site-packages/airflow/example_dags/tutorial.py
[2025-05-04T23:21:34.535+0300] {processor.py:840} INFO - DAG(s) 'tutorial' retrieved from /Users/admin/anaconda3/lib/python3.11/site-packages/airflow/example_dags/tutorial.py
[2025-05-04T23:21:34.596+0300] {logging_mixin.py:188} INFO - [2025-05-04T23:21:34.596+0300] {dag.py:3047} INFO - Sync 1 DAGs
[2025-05-04T23:21:34.606+0300] {logging_mixin.py:188} INFO - [2025-05-04T23:21:34.606+0300] {dag.py:3834} INFO - Setting next_dagrun for tutorial to 2025-05-03 00:00:00+00:00, run_after=2025-05-04 00:00:00+00:00
[2025-05-04T23:21:34.616+0300] {processor.py:183} INFO - Processing /Users/admin/anaconda3/lib/python3.11/site-packages/airflow/example_dags/tutorial.py took 0.089 seconds
[2025-05-04T23:23:05.080+0300] {processor.py:161} INFO - Started process (PID=20316) to work on /Users/admin/anaconda3/lib/python3.11/site-packages/airflow/example_dags/tutorial.py
[2025-05-04T23:23:05.082+0300] {processor.py:830} INFO - Processing file /Users/admin/anaconda3/lib/python3.11/site-packages/airflow/example_dags/tutorial.py for tasks to queue
[2025-05-04T23:23:05.082+0300] {logging_mixin.py:188} INFO - [2025-05-04T23:23:05.082+0300] {dagbag.py:540} INFO - Filling up the DagBag from /Users/admin/anaconda3/lib/python3.11/site-packages/airflow/example_dags/tutorial.py
[2025-05-04T23:23:05.088+0300] {processor.py:840} INFO - DAG(s) 'tutorial' retrieved from /Users/admin/anaconda3/lib/python3.11/site-packages/airflow/example_dags/tutorial.py
[2025-05-04T23:23:05.149+0300] {logging_mixin.py:188} INFO - [2025-05-04T23:23:05.148+0300] {dag.py:3047} INFO - Sync 1 DAGs
[2025-05-04T23:23:05.159+0300] {logging_mixin.py:188} INFO - [2025-05-04T23:23:05.158+0300] {dag.py:3834} INFO - Setting next_dagrun for tutorial to 2025-05-03 00:00:00+00:00, run_after=2025-05-04 00:00:00+00:00
[2025-05-04T23:23:05.168+0300] {processor.py:183} INFO - Processing /Users/admin/anaconda3/lib/python3.11/site-packages/airflow/example_dags/tutorial.py took 0.089 seconds
[2025-05-04T23:24:30.447+0300] {processor.py:161} INFO - Started process (PID=20716) to work on /Users/admin/anaconda3/lib/python3.11/site-packages/airflow/example_dags/tutorial.py
[2025-05-04T23:24:30.448+0300] {processor.py:830} INFO - Processing file /Users/admin/anaconda3/lib/python3.11/site-packages/airflow/example_dags/tutorial.py for tasks to queue
[2025-05-04T23:24:30.448+0300] {logging_mixin.py:188} INFO - [2025-05-04T23:24:30.448+0300] {dagbag.py:540} INFO - Filling up the DagBag from /Users/admin/anaconda3/lib/python3.11/site-packages/airflow/example_dags/tutorial.py
[2025-05-04T23:24:30.454+0300] {processor.py:840} INFO - DAG(s) 'tutorial' retrieved from /Users/admin/anaconda3/lib/python3.11/site-packages/airflow/example_dags/tutorial.py
[2025-05-04T23:24:30.516+0300] {logging_mixin.py:188} INFO - [2025-05-04T23:24:30.516+0300] {dag.py:3047} INFO - Sync 1 DAGs
[2025-05-04T23:24:30.526+0300] {logging_mixin.py:188} INFO - [2025-05-04T23:24:30.526+0300] {dag.py:3834} INFO - Setting next_dagrun for tutorial to 2025-05-03 00:00:00+00:00, run_after=2025-05-04 00:00:00+00:00
[2025-05-04T23:24:30.536+0300] {processor.py:183} INFO - Processing /Users/admin/anaconda3/lib/python3.11/site-packages/airflow/example_dags/tutorial.py took 0.090 seconds
[2025-05-04T23:25:58.557+0300] {processor.py:161} INFO - Started process (PID=21133) to work on /Users/admin/anaconda3/lib/python3.11/site-packages/airflow/example_dags/tutorial.py
[2025-05-04T23:25:58.558+0300] {processor.py:830} INFO - Processing file /Users/admin/anaconda3/lib/python3.11/site-packages/airflow/example_dags/tutorial.py for tasks to queue
[2025-05-04T23:25:58.558+0300] {logging_mixin.py:188} INFO - [2025-05-04T23:25:58.558+0300] {dagbag.py:540} INFO - Filling up the DagBag from /Users/admin/anaconda3/lib/python3.11/site-packages/airflow/example_dags/tutorial.py
[2025-05-04T23:25:58.564+0300] {processor.py:840} INFO - DAG(s) 'tutorial' retrieved from /Users/admin/anaconda3/lib/python3.11/site-packages/airflow/example_dags/tutorial.py
[2025-05-04T23:25:58.625+0300] {logging_mixin.py:188} INFO - [2025-05-04T23:25:58.625+0300] {dag.py:3047} INFO - Sync 1 DAGs
[2025-05-04T23:25:58.635+0300] {logging_mixin.py:188} INFO - [2025-05-04T23:25:58.635+0300] {dag.py:3834} INFO - Setting next_dagrun for tutorial to 2025-05-03 00:00:00+00:00, run_after=2025-05-04 00:00:00+00:00
[2025-05-04T23:25:58.645+0300] {processor.py:183} INFO - Processing /Users/admin/anaconda3/lib/python3.11/site-packages/airflow/example_dags/tutorial.py took 0.089 seconds
[2025-05-04T23:27:24.157+0300] {processor.py:161} INFO - Started process (PID=21541) to work on /Users/admin/anaconda3/lib/python3.11/site-packages/airflow/example_dags/tutorial.py
[2025-05-04T23:27:24.158+0300] {processor.py:830} INFO - Processing file /Users/admin/anaconda3/lib/python3.11/site-packages/airflow/example_dags/tutorial.py for tasks to queue
[2025-05-04T23:27:24.158+0300] {logging_mixin.py:188} INFO - [2025-05-04T23:27:24.158+0300] {dagbag.py:540} INFO - Filling up the DagBag from /Users/admin/anaconda3/lib/python3.11/site-packages/airflow/example_dags/tutorial.py
[2025-05-04T23:27:24.164+0300] {processor.py:840} INFO - DAG(s) 'tutorial' retrieved from /Users/admin/anaconda3/lib/python3.11/site-packages/airflow/example_dags/tutorial.py
[2025-05-04T23:27:24.225+0300] {logging_mixin.py:188} INFO - [2025-05-04T23:27:24.224+0300] {dag.py:3047} INFO - Sync 1 DAGs
[2025-05-04T23:27:24.234+0300] {logging_mixin.py:188} INFO - [2025-05-04T23:27:24.234+0300] {dag.py:3834} INFO - Setting next_dagrun for tutorial to 2025-05-03 00:00:00+00:00, run_after=2025-05-04 00:00:00+00:00
[2025-05-04T23:27:24.244+0300] {processor.py:183} INFO - Processing /Users/admin/anaconda3/lib/python3.11/site-packages/airflow/example_dags/tutorial.py took 0.088 seconds
[2025-05-04T23:28:53.658+0300] {processor.py:161} INFO - Started process (PID=21961) to work on /Users/admin/anaconda3/lib/python3.11/site-packages/airflow/example_dags/tutorial.py
[2025-05-04T23:28:53.659+0300] {processor.py:830} INFO - Processing file /Users/admin/anaconda3/lib/python3.11/site-packages/airflow/example_dags/tutorial.py for tasks to queue
[2025-05-04T23:28:53.659+0300] {logging_mixin.py:188} INFO - [2025-05-04T23:28:53.659+0300] {dagbag.py:540} INFO - Filling up the DagBag from /Users/admin/anaconda3/lib/python3.11/site-packages/airflow/example_dags/tutorial.py
[2025-05-04T23:28:53.665+0300] {processor.py:840} INFO - DAG(s) 'tutorial' retrieved from /Users/admin/anaconda3/lib/python3.11/site-packages/airflow/example_dags/tutorial.py
[2025-05-04T23:28:53.726+0300] {logging_mixin.py:188} INFO - [2025-05-04T23:28:53.726+0300] {dag.py:3047} INFO - Sync 1 DAGs
[2025-05-04T23:28:53.736+0300] {logging_mixin.py:188} INFO - [2025-05-04T23:28:53.736+0300] {dag.py:3834} INFO - Setting next_dagrun for tutorial to 2025-05-03 00:00:00+00:00, run_after=2025-05-04 00:00:00+00:00
[2025-05-04T23:28:53.746+0300] {processor.py:183} INFO - Processing /Users/admin/anaconda3/lib/python3.11/site-packages/airflow/example_dags/tutorial.py took 0.089 seconds
[2025-05-04T23:30:20.421+0300] {processor.py:161} INFO - Started process (PID=22392) to work on /Users/admin/anaconda3/lib/python3.11/site-packages/airflow/example_dags/tutorial.py
[2025-05-04T23:30:20.422+0300] {processor.py:830} INFO - Processing file /Users/admin/anaconda3/lib/python3.11/site-packages/airflow/example_dags/tutorial.py for tasks to queue
[2025-05-04T23:30:20.422+0300] {logging_mixin.py:188} INFO - [2025-05-04T23:30:20.422+0300] {dagbag.py:540} INFO - Filling up the DagBag from /Users/admin/anaconda3/lib/python3.11/site-packages/airflow/example_dags/tutorial.py
[2025-05-04T23:30:20.428+0300] {processor.py:840} INFO - DAG(s) 'tutorial' retrieved from /Users/admin/anaconda3/lib/python3.11/site-packages/airflow/example_dags/tutorial.py
[2025-05-04T23:30:20.489+0300] {logging_mixin.py:188} INFO - [2025-05-04T23:30:20.489+0300] {dag.py:3047} INFO - Sync 1 DAGs
[2025-05-04T23:30:20.499+0300] {logging_mixin.py:188} INFO - [2025-05-04T23:30:20.499+0300] {dag.py:3834} INFO - Setting next_dagrun for tutorial to 2025-05-03 00:00:00+00:00, run_after=2025-05-04 00:00:00+00:00
[2025-05-04T23:30:20.509+0300] {processor.py:183} INFO - Processing /Users/admin/anaconda3/lib/python3.11/site-packages/airflow/example_dags/tutorial.py took 0.089 seconds
[2025-05-04T23:31:52.464+0300] {processor.py:161} INFO - Started process (PID=22817) to work on /Users/admin/anaconda3/lib/python3.11/site-packages/airflow/example_dags/tutorial.py
[2025-05-04T23:31:52.465+0300] {processor.py:830} INFO - Processing file /Users/admin/anaconda3/lib/python3.11/site-packages/airflow/example_dags/tutorial.py for tasks to queue
[2025-05-04T23:31:52.465+0300] {logging_mixin.py:188} INFO - [2025-05-04T23:31:52.465+0300] {dagbag.py:540} INFO - Filling up the DagBag from /Users/admin/anaconda3/lib/python3.11/site-packages/airflow/example_dags/tutorial.py
[2025-05-04T23:31:52.471+0300] {processor.py:840} INFO - DAG(s) 'tutorial' retrieved from /Users/admin/anaconda3/lib/python3.11/site-packages/airflow/example_dags/tutorial.py
[2025-05-04T23:31:52.533+0300] {logging_mixin.py:188} INFO - [2025-05-04T23:31:52.533+0300] {dag.py:3047} INFO - Sync 1 DAGs
[2025-05-04T23:31:52.544+0300] {logging_mixin.py:188} INFO - [2025-05-04T23:31:52.544+0300] {dag.py:3834} INFO - Setting next_dagrun for tutorial to 2025-05-03 00:00:00+00:00, run_after=2025-05-04 00:00:00+00:00
[2025-05-04T23:31:52.555+0300] {processor.py:183} INFO - Processing /Users/admin/anaconda3/lib/python3.11/site-packages/airflow/example_dags/tutorial.py took 0.092 seconds
[2025-05-04T23:33:20.459+0300] {processor.py:161} INFO - Started process (PID=23235) to work on /Users/admin/anaconda3/lib/python3.11/site-packages/airflow/example_dags/tutorial.py
[2025-05-04T23:33:20.460+0300] {processor.py:830} INFO - Processing file /Users/admin/anaconda3/lib/python3.11/site-packages/airflow/example_dags/tutorial.py for tasks to queue
[2025-05-04T23:33:20.461+0300] {logging_mixin.py:188} INFO - [2025-05-04T23:33:20.461+0300] {dagbag.py:540} INFO - Filling up the DagBag from /Users/admin/anaconda3/lib/python3.11/site-packages/airflow/example_dags/tutorial.py
[2025-05-04T23:33:20.466+0300] {processor.py:840} INFO - DAG(s) 'tutorial' retrieved from /Users/admin/anaconda3/lib/python3.11/site-packages/airflow/example_dags/tutorial.py
[2025-05-04T23:33:20.528+0300] {logging_mixin.py:188} INFO - [2025-05-04T23:33:20.527+0300] {dag.py:3047} INFO - Sync 1 DAGs
[2025-05-04T23:33:20.538+0300] {logging_mixin.py:188} INFO - [2025-05-04T23:33:20.538+0300] {dag.py:3834} INFO - Setting next_dagrun for tutorial to 2025-05-03 00:00:00+00:00, run_after=2025-05-04 00:00:00+00:00
[2025-05-04T23:33:20.548+0300] {processor.py:183} INFO - Processing /Users/admin/anaconda3/lib/python3.11/site-packages/airflow/example_dags/tutorial.py took 0.089 seconds
[2025-05-04T23:34:51.557+0300] {processor.py:161} INFO - Started process (PID=23654) to work on /Users/admin/anaconda3/lib/python3.11/site-packages/airflow/example_dags/tutorial.py
[2025-05-04T23:34:51.558+0300] {processor.py:830} INFO - Processing file /Users/admin/anaconda3/lib/python3.11/site-packages/airflow/example_dags/tutorial.py for tasks to queue
[2025-05-04T23:34:51.558+0300] {logging_mixin.py:188} INFO - [2025-05-04T23:34:51.558+0300] {dagbag.py:540} INFO - Filling up the DagBag from /Users/admin/anaconda3/lib/python3.11/site-packages/airflow/example_dags/tutorial.py
[2025-05-04T23:34:51.564+0300] {processor.py:840} INFO - DAG(s) 'tutorial' retrieved from /Users/admin/anaconda3/lib/python3.11/site-packages/airflow/example_dags/tutorial.py
[2025-05-04T23:34:51.629+0300] {logging_mixin.py:188} INFO - [2025-05-04T23:34:51.629+0300] {dag.py:3047} INFO - Sync 1 DAGs
[2025-05-04T23:34:51.639+0300] {logging_mixin.py:188} INFO - [2025-05-04T23:34:51.639+0300] {dag.py:3834} INFO - Setting next_dagrun for tutorial to 2025-05-03 00:00:00+00:00, run_after=2025-05-04 00:00:00+00:00
[2025-05-04T23:34:51.649+0300] {processor.py:183} INFO - Processing /Users/admin/anaconda3/lib/python3.11/site-packages/airflow/example_dags/tutorial.py took 0.093 seconds
[2025-05-04T23:36:23.783+0300] {processor.py:161} INFO - Started process (PID=24106) to work on /Users/admin/anaconda3/lib/python3.11/site-packages/airflow/example_dags/tutorial.py
[2025-05-04T23:36:23.784+0300] {processor.py:830} INFO - Processing file /Users/admin/anaconda3/lib/python3.11/site-packages/airflow/example_dags/tutorial.py for tasks to queue
[2025-05-04T23:36:23.784+0300] {logging_mixin.py:188} INFO - [2025-05-04T23:36:23.784+0300] {dagbag.py:540} INFO - Filling up the DagBag from /Users/admin/anaconda3/lib/python3.11/site-packages/airflow/example_dags/tutorial.py
[2025-05-04T23:36:23.790+0300] {processor.py:840} INFO - DAG(s) 'tutorial' retrieved from /Users/admin/anaconda3/lib/python3.11/site-packages/airflow/example_dags/tutorial.py
[2025-05-04T23:36:23.852+0300] {logging_mixin.py:188} INFO - [2025-05-04T23:36:23.852+0300] {dag.py:3047} INFO - Sync 1 DAGs
[2025-05-04T23:36:23.862+0300] {logging_mixin.py:188} INFO - [2025-05-04T23:36:23.862+0300] {dag.py:3834} INFO - Setting next_dagrun for tutorial to 2025-05-03 00:00:00+00:00, run_after=2025-05-04 00:00:00+00:00
[2025-05-04T23:36:23.872+0300] {processor.py:183} INFO - Processing /Users/admin/anaconda3/lib/python3.11/site-packages/airflow/example_dags/tutorial.py took 0.089 seconds
[2025-05-04T23:37:53.619+0300] {processor.py:161} INFO - Started process (PID=24546) to work on /Users/admin/anaconda3/lib/python3.11/site-packages/airflow/example_dags/tutorial.py
[2025-05-04T23:37:53.621+0300] {processor.py:830} INFO - Processing file /Users/admin/anaconda3/lib/python3.11/site-packages/airflow/example_dags/tutorial.py for tasks to queue
[2025-05-04T23:37:53.621+0300] {logging_mixin.py:188} INFO - [2025-05-04T23:37:53.621+0300] {dagbag.py:540} INFO - Filling up the DagBag from /Users/admin/anaconda3/lib/python3.11/site-packages/airflow/example_dags/tutorial.py
[2025-05-04T23:37:53.626+0300] {processor.py:840} INFO - DAG(s) 'tutorial' retrieved from /Users/admin/anaconda3/lib/python3.11/site-packages/airflow/example_dags/tutorial.py
[2025-05-04T23:37:53.690+0300] {logging_mixin.py:188} INFO - [2025-05-04T23:37:53.690+0300] {dag.py:3047} INFO - Sync 1 DAGs
[2025-05-04T23:37:53.702+0300] {logging_mixin.py:188} INFO - [2025-05-04T23:37:53.701+0300] {dag.py:3834} INFO - Setting next_dagrun for tutorial to 2025-05-03 00:00:00+00:00, run_after=2025-05-04 00:00:00+00:00
[2025-05-04T23:37:53.713+0300] {processor.py:183} INFO - Processing /Users/admin/anaconda3/lib/python3.11/site-packages/airflow/example_dags/tutorial.py took 0.095 seconds
[2025-05-04T23:39:22.925+0300] {processor.py:161} INFO - Started process (PID=24960) to work on /Users/admin/anaconda3/lib/python3.11/site-packages/airflow/example_dags/tutorial.py
[2025-05-04T23:39:22.926+0300] {processor.py:830} INFO - Processing file /Users/admin/anaconda3/lib/python3.11/site-packages/airflow/example_dags/tutorial.py for tasks to queue
[2025-05-04T23:39:22.926+0300] {logging_mixin.py:188} INFO - [2025-05-04T23:39:22.926+0300] {dagbag.py:540} INFO - Filling up the DagBag from /Users/admin/anaconda3/lib/python3.11/site-packages/airflow/example_dags/tutorial.py
[2025-05-04T23:39:22.932+0300] {processor.py:840} INFO - DAG(s) 'tutorial' retrieved from /Users/admin/anaconda3/lib/python3.11/site-packages/airflow/example_dags/tutorial.py
[2025-05-04T23:39:22.994+0300] {logging_mixin.py:188} INFO - [2025-05-04T23:39:22.994+0300] {dag.py:3047} INFO - Sync 1 DAGs
[2025-05-04T23:39:23.004+0300] {logging_mixin.py:188} INFO - [2025-05-04T23:39:23.004+0300] {dag.py:3834} INFO - Setting next_dagrun for tutorial to 2025-05-03 00:00:00+00:00, run_after=2025-05-04 00:00:00+00:00
[2025-05-04T23:39:23.014+0300] {processor.py:183} INFO - Processing /Users/admin/anaconda3/lib/python3.11/site-packages/airflow/example_dags/tutorial.py took 0.090 seconds
[2025-05-04T23:41:05.278+0300] {processor.py:161} INFO - Started process (PID=25442) to work on /Users/admin/anaconda3/lib/python3.11/site-packages/airflow/example_dags/tutorial.py
[2025-05-04T23:41:05.280+0300] {processor.py:830} INFO - Processing file /Users/admin/anaconda3/lib/python3.11/site-packages/airflow/example_dags/tutorial.py for tasks to queue
[2025-05-04T23:41:05.280+0300] {logging_mixin.py:188} INFO - [2025-05-04T23:41:05.280+0300] {dagbag.py:540} INFO - Filling up the DagBag from /Users/admin/anaconda3/lib/python3.11/site-packages/airflow/example_dags/tutorial.py
[2025-05-04T23:41:05.286+0300] {processor.py:840} INFO - DAG(s) 'tutorial' retrieved from /Users/admin/anaconda3/lib/python3.11/site-packages/airflow/example_dags/tutorial.py
[2025-05-04T23:41:05.355+0300] {logging_mixin.py:188} INFO - [2025-05-04T23:41:05.355+0300] {dag.py:3047} INFO - Sync 1 DAGs
[2025-05-04T23:41:05.369+0300] {logging_mixin.py:188} INFO - [2025-05-04T23:41:05.369+0300] {dag.py:3834} INFO - Setting next_dagrun for tutorial to 2025-05-03 00:00:00+00:00, run_after=2025-05-04 00:00:00+00:00
[2025-05-04T23:41:05.384+0300] {processor.py:183} INFO - Processing /Users/admin/anaconda3/lib/python3.11/site-packages/airflow/example_dags/tutorial.py took 0.106 seconds
[2025-05-04T23:42:48.692+0300] {processor.py:161} INFO - Started process (PID=25918) to work on /Users/admin/anaconda3/lib/python3.11/site-packages/airflow/example_dags/tutorial.py
[2025-05-04T23:42:48.693+0300] {processor.py:830} INFO - Processing file /Users/admin/anaconda3/lib/python3.11/site-packages/airflow/example_dags/tutorial.py for tasks to queue
[2025-05-04T23:42:48.693+0300] {logging_mixin.py:188} INFO - [2025-05-04T23:42:48.693+0300] {dagbag.py:540} INFO - Filling up the DagBag from /Users/admin/anaconda3/lib/python3.11/site-packages/airflow/example_dags/tutorial.py
[2025-05-04T23:42:48.699+0300] {processor.py:840} INFO - DAG(s) 'tutorial' retrieved from /Users/admin/anaconda3/lib/python3.11/site-packages/airflow/example_dags/tutorial.py
[2025-05-04T23:42:48.761+0300] {logging_mixin.py:188} INFO - [2025-05-04T23:42:48.761+0300] {dag.py:3047} INFO - Sync 1 DAGs
[2025-05-04T23:42:48.770+0300] {logging_mixin.py:188} INFO - [2025-05-04T23:42:48.770+0300] {dag.py:3834} INFO - Setting next_dagrun for tutorial to 2025-05-03 00:00:00+00:00, run_after=2025-05-04 00:00:00+00:00
[2025-05-04T23:42:48.781+0300] {processor.py:183} INFO - Processing /Users/admin/anaconda3/lib/python3.11/site-packages/airflow/example_dags/tutorial.py took 0.090 seconds
[2025-05-04T23:44:32.415+0300] {processor.py:161} INFO - Started process (PID=26402) to work on /Users/admin/anaconda3/lib/python3.11/site-packages/airflow/example_dags/tutorial.py
[2025-05-04T23:44:32.416+0300] {processor.py:830} INFO - Processing file /Users/admin/anaconda3/lib/python3.11/site-packages/airflow/example_dags/tutorial.py for tasks to queue
[2025-05-04T23:44:32.417+0300] {logging_mixin.py:188} INFO - [2025-05-04T23:44:32.417+0300] {dagbag.py:540} INFO - Filling up the DagBag from /Users/admin/anaconda3/lib/python3.11/site-packages/airflow/example_dags/tutorial.py
[2025-05-04T23:44:32.422+0300] {processor.py:840} INFO - DAG(s) 'tutorial' retrieved from /Users/admin/anaconda3/lib/python3.11/site-packages/airflow/example_dags/tutorial.py
[2025-05-04T23:44:32.484+0300] {logging_mixin.py:188} INFO - [2025-05-04T23:44:32.484+0300] {dag.py:3047} INFO - Sync 1 DAGs
[2025-05-04T23:44:32.494+0300] {logging_mixin.py:188} INFO - [2025-05-04T23:44:32.494+0300] {dag.py:3834} INFO - Setting next_dagrun for tutorial to 2025-05-03 00:00:00+00:00, run_after=2025-05-04 00:00:00+00:00
[2025-05-04T23:44:32.504+0300] {processor.py:183} INFO - Processing /Users/admin/anaconda3/lib/python3.11/site-packages/airflow/example_dags/tutorial.py took 0.090 seconds
[2025-05-04T23:46:06.640+0300] {processor.py:161} INFO - Started process (PID=26836) to work on /Users/admin/anaconda3/lib/python3.11/site-packages/airflow/example_dags/tutorial.py
[2025-05-04T23:46:06.641+0300] {processor.py:830} INFO - Processing file /Users/admin/anaconda3/lib/python3.11/site-packages/airflow/example_dags/tutorial.py for tasks to queue
[2025-05-04T23:46:06.641+0300] {logging_mixin.py:188} INFO - [2025-05-04T23:46:06.641+0300] {dagbag.py:540} INFO - Filling up the DagBag from /Users/admin/anaconda3/lib/python3.11/site-packages/airflow/example_dags/tutorial.py
[2025-05-04T23:46:06.648+0300] {processor.py:840} INFO - DAG(s) 'tutorial' retrieved from /Users/admin/anaconda3/lib/python3.11/site-packages/airflow/example_dags/tutorial.py
[2025-05-04T23:46:06.709+0300] {logging_mixin.py:188} INFO - [2025-05-04T23:46:06.709+0300] {dag.py:3047} INFO - Sync 1 DAGs
[2025-05-04T23:46:06.719+0300] {logging_mixin.py:188} INFO - [2025-05-04T23:46:06.719+0300] {dag.py:3834} INFO - Setting next_dagrun for tutorial to 2025-05-03 00:00:00+00:00, run_after=2025-05-04 00:00:00+00:00
[2025-05-04T23:46:06.730+0300] {processor.py:183} INFO - Processing /Users/admin/anaconda3/lib/python3.11/site-packages/airflow/example_dags/tutorial.py took 0.091 seconds
[2025-05-04T23:47:37.146+0300] {processor.py:161} INFO - Started process (PID=27256) to work on /Users/admin/anaconda3/lib/python3.11/site-packages/airflow/example_dags/tutorial.py
[2025-05-04T23:47:37.147+0300] {processor.py:830} INFO - Processing file /Users/admin/anaconda3/lib/python3.11/site-packages/airflow/example_dags/tutorial.py for tasks to queue
[2025-05-04T23:47:37.148+0300] {logging_mixin.py:188} INFO - [2025-05-04T23:47:37.148+0300] {dagbag.py:540} INFO - Filling up the DagBag from /Users/admin/anaconda3/lib/python3.11/site-packages/airflow/example_dags/tutorial.py
[2025-05-04T23:47:37.153+0300] {processor.py:840} INFO - DAG(s) 'tutorial' retrieved from /Users/admin/anaconda3/lib/python3.11/site-packages/airflow/example_dags/tutorial.py
[2025-05-04T23:47:37.214+0300] {logging_mixin.py:188} INFO - [2025-05-04T23:47:37.214+0300] {dag.py:3047} INFO - Sync 1 DAGs
[2025-05-04T23:47:37.224+0300] {logging_mixin.py:188} INFO - [2025-05-04T23:47:37.224+0300] {dag.py:3834} INFO - Setting next_dagrun for tutorial to 2025-05-03 00:00:00+00:00, run_after=2025-05-04 00:00:00+00:00
[2025-05-04T23:47:37.234+0300] {processor.py:183} INFO - Processing /Users/admin/anaconda3/lib/python3.11/site-packages/airflow/example_dags/tutorial.py took 0.089 seconds
[2025-05-04T23:49:07.890+0300] {processor.py:161} INFO - Started process (PID=27684) to work on /Users/admin/anaconda3/lib/python3.11/site-packages/airflow/example_dags/tutorial.py
[2025-05-04T23:49:07.891+0300] {processor.py:830} INFO - Processing file /Users/admin/anaconda3/lib/python3.11/site-packages/airflow/example_dags/tutorial.py for tasks to queue
[2025-05-04T23:49:07.892+0300] {logging_mixin.py:188} INFO - [2025-05-04T23:49:07.892+0300] {dagbag.py:540} INFO - Filling up the DagBag from /Users/admin/anaconda3/lib/python3.11/site-packages/airflow/example_dags/tutorial.py
[2025-05-04T23:49:07.897+0300] {processor.py:840} INFO - DAG(s) 'tutorial' retrieved from /Users/admin/anaconda3/lib/python3.11/site-packages/airflow/example_dags/tutorial.py
[2025-05-04T23:49:07.959+0300] {logging_mixin.py:188} INFO - [2025-05-04T23:49:07.959+0300] {dag.py:3047} INFO - Sync 1 DAGs
[2025-05-04T23:49:07.968+0300] {logging_mixin.py:188} INFO - [2025-05-04T23:49:07.968+0300] {dag.py:3834} INFO - Setting next_dagrun for tutorial to 2025-05-03 00:00:00+00:00, run_after=2025-05-04 00:00:00+00:00
[2025-05-04T23:49:07.979+0300] {processor.py:183} INFO - Processing /Users/admin/anaconda3/lib/python3.11/site-packages/airflow/example_dags/tutorial.py took 0.089 seconds
[2025-05-04T23:50:34.825+0300] {processor.py:161} INFO - Started process (PID=28089) to work on /Users/admin/anaconda3/lib/python3.11/site-packages/airflow/example_dags/tutorial.py
[2025-05-04T23:50:34.826+0300] {processor.py:830} INFO - Processing file /Users/admin/anaconda3/lib/python3.11/site-packages/airflow/example_dags/tutorial.py for tasks to queue
[2025-05-04T23:50:34.827+0300] {logging_mixin.py:188} INFO - [2025-05-04T23:50:34.827+0300] {dagbag.py:540} INFO - Filling up the DagBag from /Users/admin/anaconda3/lib/python3.11/site-packages/airflow/example_dags/tutorial.py
[2025-05-04T23:50:34.833+0300] {processor.py:840} INFO - DAG(s) 'tutorial' retrieved from /Users/admin/anaconda3/lib/python3.11/site-packages/airflow/example_dags/tutorial.py
[2025-05-04T23:50:34.896+0300] {logging_mixin.py:188} INFO - [2025-05-04T23:50:34.895+0300] {dag.py:3047} INFO - Sync 1 DAGs
[2025-05-04T23:50:34.906+0300] {logging_mixin.py:188} INFO - [2025-05-04T23:50:34.906+0300] {dag.py:3834} INFO - Setting next_dagrun for tutorial to 2025-05-03 00:00:00+00:00, run_after=2025-05-04 00:00:00+00:00
[2025-05-04T23:50:34.916+0300] {processor.py:183} INFO - Processing /Users/admin/anaconda3/lib/python3.11/site-packages/airflow/example_dags/tutorial.py took 0.092 seconds
[2025-05-04T23:52:19.163+0300] {processor.py:161} INFO - Started process (PID=28578) to work on /Users/admin/anaconda3/lib/python3.11/site-packages/airflow/example_dags/tutorial.py
[2025-05-04T23:52:19.164+0300] {processor.py:830} INFO - Processing file /Users/admin/anaconda3/lib/python3.11/site-packages/airflow/example_dags/tutorial.py for tasks to queue
[2025-05-04T23:52:19.165+0300] {logging_mixin.py:188} INFO - [2025-05-04T23:52:19.165+0300] {dagbag.py:540} INFO - Filling up the DagBag from /Users/admin/anaconda3/lib/python3.11/site-packages/airflow/example_dags/tutorial.py
[2025-05-04T23:52:19.170+0300] {processor.py:840} INFO - DAG(s) 'tutorial' retrieved from /Users/admin/anaconda3/lib/python3.11/site-packages/airflow/example_dags/tutorial.py
[2025-05-04T23:52:19.232+0300] {logging_mixin.py:188} INFO - [2025-05-04T23:52:19.231+0300] {dag.py:3047} INFO - Sync 1 DAGs
[2025-05-04T23:52:19.242+0300] {logging_mixin.py:188} INFO - [2025-05-04T23:52:19.241+0300] {dag.py:3834} INFO - Setting next_dagrun for tutorial to 2025-05-03 00:00:00+00:00, run_after=2025-05-04 00:00:00+00:00
[2025-05-04T23:52:19.251+0300] {processor.py:183} INFO - Processing /Users/admin/anaconda3/lib/python3.11/site-packages/airflow/example_dags/tutorial.py took 0.089 seconds
[2025-05-04T23:58:16.423+0300] {processor.py:161} INFO - Started process (PID=29045) to work on /Users/admin/anaconda3/lib/python3.11/site-packages/airflow/example_dags/tutorial.py
[2025-05-04T23:58:16.425+0300] {processor.py:830} INFO - Processing file /Users/admin/anaconda3/lib/python3.11/site-packages/airflow/example_dags/tutorial.py for tasks to queue
[2025-05-04T23:58:16.425+0300] {logging_mixin.py:188} INFO - [2025-05-04T23:58:16.425+0300] {dagbag.py:540} INFO - Filling up the DagBag from /Users/admin/anaconda3/lib/python3.11/site-packages/airflow/example_dags/tutorial.py
[2025-05-04T23:58:16.430+0300] {processor.py:840} INFO - DAG(s) 'tutorial' retrieved from /Users/admin/anaconda3/lib/python3.11/site-packages/airflow/example_dags/tutorial.py
[2025-05-04T23:58:16.491+0300] {logging_mixin.py:188} INFO - [2025-05-04T23:58:16.491+0300] {dag.py:3047} INFO - Sync 1 DAGs
[2025-05-04T23:58:16.501+0300] {logging_mixin.py:188} INFO - [2025-05-04T23:58:16.501+0300] {dag.py:3834} INFO - Setting next_dagrun for tutorial to 2025-05-03 00:00:00+00:00, run_after=2025-05-04 00:00:00+00:00
[2025-05-04T23:58:16.511+0300] {processor.py:183} INFO - Processing /Users/admin/anaconda3/lib/python3.11/site-packages/airflow/example_dags/tutorial.py took 0.088 seconds
