[2025-05-04T22:10:51.449+0300] {processor.py:161} INFO - Started process (PID=14043) to work on /Users/admin/anaconda3/lib/python3.11/site-packages/airflow/example_dags/tutorial_dag.py
[2025-05-04T22:10:51.450+0300] {processor.py:830} INFO - Processing file /Users/admin/anaconda3/lib/python3.11/site-packages/airflow/example_dags/tutorial_dag.py for tasks to queue
[2025-05-04T22:10:51.450+0300] {logging_mixin.py:188} INFO - [2025-05-04T22:10:51.450+0300] {dagbag.py:540} INFO - Filling up the DagBag from /Users/admin/anaconda3/lib/python3.11/site-packages/airflow/example_dags/tutorial_dag.py
[2025-05-04T22:10:51.466+0300] {processor.py:840} INFO - DAG(s) 'tutorial_dag' retrieved from /Users/admin/anaconda3/lib/python3.11/site-packages/airflow/example_dags/tutorial_dag.py
[2025-05-04T22:10:51.573+0300] {logging_mixin.py:188} INFO - [2025-05-04T22:10:51.573+0300] {dag.py:3047} INFO - Sync 1 DAGs
[2025-05-04T22:10:51.579+0300] {logging_mixin.py:188} INFO - [2025-05-04T22:10:51.579+0300] {dag.py:3834} INFO - Setting next_dagrun for tutorial_dag to None, run_after=None
[2025-05-04T22:10:51.590+0300] {processor.py:183} INFO - Processing /Users/admin/anaconda3/lib/python3.11/site-packages/airflow/example_dags/tutorial_dag.py took 0.142 seconds
[2025-05-04T22:12:46.455+0300] {processor.py:161} INFO - Started process (PID=14624) to work on /Users/admin/anaconda3/lib/python3.11/site-packages/airflow/example_dags/tutorial_dag.py
[2025-05-04T22:12:46.456+0300] {processor.py:830} INFO - Processing file /Users/admin/anaconda3/lib/python3.11/site-packages/airflow/example_dags/tutorial_dag.py for tasks to queue
[2025-05-04T22:12:46.456+0300] {logging_mixin.py:188} INFO - [2025-05-04T22:12:46.456+0300] {dagbag.py:540} INFO - Filling up the DagBag from /Users/admin/anaconda3/lib/python3.11/site-packages/airflow/example_dags/tutorial_dag.py
[2025-05-04T22:12:46.471+0300] {processor.py:840} INFO - DAG(s) 'tutorial_dag' retrieved from /Users/admin/anaconda3/lib/python3.11/site-packages/airflow/example_dags/tutorial_dag.py
[2025-05-04T22:12:46.533+0300] {logging_mixin.py:188} INFO - [2025-05-04T22:12:46.532+0300] {dag.py:3047} INFO - Sync 1 DAGs
[2025-05-04T22:12:46.538+0300] {logging_mixin.py:188} INFO - [2025-05-04T22:12:46.538+0300] {dag.py:3834} INFO - Setting next_dagrun for tutorial_dag to None, run_after=None
[2025-05-04T22:12:46.550+0300] {processor.py:183} INFO - Processing /Users/admin/anaconda3/lib/python3.11/site-packages/airflow/example_dags/tutorial_dag.py took 0.096 seconds
[2025-05-04T22:14:08.626+0300] {processor.py:161} INFO - Started process (PID=15026) to work on /Users/admin/anaconda3/lib/python3.11/site-packages/airflow/example_dags/tutorial_dag.py
[2025-05-04T22:14:08.627+0300] {processor.py:830} INFO - Processing file /Users/admin/anaconda3/lib/python3.11/site-packages/airflow/example_dags/tutorial_dag.py for tasks to queue
[2025-05-04T22:14:08.627+0300] {logging_mixin.py:188} INFO - [2025-05-04T22:14:08.627+0300] {dagbag.py:540} INFO - Filling up the DagBag from /Users/admin/anaconda3/lib/python3.11/site-packages/airflow/example_dags/tutorial_dag.py
[2025-05-04T22:14:08.642+0300] {processor.py:840} INFO - DAG(s) 'tutorial_dag' retrieved from /Users/admin/anaconda3/lib/python3.11/site-packages/airflow/example_dags/tutorial_dag.py
[2025-05-04T22:14:08.702+0300] {logging_mixin.py:188} INFO - [2025-05-04T22:14:08.702+0300] {dag.py:3047} INFO - Sync 1 DAGs
[2025-05-04T22:14:08.708+0300] {logging_mixin.py:188} INFO - [2025-05-04T22:14:08.708+0300] {dag.py:3834} INFO - Setting next_dagrun for tutorial_dag to None, run_after=None
[2025-05-04T22:14:08.719+0300] {processor.py:183} INFO - Processing /Users/admin/anaconda3/lib/python3.11/site-packages/airflow/example_dags/tutorial_dag.py took 0.094 seconds
[2025-05-04T22:15:29.654+0300] {processor.py:161} INFO - Started process (PID=15404) to work on /Users/admin/anaconda3/lib/python3.11/site-packages/airflow/example_dags/tutorial_dag.py
[2025-05-04T22:15:29.655+0300] {processor.py:830} INFO - Processing file /Users/admin/anaconda3/lib/python3.11/site-packages/airflow/example_dags/tutorial_dag.py for tasks to queue
[2025-05-04T22:15:29.656+0300] {logging_mixin.py:188} INFO - [2025-05-04T22:15:29.656+0300] {dagbag.py:540} INFO - Filling up the DagBag from /Users/admin/anaconda3/lib/python3.11/site-packages/airflow/example_dags/tutorial_dag.py
[2025-05-04T22:15:29.670+0300] {processor.py:840} INFO - DAG(s) 'tutorial_dag' retrieved from /Users/admin/anaconda3/lib/python3.11/site-packages/airflow/example_dags/tutorial_dag.py
[2025-05-04T22:15:29.730+0300] {logging_mixin.py:188} INFO - [2025-05-04T22:15:29.730+0300] {dag.py:3047} INFO - Sync 1 DAGs
[2025-05-04T22:15:29.735+0300] {logging_mixin.py:188} INFO - [2025-05-04T22:15:29.735+0300] {dag.py:3834} INFO - Setting next_dagrun for tutorial_dag to None, run_after=None
[2025-05-04T22:15:29.745+0300] {processor.py:183} INFO - Processing /Users/admin/anaconda3/lib/python3.11/site-packages/airflow/example_dags/tutorial_dag.py took 0.092 seconds
[2025-05-04T22:16:53.126+0300] {processor.py:161} INFO - Started process (PID=15807) to work on /Users/admin/anaconda3/lib/python3.11/site-packages/airflow/example_dags/tutorial_dag.py
[2025-05-04T22:16:53.127+0300] {processor.py:830} INFO - Processing file /Users/admin/anaconda3/lib/python3.11/site-packages/airflow/example_dags/tutorial_dag.py for tasks to queue
[2025-05-04T22:16:53.128+0300] {logging_mixin.py:188} INFO - [2025-05-04T22:16:53.128+0300] {dagbag.py:540} INFO - Filling up the DagBag from /Users/admin/anaconda3/lib/python3.11/site-packages/airflow/example_dags/tutorial_dag.py
[2025-05-04T22:16:53.143+0300] {processor.py:840} INFO - DAG(s) 'tutorial_dag' retrieved from /Users/admin/anaconda3/lib/python3.11/site-packages/airflow/example_dags/tutorial_dag.py
[2025-05-04T22:16:53.202+0300] {logging_mixin.py:188} INFO - [2025-05-04T22:16:53.202+0300] {dag.py:3047} INFO - Sync 1 DAGs
[2025-05-04T22:16:53.207+0300] {logging_mixin.py:188} INFO - [2025-05-04T22:16:53.207+0300] {dag.py:3834} INFO - Setting next_dagrun for tutorial_dag to None, run_after=None
[2025-05-04T22:16:53.217+0300] {processor.py:183} INFO - Processing /Users/admin/anaconda3/lib/python3.11/site-packages/airflow/example_dags/tutorial_dag.py took 0.092 seconds
[2025-05-04T22:18:19.010+0300] {processor.py:161} INFO - Started process (PID=16214) to work on /Users/admin/anaconda3/lib/python3.11/site-packages/airflow/example_dags/tutorial_dag.py
[2025-05-04T22:18:19.011+0300] {processor.py:830} INFO - Processing file /Users/admin/anaconda3/lib/python3.11/site-packages/airflow/example_dags/tutorial_dag.py for tasks to queue
[2025-05-04T22:18:19.012+0300] {logging_mixin.py:188} INFO - [2025-05-04T22:18:19.012+0300] {dagbag.py:540} INFO - Filling up the DagBag from /Users/admin/anaconda3/lib/python3.11/site-packages/airflow/example_dags/tutorial_dag.py
[2025-05-04T22:18:19.027+0300] {processor.py:840} INFO - DAG(s) 'tutorial_dag' retrieved from /Users/admin/anaconda3/lib/python3.11/site-packages/airflow/example_dags/tutorial_dag.py
[2025-05-04T22:18:19.086+0300] {logging_mixin.py:188} INFO - [2025-05-04T22:18:19.086+0300] {dag.py:3047} INFO - Sync 1 DAGs
[2025-05-04T22:18:19.091+0300] {logging_mixin.py:188} INFO - [2025-05-04T22:18:19.091+0300] {dag.py:3834} INFO - Setting next_dagrun for tutorial_dag to None, run_after=None
[2025-05-04T22:18:19.102+0300] {processor.py:183} INFO - Processing /Users/admin/anaconda3/lib/python3.11/site-packages/airflow/example_dags/tutorial_dag.py took 0.092 seconds
[2025-05-04T22:26:34.177+0300] {processor.py:161} INFO - Started process (PID=16659) to work on /Users/admin/anaconda3/lib/python3.11/site-packages/airflow/example_dags/tutorial_dag.py
[2025-05-04T22:26:34.179+0300] {processor.py:830} INFO - Processing file /Users/admin/anaconda3/lib/python3.11/site-packages/airflow/example_dags/tutorial_dag.py for tasks to queue
[2025-05-04T22:26:34.179+0300] {logging_mixin.py:188} INFO - [2025-05-04T22:26:34.179+0300] {dagbag.py:540} INFO - Filling up the DagBag from /Users/admin/anaconda3/lib/python3.11/site-packages/airflow/example_dags/tutorial_dag.py
[2025-05-04T22:26:34.194+0300] {processor.py:840} INFO - DAG(s) 'tutorial_dag' retrieved from /Users/admin/anaconda3/lib/python3.11/site-packages/airflow/example_dags/tutorial_dag.py
[2025-05-04T22:26:34.254+0300] {logging_mixin.py:188} INFO - [2025-05-04T22:26:34.254+0300] {dag.py:3047} INFO - Sync 1 DAGs
[2025-05-04T22:26:34.259+0300] {logging_mixin.py:188} INFO - [2025-05-04T22:26:34.259+0300] {dag.py:3834} INFO - Setting next_dagrun for tutorial_dag to None, run_after=None
[2025-05-04T22:26:34.269+0300] {processor.py:183} INFO - Processing /Users/admin/anaconda3/lib/python3.11/site-packages/airflow/example_dags/tutorial_dag.py took 0.093 seconds
[2025-05-04T22:27:56.616+0300] {processor.py:161} INFO - Started process (PID=17039) to work on /Users/admin/anaconda3/lib/python3.11/site-packages/airflow/example_dags/tutorial_dag.py
[2025-05-04T22:27:56.617+0300] {processor.py:830} INFO - Processing file /Users/admin/anaconda3/lib/python3.11/site-packages/airflow/example_dags/tutorial_dag.py for tasks to queue
[2025-05-04T22:27:56.618+0300] {logging_mixin.py:188} INFO - [2025-05-04T22:27:56.617+0300] {dagbag.py:540} INFO - Filling up the DagBag from /Users/admin/anaconda3/lib/python3.11/site-packages/airflow/example_dags/tutorial_dag.py
[2025-05-04T22:27:56.632+0300] {processor.py:840} INFO - DAG(s) 'tutorial_dag' retrieved from /Users/admin/anaconda3/lib/python3.11/site-packages/airflow/example_dags/tutorial_dag.py
[2025-05-04T22:27:56.692+0300] {logging_mixin.py:188} INFO - [2025-05-04T22:27:56.692+0300] {dag.py:3047} INFO - Sync 1 DAGs
[2025-05-04T22:27:56.697+0300] {logging_mixin.py:188} INFO - [2025-05-04T22:27:56.697+0300] {dag.py:3834} INFO - Setting next_dagrun for tutorial_dag to None, run_after=None
[2025-05-04T22:27:56.708+0300] {processor.py:183} INFO - Processing /Users/admin/anaconda3/lib/python3.11/site-packages/airflow/example_dags/tutorial_dag.py took 0.093 seconds
[2025-05-04T22:29:18.516+0300] {processor.py:161} INFO - Started process (PID=17427) to work on /Users/admin/anaconda3/lib/python3.11/site-packages/airflow/example_dags/tutorial_dag.py
[2025-05-04T22:29:18.517+0300] {processor.py:830} INFO - Processing file /Users/admin/anaconda3/lib/python3.11/site-packages/airflow/example_dags/tutorial_dag.py for tasks to queue
[2025-05-04T22:29:18.517+0300] {logging_mixin.py:188} INFO - [2025-05-04T22:29:18.517+0300] {dagbag.py:540} INFO - Filling up the DagBag from /Users/admin/anaconda3/lib/python3.11/site-packages/airflow/example_dags/tutorial_dag.py
[2025-05-04T22:29:18.532+0300] {processor.py:840} INFO - DAG(s) 'tutorial_dag' retrieved from /Users/admin/anaconda3/lib/python3.11/site-packages/airflow/example_dags/tutorial_dag.py
[2025-05-04T22:29:18.592+0300] {logging_mixin.py:188} INFO - [2025-05-04T22:29:18.591+0300] {dag.py:3047} INFO - Sync 1 DAGs
[2025-05-04T22:29:18.597+0300] {logging_mixin.py:188} INFO - [2025-05-04T22:29:18.596+0300] {dag.py:3834} INFO - Setting next_dagrun for tutorial_dag to None, run_after=None
[2025-05-04T22:29:18.607+0300] {processor.py:183} INFO - Processing /Users/admin/anaconda3/lib/python3.11/site-packages/airflow/example_dags/tutorial_dag.py took 0.092 seconds
[2025-05-04T22:30:39.918+0300] {processor.py:161} INFO - Started process (PID=17823) to work on /Users/admin/anaconda3/lib/python3.11/site-packages/airflow/example_dags/tutorial_dag.py
[2025-05-04T22:30:39.920+0300] {processor.py:830} INFO - Processing file /Users/admin/anaconda3/lib/python3.11/site-packages/airflow/example_dags/tutorial_dag.py for tasks to queue
[2025-05-04T22:30:39.920+0300] {logging_mixin.py:188} INFO - [2025-05-04T22:30:39.920+0300] {dagbag.py:540} INFO - Filling up the DagBag from /Users/admin/anaconda3/lib/python3.11/site-packages/airflow/example_dags/tutorial_dag.py
[2025-05-04T22:30:39.935+0300] {processor.py:840} INFO - DAG(s) 'tutorial_dag' retrieved from /Users/admin/anaconda3/lib/python3.11/site-packages/airflow/example_dags/tutorial_dag.py
[2025-05-04T22:30:39.994+0300] {logging_mixin.py:188} INFO - [2025-05-04T22:30:39.993+0300] {dag.py:3047} INFO - Sync 1 DAGs
[2025-05-04T22:30:39.999+0300] {logging_mixin.py:188} INFO - [2025-05-04T22:30:39.998+0300] {dag.py:3834} INFO - Setting next_dagrun for tutorial_dag to None, run_after=None
[2025-05-04T22:30:40.009+0300] {processor.py:183} INFO - Processing /Users/admin/anaconda3/lib/python3.11/site-packages/airflow/example_dags/tutorial_dag.py took 0.091 seconds
[2025-05-04T23:15:55.463+0300] {processor.py:161} INFO - Started process (PID=18272) to work on /Users/admin/anaconda3/lib/python3.11/site-packages/airflow/example_dags/tutorial_dag.py
[2025-05-04T23:15:55.465+0300] {processor.py:830} INFO - Processing file /Users/admin/anaconda3/lib/python3.11/site-packages/airflow/example_dags/tutorial_dag.py for tasks to queue
[2025-05-04T23:15:55.466+0300] {logging_mixin.py:188} INFO - [2025-05-04T23:15:55.466+0300] {dagbag.py:540} INFO - Filling up the DagBag from /Users/admin/anaconda3/lib/python3.11/site-packages/airflow/example_dags/tutorial_dag.py
[2025-05-04T23:15:55.503+0300] {processor.py:840} INFO - DAG(s) 'tutorial_dag' retrieved from /Users/admin/anaconda3/lib/python3.11/site-packages/airflow/example_dags/tutorial_dag.py
[2025-05-04T23:15:55.697+0300] {logging_mixin.py:188} INFO - [2025-05-04T23:15:55.697+0300] {dag.py:3047} INFO - Sync 1 DAGs
[2025-05-04T23:15:55.714+0300] {logging_mixin.py:188} INFO - [2025-05-04T23:15:55.713+0300] {dag.py:3834} INFO - Setting next_dagrun for tutorial_dag to None, run_after=None
[2025-05-04T23:15:55.738+0300] {processor.py:183} INFO - Processing /Users/admin/anaconda3/lib/python3.11/site-packages/airflow/example_dags/tutorial_dag.py took 0.276 seconds
[2025-05-04T23:17:20.141+0300] {processor.py:161} INFO - Started process (PID=18700) to work on /Users/admin/anaconda3/lib/python3.11/site-packages/airflow/example_dags/tutorial_dag.py
[2025-05-04T23:17:20.142+0300] {processor.py:830} INFO - Processing file /Users/admin/anaconda3/lib/python3.11/site-packages/airflow/example_dags/tutorial_dag.py for tasks to queue
[2025-05-04T23:17:20.143+0300] {logging_mixin.py:188} INFO - [2025-05-04T23:17:20.143+0300] {dagbag.py:540} INFO - Filling up the DagBag from /Users/admin/anaconda3/lib/python3.11/site-packages/airflow/example_dags/tutorial_dag.py
[2025-05-04T23:17:20.158+0300] {processor.py:840} INFO - DAG(s) 'tutorial_dag' retrieved from /Users/admin/anaconda3/lib/python3.11/site-packages/airflow/example_dags/tutorial_dag.py
[2025-05-04T23:17:20.218+0300] {logging_mixin.py:188} INFO - [2025-05-04T23:17:20.217+0300] {dag.py:3047} INFO - Sync 1 DAGs
[2025-05-04T23:17:20.223+0300] {logging_mixin.py:188} INFO - [2025-05-04T23:17:20.223+0300] {dag.py:3834} INFO - Setting next_dagrun for tutorial_dag to None, run_after=None
[2025-05-04T23:17:20.233+0300] {processor.py:183} INFO - Processing /Users/admin/anaconda3/lib/python3.11/site-packages/airflow/example_dags/tutorial_dag.py took 0.093 seconds
[2025-05-04T23:18:43.296+0300] {processor.py:161} INFO - Started process (PID=19092) to work on /Users/admin/anaconda3/lib/python3.11/site-packages/airflow/example_dags/tutorial_dag.py
[2025-05-04T23:18:43.297+0300] {processor.py:830} INFO - Processing file /Users/admin/anaconda3/lib/python3.11/site-packages/airflow/example_dags/tutorial_dag.py for tasks to queue
[2025-05-04T23:18:43.298+0300] {logging_mixin.py:188} INFO - [2025-05-04T23:18:43.298+0300] {dagbag.py:540} INFO - Filling up the DagBag from /Users/admin/anaconda3/lib/python3.11/site-packages/airflow/example_dags/tutorial_dag.py
[2025-05-04T23:18:43.312+0300] {processor.py:840} INFO - DAG(s) 'tutorial_dag' retrieved from /Users/admin/anaconda3/lib/python3.11/site-packages/airflow/example_dags/tutorial_dag.py
[2025-05-04T23:18:43.372+0300] {logging_mixin.py:188} INFO - [2025-05-04T23:18:43.372+0300] {dag.py:3047} INFO - Sync 1 DAGs
[2025-05-04T23:18:43.377+0300] {logging_mixin.py:188} INFO - [2025-05-04T23:18:43.377+0300] {dag.py:3834} INFO - Setting next_dagrun for tutorial_dag to None, run_after=None
[2025-05-04T23:18:43.387+0300] {processor.py:183} INFO - Processing /Users/admin/anaconda3/lib/python3.11/site-packages/airflow/example_dags/tutorial_dag.py took 0.092 seconds
[2025-05-04T23:20:04.912+0300] {processor.py:161} INFO - Started process (PID=19478) to work on /Users/admin/anaconda3/lib/python3.11/site-packages/airflow/example_dags/tutorial_dag.py
[2025-05-04T23:20:04.913+0300] {processor.py:830} INFO - Processing file /Users/admin/anaconda3/lib/python3.11/site-packages/airflow/example_dags/tutorial_dag.py for tasks to queue
[2025-05-04T23:20:04.913+0300] {logging_mixin.py:188} INFO - [2025-05-04T23:20:04.913+0300] {dagbag.py:540} INFO - Filling up the DagBag from /Users/admin/anaconda3/lib/python3.11/site-packages/airflow/example_dags/tutorial_dag.py
[2025-05-04T23:20:04.928+0300] {processor.py:840} INFO - DAG(s) 'tutorial_dag' retrieved from /Users/admin/anaconda3/lib/python3.11/site-packages/airflow/example_dags/tutorial_dag.py
[2025-05-04T23:20:04.988+0300] {logging_mixin.py:188} INFO - [2025-05-04T23:20:04.988+0300] {dag.py:3047} INFO - Sync 1 DAGs
[2025-05-04T23:20:04.993+0300] {logging_mixin.py:188} INFO - [2025-05-04T23:20:04.993+0300] {dag.py:3834} INFO - Setting next_dagrun for tutorial_dag to None, run_after=None
[2025-05-04T23:20:05.004+0300] {processor.py:183} INFO - Processing /Users/admin/anaconda3/lib/python3.11/site-packages/airflow/example_dags/tutorial_dag.py took 0.093 seconds
[2025-05-04T23:21:32.036+0300] {processor.py:161} INFO - Started process (PID=19886) to work on /Users/admin/anaconda3/lib/python3.11/site-packages/airflow/example_dags/tutorial_dag.py
[2025-05-04T23:21:32.037+0300] {processor.py:830} INFO - Processing file /Users/admin/anaconda3/lib/python3.11/site-packages/airflow/example_dags/tutorial_dag.py for tasks to queue
[2025-05-04T23:21:32.037+0300] {logging_mixin.py:188} INFO - [2025-05-04T23:21:32.037+0300] {dagbag.py:540} INFO - Filling up the DagBag from /Users/admin/anaconda3/lib/python3.11/site-packages/airflow/example_dags/tutorial_dag.py
[2025-05-04T23:21:32.054+0300] {processor.py:840} INFO - DAG(s) 'tutorial_dag' retrieved from /Users/admin/anaconda3/lib/python3.11/site-packages/airflow/example_dags/tutorial_dag.py
[2025-05-04T23:21:32.116+0300] {logging_mixin.py:188} INFO - [2025-05-04T23:21:32.116+0300] {dag.py:3047} INFO - Sync 1 DAGs
[2025-05-04T23:21:32.121+0300] {logging_mixin.py:188} INFO - [2025-05-04T23:21:32.121+0300] {dag.py:3834} INFO - Setting next_dagrun for tutorial_dag to None, run_after=None
[2025-05-04T23:21:32.131+0300] {processor.py:183} INFO - Processing /Users/admin/anaconda3/lib/python3.11/site-packages/airflow/example_dags/tutorial_dag.py took 0.096 seconds
[2025-05-04T23:23:03.558+0300] {processor.py:161} INFO - Started process (PID=20315) to work on /Users/admin/anaconda3/lib/python3.11/site-packages/airflow/example_dags/tutorial_dag.py
[2025-05-04T23:23:03.559+0300] {processor.py:830} INFO - Processing file /Users/admin/anaconda3/lib/python3.11/site-packages/airflow/example_dags/tutorial_dag.py for tasks to queue
[2025-05-04T23:23:03.560+0300] {logging_mixin.py:188} INFO - [2025-05-04T23:23:03.559+0300] {dagbag.py:540} INFO - Filling up the DagBag from /Users/admin/anaconda3/lib/python3.11/site-packages/airflow/example_dags/tutorial_dag.py
[2025-05-04T23:23:03.575+0300] {processor.py:840} INFO - DAG(s) 'tutorial_dag' retrieved from /Users/admin/anaconda3/lib/python3.11/site-packages/airflow/example_dags/tutorial_dag.py
[2025-05-04T23:23:03.649+0300] {logging_mixin.py:188} INFO - [2025-05-04T23:23:03.648+0300] {dag.py:3047} INFO - Sync 1 DAGs
[2025-05-04T23:23:03.656+0300] {logging_mixin.py:188} INFO - [2025-05-04T23:23:03.655+0300] {dag.py:3834} INFO - Setting next_dagrun for tutorial_dag to None, run_after=None
[2025-05-04T23:23:03.670+0300] {processor.py:183} INFO - Processing /Users/admin/anaconda3/lib/python3.11/site-packages/airflow/example_dags/tutorial_dag.py took 0.113 seconds
[2025-05-04T23:24:28.949+0300] {processor.py:161} INFO - Started process (PID=20713) to work on /Users/admin/anaconda3/lib/python3.11/site-packages/airflow/example_dags/tutorial_dag.py
[2025-05-04T23:24:28.950+0300] {processor.py:830} INFO - Processing file /Users/admin/anaconda3/lib/python3.11/site-packages/airflow/example_dags/tutorial_dag.py for tasks to queue
[2025-05-04T23:24:28.951+0300] {logging_mixin.py:188} INFO - [2025-05-04T23:24:28.951+0300] {dagbag.py:540} INFO - Filling up the DagBag from /Users/admin/anaconda3/lib/python3.11/site-packages/airflow/example_dags/tutorial_dag.py
[2025-05-04T23:24:28.966+0300] {processor.py:840} INFO - DAG(s) 'tutorial_dag' retrieved from /Users/admin/anaconda3/lib/python3.11/site-packages/airflow/example_dags/tutorial_dag.py
[2025-05-04T23:24:29.025+0300] {logging_mixin.py:188} INFO - [2025-05-04T23:24:29.025+0300] {dag.py:3047} INFO - Sync 1 DAGs
[2025-05-04T23:24:29.030+0300] {logging_mixin.py:188} INFO - [2025-05-04T23:24:29.030+0300] {dag.py:3834} INFO - Setting next_dagrun for tutorial_dag to None, run_after=None
[2025-05-04T23:24:29.041+0300] {processor.py:183} INFO - Processing /Users/admin/anaconda3/lib/python3.11/site-packages/airflow/example_dags/tutorial_dag.py took 0.093 seconds
[2025-05-04T23:25:56.119+0300] {processor.py:161} INFO - Started process (PID=21123) to work on /Users/admin/anaconda3/lib/python3.11/site-packages/airflow/example_dags/tutorial_dag.py
[2025-05-04T23:25:56.119+0300] {processor.py:830} INFO - Processing file /Users/admin/anaconda3/lib/python3.11/site-packages/airflow/example_dags/tutorial_dag.py for tasks to queue
[2025-05-04T23:25:56.120+0300] {logging_mixin.py:188} INFO - [2025-05-04T23:25:56.120+0300] {dagbag.py:540} INFO - Filling up the DagBag from /Users/admin/anaconda3/lib/python3.11/site-packages/airflow/example_dags/tutorial_dag.py
[2025-05-04T23:25:56.135+0300] {processor.py:840} INFO - DAG(s) 'tutorial_dag' retrieved from /Users/admin/anaconda3/lib/python3.11/site-packages/airflow/example_dags/tutorial_dag.py
[2025-05-04T23:25:56.194+0300] {logging_mixin.py:188} INFO - [2025-05-04T23:25:56.194+0300] {dag.py:3047} INFO - Sync 1 DAGs
[2025-05-04T23:25:56.199+0300] {logging_mixin.py:188} INFO - [2025-05-04T23:25:56.199+0300] {dag.py:3834} INFO - Setting next_dagrun for tutorial_dag to None, run_after=None
[2025-05-04T23:25:56.214+0300] {processor.py:183} INFO - Processing /Users/admin/anaconda3/lib/python3.11/site-packages/airflow/example_dags/tutorial_dag.py took 0.096 seconds
[2025-05-04T23:27:22.635+0300] {processor.py:161} INFO - Started process (PID=21532) to work on /Users/admin/anaconda3/lib/python3.11/site-packages/airflow/example_dags/tutorial_dag.py
[2025-05-04T23:27:22.637+0300] {processor.py:830} INFO - Processing file /Users/admin/anaconda3/lib/python3.11/site-packages/airflow/example_dags/tutorial_dag.py for tasks to queue
[2025-05-04T23:27:22.637+0300] {logging_mixin.py:188} INFO - [2025-05-04T23:27:22.637+0300] {dagbag.py:540} INFO - Filling up the DagBag from /Users/admin/anaconda3/lib/python3.11/site-packages/airflow/example_dags/tutorial_dag.py
[2025-05-04T23:27:22.652+0300] {processor.py:840} INFO - DAG(s) 'tutorial_dag' retrieved from /Users/admin/anaconda3/lib/python3.11/site-packages/airflow/example_dags/tutorial_dag.py
[2025-05-04T23:27:22.711+0300] {logging_mixin.py:188} INFO - [2025-05-04T23:27:22.711+0300] {dag.py:3047} INFO - Sync 1 DAGs
[2025-05-04T23:27:22.716+0300] {logging_mixin.py:188} INFO - [2025-05-04T23:27:22.716+0300] {dag.py:3834} INFO - Setting next_dagrun for tutorial_dag to None, run_after=None
[2025-05-04T23:27:22.726+0300] {processor.py:183} INFO - Processing /Users/admin/anaconda3/lib/python3.11/site-packages/airflow/example_dags/tutorial_dag.py took 0.091 seconds
[2025-05-04T23:28:51.205+0300] {processor.py:161} INFO - Started process (PID=21952) to work on /Users/admin/anaconda3/lib/python3.11/site-packages/airflow/example_dags/tutorial_dag.py
[2025-05-04T23:28:51.206+0300] {processor.py:830} INFO - Processing file /Users/admin/anaconda3/lib/python3.11/site-packages/airflow/example_dags/tutorial_dag.py for tasks to queue
[2025-05-04T23:28:51.207+0300] {logging_mixin.py:188} INFO - [2025-05-04T23:28:51.207+0300] {dagbag.py:540} INFO - Filling up the DagBag from /Users/admin/anaconda3/lib/python3.11/site-packages/airflow/example_dags/tutorial_dag.py
[2025-05-04T23:28:51.222+0300] {processor.py:840} INFO - DAG(s) 'tutorial_dag' retrieved from /Users/admin/anaconda3/lib/python3.11/site-packages/airflow/example_dags/tutorial_dag.py
[2025-05-04T23:28:51.281+0300] {logging_mixin.py:188} INFO - [2025-05-04T23:28:51.281+0300] {dag.py:3047} INFO - Sync 1 DAGs
[2025-05-04T23:28:51.287+0300] {logging_mixin.py:188} INFO - [2025-05-04T23:28:51.286+0300] {dag.py:3834} INFO - Setting next_dagrun for tutorial_dag to None, run_after=None
[2025-05-04T23:28:51.297+0300] {processor.py:183} INFO - Processing /Users/admin/anaconda3/lib/python3.11/site-packages/airflow/example_dags/tutorial_dag.py took 0.092 seconds
[2025-05-04T23:30:18.019+0300] {processor.py:161} INFO - Started process (PID=22383) to work on /Users/admin/anaconda3/lib/python3.11/site-packages/airflow/example_dags/tutorial_dag.py
[2025-05-04T23:30:18.020+0300] {processor.py:830} INFO - Processing file /Users/admin/anaconda3/lib/python3.11/site-packages/airflow/example_dags/tutorial_dag.py for tasks to queue
[2025-05-04T23:30:18.020+0300] {logging_mixin.py:188} INFO - [2025-05-04T23:30:18.020+0300] {dagbag.py:540} INFO - Filling up the DagBag from /Users/admin/anaconda3/lib/python3.11/site-packages/airflow/example_dags/tutorial_dag.py
[2025-05-04T23:30:18.035+0300] {processor.py:840} INFO - DAG(s) 'tutorial_dag' retrieved from /Users/admin/anaconda3/lib/python3.11/site-packages/airflow/example_dags/tutorial_dag.py
[2025-05-04T23:30:18.095+0300] {logging_mixin.py:188} INFO - [2025-05-04T23:30:18.095+0300] {dag.py:3047} INFO - Sync 1 DAGs
[2025-05-04T23:30:18.100+0300] {logging_mixin.py:188} INFO - [2025-05-04T23:30:18.100+0300] {dag.py:3834} INFO - Setting next_dagrun for tutorial_dag to None, run_after=None
[2025-05-04T23:30:18.110+0300] {processor.py:183} INFO - Processing /Users/admin/anaconda3/lib/python3.11/site-packages/airflow/example_dags/tutorial_dag.py took 0.092 seconds
[2025-05-04T23:31:50.365+0300] {processor.py:161} INFO - Started process (PID=22808) to work on /Users/admin/anaconda3/lib/python3.11/site-packages/airflow/example_dags/tutorial_dag.py
[2025-05-04T23:31:50.367+0300] {processor.py:830} INFO - Processing file /Users/admin/anaconda3/lib/python3.11/site-packages/airflow/example_dags/tutorial_dag.py for tasks to queue
[2025-05-04T23:31:50.368+0300] {logging_mixin.py:188} INFO - [2025-05-04T23:31:50.367+0300] {dagbag.py:540} INFO - Filling up the DagBag from /Users/admin/anaconda3/lib/python3.11/site-packages/airflow/example_dags/tutorial_dag.py
[2025-05-04T23:31:50.384+0300] {processor.py:840} INFO - DAG(s) 'tutorial_dag' retrieved from /Users/admin/anaconda3/lib/python3.11/site-packages/airflow/example_dags/tutorial_dag.py
[2025-05-04T23:31:50.448+0300] {logging_mixin.py:188} INFO - [2025-05-04T23:31:50.448+0300] {dag.py:3047} INFO - Sync 1 DAGs
[2025-05-04T23:31:50.453+0300] {logging_mixin.py:188} INFO - [2025-05-04T23:31:50.453+0300] {dag.py:3834} INFO - Setting next_dagrun for tutorial_dag to None, run_after=None
[2025-05-04T23:31:50.464+0300] {processor.py:183} INFO - Processing /Users/admin/anaconda3/lib/python3.11/site-packages/airflow/example_dags/tutorial_dag.py took 0.100 seconds
[2025-05-04T23:33:18.967+0300] {processor.py:161} INFO - Started process (PID=23226) to work on /Users/admin/anaconda3/lib/python3.11/site-packages/airflow/example_dags/tutorial_dag.py
[2025-05-04T23:33:18.969+0300] {processor.py:830} INFO - Processing file /Users/admin/anaconda3/lib/python3.11/site-packages/airflow/example_dags/tutorial_dag.py for tasks to queue
[2025-05-04T23:33:18.969+0300] {logging_mixin.py:188} INFO - [2025-05-04T23:33:18.969+0300] {dagbag.py:540} INFO - Filling up the DagBag from /Users/admin/anaconda3/lib/python3.11/site-packages/airflow/example_dags/tutorial_dag.py
[2025-05-04T23:33:18.984+0300] {processor.py:840} INFO - DAG(s) 'tutorial_dag' retrieved from /Users/admin/anaconda3/lib/python3.11/site-packages/airflow/example_dags/tutorial_dag.py
[2025-05-04T23:33:19.045+0300] {logging_mixin.py:188} INFO - [2025-05-04T23:33:19.045+0300] {dag.py:3047} INFO - Sync 1 DAGs
[2025-05-04T23:33:19.050+0300] {logging_mixin.py:188} INFO - [2025-05-04T23:33:19.050+0300] {dag.py:3834} INFO - Setting next_dagrun for tutorial_dag to None, run_after=None
[2025-05-04T23:33:19.061+0300] {processor.py:183} INFO - Processing /Users/admin/anaconda3/lib/python3.11/site-packages/airflow/example_dags/tutorial_dag.py took 0.094 seconds
[2025-05-04T23:34:48.766+0300] {processor.py:161} INFO - Started process (PID=23641) to work on /Users/admin/anaconda3/lib/python3.11/site-packages/airflow/example_dags/tutorial_dag.py
[2025-05-04T23:34:48.768+0300] {processor.py:830} INFO - Processing file /Users/admin/anaconda3/lib/python3.11/site-packages/airflow/example_dags/tutorial_dag.py for tasks to queue
[2025-05-04T23:34:48.769+0300] {logging_mixin.py:188} INFO - [2025-05-04T23:34:48.768+0300] {dagbag.py:540} INFO - Filling up the DagBag from /Users/admin/anaconda3/lib/python3.11/site-packages/airflow/example_dags/tutorial_dag.py
[2025-05-04T23:34:48.808+0300] {processor.py:840} INFO - DAG(s) 'tutorial_dag' retrieved from /Users/admin/anaconda3/lib/python3.11/site-packages/airflow/example_dags/tutorial_dag.py
[2025-05-04T23:34:48.918+0300] {logging_mixin.py:188} INFO - [2025-05-04T23:34:48.918+0300] {dag.py:3047} INFO - Sync 1 DAGs
[2025-05-04T23:34:48.929+0300] {logging_mixin.py:188} INFO - [2025-05-04T23:34:48.928+0300] {dag.py:3834} INFO - Setting next_dagrun for tutorial_dag to None, run_after=None
[2025-05-04T23:34:48.948+0300] {processor.py:183} INFO - Processing /Users/admin/anaconda3/lib/python3.11/site-packages/airflow/example_dags/tutorial_dag.py took 0.184 seconds
[2025-05-04T23:36:22.321+0300] {processor.py:161} INFO - Started process (PID=24097) to work on /Users/admin/anaconda3/lib/python3.11/site-packages/airflow/example_dags/tutorial_dag.py
[2025-05-04T23:36:22.322+0300] {processor.py:830} INFO - Processing file /Users/admin/anaconda3/lib/python3.11/site-packages/airflow/example_dags/tutorial_dag.py for tasks to queue
[2025-05-04T23:36:22.322+0300] {logging_mixin.py:188} INFO - [2025-05-04T23:36:22.322+0300] {dagbag.py:540} INFO - Filling up the DagBag from /Users/admin/anaconda3/lib/python3.11/site-packages/airflow/example_dags/tutorial_dag.py
[2025-05-04T23:36:22.337+0300] {processor.py:840} INFO - DAG(s) 'tutorial_dag' retrieved from /Users/admin/anaconda3/lib/python3.11/site-packages/airflow/example_dags/tutorial_dag.py
[2025-05-04T23:36:22.396+0300] {logging_mixin.py:188} INFO - [2025-05-04T23:36:22.396+0300] {dag.py:3047} INFO - Sync 1 DAGs
[2025-05-04T23:36:22.401+0300] {logging_mixin.py:188} INFO - [2025-05-04T23:36:22.401+0300] {dag.py:3834} INFO - Setting next_dagrun for tutorial_dag to None, run_after=None
[2025-05-04T23:36:22.412+0300] {processor.py:183} INFO - Processing /Users/admin/anaconda3/lib/python3.11/site-packages/airflow/example_dags/tutorial_dag.py took 0.092 seconds
[2025-05-04T23:37:51.960+0300] {processor.py:161} INFO - Started process (PID=24537) to work on /Users/admin/anaconda3/lib/python3.11/site-packages/airflow/example_dags/tutorial_dag.py
[2025-05-04T23:37:51.962+0300] {processor.py:830} INFO - Processing file /Users/admin/anaconda3/lib/python3.11/site-packages/airflow/example_dags/tutorial_dag.py for tasks to queue
[2025-05-04T23:37:51.962+0300] {logging_mixin.py:188} INFO - [2025-05-04T23:37:51.962+0300] {dagbag.py:540} INFO - Filling up the DagBag from /Users/admin/anaconda3/lib/python3.11/site-packages/airflow/example_dags/tutorial_dag.py
[2025-05-04T23:37:51.977+0300] {processor.py:840} INFO - DAG(s) 'tutorial_dag' retrieved from /Users/admin/anaconda3/lib/python3.11/site-packages/airflow/example_dags/tutorial_dag.py
[2025-05-04T23:37:52.037+0300] {logging_mixin.py:188} INFO - [2025-05-04T23:37:52.037+0300] {dag.py:3047} INFO - Sync 1 DAGs
[2025-05-04T23:37:52.042+0300] {logging_mixin.py:188} INFO - [2025-05-04T23:37:52.042+0300] {dag.py:3834} INFO - Setting next_dagrun for tutorial_dag to None, run_after=None
[2025-05-04T23:37:52.052+0300] {processor.py:183} INFO - Processing /Users/admin/anaconda3/lib/python3.11/site-packages/airflow/example_dags/tutorial_dag.py took 0.093 seconds
[2025-05-04T23:39:21.442+0300] {processor.py:161} INFO - Started process (PID=24951) to work on /Users/admin/anaconda3/lib/python3.11/site-packages/airflow/example_dags/tutorial_dag.py
[2025-05-04T23:39:21.443+0300] {processor.py:830} INFO - Processing file /Users/admin/anaconda3/lib/python3.11/site-packages/airflow/example_dags/tutorial_dag.py for tasks to queue
[2025-05-04T23:39:21.444+0300] {logging_mixin.py:188} INFO - [2025-05-04T23:39:21.444+0300] {dagbag.py:540} INFO - Filling up the DagBag from /Users/admin/anaconda3/lib/python3.11/site-packages/airflow/example_dags/tutorial_dag.py
[2025-05-04T23:39:21.459+0300] {processor.py:840} INFO - DAG(s) 'tutorial_dag' retrieved from /Users/admin/anaconda3/lib/python3.11/site-packages/airflow/example_dags/tutorial_dag.py
[2025-05-04T23:39:21.519+0300] {logging_mixin.py:188} INFO - [2025-05-04T23:39:21.518+0300] {dag.py:3047} INFO - Sync 1 DAGs
[2025-05-04T23:39:21.524+0300] {logging_mixin.py:188} INFO - [2025-05-04T23:39:21.524+0300] {dag.py:3834} INFO - Setting next_dagrun for tutorial_dag to None, run_after=None
[2025-05-04T23:39:21.535+0300] {processor.py:183} INFO - Processing /Users/admin/anaconda3/lib/python3.11/site-packages/airflow/example_dags/tutorial_dag.py took 0.093 seconds
[2025-05-04T23:41:02.402+0300] {processor.py:161} INFO - Started process (PID=25428) to work on /Users/admin/anaconda3/lib/python3.11/site-packages/airflow/example_dags/tutorial_dag.py
[2025-05-04T23:41:02.404+0300] {processor.py:830} INFO - Processing file /Users/admin/anaconda3/lib/python3.11/site-packages/airflow/example_dags/tutorial_dag.py for tasks to queue
[2025-05-04T23:41:02.404+0300] {logging_mixin.py:188} INFO - [2025-05-04T23:41:02.404+0300] {dagbag.py:540} INFO - Filling up the DagBag from /Users/admin/anaconda3/lib/python3.11/site-packages/airflow/example_dags/tutorial_dag.py
[2025-05-04T23:41:02.420+0300] {processor.py:840} INFO - DAG(s) 'tutorial_dag' retrieved from /Users/admin/anaconda3/lib/python3.11/site-packages/airflow/example_dags/tutorial_dag.py
[2025-05-04T23:41:02.481+0300] {logging_mixin.py:188} INFO - [2025-05-04T23:41:02.481+0300] {dag.py:3047} INFO - Sync 1 DAGs
[2025-05-04T23:41:02.486+0300] {logging_mixin.py:188} INFO - [2025-05-04T23:41:02.486+0300] {dag.py:3834} INFO - Setting next_dagrun for tutorial_dag to None, run_after=None
[2025-05-04T23:41:02.497+0300] {processor.py:183} INFO - Processing /Users/admin/anaconda3/lib/python3.11/site-packages/airflow/example_dags/tutorial_dag.py took 0.095 seconds
[2025-05-04T23:42:46.061+0300] {processor.py:161} INFO - Started process (PID=25901) to work on /Users/admin/anaconda3/lib/python3.11/site-packages/airflow/example_dags/tutorial_dag.py
[2025-05-04T23:42:46.063+0300] {processor.py:830} INFO - Processing file /Users/admin/anaconda3/lib/python3.11/site-packages/airflow/example_dags/tutorial_dag.py for tasks to queue
[2025-05-04T23:42:46.064+0300] {logging_mixin.py:188} INFO - [2025-05-04T23:42:46.063+0300] {dagbag.py:540} INFO - Filling up the DagBag from /Users/admin/anaconda3/lib/python3.11/site-packages/airflow/example_dags/tutorial_dag.py
[2025-05-04T23:42:46.083+0300] {processor.py:840} INFO - DAG(s) 'tutorial_dag' retrieved from /Users/admin/anaconda3/lib/python3.11/site-packages/airflow/example_dags/tutorial_dag.py
[2025-05-04T23:42:46.166+0300] {logging_mixin.py:188} INFO - [2025-05-04T23:42:46.166+0300] {dag.py:3047} INFO - Sync 1 DAGs
[2025-05-04T23:42:46.173+0300] {logging_mixin.py:188} INFO - [2025-05-04T23:42:46.173+0300] {dag.py:3834} INFO - Setting next_dagrun for tutorial_dag to None, run_after=None
[2025-05-04T23:42:46.189+0300] {processor.py:183} INFO - Processing /Users/admin/anaconda3/lib/python3.11/site-packages/airflow/example_dags/tutorial_dag.py took 0.130 seconds
[2025-05-04T23:44:30.894+0300] {processor.py:161} INFO - Started process (PID=26393) to work on /Users/admin/anaconda3/lib/python3.11/site-packages/airflow/example_dags/tutorial_dag.py
[2025-05-04T23:44:30.895+0300] {processor.py:830} INFO - Processing file /Users/admin/anaconda3/lib/python3.11/site-packages/airflow/example_dags/tutorial_dag.py for tasks to queue
[2025-05-04T23:44:30.896+0300] {logging_mixin.py:188} INFO - [2025-05-04T23:44:30.896+0300] {dagbag.py:540} INFO - Filling up the DagBag from /Users/admin/anaconda3/lib/python3.11/site-packages/airflow/example_dags/tutorial_dag.py
[2025-05-04T23:44:30.911+0300] {processor.py:840} INFO - DAG(s) 'tutorial_dag' retrieved from /Users/admin/anaconda3/lib/python3.11/site-packages/airflow/example_dags/tutorial_dag.py
[2025-05-04T23:44:30.970+0300] {logging_mixin.py:188} INFO - [2025-05-04T23:44:30.970+0300] {dag.py:3047} INFO - Sync 1 DAGs
[2025-05-04T23:44:30.975+0300] {logging_mixin.py:188} INFO - [2025-05-04T23:44:30.975+0300] {dag.py:3834} INFO - Setting next_dagrun for tutorial_dag to None, run_after=None
[2025-05-04T23:44:30.985+0300] {processor.py:183} INFO - Processing /Users/admin/anaconda3/lib/python3.11/site-packages/airflow/example_dags/tutorial_dag.py took 0.091 seconds
[2025-05-04T23:46:04.181+0300] {processor.py:161} INFO - Started process (PID=26824) to work on /Users/admin/anaconda3/lib/python3.11/site-packages/airflow/example_dags/tutorial_dag.py
[2025-05-04T23:46:04.183+0300] {processor.py:830} INFO - Processing file /Users/admin/anaconda3/lib/python3.11/site-packages/airflow/example_dags/tutorial_dag.py for tasks to queue
[2025-05-04T23:46:04.183+0300] {logging_mixin.py:188} INFO - [2025-05-04T23:46:04.183+0300] {dagbag.py:540} INFO - Filling up the DagBag from /Users/admin/anaconda3/lib/python3.11/site-packages/airflow/example_dags/tutorial_dag.py
[2025-05-04T23:46:04.198+0300] {processor.py:840} INFO - DAG(s) 'tutorial_dag' retrieved from /Users/admin/anaconda3/lib/python3.11/site-packages/airflow/example_dags/tutorial_dag.py
[2025-05-04T23:46:04.257+0300] {logging_mixin.py:188} INFO - [2025-05-04T23:46:04.257+0300] {dag.py:3047} INFO - Sync 1 DAGs
[2025-05-04T23:46:04.262+0300] {logging_mixin.py:188} INFO - [2025-05-04T23:46:04.262+0300] {dag.py:3834} INFO - Setting next_dagrun for tutorial_dag to None, run_after=None
[2025-05-04T23:46:04.273+0300] {processor.py:183} INFO - Processing /Users/admin/anaconda3/lib/python3.11/site-packages/airflow/example_dags/tutorial_dag.py took 0.092 seconds
[2025-05-04T23:47:35.300+0300] {processor.py:161} INFO - Started process (PID=27254) to work on /Users/admin/anaconda3/lib/python3.11/site-packages/airflow/example_dags/tutorial_dag.py
[2025-05-04T23:47:35.301+0300] {processor.py:830} INFO - Processing file /Users/admin/anaconda3/lib/python3.11/site-packages/airflow/example_dags/tutorial_dag.py for tasks to queue
[2025-05-04T23:47:35.302+0300] {logging_mixin.py:188} INFO - [2025-05-04T23:47:35.302+0300] {dagbag.py:540} INFO - Filling up the DagBag from /Users/admin/anaconda3/lib/python3.11/site-packages/airflow/example_dags/tutorial_dag.py
[2025-05-04T23:47:35.317+0300] {processor.py:840} INFO - DAG(s) 'tutorial_dag' retrieved from /Users/admin/anaconda3/lib/python3.11/site-packages/airflow/example_dags/tutorial_dag.py
[2025-05-04T23:47:35.376+0300] {logging_mixin.py:188} INFO - [2025-05-04T23:47:35.376+0300] {dag.py:3047} INFO - Sync 1 DAGs
[2025-05-04T23:47:35.381+0300] {logging_mixin.py:188} INFO - [2025-05-04T23:47:35.381+0300] {dag.py:3834} INFO - Setting next_dagrun for tutorial_dag to None, run_after=None
[2025-05-04T23:47:35.391+0300] {processor.py:183} INFO - Processing /Users/admin/anaconda3/lib/python3.11/site-packages/airflow/example_dags/tutorial_dag.py took 0.092 seconds
[2025-05-04T23:49:05.487+0300] {processor.py:161} INFO - Started process (PID=27675) to work on /Users/admin/anaconda3/lib/python3.11/site-packages/airflow/example_dags/tutorial_dag.py
[2025-05-04T23:49:05.488+0300] {processor.py:830} INFO - Processing file /Users/admin/anaconda3/lib/python3.11/site-packages/airflow/example_dags/tutorial_dag.py for tasks to queue
[2025-05-04T23:49:05.489+0300] {logging_mixin.py:188} INFO - [2025-05-04T23:49:05.489+0300] {dagbag.py:540} INFO - Filling up the DagBag from /Users/admin/anaconda3/lib/python3.11/site-packages/airflow/example_dags/tutorial_dag.py
[2025-05-04T23:49:05.504+0300] {processor.py:840} INFO - DAG(s) 'tutorial_dag' retrieved from /Users/admin/anaconda3/lib/python3.11/site-packages/airflow/example_dags/tutorial_dag.py
[2025-05-04T23:49:05.564+0300] {logging_mixin.py:188} INFO - [2025-05-04T23:49:05.563+0300] {dag.py:3047} INFO - Sync 1 DAGs
[2025-05-04T23:49:05.569+0300] {logging_mixin.py:188} INFO - [2025-05-04T23:49:05.569+0300] {dag.py:3834} INFO - Setting next_dagrun for tutorial_dag to None, run_after=None
[2025-05-04T23:49:05.579+0300] {processor.py:183} INFO - Processing /Users/admin/anaconda3/lib/python3.11/site-packages/airflow/example_dags/tutorial_dag.py took 0.093 seconds
[2025-05-04T23:50:32.370+0300] {processor.py:161} INFO - Started process (PID=28079) to work on /Users/admin/anaconda3/lib/python3.11/site-packages/airflow/example_dags/tutorial_dag.py
[2025-05-04T23:50:32.371+0300] {processor.py:830} INFO - Processing file /Users/admin/anaconda3/lib/python3.11/site-packages/airflow/example_dags/tutorial_dag.py for tasks to queue
[2025-05-04T23:50:32.372+0300] {logging_mixin.py:188} INFO - [2025-05-04T23:50:32.371+0300] {dagbag.py:540} INFO - Filling up the DagBag from /Users/admin/anaconda3/lib/python3.11/site-packages/airflow/example_dags/tutorial_dag.py
[2025-05-04T23:50:32.386+0300] {processor.py:840} INFO - DAG(s) 'tutorial_dag' retrieved from /Users/admin/anaconda3/lib/python3.11/site-packages/airflow/example_dags/tutorial_dag.py
[2025-05-04T23:50:32.446+0300] {logging_mixin.py:188} INFO - [2025-05-04T23:50:32.446+0300] {dag.py:3047} INFO - Sync 1 DAGs
[2025-05-04T23:50:32.451+0300] {logging_mixin.py:188} INFO - [2025-05-04T23:50:32.451+0300] {dag.py:3834} INFO - Setting next_dagrun for tutorial_dag to None, run_after=None
[2025-05-04T23:50:32.461+0300] {processor.py:183} INFO - Processing /Users/admin/anaconda3/lib/python3.11/site-packages/airflow/example_dags/tutorial_dag.py took 0.092 seconds
[2025-05-04T23:52:16.760+0300] {processor.py:161} INFO - Started process (PID=28568) to work on /Users/admin/anaconda3/lib/python3.11/site-packages/airflow/example_dags/tutorial_dag.py
[2025-05-04T23:52:16.762+0300] {processor.py:830} INFO - Processing file /Users/admin/anaconda3/lib/python3.11/site-packages/airflow/example_dags/tutorial_dag.py for tasks to queue
[2025-05-04T23:52:16.762+0300] {logging_mixin.py:188} INFO - [2025-05-04T23:52:16.762+0300] {dagbag.py:540} INFO - Filling up the DagBag from /Users/admin/anaconda3/lib/python3.11/site-packages/airflow/example_dags/tutorial_dag.py
[2025-05-04T23:52:16.777+0300] {processor.py:840} INFO - DAG(s) 'tutorial_dag' retrieved from /Users/admin/anaconda3/lib/python3.11/site-packages/airflow/example_dags/tutorial_dag.py
[2025-05-04T23:52:16.837+0300] {logging_mixin.py:188} INFO - [2025-05-04T23:52:16.837+0300] {dag.py:3047} INFO - Sync 1 DAGs
[2025-05-04T23:52:16.842+0300] {logging_mixin.py:188} INFO - [2025-05-04T23:52:16.842+0300] {dag.py:3834} INFO - Setting next_dagrun for tutorial_dag to None, run_after=None
[2025-05-04T23:52:16.853+0300] {processor.py:183} INFO - Processing /Users/admin/anaconda3/lib/python3.11/site-packages/airflow/example_dags/tutorial_dag.py took 0.093 seconds
[2025-05-04T23:58:14.028+0300] {processor.py:161} INFO - Started process (PID=29036) to work on /Users/admin/anaconda3/lib/python3.11/site-packages/airflow/example_dags/tutorial_dag.py
[2025-05-04T23:58:14.029+0300] {processor.py:830} INFO - Processing file /Users/admin/anaconda3/lib/python3.11/site-packages/airflow/example_dags/tutorial_dag.py for tasks to queue
[2025-05-04T23:58:14.030+0300] {logging_mixin.py:188} INFO - [2025-05-04T23:58:14.030+0300] {dagbag.py:540} INFO - Filling up the DagBag from /Users/admin/anaconda3/lib/python3.11/site-packages/airflow/example_dags/tutorial_dag.py
[2025-05-04T23:58:14.044+0300] {processor.py:840} INFO - DAG(s) 'tutorial_dag' retrieved from /Users/admin/anaconda3/lib/python3.11/site-packages/airflow/example_dags/tutorial_dag.py
[2025-05-04T23:58:14.104+0300] {logging_mixin.py:188} INFO - [2025-05-04T23:58:14.104+0300] {dag.py:3047} INFO - Sync 1 DAGs
[2025-05-04T23:58:14.110+0300] {logging_mixin.py:188} INFO - [2025-05-04T23:58:14.109+0300] {dag.py:3834} INFO - Setting next_dagrun for tutorial_dag to None, run_after=None
[2025-05-04T23:58:14.120+0300] {processor.py:183} INFO - Processing /Users/admin/anaconda3/lib/python3.11/site-packages/airflow/example_dags/tutorial_dag.py took 0.092 seconds
