[2025-05-04T22:10:46.213+0300] {processor.py:161} INFO - Started process (PID=14015) to work on /Users/admin/anaconda3/lib/python3.11/site-packages/airflow/example_dags/tutorial_taskflow_api.py
[2025-05-04T22:10:46.214+0300] {processor.py:830} INFO - Processing file /Users/admin/anaconda3/lib/python3.11/site-packages/airflow/example_dags/tutorial_taskflow_api.py for tasks to queue
[2025-05-04T22:10:46.214+0300] {logging_mixin.py:188} INFO - [2025-05-04T22:10:46.214+0300] {dagbag.py:540} INFO - Filling up the DagBag from /Users/admin/anaconda3/lib/python3.11/site-packages/airflow/example_dags/tutorial_taskflow_api.py
[2025-05-04T22:10:46.236+0300] {processor.py:840} INFO - DAG(s) 'tutorial_taskflow_api' retrieved from /Users/admin/anaconda3/lib/python3.11/site-packages/airflow/example_dags/tutorial_taskflow_api.py
[2025-05-04T22:10:46.344+0300] {logging_mixin.py:188} INFO - [2025-05-04T22:10:46.344+0300] {dag.py:3047} INFO - Sync 1 DAGs
[2025-05-04T22:10:46.349+0300] {logging_mixin.py:188} INFO - [2025-05-04T22:10:46.349+0300] {dag.py:3834} INFO - Setting next_dagrun for tutorial_taskflow_api to None, run_after=None
[2025-05-04T22:10:46.360+0300] {processor.py:183} INFO - Processing /Users/admin/anaconda3/lib/python3.11/site-packages/airflow/example_dags/tutorial_taskflow_api.py took 0.147 seconds
[2025-05-04T22:12:42.469+0300] {processor.py:161} INFO - Started process (PID=14604) to work on /Users/admin/anaconda3/lib/python3.11/site-packages/airflow/example_dags/tutorial_taskflow_api.py
[2025-05-04T22:12:42.470+0300] {processor.py:830} INFO - Processing file /Users/admin/anaconda3/lib/python3.11/site-packages/airflow/example_dags/tutorial_taskflow_api.py for tasks to queue
[2025-05-04T22:12:42.471+0300] {logging_mixin.py:188} INFO - [2025-05-04T22:12:42.471+0300] {dagbag.py:540} INFO - Filling up the DagBag from /Users/admin/anaconda3/lib/python3.11/site-packages/airflow/example_dags/tutorial_taskflow_api.py
[2025-05-04T22:12:42.492+0300] {processor.py:840} INFO - DAG(s) 'tutorial_taskflow_api' retrieved from /Users/admin/anaconda3/lib/python3.11/site-packages/airflow/example_dags/tutorial_taskflow_api.py
[2025-05-04T22:12:42.551+0300] {logging_mixin.py:188} INFO - [2025-05-04T22:12:42.551+0300] {dag.py:3047} INFO - Sync 1 DAGs
[2025-05-04T22:12:42.557+0300] {logging_mixin.py:188} INFO - [2025-05-04T22:12:42.557+0300] {dag.py:3834} INFO - Setting next_dagrun for tutorial_taskflow_api to None, run_after=None
[2025-05-04T22:12:42.567+0300] {processor.py:183} INFO - Processing /Users/admin/anaconda3/lib/python3.11/site-packages/airflow/example_dags/tutorial_taskflow_api.py took 0.099 seconds
[2025-05-04T22:14:03.693+0300] {processor.py:161} INFO - Started process (PID=15000) to work on /Users/admin/anaconda3/lib/python3.11/site-packages/airflow/example_dags/tutorial_taskflow_api.py
[2025-05-04T22:14:03.694+0300] {processor.py:830} INFO - Processing file /Users/admin/anaconda3/lib/python3.11/site-packages/airflow/example_dags/tutorial_taskflow_api.py for tasks to queue
[2025-05-04T22:14:03.694+0300] {logging_mixin.py:188} INFO - [2025-05-04T22:14:03.694+0300] {dagbag.py:540} INFO - Filling up the DagBag from /Users/admin/anaconda3/lib/python3.11/site-packages/airflow/example_dags/tutorial_taskflow_api.py
[2025-05-04T22:14:03.716+0300] {processor.py:840} INFO - DAG(s) 'tutorial_taskflow_api' retrieved from /Users/admin/anaconda3/lib/python3.11/site-packages/airflow/example_dags/tutorial_taskflow_api.py
[2025-05-04T22:14:03.776+0300] {logging_mixin.py:188} INFO - [2025-05-04T22:14:03.775+0300] {dag.py:3047} INFO - Sync 1 DAGs
[2025-05-04T22:14:03.781+0300] {logging_mixin.py:188} INFO - [2025-05-04T22:14:03.781+0300] {dag.py:3834} INFO - Setting next_dagrun for tutorial_taskflow_api to None, run_after=None
[2025-05-04T22:14:03.792+0300] {processor.py:183} INFO - Processing /Users/admin/anaconda3/lib/python3.11/site-packages/airflow/example_dags/tutorial_taskflow_api.py took 0.100 seconds
[2025-05-04T22:15:24.690+0300] {processor.py:161} INFO - Started process (PID=15380) to work on /Users/admin/anaconda3/lib/python3.11/site-packages/airflow/example_dags/tutorial_taskflow_api.py
[2025-05-04T22:15:24.692+0300] {processor.py:830} INFO - Processing file /Users/admin/anaconda3/lib/python3.11/site-packages/airflow/example_dags/tutorial_taskflow_api.py for tasks to queue
[2025-05-04T22:15:24.692+0300] {logging_mixin.py:188} INFO - [2025-05-04T22:15:24.692+0300] {dagbag.py:540} INFO - Filling up the DagBag from /Users/admin/anaconda3/lib/python3.11/site-packages/airflow/example_dags/tutorial_taskflow_api.py
[2025-05-04T22:15:24.713+0300] {processor.py:840} INFO - DAG(s) 'tutorial_taskflow_api' retrieved from /Users/admin/anaconda3/lib/python3.11/site-packages/airflow/example_dags/tutorial_taskflow_api.py
[2025-05-04T22:15:24.773+0300] {logging_mixin.py:188} INFO - [2025-05-04T22:15:24.773+0300] {dag.py:3047} INFO - Sync 1 DAGs
[2025-05-04T22:15:24.779+0300] {logging_mixin.py:188} INFO - [2025-05-04T22:15:24.779+0300] {dag.py:3834} INFO - Setting next_dagrun for tutorial_taskflow_api to None, run_after=None
[2025-05-04T22:15:24.790+0300] {processor.py:183} INFO - Processing /Users/admin/anaconda3/lib/python3.11/site-packages/airflow/example_dags/tutorial_taskflow_api.py took 0.100 seconds
[2025-05-04T22:16:48.242+0300] {processor.py:161} INFO - Started process (PID=15789) to work on /Users/admin/anaconda3/lib/python3.11/site-packages/airflow/example_dags/tutorial_taskflow_api.py
[2025-05-04T22:16:48.244+0300] {processor.py:830} INFO - Processing file /Users/admin/anaconda3/lib/python3.11/site-packages/airflow/example_dags/tutorial_taskflow_api.py for tasks to queue
[2025-05-04T22:16:48.244+0300] {logging_mixin.py:188} INFO - [2025-05-04T22:16:48.244+0300] {dagbag.py:540} INFO - Filling up the DagBag from /Users/admin/anaconda3/lib/python3.11/site-packages/airflow/example_dags/tutorial_taskflow_api.py
[2025-05-04T22:16:48.266+0300] {processor.py:840} INFO - DAG(s) 'tutorial_taskflow_api' retrieved from /Users/admin/anaconda3/lib/python3.11/site-packages/airflow/example_dags/tutorial_taskflow_api.py
[2025-05-04T22:16:48.327+0300] {logging_mixin.py:188} INFO - [2025-05-04T22:16:48.326+0300] {dag.py:3047} INFO - Sync 1 DAGs
[2025-05-04T22:16:48.332+0300] {logging_mixin.py:188} INFO - [2025-05-04T22:16:48.332+0300] {dag.py:3834} INFO - Setting next_dagrun for tutorial_taskflow_api to None, run_after=None
[2025-05-04T22:16:48.342+0300] {processor.py:183} INFO - Processing /Users/admin/anaconda3/lib/python3.11/site-packages/airflow/example_dags/tutorial_taskflow_api.py took 0.101 seconds
[2025-05-04T22:18:14.137+0300] {processor.py:161} INFO - Started process (PID=16187) to work on /Users/admin/anaconda3/lib/python3.11/site-packages/airflow/example_dags/tutorial_taskflow_api.py
[2025-05-04T22:18:14.138+0300] {processor.py:830} INFO - Processing file /Users/admin/anaconda3/lib/python3.11/site-packages/airflow/example_dags/tutorial_taskflow_api.py for tasks to queue
[2025-05-04T22:18:14.139+0300] {logging_mixin.py:188} INFO - [2025-05-04T22:18:14.139+0300] {dagbag.py:540} INFO - Filling up the DagBag from /Users/admin/anaconda3/lib/python3.11/site-packages/airflow/example_dags/tutorial_taskflow_api.py
[2025-05-04T22:18:14.160+0300] {processor.py:840} INFO - DAG(s) 'tutorial_taskflow_api' retrieved from /Users/admin/anaconda3/lib/python3.11/site-packages/airflow/example_dags/tutorial_taskflow_api.py
[2025-05-04T22:18:14.220+0300] {logging_mixin.py:188} INFO - [2025-05-04T22:18:14.219+0300] {dag.py:3047} INFO - Sync 1 DAGs
[2025-05-04T22:18:14.225+0300] {logging_mixin.py:188} INFO - [2025-05-04T22:18:14.225+0300] {dag.py:3834} INFO - Setting next_dagrun for tutorial_taskflow_api to None, run_after=None
[2025-05-04T22:18:14.235+0300] {processor.py:183} INFO - Processing /Users/admin/anaconda3/lib/python3.11/site-packages/airflow/example_dags/tutorial_taskflow_api.py took 0.099 seconds
[2025-05-04T22:26:29.293+0300] {processor.py:161} INFO - Started process (PID=16630) to work on /Users/admin/anaconda3/lib/python3.11/site-packages/airflow/example_dags/tutorial_taskflow_api.py
[2025-05-04T22:26:29.294+0300] {processor.py:830} INFO - Processing file /Users/admin/anaconda3/lib/python3.11/site-packages/airflow/example_dags/tutorial_taskflow_api.py for tasks to queue
[2025-05-04T22:26:29.294+0300] {logging_mixin.py:188} INFO - [2025-05-04T22:26:29.294+0300] {dagbag.py:540} INFO - Filling up the DagBag from /Users/admin/anaconda3/lib/python3.11/site-packages/airflow/example_dags/tutorial_taskflow_api.py
[2025-05-04T22:26:29.315+0300] {processor.py:840} INFO - DAG(s) 'tutorial_taskflow_api' retrieved from /Users/admin/anaconda3/lib/python3.11/site-packages/airflow/example_dags/tutorial_taskflow_api.py
[2025-05-04T22:26:29.375+0300] {logging_mixin.py:188} INFO - [2025-05-04T22:26:29.375+0300] {dag.py:3047} INFO - Sync 1 DAGs
[2025-05-04T22:26:29.381+0300] {logging_mixin.py:188} INFO - [2025-05-04T22:26:29.381+0300] {dag.py:3834} INFO - Setting next_dagrun for tutorial_taskflow_api to None, run_after=None
[2025-05-04T22:26:29.392+0300] {processor.py:183} INFO - Processing /Users/admin/anaconda3/lib/python3.11/site-packages/airflow/example_dags/tutorial_taskflow_api.py took 0.101 seconds
[2025-05-04T22:27:52.354+0300] {processor.py:161} INFO - Started process (PID=17015) to work on /Users/admin/anaconda3/lib/python3.11/site-packages/airflow/example_dags/tutorial_taskflow_api.py
[2025-05-04T22:27:52.355+0300] {processor.py:830} INFO - Processing file /Users/admin/anaconda3/lib/python3.11/site-packages/airflow/example_dags/tutorial_taskflow_api.py for tasks to queue
[2025-05-04T22:27:52.356+0300] {logging_mixin.py:188} INFO - [2025-05-04T22:27:52.356+0300] {dagbag.py:540} INFO - Filling up the DagBag from /Users/admin/anaconda3/lib/python3.11/site-packages/airflow/example_dags/tutorial_taskflow_api.py
[2025-05-04T22:27:52.376+0300] {processor.py:840} INFO - DAG(s) 'tutorial_taskflow_api' retrieved from /Users/admin/anaconda3/lib/python3.11/site-packages/airflow/example_dags/tutorial_taskflow_api.py
[2025-05-04T22:27:52.436+0300] {logging_mixin.py:188} INFO - [2025-05-04T22:27:52.435+0300] {dag.py:3047} INFO - Sync 1 DAGs
[2025-05-04T22:27:52.441+0300] {logging_mixin.py:188} INFO - [2025-05-04T22:27:52.441+0300] {dag.py:3834} INFO - Setting next_dagrun for tutorial_taskflow_api to None, run_after=None
[2025-05-04T22:27:52.452+0300] {processor.py:183} INFO - Processing /Users/admin/anaconda3/lib/python3.11/site-packages/airflow/example_dags/tutorial_taskflow_api.py took 0.099 seconds
[2025-05-04T22:29:14.532+0300] {processor.py:161} INFO - Started process (PID=17409) to work on /Users/admin/anaconda3/lib/python3.11/site-packages/airflow/example_dags/tutorial_taskflow_api.py
[2025-05-04T22:29:14.533+0300] {processor.py:830} INFO - Processing file /Users/admin/anaconda3/lib/python3.11/site-packages/airflow/example_dags/tutorial_taskflow_api.py for tasks to queue
[2025-05-04T22:29:14.533+0300] {logging_mixin.py:188} INFO - [2025-05-04T22:29:14.533+0300] {dagbag.py:540} INFO - Filling up the DagBag from /Users/admin/anaconda3/lib/python3.11/site-packages/airflow/example_dags/tutorial_taskflow_api.py
[2025-05-04T22:29:14.555+0300] {processor.py:840} INFO - DAG(s) 'tutorial_taskflow_api' retrieved from /Users/admin/anaconda3/lib/python3.11/site-packages/airflow/example_dags/tutorial_taskflow_api.py
[2025-05-04T22:29:14.615+0300] {logging_mixin.py:188} INFO - [2025-05-04T22:29:14.615+0300] {dag.py:3047} INFO - Sync 1 DAGs
[2025-05-04T22:29:14.621+0300] {logging_mixin.py:188} INFO - [2025-05-04T22:29:14.621+0300] {dag.py:3834} INFO - Setting next_dagrun for tutorial_taskflow_api to None, run_after=None
[2025-05-04T22:29:14.632+0300] {processor.py:183} INFO - Processing /Users/admin/anaconda3/lib/python3.11/site-packages/airflow/example_dags/tutorial_taskflow_api.py took 0.101 seconds
[2025-05-04T22:30:35.083+0300] {processor.py:161} INFO - Started process (PID=17804) to work on /Users/admin/anaconda3/lib/python3.11/site-packages/airflow/example_dags/tutorial_taskflow_api.py
[2025-05-04T22:30:35.084+0300] {processor.py:830} INFO - Processing file /Users/admin/anaconda3/lib/python3.11/site-packages/airflow/example_dags/tutorial_taskflow_api.py for tasks to queue
[2025-05-04T22:30:35.085+0300] {logging_mixin.py:188} INFO - [2025-05-04T22:30:35.085+0300] {dagbag.py:540} INFO - Filling up the DagBag from /Users/admin/anaconda3/lib/python3.11/site-packages/airflow/example_dags/tutorial_taskflow_api.py
[2025-05-04T22:30:35.105+0300] {processor.py:840} INFO - DAG(s) 'tutorial_taskflow_api' retrieved from /Users/admin/anaconda3/lib/python3.11/site-packages/airflow/example_dags/tutorial_taskflow_api.py
[2025-05-04T22:30:35.165+0300] {logging_mixin.py:188} INFO - [2025-05-04T22:30:35.165+0300] {dag.py:3047} INFO - Sync 1 DAGs
[2025-05-04T22:30:35.171+0300] {logging_mixin.py:188} INFO - [2025-05-04T22:30:35.171+0300] {dag.py:3834} INFO - Setting next_dagrun for tutorial_taskflow_api to None, run_after=None
[2025-05-04T22:30:35.182+0300] {processor.py:183} INFO - Processing /Users/admin/anaconda3/lib/python3.11/site-packages/airflow/example_dags/tutorial_taskflow_api.py took 0.099 seconds
[2025-05-04T22:32:00.580+0300] {processor.py:161} INFO - Started process (PID=18247) to work on /Users/admin/anaconda3/lib/python3.11/site-packages/airflow/example_dags/tutorial_taskflow_api.py
[2025-05-04T22:32:00.582+0300] {processor.py:830} INFO - Processing file /Users/admin/anaconda3/lib/python3.11/site-packages/airflow/example_dags/tutorial_taskflow_api.py for tasks to queue
[2025-05-04T22:32:00.583+0300] {logging_mixin.py:188} INFO - [2025-05-04T22:32:00.582+0300] {dagbag.py:540} INFO - Filling up the DagBag from /Users/admin/anaconda3/lib/python3.11/site-packages/airflow/example_dags/tutorial_taskflow_api.py
[2025-05-04T22:32:00.630+0300] {processor.py:840} INFO - DAG(s) 'tutorial_taskflow_api' retrieved from /Users/admin/anaconda3/lib/python3.11/site-packages/airflow/example_dags/tutorial_taskflow_api.py
[2025-05-04T22:32:00.723+0300] {logging_mixin.py:188} INFO - [2025-05-04T22:32:00.723+0300] {dag.py:3047} INFO - Sync 1 DAGs
[2025-05-04T22:32:00.730+0300] {logging_mixin.py:188} INFO - [2025-05-04T22:32:00.730+0300] {dag.py:3834} INFO - Setting next_dagrun for tutorial_taskflow_api to None, run_after=None
[2025-05-04T22:32:00.742+0300] {processor.py:183} INFO - Processing /Users/admin/anaconda3/lib/python3.11/site-packages/airflow/example_dags/tutorial_taskflow_api.py took 0.163 seconds
[2025-05-04T23:17:15.592+0300] {processor.py:161} INFO - Started process (PID=18675) to work on /Users/admin/anaconda3/lib/python3.11/site-packages/airflow/example_dags/tutorial_taskflow_api.py
[2025-05-04T23:17:15.593+0300] {processor.py:830} INFO - Processing file /Users/admin/anaconda3/lib/python3.11/site-packages/airflow/example_dags/tutorial_taskflow_api.py for tasks to queue
[2025-05-04T23:17:15.594+0300] {logging_mixin.py:188} INFO - [2025-05-04T23:17:15.593+0300] {dagbag.py:540} INFO - Filling up the DagBag from /Users/admin/anaconda3/lib/python3.11/site-packages/airflow/example_dags/tutorial_taskflow_api.py
[2025-05-04T23:17:15.615+0300] {processor.py:840} INFO - DAG(s) 'tutorial_taskflow_api' retrieved from /Users/admin/anaconda3/lib/python3.11/site-packages/airflow/example_dags/tutorial_taskflow_api.py
[2025-05-04T23:17:15.678+0300] {logging_mixin.py:188} INFO - [2025-05-04T23:17:15.677+0300] {dag.py:3047} INFO - Sync 1 DAGs
[2025-05-04T23:17:15.684+0300] {logging_mixin.py:188} INFO - [2025-05-04T23:17:15.684+0300] {dag.py:3834} INFO - Setting next_dagrun for tutorial_taskflow_api to None, run_after=None
[2025-05-04T23:17:15.695+0300] {processor.py:183} INFO - Processing /Users/admin/anaconda3/lib/python3.11/site-packages/airflow/example_dags/tutorial_taskflow_api.py took 0.103 seconds
[2025-05-04T23:18:39.292+0300] {processor.py:161} INFO - Started process (PID=19074) to work on /Users/admin/anaconda3/lib/python3.11/site-packages/airflow/example_dags/tutorial_taskflow_api.py
[2025-05-04T23:18:39.293+0300] {processor.py:830} INFO - Processing file /Users/admin/anaconda3/lib/python3.11/site-packages/airflow/example_dags/tutorial_taskflow_api.py for tasks to queue
[2025-05-04T23:18:39.294+0300] {logging_mixin.py:188} INFO - [2025-05-04T23:18:39.293+0300] {dagbag.py:540} INFO - Filling up the DagBag from /Users/admin/anaconda3/lib/python3.11/site-packages/airflow/example_dags/tutorial_taskflow_api.py
[2025-05-04T23:18:39.315+0300] {processor.py:840} INFO - DAG(s) 'tutorial_taskflow_api' retrieved from /Users/admin/anaconda3/lib/python3.11/site-packages/airflow/example_dags/tutorial_taskflow_api.py
[2025-05-04T23:18:39.374+0300] {logging_mixin.py:188} INFO - [2025-05-04T23:18:39.374+0300] {dag.py:3047} INFO - Sync 1 DAGs
[2025-05-04T23:18:39.380+0300] {logging_mixin.py:188} INFO - [2025-05-04T23:18:39.380+0300] {dag.py:3834} INFO - Setting next_dagrun for tutorial_taskflow_api to None, run_after=None
[2025-05-04T23:18:39.390+0300] {processor.py:183} INFO - Processing /Users/admin/anaconda3/lib/python3.11/site-packages/airflow/example_dags/tutorial_taskflow_api.py took 0.099 seconds
[2025-05-04T23:20:00.038+0300] {processor.py:161} INFO - Started process (PID=19452) to work on /Users/admin/anaconda3/lib/python3.11/site-packages/airflow/example_dags/tutorial_taskflow_api.py
[2025-05-04T23:20:00.038+0300] {processor.py:830} INFO - Processing file /Users/admin/anaconda3/lib/python3.11/site-packages/airflow/example_dags/tutorial_taskflow_api.py for tasks to queue
[2025-05-04T23:20:00.039+0300] {logging_mixin.py:188} INFO - [2025-05-04T23:20:00.039+0300] {dagbag.py:540} INFO - Filling up the DagBag from /Users/admin/anaconda3/lib/python3.11/site-packages/airflow/example_dags/tutorial_taskflow_api.py
[2025-05-04T23:20:00.060+0300] {processor.py:840} INFO - DAG(s) 'tutorial_taskflow_api' retrieved from /Users/admin/anaconda3/lib/python3.11/site-packages/airflow/example_dags/tutorial_taskflow_api.py
[2025-05-04T23:20:00.120+0300] {logging_mixin.py:188} INFO - [2025-05-04T23:20:00.120+0300] {dag.py:3047} INFO - Sync 1 DAGs
[2025-05-04T23:20:00.126+0300] {logging_mixin.py:188} INFO - [2025-05-04T23:20:00.126+0300] {dag.py:3834} INFO - Setting next_dagrun for tutorial_taskflow_api to None, run_after=None
[2025-05-04T23:20:00.137+0300] {processor.py:183} INFO - Processing /Users/admin/anaconda3/lib/python3.11/site-packages/airflow/example_dags/tutorial_taskflow_api.py took 0.100 seconds
[2025-05-04T23:21:28.011+0300] {processor.py:161} INFO - Started process (PID=19867) to work on /Users/admin/anaconda3/lib/python3.11/site-packages/airflow/example_dags/tutorial_taskflow_api.py
[2025-05-04T23:21:28.012+0300] {processor.py:830} INFO - Processing file /Users/admin/anaconda3/lib/python3.11/site-packages/airflow/example_dags/tutorial_taskflow_api.py for tasks to queue
[2025-05-04T23:21:28.012+0300] {logging_mixin.py:188} INFO - [2025-05-04T23:21:28.012+0300] {dagbag.py:540} INFO - Filling up the DagBag from /Users/admin/anaconda3/lib/python3.11/site-packages/airflow/example_dags/tutorial_taskflow_api.py
[2025-05-04T23:21:28.034+0300] {processor.py:840} INFO - DAG(s) 'tutorial_taskflow_api' retrieved from /Users/admin/anaconda3/lib/python3.11/site-packages/airflow/example_dags/tutorial_taskflow_api.py
[2025-05-04T23:21:28.094+0300] {logging_mixin.py:188} INFO - [2025-05-04T23:21:28.094+0300] {dag.py:3047} INFO - Sync 1 DAGs
[2025-05-04T23:21:28.100+0300] {logging_mixin.py:188} INFO - [2025-05-04T23:21:28.099+0300] {dag.py:3834} INFO - Setting next_dagrun for tutorial_taskflow_api to None, run_after=None
[2025-05-04T23:21:28.111+0300] {processor.py:183} INFO - Processing /Users/admin/anaconda3/lib/python3.11/site-packages/airflow/example_dags/tutorial_taskflow_api.py took 0.100 seconds
[2025-05-04T23:22:58.653+0300] {processor.py:161} INFO - Started process (PID=20289) to work on /Users/admin/anaconda3/lib/python3.11/site-packages/airflow/example_dags/tutorial_taskflow_api.py
[2025-05-04T23:22:58.654+0300] {processor.py:830} INFO - Processing file /Users/admin/anaconda3/lib/python3.11/site-packages/airflow/example_dags/tutorial_taskflow_api.py for tasks to queue
[2025-05-04T23:22:58.655+0300] {logging_mixin.py:188} INFO - [2025-05-04T23:22:58.654+0300] {dagbag.py:540} INFO - Filling up the DagBag from /Users/admin/anaconda3/lib/python3.11/site-packages/airflow/example_dags/tutorial_taskflow_api.py
[2025-05-04T23:22:58.676+0300] {processor.py:840} INFO - DAG(s) 'tutorial_taskflow_api' retrieved from /Users/admin/anaconda3/lib/python3.11/site-packages/airflow/example_dags/tutorial_taskflow_api.py
[2025-05-04T23:22:58.735+0300] {logging_mixin.py:188} INFO - [2025-05-04T23:22:58.735+0300] {dag.py:3047} INFO - Sync 1 DAGs
[2025-05-04T23:22:58.741+0300] {logging_mixin.py:188} INFO - [2025-05-04T23:22:58.741+0300] {dag.py:3834} INFO - Setting next_dagrun for tutorial_taskflow_api to None, run_after=None
[2025-05-04T23:22:58.751+0300] {processor.py:183} INFO - Processing /Users/admin/anaconda3/lib/python3.11/site-packages/airflow/example_dags/tutorial_taskflow_api.py took 0.099 seconds
[2025-05-04T23:24:23.969+0300] {processor.py:161} INFO - Started process (PID=20686) to work on /Users/admin/anaconda3/lib/python3.11/site-packages/airflow/example_dags/tutorial_taskflow_api.py
[2025-05-04T23:24:23.970+0300] {processor.py:830} INFO - Processing file /Users/admin/anaconda3/lib/python3.11/site-packages/airflow/example_dags/tutorial_taskflow_api.py for tasks to queue
[2025-05-04T23:24:23.971+0300] {logging_mixin.py:188} INFO - [2025-05-04T23:24:23.970+0300] {dagbag.py:540} INFO - Filling up the DagBag from /Users/admin/anaconda3/lib/python3.11/site-packages/airflow/example_dags/tutorial_taskflow_api.py
[2025-05-04T23:24:23.994+0300] {processor.py:840} INFO - DAG(s) 'tutorial_taskflow_api' retrieved from /Users/admin/anaconda3/lib/python3.11/site-packages/airflow/example_dags/tutorial_taskflow_api.py
[2025-05-04T23:24:24.056+0300] {logging_mixin.py:188} INFO - [2025-05-04T23:24:24.056+0300] {dag.py:3047} INFO - Sync 1 DAGs
[2025-05-04T23:24:24.062+0300] {logging_mixin.py:188} INFO - [2025-05-04T23:24:24.062+0300] {dag.py:3834} INFO - Setting next_dagrun for tutorial_taskflow_api to None, run_after=None
[2025-05-04T23:24:24.072+0300] {processor.py:183} INFO - Processing /Users/admin/anaconda3/lib/python3.11/site-packages/airflow/example_dags/tutorial_taskflow_api.py took 0.104 seconds
[2025-05-04T23:25:50.936+0300] {processor.py:161} INFO - Started process (PID=21097) to work on /Users/admin/anaconda3/lib/python3.11/site-packages/airflow/example_dags/tutorial_taskflow_api.py
[2025-05-04T23:25:50.937+0300] {processor.py:830} INFO - Processing file /Users/admin/anaconda3/lib/python3.11/site-packages/airflow/example_dags/tutorial_taskflow_api.py for tasks to queue
[2025-05-04T23:25:50.937+0300] {logging_mixin.py:188} INFO - [2025-05-04T23:25:50.937+0300] {dagbag.py:540} INFO - Filling up the DagBag from /Users/admin/anaconda3/lib/python3.11/site-packages/airflow/example_dags/tutorial_taskflow_api.py
[2025-05-04T23:25:50.958+0300] {processor.py:840} INFO - DAG(s) 'tutorial_taskflow_api' retrieved from /Users/admin/anaconda3/lib/python3.11/site-packages/airflow/example_dags/tutorial_taskflow_api.py
[2025-05-04T23:25:51.018+0300] {logging_mixin.py:188} INFO - [2025-05-04T23:25:51.017+0300] {dag.py:3047} INFO - Sync 1 DAGs
[2025-05-04T23:25:51.023+0300] {logging_mixin.py:188} INFO - [2025-05-04T23:25:51.023+0300] {dag.py:3834} INFO - Setting next_dagrun for tutorial_taskflow_api to None, run_after=None
[2025-05-04T23:25:51.034+0300] {processor.py:183} INFO - Processing /Users/admin/anaconda3/lib/python3.11/site-packages/airflow/example_dags/tutorial_taskflow_api.py took 0.099 seconds
[2025-05-04T23:27:17.763+0300] {processor.py:161} INFO - Started process (PID=21514) to work on /Users/admin/anaconda3/lib/python3.11/site-packages/airflow/example_dags/tutorial_taskflow_api.py
[2025-05-04T23:27:17.765+0300] {processor.py:830} INFO - Processing file /Users/admin/anaconda3/lib/python3.11/site-packages/airflow/example_dags/tutorial_taskflow_api.py for tasks to queue
[2025-05-04T23:27:17.765+0300] {logging_mixin.py:188} INFO - [2025-05-04T23:27:17.765+0300] {dagbag.py:540} INFO - Filling up the DagBag from /Users/admin/anaconda3/lib/python3.11/site-packages/airflow/example_dags/tutorial_taskflow_api.py
[2025-05-04T23:27:17.786+0300] {processor.py:840} INFO - DAG(s) 'tutorial_taskflow_api' retrieved from /Users/admin/anaconda3/lib/python3.11/site-packages/airflow/example_dags/tutorial_taskflow_api.py
[2025-05-04T23:27:17.845+0300] {logging_mixin.py:188} INFO - [2025-05-04T23:27:17.845+0300] {dag.py:3047} INFO - Sync 1 DAGs
[2025-05-04T23:27:17.851+0300] {logging_mixin.py:188} INFO - [2025-05-04T23:27:17.851+0300] {dag.py:3834} INFO - Setting next_dagrun for tutorial_taskflow_api to None, run_after=None
[2025-05-04T23:27:17.862+0300] {processor.py:183} INFO - Processing /Users/admin/anaconda3/lib/python3.11/site-packages/airflow/example_dags/tutorial_taskflow_api.py took 0.099 seconds
[2025-05-04T23:28:46.069+0300] {processor.py:161} INFO - Started process (PID=21928) to work on /Users/admin/anaconda3/lib/python3.11/site-packages/airflow/example_dags/tutorial_taskflow_api.py
[2025-05-04T23:28:46.070+0300] {processor.py:830} INFO - Processing file /Users/admin/anaconda3/lib/python3.11/site-packages/airflow/example_dags/tutorial_taskflow_api.py for tasks to queue
[2025-05-04T23:28:46.071+0300] {logging_mixin.py:188} INFO - [2025-05-04T23:28:46.070+0300] {dagbag.py:540} INFO - Filling up the DagBag from /Users/admin/anaconda3/lib/python3.11/site-packages/airflow/example_dags/tutorial_taskflow_api.py
[2025-05-04T23:28:46.094+0300] {processor.py:840} INFO - DAG(s) 'tutorial_taskflow_api' retrieved from /Users/admin/anaconda3/lib/python3.11/site-packages/airflow/example_dags/tutorial_taskflow_api.py
[2025-05-04T23:28:46.159+0300] {logging_mixin.py:188} INFO - [2025-05-04T23:28:46.158+0300] {dag.py:3047} INFO - Sync 1 DAGs
[2025-05-04T23:28:46.165+0300] {logging_mixin.py:188} INFO - [2025-05-04T23:28:46.165+0300] {dag.py:3834} INFO - Setting next_dagrun for tutorial_taskflow_api to None, run_after=None
[2025-05-04T23:28:46.177+0300] {processor.py:183} INFO - Processing /Users/admin/anaconda3/lib/python3.11/site-packages/airflow/example_dags/tutorial_taskflow_api.py took 0.109 seconds
[2025-05-04T23:30:14.031+0300] {processor.py:161} INFO - Started process (PID=22364) to work on /Users/admin/anaconda3/lib/python3.11/site-packages/airflow/example_dags/tutorial_taskflow_api.py
[2025-05-04T23:30:14.031+0300] {processor.py:830} INFO - Processing file /Users/admin/anaconda3/lib/python3.11/site-packages/airflow/example_dags/tutorial_taskflow_api.py for tasks to queue
[2025-05-04T23:30:14.032+0300] {logging_mixin.py:188} INFO - [2025-05-04T23:30:14.032+0300] {dagbag.py:540} INFO - Filling up the DagBag from /Users/admin/anaconda3/lib/python3.11/site-packages/airflow/example_dags/tutorial_taskflow_api.py
[2025-05-04T23:30:14.053+0300] {processor.py:840} INFO - DAG(s) 'tutorial_taskflow_api' retrieved from /Users/admin/anaconda3/lib/python3.11/site-packages/airflow/example_dags/tutorial_taskflow_api.py
[2025-05-04T23:30:14.112+0300] {logging_mixin.py:188} INFO - [2025-05-04T23:30:14.112+0300] {dag.py:3047} INFO - Sync 1 DAGs
[2025-05-04T23:30:14.118+0300] {logging_mixin.py:188} INFO - [2025-05-04T23:30:14.118+0300] {dag.py:3834} INFO - Setting next_dagrun for tutorial_taskflow_api to None, run_after=None
[2025-05-04T23:30:14.129+0300] {processor.py:183} INFO - Processing /Users/admin/anaconda3/lib/python3.11/site-packages/airflow/example_dags/tutorial_taskflow_api.py took 0.098 seconds
[2025-05-04T23:31:45.281+0300] {processor.py:161} INFO - Started process (PID=22790) to work on /Users/admin/anaconda3/lib/python3.11/site-packages/airflow/example_dags/tutorial_taskflow_api.py
[2025-05-04T23:31:45.283+0300] {processor.py:830} INFO - Processing file /Users/admin/anaconda3/lib/python3.11/site-packages/airflow/example_dags/tutorial_taskflow_api.py for tasks to queue
[2025-05-04T23:31:45.283+0300] {logging_mixin.py:188} INFO - [2025-05-04T23:31:45.283+0300] {dagbag.py:540} INFO - Filling up the DagBag from /Users/admin/anaconda3/lib/python3.11/site-packages/airflow/example_dags/tutorial_taskflow_api.py
[2025-05-04T23:31:45.304+0300] {processor.py:840} INFO - DAG(s) 'tutorial_taskflow_api' retrieved from /Users/admin/anaconda3/lib/python3.11/site-packages/airflow/example_dags/tutorial_taskflow_api.py
[2025-05-04T23:31:45.367+0300] {logging_mixin.py:188} INFO - [2025-05-04T23:31:45.367+0300] {dag.py:3047} INFO - Sync 1 DAGs
[2025-05-04T23:31:45.374+0300] {logging_mixin.py:188} INFO - [2025-05-04T23:31:45.373+0300] {dag.py:3834} INFO - Setting next_dagrun for tutorial_taskflow_api to None, run_after=None
[2025-05-04T23:31:45.385+0300] {processor.py:183} INFO - Processing /Users/admin/anaconda3/lib/python3.11/site-packages/airflow/example_dags/tutorial_taskflow_api.py took 0.105 seconds
[2025-05-04T23:33:14.038+0300] {processor.py:161} INFO - Started process (PID=23201) to work on /Users/admin/anaconda3/lib/python3.11/site-packages/airflow/example_dags/tutorial_taskflow_api.py
[2025-05-04T23:33:14.039+0300] {processor.py:830} INFO - Processing file /Users/admin/anaconda3/lib/python3.11/site-packages/airflow/example_dags/tutorial_taskflow_api.py for tasks to queue
[2025-05-04T23:33:14.040+0300] {logging_mixin.py:188} INFO - [2025-05-04T23:33:14.039+0300] {dagbag.py:540} INFO - Filling up the DagBag from /Users/admin/anaconda3/lib/python3.11/site-packages/airflow/example_dags/tutorial_taskflow_api.py
[2025-05-04T23:33:14.060+0300] {processor.py:840} INFO - DAG(s) 'tutorial_taskflow_api' retrieved from /Users/admin/anaconda3/lib/python3.11/site-packages/airflow/example_dags/tutorial_taskflow_api.py
[2025-05-04T23:33:14.120+0300] {logging_mixin.py:188} INFO - [2025-05-04T23:33:14.120+0300] {dag.py:3047} INFO - Sync 1 DAGs
[2025-05-04T23:33:14.126+0300] {logging_mixin.py:188} INFO - [2025-05-04T23:33:14.126+0300] {dag.py:3834} INFO - Setting next_dagrun for tutorial_taskflow_api to None, run_after=None
[2025-05-04T23:33:14.136+0300] {processor.py:183} INFO - Processing /Users/admin/anaconda3/lib/python3.11/site-packages/airflow/example_dags/tutorial_taskflow_api.py took 0.099 seconds
[2025-05-04T23:34:43.343+0300] {processor.py:161} INFO - Started process (PID=23623) to work on /Users/admin/anaconda3/lib/python3.11/site-packages/airflow/example_dags/tutorial_taskflow_api.py
[2025-05-04T23:34:43.344+0300] {processor.py:830} INFO - Processing file /Users/admin/anaconda3/lib/python3.11/site-packages/airflow/example_dags/tutorial_taskflow_api.py for tasks to queue
[2025-05-04T23:34:43.345+0300] {logging_mixin.py:188} INFO - [2025-05-04T23:34:43.345+0300] {dagbag.py:540} INFO - Filling up the DagBag from /Users/admin/anaconda3/lib/python3.11/site-packages/airflow/example_dags/tutorial_taskflow_api.py
[2025-05-04T23:34:43.367+0300] {processor.py:840} INFO - DAG(s) 'tutorial_taskflow_api' retrieved from /Users/admin/anaconda3/lib/python3.11/site-packages/airflow/example_dags/tutorial_taskflow_api.py
[2025-05-04T23:34:43.431+0300] {logging_mixin.py:188} INFO - [2025-05-04T23:34:43.430+0300] {dag.py:3047} INFO - Sync 1 DAGs
[2025-05-04T23:34:43.437+0300] {logging_mixin.py:188} INFO - [2025-05-04T23:34:43.437+0300] {dag.py:3834} INFO - Setting next_dagrun for tutorial_taskflow_api to None, run_after=None
[2025-05-04T23:34:43.449+0300] {processor.py:183} INFO - Processing /Users/admin/anaconda3/lib/python3.11/site-packages/airflow/example_dags/tutorial_taskflow_api.py took 0.107 seconds
[2025-05-04T23:36:17.346+0300] {processor.py:161} INFO - Started process (PID=24078) to work on /Users/admin/anaconda3/lib/python3.11/site-packages/airflow/example_dags/tutorial_taskflow_api.py
[2025-05-04T23:36:17.348+0300] {processor.py:830} INFO - Processing file /Users/admin/anaconda3/lib/python3.11/site-packages/airflow/example_dags/tutorial_taskflow_api.py for tasks to queue
[2025-05-04T23:36:17.348+0300] {logging_mixin.py:188} INFO - [2025-05-04T23:36:17.348+0300] {dagbag.py:540} INFO - Filling up the DagBag from /Users/admin/anaconda3/lib/python3.11/site-packages/airflow/example_dags/tutorial_taskflow_api.py
[2025-05-04T23:36:17.369+0300] {processor.py:840} INFO - DAG(s) 'tutorial_taskflow_api' retrieved from /Users/admin/anaconda3/lib/python3.11/site-packages/airflow/example_dags/tutorial_taskflow_api.py
[2025-05-04T23:36:17.431+0300] {logging_mixin.py:188} INFO - [2025-05-04T23:36:17.431+0300] {dag.py:3047} INFO - Sync 1 DAGs
[2025-05-04T23:36:17.438+0300] {logging_mixin.py:188} INFO - [2025-05-04T23:36:17.438+0300] {dag.py:3834} INFO - Setting next_dagrun for tutorial_taskflow_api to None, run_after=None
[2025-05-04T23:36:17.450+0300] {processor.py:183} INFO - Processing /Users/admin/anaconda3/lib/python3.11/site-packages/airflow/example_dags/tutorial_taskflow_api.py took 0.104 seconds
[2025-05-04T23:37:47.201+0300] {processor.py:161} INFO - Started process (PID=24513) to work on /Users/admin/anaconda3/lib/python3.11/site-packages/airflow/example_dags/tutorial_taskflow_api.py
[2025-05-04T23:37:47.203+0300] {processor.py:830} INFO - Processing file /Users/admin/anaconda3/lib/python3.11/site-packages/airflow/example_dags/tutorial_taskflow_api.py for tasks to queue
[2025-05-04T23:37:47.203+0300] {logging_mixin.py:188} INFO - [2025-05-04T23:37:47.203+0300] {dagbag.py:540} INFO - Filling up the DagBag from /Users/admin/anaconda3/lib/python3.11/site-packages/airflow/example_dags/tutorial_taskflow_api.py
[2025-05-04T23:37:47.224+0300] {processor.py:840} INFO - DAG(s) 'tutorial_taskflow_api' retrieved from /Users/admin/anaconda3/lib/python3.11/site-packages/airflow/example_dags/tutorial_taskflow_api.py
[2025-05-04T23:37:47.284+0300] {logging_mixin.py:188} INFO - [2025-05-04T23:37:47.284+0300] {dag.py:3047} INFO - Sync 1 DAGs
[2025-05-04T23:37:47.290+0300] {logging_mixin.py:188} INFO - [2025-05-04T23:37:47.290+0300] {dag.py:3834} INFO - Setting next_dagrun for tutorial_taskflow_api to None, run_after=None
[2025-05-04T23:37:47.301+0300] {processor.py:183} INFO - Processing /Users/admin/anaconda3/lib/python3.11/site-packages/airflow/example_dags/tutorial_taskflow_api.py took 0.100 seconds
[2025-05-04T23:39:16.530+0300] {processor.py:161} INFO - Started process (PID=24932) to work on /Users/admin/anaconda3/lib/python3.11/site-packages/airflow/example_dags/tutorial_taskflow_api.py
[2025-05-04T23:39:16.531+0300] {processor.py:830} INFO - Processing file /Users/admin/anaconda3/lib/python3.11/site-packages/airflow/example_dags/tutorial_taskflow_api.py for tasks to queue
[2025-05-04T23:39:16.532+0300] {logging_mixin.py:188} INFO - [2025-05-04T23:39:16.532+0300] {dagbag.py:540} INFO - Filling up the DagBag from /Users/admin/anaconda3/lib/python3.11/site-packages/airflow/example_dags/tutorial_taskflow_api.py
[2025-05-04T23:39:16.553+0300] {processor.py:840} INFO - DAG(s) 'tutorial_taskflow_api' retrieved from /Users/admin/anaconda3/lib/python3.11/site-packages/airflow/example_dags/tutorial_taskflow_api.py
[2025-05-04T23:39:16.612+0300] {logging_mixin.py:188} INFO - [2025-05-04T23:39:16.611+0300] {dag.py:3047} INFO - Sync 1 DAGs
[2025-05-04T23:39:16.617+0300] {logging_mixin.py:188} INFO - [2025-05-04T23:39:16.617+0300] {dag.py:3834} INFO - Setting next_dagrun for tutorial_taskflow_api to None, run_after=None
[2025-05-04T23:39:16.628+0300] {processor.py:183} INFO - Processing /Users/admin/anaconda3/lib/python3.11/site-packages/airflow/example_dags/tutorial_taskflow_api.py took 0.099 seconds
[2025-05-04T23:40:57.324+0300] {processor.py:161} INFO - Started process (PID=25400) to work on /Users/admin/anaconda3/lib/python3.11/site-packages/airflow/example_dags/tutorial_taskflow_api.py
[2025-05-04T23:40:57.325+0300] {processor.py:830} INFO - Processing file /Users/admin/anaconda3/lib/python3.11/site-packages/airflow/example_dags/tutorial_taskflow_api.py for tasks to queue
[2025-05-04T23:40:57.325+0300] {logging_mixin.py:188} INFO - [2025-05-04T23:40:57.325+0300] {dagbag.py:540} INFO - Filling up the DagBag from /Users/admin/anaconda3/lib/python3.11/site-packages/airflow/example_dags/tutorial_taskflow_api.py
[2025-05-04T23:40:57.350+0300] {processor.py:840} INFO - DAG(s) 'tutorial_taskflow_api' retrieved from /Users/admin/anaconda3/lib/python3.11/site-packages/airflow/example_dags/tutorial_taskflow_api.py
[2025-05-04T23:40:57.412+0300] {logging_mixin.py:188} INFO - [2025-05-04T23:40:57.412+0300] {dag.py:3047} INFO - Sync 1 DAGs
[2025-05-04T23:40:57.418+0300] {logging_mixin.py:188} INFO - [2025-05-04T23:40:57.418+0300] {dag.py:3834} INFO - Setting next_dagrun for tutorial_taskflow_api to None, run_after=None
[2025-05-04T23:40:57.429+0300] {processor.py:183} INFO - Processing /Users/admin/anaconda3/lib/python3.11/site-packages/airflow/example_dags/tutorial_taskflow_api.py took 0.106 seconds
[2025-05-04T23:42:41.000+0300] {processor.py:161} INFO - Started process (PID=25883) to work on /Users/admin/anaconda3/lib/python3.11/site-packages/airflow/example_dags/tutorial_taskflow_api.py
[2025-05-04T23:42:41.002+0300] {processor.py:830} INFO - Processing file /Users/admin/anaconda3/lib/python3.11/site-packages/airflow/example_dags/tutorial_taskflow_api.py for tasks to queue
[2025-05-04T23:42:41.002+0300] {logging_mixin.py:188} INFO - [2025-05-04T23:42:41.002+0300] {dagbag.py:540} INFO - Filling up the DagBag from /Users/admin/anaconda3/lib/python3.11/site-packages/airflow/example_dags/tutorial_taskflow_api.py
[2025-05-04T23:42:41.036+0300] {processor.py:840} INFO - DAG(s) 'tutorial_taskflow_api' retrieved from /Users/admin/anaconda3/lib/python3.11/site-packages/airflow/example_dags/tutorial_taskflow_api.py
[2025-05-04T23:42:41.131+0300] {logging_mixin.py:188} INFO - [2025-05-04T23:42:41.130+0300] {dag.py:3047} INFO - Sync 1 DAGs
[2025-05-04T23:42:41.140+0300] {logging_mixin.py:188} INFO - [2025-05-04T23:42:41.139+0300] {dag.py:3834} INFO - Setting next_dagrun for tutorial_taskflow_api to None, run_after=None
[2025-05-04T23:42:41.156+0300] {processor.py:183} INFO - Processing /Users/admin/anaconda3/lib/python3.11/site-packages/airflow/example_dags/tutorial_taskflow_api.py took 0.156 seconds
[2025-05-04T23:44:26.014+0300] {processor.py:161} INFO - Started process (PID=26368) to work on /Users/admin/anaconda3/lib/python3.11/site-packages/airflow/example_dags/tutorial_taskflow_api.py
[2025-05-04T23:44:26.016+0300] {processor.py:830} INFO - Processing file /Users/admin/anaconda3/lib/python3.11/site-packages/airflow/example_dags/tutorial_taskflow_api.py for tasks to queue
[2025-05-04T23:44:26.016+0300] {logging_mixin.py:188} INFO - [2025-05-04T23:44:26.016+0300] {dagbag.py:540} INFO - Filling up the DagBag from /Users/admin/anaconda3/lib/python3.11/site-packages/airflow/example_dags/tutorial_taskflow_api.py
[2025-05-04T23:44:26.037+0300] {processor.py:840} INFO - DAG(s) 'tutorial_taskflow_api' retrieved from /Users/admin/anaconda3/lib/python3.11/site-packages/airflow/example_dags/tutorial_taskflow_api.py
[2025-05-04T23:44:26.096+0300] {logging_mixin.py:188} INFO - [2025-05-04T23:44:26.096+0300] {dag.py:3047} INFO - Sync 1 DAGs
[2025-05-04T23:44:26.102+0300] {logging_mixin.py:188} INFO - [2025-05-04T23:44:26.102+0300] {dag.py:3834} INFO - Setting next_dagrun for tutorial_taskflow_api to None, run_after=None
[2025-05-04T23:44:26.112+0300] {processor.py:183} INFO - Processing /Users/admin/anaconda3/lib/python3.11/site-packages/airflow/example_dags/tutorial_taskflow_api.py took 0.099 seconds
[2025-05-04T23:45:59.720+0300] {processor.py:161} INFO - Started process (PID=26806) to work on /Users/admin/anaconda3/lib/python3.11/site-packages/airflow/example_dags/tutorial_taskflow_api.py
[2025-05-04T23:45:59.722+0300] {processor.py:830} INFO - Processing file /Users/admin/anaconda3/lib/python3.11/site-packages/airflow/example_dags/tutorial_taskflow_api.py for tasks to queue
[2025-05-04T23:45:59.722+0300] {logging_mixin.py:188} INFO - [2025-05-04T23:45:59.722+0300] {dagbag.py:540} INFO - Filling up the DagBag from /Users/admin/anaconda3/lib/python3.11/site-packages/airflow/example_dags/tutorial_taskflow_api.py
[2025-05-04T23:45:59.743+0300] {processor.py:840} INFO - DAG(s) 'tutorial_taskflow_api' retrieved from /Users/admin/anaconda3/lib/python3.11/site-packages/airflow/example_dags/tutorial_taskflow_api.py
[2025-05-04T23:45:59.802+0300] {logging_mixin.py:188} INFO - [2025-05-04T23:45:59.802+0300] {dag.py:3047} INFO - Sync 1 DAGs
[2025-05-04T23:45:59.808+0300] {logging_mixin.py:188} INFO - [2025-05-04T23:45:59.808+0300] {dag.py:3834} INFO - Setting next_dagrun for tutorial_taskflow_api to None, run_after=None
[2025-05-04T23:45:59.818+0300] {processor.py:183} INFO - Processing /Users/admin/anaconda3/lib/python3.11/site-packages/airflow/example_dags/tutorial_taskflow_api.py took 0.099 seconds
[2025-05-04T23:47:30.707+0300] {processor.py:161} INFO - Started process (PID=27228) to work on /Users/admin/anaconda3/lib/python3.11/site-packages/airflow/example_dags/tutorial_taskflow_api.py
[2025-05-04T23:47:30.710+0300] {processor.py:830} INFO - Processing file /Users/admin/anaconda3/lib/python3.11/site-packages/airflow/example_dags/tutorial_taskflow_api.py for tasks to queue
[2025-05-04T23:47:30.711+0300] {logging_mixin.py:188} INFO - [2025-05-04T23:47:30.711+0300] {dagbag.py:540} INFO - Filling up the DagBag from /Users/admin/anaconda3/lib/python3.11/site-packages/airflow/example_dags/tutorial_taskflow_api.py
[2025-05-04T23:47:30.737+0300] {processor.py:840} INFO - DAG(s) 'tutorial_taskflow_api' retrieved from /Users/admin/anaconda3/lib/python3.11/site-packages/airflow/example_dags/tutorial_taskflow_api.py
[2025-05-04T23:47:30.807+0300] {logging_mixin.py:188} INFO - [2025-05-04T23:47:30.807+0300] {dag.py:3047} INFO - Sync 1 DAGs
[2025-05-04T23:47:30.814+0300] {logging_mixin.py:188} INFO - [2025-05-04T23:47:30.814+0300] {dag.py:3834} INFO - Setting next_dagrun for tutorial_taskflow_api to None, run_after=None
[2025-05-04T23:47:30.826+0300] {processor.py:183} INFO - Processing /Users/admin/anaconda3/lib/python3.11/site-packages/airflow/example_dags/tutorial_taskflow_api.py took 0.119 seconds
[2025-05-04T23:49:00.334+0300] {processor.py:161} INFO - Started process (PID=27651) to work on /Users/admin/anaconda3/lib/python3.11/site-packages/airflow/example_dags/tutorial_taskflow_api.py
[2025-05-04T23:49:00.335+0300] {processor.py:830} INFO - Processing file /Users/admin/anaconda3/lib/python3.11/site-packages/airflow/example_dags/tutorial_taskflow_api.py for tasks to queue
[2025-05-04T23:49:00.336+0300] {logging_mixin.py:188} INFO - [2025-05-04T23:49:00.335+0300] {dagbag.py:540} INFO - Filling up the DagBag from /Users/admin/anaconda3/lib/python3.11/site-packages/airflow/example_dags/tutorial_taskflow_api.py
[2025-05-04T23:49:00.357+0300] {processor.py:840} INFO - DAG(s) 'tutorial_taskflow_api' retrieved from /Users/admin/anaconda3/lib/python3.11/site-packages/airflow/example_dags/tutorial_taskflow_api.py
[2025-05-04T23:49:00.420+0300] {logging_mixin.py:188} INFO - [2025-05-04T23:49:00.420+0300] {dag.py:3047} INFO - Sync 1 DAGs
[2025-05-04T23:49:00.427+0300] {logging_mixin.py:188} INFO - [2025-05-04T23:49:00.427+0300] {dag.py:3834} INFO - Setting next_dagrun for tutorial_taskflow_api to None, run_after=None
[2025-05-04T23:49:00.438+0300] {processor.py:183} INFO - Processing /Users/admin/anaconda3/lib/python3.11/site-packages/airflow/example_dags/tutorial_taskflow_api.py took 0.105 seconds
[2025-05-04T23:50:28.420+0300] {processor.py:161} INFO - Started process (PID=28060) to work on /Users/admin/anaconda3/lib/python3.11/site-packages/airflow/example_dags/tutorial_taskflow_api.py
[2025-05-04T23:50:28.422+0300] {processor.py:830} INFO - Processing file /Users/admin/anaconda3/lib/python3.11/site-packages/airflow/example_dags/tutorial_taskflow_api.py for tasks to queue
[2025-05-04T23:50:28.422+0300] {logging_mixin.py:188} INFO - [2025-05-04T23:50:28.422+0300] {dagbag.py:540} INFO - Filling up the DagBag from /Users/admin/anaconda3/lib/python3.11/site-packages/airflow/example_dags/tutorial_taskflow_api.py
[2025-05-04T23:50:28.443+0300] {processor.py:840} INFO - DAG(s) 'tutorial_taskflow_api' retrieved from /Users/admin/anaconda3/lib/python3.11/site-packages/airflow/example_dags/tutorial_taskflow_api.py
[2025-05-04T23:50:28.502+0300] {logging_mixin.py:188} INFO - [2025-05-04T23:50:28.502+0300] {dag.py:3047} INFO - Sync 1 DAGs
[2025-05-04T23:50:28.508+0300] {logging_mixin.py:188} INFO - [2025-05-04T23:50:28.508+0300] {dag.py:3834} INFO - Setting next_dagrun for tutorial_taskflow_api to None, run_after=None
[2025-05-04T23:50:28.518+0300] {processor.py:183} INFO - Processing /Users/admin/anaconda3/lib/python3.11/site-packages/airflow/example_dags/tutorial_taskflow_api.py took 0.098 seconds
[2025-05-04T23:52:12.788+0300] {processor.py:161} INFO - Started process (PID=28544) to work on /Users/admin/anaconda3/lib/python3.11/site-packages/airflow/example_dags/tutorial_taskflow_api.py
[2025-05-04T23:52:12.789+0300] {processor.py:830} INFO - Processing file /Users/admin/anaconda3/lib/python3.11/site-packages/airflow/example_dags/tutorial_taskflow_api.py for tasks to queue
[2025-05-04T23:52:12.790+0300] {logging_mixin.py:188} INFO - [2025-05-04T23:52:12.789+0300] {dagbag.py:540} INFO - Filling up the DagBag from /Users/admin/anaconda3/lib/python3.11/site-packages/airflow/example_dags/tutorial_taskflow_api.py
[2025-05-04T23:52:12.811+0300] {processor.py:840} INFO - DAG(s) 'tutorial_taskflow_api' retrieved from /Users/admin/anaconda3/lib/python3.11/site-packages/airflow/example_dags/tutorial_taskflow_api.py
[2025-05-04T23:52:12.871+0300] {logging_mixin.py:188} INFO - [2025-05-04T23:52:12.871+0300] {dag.py:3047} INFO - Sync 1 DAGs
[2025-05-04T23:52:12.877+0300] {logging_mixin.py:188} INFO - [2025-05-04T23:52:12.877+0300] {dag.py:3834} INFO - Setting next_dagrun for tutorial_taskflow_api to None, run_after=None
[2025-05-04T23:52:12.888+0300] {processor.py:183} INFO - Processing /Users/admin/anaconda3/lib/python3.11/site-packages/airflow/example_dags/tutorial_taskflow_api.py took 0.101 seconds
[2025-05-04T23:58:09.017+0300] {processor.py:161} INFO - Started process (PID=29004) to work on /Users/admin/anaconda3/lib/python3.11/site-packages/airflow/example_dags/tutorial_taskflow_api.py
[2025-05-04T23:58:09.018+0300] {processor.py:830} INFO - Processing file /Users/admin/anaconda3/lib/python3.11/site-packages/airflow/example_dags/tutorial_taskflow_api.py for tasks to queue
[2025-05-04T23:58:09.019+0300] {logging_mixin.py:188} INFO - [2025-05-04T23:58:09.018+0300] {dagbag.py:540} INFO - Filling up the DagBag from /Users/admin/anaconda3/lib/python3.11/site-packages/airflow/example_dags/tutorial_taskflow_api.py
[2025-05-04T23:58:09.046+0300] {processor.py:840} INFO - DAG(s) 'tutorial_taskflow_api' retrieved from /Users/admin/anaconda3/lib/python3.11/site-packages/airflow/example_dags/tutorial_taskflow_api.py
[2025-05-04T23:58:09.116+0300] {logging_mixin.py:188} INFO - [2025-05-04T23:58:09.116+0300] {dag.py:3047} INFO - Sync 1 DAGs
[2025-05-04T23:58:09.123+0300] {logging_mixin.py:188} INFO - [2025-05-04T23:58:09.122+0300] {dag.py:3834} INFO - Setting next_dagrun for tutorial_taskflow_api to None, run_after=None
[2025-05-04T23:58:09.134+0300] {processor.py:183} INFO - Processing /Users/admin/anaconda3/lib/python3.11/site-packages/airflow/example_dags/tutorial_taskflow_api.py took 0.118 seconds
