[2025-05-04T22:10:48.843+0300] {processor.py:161} INFO - Started process (PID=14033) to work on /Users/admin/anaconda3/lib/python3.11/site-packages/airflow/example_dags/tutorial_objectstorage.py
[2025-05-04T22:10:48.843+0300] {processor.py:830} INFO - Processing file /Users/admin/anaconda3/lib/python3.11/site-packages/airflow/example_dags/tutorial_objectstorage.py for tasks to queue
[2025-05-04T22:10:48.844+0300] {logging_mixin.py:188} INFO - [2025-05-04T22:10:48.844+0300] {dagbag.py:540} INFO - Filling up the DagBag from /Users/admin/anaconda3/lib/python3.11/site-packages/airflow/example_dags/tutorial_objectstorage.py
[2025-05-04T22:10:48.927+0300] {processor.py:840} INFO - DAG(s) 'tutorial_objectstorage' retrieved from /Users/admin/anaconda3/lib/python3.11/site-packages/airflow/example_dags/tutorial_objectstorage.py
[2025-05-04T22:10:49.044+0300] {logging_mixin.py:188} INFO - [2025-05-04T22:10:49.043+0300] {dag.py:3047} INFO - Sync 1 DAGs
[2025-05-04T22:10:49.050+0300] {logging_mixin.py:188} INFO - [2025-05-04T22:10:49.050+0300] {dag.py:3834} INFO - Setting next_dagrun for tutorial_objectstorage to None, run_after=None
[2025-05-04T22:10:49.066+0300] {processor.py:183} INFO - Processing /Users/admin/anaconda3/lib/python3.11/site-packages/airflow/example_dags/tutorial_objectstorage.py took 0.224 seconds
[2025-05-04T22:12:44.886+0300] {processor.py:161} INFO - Started process (PID=14622) to work on /Users/admin/anaconda3/lib/python3.11/site-packages/airflow/example_dags/tutorial_objectstorage.py
[2025-05-04T22:12:44.887+0300] {processor.py:830} INFO - Processing file /Users/admin/anaconda3/lib/python3.11/site-packages/airflow/example_dags/tutorial_objectstorage.py for tasks to queue
[2025-05-04T22:12:44.887+0300] {logging_mixin.py:188} INFO - [2025-05-04T22:12:44.887+0300] {dagbag.py:540} INFO - Filling up the DagBag from /Users/admin/anaconda3/lib/python3.11/site-packages/airflow/example_dags/tutorial_objectstorage.py
[2025-05-04T22:12:44.977+0300] {processor.py:840} INFO - DAG(s) 'tutorial_objectstorage' retrieved from /Users/admin/anaconda3/lib/python3.11/site-packages/airflow/example_dags/tutorial_objectstorage.py
[2025-05-04T22:12:45.035+0300] {logging_mixin.py:188} INFO - [2025-05-04T22:12:45.035+0300] {dag.py:3047} INFO - Sync 1 DAGs
[2025-05-04T22:12:45.040+0300] {logging_mixin.py:188} INFO - [2025-05-04T22:12:45.040+0300] {dag.py:3834} INFO - Setting next_dagrun for tutorial_objectstorage to None, run_after=None
[2025-05-04T22:12:45.051+0300] {processor.py:183} INFO - Processing /Users/admin/anaconda3/lib/python3.11/site-packages/airflow/example_dags/tutorial_objectstorage.py took 0.166 seconds
[2025-05-04T22:14:06.120+0300] {processor.py:161} INFO - Started process (PID=15010) to work on /Users/admin/anaconda3/lib/python3.11/site-packages/airflow/example_dags/tutorial_objectstorage.py
[2025-05-04T22:14:06.121+0300] {processor.py:830} INFO - Processing file /Users/admin/anaconda3/lib/python3.11/site-packages/airflow/example_dags/tutorial_objectstorage.py for tasks to queue
[2025-05-04T22:14:06.122+0300] {logging_mixin.py:188} INFO - [2025-05-04T22:14:06.122+0300] {dagbag.py:540} INFO - Filling up the DagBag from /Users/admin/anaconda3/lib/python3.11/site-packages/airflow/example_dags/tutorial_objectstorage.py
[2025-05-04T22:14:06.210+0300] {processor.py:840} INFO - DAG(s) 'tutorial_objectstorage' retrieved from /Users/admin/anaconda3/lib/python3.11/site-packages/airflow/example_dags/tutorial_objectstorage.py
[2025-05-04T22:14:06.269+0300] {logging_mixin.py:188} INFO - [2025-05-04T22:14:06.269+0300] {dag.py:3047} INFO - Sync 1 DAGs
[2025-05-04T22:14:06.274+0300] {logging_mixin.py:188} INFO - [2025-05-04T22:14:06.274+0300] {dag.py:3834} INFO - Setting next_dagrun for tutorial_objectstorage to None, run_after=None
[2025-05-04T22:14:06.285+0300] {processor.py:183} INFO - Processing /Users/admin/anaconda3/lib/python3.11/site-packages/airflow/example_dags/tutorial_objectstorage.py took 0.165 seconds
[2025-05-04T22:15:27.208+0300] {processor.py:161} INFO - Started process (PID=15389) to work on /Users/admin/anaconda3/lib/python3.11/site-packages/airflow/example_dags/tutorial_objectstorage.py
[2025-05-04T22:15:27.209+0300] {processor.py:830} INFO - Processing file /Users/admin/anaconda3/lib/python3.11/site-packages/airflow/example_dags/tutorial_objectstorage.py for tasks to queue
[2025-05-04T22:15:27.209+0300] {logging_mixin.py:188} INFO - [2025-05-04T22:15:27.209+0300] {dagbag.py:540} INFO - Filling up the DagBag from /Users/admin/anaconda3/lib/python3.11/site-packages/airflow/example_dags/tutorial_objectstorage.py
[2025-05-04T22:15:27.299+0300] {processor.py:840} INFO - DAG(s) 'tutorial_objectstorage' retrieved from /Users/admin/anaconda3/lib/python3.11/site-packages/airflow/example_dags/tutorial_objectstorage.py
[2025-05-04T22:15:27.359+0300] {logging_mixin.py:188} INFO - [2025-05-04T22:15:27.359+0300] {dag.py:3047} INFO - Sync 1 DAGs
[2025-05-04T22:15:27.364+0300] {logging_mixin.py:188} INFO - [2025-05-04T22:15:27.364+0300] {dag.py:3834} INFO - Setting next_dagrun for tutorial_objectstorage to None, run_after=None
[2025-05-04T22:15:27.374+0300] {processor.py:183} INFO - Processing /Users/admin/anaconda3/lib/python3.11/site-packages/airflow/example_dags/tutorial_objectstorage.py took 0.168 seconds
[2025-05-04T22:16:50.647+0300] {processor.py:161} INFO - Started process (PID=15798) to work on /Users/admin/anaconda3/lib/python3.11/site-packages/airflow/example_dags/tutorial_objectstorage.py
[2025-05-04T22:16:50.648+0300] {processor.py:830} INFO - Processing file /Users/admin/anaconda3/lib/python3.11/site-packages/airflow/example_dags/tutorial_objectstorage.py for tasks to queue
[2025-05-04T22:16:50.649+0300] {logging_mixin.py:188} INFO - [2025-05-04T22:16:50.649+0300] {dagbag.py:540} INFO - Filling up the DagBag from /Users/admin/anaconda3/lib/python3.11/site-packages/airflow/example_dags/tutorial_objectstorage.py
[2025-05-04T22:16:50.736+0300] {processor.py:840} INFO - DAG(s) 'tutorial_objectstorage' retrieved from /Users/admin/anaconda3/lib/python3.11/site-packages/airflow/example_dags/tutorial_objectstorage.py
[2025-05-04T22:16:50.795+0300] {logging_mixin.py:188} INFO - [2025-05-04T22:16:50.795+0300] {dag.py:3047} INFO - Sync 1 DAGs
[2025-05-04T22:16:50.800+0300] {logging_mixin.py:188} INFO - [2025-05-04T22:16:50.800+0300] {dag.py:3834} INFO - Setting next_dagrun for tutorial_objectstorage to None, run_after=None
[2025-05-04T22:16:50.810+0300] {processor.py:183} INFO - Processing /Users/admin/anaconda3/lib/python3.11/site-packages/airflow/example_dags/tutorial_objectstorage.py took 0.163 seconds
[2025-05-04T22:18:16.551+0300] {processor.py:161} INFO - Started process (PID=16205) to work on /Users/admin/anaconda3/lib/python3.11/site-packages/airflow/example_dags/tutorial_objectstorage.py
[2025-05-04T22:18:16.552+0300] {processor.py:830} INFO - Processing file /Users/admin/anaconda3/lib/python3.11/site-packages/airflow/example_dags/tutorial_objectstorage.py for tasks to queue
[2025-05-04T22:18:16.553+0300] {logging_mixin.py:188} INFO - [2025-05-04T22:18:16.553+0300] {dagbag.py:540} INFO - Filling up the DagBag from /Users/admin/anaconda3/lib/python3.11/site-packages/airflow/example_dags/tutorial_objectstorage.py
[2025-05-04T22:18:16.641+0300] {processor.py:840} INFO - DAG(s) 'tutorial_objectstorage' retrieved from /Users/admin/anaconda3/lib/python3.11/site-packages/airflow/example_dags/tutorial_objectstorage.py
[2025-05-04T22:18:16.699+0300] {logging_mixin.py:188} INFO - [2025-05-04T22:18:16.699+0300] {dag.py:3047} INFO - Sync 1 DAGs
[2025-05-04T22:18:16.704+0300] {logging_mixin.py:188} INFO - [2025-05-04T22:18:16.704+0300] {dag.py:3834} INFO - Setting next_dagrun for tutorial_objectstorage to None, run_after=None
[2025-05-04T22:18:16.715+0300] {processor.py:183} INFO - Processing /Users/admin/anaconda3/lib/python3.11/site-packages/airflow/example_dags/tutorial_objectstorage.py took 0.164 seconds
[2025-05-04T22:26:31.691+0300] {processor.py:161} INFO - Started process (PID=16647) to work on /Users/admin/anaconda3/lib/python3.11/site-packages/airflow/example_dags/tutorial_objectstorage.py
[2025-05-04T22:26:31.692+0300] {processor.py:830} INFO - Processing file /Users/admin/anaconda3/lib/python3.11/site-packages/airflow/example_dags/tutorial_objectstorage.py for tasks to queue
[2025-05-04T22:26:31.693+0300] {logging_mixin.py:188} INFO - [2025-05-04T22:26:31.693+0300] {dagbag.py:540} INFO - Filling up the DagBag from /Users/admin/anaconda3/lib/python3.11/site-packages/airflow/example_dags/tutorial_objectstorage.py
[2025-05-04T22:26:31.781+0300] {processor.py:840} INFO - DAG(s) 'tutorial_objectstorage' retrieved from /Users/admin/anaconda3/lib/python3.11/site-packages/airflow/example_dags/tutorial_objectstorage.py
[2025-05-04T22:26:31.841+0300] {logging_mixin.py:188} INFO - [2025-05-04T22:26:31.841+0300] {dag.py:3047} INFO - Sync 1 DAGs
[2025-05-04T22:26:31.846+0300] {logging_mixin.py:188} INFO - [2025-05-04T22:26:31.846+0300] {dag.py:3834} INFO - Setting next_dagrun for tutorial_objectstorage to None, run_after=None
[2025-05-04T22:26:31.857+0300] {processor.py:183} INFO - Processing /Users/admin/anaconda3/lib/python3.11/site-packages/airflow/example_dags/tutorial_objectstorage.py took 0.166 seconds
[2025-05-04T22:27:54.772+0300] {processor.py:161} INFO - Started process (PID=17038) to work on /Users/admin/anaconda3/lib/python3.11/site-packages/airflow/example_dags/tutorial_objectstorage.py
[2025-05-04T22:27:54.773+0300] {processor.py:830} INFO - Processing file /Users/admin/anaconda3/lib/python3.11/site-packages/airflow/example_dags/tutorial_objectstorage.py for tasks to queue
[2025-05-04T22:27:54.773+0300] {logging_mixin.py:188} INFO - [2025-05-04T22:27:54.773+0300] {dagbag.py:540} INFO - Filling up the DagBag from /Users/admin/anaconda3/lib/python3.11/site-packages/airflow/example_dags/tutorial_objectstorage.py
[2025-05-04T22:27:54.860+0300] {processor.py:840} INFO - DAG(s) 'tutorial_objectstorage' retrieved from /Users/admin/anaconda3/lib/python3.11/site-packages/airflow/example_dags/tutorial_objectstorage.py
[2025-05-04T22:27:54.919+0300] {logging_mixin.py:188} INFO - [2025-05-04T22:27:54.919+0300] {dag.py:3047} INFO - Sync 1 DAGs
[2025-05-04T22:27:54.924+0300] {logging_mixin.py:188} INFO - [2025-05-04T22:27:54.924+0300] {dag.py:3834} INFO - Setting next_dagrun for tutorial_objectstorage to None, run_after=None
[2025-05-04T22:27:54.934+0300] {processor.py:183} INFO - Processing /Users/admin/anaconda3/lib/python3.11/site-packages/airflow/example_dags/tutorial_objectstorage.py took 0.163 seconds
[2025-05-04T22:29:16.903+0300] {processor.py:161} INFO - Started process (PID=17418) to work on /Users/admin/anaconda3/lib/python3.11/site-packages/airflow/example_dags/tutorial_objectstorage.py
[2025-05-04T22:29:16.905+0300] {processor.py:830} INFO - Processing file /Users/admin/anaconda3/lib/python3.11/site-packages/airflow/example_dags/tutorial_objectstorage.py for tasks to queue
[2025-05-04T22:29:16.905+0300] {logging_mixin.py:188} INFO - [2025-05-04T22:29:16.905+0300] {dagbag.py:540} INFO - Filling up the DagBag from /Users/admin/anaconda3/lib/python3.11/site-packages/airflow/example_dags/tutorial_objectstorage.py
[2025-05-04T22:29:16.995+0300] {processor.py:840} INFO - DAG(s) 'tutorial_objectstorage' retrieved from /Users/admin/anaconda3/lib/python3.11/site-packages/airflow/example_dags/tutorial_objectstorage.py
[2025-05-04T22:29:17.055+0300] {logging_mixin.py:188} INFO - [2025-05-04T22:29:17.054+0300] {dag.py:3047} INFO - Sync 1 DAGs
[2025-05-04T22:29:17.060+0300] {logging_mixin.py:188} INFO - [2025-05-04T22:29:17.060+0300] {dag.py:3834} INFO - Setting next_dagrun for tutorial_objectstorage to None, run_after=None
[2025-05-04T22:29:17.071+0300] {processor.py:183} INFO - Processing /Users/admin/anaconda3/lib/python3.11/site-packages/airflow/example_dags/tutorial_objectstorage.py took 0.168 seconds
[2025-05-04T22:30:37.465+0300] {processor.py:161} INFO - Started process (PID=17814) to work on /Users/admin/anaconda3/lib/python3.11/site-packages/airflow/example_dags/tutorial_objectstorage.py
[2025-05-04T22:30:37.466+0300] {processor.py:830} INFO - Processing file /Users/admin/anaconda3/lib/python3.11/site-packages/airflow/example_dags/tutorial_objectstorage.py for tasks to queue
[2025-05-04T22:30:37.467+0300] {logging_mixin.py:188} INFO - [2025-05-04T22:30:37.466+0300] {dagbag.py:540} INFO - Filling up the DagBag from /Users/admin/anaconda3/lib/python3.11/site-packages/airflow/example_dags/tutorial_objectstorage.py
[2025-05-04T22:30:37.553+0300] {processor.py:840} INFO - DAG(s) 'tutorial_objectstorage' retrieved from /Users/admin/anaconda3/lib/python3.11/site-packages/airflow/example_dags/tutorial_objectstorage.py
[2025-05-04T22:30:37.612+0300] {logging_mixin.py:188} INFO - [2025-05-04T22:30:37.611+0300] {dag.py:3047} INFO - Sync 1 DAGs
[2025-05-04T22:30:37.617+0300] {logging_mixin.py:188} INFO - [2025-05-04T22:30:37.616+0300] {dag.py:3834} INFO - Setting next_dagrun for tutorial_objectstorage to None, run_after=None
[2025-05-04T22:30:37.627+0300] {processor.py:183} INFO - Processing /Users/admin/anaconda3/lib/python3.11/site-packages/airflow/example_dags/tutorial_objectstorage.py took 0.163 seconds
[2025-05-04T22:32:02.996+0300] {processor.py:161} INFO - Started process (PID=18263) to work on /Users/admin/anaconda3/lib/python3.11/site-packages/airflow/example_dags/tutorial_objectstorage.py
[2025-05-04T22:32:02.997+0300] {processor.py:830} INFO - Processing file /Users/admin/anaconda3/lib/python3.11/site-packages/airflow/example_dags/tutorial_objectstorage.py for tasks to queue
[2025-05-04T22:32:02.997+0300] {logging_mixin.py:188} INFO - [2025-05-04T22:32:02.997+0300] {dagbag.py:540} INFO - Filling up the DagBag from /Users/admin/anaconda3/lib/python3.11/site-packages/airflow/example_dags/tutorial_objectstorage.py
[2025-05-04T22:32:03.088+0300] {processor.py:840} INFO - DAG(s) 'tutorial_objectstorage' retrieved from /Users/admin/anaconda3/lib/python3.11/site-packages/airflow/example_dags/tutorial_objectstorage.py
[2025-05-04T22:32:03.147+0300] {logging_mixin.py:188} INFO - [2025-05-04T22:32:03.147+0300] {dag.py:3047} INFO - Sync 1 DAGs
[2025-05-04T22:32:03.152+0300] {logging_mixin.py:188} INFO - [2025-05-04T22:32:03.152+0300] {dag.py:3834} INFO - Setting next_dagrun for tutorial_objectstorage to None, run_after=None
[2025-05-04T22:32:03.163+0300] {processor.py:183} INFO - Processing /Users/admin/anaconda3/lib/python3.11/site-packages/airflow/example_dags/tutorial_objectstorage.py took 0.167 seconds
[2025-05-04T23:17:18.125+0300] {processor.py:161} INFO - Started process (PID=18685) to work on /Users/admin/anaconda3/lib/python3.11/site-packages/airflow/example_dags/tutorial_objectstorage.py
[2025-05-04T23:17:18.126+0300] {processor.py:830} INFO - Processing file /Users/admin/anaconda3/lib/python3.11/site-packages/airflow/example_dags/tutorial_objectstorage.py for tasks to queue
[2025-05-04T23:17:18.126+0300] {logging_mixin.py:188} INFO - [2025-05-04T23:17:18.126+0300] {dagbag.py:540} INFO - Filling up the DagBag from /Users/admin/anaconda3/lib/python3.11/site-packages/airflow/example_dags/tutorial_objectstorage.py
[2025-05-04T23:17:18.215+0300] {processor.py:840} INFO - DAG(s) 'tutorial_objectstorage' retrieved from /Users/admin/anaconda3/lib/python3.11/site-packages/airflow/example_dags/tutorial_objectstorage.py
[2025-05-04T23:17:18.276+0300] {logging_mixin.py:188} INFO - [2025-05-04T23:17:18.275+0300] {dag.py:3047} INFO - Sync 1 DAGs
[2025-05-04T23:17:18.281+0300] {logging_mixin.py:188} INFO - [2025-05-04T23:17:18.281+0300] {dag.py:3834} INFO - Setting next_dagrun for tutorial_objectstorage to None, run_after=None
[2025-05-04T23:17:18.291+0300] {processor.py:183} INFO - Processing /Users/admin/anaconda3/lib/python3.11/site-packages/airflow/example_dags/tutorial_objectstorage.py took 0.167 seconds
[2025-05-04T23:18:41.602+0300] {processor.py:161} INFO - Started process (PID=19083) to work on /Users/admin/anaconda3/lib/python3.11/site-packages/airflow/example_dags/tutorial_objectstorage.py
[2025-05-04T23:18:41.603+0300] {processor.py:830} INFO - Processing file /Users/admin/anaconda3/lib/python3.11/site-packages/airflow/example_dags/tutorial_objectstorage.py for tasks to queue
[2025-05-04T23:18:41.604+0300] {logging_mixin.py:188} INFO - [2025-05-04T23:18:41.604+0300] {dagbag.py:540} INFO - Filling up the DagBag from /Users/admin/anaconda3/lib/python3.11/site-packages/airflow/example_dags/tutorial_objectstorage.py
[2025-05-04T23:18:41.690+0300] {processor.py:840} INFO - DAG(s) 'tutorial_objectstorage' retrieved from /Users/admin/anaconda3/lib/python3.11/site-packages/airflow/example_dags/tutorial_objectstorage.py
[2025-05-04T23:18:41.749+0300] {logging_mixin.py:188} INFO - [2025-05-04T23:18:41.749+0300] {dag.py:3047} INFO - Sync 1 DAGs
[2025-05-04T23:18:41.754+0300] {logging_mixin.py:188} INFO - [2025-05-04T23:18:41.754+0300] {dag.py:3834} INFO - Setting next_dagrun for tutorial_objectstorage to None, run_after=None
[2025-05-04T23:18:41.764+0300] {processor.py:183} INFO - Processing /Users/admin/anaconda3/lib/python3.11/site-packages/airflow/example_dags/tutorial_objectstorage.py took 0.163 seconds
[2025-05-04T23:20:02.440+0300] {processor.py:161} INFO - Started process (PID=19461) to work on /Users/admin/anaconda3/lib/python3.11/site-packages/airflow/example_dags/tutorial_objectstorage.py
[2025-05-04T23:20:02.441+0300] {processor.py:830} INFO - Processing file /Users/admin/anaconda3/lib/python3.11/site-packages/airflow/example_dags/tutorial_objectstorage.py for tasks to queue
[2025-05-04T23:20:02.442+0300] {logging_mixin.py:188} INFO - [2025-05-04T23:20:02.442+0300] {dagbag.py:540} INFO - Filling up the DagBag from /Users/admin/anaconda3/lib/python3.11/site-packages/airflow/example_dags/tutorial_objectstorage.py
[2025-05-04T23:20:02.532+0300] {processor.py:840} INFO - DAG(s) 'tutorial_objectstorage' retrieved from /Users/admin/anaconda3/lib/python3.11/site-packages/airflow/example_dags/tutorial_objectstorage.py
[2025-05-04T23:20:02.591+0300] {logging_mixin.py:188} INFO - [2025-05-04T23:20:02.591+0300] {dag.py:3047} INFO - Sync 1 DAGs
[2025-05-04T23:20:02.596+0300] {logging_mixin.py:188} INFO - [2025-05-04T23:20:02.596+0300] {dag.py:3834} INFO - Setting next_dagrun for tutorial_objectstorage to None, run_after=None
[2025-05-04T23:20:02.606+0300] {processor.py:183} INFO - Processing /Users/admin/anaconda3/lib/python3.11/site-packages/airflow/example_dags/tutorial_objectstorage.py took 0.167 seconds
[2025-05-04T23:21:30.441+0300] {processor.py:161} INFO - Started process (PID=19877) to work on /Users/admin/anaconda3/lib/python3.11/site-packages/airflow/example_dags/tutorial_objectstorage.py
[2025-05-04T23:21:30.443+0300] {processor.py:830} INFO - Processing file /Users/admin/anaconda3/lib/python3.11/site-packages/airflow/example_dags/tutorial_objectstorage.py for tasks to queue
[2025-05-04T23:21:30.443+0300] {logging_mixin.py:188} INFO - [2025-05-04T23:21:30.443+0300] {dagbag.py:540} INFO - Filling up the DagBag from /Users/admin/anaconda3/lib/python3.11/site-packages/airflow/example_dags/tutorial_objectstorage.py
[2025-05-04T23:21:30.531+0300] {processor.py:840} INFO - DAG(s) 'tutorial_objectstorage' retrieved from /Users/admin/anaconda3/lib/python3.11/site-packages/airflow/example_dags/tutorial_objectstorage.py
[2025-05-04T23:21:30.590+0300] {logging_mixin.py:188} INFO - [2025-05-04T23:21:30.590+0300] {dag.py:3047} INFO - Sync 1 DAGs
[2025-05-04T23:21:30.595+0300] {logging_mixin.py:188} INFO - [2025-05-04T23:21:30.595+0300] {dag.py:3834} INFO - Setting next_dagrun for tutorial_objectstorage to None, run_after=None
[2025-05-04T23:21:30.606+0300] {processor.py:183} INFO - Processing /Users/admin/anaconda3/lib/python3.11/site-packages/airflow/example_dags/tutorial_objectstorage.py took 0.165 seconds
[2025-05-04T23:23:01.070+0300] {processor.py:161} INFO - Started process (PID=20298) to work on /Users/admin/anaconda3/lib/python3.11/site-packages/airflow/example_dags/tutorial_objectstorage.py
[2025-05-04T23:23:01.071+0300] {processor.py:830} INFO - Processing file /Users/admin/anaconda3/lib/python3.11/site-packages/airflow/example_dags/tutorial_objectstorage.py for tasks to queue
[2025-05-04T23:23:01.072+0300] {logging_mixin.py:188} INFO - [2025-05-04T23:23:01.072+0300] {dagbag.py:540} INFO - Filling up the DagBag from /Users/admin/anaconda3/lib/python3.11/site-packages/airflow/example_dags/tutorial_objectstorage.py
[2025-05-04T23:23:01.159+0300] {processor.py:840} INFO - DAG(s) 'tutorial_objectstorage' retrieved from /Users/admin/anaconda3/lib/python3.11/site-packages/airflow/example_dags/tutorial_objectstorage.py
[2025-05-04T23:23:01.218+0300] {logging_mixin.py:188} INFO - [2025-05-04T23:23:01.218+0300] {dag.py:3047} INFO - Sync 1 DAGs
[2025-05-04T23:23:01.223+0300] {logging_mixin.py:188} INFO - [2025-05-04T23:23:01.223+0300] {dag.py:3834} INFO - Setting next_dagrun for tutorial_objectstorage to None, run_after=None
[2025-05-04T23:23:01.233+0300] {processor.py:183} INFO - Processing /Users/admin/anaconda3/lib/python3.11/site-packages/airflow/example_dags/tutorial_objectstorage.py took 0.163 seconds
[2025-05-04T23:24:26.418+0300] {processor.py:161} INFO - Started process (PID=20704) to work on /Users/admin/anaconda3/lib/python3.11/site-packages/airflow/example_dags/tutorial_objectstorage.py
[2025-05-04T23:24:26.420+0300] {processor.py:830} INFO - Processing file /Users/admin/anaconda3/lib/python3.11/site-packages/airflow/example_dags/tutorial_objectstorage.py for tasks to queue
[2025-05-04T23:24:26.420+0300] {logging_mixin.py:188} INFO - [2025-05-04T23:24:26.420+0300] {dagbag.py:540} INFO - Filling up the DagBag from /Users/admin/anaconda3/lib/python3.11/site-packages/airflow/example_dags/tutorial_objectstorage.py
[2025-05-04T23:24:26.524+0300] {processor.py:840} INFO - DAG(s) 'tutorial_objectstorage' retrieved from /Users/admin/anaconda3/lib/python3.11/site-packages/airflow/example_dags/tutorial_objectstorage.py
[2025-05-04T23:24:26.594+0300] {logging_mixin.py:188} INFO - [2025-05-04T23:24:26.594+0300] {dag.py:3047} INFO - Sync 1 DAGs
[2025-05-04T23:24:26.600+0300] {logging_mixin.py:188} INFO - [2025-05-04T23:24:26.600+0300] {dag.py:3834} INFO - Setting next_dagrun for tutorial_objectstorage to None, run_after=None
[2025-05-04T23:24:26.612+0300] {processor.py:183} INFO - Processing /Users/admin/anaconda3/lib/python3.11/site-packages/airflow/example_dags/tutorial_objectstorage.py took 0.195 seconds
[2025-05-04T23:25:53.605+0300] {processor.py:161} INFO - Started process (PID=21106) to work on /Users/admin/anaconda3/lib/python3.11/site-packages/airflow/example_dags/tutorial_objectstorage.py
[2025-05-04T23:25:53.607+0300] {processor.py:830} INFO - Processing file /Users/admin/anaconda3/lib/python3.11/site-packages/airflow/example_dags/tutorial_objectstorage.py for tasks to queue
[2025-05-04T23:25:53.607+0300] {logging_mixin.py:188} INFO - [2025-05-04T23:25:53.607+0300] {dagbag.py:540} INFO - Filling up the DagBag from /Users/admin/anaconda3/lib/python3.11/site-packages/airflow/example_dags/tutorial_objectstorage.py
[2025-05-04T23:25:53.698+0300] {processor.py:840} INFO - DAG(s) 'tutorial_objectstorage' retrieved from /Users/admin/anaconda3/lib/python3.11/site-packages/airflow/example_dags/tutorial_objectstorage.py
[2025-05-04T23:25:53.758+0300] {logging_mixin.py:188} INFO - [2025-05-04T23:25:53.758+0300] {dag.py:3047} INFO - Sync 1 DAGs
[2025-05-04T23:25:53.763+0300] {logging_mixin.py:188} INFO - [2025-05-04T23:25:53.763+0300] {dag.py:3834} INFO - Setting next_dagrun for tutorial_objectstorage to None, run_after=None
[2025-05-04T23:25:53.774+0300] {processor.py:183} INFO - Processing /Users/admin/anaconda3/lib/python3.11/site-packages/airflow/example_dags/tutorial_objectstorage.py took 0.169 seconds
[2025-05-04T23:27:20.167+0300] {processor.py:161} INFO - Started process (PID=21523) to work on /Users/admin/anaconda3/lib/python3.11/site-packages/airflow/example_dags/tutorial_objectstorage.py
[2025-05-04T23:27:20.168+0300] {processor.py:830} INFO - Processing file /Users/admin/anaconda3/lib/python3.11/site-packages/airflow/example_dags/tutorial_objectstorage.py for tasks to queue
[2025-05-04T23:27:20.169+0300] {logging_mixin.py:188} INFO - [2025-05-04T23:27:20.169+0300] {dagbag.py:540} INFO - Filling up the DagBag from /Users/admin/anaconda3/lib/python3.11/site-packages/airflow/example_dags/tutorial_objectstorage.py
[2025-05-04T23:27:20.254+0300] {processor.py:840} INFO - DAG(s) 'tutorial_objectstorage' retrieved from /Users/admin/anaconda3/lib/python3.11/site-packages/airflow/example_dags/tutorial_objectstorage.py
[2025-05-04T23:27:20.313+0300] {logging_mixin.py:188} INFO - [2025-05-04T23:27:20.313+0300] {dag.py:3047} INFO - Sync 1 DAGs
[2025-05-04T23:27:20.318+0300] {logging_mixin.py:188} INFO - [2025-05-04T23:27:20.318+0300] {dag.py:3834} INFO - Setting next_dagrun for tutorial_objectstorage to None, run_after=None
[2025-05-04T23:27:20.328+0300] {processor.py:183} INFO - Processing /Users/admin/anaconda3/lib/python3.11/site-packages/airflow/example_dags/tutorial_objectstorage.py took 0.162 seconds
[2025-05-04T23:28:48.660+0300] {processor.py:161} INFO - Started process (PID=21943) to work on /Users/admin/anaconda3/lib/python3.11/site-packages/airflow/example_dags/tutorial_objectstorage.py
[2025-05-04T23:28:48.661+0300] {processor.py:830} INFO - Processing file /Users/admin/anaconda3/lib/python3.11/site-packages/airflow/example_dags/tutorial_objectstorage.py for tasks to queue
[2025-05-04T23:28:48.662+0300] {logging_mixin.py:188} INFO - [2025-05-04T23:28:48.661+0300] {dagbag.py:540} INFO - Filling up the DagBag from /Users/admin/anaconda3/lib/python3.11/site-packages/airflow/example_dags/tutorial_objectstorage.py
[2025-05-04T23:28:48.760+0300] {processor.py:840} INFO - DAG(s) 'tutorial_objectstorage' retrieved from /Users/admin/anaconda3/lib/python3.11/site-packages/airflow/example_dags/tutorial_objectstorage.py
[2025-05-04T23:28:48.829+0300] {logging_mixin.py:188} INFO - [2025-05-04T23:28:48.828+0300] {dag.py:3047} INFO - Sync 1 DAGs
[2025-05-04T23:28:48.834+0300] {logging_mixin.py:188} INFO - [2025-05-04T23:28:48.834+0300] {dag.py:3834} INFO - Setting next_dagrun for tutorial_objectstorage to None, run_after=None
[2025-05-04T23:28:48.845+0300] {processor.py:183} INFO - Processing /Users/admin/anaconda3/lib/python3.11/site-packages/airflow/example_dags/tutorial_objectstorage.py took 0.186 seconds
[2025-05-04T23:30:16.434+0300] {processor.py:161} INFO - Started process (PID=22373) to work on /Users/admin/anaconda3/lib/python3.11/site-packages/airflow/example_dags/tutorial_objectstorage.py
[2025-05-04T23:30:16.435+0300] {processor.py:830} INFO - Processing file /Users/admin/anaconda3/lib/python3.11/site-packages/airflow/example_dags/tutorial_objectstorage.py for tasks to queue
[2025-05-04T23:30:16.436+0300] {logging_mixin.py:188} INFO - [2025-05-04T23:30:16.435+0300] {dagbag.py:540} INFO - Filling up the DagBag from /Users/admin/anaconda3/lib/python3.11/site-packages/airflow/example_dags/tutorial_objectstorage.py
[2025-05-04T23:30:16.526+0300] {processor.py:840} INFO - DAG(s) 'tutorial_objectstorage' retrieved from /Users/admin/anaconda3/lib/python3.11/site-packages/airflow/example_dags/tutorial_objectstorage.py
[2025-05-04T23:30:16.585+0300] {logging_mixin.py:188} INFO - [2025-05-04T23:30:16.585+0300] {dag.py:3047} INFO - Sync 1 DAGs
[2025-05-04T23:30:16.590+0300] {logging_mixin.py:188} INFO - [2025-05-04T23:30:16.590+0300] {dag.py:3834} INFO - Setting next_dagrun for tutorial_objectstorage to None, run_after=None
[2025-05-04T23:30:16.601+0300] {processor.py:183} INFO - Processing /Users/admin/anaconda3/lib/python3.11/site-packages/airflow/example_dags/tutorial_objectstorage.py took 0.168 seconds
[2025-05-04T23:31:47.799+0300] {processor.py:161} INFO - Started process (PID=22799) to work on /Users/admin/anaconda3/lib/python3.11/site-packages/airflow/example_dags/tutorial_objectstorage.py
[2025-05-04T23:31:47.801+0300] {processor.py:830} INFO - Processing file /Users/admin/anaconda3/lib/python3.11/site-packages/airflow/example_dags/tutorial_objectstorage.py for tasks to queue
[2025-05-04T23:31:47.801+0300] {logging_mixin.py:188} INFO - [2025-05-04T23:31:47.801+0300] {dagbag.py:540} INFO - Filling up the DagBag from /Users/admin/anaconda3/lib/python3.11/site-packages/airflow/example_dags/tutorial_objectstorage.py
[2025-05-04T23:31:47.899+0300] {processor.py:840} INFO - DAG(s) 'tutorial_objectstorage' retrieved from /Users/admin/anaconda3/lib/python3.11/site-packages/airflow/example_dags/tutorial_objectstorage.py
[2025-05-04T23:31:47.963+0300] {logging_mixin.py:188} INFO - [2025-05-04T23:31:47.962+0300] {dag.py:3047} INFO - Sync 1 DAGs
[2025-05-04T23:31:47.969+0300] {logging_mixin.py:188} INFO - [2025-05-04T23:31:47.969+0300] {dag.py:3834} INFO - Setting next_dagrun for tutorial_objectstorage to None, run_after=None
[2025-05-04T23:31:47.980+0300] {processor.py:183} INFO - Processing /Users/admin/anaconda3/lib/python3.11/site-packages/airflow/example_dags/tutorial_objectstorage.py took 0.182 seconds
[2025-05-04T23:33:16.464+0300] {processor.py:161} INFO - Started process (PID=23210) to work on /Users/admin/anaconda3/lib/python3.11/site-packages/airflow/example_dags/tutorial_objectstorage.py
[2025-05-04T23:33:16.466+0300] {processor.py:830} INFO - Processing file /Users/admin/anaconda3/lib/python3.11/site-packages/airflow/example_dags/tutorial_objectstorage.py for tasks to queue
[2025-05-04T23:33:16.466+0300] {logging_mixin.py:188} INFO - [2025-05-04T23:33:16.466+0300] {dagbag.py:540} INFO - Filling up the DagBag from /Users/admin/anaconda3/lib/python3.11/site-packages/airflow/example_dags/tutorial_objectstorage.py
[2025-05-04T23:33:16.554+0300] {processor.py:840} INFO - DAG(s) 'tutorial_objectstorage' retrieved from /Users/admin/anaconda3/lib/python3.11/site-packages/airflow/example_dags/tutorial_objectstorage.py
[2025-05-04T23:33:16.613+0300] {logging_mixin.py:188} INFO - [2025-05-04T23:33:16.613+0300] {dag.py:3047} INFO - Sync 1 DAGs
[2025-05-04T23:33:16.618+0300] {logging_mixin.py:188} INFO - [2025-05-04T23:33:16.618+0300] {dag.py:3834} INFO - Setting next_dagrun for tutorial_objectstorage to None, run_after=None
[2025-05-04T23:33:16.628+0300] {processor.py:183} INFO - Processing /Users/admin/anaconda3/lib/python3.11/site-packages/airflow/example_dags/tutorial_objectstorage.py took 0.165 seconds
[2025-05-04T23:34:46.104+0300] {processor.py:161} INFO - Started process (PID=23632) to work on /Users/admin/anaconda3/lib/python3.11/site-packages/airflow/example_dags/tutorial_objectstorage.py
[2025-05-04T23:34:46.105+0300] {processor.py:830} INFO - Processing file /Users/admin/anaconda3/lib/python3.11/site-packages/airflow/example_dags/tutorial_objectstorage.py for tasks to queue
[2025-05-04T23:34:46.105+0300] {logging_mixin.py:188} INFO - [2025-05-04T23:34:46.105+0300] {dagbag.py:540} INFO - Filling up the DagBag from /Users/admin/anaconda3/lib/python3.11/site-packages/airflow/example_dags/tutorial_objectstorage.py
[2025-05-04T23:34:46.207+0300] {processor.py:840} INFO - DAG(s) 'tutorial_objectstorage' retrieved from /Users/admin/anaconda3/lib/python3.11/site-packages/airflow/example_dags/tutorial_objectstorage.py
[2025-05-04T23:34:46.272+0300] {logging_mixin.py:188} INFO - [2025-05-04T23:34:46.272+0300] {dag.py:3047} INFO - Sync 1 DAGs
[2025-05-04T23:34:46.278+0300] {logging_mixin.py:188} INFO - [2025-05-04T23:34:46.278+0300] {dag.py:3834} INFO - Setting next_dagrun for tutorial_objectstorage to None, run_after=None
[2025-05-04T23:34:46.289+0300] {processor.py:183} INFO - Processing /Users/admin/anaconda3/lib/python3.11/site-packages/airflow/example_dags/tutorial_objectstorage.py took 0.186 seconds
[2025-05-04T23:36:19.810+0300] {processor.py:161} INFO - Started process (PID=24087) to work on /Users/admin/anaconda3/lib/python3.11/site-packages/airflow/example_dags/tutorial_objectstorage.py
[2025-05-04T23:36:19.811+0300] {processor.py:830} INFO - Processing file /Users/admin/anaconda3/lib/python3.11/site-packages/airflow/example_dags/tutorial_objectstorage.py for tasks to queue
[2025-05-04T23:36:19.811+0300] {logging_mixin.py:188} INFO - [2025-05-04T23:36:19.811+0300] {dagbag.py:540} INFO - Filling up the DagBag from /Users/admin/anaconda3/lib/python3.11/site-packages/airflow/example_dags/tutorial_objectstorage.py
[2025-05-04T23:36:19.904+0300] {processor.py:840} INFO - DAG(s) 'tutorial_objectstorage' retrieved from /Users/admin/anaconda3/lib/python3.11/site-packages/airflow/example_dags/tutorial_objectstorage.py
[2025-05-04T23:36:19.963+0300] {logging_mixin.py:188} INFO - [2025-05-04T23:36:19.963+0300] {dag.py:3047} INFO - Sync 1 DAGs
[2025-05-04T23:36:19.968+0300] {logging_mixin.py:188} INFO - [2025-05-04T23:36:19.968+0300] {dag.py:3834} INFO - Setting next_dagrun for tutorial_objectstorage to None, run_after=None
[2025-05-04T23:36:19.980+0300] {processor.py:183} INFO - Processing /Users/admin/anaconda3/lib/python3.11/site-packages/airflow/example_dags/tutorial_objectstorage.py took 0.170 seconds
[2025-05-04T23:37:49.674+0300] {processor.py:161} INFO - Started process (PID=24522) to work on /Users/admin/anaconda3/lib/python3.11/site-packages/airflow/example_dags/tutorial_objectstorage.py
[2025-05-04T23:37:49.676+0300] {processor.py:830} INFO - Processing file /Users/admin/anaconda3/lib/python3.11/site-packages/airflow/example_dags/tutorial_objectstorage.py for tasks to queue
[2025-05-04T23:37:49.676+0300] {logging_mixin.py:188} INFO - [2025-05-04T23:37:49.676+0300] {dagbag.py:540} INFO - Filling up the DagBag from /Users/admin/anaconda3/lib/python3.11/site-packages/airflow/example_dags/tutorial_objectstorage.py
[2025-05-04T23:37:49.834+0300] {processor.py:840} INFO - DAG(s) 'tutorial_objectstorage' retrieved from /Users/admin/anaconda3/lib/python3.11/site-packages/airflow/example_dags/tutorial_objectstorage.py
[2025-05-04T23:37:49.963+0300] {logging_mixin.py:188} INFO - [2025-05-04T23:37:49.962+0300] {dag.py:3047} INFO - Sync 1 DAGs
[2025-05-04T23:37:49.973+0300] {logging_mixin.py:188} INFO - [2025-05-04T23:37:49.972+0300] {dag.py:3834} INFO - Setting next_dagrun for tutorial_objectstorage to None, run_after=None
[2025-05-04T23:37:49.991+0300] {processor.py:183} INFO - Processing /Users/admin/anaconda3/lib/python3.11/site-packages/airflow/example_dags/tutorial_objectstorage.py took 0.317 seconds
[2025-05-04T23:39:18.950+0300] {processor.py:161} INFO - Started process (PID=24942) to work on /Users/admin/anaconda3/lib/python3.11/site-packages/airflow/example_dags/tutorial_objectstorage.py
[2025-05-04T23:39:18.950+0300] {processor.py:830} INFO - Processing file /Users/admin/anaconda3/lib/python3.11/site-packages/airflow/example_dags/tutorial_objectstorage.py for tasks to queue
[2025-05-04T23:39:18.951+0300] {logging_mixin.py:188} INFO - [2025-05-04T23:39:18.951+0300] {dagbag.py:540} INFO - Filling up the DagBag from /Users/admin/anaconda3/lib/python3.11/site-packages/airflow/example_dags/tutorial_objectstorage.py
[2025-05-04T23:39:19.040+0300] {processor.py:840} INFO - DAG(s) 'tutorial_objectstorage' retrieved from /Users/admin/anaconda3/lib/python3.11/site-packages/airflow/example_dags/tutorial_objectstorage.py
[2025-05-04T23:39:19.099+0300] {logging_mixin.py:188} INFO - [2025-05-04T23:39:19.099+0300] {dag.py:3047} INFO - Sync 1 DAGs
[2025-05-04T23:39:19.104+0300] {logging_mixin.py:188} INFO - [2025-05-04T23:39:19.104+0300] {dag.py:3834} INFO - Setting next_dagrun for tutorial_objectstorage to None, run_after=None
[2025-05-04T23:39:19.115+0300] {processor.py:183} INFO - Processing /Users/admin/anaconda3/lib/python3.11/site-packages/airflow/example_dags/tutorial_objectstorage.py took 0.166 seconds
[2025-05-04T23:40:59.747+0300] {processor.py:161} INFO - Started process (PID=25418) to work on /Users/admin/anaconda3/lib/python3.11/site-packages/airflow/example_dags/tutorial_objectstorage.py
[2025-05-04T23:40:59.749+0300] {processor.py:830} INFO - Processing file /Users/admin/anaconda3/lib/python3.11/site-packages/airflow/example_dags/tutorial_objectstorage.py for tasks to queue
[2025-05-04T23:40:59.749+0300] {logging_mixin.py:188} INFO - [2025-05-04T23:40:59.749+0300] {dagbag.py:540} INFO - Filling up the DagBag from /Users/admin/anaconda3/lib/python3.11/site-packages/airflow/example_dags/tutorial_objectstorage.py
[2025-05-04T23:40:59.841+0300] {processor.py:840} INFO - DAG(s) 'tutorial_objectstorage' retrieved from /Users/admin/anaconda3/lib/python3.11/site-packages/airflow/example_dags/tutorial_objectstorage.py
[2025-05-04T23:40:59.901+0300] {logging_mixin.py:188} INFO - [2025-05-04T23:40:59.901+0300] {dag.py:3047} INFO - Sync 1 DAGs
[2025-05-04T23:40:59.906+0300] {logging_mixin.py:188} INFO - [2025-05-04T23:40:59.906+0300] {dag.py:3834} INFO - Setting next_dagrun for tutorial_objectstorage to None, run_after=None
[2025-05-04T23:40:59.916+0300] {processor.py:183} INFO - Processing /Users/admin/anaconda3/lib/python3.11/site-packages/airflow/example_dags/tutorial_objectstorage.py took 0.169 seconds
[2025-05-04T23:42:43.646+0300] {processor.py:161} INFO - Started process (PID=25892) to work on /Users/admin/anaconda3/lib/python3.11/site-packages/airflow/example_dags/tutorial_objectstorage.py
[2025-05-04T23:42:43.648+0300] {processor.py:830} INFO - Processing file /Users/admin/anaconda3/lib/python3.11/site-packages/airflow/example_dags/tutorial_objectstorage.py for tasks to queue
[2025-05-04T23:42:43.648+0300] {logging_mixin.py:188} INFO - [2025-05-04T23:42:43.648+0300] {dagbag.py:540} INFO - Filling up the DagBag from /Users/admin/anaconda3/lib/python3.11/site-packages/airflow/example_dags/tutorial_objectstorage.py
[2025-05-04T23:42:43.746+0300] {processor.py:840} INFO - DAG(s) 'tutorial_objectstorage' retrieved from /Users/admin/anaconda3/lib/python3.11/site-packages/airflow/example_dags/tutorial_objectstorage.py
[2025-05-04T23:42:43.824+0300] {logging_mixin.py:188} INFO - [2025-05-04T23:42:43.823+0300] {dag.py:3047} INFO - Sync 1 DAGs
[2025-05-04T23:42:43.831+0300] {logging_mixin.py:188} INFO - [2025-05-04T23:42:43.830+0300] {dag.py:3834} INFO - Setting next_dagrun for tutorial_objectstorage to None, run_after=None
[2025-05-04T23:42:43.845+0300] {processor.py:183} INFO - Processing /Users/admin/anaconda3/lib/python3.11/site-packages/airflow/example_dags/tutorial_objectstorage.py took 0.199 seconds
[2025-05-04T23:44:28.426+0300] {processor.py:161} INFO - Started process (PID=26378) to work on /Users/admin/anaconda3/lib/python3.11/site-packages/airflow/example_dags/tutorial_objectstorage.py
[2025-05-04T23:44:28.427+0300] {processor.py:830} INFO - Processing file /Users/admin/anaconda3/lib/python3.11/site-packages/airflow/example_dags/tutorial_objectstorage.py for tasks to queue
[2025-05-04T23:44:28.428+0300] {logging_mixin.py:188} INFO - [2025-05-04T23:44:28.428+0300] {dagbag.py:540} INFO - Filling up the DagBag from /Users/admin/anaconda3/lib/python3.11/site-packages/airflow/example_dags/tutorial_objectstorage.py
[2025-05-04T23:44:28.515+0300] {processor.py:840} INFO - DAG(s) 'tutorial_objectstorage' retrieved from /Users/admin/anaconda3/lib/python3.11/site-packages/airflow/example_dags/tutorial_objectstorage.py
[2025-05-04T23:44:28.574+0300] {logging_mixin.py:188} INFO - [2025-05-04T23:44:28.574+0300] {dag.py:3047} INFO - Sync 1 DAGs
[2025-05-04T23:44:28.579+0300] {logging_mixin.py:188} INFO - [2025-05-04T23:44:28.579+0300] {dag.py:3834} INFO - Setting next_dagrun for tutorial_objectstorage to None, run_after=None
[2025-05-04T23:44:28.590+0300] {processor.py:183} INFO - Processing /Users/admin/anaconda3/lib/python3.11/site-packages/airflow/example_dags/tutorial_objectstorage.py took 0.165 seconds
[2025-05-04T23:46:02.132+0300] {processor.py:161} INFO - Started process (PID=26815) to work on /Users/admin/anaconda3/lib/python3.11/site-packages/airflow/example_dags/tutorial_objectstorage.py
[2025-05-04T23:46:02.134+0300] {processor.py:830} INFO - Processing file /Users/admin/anaconda3/lib/python3.11/site-packages/airflow/example_dags/tutorial_objectstorage.py for tasks to queue
[2025-05-04T23:46:02.134+0300] {logging_mixin.py:188} INFO - [2025-05-04T23:46:02.134+0300] {dagbag.py:540} INFO - Filling up the DagBag from /Users/admin/anaconda3/lib/python3.11/site-packages/airflow/example_dags/tutorial_objectstorage.py
[2025-05-04T23:46:02.226+0300] {processor.py:840} INFO - DAG(s) 'tutorial_objectstorage' retrieved from /Users/admin/anaconda3/lib/python3.11/site-packages/airflow/example_dags/tutorial_objectstorage.py
[2025-05-04T23:46:02.285+0300] {logging_mixin.py:188} INFO - [2025-05-04T23:46:02.285+0300] {dag.py:3047} INFO - Sync 1 DAGs
[2025-05-04T23:46:02.290+0300] {logging_mixin.py:188} INFO - [2025-05-04T23:46:02.290+0300] {dag.py:3834} INFO - Setting next_dagrun for tutorial_objectstorage to None, run_after=None
[2025-05-04T23:46:02.301+0300] {processor.py:183} INFO - Processing /Users/admin/anaconda3/lib/python3.11/site-packages/airflow/example_dags/tutorial_objectstorage.py took 0.169 seconds
[2025-05-04T23:47:32.832+0300] {processor.py:161} INFO - Started process (PID=27237) to work on /Users/admin/anaconda3/lib/python3.11/site-packages/airflow/example_dags/tutorial_objectstorage.py
[2025-05-04T23:47:32.833+0300] {processor.py:830} INFO - Processing file /Users/admin/anaconda3/lib/python3.11/site-packages/airflow/example_dags/tutorial_objectstorage.py for tasks to queue
[2025-05-04T23:47:32.834+0300] {logging_mixin.py:188} INFO - [2025-05-04T23:47:32.833+0300] {dagbag.py:540} INFO - Filling up the DagBag from /Users/admin/anaconda3/lib/python3.11/site-packages/airflow/example_dags/tutorial_objectstorage.py
[2025-05-04T23:47:32.920+0300] {processor.py:840} INFO - DAG(s) 'tutorial_objectstorage' retrieved from /Users/admin/anaconda3/lib/python3.11/site-packages/airflow/example_dags/tutorial_objectstorage.py
[2025-05-04T23:47:32.978+0300] {logging_mixin.py:188} INFO - [2025-05-04T23:47:32.978+0300] {dag.py:3047} INFO - Sync 1 DAGs
[2025-05-04T23:47:32.983+0300] {logging_mixin.py:188} INFO - [2025-05-04T23:47:32.983+0300] {dag.py:3834} INFO - Setting next_dagrun for tutorial_objectstorage to None, run_after=None
[2025-05-04T23:47:32.993+0300] {processor.py:183} INFO - Processing /Users/admin/anaconda3/lib/python3.11/site-packages/airflow/example_dags/tutorial_objectstorage.py took 0.162 seconds
[2025-05-04T23:49:02.944+0300] {processor.py:161} INFO - Started process (PID=27663) to work on /Users/admin/anaconda3/lib/python3.11/site-packages/airflow/example_dags/tutorial_objectstorage.py
[2025-05-04T23:49:02.945+0300] {processor.py:830} INFO - Processing file /Users/admin/anaconda3/lib/python3.11/site-packages/airflow/example_dags/tutorial_objectstorage.py for tasks to queue
[2025-05-04T23:49:02.946+0300] {logging_mixin.py:188} INFO - [2025-05-04T23:49:02.945+0300] {dagbag.py:540} INFO - Filling up the DagBag from /Users/admin/anaconda3/lib/python3.11/site-packages/airflow/example_dags/tutorial_objectstorage.py
[2025-05-04T23:49:03.049+0300] {processor.py:840} INFO - DAG(s) 'tutorial_objectstorage' retrieved from /Users/admin/anaconda3/lib/python3.11/site-packages/airflow/example_dags/tutorial_objectstorage.py
[2025-05-04T23:49:03.113+0300] {logging_mixin.py:188} INFO - [2025-05-04T23:49:03.113+0300] {dag.py:3047} INFO - Sync 1 DAGs
[2025-05-04T23:49:03.118+0300] {logging_mixin.py:188} INFO - [2025-05-04T23:49:03.118+0300] {dag.py:3834} INFO - Setting next_dagrun for tutorial_objectstorage to None, run_after=None
[2025-05-04T23:49:03.129+0300] {processor.py:183} INFO - Processing /Users/admin/anaconda3/lib/python3.11/site-packages/airflow/example_dags/tutorial_objectstorage.py took 0.185 seconds
[2025-05-04T23:50:30.840+0300] {processor.py:161} INFO - Started process (PID=28070) to work on /Users/admin/anaconda3/lib/python3.11/site-packages/airflow/example_dags/tutorial_objectstorage.py
[2025-05-04T23:50:30.842+0300] {processor.py:830} INFO - Processing file /Users/admin/anaconda3/lib/python3.11/site-packages/airflow/example_dags/tutorial_objectstorage.py for tasks to queue
[2025-05-04T23:50:30.842+0300] {logging_mixin.py:188} INFO - [2025-05-04T23:50:30.842+0300] {dagbag.py:540} INFO - Filling up the DagBag from /Users/admin/anaconda3/lib/python3.11/site-packages/airflow/example_dags/tutorial_objectstorage.py
[2025-05-04T23:50:30.934+0300] {processor.py:840} INFO - DAG(s) 'tutorial_objectstorage' retrieved from /Users/admin/anaconda3/lib/python3.11/site-packages/airflow/example_dags/tutorial_objectstorage.py
[2025-05-04T23:50:30.993+0300] {logging_mixin.py:188} INFO - [2025-05-04T23:50:30.993+0300] {dag.py:3047} INFO - Sync 1 DAGs
[2025-05-04T23:50:30.998+0300] {logging_mixin.py:188} INFO - [2025-05-04T23:50:30.998+0300] {dag.py:3834} INFO - Setting next_dagrun for tutorial_objectstorage to None, run_after=None
[2025-05-04T23:50:31.008+0300] {processor.py:183} INFO - Processing /Users/admin/anaconda3/lib/python3.11/site-packages/airflow/example_dags/tutorial_objectstorage.py took 0.169 seconds
[2025-05-04T23:52:15.218+0300] {processor.py:161} INFO - Started process (PID=28559) to work on /Users/admin/anaconda3/lib/python3.11/site-packages/airflow/example_dags/tutorial_objectstorage.py
[2025-05-04T23:52:15.219+0300] {processor.py:830} INFO - Processing file /Users/admin/anaconda3/lib/python3.11/site-packages/airflow/example_dags/tutorial_objectstorage.py for tasks to queue
[2025-05-04T23:52:15.219+0300] {logging_mixin.py:188} INFO - [2025-05-04T23:52:15.219+0300] {dagbag.py:540} INFO - Filling up the DagBag from /Users/admin/anaconda3/lib/python3.11/site-packages/airflow/example_dags/tutorial_objectstorage.py
[2025-05-04T23:52:15.309+0300] {processor.py:840} INFO - DAG(s) 'tutorial_objectstorage' retrieved from /Users/admin/anaconda3/lib/python3.11/site-packages/airflow/example_dags/tutorial_objectstorage.py
[2025-05-04T23:52:15.368+0300] {logging_mixin.py:188} INFO - [2025-05-04T23:52:15.368+0300] {dag.py:3047} INFO - Sync 1 DAGs
[2025-05-04T23:52:15.373+0300] {logging_mixin.py:188} INFO - [2025-05-04T23:52:15.373+0300] {dag.py:3834} INFO - Setting next_dagrun for tutorial_objectstorage to None, run_after=None
[2025-05-04T23:52:15.384+0300] {processor.py:183} INFO - Processing /Users/admin/anaconda3/lib/python3.11/site-packages/airflow/example_dags/tutorial_objectstorage.py took 0.167 seconds
[2025-05-04T23:58:11.544+0300] {processor.py:161} INFO - Started process (PID=29019) to work on /Users/admin/anaconda3/lib/python3.11/site-packages/airflow/example_dags/tutorial_objectstorage.py
[2025-05-04T23:58:11.545+0300] {processor.py:830} INFO - Processing file /Users/admin/anaconda3/lib/python3.11/site-packages/airflow/example_dags/tutorial_objectstorage.py for tasks to queue
[2025-05-04T23:58:11.546+0300] {logging_mixin.py:188} INFO - [2025-05-04T23:58:11.545+0300] {dagbag.py:540} INFO - Filling up the DagBag from /Users/admin/anaconda3/lib/python3.11/site-packages/airflow/example_dags/tutorial_objectstorage.py
[2025-05-04T23:58:11.637+0300] {processor.py:840} INFO - DAG(s) 'tutorial_objectstorage' retrieved from /Users/admin/anaconda3/lib/python3.11/site-packages/airflow/example_dags/tutorial_objectstorage.py
[2025-05-04T23:58:11.696+0300] {logging_mixin.py:188} INFO - [2025-05-04T23:58:11.696+0300] {dag.py:3047} INFO - Sync 1 DAGs
[2025-05-04T23:58:11.701+0300] {logging_mixin.py:188} INFO - [2025-05-04T23:58:11.701+0300] {dag.py:3834} INFO - Setting next_dagrun for tutorial_objectstorage to None, run_after=None
[2025-05-04T23:58:11.712+0300] {processor.py:183} INFO - Processing /Users/admin/anaconda3/lib/python3.11/site-packages/airflow/example_dags/tutorial_objectstorage.py took 0.169 seconds
