[2025-05-04T22:10:43.668+0300] {processor.py:161} INFO - Started process (PID=13988) to work on /Users/admin/anaconda3/lib/python3.11/site-packages/airflow/example_dags/tutorial_taskflow_api_virtualenv.py
[2025-05-04T22:10:43.669+0300] {processor.py:830} INFO - Processing file /Users/admin/anaconda3/lib/python3.11/site-packages/airflow/example_dags/tutorial_taskflow_api_virtualenv.py for tasks to queue
[2025-05-04T22:10:43.669+0300] {logging_mixin.py:188} INFO - [2025-05-04T22:10:43.669+0300] {dagbag.py:540} INFO - Filling up the DagBag from /Users/admin/anaconda3/lib/python3.11/site-packages/airflow/example_dags/tutorial_taskflow_api_virtualenv.py
[2025-05-04T22:10:43.704+0300] {processor.py:840} INFO - DAG(s) 'tutorial_taskflow_api_virtualenv' retrieved from /Users/admin/anaconda3/lib/python3.11/site-packages/airflow/example_dags/tutorial_taskflow_api_virtualenv.py
[2025-05-04T22:10:43.853+0300] {logging_mixin.py:188} INFO - [2025-05-04T22:10:43.853+0300] {dag.py:3047} INFO - Sync 1 DAGs
[2025-05-04T22:10:43.859+0300] {logging_mixin.py:188} INFO - [2025-05-04T22:10:43.859+0300] {dag.py:3834} INFO - Setting next_dagrun for tutorial_taskflow_api_virtualenv to None, run_after=None
[2025-05-04T22:10:43.871+0300] {processor.py:183} INFO - Processing /Users/admin/anaconda3/lib/python3.11/site-packages/airflow/example_dags/tutorial_taskflow_api_virtualenv.py took 0.204 seconds
[2025-05-04T22:12:39.983+0300] {processor.py:161} INFO - Started process (PID=14595) to work on /Users/admin/anaconda3/lib/python3.11/site-packages/airflow/example_dags/tutorial_taskflow_api_virtualenv.py
[2025-05-04T22:12:39.984+0300] {processor.py:830} INFO - Processing file /Users/admin/anaconda3/lib/python3.11/site-packages/airflow/example_dags/tutorial_taskflow_api_virtualenv.py for tasks to queue
[2025-05-04T22:12:39.984+0300] {logging_mixin.py:188} INFO - [2025-05-04T22:12:39.984+0300] {dagbag.py:540} INFO - Filling up the DagBag from /Users/admin/anaconda3/lib/python3.11/site-packages/airflow/example_dags/tutorial_taskflow_api_virtualenv.py
[2025-05-04T22:12:40.007+0300] {processor.py:840} INFO - DAG(s) 'tutorial_taskflow_api_virtualenv' retrieved from /Users/admin/anaconda3/lib/python3.11/site-packages/airflow/example_dags/tutorial_taskflow_api_virtualenv.py
[2025-05-04T22:12:40.132+0300] {logging_mixin.py:188} INFO - [2025-05-04T22:12:40.132+0300] {dag.py:3047} INFO - Sync 1 DAGs
[2025-05-04T22:12:40.137+0300] {logging_mixin.py:188} INFO - [2025-05-04T22:12:40.137+0300] {dag.py:3834} INFO - Setting next_dagrun for tutorial_taskflow_api_virtualenv to None, run_after=None
[2025-05-04T22:12:40.147+0300] {processor.py:183} INFO - Processing /Users/admin/anaconda3/lib/python3.11/site-packages/airflow/example_dags/tutorial_taskflow_api_virtualenv.py took 0.165 seconds
[2025-05-04T22:14:02.063+0300] {processor.py:161} INFO - Started process (PID=14991) to work on /Users/admin/anaconda3/lib/python3.11/site-packages/airflow/example_dags/tutorial_taskflow_api_virtualenv.py
[2025-05-04T22:14:02.064+0300] {processor.py:830} INFO - Processing file /Users/admin/anaconda3/lib/python3.11/site-packages/airflow/example_dags/tutorial_taskflow_api_virtualenv.py for tasks to queue
[2025-05-04T22:14:02.064+0300] {logging_mixin.py:188} INFO - [2025-05-04T22:14:02.064+0300] {dagbag.py:540} INFO - Filling up the DagBag from /Users/admin/anaconda3/lib/python3.11/site-packages/airflow/example_dags/tutorial_taskflow_api_virtualenv.py
[2025-05-04T22:14:02.093+0300] {processor.py:840} INFO - DAG(s) 'tutorial_taskflow_api_virtualenv' retrieved from /Users/admin/anaconda3/lib/python3.11/site-packages/airflow/example_dags/tutorial_taskflow_api_virtualenv.py
[2025-05-04T22:14:02.215+0300] {logging_mixin.py:188} INFO - [2025-05-04T22:14:02.215+0300] {dag.py:3047} INFO - Sync 1 DAGs
[2025-05-04T22:14:02.220+0300] {logging_mixin.py:188} INFO - [2025-05-04T22:14:02.220+0300] {dag.py:3834} INFO - Setting next_dagrun for tutorial_taskflow_api_virtualenv to None, run_after=None
[2025-05-04T22:14:02.230+0300] {processor.py:183} INFO - Processing /Users/admin/anaconda3/lib/python3.11/site-packages/airflow/example_dags/tutorial_taskflow_api_virtualenv.py took 0.168 seconds
[2025-05-04T22:15:23.033+0300] {processor.py:161} INFO - Started process (PID=15371) to work on /Users/admin/anaconda3/lib/python3.11/site-packages/airflow/example_dags/tutorial_taskflow_api_virtualenv.py
[2025-05-04T22:15:23.034+0300] {processor.py:830} INFO - Processing file /Users/admin/anaconda3/lib/python3.11/site-packages/airflow/example_dags/tutorial_taskflow_api_virtualenv.py for tasks to queue
[2025-05-04T22:15:23.035+0300] {logging_mixin.py:188} INFO - [2025-05-04T22:15:23.035+0300] {dagbag.py:540} INFO - Filling up the DagBag from /Users/admin/anaconda3/lib/python3.11/site-packages/airflow/example_dags/tutorial_taskflow_api_virtualenv.py
[2025-05-04T22:15:23.057+0300] {processor.py:840} INFO - DAG(s) 'tutorial_taskflow_api_virtualenv' retrieved from /Users/admin/anaconda3/lib/python3.11/site-packages/airflow/example_dags/tutorial_taskflow_api_virtualenv.py
[2025-05-04T22:15:23.164+0300] {logging_mixin.py:188} INFO - [2025-05-04T22:15:23.164+0300] {dag.py:3047} INFO - Sync 1 DAGs
[2025-05-04T22:15:23.169+0300] {logging_mixin.py:188} INFO - [2025-05-04T22:15:23.169+0300] {dag.py:3834} INFO - Setting next_dagrun for tutorial_taskflow_api_virtualenv to None, run_after=None
[2025-05-04T22:15:23.179+0300] {processor.py:183} INFO - Processing /Users/admin/anaconda3/lib/python3.11/site-packages/airflow/example_dags/tutorial_taskflow_api_virtualenv.py took 0.147 seconds
[2025-05-04T22:16:45.765+0300] {processor.py:161} INFO - Started process (PID=15773) to work on /Users/admin/anaconda3/lib/python3.11/site-packages/airflow/example_dags/tutorial_taskflow_api_virtualenv.py
[2025-05-04T22:16:45.766+0300] {processor.py:830} INFO - Processing file /Users/admin/anaconda3/lib/python3.11/site-packages/airflow/example_dags/tutorial_taskflow_api_virtualenv.py for tasks to queue
[2025-05-04T22:16:45.766+0300] {logging_mixin.py:188} INFO - [2025-05-04T22:16:45.766+0300] {dagbag.py:540} INFO - Filling up the DagBag from /Users/admin/anaconda3/lib/python3.11/site-packages/airflow/example_dags/tutorial_taskflow_api_virtualenv.py
[2025-05-04T22:16:45.789+0300] {processor.py:840} INFO - DAG(s) 'tutorial_taskflow_api_virtualenv' retrieved from /Users/admin/anaconda3/lib/python3.11/site-packages/airflow/example_dags/tutorial_taskflow_api_virtualenv.py
[2025-05-04T22:16:45.906+0300] {logging_mixin.py:188} INFO - [2025-05-04T22:16:45.906+0300] {dag.py:3047} INFO - Sync 1 DAGs
[2025-05-04T22:16:45.911+0300] {logging_mixin.py:188} INFO - [2025-05-04T22:16:45.911+0300] {dag.py:3834} INFO - Setting next_dagrun for tutorial_taskflow_api_virtualenv to None, run_after=None
[2025-05-04T22:16:45.921+0300] {processor.py:183} INFO - Processing /Users/admin/anaconda3/lib/python3.11/site-packages/airflow/example_dags/tutorial_taskflow_api_virtualenv.py took 0.158 seconds
[2025-05-04T22:18:12.557+0300] {processor.py:161} INFO - Started process (PID=16186) to work on /Users/admin/anaconda3/lib/python3.11/site-packages/airflow/example_dags/tutorial_taskflow_api_virtualenv.py
[2025-05-04T22:18:12.558+0300] {processor.py:830} INFO - Processing file /Users/admin/anaconda3/lib/python3.11/site-packages/airflow/example_dags/tutorial_taskflow_api_virtualenv.py for tasks to queue
[2025-05-04T22:18:12.559+0300] {logging_mixin.py:188} INFO - [2025-05-04T22:18:12.559+0300] {dagbag.py:540} INFO - Filling up the DagBag from /Users/admin/anaconda3/lib/python3.11/site-packages/airflow/example_dags/tutorial_taskflow_api_virtualenv.py
[2025-05-04T22:18:12.587+0300] {processor.py:840} INFO - DAG(s) 'tutorial_taskflow_api_virtualenv' retrieved from /Users/admin/anaconda3/lib/python3.11/site-packages/airflow/example_dags/tutorial_taskflow_api_virtualenv.py
[2025-05-04T22:18:12.708+0300] {logging_mixin.py:188} INFO - [2025-05-04T22:18:12.707+0300] {dag.py:3047} INFO - Sync 1 DAGs
[2025-05-04T22:18:12.712+0300] {logging_mixin.py:188} INFO - [2025-05-04T22:18:12.712+0300] {dag.py:3834} INFO - Setting next_dagrun for tutorial_taskflow_api_virtualenv to None, run_after=None
[2025-05-04T22:18:12.723+0300] {processor.py:183} INFO - Processing /Users/admin/anaconda3/lib/python3.11/site-packages/airflow/example_dags/tutorial_taskflow_api_virtualenv.py took 0.167 seconds
[2025-05-04T22:26:27.391+0300] {processor.py:161} INFO - Started process (PID=16621) to work on /Users/admin/anaconda3/lib/python3.11/site-packages/airflow/example_dags/tutorial_taskflow_api_virtualenv.py
[2025-05-04T22:26:27.392+0300] {processor.py:830} INFO - Processing file /Users/admin/anaconda3/lib/python3.11/site-packages/airflow/example_dags/tutorial_taskflow_api_virtualenv.py for tasks to queue
[2025-05-04T22:26:27.392+0300] {logging_mixin.py:188} INFO - [2025-05-04T22:26:27.392+0300] {dagbag.py:540} INFO - Filling up the DagBag from /Users/admin/anaconda3/lib/python3.11/site-packages/airflow/example_dags/tutorial_taskflow_api_virtualenv.py
[2025-05-04T22:26:27.416+0300] {processor.py:840} INFO - DAG(s) 'tutorial_taskflow_api_virtualenv' retrieved from /Users/admin/anaconda3/lib/python3.11/site-packages/airflow/example_dags/tutorial_taskflow_api_virtualenv.py
[2025-05-04T22:26:27.535+0300] {logging_mixin.py:188} INFO - [2025-05-04T22:26:27.535+0300] {dag.py:3047} INFO - Sync 1 DAGs
[2025-05-04T22:26:27.540+0300] {logging_mixin.py:188} INFO - [2025-05-04T22:26:27.540+0300] {dag.py:3834} INFO - Setting next_dagrun for tutorial_taskflow_api_virtualenv to None, run_after=None
[2025-05-04T22:26:27.550+0300] {processor.py:183} INFO - Processing /Users/admin/anaconda3/lib/python3.11/site-packages/airflow/example_dags/tutorial_taskflow_api_virtualenv.py took 0.160 seconds
[2025-05-04T22:27:50.151+0300] {processor.py:161} INFO - Started process (PID=17006) to work on /Users/admin/anaconda3/lib/python3.11/site-packages/airflow/example_dags/tutorial_taskflow_api_virtualenv.py
[2025-05-04T22:27:50.153+0300] {processor.py:830} INFO - Processing file /Users/admin/anaconda3/lib/python3.11/site-packages/airflow/example_dags/tutorial_taskflow_api_virtualenv.py for tasks to queue
[2025-05-04T22:27:50.153+0300] {logging_mixin.py:188} INFO - [2025-05-04T22:27:50.153+0300] {dagbag.py:540} INFO - Filling up the DagBag from /Users/admin/anaconda3/lib/python3.11/site-packages/airflow/example_dags/tutorial_taskflow_api_virtualenv.py
[2025-05-04T22:27:50.176+0300] {processor.py:840} INFO - DAG(s) 'tutorial_taskflow_api_virtualenv' retrieved from /Users/admin/anaconda3/lib/python3.11/site-packages/airflow/example_dags/tutorial_taskflow_api_virtualenv.py
[2025-05-04T22:27:50.290+0300] {logging_mixin.py:188} INFO - [2025-05-04T22:27:50.290+0300] {dag.py:3047} INFO - Sync 1 DAGs
[2025-05-04T22:27:50.295+0300] {logging_mixin.py:188} INFO - [2025-05-04T22:27:50.295+0300] {dag.py:3834} INFO - Setting next_dagrun for tutorial_taskflow_api_virtualenv to None, run_after=None
[2025-05-04T22:27:50.305+0300] {processor.py:183} INFO - Processing /Users/admin/anaconda3/lib/python3.11/site-packages/airflow/example_dags/tutorial_taskflow_api_virtualenv.py took 0.155 seconds
[2025-05-04T22:29:12.057+0300] {processor.py:161} INFO - Started process (PID=17394) to work on /Users/admin/anaconda3/lib/python3.11/site-packages/airflow/example_dags/tutorial_taskflow_api_virtualenv.py
[2025-05-04T22:29:12.058+0300] {processor.py:830} INFO - Processing file /Users/admin/anaconda3/lib/python3.11/site-packages/airflow/example_dags/tutorial_taskflow_api_virtualenv.py for tasks to queue
[2025-05-04T22:29:12.058+0300] {logging_mixin.py:188} INFO - [2025-05-04T22:29:12.058+0300] {dagbag.py:540} INFO - Filling up the DagBag from /Users/admin/anaconda3/lib/python3.11/site-packages/airflow/example_dags/tutorial_taskflow_api_virtualenv.py
[2025-05-04T22:29:12.081+0300] {processor.py:840} INFO - DAG(s) 'tutorial_taskflow_api_virtualenv' retrieved from /Users/admin/anaconda3/lib/python3.11/site-packages/airflow/example_dags/tutorial_taskflow_api_virtualenv.py
[2025-05-04T22:29:12.200+0300] {logging_mixin.py:188} INFO - [2025-05-04T22:29:12.199+0300] {dag.py:3047} INFO - Sync 1 DAGs
[2025-05-04T22:29:12.204+0300] {logging_mixin.py:188} INFO - [2025-05-04T22:29:12.204+0300] {dag.py:3834} INFO - Setting next_dagrun for tutorial_taskflow_api_virtualenv to None, run_after=None
[2025-05-04T22:29:12.214+0300] {processor.py:183} INFO - Processing /Users/admin/anaconda3/lib/python3.11/site-packages/airflow/example_dags/tutorial_taskflow_api_virtualenv.py took 0.158 seconds
[2025-05-04T22:30:33.497+0300] {processor.py:161} INFO - Started process (PID=17786) to work on /Users/admin/anaconda3/lib/python3.11/site-packages/airflow/example_dags/tutorial_taskflow_api_virtualenv.py
[2025-05-04T22:30:33.498+0300] {processor.py:830} INFO - Processing file /Users/admin/anaconda3/lib/python3.11/site-packages/airflow/example_dags/tutorial_taskflow_api_virtualenv.py for tasks to queue
[2025-05-04T22:30:33.499+0300] {logging_mixin.py:188} INFO - [2025-05-04T22:30:33.498+0300] {dagbag.py:540} INFO - Filling up the DagBag from /Users/admin/anaconda3/lib/python3.11/site-packages/airflow/example_dags/tutorial_taskflow_api_virtualenv.py
[2025-05-04T22:30:33.522+0300] {processor.py:840} INFO - DAG(s) 'tutorial_taskflow_api_virtualenv' retrieved from /Users/admin/anaconda3/lib/python3.11/site-packages/airflow/example_dags/tutorial_taskflow_api_virtualenv.py
[2025-05-04T22:30:33.639+0300] {logging_mixin.py:188} INFO - [2025-05-04T22:30:33.638+0300] {dag.py:3047} INFO - Sync 1 DAGs
[2025-05-04T22:30:33.643+0300] {logging_mixin.py:188} INFO - [2025-05-04T22:30:33.643+0300] {dag.py:3834} INFO - Setting next_dagrun for tutorial_taskflow_api_virtualenv to None, run_after=None
[2025-05-04T22:30:33.653+0300] {processor.py:183} INFO - Processing /Users/admin/anaconda3/lib/python3.11/site-packages/airflow/example_dags/tutorial_taskflow_api_virtualenv.py took 0.157 seconds
[2025-05-04T22:31:57.650+0300] {processor.py:161} INFO - Started process (PID=18230) to work on /Users/admin/anaconda3/lib/python3.11/site-packages/airflow/example_dags/tutorial_taskflow_api_virtualenv.py
[2025-05-04T22:31:57.651+0300] {processor.py:830} INFO - Processing file /Users/admin/anaconda3/lib/python3.11/site-packages/airflow/example_dags/tutorial_taskflow_api_virtualenv.py for tasks to queue
[2025-05-04T22:31:57.651+0300] {logging_mixin.py:188} INFO - [2025-05-04T22:31:57.651+0300] {dagbag.py:540} INFO - Filling up the DagBag from /Users/admin/anaconda3/lib/python3.11/site-packages/airflow/example_dags/tutorial_taskflow_api_virtualenv.py
[2025-05-04T22:31:57.680+0300] {processor.py:840} INFO - DAG(s) 'tutorial_taskflow_api_virtualenv' retrieved from /Users/admin/anaconda3/lib/python3.11/site-packages/airflow/example_dags/tutorial_taskflow_api_virtualenv.py
[2025-05-04T22:31:57.810+0300] {logging_mixin.py:188} INFO - [2025-05-04T22:31:57.810+0300] {dag.py:3047} INFO - Sync 1 DAGs
[2025-05-04T22:31:57.815+0300] {logging_mixin.py:188} INFO - [2025-05-04T22:31:57.815+0300] {dag.py:3834} INFO - Setting next_dagrun for tutorial_taskflow_api_virtualenv to None, run_after=None
[2025-05-04T22:31:57.825+0300] {processor.py:183} INFO - Processing /Users/admin/anaconda3/lib/python3.11/site-packages/airflow/example_dags/tutorial_taskflow_api_virtualenv.py took 0.176 seconds
[2025-05-04T23:17:13.976+0300] {processor.py:161} INFO - Started process (PID=18666) to work on /Users/admin/anaconda3/lib/python3.11/site-packages/airflow/example_dags/tutorial_taskflow_api_virtualenv.py
[2025-05-04T23:17:13.977+0300] {processor.py:830} INFO - Processing file /Users/admin/anaconda3/lib/python3.11/site-packages/airflow/example_dags/tutorial_taskflow_api_virtualenv.py for tasks to queue
[2025-05-04T23:17:13.978+0300] {logging_mixin.py:188} INFO - [2025-05-04T23:17:13.978+0300] {dagbag.py:540} INFO - Filling up the DagBag from /Users/admin/anaconda3/lib/python3.11/site-packages/airflow/example_dags/tutorial_taskflow_api_virtualenv.py
[2025-05-04T23:17:14.000+0300] {processor.py:840} INFO - DAG(s) 'tutorial_taskflow_api_virtualenv' retrieved from /Users/admin/anaconda3/lib/python3.11/site-packages/airflow/example_dags/tutorial_taskflow_api_virtualenv.py
[2025-05-04T23:17:14.107+0300] {logging_mixin.py:188} INFO - [2025-05-04T23:17:14.107+0300] {dag.py:3047} INFO - Sync 1 DAGs
[2025-05-04T23:17:14.112+0300] {logging_mixin.py:188} INFO - [2025-05-04T23:17:14.112+0300] {dag.py:3834} INFO - Setting next_dagrun for tutorial_taskflow_api_virtualenv to None, run_after=None
[2025-05-04T23:17:14.123+0300] {processor.py:183} INFO - Processing /Users/admin/anaconda3/lib/python3.11/site-packages/airflow/example_dags/tutorial_taskflow_api_virtualenv.py took 0.147 seconds
[2025-05-04T23:18:36.796+0300] {processor.py:161} INFO - Started process (PID=19059) to work on /Users/admin/anaconda3/lib/python3.11/site-packages/airflow/example_dags/tutorial_taskflow_api_virtualenv.py
[2025-05-04T23:18:36.797+0300] {processor.py:830} INFO - Processing file /Users/admin/anaconda3/lib/python3.11/site-packages/airflow/example_dags/tutorial_taskflow_api_virtualenv.py for tasks to queue
[2025-05-04T23:18:36.797+0300] {logging_mixin.py:188} INFO - [2025-05-04T23:18:36.797+0300] {dagbag.py:540} INFO - Filling up the DagBag from /Users/admin/anaconda3/lib/python3.11/site-packages/airflow/example_dags/tutorial_taskflow_api_virtualenv.py
[2025-05-04T23:18:36.820+0300] {processor.py:840} INFO - DAG(s) 'tutorial_taskflow_api_virtualenv' retrieved from /Users/admin/anaconda3/lib/python3.11/site-packages/airflow/example_dags/tutorial_taskflow_api_virtualenv.py
[2025-05-04T23:18:36.928+0300] {logging_mixin.py:188} INFO - [2025-05-04T23:18:36.928+0300] {dag.py:3047} INFO - Sync 1 DAGs
[2025-05-04T23:18:36.932+0300] {logging_mixin.py:188} INFO - [2025-05-04T23:18:36.932+0300] {dag.py:3834} INFO - Setting next_dagrun for tutorial_taskflow_api_virtualenv to None, run_after=None
[2025-05-04T23:18:36.942+0300] {processor.py:183} INFO - Processing /Users/admin/anaconda3/lib/python3.11/site-packages/airflow/example_dags/tutorial_taskflow_api_virtualenv.py took 0.147 seconds
[2025-05-04T23:19:58.467+0300] {processor.py:161} INFO - Started process (PID=19446) to work on /Users/admin/anaconda3/lib/python3.11/site-packages/airflow/example_dags/tutorial_taskflow_api_virtualenv.py
[2025-05-04T23:19:58.468+0300] {processor.py:830} INFO - Processing file /Users/admin/anaconda3/lib/python3.11/site-packages/airflow/example_dags/tutorial_taskflow_api_virtualenv.py for tasks to queue
[2025-05-04T23:19:58.469+0300] {logging_mixin.py:188} INFO - [2025-05-04T23:19:58.469+0300] {dagbag.py:540} INFO - Filling up the DagBag from /Users/admin/anaconda3/lib/python3.11/site-packages/airflow/example_dags/tutorial_taskflow_api_virtualenv.py
[2025-05-04T23:19:58.492+0300] {processor.py:840} INFO - DAG(s) 'tutorial_taskflow_api_virtualenv' retrieved from /Users/admin/anaconda3/lib/python3.11/site-packages/airflow/example_dags/tutorial_taskflow_api_virtualenv.py
[2025-05-04T23:19:58.610+0300] {logging_mixin.py:188} INFO - [2025-05-04T23:19:58.609+0300] {dag.py:3047} INFO - Sync 1 DAGs
[2025-05-04T23:19:58.614+0300] {logging_mixin.py:188} INFO - [2025-05-04T23:19:58.614+0300] {dag.py:3834} INFO - Setting next_dagrun for tutorial_taskflow_api_virtualenv to None, run_after=None
[2025-05-04T23:19:58.625+0300] {processor.py:183} INFO - Processing /Users/admin/anaconda3/lib/python3.11/site-packages/airflow/example_dags/tutorial_taskflow_api_virtualenv.py took 0.159 seconds
[2025-05-04T23:21:25.522+0300] {processor.py:161} INFO - Started process (PID=19857) to work on /Users/admin/anaconda3/lib/python3.11/site-packages/airflow/example_dags/tutorial_taskflow_api_virtualenv.py
[2025-05-04T23:21:25.524+0300] {processor.py:830} INFO - Processing file /Users/admin/anaconda3/lib/python3.11/site-packages/airflow/example_dags/tutorial_taskflow_api_virtualenv.py for tasks to queue
[2025-05-04T23:21:25.524+0300] {logging_mixin.py:188} INFO - [2025-05-04T23:21:25.524+0300] {dagbag.py:540} INFO - Filling up the DagBag from /Users/admin/anaconda3/lib/python3.11/site-packages/airflow/example_dags/tutorial_taskflow_api_virtualenv.py
[2025-05-04T23:21:25.547+0300] {processor.py:840} INFO - DAG(s) 'tutorial_taskflow_api_virtualenv' retrieved from /Users/admin/anaconda3/lib/python3.11/site-packages/airflow/example_dags/tutorial_taskflow_api_virtualenv.py
[2025-05-04T23:21:25.664+0300] {logging_mixin.py:188} INFO - [2025-05-04T23:21:25.663+0300] {dag.py:3047} INFO - Sync 1 DAGs
[2025-05-04T23:21:25.668+0300] {logging_mixin.py:188} INFO - [2025-05-04T23:21:25.668+0300] {dag.py:3834} INFO - Setting next_dagrun for tutorial_taskflow_api_virtualenv to None, run_after=None
[2025-05-04T23:21:25.679+0300] {processor.py:183} INFO - Processing /Users/admin/anaconda3/lib/python3.11/site-packages/airflow/example_dags/tutorial_taskflow_api_virtualenv.py took 0.157 seconds
[2025-05-04T23:22:57.064+0300] {processor.py:161} INFO - Started process (PID=20288) to work on /Users/admin/anaconda3/lib/python3.11/site-packages/airflow/example_dags/tutorial_taskflow_api_virtualenv.py
[2025-05-04T23:22:57.065+0300] {processor.py:830} INFO - Processing file /Users/admin/anaconda3/lib/python3.11/site-packages/airflow/example_dags/tutorial_taskflow_api_virtualenv.py for tasks to queue
[2025-05-04T23:22:57.066+0300] {logging_mixin.py:188} INFO - [2025-05-04T23:22:57.066+0300] {dagbag.py:540} INFO - Filling up the DagBag from /Users/admin/anaconda3/lib/python3.11/site-packages/airflow/example_dags/tutorial_taskflow_api_virtualenv.py
[2025-05-04T23:22:57.094+0300] {processor.py:840} INFO - DAG(s) 'tutorial_taskflow_api_virtualenv' retrieved from /Users/admin/anaconda3/lib/python3.11/site-packages/airflow/example_dags/tutorial_taskflow_api_virtualenv.py
[2025-05-04T23:22:57.215+0300] {logging_mixin.py:188} INFO - [2025-05-04T23:22:57.215+0300] {dag.py:3047} INFO - Sync 1 DAGs
[2025-05-04T23:22:57.220+0300] {logging_mixin.py:188} INFO - [2025-05-04T23:22:57.220+0300] {dag.py:3834} INFO - Setting next_dagrun for tutorial_taskflow_api_virtualenv to None, run_after=None
[2025-05-04T23:22:57.230+0300] {processor.py:183} INFO - Processing /Users/admin/anaconda3/lib/python3.11/site-packages/airflow/example_dags/tutorial_taskflow_api_virtualenv.py took 0.167 seconds
[2025-05-04T23:24:21.466+0300] {processor.py:161} INFO - Started process (PID=20677) to work on /Users/admin/anaconda3/lib/python3.11/site-packages/airflow/example_dags/tutorial_taskflow_api_virtualenv.py
[2025-05-04T23:24:21.468+0300] {processor.py:830} INFO - Processing file /Users/admin/anaconda3/lib/python3.11/site-packages/airflow/example_dags/tutorial_taskflow_api_virtualenv.py for tasks to queue
[2025-05-04T23:24:21.468+0300] {logging_mixin.py:188} INFO - [2025-05-04T23:24:21.468+0300] {dagbag.py:540} INFO - Filling up the DagBag from /Users/admin/anaconda3/lib/python3.11/site-packages/airflow/example_dags/tutorial_taskflow_api_virtualenv.py
[2025-05-04T23:24:21.491+0300] {processor.py:840} INFO - DAG(s) 'tutorial_taskflow_api_virtualenv' retrieved from /Users/admin/anaconda3/lib/python3.11/site-packages/airflow/example_dags/tutorial_taskflow_api_virtualenv.py
[2025-05-04T23:24:21.609+0300] {logging_mixin.py:188} INFO - [2025-05-04T23:24:21.609+0300] {dag.py:3047} INFO - Sync 1 DAGs
[2025-05-04T23:24:21.615+0300] {logging_mixin.py:188} INFO - [2025-05-04T23:24:21.615+0300] {dag.py:3834} INFO - Setting next_dagrun for tutorial_taskflow_api_virtualenv to None, run_after=None
[2025-05-04T23:24:21.625+0300] {processor.py:183} INFO - Processing /Users/admin/anaconda3/lib/python3.11/site-packages/airflow/example_dags/tutorial_taskflow_api_virtualenv.py took 0.160 seconds
[2025-05-04T23:25:49.269+0300] {processor.py:161} INFO - Started process (PID=21090) to work on /Users/admin/anaconda3/lib/python3.11/site-packages/airflow/example_dags/tutorial_taskflow_api_virtualenv.py
[2025-05-04T23:25:49.270+0300] {processor.py:830} INFO - Processing file /Users/admin/anaconda3/lib/python3.11/site-packages/airflow/example_dags/tutorial_taskflow_api_virtualenv.py for tasks to queue
[2025-05-04T23:25:49.271+0300] {logging_mixin.py:188} INFO - [2025-05-04T23:25:49.271+0300] {dagbag.py:540} INFO - Filling up the DagBag from /Users/admin/anaconda3/lib/python3.11/site-packages/airflow/example_dags/tutorial_taskflow_api_virtualenv.py
[2025-05-04T23:25:49.297+0300] {processor.py:840} INFO - DAG(s) 'tutorial_taskflow_api_virtualenv' retrieved from /Users/admin/anaconda3/lib/python3.11/site-packages/airflow/example_dags/tutorial_taskflow_api_virtualenv.py
[2025-05-04T23:25:49.433+0300] {logging_mixin.py:188} INFO - [2025-05-04T23:25:49.432+0300] {dag.py:3047} INFO - Sync 1 DAGs
[2025-05-04T23:25:49.438+0300] {logging_mixin.py:188} INFO - [2025-05-04T23:25:49.438+0300] {dag.py:3834} INFO - Setting next_dagrun for tutorial_taskflow_api_virtualenv to None, run_after=None
[2025-05-04T23:25:49.450+0300] {processor.py:183} INFO - Processing /Users/admin/anaconda3/lib/python3.11/site-packages/airflow/example_dags/tutorial_taskflow_api_virtualenv.py took 0.181 seconds
[2025-05-04T23:27:16.078+0300] {processor.py:161} INFO - Started process (PID=21504) to work on /Users/admin/anaconda3/lib/python3.11/site-packages/airflow/example_dags/tutorial_taskflow_api_virtualenv.py
[2025-05-04T23:27:16.079+0300] {processor.py:830} INFO - Processing file /Users/admin/anaconda3/lib/python3.11/site-packages/airflow/example_dags/tutorial_taskflow_api_virtualenv.py for tasks to queue
[2025-05-04T23:27:16.080+0300] {logging_mixin.py:188} INFO - [2025-05-04T23:27:16.080+0300] {dagbag.py:540} INFO - Filling up the DagBag from /Users/admin/anaconda3/lib/python3.11/site-packages/airflow/example_dags/tutorial_taskflow_api_virtualenv.py
[2025-05-04T23:27:16.103+0300] {processor.py:840} INFO - DAG(s) 'tutorial_taskflow_api_virtualenv' retrieved from /Users/admin/anaconda3/lib/python3.11/site-packages/airflow/example_dags/tutorial_taskflow_api_virtualenv.py
[2025-05-04T23:27:16.217+0300] {logging_mixin.py:188} INFO - [2025-05-04T23:27:16.217+0300] {dag.py:3047} INFO - Sync 1 DAGs
[2025-05-04T23:27:16.222+0300] {logging_mixin.py:188} INFO - [2025-05-04T23:27:16.222+0300] {dag.py:3834} INFO - Setting next_dagrun for tutorial_taskflow_api_virtualenv to None, run_after=None
[2025-05-04T23:27:16.232+0300] {processor.py:183} INFO - Processing /Users/admin/anaconda3/lib/python3.11/site-packages/airflow/example_dags/tutorial_taskflow_api_virtualenv.py took 0.154 seconds
[2025-05-04T23:28:43.239+0300] {processor.py:161} INFO - Started process (PID=21911) to work on /Users/admin/anaconda3/lib/python3.11/site-packages/airflow/example_dags/tutorial_taskflow_api_virtualenv.py
[2025-05-04T23:28:43.240+0300] {processor.py:830} INFO - Processing file /Users/admin/anaconda3/lib/python3.11/site-packages/airflow/example_dags/tutorial_taskflow_api_virtualenv.py for tasks to queue
[2025-05-04T23:28:43.241+0300] {logging_mixin.py:188} INFO - [2025-05-04T23:28:43.241+0300] {dagbag.py:540} INFO - Filling up the DagBag from /Users/admin/anaconda3/lib/python3.11/site-packages/airflow/example_dags/tutorial_taskflow_api_virtualenv.py
[2025-05-04T23:28:43.267+0300] {processor.py:840} INFO - DAG(s) 'tutorial_taskflow_api_virtualenv' retrieved from /Users/admin/anaconda3/lib/python3.11/site-packages/airflow/example_dags/tutorial_taskflow_api_virtualenv.py
[2025-05-04T23:28:43.399+0300] {logging_mixin.py:188} INFO - [2025-05-04T23:28:43.398+0300] {dag.py:3047} INFO - Sync 1 DAGs
[2025-05-04T23:28:43.403+0300] {logging_mixin.py:188} INFO - [2025-05-04T23:28:43.403+0300] {dag.py:3834} INFO - Setting next_dagrun for tutorial_taskflow_api_virtualenv to None, run_after=None
[2025-05-04T23:28:43.414+0300] {processor.py:183} INFO - Processing /Users/admin/anaconda3/lib/python3.11/site-packages/airflow/example_dags/tutorial_taskflow_api_virtualenv.py took 0.176 seconds
[2025-05-04T23:30:11.555+0300] {processor.py:161} INFO - Started process (PID=22355) to work on /Users/admin/anaconda3/lib/python3.11/site-packages/airflow/example_dags/tutorial_taskflow_api_virtualenv.py
[2025-05-04T23:30:11.556+0300] {processor.py:830} INFO - Processing file /Users/admin/anaconda3/lib/python3.11/site-packages/airflow/example_dags/tutorial_taskflow_api_virtualenv.py for tasks to queue
[2025-05-04T23:30:11.556+0300] {logging_mixin.py:188} INFO - [2025-05-04T23:30:11.556+0300] {dagbag.py:540} INFO - Filling up the DagBag from /Users/admin/anaconda3/lib/python3.11/site-packages/airflow/example_dags/tutorial_taskflow_api_virtualenv.py
[2025-05-04T23:30:11.580+0300] {processor.py:840} INFO - DAG(s) 'tutorial_taskflow_api_virtualenv' retrieved from /Users/admin/anaconda3/lib/python3.11/site-packages/airflow/example_dags/tutorial_taskflow_api_virtualenv.py
[2025-05-04T23:30:11.698+0300] {logging_mixin.py:188} INFO - [2025-05-04T23:30:11.698+0300] {dag.py:3047} INFO - Sync 1 DAGs
[2025-05-04T23:30:11.703+0300] {logging_mixin.py:188} INFO - [2025-05-04T23:30:11.703+0300] {dag.py:3834} INFO - Setting next_dagrun for tutorial_taskflow_api_virtualenv to None, run_after=None
[2025-05-04T23:30:11.713+0300] {processor.py:183} INFO - Processing /Users/admin/anaconda3/lib/python3.11/site-packages/airflow/example_dags/tutorial_taskflow_api_virtualenv.py took 0.159 seconds
[2025-05-04T23:31:42.745+0300] {processor.py:161} INFO - Started process (PID=22778) to work on /Users/admin/anaconda3/lib/python3.11/site-packages/airflow/example_dags/tutorial_taskflow_api_virtualenv.py
[2025-05-04T23:31:42.746+0300] {processor.py:830} INFO - Processing file /Users/admin/anaconda3/lib/python3.11/site-packages/airflow/example_dags/tutorial_taskflow_api_virtualenv.py for tasks to queue
[2025-05-04T23:31:42.747+0300] {logging_mixin.py:188} INFO - [2025-05-04T23:31:42.746+0300] {dagbag.py:540} INFO - Filling up the DagBag from /Users/admin/anaconda3/lib/python3.11/site-packages/airflow/example_dags/tutorial_taskflow_api_virtualenv.py
[2025-05-04T23:31:42.769+0300] {processor.py:840} INFO - DAG(s) 'tutorial_taskflow_api_virtualenv' retrieved from /Users/admin/anaconda3/lib/python3.11/site-packages/airflow/example_dags/tutorial_taskflow_api_virtualenv.py
[2025-05-04T23:31:42.877+0300] {logging_mixin.py:188} INFO - [2025-05-04T23:31:42.877+0300] {dag.py:3047} INFO - Sync 1 DAGs
[2025-05-04T23:31:42.882+0300] {logging_mixin.py:188} INFO - [2025-05-04T23:31:42.882+0300] {dag.py:3834} INFO - Setting next_dagrun for tutorial_taskflow_api_virtualenv to None, run_after=None
[2025-05-04T23:31:42.893+0300] {processor.py:183} INFO - Processing /Users/admin/anaconda3/lib/python3.11/site-packages/airflow/example_dags/tutorial_taskflow_api_virtualenv.py took 0.148 seconds
[2025-05-04T23:33:11.561+0300] {processor.py:161} INFO - Started process (PID=23184) to work on /Users/admin/anaconda3/lib/python3.11/site-packages/airflow/example_dags/tutorial_taskflow_api_virtualenv.py
[2025-05-04T23:33:11.563+0300] {processor.py:830} INFO - Processing file /Users/admin/anaconda3/lib/python3.11/site-packages/airflow/example_dags/tutorial_taskflow_api_virtualenv.py for tasks to queue
[2025-05-04T23:33:11.563+0300] {logging_mixin.py:188} INFO - [2025-05-04T23:33:11.563+0300] {dagbag.py:540} INFO - Filling up the DagBag from /Users/admin/anaconda3/lib/python3.11/site-packages/airflow/example_dags/tutorial_taskflow_api_virtualenv.py
[2025-05-04T23:33:11.592+0300] {processor.py:840} INFO - DAG(s) 'tutorial_taskflow_api_virtualenv' retrieved from /Users/admin/anaconda3/lib/python3.11/site-packages/airflow/example_dags/tutorial_taskflow_api_virtualenv.py
[2025-05-04T23:33:11.716+0300] {logging_mixin.py:188} INFO - [2025-05-04T23:33:11.715+0300] {dag.py:3047} INFO - Sync 1 DAGs
[2025-05-04T23:33:11.720+0300] {logging_mixin.py:188} INFO - [2025-05-04T23:33:11.720+0300] {dag.py:3834} INFO - Setting next_dagrun for tutorial_taskflow_api_virtualenv to None, run_after=None
[2025-05-04T23:33:11.731+0300] {processor.py:183} INFO - Processing /Users/admin/anaconda3/lib/python3.11/site-packages/airflow/example_dags/tutorial_taskflow_api_virtualenv.py took 0.170 seconds
[2025-05-04T23:34:40.759+0300] {processor.py:161} INFO - Started process (PID=23605) to work on /Users/admin/anaconda3/lib/python3.11/site-packages/airflow/example_dags/tutorial_taskflow_api_virtualenv.py
[2025-05-04T23:34:40.760+0300] {processor.py:830} INFO - Processing file /Users/admin/anaconda3/lib/python3.11/site-packages/airflow/example_dags/tutorial_taskflow_api_virtualenv.py for tasks to queue
[2025-05-04T23:34:40.761+0300] {logging_mixin.py:188} INFO - [2025-05-04T23:34:40.761+0300] {dagbag.py:540} INFO - Filling up the DagBag from /Users/admin/anaconda3/lib/python3.11/site-packages/airflow/example_dags/tutorial_taskflow_api_virtualenv.py
[2025-05-04T23:34:40.792+0300] {processor.py:840} INFO - DAG(s) 'tutorial_taskflow_api_virtualenv' retrieved from /Users/admin/anaconda3/lib/python3.11/site-packages/airflow/example_dags/tutorial_taskflow_api_virtualenv.py
[2025-05-04T23:34:40.924+0300] {logging_mixin.py:188} INFO - [2025-05-04T23:34:40.924+0300] {dag.py:3047} INFO - Sync 1 DAGs
[2025-05-04T23:34:40.929+0300] {logging_mixin.py:188} INFO - [2025-05-04T23:34:40.929+0300] {dag.py:3834} INFO - Setting next_dagrun for tutorial_taskflow_api_virtualenv to None, run_after=None
[2025-05-04T23:34:40.940+0300] {processor.py:183} INFO - Processing /Users/admin/anaconda3/lib/python3.11/site-packages/airflow/example_dags/tutorial_taskflow_api_virtualenv.py took 0.182 seconds
[2025-05-04T23:36:15.794+0300] {processor.py:161} INFO - Started process (PID=24068) to work on /Users/admin/anaconda3/lib/python3.11/site-packages/airflow/example_dags/tutorial_taskflow_api_virtualenv.py
[2025-05-04T23:36:15.796+0300] {processor.py:830} INFO - Processing file /Users/admin/anaconda3/lib/python3.11/site-packages/airflow/example_dags/tutorial_taskflow_api_virtualenv.py for tasks to queue
[2025-05-04T23:36:15.796+0300] {logging_mixin.py:188} INFO - [2025-05-04T23:36:15.796+0300] {dagbag.py:540} INFO - Filling up the DagBag from /Users/admin/anaconda3/lib/python3.11/site-packages/airflow/example_dags/tutorial_taskflow_api_virtualenv.py
[2025-05-04T23:36:15.826+0300] {processor.py:840} INFO - DAG(s) 'tutorial_taskflow_api_virtualenv' retrieved from /Users/admin/anaconda3/lib/python3.11/site-packages/airflow/example_dags/tutorial_taskflow_api_virtualenv.py
[2025-05-04T23:36:15.948+0300] {logging_mixin.py:188} INFO - [2025-05-04T23:36:15.948+0300] {dag.py:3047} INFO - Sync 1 DAGs
[2025-05-04T23:36:15.953+0300] {logging_mixin.py:188} INFO - [2025-05-04T23:36:15.953+0300] {dag.py:3834} INFO - Setting next_dagrun for tutorial_taskflow_api_virtualenv to None, run_after=None
[2025-05-04T23:36:15.964+0300] {processor.py:183} INFO - Processing /Users/admin/anaconda3/lib/python3.11/site-packages/airflow/example_dags/tutorial_taskflow_api_virtualenv.py took 0.170 seconds
[2025-05-04T23:37:45.611+0300] {processor.py:161} INFO - Started process (PID=24504) to work on /Users/admin/anaconda3/lib/python3.11/site-packages/airflow/example_dags/tutorial_taskflow_api_virtualenv.py
[2025-05-04T23:37:45.613+0300] {processor.py:830} INFO - Processing file /Users/admin/anaconda3/lib/python3.11/site-packages/airflow/example_dags/tutorial_taskflow_api_virtualenv.py for tasks to queue
[2025-05-04T23:37:45.613+0300] {logging_mixin.py:188} INFO - [2025-05-04T23:37:45.613+0300] {dagbag.py:540} INFO - Filling up the DagBag from /Users/admin/anaconda3/lib/python3.11/site-packages/airflow/example_dags/tutorial_taskflow_api_virtualenv.py
[2025-05-04T23:37:45.636+0300] {processor.py:840} INFO - DAG(s) 'tutorial_taskflow_api_virtualenv' retrieved from /Users/admin/anaconda3/lib/python3.11/site-packages/airflow/example_dags/tutorial_taskflow_api_virtualenv.py
[2025-05-04T23:37:45.761+0300] {logging_mixin.py:188} INFO - [2025-05-04T23:37:45.760+0300] {dag.py:3047} INFO - Sync 1 DAGs
[2025-05-04T23:37:45.765+0300] {logging_mixin.py:188} INFO - [2025-05-04T23:37:45.765+0300] {dag.py:3834} INFO - Setting next_dagrun for tutorial_taskflow_api_virtualenv to None, run_after=None
[2025-05-04T23:37:45.776+0300] {processor.py:183} INFO - Processing /Users/admin/anaconda3/lib/python3.11/site-packages/airflow/example_dags/tutorial_taskflow_api_virtualenv.py took 0.165 seconds
[2025-05-04T23:39:14.918+0300] {processor.py:161} INFO - Started process (PID=24923) to work on /Users/admin/anaconda3/lib/python3.11/site-packages/airflow/example_dags/tutorial_taskflow_api_virtualenv.py
[2025-05-04T23:39:14.919+0300] {processor.py:830} INFO - Processing file /Users/admin/anaconda3/lib/python3.11/site-packages/airflow/example_dags/tutorial_taskflow_api_virtualenv.py for tasks to queue
[2025-05-04T23:39:14.920+0300] {logging_mixin.py:188} INFO - [2025-05-04T23:39:14.920+0300] {dagbag.py:540} INFO - Filling up the DagBag from /Users/admin/anaconda3/lib/python3.11/site-packages/airflow/example_dags/tutorial_taskflow_api_virtualenv.py
[2025-05-04T23:39:14.943+0300] {processor.py:840} INFO - DAG(s) 'tutorial_taskflow_api_virtualenv' retrieved from /Users/admin/anaconda3/lib/python3.11/site-packages/airflow/example_dags/tutorial_taskflow_api_virtualenv.py
[2025-05-04T23:39:15.065+0300] {logging_mixin.py:188} INFO - [2025-05-04T23:39:15.064+0300] {dag.py:3047} INFO - Sync 1 DAGs
[2025-05-04T23:39:15.070+0300] {logging_mixin.py:188} INFO - [2025-05-04T23:39:15.069+0300] {dag.py:3834} INFO - Setting next_dagrun for tutorial_taskflow_api_virtualenv to None, run_after=None
[2025-05-04T23:39:15.080+0300] {processor.py:183} INFO - Processing /Users/admin/anaconda3/lib/python3.11/site-packages/airflow/example_dags/tutorial_taskflow_api_virtualenv.py took 0.163 seconds
[2025-05-04T23:40:54.080+0300] {processor.py:161} INFO - Started process (PID=25391) to work on /Users/admin/anaconda3/lib/python3.11/site-packages/airflow/example_dags/tutorial_taskflow_api_virtualenv.py
[2025-05-04T23:40:54.081+0300] {processor.py:830} INFO - Processing file /Users/admin/anaconda3/lib/python3.11/site-packages/airflow/example_dags/tutorial_taskflow_api_virtualenv.py for tasks to queue
[2025-05-04T23:40:54.081+0300] {logging_mixin.py:188} INFO - [2025-05-04T23:40:54.081+0300] {dagbag.py:540} INFO - Filling up the DagBag from /Users/admin/anaconda3/lib/python3.11/site-packages/airflow/example_dags/tutorial_taskflow_api_virtualenv.py
[2025-05-04T23:40:54.123+0300] {processor.py:840} INFO - DAG(s) 'tutorial_taskflow_api_virtualenv' retrieved from /Users/admin/anaconda3/lib/python3.11/site-packages/airflow/example_dags/tutorial_taskflow_api_virtualenv.py
[2025-05-04T23:40:54.300+0300] {logging_mixin.py:188} INFO - [2025-05-04T23:40:54.300+0300] {dag.py:3047} INFO - Sync 1 DAGs
[2025-05-04T23:40:54.306+0300] {logging_mixin.py:188} INFO - [2025-05-04T23:40:54.306+0300] {dag.py:3834} INFO - Setting next_dagrun for tutorial_taskflow_api_virtualenv to None, run_after=None
[2025-05-04T23:40:54.320+0300] {processor.py:183} INFO - Processing /Users/admin/anaconda3/lib/python3.11/site-packages/airflow/example_dags/tutorial_taskflow_api_virtualenv.py took 0.242 seconds
[2025-05-04T23:42:37.730+0300] {processor.py:161} INFO - Started process (PID=25860) to work on /Users/admin/anaconda3/lib/python3.11/site-packages/airflow/example_dags/tutorial_taskflow_api_virtualenv.py
[2025-05-04T23:42:37.731+0300] {processor.py:830} INFO - Processing file /Users/admin/anaconda3/lib/python3.11/site-packages/airflow/example_dags/tutorial_taskflow_api_virtualenv.py for tasks to queue
[2025-05-04T23:42:37.732+0300] {logging_mixin.py:188} INFO - [2025-05-04T23:42:37.732+0300] {dagbag.py:540} INFO - Filling up the DagBag from /Users/admin/anaconda3/lib/python3.11/site-packages/airflow/example_dags/tutorial_taskflow_api_virtualenv.py
[2025-05-04T23:42:37.795+0300] {processor.py:840} INFO - DAG(s) 'tutorial_taskflow_api_virtualenv' retrieved from /Users/admin/anaconda3/lib/python3.11/site-packages/airflow/example_dags/tutorial_taskflow_api_virtualenv.py
[2025-05-04T23:42:38.093+0300] {logging_mixin.py:188} INFO - [2025-05-04T23:42:38.093+0300] {dag.py:3047} INFO - Sync 1 DAGs
[2025-05-04T23:42:38.104+0300] {logging_mixin.py:188} INFO - [2025-05-04T23:42:38.104+0300] {dag.py:3834} INFO - Setting next_dagrun for tutorial_taskflow_api_virtualenv to None, run_after=None
[2025-05-04T23:42:38.127+0300] {processor.py:183} INFO - Processing /Users/admin/anaconda3/lib/python3.11/site-packages/airflow/example_dags/tutorial_taskflow_api_virtualenv.py took 0.398 seconds
[2025-05-04T23:44:24.381+0300] {processor.py:161} INFO - Started process (PID=26359) to work on /Users/admin/anaconda3/lib/python3.11/site-packages/airflow/example_dags/tutorial_taskflow_api_virtualenv.py
[2025-05-04T23:44:24.382+0300] {processor.py:830} INFO - Processing file /Users/admin/anaconda3/lib/python3.11/site-packages/airflow/example_dags/tutorial_taskflow_api_virtualenv.py for tasks to queue
[2025-05-04T23:44:24.383+0300] {logging_mixin.py:188} INFO - [2025-05-04T23:44:24.383+0300] {dagbag.py:540} INFO - Filling up the DagBag from /Users/admin/anaconda3/lib/python3.11/site-packages/airflow/example_dags/tutorial_taskflow_api_virtualenv.py
[2025-05-04T23:44:24.405+0300] {processor.py:840} INFO - DAG(s) 'tutorial_taskflow_api_virtualenv' retrieved from /Users/admin/anaconda3/lib/python3.11/site-packages/airflow/example_dags/tutorial_taskflow_api_virtualenv.py
[2025-05-04T23:44:24.529+0300] {logging_mixin.py:188} INFO - [2025-05-04T23:44:24.529+0300] {dag.py:3047} INFO - Sync 1 DAGs
[2025-05-04T23:44:24.534+0300] {logging_mixin.py:188} INFO - [2025-05-04T23:44:24.534+0300] {dag.py:3834} INFO - Setting next_dagrun for tutorial_taskflow_api_virtualenv to None, run_after=None
[2025-05-04T23:44:24.545+0300] {processor.py:183} INFO - Processing /Users/admin/anaconda3/lib/python3.11/site-packages/airflow/example_dags/tutorial_taskflow_api_virtualenv.py took 0.164 seconds
[2025-05-04T23:45:57.667+0300] {processor.py:161} INFO - Started process (PID=26795) to work on /Users/admin/anaconda3/lib/python3.11/site-packages/airflow/example_dags/tutorial_taskflow_api_virtualenv.py
[2025-05-04T23:45:57.668+0300] {processor.py:830} INFO - Processing file /Users/admin/anaconda3/lib/python3.11/site-packages/airflow/example_dags/tutorial_taskflow_api_virtualenv.py for tasks to queue
[2025-05-04T23:45:57.668+0300] {logging_mixin.py:188} INFO - [2025-05-04T23:45:57.668+0300] {dagbag.py:540} INFO - Filling up the DagBag from /Users/admin/anaconda3/lib/python3.11/site-packages/airflow/example_dags/tutorial_taskflow_api_virtualenv.py
[2025-05-04T23:45:57.697+0300] {processor.py:840} INFO - DAG(s) 'tutorial_taskflow_api_virtualenv' retrieved from /Users/admin/anaconda3/lib/python3.11/site-packages/airflow/example_dags/tutorial_taskflow_api_virtualenv.py
[2025-05-04T23:45:57.818+0300] {logging_mixin.py:188} INFO - [2025-05-04T23:45:57.818+0300] {dag.py:3047} INFO - Sync 1 DAGs
[2025-05-04T23:45:57.823+0300] {logging_mixin.py:188} INFO - [2025-05-04T23:45:57.823+0300] {dag.py:3834} INFO - Setting next_dagrun for tutorial_taskflow_api_virtualenv to None, run_after=None
[2025-05-04T23:45:57.834+0300] {processor.py:183} INFO - Processing /Users/admin/anaconda3/lib/python3.11/site-packages/airflow/example_dags/tutorial_taskflow_api_virtualenv.py took 0.167 seconds
[2025-05-04T23:47:27.826+0300] {processor.py:161} INFO - Started process (PID=27217) to work on /Users/admin/anaconda3/lib/python3.11/site-packages/airflow/example_dags/tutorial_taskflow_api_virtualenv.py
[2025-05-04T23:47:27.828+0300] {processor.py:830} INFO - Processing file /Users/admin/anaconda3/lib/python3.11/site-packages/airflow/example_dags/tutorial_taskflow_api_virtualenv.py for tasks to queue
[2025-05-04T23:47:27.828+0300] {logging_mixin.py:188} INFO - [2025-05-04T23:47:27.828+0300] {dagbag.py:540} INFO - Filling up the DagBag from /Users/admin/anaconda3/lib/python3.11/site-packages/airflow/example_dags/tutorial_taskflow_api_virtualenv.py
[2025-05-04T23:47:27.853+0300] {processor.py:840} INFO - DAG(s) 'tutorial_taskflow_api_virtualenv' retrieved from /Users/admin/anaconda3/lib/python3.11/site-packages/airflow/example_dags/tutorial_taskflow_api_virtualenv.py
[2025-05-04T23:47:27.972+0300] {logging_mixin.py:188} INFO - [2025-05-04T23:47:27.972+0300] {dag.py:3047} INFO - Sync 1 DAGs
[2025-05-04T23:47:27.977+0300] {logging_mixin.py:188} INFO - [2025-05-04T23:47:27.977+0300] {dag.py:3834} INFO - Setting next_dagrun for tutorial_taskflow_api_virtualenv to None, run_after=None
[2025-05-04T23:47:27.987+0300] {processor.py:183} INFO - Processing /Users/admin/anaconda3/lib/python3.11/site-packages/airflow/example_dags/tutorial_taskflow_api_virtualenv.py took 0.162 seconds
[2025-05-04T23:48:57.808+0300] {processor.py:161} INFO - Started process (PID=27632) to work on /Users/admin/anaconda3/lib/python3.11/site-packages/airflow/example_dags/tutorial_taskflow_api_virtualenv.py
[2025-05-04T23:48:57.809+0300] {processor.py:830} INFO - Processing file /Users/admin/anaconda3/lib/python3.11/site-packages/airflow/example_dags/tutorial_taskflow_api_virtualenv.py for tasks to queue
[2025-05-04T23:48:57.809+0300] {logging_mixin.py:188} INFO - [2025-05-04T23:48:57.809+0300] {dagbag.py:540} INFO - Filling up the DagBag from /Users/admin/anaconda3/lib/python3.11/site-packages/airflow/example_dags/tutorial_taskflow_api_virtualenv.py
[2025-05-04T23:48:57.832+0300] {processor.py:840} INFO - DAG(s) 'tutorial_taskflow_api_virtualenv' retrieved from /Users/admin/anaconda3/lib/python3.11/site-packages/airflow/example_dags/tutorial_taskflow_api_virtualenv.py
[2025-05-04T23:48:57.973+0300] {logging_mixin.py:188} INFO - [2025-05-04T23:48:57.973+0300] {dag.py:3047} INFO - Sync 1 DAGs
[2025-05-04T23:48:57.979+0300] {logging_mixin.py:188} INFO - [2025-05-04T23:48:57.979+0300] {dag.py:3834} INFO - Setting next_dagrun for tutorial_taskflow_api_virtualenv to None, run_after=None
[2025-05-04T23:48:57.990+0300] {processor.py:183} INFO - Processing /Users/admin/anaconda3/lib/python3.11/site-packages/airflow/example_dags/tutorial_taskflow_api_virtualenv.py took 0.183 seconds
[2025-05-04T23:50:25.870+0300] {processor.py:161} INFO - Started process (PID=28051) to work on /Users/admin/anaconda3/lib/python3.11/site-packages/airflow/example_dags/tutorial_taskflow_api_virtualenv.py
[2025-05-04T23:50:25.871+0300] {processor.py:830} INFO - Processing file /Users/admin/anaconda3/lib/python3.11/site-packages/airflow/example_dags/tutorial_taskflow_api_virtualenv.py for tasks to queue
[2025-05-04T23:50:25.872+0300] {logging_mixin.py:188} INFO - [2025-05-04T23:50:25.872+0300] {dagbag.py:540} INFO - Filling up the DagBag from /Users/admin/anaconda3/lib/python3.11/site-packages/airflow/example_dags/tutorial_taskflow_api_virtualenv.py
[2025-05-04T23:50:25.895+0300] {processor.py:840} INFO - DAG(s) 'tutorial_taskflow_api_virtualenv' retrieved from /Users/admin/anaconda3/lib/python3.11/site-packages/airflow/example_dags/tutorial_taskflow_api_virtualenv.py
[2025-05-04T23:50:26.035+0300] {logging_mixin.py:188} INFO - [2025-05-04T23:50:26.035+0300] {dag.py:3047} INFO - Sync 1 DAGs
[2025-05-04T23:50:26.041+0300] {logging_mixin.py:188} INFO - [2025-05-04T23:50:26.041+0300] {dag.py:3834} INFO - Setting next_dagrun for tutorial_taskflow_api_virtualenv to None, run_after=None
[2025-05-04T23:50:26.059+0300] {processor.py:183} INFO - Processing /Users/admin/anaconda3/lib/python3.11/site-packages/airflow/example_dags/tutorial_taskflow_api_virtualenv.py took 0.190 seconds
[2025-05-04T23:52:10.295+0300] {processor.py:161} INFO - Started process (PID=28535) to work on /Users/admin/anaconda3/lib/python3.11/site-packages/airflow/example_dags/tutorial_taskflow_api_virtualenv.py
[2025-05-04T23:52:10.296+0300] {processor.py:830} INFO - Processing file /Users/admin/anaconda3/lib/python3.11/site-packages/airflow/example_dags/tutorial_taskflow_api_virtualenv.py for tasks to queue
[2025-05-04T23:52:10.296+0300] {logging_mixin.py:188} INFO - [2025-05-04T23:52:10.296+0300] {dagbag.py:540} INFO - Filling up the DagBag from /Users/admin/anaconda3/lib/python3.11/site-packages/airflow/example_dags/tutorial_taskflow_api_virtualenv.py
[2025-05-04T23:52:10.319+0300] {processor.py:840} INFO - DAG(s) 'tutorial_taskflow_api_virtualenv' retrieved from /Users/admin/anaconda3/lib/python3.11/site-packages/airflow/example_dags/tutorial_taskflow_api_virtualenv.py
[2025-05-04T23:52:10.442+0300] {logging_mixin.py:188} INFO - [2025-05-04T23:52:10.442+0300] {dag.py:3047} INFO - Sync 1 DAGs
[2025-05-04T23:52:10.447+0300] {logging_mixin.py:188} INFO - [2025-05-04T23:52:10.446+0300] {dag.py:3834} INFO - Setting next_dagrun for tutorial_taskflow_api_virtualenv to None, run_after=None
[2025-05-04T23:52:10.457+0300] {processor.py:183} INFO - Processing /Users/admin/anaconda3/lib/python3.11/site-packages/airflow/example_dags/tutorial_taskflow_api_virtualenv.py took 0.163 seconds
[2025-05-04T23:58:06.523+0300] {processor.py:161} INFO - Started process (PID=28995) to work on /Users/admin/anaconda3/lib/python3.11/site-packages/airflow/example_dags/tutorial_taskflow_api_virtualenv.py
[2025-05-04T23:58:06.525+0300] {processor.py:830} INFO - Processing file /Users/admin/anaconda3/lib/python3.11/site-packages/airflow/example_dags/tutorial_taskflow_api_virtualenv.py for tasks to queue
[2025-05-04T23:58:06.525+0300] {logging_mixin.py:188} INFO - [2025-05-04T23:58:06.525+0300] {dagbag.py:540} INFO - Filling up the DagBag from /Users/admin/anaconda3/lib/python3.11/site-packages/airflow/example_dags/tutorial_taskflow_api_virtualenv.py
[2025-05-04T23:58:06.553+0300] {processor.py:840} INFO - DAG(s) 'tutorial_taskflow_api_virtualenv' retrieved from /Users/admin/anaconda3/lib/python3.11/site-packages/airflow/example_dags/tutorial_taskflow_api_virtualenv.py
[2025-05-04T23:58:06.678+0300] {logging_mixin.py:188} INFO - [2025-05-04T23:58:06.678+0300] {dag.py:3047} INFO - Sync 1 DAGs
[2025-05-04T23:58:06.683+0300] {logging_mixin.py:188} INFO - [2025-05-04T23:58:06.682+0300] {dag.py:3834} INFO - Setting next_dagrun for tutorial_taskflow_api_virtualenv to None, run_after=None
[2025-05-04T23:58:06.693+0300] {processor.py:183} INFO - Processing /Users/admin/anaconda3/lib/python3.11/site-packages/airflow/example_dags/tutorial_taskflow_api_virtualenv.py took 0.170 seconds
