[2024-04-26T00:26:02.888+0000] {processor.py:161} INFO - Started process (PID=37323) to work on /home/airflow/.local/lib/python3.12/site-packages/airflow/example_dags/example_python_decorator.py
[2024-04-26T00:26:02.889+0000] {processor.py:830} INFO - Processing file /home/airflow/.local/lib/python3.12/site-packages/airflow/example_dags/example_python_decorator.py for tasks to queue
[2024-04-26T00:26:02.890+0000] {logging_mixin.py:188} INFO - [2024-04-26T00:26:02.890+0000] {dagbag.py:540} INFO - Filling up the DagBag from /home/airflow/.local/lib/python3.12/site-packages/airflow/example_dags/example_python_decorator.py
[2024-04-26T00:26:02.900+0000] {processor.py:840} INFO - DAG(s) 'example_python_decorator' retrieved from /home/airflow/.local/lib/python3.12/site-packages/airflow/example_dags/example_python_decorator.py
[2024-04-26T00:26:02.918+0000] {logging_mixin.py:188} INFO - [2024-04-26T00:26:02.918+0000] {dag.py:3096} INFO - Sync 1 DAGs
[2024-04-26T00:26:02.931+0000] {logging_mixin.py:188} INFO - [2024-04-26T00:26:02.931+0000] {dag.py:3954} INFO - Setting next_dagrun for example_python_decorator to None, run_after=None
[2024-04-26T00:26:02.954+0000] {processor.py:183} INFO - Processing /home/airflow/.local/lib/python3.12/site-packages/airflow/example_dags/example_python_decorator.py took 0.071 seconds
[2024-04-26T03:28:54.684+0000] {processor.py:161} INFO - Started process (PID=37383) to work on /home/airflow/.local/lib/python3.12/site-packages/airflow/example_dags/example_python_decorator.py
[2024-04-26T03:28:54.685+0000] {processor.py:830} INFO - Processing file /home/airflow/.local/lib/python3.12/site-packages/airflow/example_dags/example_python_decorator.py for tasks to queue
[2024-04-26T03:28:54.686+0000] {logging_mixin.py:188} INFO - [2024-04-26T03:28:54.686+0000] {dagbag.py:540} INFO - Filling up the DagBag from /home/airflow/.local/lib/python3.12/site-packages/airflow/example_dags/example_python_decorator.py
[2024-04-26T03:28:54.697+0000] {processor.py:840} INFO - DAG(s) 'example_python_decorator' retrieved from /home/airflow/.local/lib/python3.12/site-packages/airflow/example_dags/example_python_decorator.py
[2024-04-26T03:28:54.721+0000] {logging_mixin.py:188} INFO - [2024-04-26T03:28:54.721+0000] {dag.py:3096} INFO - Sync 1 DAGs
[2024-04-26T03:28:54.732+0000] {logging_mixin.py:188} INFO - [2024-04-26T03:28:54.732+0000] {dag.py:3954} INFO - Setting next_dagrun for example_python_decorator to None, run_after=None
[2024-04-26T03:28:54.751+0000] {processor.py:183} INFO - Processing /home/airflow/.local/lib/python3.12/site-packages/airflow/example_dags/example_python_decorator.py took 0.072 seconds
[2024-04-26T06:31:49.552+0000] {processor.py:161} INFO - Started process (PID=37443) to work on /home/airflow/.local/lib/python3.12/site-packages/airflow/example_dags/example_python_decorator.py
[2024-04-26T06:31:49.553+0000] {processor.py:830} INFO - Processing file /home/airflow/.local/lib/python3.12/site-packages/airflow/example_dags/example_python_decorator.py for tasks to queue
[2024-04-26T06:31:49.554+0000] {logging_mixin.py:188} INFO - [2024-04-26T06:31:49.554+0000] {dagbag.py:540} INFO - Filling up the DagBag from /home/airflow/.local/lib/python3.12/site-packages/airflow/example_dags/example_python_decorator.py
[2024-04-26T06:31:49.563+0000] {processor.py:840} INFO - DAG(s) 'example_python_decorator' retrieved from /home/airflow/.local/lib/python3.12/site-packages/airflow/example_dags/example_python_decorator.py
[2024-04-26T06:31:49.578+0000] {logging_mixin.py:188} INFO - [2024-04-26T06:31:49.577+0000] {dag.py:3096} INFO - Sync 1 DAGs
[2024-04-26T06:31:49.586+0000] {logging_mixin.py:188} INFO - [2024-04-26T06:31:49.585+0000] {dag.py:3954} INFO - Setting next_dagrun for example_python_decorator to None, run_after=None
[2024-04-26T06:31:49.598+0000] {processor.py:183} INFO - Processing /home/airflow/.local/lib/python3.12/site-packages/airflow/example_dags/example_python_decorator.py took 0.050 seconds
[2024-04-26T08:33:47.527+0000] {processor.py:161} INFO - Started process (PID=37503) to work on /home/airflow/.local/lib/python3.12/site-packages/airflow/example_dags/example_python_decorator.py
[2024-04-26T08:33:47.528+0000] {processor.py:830} INFO - Processing file /home/airflow/.local/lib/python3.12/site-packages/airflow/example_dags/example_python_decorator.py for tasks to queue
[2024-04-26T08:33:47.529+0000] {logging_mixin.py:188} INFO - [2024-04-26T08:33:47.529+0000] {dagbag.py:540} INFO - Filling up the DagBag from /home/airflow/.local/lib/python3.12/site-packages/airflow/example_dags/example_python_decorator.py
[2024-04-26T08:33:47.538+0000] {processor.py:840} INFO - DAG(s) 'example_python_decorator' retrieved from /home/airflow/.local/lib/python3.12/site-packages/airflow/example_dags/example_python_decorator.py
[2024-04-26T08:33:47.553+0000] {logging_mixin.py:188} INFO - [2024-04-26T08:33:47.553+0000] {dag.py:3096} INFO - Sync 1 DAGs
[2024-04-26T08:33:47.561+0000] {logging_mixin.py:188} INFO - [2024-04-26T08:33:47.561+0000] {dag.py:3954} INFO - Setting next_dagrun for example_python_decorator to None, run_after=None
[2024-04-26T08:33:47.574+0000] {processor.py:183} INFO - Processing /home/airflow/.local/lib/python3.12/site-packages/airflow/example_dags/example_python_decorator.py took 0.050 seconds
[2024-04-26T09:34:44.034+0000] {processor.py:161} INFO - Started process (PID=37563) to work on /home/airflow/.local/lib/python3.12/site-packages/airflow/example_dags/example_python_decorator.py
[2024-04-26T09:34:44.034+0000] {processor.py:830} INFO - Processing file /home/airflow/.local/lib/python3.12/site-packages/airflow/example_dags/example_python_decorator.py for tasks to queue
[2024-04-26T09:34:44.035+0000] {logging_mixin.py:188} INFO - [2024-04-26T09:34:44.035+0000] {dagbag.py:540} INFO - Filling up the DagBag from /home/airflow/.local/lib/python3.12/site-packages/airflow/example_dags/example_python_decorator.py
[2024-04-26T09:34:44.044+0000] {processor.py:840} INFO - DAG(s) 'example_python_decorator' retrieved from /home/airflow/.local/lib/python3.12/site-packages/airflow/example_dags/example_python_decorator.py
[2024-04-26T09:34:44.060+0000] {logging_mixin.py:188} INFO - [2024-04-26T09:34:44.060+0000] {dag.py:3096} INFO - Sync 1 DAGs
[2024-04-26T09:34:44.068+0000] {logging_mixin.py:188} INFO - [2024-04-26T09:34:44.068+0000] {dag.py:3954} INFO - Setting next_dagrun for example_python_decorator to None, run_after=None
[2024-04-26T09:34:44.080+0000] {processor.py:183} INFO - Processing /home/airflow/.local/lib/python3.12/site-packages/airflow/example_dags/example_python_decorator.py took 0.051 seconds
[2024-04-26T10:52:42.236+0000] {processor.py:161} INFO - Started process (PID=37623) to work on /home/airflow/.local/lib/python3.12/site-packages/airflow/example_dags/example_python_decorator.py
[2024-04-26T10:52:42.237+0000] {processor.py:830} INFO - Processing file /home/airflow/.local/lib/python3.12/site-packages/airflow/example_dags/example_python_decorator.py for tasks to queue
[2024-04-26T10:52:42.237+0000] {logging_mixin.py:188} INFO - [2024-04-26T10:52:42.237+0000] {dagbag.py:540} INFO - Filling up the DagBag from /home/airflow/.local/lib/python3.12/site-packages/airflow/example_dags/example_python_decorator.py
[2024-04-26T10:52:42.246+0000] {processor.py:840} INFO - DAG(s) 'example_python_decorator' retrieved from /home/airflow/.local/lib/python3.12/site-packages/airflow/example_dags/example_python_decorator.py
[2024-04-26T10:52:42.262+0000] {logging_mixin.py:188} INFO - [2024-04-26T10:52:42.262+0000] {dag.py:3096} INFO - Sync 1 DAGs
[2024-04-26T10:52:42.272+0000] {logging_mixin.py:188} INFO - [2024-04-26T10:52:42.272+0000] {dag.py:3954} INFO - Setting next_dagrun for example_python_decorator to None, run_after=None
[2024-04-26T10:52:42.284+0000] {processor.py:183} INFO - Processing /home/airflow/.local/lib/python3.12/site-packages/airflow/example_dags/example_python_decorator.py took 0.053 seconds
[2024-04-26T14:39:15.276+0000] {processor.py:161} INFO - Started process (PID=37683) to work on /home/airflow/.local/lib/python3.12/site-packages/airflow/example_dags/example_python_decorator.py
[2024-04-26T14:39:15.276+0000] {processor.py:830} INFO - Processing file /home/airflow/.local/lib/python3.12/site-packages/airflow/example_dags/example_python_decorator.py for tasks to queue
[2024-04-26T14:39:15.277+0000] {logging_mixin.py:188} INFO - [2024-04-26T14:39:15.277+0000] {dagbag.py:540} INFO - Filling up the DagBag from /home/airflow/.local/lib/python3.12/site-packages/airflow/example_dags/example_python_decorator.py
[2024-04-26T14:39:15.288+0000] {processor.py:840} INFO - DAG(s) 'example_python_decorator' retrieved from /home/airflow/.local/lib/python3.12/site-packages/airflow/example_dags/example_python_decorator.py
[2024-04-26T14:39:15.305+0000] {logging_mixin.py:188} INFO - [2024-04-26T14:39:15.305+0000] {dag.py:3096} INFO - Sync 1 DAGs
[2024-04-26T14:39:15.316+0000] {logging_mixin.py:188} INFO - [2024-04-26T14:39:15.316+0000] {dag.py:3954} INFO - Setting next_dagrun for example_python_decorator to None, run_after=None
[2024-04-26T14:39:15.333+0000] {processor.py:183} INFO - Processing /home/airflow/.local/lib/python3.12/site-packages/airflow/example_dags/example_python_decorator.py took 0.063 seconds
[2024-04-26T17:42:10.778+0000] {processor.py:161} INFO - Started process (PID=37743) to work on /home/airflow/.local/lib/python3.12/site-packages/airflow/example_dags/example_python_decorator.py
[2024-04-26T17:42:10.779+0000] {processor.py:830} INFO - Processing file /home/airflow/.local/lib/python3.12/site-packages/airflow/example_dags/example_python_decorator.py for tasks to queue
[2024-04-26T17:42:10.780+0000] {logging_mixin.py:188} INFO - [2024-04-26T17:42:10.780+0000] {dagbag.py:540} INFO - Filling up the DagBag from /home/airflow/.local/lib/python3.12/site-packages/airflow/example_dags/example_python_decorator.py
[2024-04-26T17:42:10.789+0000] {processor.py:840} INFO - DAG(s) 'example_python_decorator' retrieved from /home/airflow/.local/lib/python3.12/site-packages/airflow/example_dags/example_python_decorator.py
[2024-04-26T17:42:10.930+0000] {logging_mixin.py:188} INFO - [2024-04-26T17:42:10.930+0000] {dag.py:3096} INFO - Sync 1 DAGs
[2024-04-26T17:42:10.939+0000] {logging_mixin.py:188} INFO - [2024-04-26T17:42:10.939+0000] {dag.py:3954} INFO - Setting next_dagrun for example_python_decorator to None, run_after=None
[2024-04-26T17:42:11.015+0000] {processor.py:183} INFO - Processing /home/airflow/.local/lib/python3.12/site-packages/airflow/example_dags/example_python_decorator.py took 0.241 seconds
[2024-04-26T20:44:59.242+0000] {processor.py:161} INFO - Started process (PID=37803) to work on /home/airflow/.local/lib/python3.12/site-packages/airflow/example_dags/example_python_decorator.py
[2024-04-26T20:44:59.243+0000] {processor.py:830} INFO - Processing file /home/airflow/.local/lib/python3.12/site-packages/airflow/example_dags/example_python_decorator.py for tasks to queue
[2024-04-26T20:44:59.244+0000] {logging_mixin.py:188} INFO - [2024-04-26T20:44:59.243+0000] {dagbag.py:540} INFO - Filling up the DagBag from /home/airflow/.local/lib/python3.12/site-packages/airflow/example_dags/example_python_decorator.py
[2024-04-26T20:44:59.253+0000] {processor.py:840} INFO - DAG(s) 'example_python_decorator' retrieved from /home/airflow/.local/lib/python3.12/site-packages/airflow/example_dags/example_python_decorator.py
[2024-04-26T20:44:59.269+0000] {logging_mixin.py:188} INFO - [2024-04-26T20:44:59.269+0000] {dag.py:3096} INFO - Sync 1 DAGs
[2024-04-26T20:44:59.277+0000] {logging_mixin.py:188} INFO - [2024-04-26T20:44:59.277+0000] {dag.py:3954} INFO - Setting next_dagrun for example_python_decorator to None, run_after=None
[2024-04-26T20:44:59.290+0000] {processor.py:183} INFO - Processing /home/airflow/.local/lib/python3.12/site-packages/airflow/example_dags/example_python_decorator.py took 0.052 seconds
[2024-04-26T22:46:45.560+0000] {processor.py:161} INFO - Started process (PID=37863) to work on /home/airflow/.local/lib/python3.12/site-packages/airflow/example_dags/example_python_decorator.py
[2024-04-26T22:46:45.561+0000] {processor.py:830} INFO - Processing file /home/airflow/.local/lib/python3.12/site-packages/airflow/example_dags/example_python_decorator.py for tasks to queue
[2024-04-26T22:46:45.562+0000] {logging_mixin.py:188} INFO - [2024-04-26T22:46:45.561+0000] {dagbag.py:540} INFO - Filling up the DagBag from /home/airflow/.local/lib/python3.12/site-packages/airflow/example_dags/example_python_decorator.py
[2024-04-26T22:46:45.571+0000] {processor.py:840} INFO - DAG(s) 'example_python_decorator' retrieved from /home/airflow/.local/lib/python3.12/site-packages/airflow/example_dags/example_python_decorator.py
[2024-04-26T22:46:45.588+0000] {logging_mixin.py:188} INFO - [2024-04-26T22:46:45.587+0000] {dag.py:3096} INFO - Sync 1 DAGs
[2024-04-26T22:46:45.596+0000] {logging_mixin.py:188} INFO - [2024-04-26T22:46:45.596+0000] {dag.py:3954} INFO - Setting next_dagrun for example_python_decorator to None, run_after=None
[2024-04-26T22:46:45.609+0000] {processor.py:183} INFO - Processing /home/airflow/.local/lib/python3.12/site-packages/airflow/example_dags/example_python_decorator.py took 0.054 seconds
