[2024-04-26T00:26:03.175+0000] {processor.py:161} INFO - Started process (PID=37329) to work on /home/airflow/.local/lib/python3.12/site-packages/airflow/example_dags/example_branch_python_dop_operator_3.py
[2024-04-26T00:26:03.176+0000] {processor.py:830} INFO - Processing file /home/airflow/.local/lib/python3.12/site-packages/airflow/example_dags/example_branch_python_dop_operator_3.py for tasks to queue
[2024-04-26T00:26:03.177+0000] {logging_mixin.py:188} INFO - [2024-04-26T00:26:03.177+0000] {dagbag.py:540} INFO - Filling up the DagBag from /home/airflow/.local/lib/python3.12/site-packages/airflow/example_dags/example_branch_python_dop_operator_3.py
[2024-04-26T00:26:03.183+0000] {processor.py:840} INFO - DAG(s) 'example_branch_dop_operator_v3' retrieved from /home/airflow/.local/lib/python3.12/site-packages/airflow/example_dags/example_branch_python_dop_operator_3.py
[2024-04-26T00:26:03.200+0000] {logging_mixin.py:188} INFO - [2024-04-26T00:26:03.200+0000] {dag.py:3096} INFO - Sync 1 DAGs
[2024-04-26T00:26:03.223+0000] {logging_mixin.py:188} INFO - [2024-04-26T00:26:03.222+0000] {dag.py:3954} INFO - Setting next_dagrun for example_branch_dop_operator_v3 to 2024-04-26 00:25:00+00:00, run_after=2024-04-26 00:26:00+00:00
[2024-04-26T00:26:03.239+0000] {processor.py:183} INFO - Processing /home/airflow/.local/lib/python3.12/site-packages/airflow/example_dags/example_branch_python_dop_operator_3.py took 0.069 seconds
[2024-04-26T03:28:54.939+0000] {processor.py:161} INFO - Started process (PID=37389) to work on /home/airflow/.local/lib/python3.12/site-packages/airflow/example_dags/example_branch_python_dop_operator_3.py
[2024-04-26T03:28:54.940+0000] {processor.py:830} INFO - Processing file /home/airflow/.local/lib/python3.12/site-packages/airflow/example_dags/example_branch_python_dop_operator_3.py for tasks to queue
[2024-04-26T03:28:54.941+0000] {logging_mixin.py:188} INFO - [2024-04-26T03:28:54.941+0000] {dagbag.py:540} INFO - Filling up the DagBag from /home/airflow/.local/lib/python3.12/site-packages/airflow/example_dags/example_branch_python_dop_operator_3.py
[2024-04-26T03:28:54.948+0000] {processor.py:840} INFO - DAG(s) 'example_branch_dop_operator_v3' retrieved from /home/airflow/.local/lib/python3.12/site-packages/airflow/example_dags/example_branch_python_dop_operator_3.py
[2024-04-26T03:28:54.966+0000] {logging_mixin.py:188} INFO - [2024-04-26T03:28:54.966+0000] {dag.py:3096} INFO - Sync 1 DAGs
[2024-04-26T03:28:54.985+0000] {logging_mixin.py:188} INFO - [2024-04-26T03:28:54.985+0000] {dag.py:3954} INFO - Setting next_dagrun for example_branch_dop_operator_v3 to 2024-04-26 03:27:00+00:00, run_after=2024-04-26 03:28:00+00:00
[2024-04-26T03:28:54.999+0000] {processor.py:183} INFO - Processing /home/airflow/.local/lib/python3.12/site-packages/airflow/example_dags/example_branch_python_dop_operator_3.py took 0.064 seconds
[2024-04-26T06:31:49.752+0000] {processor.py:161} INFO - Started process (PID=37449) to work on /home/airflow/.local/lib/python3.12/site-packages/airflow/example_dags/example_branch_python_dop_operator_3.py
[2024-04-26T06:31:49.753+0000] {processor.py:830} INFO - Processing file /home/airflow/.local/lib/python3.12/site-packages/airflow/example_dags/example_branch_python_dop_operator_3.py for tasks to queue
[2024-04-26T06:31:49.754+0000] {logging_mixin.py:188} INFO - [2024-04-26T06:31:49.754+0000] {dagbag.py:540} INFO - Filling up the DagBag from /home/airflow/.local/lib/python3.12/site-packages/airflow/example_dags/example_branch_python_dop_operator_3.py
[2024-04-26T06:31:49.760+0000] {processor.py:840} INFO - DAG(s) 'example_branch_dop_operator_v3' retrieved from /home/airflow/.local/lib/python3.12/site-packages/airflow/example_dags/example_branch_python_dop_operator_3.py
[2024-04-26T06:31:49.776+0000] {logging_mixin.py:188} INFO - [2024-04-26T06:31:49.775+0000] {dag.py:3096} INFO - Sync 1 DAGs
[2024-04-26T06:31:49.792+0000] {logging_mixin.py:188} INFO - [2024-04-26T06:31:49.792+0000] {dag.py:3954} INFO - Setting next_dagrun for example_branch_dop_operator_v3 to 2024-04-26 06:30:00+00:00, run_after=2024-04-26 06:31:00+00:00
[2024-04-26T06:31:49.804+0000] {processor.py:183} INFO - Processing /home/airflow/.local/lib/python3.12/site-packages/airflow/example_dags/example_branch_python_dop_operator_3.py took 0.056 seconds
[2024-04-26T08:33:47.754+0000] {processor.py:161} INFO - Started process (PID=37509) to work on /home/airflow/.local/lib/python3.12/site-packages/airflow/example_dags/example_branch_python_dop_operator_3.py
[2024-04-26T08:33:47.758+0000] {processor.py:830} INFO - Processing file /home/airflow/.local/lib/python3.12/site-packages/airflow/example_dags/example_branch_python_dop_operator_3.py for tasks to queue
[2024-04-26T08:33:47.758+0000] {logging_mixin.py:188} INFO - [2024-04-26T08:33:47.758+0000] {dagbag.py:540} INFO - Filling up the DagBag from /home/airflow/.local/lib/python3.12/site-packages/airflow/example_dags/example_branch_python_dop_operator_3.py
[2024-04-26T08:33:47.765+0000] {processor.py:840} INFO - DAG(s) 'example_branch_dop_operator_v3' retrieved from /home/airflow/.local/lib/python3.12/site-packages/airflow/example_dags/example_branch_python_dop_operator_3.py
[2024-04-26T08:33:47.780+0000] {logging_mixin.py:188} INFO - [2024-04-26T08:33:47.780+0000] {dag.py:3096} INFO - Sync 1 DAGs
[2024-04-26T08:33:47.798+0000] {logging_mixin.py:188} INFO - [2024-04-26T08:33:47.798+0000] {dag.py:3954} INFO - Setting next_dagrun for example_branch_dop_operator_v3 to 2024-04-26 08:32:00+00:00, run_after=2024-04-26 08:33:00+00:00
[2024-04-26T08:33:47.812+0000] {processor.py:183} INFO - Processing /home/airflow/.local/lib/python3.12/site-packages/airflow/example_dags/example_branch_python_dop_operator_3.py took 0.062 seconds
[2024-04-26T09:34:44.248+0000] {processor.py:161} INFO - Started process (PID=37569) to work on /home/airflow/.local/lib/python3.12/site-packages/airflow/example_dags/example_branch_python_dop_operator_3.py
[2024-04-26T09:34:44.249+0000] {processor.py:830} INFO - Processing file /home/airflow/.local/lib/python3.12/site-packages/airflow/example_dags/example_branch_python_dop_operator_3.py for tasks to queue
[2024-04-26T09:34:44.250+0000] {logging_mixin.py:188} INFO - [2024-04-26T09:34:44.249+0000] {dagbag.py:540} INFO - Filling up the DagBag from /home/airflow/.local/lib/python3.12/site-packages/airflow/example_dags/example_branch_python_dop_operator_3.py
[2024-04-26T09:34:44.256+0000] {processor.py:840} INFO - DAG(s) 'example_branch_dop_operator_v3' retrieved from /home/airflow/.local/lib/python3.12/site-packages/airflow/example_dags/example_branch_python_dop_operator_3.py
[2024-04-26T09:34:44.272+0000] {logging_mixin.py:188} INFO - [2024-04-26T09:34:44.272+0000] {dag.py:3096} INFO - Sync 1 DAGs
[2024-04-26T09:34:44.290+0000] {logging_mixin.py:188} INFO - [2024-04-26T09:34:44.290+0000] {dag.py:3954} INFO - Setting next_dagrun for example_branch_dop_operator_v3 to 2024-04-26 09:33:00+00:00, run_after=2024-04-26 09:34:00+00:00
[2024-04-26T09:34:44.304+0000] {processor.py:183} INFO - Processing /home/airflow/.local/lib/python3.12/site-packages/airflow/example_dags/example_branch_python_dop_operator_3.py took 0.061 seconds
[2024-04-26T10:52:42.449+0000] {processor.py:161} INFO - Started process (PID=37629) to work on /home/airflow/.local/lib/python3.12/site-packages/airflow/example_dags/example_branch_python_dop_operator_3.py
[2024-04-26T10:52:42.450+0000] {processor.py:830} INFO - Processing file /home/airflow/.local/lib/python3.12/site-packages/airflow/example_dags/example_branch_python_dop_operator_3.py for tasks to queue
[2024-04-26T10:52:42.451+0000] {logging_mixin.py:188} INFO - [2024-04-26T10:52:42.451+0000] {dagbag.py:540} INFO - Filling up the DagBag from /home/airflow/.local/lib/python3.12/site-packages/airflow/example_dags/example_branch_python_dop_operator_3.py
[2024-04-26T10:52:42.457+0000] {processor.py:840} INFO - DAG(s) 'example_branch_dop_operator_v3' retrieved from /home/airflow/.local/lib/python3.12/site-packages/airflow/example_dags/example_branch_python_dop_operator_3.py
[2024-04-26T10:52:42.472+0000] {logging_mixin.py:188} INFO - [2024-04-26T10:52:42.472+0000] {dag.py:3096} INFO - Sync 1 DAGs
[2024-04-26T10:52:42.490+0000] {logging_mixin.py:188} INFO - [2024-04-26T10:52:42.490+0000] {dag.py:3954} INFO - Setting next_dagrun for example_branch_dop_operator_v3 to 2024-04-26 10:51:00+00:00, run_after=2024-04-26 10:52:00+00:00
[2024-04-26T10:52:42.503+0000] {processor.py:183} INFO - Processing /home/airflow/.local/lib/python3.12/site-packages/airflow/example_dags/example_branch_python_dop_operator_3.py took 0.058 seconds
[2024-04-26T14:39:15.492+0000] {processor.py:161} INFO - Started process (PID=37689) to work on /home/airflow/.local/lib/python3.12/site-packages/airflow/example_dags/example_branch_python_dop_operator_3.py
[2024-04-26T14:39:15.496+0000] {processor.py:830} INFO - Processing file /home/airflow/.local/lib/python3.12/site-packages/airflow/example_dags/example_branch_python_dop_operator_3.py for tasks to queue
[2024-04-26T14:39:15.497+0000] {logging_mixin.py:188} INFO - [2024-04-26T14:39:15.497+0000] {dagbag.py:540} INFO - Filling up the DagBag from /home/airflow/.local/lib/python3.12/site-packages/airflow/example_dags/example_branch_python_dop_operator_3.py
[2024-04-26T14:39:15.504+0000] {processor.py:840} INFO - DAG(s) 'example_branch_dop_operator_v3' retrieved from /home/airflow/.local/lib/python3.12/site-packages/airflow/example_dags/example_branch_python_dop_operator_3.py
[2024-04-26T14:39:15.518+0000] {logging_mixin.py:188} INFO - [2024-04-26T14:39:15.518+0000] {dag.py:3096} INFO - Sync 1 DAGs
[2024-04-26T14:39:15.536+0000] {logging_mixin.py:188} INFO - [2024-04-26T14:39:15.536+0000] {dag.py:3954} INFO - Setting next_dagrun for example_branch_dop_operator_v3 to 2024-04-26 14:38:00+00:00, run_after=2024-04-26 14:39:00+00:00
[2024-04-26T14:39:15.549+0000] {processor.py:183} INFO - Processing /home/airflow/.local/lib/python3.12/site-packages/airflow/example_dags/example_branch_python_dop_operator_3.py took 0.061 seconds
[2024-04-26T17:42:11.204+0000] {processor.py:161} INFO - Started process (PID=37749) to work on /home/airflow/.local/lib/python3.12/site-packages/airflow/example_dags/example_branch_python_dop_operator_3.py
[2024-04-26T17:42:11.206+0000] {processor.py:830} INFO - Processing file /home/airflow/.local/lib/python3.12/site-packages/airflow/example_dags/example_branch_python_dop_operator_3.py for tasks to queue
[2024-04-26T17:42:11.207+0000] {logging_mixin.py:188} INFO - [2024-04-26T17:42:11.206+0000] {dagbag.py:540} INFO - Filling up the DagBag from /home/airflow/.local/lib/python3.12/site-packages/airflow/example_dags/example_branch_python_dop_operator_3.py
[2024-04-26T17:42:11.213+0000] {processor.py:840} INFO - DAG(s) 'example_branch_dop_operator_v3' retrieved from /home/airflow/.local/lib/python3.12/site-packages/airflow/example_dags/example_branch_python_dop_operator_3.py
[2024-04-26T17:42:11.228+0000] {logging_mixin.py:188} INFO - [2024-04-26T17:42:11.228+0000] {dag.py:3096} INFO - Sync 1 DAGs
[2024-04-26T17:42:11.245+0000] {logging_mixin.py:188} INFO - [2024-04-26T17:42:11.244+0000] {dag.py:3954} INFO - Setting next_dagrun for example_branch_dop_operator_v3 to 2024-04-26 17:41:00+00:00, run_after=2024-04-26 17:42:00+00:00
[2024-04-26T17:42:11.258+0000] {processor.py:183} INFO - Processing /home/airflow/.local/lib/python3.12/site-packages/airflow/example_dags/example_branch_python_dop_operator_3.py took 0.060 seconds
[2024-04-26T20:44:59.450+0000] {processor.py:161} INFO - Started process (PID=37809) to work on /home/airflow/.local/lib/python3.12/site-packages/airflow/example_dags/example_branch_python_dop_operator_3.py
[2024-04-26T20:44:59.451+0000] {processor.py:830} INFO - Processing file /home/airflow/.local/lib/python3.12/site-packages/airflow/example_dags/example_branch_python_dop_operator_3.py for tasks to queue
[2024-04-26T20:44:59.452+0000] {logging_mixin.py:188} INFO - [2024-04-26T20:44:59.452+0000] {dagbag.py:540} INFO - Filling up the DagBag from /home/airflow/.local/lib/python3.12/site-packages/airflow/example_dags/example_branch_python_dop_operator_3.py
[2024-04-26T20:44:59.458+0000] {processor.py:840} INFO - DAG(s) 'example_branch_dop_operator_v3' retrieved from /home/airflow/.local/lib/python3.12/site-packages/airflow/example_dags/example_branch_python_dop_operator_3.py
[2024-04-26T20:44:59.473+0000] {logging_mixin.py:188} INFO - [2024-04-26T20:44:59.473+0000] {dag.py:3096} INFO - Sync 1 DAGs
[2024-04-26T20:44:59.490+0000] {logging_mixin.py:188} INFO - [2024-04-26T20:44:59.490+0000] {dag.py:3954} INFO - Setting next_dagrun for example_branch_dop_operator_v3 to 2024-04-26 20:43:00+00:00, run_after=2024-04-26 20:44:00+00:00
[2024-04-26T20:44:59.503+0000] {processor.py:183} INFO - Processing /home/airflow/.local/lib/python3.12/site-packages/airflow/example_dags/example_branch_python_dop_operator_3.py took 0.057 seconds
[2024-04-26T22:46:45.776+0000] {processor.py:161} INFO - Started process (PID=37869) to work on /home/airflow/.local/lib/python3.12/site-packages/airflow/example_dags/example_branch_python_dop_operator_3.py
[2024-04-26T22:46:45.777+0000] {processor.py:830} INFO - Processing file /home/airflow/.local/lib/python3.12/site-packages/airflow/example_dags/example_branch_python_dop_operator_3.py for tasks to queue
[2024-04-26T22:46:45.778+0000] {logging_mixin.py:188} INFO - [2024-04-26T22:46:45.777+0000] {dagbag.py:540} INFO - Filling up the DagBag from /home/airflow/.local/lib/python3.12/site-packages/airflow/example_dags/example_branch_python_dop_operator_3.py
[2024-04-26T22:46:45.784+0000] {processor.py:840} INFO - DAG(s) 'example_branch_dop_operator_v3' retrieved from /home/airflow/.local/lib/python3.12/site-packages/airflow/example_dags/example_branch_python_dop_operator_3.py
[2024-04-26T22:46:45.798+0000] {logging_mixin.py:188} INFO - [2024-04-26T22:46:45.798+0000] {dag.py:3096} INFO - Sync 1 DAGs
[2024-04-26T22:46:45.815+0000] {logging_mixin.py:188} INFO - [2024-04-26T22:46:45.815+0000] {dag.py:3954} INFO - Setting next_dagrun for example_branch_dop_operator_v3 to 2024-04-26 22:45:00+00:00, run_after=2024-04-26 22:46:00+00:00
[2024-04-26T22:46:45.826+0000] {processor.py:183} INFO - Processing /home/airflow/.local/lib/python3.12/site-packages/airflow/example_dags/example_branch_python_dop_operator_3.py took 0.055 seconds
