[2024-04-26T00:26:02.348+0000] {processor.py:161} INFO - Started process (PID=37311) to work on /home/airflow/.local/lib/python3.12/site-packages/airflow/example_dags/example_bash_decorator.py
[2024-04-26T00:26:02.349+0000] {processor.py:830} INFO - Processing file /home/airflow/.local/lib/python3.12/site-packages/airflow/example_dags/example_bash_decorator.py for tasks to queue
[2024-04-26T00:26:02.350+0000] {logging_mixin.py:188} INFO - [2024-04-26T00:26:02.350+0000] {dagbag.py:540} INFO - Filling up the DagBag from /home/airflow/.local/lib/python3.12/site-packages/airflow/example_dags/example_bash_decorator.py
[2024-04-26T00:26:02.362+0000] {processor.py:840} INFO - DAG(s) 'example_bash_decorator' retrieved from /home/airflow/.local/lib/python3.12/site-packages/airflow/example_dags/example_bash_decorator.py
[2024-04-26T00:26:02.381+0000] {logging_mixin.py:188} INFO - [2024-04-26T00:26:02.381+0000] {dag.py:3096} INFO - Sync 1 DAGs
[2024-04-26T00:26:02.391+0000] {logging_mixin.py:188} INFO - [2024-04-26T00:26:02.391+0000] {dag.py:3954} INFO - Setting next_dagrun for example_bash_decorator to None, run_after=None
[2024-04-26T00:26:02.405+0000] {processor.py:183} INFO - Processing /home/airflow/.local/lib/python3.12/site-packages/airflow/example_dags/example_bash_decorator.py took 0.062 seconds
[2024-04-26T03:28:54.039+0000] {processor.py:161} INFO - Started process (PID=37371) to work on /home/airflow/.local/lib/python3.12/site-packages/airflow/example_dags/example_bash_decorator.py
[2024-04-26T03:28:54.041+0000] {processor.py:830} INFO - Processing file /home/airflow/.local/lib/python3.12/site-packages/airflow/example_dags/example_bash_decorator.py for tasks to queue
[2024-04-26T03:28:54.042+0000] {logging_mixin.py:188} INFO - [2024-04-26T03:28:54.042+0000] {dagbag.py:540} INFO - Filling up the DagBag from /home/airflow/.local/lib/python3.12/site-packages/airflow/example_dags/example_bash_decorator.py
[2024-04-26T03:28:54.061+0000] {processor.py:840} INFO - DAG(s) 'example_bash_decorator' retrieved from /home/airflow/.local/lib/python3.12/site-packages/airflow/example_dags/example_bash_decorator.py
[2024-04-26T03:28:54.098+0000] {logging_mixin.py:188} INFO - [2024-04-26T03:28:54.097+0000] {dag.py:3096} INFO - Sync 1 DAGs
[2024-04-26T03:28:54.111+0000] {logging_mixin.py:188} INFO - [2024-04-26T03:28:54.111+0000] {dag.py:3954} INFO - Setting next_dagrun for example_bash_decorator to None, run_after=None
[2024-04-26T03:28:54.134+0000] {processor.py:183} INFO - Processing /home/airflow/.local/lib/python3.12/site-packages/airflow/example_dags/example_bash_decorator.py took 0.106 seconds
[2024-04-26T06:31:48.662+0000] {processor.py:161} INFO - Started process (PID=37431) to work on /home/airflow/.local/lib/python3.12/site-packages/airflow/example_dags/example_bash_decorator.py
[2024-04-26T06:31:48.667+0000] {processor.py:830} INFO - Processing file /home/airflow/.local/lib/python3.12/site-packages/airflow/example_dags/example_bash_decorator.py for tasks to queue
[2024-04-26T06:31:48.669+0000] {logging_mixin.py:188} INFO - [2024-04-26T06:31:48.668+0000] {dagbag.py:540} INFO - Filling up the DagBag from /home/airflow/.local/lib/python3.12/site-packages/airflow/example_dags/example_bash_decorator.py
[2024-04-26T06:31:48.693+0000] {processor.py:840} INFO - DAG(s) 'example_bash_decorator' retrieved from /home/airflow/.local/lib/python3.12/site-packages/airflow/example_dags/example_bash_decorator.py
[2024-04-26T06:31:48.743+0000] {logging_mixin.py:188} INFO - [2024-04-26T06:31:48.742+0000] {dag.py:3096} INFO - Sync 1 DAGs
[2024-04-26T06:31:48.774+0000] {logging_mixin.py:188} INFO - [2024-04-26T06:31:48.774+0000] {dag.py:3954} INFO - Setting next_dagrun for example_bash_decorator to None, run_after=None
[2024-04-26T06:31:48.813+0000] {processor.py:183} INFO - Processing /home/airflow/.local/lib/python3.12/site-packages/airflow/example_dags/example_bash_decorator.py took 0.164 seconds
[2024-04-26T08:33:47.012+0000] {processor.py:161} INFO - Started process (PID=37491) to work on /home/airflow/.local/lib/python3.12/site-packages/airflow/example_dags/example_bash_decorator.py
[2024-04-26T08:33:47.013+0000] {processor.py:830} INFO - Processing file /home/airflow/.local/lib/python3.12/site-packages/airflow/example_dags/example_bash_decorator.py for tasks to queue
[2024-04-26T08:33:47.015+0000] {logging_mixin.py:188} INFO - [2024-04-26T08:33:47.014+0000] {dagbag.py:540} INFO - Filling up the DagBag from /home/airflow/.local/lib/python3.12/site-packages/airflow/example_dags/example_bash_decorator.py
[2024-04-26T08:33:47.035+0000] {processor.py:840} INFO - DAG(s) 'example_bash_decorator' retrieved from /home/airflow/.local/lib/python3.12/site-packages/airflow/example_dags/example_bash_decorator.py
[2024-04-26T08:33:47.067+0000] {logging_mixin.py:188} INFO - [2024-04-26T08:33:47.067+0000] {dag.py:3096} INFO - Sync 1 DAGs
[2024-04-26T08:33:47.083+0000] {logging_mixin.py:188} INFO - [2024-04-26T08:33:47.083+0000] {dag.py:3954} INFO - Setting next_dagrun for example_bash_decorator to None, run_after=None
[2024-04-26T08:33:47.103+0000] {processor.py:183} INFO - Processing /home/airflow/.local/lib/python3.12/site-packages/airflow/example_dags/example_bash_decorator.py took 0.101 seconds
[2024-04-26T09:34:43.617+0000] {processor.py:161} INFO - Started process (PID=37551) to work on /home/airflow/.local/lib/python3.12/site-packages/airflow/example_dags/example_bash_decorator.py
[2024-04-26T09:34:43.618+0000] {processor.py:830} INFO - Processing file /home/airflow/.local/lib/python3.12/site-packages/airflow/example_dags/example_bash_decorator.py for tasks to queue
[2024-04-26T09:34:43.619+0000] {logging_mixin.py:188} INFO - [2024-04-26T09:34:43.619+0000] {dagbag.py:540} INFO - Filling up the DagBag from /home/airflow/.local/lib/python3.12/site-packages/airflow/example_dags/example_bash_decorator.py
[2024-04-26T09:34:43.631+0000] {processor.py:840} INFO - DAG(s) 'example_bash_decorator' retrieved from /home/airflow/.local/lib/python3.12/site-packages/airflow/example_dags/example_bash_decorator.py
[2024-04-26T09:34:43.651+0000] {logging_mixin.py:188} INFO - [2024-04-26T09:34:43.651+0000] {dag.py:3096} INFO - Sync 1 DAGs
[2024-04-26T09:34:43.662+0000] {logging_mixin.py:188} INFO - [2024-04-26T09:34:43.662+0000] {dag.py:3954} INFO - Setting next_dagrun for example_bash_decorator to None, run_after=None
[2024-04-26T09:34:43.679+0000] {processor.py:183} INFO - Processing /home/airflow/.local/lib/python3.12/site-packages/airflow/example_dags/example_bash_decorator.py took 0.067 seconds
[2024-04-26T10:52:41.552+0000] {processor.py:161} INFO - Started process (PID=37611) to work on /home/airflow/.local/lib/python3.12/site-packages/airflow/example_dags/example_bash_decorator.py
[2024-04-26T10:52:41.553+0000] {processor.py:830} INFO - Processing file /home/airflow/.local/lib/python3.12/site-packages/airflow/example_dags/example_bash_decorator.py for tasks to queue
[2024-04-26T10:52:41.554+0000] {logging_mixin.py:188} INFO - [2024-04-26T10:52:41.553+0000] {dagbag.py:540} INFO - Filling up the DagBag from /home/airflow/.local/lib/python3.12/site-packages/airflow/example_dags/example_bash_decorator.py
[2024-04-26T10:52:41.568+0000] {processor.py:840} INFO - DAG(s) 'example_bash_decorator' retrieved from /home/airflow/.local/lib/python3.12/site-packages/airflow/example_dags/example_bash_decorator.py
[2024-04-26T10:52:41.591+0000] {logging_mixin.py:188} INFO - [2024-04-26T10:52:41.591+0000] {dag.py:3096} INFO - Sync 1 DAGs
[2024-04-26T10:52:41.601+0000] {logging_mixin.py:188} INFO - [2024-04-26T10:52:41.601+0000] {dag.py:3954} INFO - Setting next_dagrun for example_bash_decorator to None, run_after=None
[2024-04-26T10:52:41.616+0000] {processor.py:183} INFO - Processing /home/airflow/.local/lib/python3.12/site-packages/airflow/example_dags/example_bash_decorator.py took 0.071 seconds
[2024-04-26T14:39:14.151+0000] {processor.py:161} INFO - Started process (PID=37671) to work on /home/airflow/.local/lib/python3.12/site-packages/airflow/example_dags/example_bash_decorator.py
[2024-04-26T14:39:14.152+0000] {processor.py:830} INFO - Processing file /home/airflow/.local/lib/python3.12/site-packages/airflow/example_dags/example_bash_decorator.py for tasks to queue
[2024-04-26T14:39:14.156+0000] {logging_mixin.py:188} INFO - [2024-04-26T14:39:14.156+0000] {dagbag.py:540} INFO - Filling up the DagBag from /home/airflow/.local/lib/python3.12/site-packages/airflow/example_dags/example_bash_decorator.py
[2024-04-26T14:39:14.198+0000] {processor.py:840} INFO - DAG(s) 'example_bash_decorator' retrieved from /home/airflow/.local/lib/python3.12/site-packages/airflow/example_dags/example_bash_decorator.py
[2024-04-26T14:39:14.271+0000] {logging_mixin.py:188} INFO - [2024-04-26T14:39:14.271+0000] {dag.py:3096} INFO - Sync 1 DAGs
[2024-04-26T14:39:14.298+0000] {logging_mixin.py:188} INFO - [2024-04-26T14:39:14.298+0000] {dag.py:3954} INFO - Setting next_dagrun for example_bash_decorator to None, run_after=None
[2024-04-26T14:39:14.349+0000] {processor.py:183} INFO - Processing /home/airflow/.local/lib/python3.12/site-packages/airflow/example_dags/example_bash_decorator.py took 0.207 seconds
[2024-04-26T17:42:10.402+0000] {processor.py:161} INFO - Started process (PID=37731) to work on /home/airflow/.local/lib/python3.12/site-packages/airflow/example_dags/example_bash_decorator.py
[2024-04-26T17:42:10.403+0000] {processor.py:830} INFO - Processing file /home/airflow/.local/lib/python3.12/site-packages/airflow/example_dags/example_bash_decorator.py for tasks to queue
[2024-04-26T17:42:10.404+0000] {logging_mixin.py:188} INFO - [2024-04-26T17:42:10.404+0000] {dagbag.py:540} INFO - Filling up the DagBag from /home/airflow/.local/lib/python3.12/site-packages/airflow/example_dags/example_bash_decorator.py
[2024-04-26T17:42:10.413+0000] {processor.py:840} INFO - DAG(s) 'example_bash_decorator' retrieved from /home/airflow/.local/lib/python3.12/site-packages/airflow/example_dags/example_bash_decorator.py
[2024-04-26T17:42:10.430+0000] {logging_mixin.py:188} INFO - [2024-04-26T17:42:10.429+0000] {dag.py:3096} INFO - Sync 1 DAGs
[2024-04-26T17:42:10.438+0000] {logging_mixin.py:188} INFO - [2024-04-26T17:42:10.438+0000] {dag.py:3954} INFO - Setting next_dagrun for example_bash_decorator to None, run_after=None
[2024-04-26T17:42:10.450+0000] {processor.py:183} INFO - Processing /home/airflow/.local/lib/python3.12/site-packages/airflow/example_dags/example_bash_decorator.py took 0.052 seconds
[2024-04-26T20:44:58.789+0000] {processor.py:161} INFO - Started process (PID=37791) to work on /home/airflow/.local/lib/python3.12/site-packages/airflow/example_dags/example_bash_decorator.py
[2024-04-26T20:44:58.790+0000] {processor.py:830} INFO - Processing file /home/airflow/.local/lib/python3.12/site-packages/airflow/example_dags/example_bash_decorator.py for tasks to queue
[2024-04-26T20:44:58.791+0000] {logging_mixin.py:188} INFO - [2024-04-26T20:44:58.790+0000] {dagbag.py:540} INFO - Filling up the DagBag from /home/airflow/.local/lib/python3.12/site-packages/airflow/example_dags/example_bash_decorator.py
[2024-04-26T20:44:58.800+0000] {processor.py:840} INFO - DAG(s) 'example_bash_decorator' retrieved from /home/airflow/.local/lib/python3.12/site-packages/airflow/example_dags/example_bash_decorator.py
[2024-04-26T20:44:58.816+0000] {logging_mixin.py:188} INFO - [2024-04-26T20:44:58.816+0000] {dag.py:3096} INFO - Sync 1 DAGs
[2024-04-26T20:44:58.825+0000] {logging_mixin.py:188} INFO - [2024-04-26T20:44:58.825+0000] {dag.py:3954} INFO - Setting next_dagrun for example_bash_decorator to None, run_after=None
[2024-04-26T20:44:58.837+0000] {processor.py:183} INFO - Processing /home/airflow/.local/lib/python3.12/site-packages/airflow/example_dags/example_bash_decorator.py took 0.053 seconds
[2024-04-26T22:46:44.681+0000] {processor.py:161} INFO - Started process (PID=37851) to work on /home/airflow/.local/lib/python3.12/site-packages/airflow/example_dags/example_bash_decorator.py
[2024-04-26T22:46:44.683+0000] {processor.py:830} INFO - Processing file /home/airflow/.local/lib/python3.12/site-packages/airflow/example_dags/example_bash_decorator.py for tasks to queue
[2024-04-26T22:46:44.685+0000] {logging_mixin.py:188} INFO - [2024-04-26T22:46:44.684+0000] {dagbag.py:540} INFO - Filling up the DagBag from /home/airflow/.local/lib/python3.12/site-packages/airflow/example_dags/example_bash_decorator.py
[2024-04-26T22:46:44.709+0000] {processor.py:840} INFO - DAG(s) 'example_bash_decorator' retrieved from /home/airflow/.local/lib/python3.12/site-packages/airflow/example_dags/example_bash_decorator.py
[2024-04-26T22:46:44.755+0000] {logging_mixin.py:188} INFO - [2024-04-26T22:46:44.754+0000] {dag.py:3096} INFO - Sync 1 DAGs
[2024-04-26T22:46:44.779+0000] {logging_mixin.py:188} INFO - [2024-04-26T22:46:44.779+0000] {dag.py:3954} INFO - Setting next_dagrun for example_bash_decorator to None, run_after=None
[2024-04-26T22:46:44.811+0000] {processor.py:183} INFO - Processing /home/airflow/.local/lib/python3.12/site-packages/airflow/example_dags/example_bash_decorator.py took 0.140 seconds
