[2024-04-26T00:26:03.917+0000] {processor.py:161} INFO - Started process (PID=37345) to work on /home/airflow/.local/lib/python3.12/site-packages/airflow/example_dags/example_task_group_decorator.py
[2024-04-26T00:26:03.918+0000] {processor.py:830} INFO - Processing file /home/airflow/.local/lib/python3.12/site-packages/airflow/example_dags/example_task_group_decorator.py for tasks to queue
[2024-04-26T00:26:03.919+0000] {logging_mixin.py:188} INFO - [2024-04-26T00:26:03.919+0000] {dagbag.py:540} INFO - Filling up the DagBag from /home/airflow/.local/lib/python3.12/site-packages/airflow/example_dags/example_task_group_decorator.py
[2024-04-26T00:26:03.930+0000] {processor.py:840} INFO - DAG(s) 'example_task_group_decorator' retrieved from /home/airflow/.local/lib/python3.12/site-packages/airflow/example_dags/example_task_group_decorator.py
[2024-04-26T00:26:03.949+0000] {logging_mixin.py:188} INFO - [2024-04-26T00:26:03.949+0000] {dag.py:3096} INFO - Sync 1 DAGs
[2024-04-26T00:26:03.968+0000] {logging_mixin.py:188} INFO - [2024-04-26T00:26:03.968+0000] {dag.py:3954} INFO - Setting next_dagrun for example_task_group_decorator to 2024-04-25 00:00:00+00:00, run_after=2024-04-26 00:00:00+00:00
[2024-04-26T00:26:03.981+0000] {processor.py:183} INFO - Processing /home/airflow/.local/lib/python3.12/site-packages/airflow/example_dags/example_task_group_decorator.py took 0.069 seconds
[2024-04-26T03:28:55.724+0000] {processor.py:161} INFO - Started process (PID=37405) to work on /home/airflow/.local/lib/python3.12/site-packages/airflow/example_dags/example_task_group_decorator.py
[2024-04-26T03:28:55.725+0000] {processor.py:830} INFO - Processing file /home/airflow/.local/lib/python3.12/site-packages/airflow/example_dags/example_task_group_decorator.py for tasks to queue
[2024-04-26T03:28:55.726+0000] {logging_mixin.py:188} INFO - [2024-04-26T03:28:55.725+0000] {dagbag.py:540} INFO - Filling up the DagBag from /home/airflow/.local/lib/python3.12/site-packages/airflow/example_dags/example_task_group_decorator.py
[2024-04-26T03:28:55.740+0000] {processor.py:840} INFO - DAG(s) 'example_task_group_decorator' retrieved from /home/airflow/.local/lib/python3.12/site-packages/airflow/example_dags/example_task_group_decorator.py
[2024-04-26T03:28:55.767+0000] {logging_mixin.py:188} INFO - [2024-04-26T03:28:55.767+0000] {dag.py:3096} INFO - Sync 1 DAGs
[2024-04-26T03:28:55.786+0000] {logging_mixin.py:188} INFO - [2024-04-26T03:28:55.786+0000] {dag.py:3954} INFO - Setting next_dagrun for example_task_group_decorator to 2024-04-25 00:00:00+00:00, run_after=2024-04-26 00:00:00+00:00
[2024-04-26T03:28:55.803+0000] {processor.py:183} INFO - Processing /home/airflow/.local/lib/python3.12/site-packages/airflow/example_dags/example_task_group_decorator.py took 0.085 seconds
[2024-04-26T06:31:50.439+0000] {processor.py:161} INFO - Started process (PID=37465) to work on /home/airflow/.local/lib/python3.12/site-packages/airflow/example_dags/example_task_group_decorator.py
[2024-04-26T06:31:50.440+0000] {processor.py:830} INFO - Processing file /home/airflow/.local/lib/python3.12/site-packages/airflow/example_dags/example_task_group_decorator.py for tasks to queue
[2024-04-26T06:31:50.441+0000] {logging_mixin.py:188} INFO - [2024-04-26T06:31:50.440+0000] {dagbag.py:540} INFO - Filling up the DagBag from /home/airflow/.local/lib/python3.12/site-packages/airflow/example_dags/example_task_group_decorator.py
[2024-04-26T06:31:50.452+0000] {processor.py:840} INFO - DAG(s) 'example_task_group_decorator' retrieved from /home/airflow/.local/lib/python3.12/site-packages/airflow/example_dags/example_task_group_decorator.py
[2024-04-26T06:31:50.476+0000] {logging_mixin.py:188} INFO - [2024-04-26T06:31:50.476+0000] {dag.py:3096} INFO - Sync 1 DAGs
[2024-04-26T06:31:50.496+0000] {logging_mixin.py:188} INFO - [2024-04-26T06:31:50.496+0000] {dag.py:3954} INFO - Setting next_dagrun for example_task_group_decorator to 2024-04-25 00:00:00+00:00, run_after=2024-04-26 00:00:00+00:00
[2024-04-26T06:31:50.512+0000] {processor.py:183} INFO - Processing /home/airflow/.local/lib/python3.12/site-packages/airflow/example_dags/example_task_group_decorator.py took 0.078 seconds
[2024-04-26T08:33:48.485+0000] {processor.py:161} INFO - Started process (PID=37525) to work on /home/airflow/.local/lib/python3.12/site-packages/airflow/example_dags/example_task_group_decorator.py
[2024-04-26T08:33:48.486+0000] {processor.py:830} INFO - Processing file /home/airflow/.local/lib/python3.12/site-packages/airflow/example_dags/example_task_group_decorator.py for tasks to queue
[2024-04-26T08:33:48.487+0000] {logging_mixin.py:188} INFO - [2024-04-26T08:33:48.486+0000] {dagbag.py:540} INFO - Filling up the DagBag from /home/airflow/.local/lib/python3.12/site-packages/airflow/example_dags/example_task_group_decorator.py
[2024-04-26T08:33:48.498+0000] {processor.py:840} INFO - DAG(s) 'example_task_group_decorator' retrieved from /home/airflow/.local/lib/python3.12/site-packages/airflow/example_dags/example_task_group_decorator.py
[2024-04-26T08:33:48.518+0000] {logging_mixin.py:188} INFO - [2024-04-26T08:33:48.517+0000] {dag.py:3096} INFO - Sync 1 DAGs
[2024-04-26T08:33:48.535+0000] {logging_mixin.py:188} INFO - [2024-04-26T08:33:48.535+0000] {dag.py:3954} INFO - Setting next_dagrun for example_task_group_decorator to 2024-04-25 00:00:00+00:00, run_after=2024-04-26 00:00:00+00:00
[2024-04-26T08:33:48.550+0000] {processor.py:183} INFO - Processing /home/airflow/.local/lib/python3.12/site-packages/airflow/example_dags/example_task_group_decorator.py took 0.070 seconds
[2024-04-26T09:34:44.957+0000] {processor.py:161} INFO - Started process (PID=37585) to work on /home/airflow/.local/lib/python3.12/site-packages/airflow/example_dags/example_task_group_decorator.py
[2024-04-26T09:34:44.958+0000] {processor.py:830} INFO - Processing file /home/airflow/.local/lib/python3.12/site-packages/airflow/example_dags/example_task_group_decorator.py for tasks to queue
[2024-04-26T09:34:44.959+0000] {logging_mixin.py:188} INFO - [2024-04-26T09:34:44.958+0000] {dagbag.py:540} INFO - Filling up the DagBag from /home/airflow/.local/lib/python3.12/site-packages/airflow/example_dags/example_task_group_decorator.py
[2024-04-26T09:34:44.971+0000] {processor.py:840} INFO - DAG(s) 'example_task_group_decorator' retrieved from /home/airflow/.local/lib/python3.12/site-packages/airflow/example_dags/example_task_group_decorator.py
[2024-04-26T09:34:44.988+0000] {logging_mixin.py:188} INFO - [2024-04-26T09:34:44.988+0000] {dag.py:3096} INFO - Sync 1 DAGs
[2024-04-26T09:34:45.003+0000] {logging_mixin.py:188} INFO - [2024-04-26T09:34:45.003+0000] {dag.py:3954} INFO - Setting next_dagrun for example_task_group_decorator to 2024-04-25 00:00:00+00:00, run_after=2024-04-26 00:00:00+00:00
[2024-04-26T09:34:45.015+0000] {processor.py:183} INFO - Processing /home/airflow/.local/lib/python3.12/site-packages/airflow/example_dags/example_task_group_decorator.py took 0.063 seconds
[2024-04-26T10:52:43.047+0000] {processor.py:161} INFO - Started process (PID=37645) to work on /home/airflow/.local/lib/python3.12/site-packages/airflow/example_dags/example_task_group_decorator.py
[2024-04-26T10:52:43.048+0000] {processor.py:830} INFO - Processing file /home/airflow/.local/lib/python3.12/site-packages/airflow/example_dags/example_task_group_decorator.py for tasks to queue
[2024-04-26T10:52:43.049+0000] {logging_mixin.py:188} INFO - [2024-04-26T10:52:43.048+0000] {dagbag.py:540} INFO - Filling up the DagBag from /home/airflow/.local/lib/python3.12/site-packages/airflow/example_dags/example_task_group_decorator.py
[2024-04-26T10:52:43.059+0000] {processor.py:840} INFO - DAG(s) 'example_task_group_decorator' retrieved from /home/airflow/.local/lib/python3.12/site-packages/airflow/example_dags/example_task_group_decorator.py
[2024-04-26T10:52:43.077+0000] {logging_mixin.py:188} INFO - [2024-04-26T10:52:43.077+0000] {dag.py:3096} INFO - Sync 1 DAGs
[2024-04-26T10:52:43.094+0000] {logging_mixin.py:188} INFO - [2024-04-26T10:52:43.093+0000] {dag.py:3954} INFO - Setting next_dagrun for example_task_group_decorator to 2024-04-25 00:00:00+00:00, run_after=2024-04-26 00:00:00+00:00
[2024-04-26T10:52:43.107+0000] {processor.py:183} INFO - Processing /home/airflow/.local/lib/python3.12/site-packages/airflow/example_dags/example_task_group_decorator.py took 0.064 seconds
[2024-04-26T14:39:16.088+0000] {processor.py:161} INFO - Started process (PID=37705) to work on /home/airflow/.local/lib/python3.12/site-packages/airflow/example_dags/example_task_group_decorator.py
[2024-04-26T14:39:16.089+0000] {processor.py:830} INFO - Processing file /home/airflow/.local/lib/python3.12/site-packages/airflow/example_dags/example_task_group_decorator.py for tasks to queue
[2024-04-26T14:39:16.089+0000] {logging_mixin.py:188} INFO - [2024-04-26T14:39:16.089+0000] {dagbag.py:540} INFO - Filling up the DagBag from /home/airflow/.local/lib/python3.12/site-packages/airflow/example_dags/example_task_group_decorator.py
[2024-04-26T14:39:16.100+0000] {processor.py:840} INFO - DAG(s) 'example_task_group_decorator' retrieved from /home/airflow/.local/lib/python3.12/site-packages/airflow/example_dags/example_task_group_decorator.py
[2024-04-26T14:39:16.120+0000] {logging_mixin.py:188} INFO - [2024-04-26T14:39:16.119+0000] {dag.py:3096} INFO - Sync 1 DAGs
[2024-04-26T14:39:16.134+0000] {logging_mixin.py:188} INFO - [2024-04-26T14:39:16.134+0000] {dag.py:3954} INFO - Setting next_dagrun for example_task_group_decorator to 2024-04-25 00:00:00+00:00, run_after=2024-04-26 00:00:00+00:00
[2024-04-26T14:39:16.146+0000] {processor.py:183} INFO - Processing /home/airflow/.local/lib/python3.12/site-packages/airflow/example_dags/example_task_group_decorator.py took 0.063 seconds
[2024-04-26T17:42:11.800+0000] {processor.py:161} INFO - Started process (PID=37765) to work on /home/airflow/.local/lib/python3.12/site-packages/airflow/example_dags/example_task_group_decorator.py
[2024-04-26T17:42:11.801+0000] {processor.py:830} INFO - Processing file /home/airflow/.local/lib/python3.12/site-packages/airflow/example_dags/example_task_group_decorator.py for tasks to queue
[2024-04-26T17:42:11.801+0000] {logging_mixin.py:188} INFO - [2024-04-26T17:42:11.801+0000] {dagbag.py:540} INFO - Filling up the DagBag from /home/airflow/.local/lib/python3.12/site-packages/airflow/example_dags/example_task_group_decorator.py
[2024-04-26T17:42:11.811+0000] {processor.py:840} INFO - DAG(s) 'example_task_group_decorator' retrieved from /home/airflow/.local/lib/python3.12/site-packages/airflow/example_dags/example_task_group_decorator.py
[2024-04-26T17:42:11.834+0000] {logging_mixin.py:188} INFO - [2024-04-26T17:42:11.834+0000] {dag.py:3096} INFO - Sync 1 DAGs
[2024-04-26T17:42:11.858+0000] {logging_mixin.py:188} INFO - [2024-04-26T17:42:11.858+0000] {dag.py:3954} INFO - Setting next_dagrun for example_task_group_decorator to 2024-04-25 00:00:00+00:00, run_after=2024-04-26 00:00:00+00:00
[2024-04-26T17:42:11.874+0000] {processor.py:183} INFO - Processing /home/airflow/.local/lib/python3.12/site-packages/airflow/example_dags/example_task_group_decorator.py took 0.079 seconds
[2024-04-26T20:45:00.045+0000] {processor.py:161} INFO - Started process (PID=37825) to work on /home/airflow/.local/lib/python3.12/site-packages/airflow/example_dags/example_task_group_decorator.py
[2024-04-26T20:45:00.046+0000] {processor.py:830} INFO - Processing file /home/airflow/.local/lib/python3.12/site-packages/airflow/example_dags/example_task_group_decorator.py for tasks to queue
[2024-04-26T20:45:00.047+0000] {logging_mixin.py:188} INFO - [2024-04-26T20:45:00.047+0000] {dagbag.py:540} INFO - Filling up the DagBag from /home/airflow/.local/lib/python3.12/site-packages/airflow/example_dags/example_task_group_decorator.py
[2024-04-26T20:45:00.057+0000] {processor.py:840} INFO - DAG(s) 'example_task_group_decorator' retrieved from /home/airflow/.local/lib/python3.12/site-packages/airflow/example_dags/example_task_group_decorator.py
[2024-04-26T20:45:00.076+0000] {logging_mixin.py:188} INFO - [2024-04-26T20:45:00.075+0000] {dag.py:3096} INFO - Sync 1 DAGs
[2024-04-26T20:45:00.093+0000] {logging_mixin.py:188} INFO - [2024-04-26T20:45:00.093+0000] {dag.py:3954} INFO - Setting next_dagrun for example_task_group_decorator to 2024-04-25 00:00:00+00:00, run_after=2024-04-26 00:00:00+00:00
[2024-04-26T20:45:00.106+0000] {processor.py:183} INFO - Processing /home/airflow/.local/lib/python3.12/site-packages/airflow/example_dags/example_task_group_decorator.py took 0.066 seconds
[2024-04-26T22:46:46.369+0000] {processor.py:161} INFO - Started process (PID=37885) to work on /home/airflow/.local/lib/python3.12/site-packages/airflow/example_dags/example_task_group_decorator.py
[2024-04-26T22:46:46.370+0000] {processor.py:830} INFO - Processing file /home/airflow/.local/lib/python3.12/site-packages/airflow/example_dags/example_task_group_decorator.py for tasks to queue
[2024-04-26T22:46:46.370+0000] {logging_mixin.py:188} INFO - [2024-04-26T22:46:46.370+0000] {dagbag.py:540} INFO - Filling up the DagBag from /home/airflow/.local/lib/python3.12/site-packages/airflow/example_dags/example_task_group_decorator.py
[2024-04-26T22:46:46.381+0000] {processor.py:840} INFO - DAG(s) 'example_task_group_decorator' retrieved from /home/airflow/.local/lib/python3.12/site-packages/airflow/example_dags/example_task_group_decorator.py
[2024-04-26T22:46:46.400+0000] {logging_mixin.py:188} INFO - [2024-04-26T22:46:46.400+0000] {dag.py:3096} INFO - Sync 1 DAGs
[2024-04-26T22:46:46.415+0000] {logging_mixin.py:188} INFO - [2024-04-26T22:46:46.414+0000] {dag.py:3954} INFO - Setting next_dagrun for example_task_group_decorator to 2024-04-25 00:00:00+00:00, run_after=2024-04-26 00:00:00+00:00
[2024-04-26T22:46:46.428+0000] {processor.py:183} INFO - Processing /home/airflow/.local/lib/python3.12/site-packages/airflow/example_dags/example_task_group_decorator.py took 0.064 seconds
