[2024-04-26T00:26:02.979+0000] {processor.py:161} INFO - Started process (PID=37325) to work on /home/airflow/.local/lib/python3.12/site-packages/airflow/example_dags/example_sensors.py
[2024-04-26T00:26:02.981+0000] {processor.py:830} INFO - Processing file /home/airflow/.local/lib/python3.12/site-packages/airflow/example_dags/example_sensors.py for tasks to queue
[2024-04-26T00:26:02.982+0000] {logging_mixin.py:188} INFO - [2024-04-26T00:26:02.981+0000] {dagbag.py:540} INFO - Filling up the DagBag from /home/airflow/.local/lib/python3.12/site-packages/airflow/example_dags/example_sensors.py
[2024-04-26T00:26:02.990+0000] {processor.py:840} INFO - DAG(s) 'example_sensors' retrieved from /home/airflow/.local/lib/python3.12/site-packages/airflow/example_dags/example_sensors.py
[2024-04-26T00:26:03.011+0000] {logging_mixin.py:188} INFO - [2024-04-26T00:26:03.011+0000] {dag.py:3096} INFO - Sync 1 DAGs
[2024-04-26T00:26:03.021+0000] {logging_mixin.py:188} INFO - [2024-04-26T00:26:03.020+0000] {dag.py:3954} INFO - Setting next_dagrun for example_sensors to None, run_after=None
[2024-04-26T00:26:03.035+0000] {processor.py:183} INFO - Processing /home/airflow/.local/lib/python3.12/site-packages/airflow/example_dags/example_sensors.py took 0.061 seconds
[2024-04-26T03:28:54.773+0000] {processor.py:161} INFO - Started process (PID=37385) to work on /home/airflow/.local/lib/python3.12/site-packages/airflow/example_dags/example_sensors.py
[2024-04-26T03:28:54.774+0000] {processor.py:830} INFO - Processing file /home/airflow/.local/lib/python3.12/site-packages/airflow/example_dags/example_sensors.py for tasks to queue
[2024-04-26T03:28:54.775+0000] {logging_mixin.py:188} INFO - [2024-04-26T03:28:54.775+0000] {dagbag.py:540} INFO - Filling up the DagBag from /home/airflow/.local/lib/python3.12/site-packages/airflow/example_dags/example_sensors.py
[2024-04-26T03:28:54.784+0000] {processor.py:840} INFO - DAG(s) 'example_sensors' retrieved from /home/airflow/.local/lib/python3.12/site-packages/airflow/example_dags/example_sensors.py
[2024-04-26T03:28:54.805+0000] {logging_mixin.py:188} INFO - [2024-04-26T03:28:54.805+0000] {dag.py:3096} INFO - Sync 1 DAGs
[2024-04-26T03:28:54.814+0000] {logging_mixin.py:188} INFO - [2024-04-26T03:28:54.814+0000] {dag.py:3954} INFO - Setting next_dagrun for example_sensors to None, run_after=None
[2024-04-26T03:28:54.828+0000] {processor.py:183} INFO - Processing /home/airflow/.local/lib/python3.12/site-packages/airflow/example_dags/example_sensors.py took 0.060 seconds
[2024-04-26T06:31:49.614+0000] {processor.py:161} INFO - Started process (PID=37445) to work on /home/airflow/.local/lib/python3.12/site-packages/airflow/example_dags/example_sensors.py
[2024-04-26T06:31:49.615+0000] {processor.py:830} INFO - Processing file /home/airflow/.local/lib/python3.12/site-packages/airflow/example_dags/example_sensors.py for tasks to queue
[2024-04-26T06:31:49.616+0000] {logging_mixin.py:188} INFO - [2024-04-26T06:31:49.616+0000] {dagbag.py:540} INFO - Filling up the DagBag from /home/airflow/.local/lib/python3.12/site-packages/airflow/example_dags/example_sensors.py
[2024-04-26T06:31:49.623+0000] {processor.py:840} INFO - DAG(s) 'example_sensors' retrieved from /home/airflow/.local/lib/python3.12/site-packages/airflow/example_dags/example_sensors.py
[2024-04-26T06:31:49.640+0000] {logging_mixin.py:188} INFO - [2024-04-26T06:31:49.640+0000] {dag.py:3096} INFO - Sync 1 DAGs
[2024-04-26T06:31:49.649+0000] {logging_mixin.py:188} INFO - [2024-04-26T06:31:49.649+0000] {dag.py:3954} INFO - Setting next_dagrun for example_sensors to None, run_after=None
[2024-04-26T06:31:49.660+0000] {processor.py:183} INFO - Processing /home/airflow/.local/lib/python3.12/site-packages/airflow/example_dags/example_sensors.py took 0.050 seconds
[2024-04-26T08:33:47.592+0000] {processor.py:161} INFO - Started process (PID=37505) to work on /home/airflow/.local/lib/python3.12/site-packages/airflow/example_dags/example_sensors.py
[2024-04-26T08:33:47.592+0000] {processor.py:830} INFO - Processing file /home/airflow/.local/lib/python3.12/site-packages/airflow/example_dags/example_sensors.py for tasks to queue
[2024-04-26T08:33:47.593+0000] {logging_mixin.py:188} INFO - [2024-04-26T08:33:47.593+0000] {dagbag.py:540} INFO - Filling up the DagBag from /home/airflow/.local/lib/python3.12/site-packages/airflow/example_dags/example_sensors.py
[2024-04-26T08:33:47.600+0000] {processor.py:840} INFO - DAG(s) 'example_sensors' retrieved from /home/airflow/.local/lib/python3.12/site-packages/airflow/example_dags/example_sensors.py
[2024-04-26T08:33:47.618+0000] {logging_mixin.py:188} INFO - [2024-04-26T08:33:47.617+0000] {dag.py:3096} INFO - Sync 1 DAGs
[2024-04-26T08:33:47.626+0000] {logging_mixin.py:188} INFO - [2024-04-26T08:33:47.626+0000] {dag.py:3954} INFO - Setting next_dagrun for example_sensors to None, run_after=None
[2024-04-26T08:33:47.638+0000] {processor.py:183} INFO - Processing /home/airflow/.local/lib/python3.12/site-packages/airflow/example_dags/example_sensors.py took 0.051 seconds
[2024-04-26T09:34:44.098+0000] {processor.py:161} INFO - Started process (PID=37565) to work on /home/airflow/.local/lib/python3.12/site-packages/airflow/example_dags/example_sensors.py
[2024-04-26T09:34:44.099+0000] {processor.py:830} INFO - Processing file /home/airflow/.local/lib/python3.12/site-packages/airflow/example_dags/example_sensors.py for tasks to queue
[2024-04-26T09:34:44.100+0000] {logging_mixin.py:188} INFO - [2024-04-26T09:34:44.099+0000] {dagbag.py:540} INFO - Filling up the DagBag from /home/airflow/.local/lib/python3.12/site-packages/airflow/example_dags/example_sensors.py
[2024-04-26T09:34:44.106+0000] {processor.py:840} INFO - DAG(s) 'example_sensors' retrieved from /home/airflow/.local/lib/python3.12/site-packages/airflow/example_dags/example_sensors.py
[2024-04-26T09:34:44.123+0000] {logging_mixin.py:188} INFO - [2024-04-26T09:34:44.123+0000] {dag.py:3096} INFO - Sync 1 DAGs
[2024-04-26T09:34:44.131+0000] {logging_mixin.py:188} INFO - [2024-04-26T09:34:44.131+0000] {dag.py:3954} INFO - Setting next_dagrun for example_sensors to None, run_after=None
[2024-04-26T09:34:44.143+0000] {processor.py:183} INFO - Processing /home/airflow/.local/lib/python3.12/site-packages/airflow/example_dags/example_sensors.py took 0.049 seconds
[2024-04-26T10:52:42.302+0000] {processor.py:161} INFO - Started process (PID=37625) to work on /home/airflow/.local/lib/python3.12/site-packages/airflow/example_dags/example_sensors.py
[2024-04-26T10:52:42.303+0000] {processor.py:830} INFO - Processing file /home/airflow/.local/lib/python3.12/site-packages/airflow/example_dags/example_sensors.py for tasks to queue
[2024-04-26T10:52:42.303+0000] {logging_mixin.py:188} INFO - [2024-04-26T10:52:42.303+0000] {dagbag.py:540} INFO - Filling up the DagBag from /home/airflow/.local/lib/python3.12/site-packages/airflow/example_dags/example_sensors.py
[2024-04-26T10:52:42.310+0000] {processor.py:840} INFO - DAG(s) 'example_sensors' retrieved from /home/airflow/.local/lib/python3.12/site-packages/airflow/example_dags/example_sensors.py
[2024-04-26T10:52:42.327+0000] {logging_mixin.py:188} INFO - [2024-04-26T10:52:42.327+0000] {dag.py:3096} INFO - Sync 1 DAGs
[2024-04-26T10:52:42.336+0000] {logging_mixin.py:188} INFO - [2024-04-26T10:52:42.336+0000] {dag.py:3954} INFO - Setting next_dagrun for example_sensors to None, run_after=None
[2024-04-26T10:52:42.349+0000] {processor.py:183} INFO - Processing /home/airflow/.local/lib/python3.12/site-packages/airflow/example_dags/example_sensors.py took 0.051 seconds
[2024-04-26T14:39:15.352+0000] {processor.py:161} INFO - Started process (PID=37685) to work on /home/airflow/.local/lib/python3.12/site-packages/airflow/example_dags/example_sensors.py
[2024-04-26T14:39:15.353+0000] {processor.py:830} INFO - Processing file /home/airflow/.local/lib/python3.12/site-packages/airflow/example_dags/example_sensors.py for tasks to queue
[2024-04-26T14:39:15.354+0000] {logging_mixin.py:188} INFO - [2024-04-26T14:39:15.354+0000] {dagbag.py:540} INFO - Filling up the DagBag from /home/airflow/.local/lib/python3.12/site-packages/airflow/example_dags/example_sensors.py
[2024-04-26T14:39:15.361+0000] {processor.py:840} INFO - DAG(s) 'example_sensors' retrieved from /home/airflow/.local/lib/python3.12/site-packages/airflow/example_dags/example_sensors.py
[2024-04-26T14:39:15.380+0000] {logging_mixin.py:188} INFO - [2024-04-26T14:39:15.380+0000] {dag.py:3096} INFO - Sync 1 DAGs
[2024-04-26T14:39:15.389+0000] {logging_mixin.py:188} INFO - [2024-04-26T14:39:15.389+0000] {dag.py:3954} INFO - Setting next_dagrun for example_sensors to None, run_after=None
[2024-04-26T14:39:15.400+0000] {processor.py:183} INFO - Processing /home/airflow/.local/lib/python3.12/site-packages/airflow/example_dags/example_sensors.py took 0.052 seconds
[2024-04-26T17:42:11.034+0000] {processor.py:161} INFO - Started process (PID=37745) to work on /home/airflow/.local/lib/python3.12/site-packages/airflow/example_dags/example_sensors.py
[2024-04-26T17:42:11.035+0000] {processor.py:830} INFO - Processing file /home/airflow/.local/lib/python3.12/site-packages/airflow/example_dags/example_sensors.py for tasks to queue
[2024-04-26T17:42:11.036+0000] {logging_mixin.py:188} INFO - [2024-04-26T17:42:11.036+0000] {dagbag.py:540} INFO - Filling up the DagBag from /home/airflow/.local/lib/python3.12/site-packages/airflow/example_dags/example_sensors.py
[2024-04-26T17:42:11.043+0000] {processor.py:840} INFO - DAG(s) 'example_sensors' retrieved from /home/airflow/.local/lib/python3.12/site-packages/airflow/example_dags/example_sensors.py
[2024-04-26T17:42:11.061+0000] {logging_mixin.py:188} INFO - [2024-04-26T17:42:11.061+0000] {dag.py:3096} INFO - Sync 1 DAGs
[2024-04-26T17:42:11.070+0000] {logging_mixin.py:188} INFO - [2024-04-26T17:42:11.070+0000] {dag.py:3954} INFO - Setting next_dagrun for example_sensors to None, run_after=None
[2024-04-26T17:42:11.083+0000] {processor.py:183} INFO - Processing /home/airflow/.local/lib/python3.12/site-packages/airflow/example_dags/example_sensors.py took 0.053 seconds
[2024-04-26T20:44:59.307+0000] {processor.py:161} INFO - Started process (PID=37805) to work on /home/airflow/.local/lib/python3.12/site-packages/airflow/example_dags/example_sensors.py
[2024-04-26T20:44:59.308+0000] {processor.py:830} INFO - Processing file /home/airflow/.local/lib/python3.12/site-packages/airflow/example_dags/example_sensors.py for tasks to queue
[2024-04-26T20:44:59.308+0000] {logging_mixin.py:188} INFO - [2024-04-26T20:44:59.308+0000] {dagbag.py:540} INFO - Filling up the DagBag from /home/airflow/.local/lib/python3.12/site-packages/airflow/example_dags/example_sensors.py
[2024-04-26T20:44:59.315+0000] {processor.py:840} INFO - DAG(s) 'example_sensors' retrieved from /home/airflow/.local/lib/python3.12/site-packages/airflow/example_dags/example_sensors.py
[2024-04-26T20:44:59.332+0000] {logging_mixin.py:188} INFO - [2024-04-26T20:44:59.332+0000] {dag.py:3096} INFO - Sync 1 DAGs
[2024-04-26T20:44:59.341+0000] {logging_mixin.py:188} INFO - [2024-04-26T20:44:59.341+0000] {dag.py:3954} INFO - Setting next_dagrun for example_sensors to None, run_after=None
[2024-04-26T20:44:59.355+0000] {processor.py:183} INFO - Processing /home/airflow/.local/lib/python3.12/site-packages/airflow/example_dags/example_sensors.py took 0.052 seconds
[2024-04-26T22:46:45.625+0000] {processor.py:161} INFO - Started process (PID=37865) to work on /home/airflow/.local/lib/python3.12/site-packages/airflow/example_dags/example_sensors.py
[2024-04-26T22:46:45.626+0000] {processor.py:830} INFO - Processing file /home/airflow/.local/lib/python3.12/site-packages/airflow/example_dags/example_sensors.py for tasks to queue
[2024-04-26T22:46:45.627+0000] {logging_mixin.py:188} INFO - [2024-04-26T22:46:45.627+0000] {dagbag.py:540} INFO - Filling up the DagBag from /home/airflow/.local/lib/python3.12/site-packages/airflow/example_dags/example_sensors.py
[2024-04-26T22:46:45.634+0000] {processor.py:840} INFO - DAG(s) 'example_sensors' retrieved from /home/airflow/.local/lib/python3.12/site-packages/airflow/example_dags/example_sensors.py
[2024-04-26T22:46:45.652+0000] {logging_mixin.py:188} INFO - [2024-04-26T22:46:45.652+0000] {dag.py:3096} INFO - Sync 1 DAGs
[2024-04-26T22:46:45.660+0000] {logging_mixin.py:188} INFO - [2024-04-26T22:46:45.660+0000] {dag.py:3954} INFO - Setting next_dagrun for example_sensors to None, run_after=None
[2024-04-26T22:46:45.674+0000] {processor.py:183} INFO - Processing /home/airflow/.local/lib/python3.12/site-packages/airflow/example_dags/example_sensors.py took 0.052 seconds
