[2024-04-26T00:26:01.511+0000] {processor.py:161} INFO - Started process (PID=37305) to work on /home/airflow/.local/lib/python3.12/site-packages/airflow/example_dags/example_short_circuit_decorator.py
[2024-04-26T00:26:01.513+0000] {processor.py:830} INFO - Processing file /home/airflow/.local/lib/python3.12/site-packages/airflow/example_dags/example_short_circuit_decorator.py for tasks to queue
[2024-04-26T00:26:01.516+0000] {logging_mixin.py:188} INFO - [2024-04-26T00:26:01.515+0000] {dagbag.py:540} INFO - Filling up the DagBag from /home/airflow/.local/lib/python3.12/site-packages/airflow/example_dags/example_short_circuit_decorator.py
[2024-04-26T00:26:01.532+0000] {processor.py:840} INFO - DAG(s) 'example_short_circuit_decorator' retrieved from /home/airflow/.local/lib/python3.12/site-packages/airflow/example_dags/example_short_circuit_decorator.py
[2024-04-26T00:26:01.607+0000] {logging_mixin.py:188} INFO - [2024-04-26T00:26:01.606+0000] {dag.py:3096} INFO - Sync 1 DAGs
[2024-04-26T00:26:01.663+0000] {logging_mixin.py:188} INFO - [2024-04-26T00:26:01.662+0000] {dag.py:3954} INFO - Setting next_dagrun for example_short_circuit_decorator to 2024-04-25 00:00:00+00:00, run_after=2024-04-26 00:00:00+00:00
[2024-04-26T00:26:01.740+0000] {processor.py:183} INFO - Processing /home/airflow/.local/lib/python3.12/site-packages/airflow/example_dags/example_short_circuit_decorator.py took 0.242 seconds
[2024-04-26T03:28:52.747+0000] {processor.py:161} INFO - Started process (PID=37365) to work on /home/airflow/.local/lib/python3.12/site-packages/airflow/example_dags/example_short_circuit_decorator.py
[2024-04-26T03:28:52.748+0000] {processor.py:830} INFO - Processing file /home/airflow/.local/lib/python3.12/site-packages/airflow/example_dags/example_short_circuit_decorator.py for tasks to queue
[2024-04-26T03:28:52.749+0000] {logging_mixin.py:188} INFO - [2024-04-26T03:28:52.748+0000] {dagbag.py:540} INFO - Filling up the DagBag from /home/airflow/.local/lib/python3.12/site-packages/airflow/example_dags/example_short_circuit_decorator.py
[2024-04-26T03:28:52.759+0000] {processor.py:840} INFO - DAG(s) 'example_short_circuit_decorator' retrieved from /home/airflow/.local/lib/python3.12/site-packages/airflow/example_dags/example_short_circuit_decorator.py
[2024-04-26T03:28:52.797+0000] {logging_mixin.py:188} INFO - [2024-04-26T03:28:52.797+0000] {dag.py:3096} INFO - Sync 1 DAGs
[2024-04-26T03:28:52.842+0000] {logging_mixin.py:188} INFO - [2024-04-26T03:28:52.842+0000] {dag.py:3954} INFO - Setting next_dagrun for example_short_circuit_decorator to 2024-04-25 00:00:00+00:00, run_after=2024-04-26 00:00:00+00:00
[2024-04-26T03:28:52.869+0000] {processor.py:183} INFO - Processing /home/airflow/.local/lib/python3.12/site-packages/airflow/example_dags/example_short_circuit_decorator.py took 0.128 seconds
[2024-04-26T06:31:47.592+0000] {processor.py:161} INFO - Started process (PID=37425) to work on /home/airflow/.local/lib/python3.12/site-packages/airflow/example_dags/example_short_circuit_decorator.py
[2024-04-26T06:31:47.593+0000] {processor.py:830} INFO - Processing file /home/airflow/.local/lib/python3.12/site-packages/airflow/example_dags/example_short_circuit_decorator.py for tasks to queue
[2024-04-26T06:31:47.595+0000] {logging_mixin.py:188} INFO - [2024-04-26T06:31:47.594+0000] {dagbag.py:540} INFO - Filling up the DagBag from /home/airflow/.local/lib/python3.12/site-packages/airflow/example_dags/example_short_circuit_decorator.py
[2024-04-26T06:31:47.604+0000] {processor.py:840} INFO - DAG(s) 'example_short_circuit_decorator' retrieved from /home/airflow/.local/lib/python3.12/site-packages/airflow/example_dags/example_short_circuit_decorator.py
[2024-04-26T06:31:47.625+0000] {logging_mixin.py:188} INFO - [2024-04-26T06:31:47.625+0000] {dag.py:3096} INFO - Sync 1 DAGs
[2024-04-26T06:31:47.652+0000] {logging_mixin.py:188} INFO - [2024-04-26T06:31:47.652+0000] {dag.py:3954} INFO - Setting next_dagrun for example_short_circuit_decorator to 2024-04-25 00:00:00+00:00, run_after=2024-04-26 00:00:00+00:00
[2024-04-26T06:31:47.674+0000] {processor.py:183} INFO - Processing /home/airflow/.local/lib/python3.12/site-packages/airflow/example_dags/example_short_circuit_decorator.py took 0.091 seconds
[2024-04-26T08:33:45.863+0000] {processor.py:161} INFO - Started process (PID=37485) to work on /home/airflow/.local/lib/python3.12/site-packages/airflow/example_dags/example_short_circuit_decorator.py
[2024-04-26T08:33:45.864+0000] {processor.py:830} INFO - Processing file /home/airflow/.local/lib/python3.12/site-packages/airflow/example_dags/example_short_circuit_decorator.py for tasks to queue
[2024-04-26T08:33:45.864+0000] {logging_mixin.py:188} INFO - [2024-04-26T08:33:45.864+0000] {dagbag.py:540} INFO - Filling up the DagBag from /home/airflow/.local/lib/python3.12/site-packages/airflow/example_dags/example_short_circuit_decorator.py
[2024-04-26T08:33:45.872+0000] {processor.py:840} INFO - DAG(s) 'example_short_circuit_decorator' retrieved from /home/airflow/.local/lib/python3.12/site-packages/airflow/example_dags/example_short_circuit_decorator.py
[2024-04-26T08:33:45.889+0000] {logging_mixin.py:188} INFO - [2024-04-26T08:33:45.889+0000] {dag.py:3096} INFO - Sync 1 DAGs
[2024-04-26T08:33:45.910+0000] {logging_mixin.py:188} INFO - [2024-04-26T08:33:45.910+0000] {dag.py:3954} INFO - Setting next_dagrun for example_short_circuit_decorator to 2024-04-25 00:00:00+00:00, run_after=2024-04-26 00:00:00+00:00
[2024-04-26T08:33:45.929+0000] {processor.py:183} INFO - Processing /home/airflow/.local/lib/python3.12/site-packages/airflow/example_dags/example_short_circuit_decorator.py took 0.071 seconds
[2024-04-26T09:34:42.410+0000] {processor.py:161} INFO - Started process (PID=37545) to work on /home/airflow/.local/lib/python3.12/site-packages/airflow/example_dags/example_short_circuit_decorator.py
[2024-04-26T09:34:42.411+0000] {processor.py:830} INFO - Processing file /home/airflow/.local/lib/python3.12/site-packages/airflow/example_dags/example_short_circuit_decorator.py for tasks to queue
[2024-04-26T09:34:42.412+0000] {logging_mixin.py:188} INFO - [2024-04-26T09:34:42.411+0000] {dagbag.py:540} INFO - Filling up the DagBag from /home/airflow/.local/lib/python3.12/site-packages/airflow/example_dags/example_short_circuit_decorator.py
[2024-04-26T09:34:42.421+0000] {processor.py:840} INFO - DAG(s) 'example_short_circuit_decorator' retrieved from /home/airflow/.local/lib/python3.12/site-packages/airflow/example_dags/example_short_circuit_decorator.py
[2024-04-26T09:34:42.477+0000] {logging_mixin.py:188} INFO - [2024-04-26T09:34:42.477+0000] {dag.py:3096} INFO - Sync 1 DAGs
[2024-04-26T09:34:42.576+0000] {logging_mixin.py:188} INFO - [2024-04-26T09:34:42.575+0000] {dag.py:3954} INFO - Setting next_dagrun for example_short_circuit_decorator to 2024-04-25 00:00:00+00:00, run_after=2024-04-26 00:00:00+00:00
[2024-04-26T09:34:42.635+0000] {processor.py:183} INFO - Processing /home/airflow/.local/lib/python3.12/site-packages/airflow/example_dags/example_short_circuit_decorator.py took 0.230 seconds
[2024-04-26T10:52:40.472+0000] {processor.py:161} INFO - Started process (PID=37605) to work on /home/airflow/.local/lib/python3.12/site-packages/airflow/example_dags/example_short_circuit_decorator.py
[2024-04-26T10:52:40.474+0000] {processor.py:830} INFO - Processing file /home/airflow/.local/lib/python3.12/site-packages/airflow/example_dags/example_short_circuit_decorator.py for tasks to queue
[2024-04-26T10:52:40.477+0000] {logging_mixin.py:188} INFO - [2024-04-26T10:52:40.476+0000] {dagbag.py:540} INFO - Filling up the DagBag from /home/airflow/.local/lib/python3.12/site-packages/airflow/example_dags/example_short_circuit_decorator.py
[2024-04-26T10:52:40.503+0000] {processor.py:840} INFO - DAG(s) 'example_short_circuit_decorator' retrieved from /home/airflow/.local/lib/python3.12/site-packages/airflow/example_dags/example_short_circuit_decorator.py
[2024-04-26T10:52:40.556+0000] {logging_mixin.py:188} INFO - [2024-04-26T10:52:40.556+0000] {dag.py:3096} INFO - Sync 1 DAGs
[2024-04-26T10:52:40.612+0000] {logging_mixin.py:188} INFO - [2024-04-26T10:52:40.612+0000] {dag.py:3954} INFO - Setting next_dagrun for example_short_circuit_decorator to 2024-04-25 00:00:00+00:00, run_after=2024-04-26 00:00:00+00:00
[2024-04-26T10:52:40.664+0000] {processor.py:183} INFO - Processing /home/airflow/.local/lib/python3.12/site-packages/airflow/example_dags/example_short_circuit_decorator.py took 0.214 seconds
[2024-04-26T14:39:13.535+0000] {processor.py:161} INFO - Started process (PID=37665) to work on /home/airflow/.local/lib/python3.12/site-packages/airflow/example_dags/example_short_circuit_decorator.py
[2024-04-26T14:39:13.536+0000] {processor.py:830} INFO - Processing file /home/airflow/.local/lib/python3.12/site-packages/airflow/example_dags/example_short_circuit_decorator.py for tasks to queue
[2024-04-26T14:39:13.537+0000] {logging_mixin.py:188} INFO - [2024-04-26T14:39:13.537+0000] {dagbag.py:540} INFO - Filling up the DagBag from /home/airflow/.local/lib/python3.12/site-packages/airflow/example_dags/example_short_circuit_decorator.py
[2024-04-26T14:39:13.546+0000] {processor.py:840} INFO - DAG(s) 'example_short_circuit_decorator' retrieved from /home/airflow/.local/lib/python3.12/site-packages/airflow/example_dags/example_short_circuit_decorator.py
[2024-04-26T14:39:13.564+0000] {logging_mixin.py:188} INFO - [2024-04-26T14:39:13.564+0000] {dag.py:3096} INFO - Sync 1 DAGs
[2024-04-26T14:39:13.585+0000] {logging_mixin.py:188} INFO - [2024-04-26T14:39:13.585+0000] {dag.py:3954} INFO - Setting next_dagrun for example_short_circuit_decorator to 2024-04-25 00:00:00+00:00, run_after=2024-04-26 00:00:00+00:00
[2024-04-26T14:39:13.599+0000] {processor.py:183} INFO - Processing /home/airflow/.local/lib/python3.12/site-packages/airflow/example_dags/example_short_circuit_decorator.py took 0.073 seconds
[2024-04-26T17:42:09.767+0000] {processor.py:161} INFO - Started process (PID=37725) to work on /home/airflow/.local/lib/python3.12/site-packages/airflow/example_dags/example_short_circuit_decorator.py
[2024-04-26T17:42:09.770+0000] {processor.py:830} INFO - Processing file /home/airflow/.local/lib/python3.12/site-packages/airflow/example_dags/example_short_circuit_decorator.py for tasks to queue
[2024-04-26T17:42:09.774+0000] {logging_mixin.py:188} INFO - [2024-04-26T17:42:09.772+0000] {dagbag.py:540} INFO - Filling up the DagBag from /home/airflow/.local/lib/python3.12/site-packages/airflow/example_dags/example_short_circuit_decorator.py
[2024-04-26T17:42:09.798+0000] {processor.py:840} INFO - DAG(s) 'example_short_circuit_decorator' retrieved from /home/airflow/.local/lib/python3.12/site-packages/airflow/example_dags/example_short_circuit_decorator.py
[2024-04-26T17:42:09.877+0000] {logging_mixin.py:188} INFO - [2024-04-26T17:42:09.876+0000] {dag.py:3096} INFO - Sync 1 DAGs
[2024-04-26T17:42:09.929+0000] {logging_mixin.py:188} INFO - [2024-04-26T17:42:09.929+0000] {dag.py:3954} INFO - Setting next_dagrun for example_short_circuit_decorator to 2024-04-25 00:00:00+00:00, run_after=2024-04-26 00:00:00+00:00
[2024-04-26T17:42:09.965+0000] {processor.py:183} INFO - Processing /home/airflow/.local/lib/python3.12/site-packages/airflow/example_dags/example_short_circuit_decorator.py took 0.216 seconds
[2024-04-26T20:44:58.127+0000] {processor.py:161} INFO - Started process (PID=37785) to work on /home/airflow/.local/lib/python3.12/site-packages/airflow/example_dags/example_short_circuit_decorator.py
[2024-04-26T20:44:58.129+0000] {processor.py:830} INFO - Processing file /home/airflow/.local/lib/python3.12/site-packages/airflow/example_dags/example_short_circuit_decorator.py for tasks to queue
[2024-04-26T20:44:58.131+0000] {logging_mixin.py:188} INFO - [2024-04-26T20:44:58.130+0000] {dagbag.py:540} INFO - Filling up the DagBag from /home/airflow/.local/lib/python3.12/site-packages/airflow/example_dags/example_short_circuit_decorator.py
[2024-04-26T20:44:58.143+0000] {processor.py:840} INFO - DAG(s) 'example_short_circuit_decorator' retrieved from /home/airflow/.local/lib/python3.12/site-packages/airflow/example_dags/example_short_circuit_decorator.py
[2024-04-26T20:44:58.181+0000] {logging_mixin.py:188} INFO - [2024-04-26T20:44:58.180+0000] {dag.py:3096} INFO - Sync 1 DAGs
[2024-04-26T20:44:58.232+0000] {logging_mixin.py:188} INFO - [2024-04-26T20:44:58.231+0000] {dag.py:3954} INFO - Setting next_dagrun for example_short_circuit_decorator to 2024-04-25 00:00:00+00:00, run_after=2024-04-26 00:00:00+00:00
[2024-04-26T20:44:58.266+0000] {processor.py:183} INFO - Processing /home/airflow/.local/lib/python3.12/site-packages/airflow/example_dags/example_short_circuit_decorator.py took 0.146 seconds
[2024-04-26T22:46:43.861+0000] {processor.py:161} INFO - Started process (PID=37845) to work on /home/airflow/.local/lib/python3.12/site-packages/airflow/example_dags/example_short_circuit_decorator.py
[2024-04-26T22:46:43.862+0000] {processor.py:830} INFO - Processing file /home/airflow/.local/lib/python3.12/site-packages/airflow/example_dags/example_short_circuit_decorator.py for tasks to queue
[2024-04-26T22:46:43.863+0000] {logging_mixin.py:188} INFO - [2024-04-26T22:46:43.862+0000] {dagbag.py:540} INFO - Filling up the DagBag from /home/airflow/.local/lib/python3.12/site-packages/airflow/example_dags/example_short_circuit_decorator.py
[2024-04-26T22:46:43.873+0000] {processor.py:840} INFO - DAG(s) 'example_short_circuit_decorator' retrieved from /home/airflow/.local/lib/python3.12/site-packages/airflow/example_dags/example_short_circuit_decorator.py
[2024-04-26T22:46:43.892+0000] {logging_mixin.py:188} INFO - [2024-04-26T22:46:43.891+0000] {dag.py:3096} INFO - Sync 1 DAGs
[2024-04-26T22:46:43.913+0000] {logging_mixin.py:188} INFO - [2024-04-26T22:46:43.913+0000] {dag.py:3954} INFO - Setting next_dagrun for example_short_circuit_decorator to 2024-04-25 00:00:00+00:00, run_after=2024-04-26 00:00:00+00:00
[2024-04-26T22:46:43.926+0000] {processor.py:183} INFO - Processing /home/airflow/.local/lib/python3.12/site-packages/airflow/example_dags/example_short_circuit_decorator.py took 0.070 seconds
