[2024-04-26T00:26:04.002+0000] {processor.py:161} INFO - Started process (PID=37346) to work on /home/airflow/.local/lib/python3.12/site-packages/airflow/example_dags/example_params_ui_tutorial.py
[2024-04-26T00:26:04.004+0000] {processor.py:830} INFO - Processing file /home/airflow/.local/lib/python3.12/site-packages/airflow/example_dags/example_params_ui_tutorial.py for tasks to queue
[2024-04-26T00:26:04.005+0000] {logging_mixin.py:188} INFO - [2024-04-26T00:26:04.005+0000] {dagbag.py:540} INFO - Filling up the DagBag from /home/airflow/.local/lib/python3.12/site-packages/airflow/example_dags/example_params_ui_tutorial.py
[2024-04-26T00:26:04.014+0000] {processor.py:840} INFO - DAG(s) 'example_params_ui_tutorial' retrieved from /home/airflow/.local/lib/python3.12/site-packages/airflow/example_dags/example_params_ui_tutorial.py
[2024-04-26T00:26:04.140+0000] {logging_mixin.py:188} INFO - [2024-04-26T00:26:04.140+0000] {dag.py:3096} INFO - Sync 1 DAGs
[2024-04-26T00:26:04.150+0000] {logging_mixin.py:188} INFO - [2024-04-26T00:26:04.150+0000] {dag.py:3954} INFO - Setting next_dagrun for example_params_ui_tutorial to None, run_after=None
[2024-04-26T00:26:04.166+0000] {processor.py:183} INFO - Processing /home/airflow/.local/lib/python3.12/site-packages/airflow/example_dags/example_params_ui_tutorial.py took 0.168 seconds
[2024-04-26T03:28:55.825+0000] {processor.py:161} INFO - Started process (PID=37406) to work on /home/airflow/.local/lib/python3.12/site-packages/airflow/example_dags/example_params_ui_tutorial.py
[2024-04-26T03:28:55.826+0000] {processor.py:830} INFO - Processing file /home/airflow/.local/lib/python3.12/site-packages/airflow/example_dags/example_params_ui_tutorial.py for tasks to queue
[2024-04-26T03:28:55.827+0000] {logging_mixin.py:188} INFO - [2024-04-26T03:28:55.826+0000] {dagbag.py:540} INFO - Filling up the DagBag from /home/airflow/.local/lib/python3.12/site-packages/airflow/example_dags/example_params_ui_tutorial.py
[2024-04-26T03:28:55.838+0000] {processor.py:840} INFO - DAG(s) 'example_params_ui_tutorial' retrieved from /home/airflow/.local/lib/python3.12/site-packages/airflow/example_dags/example_params_ui_tutorial.py
[2024-04-26T03:28:55.884+0000] {logging_mixin.py:188} INFO - [2024-04-26T03:28:55.884+0000] {dag.py:3096} INFO - Sync 1 DAGs
[2024-04-26T03:28:55.896+0000] {logging_mixin.py:188} INFO - [2024-04-26T03:28:55.896+0000] {dag.py:3954} INFO - Setting next_dagrun for example_params_ui_tutorial to None, run_after=None
[2024-04-26T03:28:55.913+0000] {processor.py:183} INFO - Processing /home/airflow/.local/lib/python3.12/site-packages/airflow/example_dags/example_params_ui_tutorial.py took 0.094 seconds
[2024-04-26T06:31:50.535+0000] {processor.py:161} INFO - Started process (PID=37466) to work on /home/airflow/.local/lib/python3.12/site-packages/airflow/example_dags/example_params_ui_tutorial.py
[2024-04-26T06:31:50.537+0000] {processor.py:830} INFO - Processing file /home/airflow/.local/lib/python3.12/site-packages/airflow/example_dags/example_params_ui_tutorial.py for tasks to queue
[2024-04-26T06:31:50.538+0000] {logging_mixin.py:188} INFO - [2024-04-26T06:31:50.537+0000] {dagbag.py:540} INFO - Filling up the DagBag from /home/airflow/.local/lib/python3.12/site-packages/airflow/example_dags/example_params_ui_tutorial.py
[2024-04-26T06:31:50.549+0000] {processor.py:840} INFO - DAG(s) 'example_params_ui_tutorial' retrieved from /home/airflow/.local/lib/python3.12/site-packages/airflow/example_dags/example_params_ui_tutorial.py
[2024-04-26T06:31:50.593+0000] {logging_mixin.py:188} INFO - [2024-04-26T06:31:50.593+0000] {dag.py:3096} INFO - Sync 1 DAGs
[2024-04-26T06:31:50.603+0000] {logging_mixin.py:188} INFO - [2024-04-26T06:31:50.603+0000] {dag.py:3954} INFO - Setting next_dagrun for example_params_ui_tutorial to None, run_after=None
[2024-04-26T06:31:50.620+0000] {processor.py:183} INFO - Processing /home/airflow/.local/lib/python3.12/site-packages/airflow/example_dags/example_params_ui_tutorial.py took 0.090 seconds
[2024-04-26T08:33:48.569+0000] {processor.py:161} INFO - Started process (PID=37526) to work on /home/airflow/.local/lib/python3.12/site-packages/airflow/example_dags/example_params_ui_tutorial.py
[2024-04-26T08:33:48.570+0000] {processor.py:830} INFO - Processing file /home/airflow/.local/lib/python3.12/site-packages/airflow/example_dags/example_params_ui_tutorial.py for tasks to queue
[2024-04-26T08:33:48.571+0000] {logging_mixin.py:188} INFO - [2024-04-26T08:33:48.570+0000] {dagbag.py:540} INFO - Filling up the DagBag from /home/airflow/.local/lib/python3.12/site-packages/airflow/example_dags/example_params_ui_tutorial.py
[2024-04-26T08:33:48.580+0000] {processor.py:840} INFO - DAG(s) 'example_params_ui_tutorial' retrieved from /home/airflow/.local/lib/python3.12/site-packages/airflow/example_dags/example_params_ui_tutorial.py
[2024-04-26T08:33:48.617+0000] {logging_mixin.py:188} INFO - [2024-04-26T08:33:48.617+0000] {dag.py:3096} INFO - Sync 1 DAGs
[2024-04-26T08:33:48.626+0000] {logging_mixin.py:188} INFO - [2024-04-26T08:33:48.626+0000] {dag.py:3954} INFO - Setting next_dagrun for example_params_ui_tutorial to None, run_after=None
[2024-04-26T08:33:48.639+0000] {processor.py:183} INFO - Processing /home/airflow/.local/lib/python3.12/site-packages/airflow/example_dags/example_params_ui_tutorial.py took 0.075 seconds
[2024-04-26T09:34:45.028+0000] {processor.py:161} INFO - Started process (PID=37586) to work on /home/airflow/.local/lib/python3.12/site-packages/airflow/example_dags/example_params_ui_tutorial.py
[2024-04-26T09:34:45.029+0000] {processor.py:830} INFO - Processing file /home/airflow/.local/lib/python3.12/site-packages/airflow/example_dags/example_params_ui_tutorial.py for tasks to queue
[2024-04-26T09:34:45.030+0000] {logging_mixin.py:188} INFO - [2024-04-26T09:34:45.029+0000] {dagbag.py:540} INFO - Filling up the DagBag from /home/airflow/.local/lib/python3.12/site-packages/airflow/example_dags/example_params_ui_tutorial.py
[2024-04-26T09:34:45.038+0000] {processor.py:840} INFO - DAG(s) 'example_params_ui_tutorial' retrieved from /home/airflow/.local/lib/python3.12/site-packages/airflow/example_dags/example_params_ui_tutorial.py
[2024-04-26T09:34:45.071+0000] {logging_mixin.py:188} INFO - [2024-04-26T09:34:45.071+0000] {dag.py:3096} INFO - Sync 1 DAGs
[2024-04-26T09:34:45.079+0000] {logging_mixin.py:188} INFO - [2024-04-26T09:34:45.079+0000] {dag.py:3954} INFO - Setting next_dagrun for example_params_ui_tutorial to None, run_after=None
[2024-04-26T09:34:45.091+0000] {processor.py:183} INFO - Processing /home/airflow/.local/lib/python3.12/site-packages/airflow/example_dags/example_params_ui_tutorial.py took 0.067 seconds
[2024-04-26T10:52:43.124+0000] {processor.py:161} INFO - Started process (PID=37646) to work on /home/airflow/.local/lib/python3.12/site-packages/airflow/example_dags/example_params_ui_tutorial.py
[2024-04-26T10:52:43.125+0000] {processor.py:830} INFO - Processing file /home/airflow/.local/lib/python3.12/site-packages/airflow/example_dags/example_params_ui_tutorial.py for tasks to queue
[2024-04-26T10:52:43.126+0000] {logging_mixin.py:188} INFO - [2024-04-26T10:52:43.126+0000] {dagbag.py:540} INFO - Filling up the DagBag from /home/airflow/.local/lib/python3.12/site-packages/airflow/example_dags/example_params_ui_tutorial.py
[2024-04-26T10:52:43.134+0000] {processor.py:840} INFO - DAG(s) 'example_params_ui_tutorial' retrieved from /home/airflow/.local/lib/python3.12/site-packages/airflow/example_dags/example_params_ui_tutorial.py
[2024-04-26T10:52:43.168+0000] {logging_mixin.py:188} INFO - [2024-04-26T10:52:43.168+0000] {dag.py:3096} INFO - Sync 1 DAGs
[2024-04-26T10:52:43.177+0000] {logging_mixin.py:188} INFO - [2024-04-26T10:52:43.176+0000] {dag.py:3954} INFO - Setting next_dagrun for example_params_ui_tutorial to None, run_after=None
[2024-04-26T10:52:43.189+0000] {processor.py:183} INFO - Processing /home/airflow/.local/lib/python3.12/site-packages/airflow/example_dags/example_params_ui_tutorial.py took 0.069 seconds
[2024-04-26T14:39:16.163+0000] {processor.py:161} INFO - Started process (PID=37706) to work on /home/airflow/.local/lib/python3.12/site-packages/airflow/example_dags/example_params_ui_tutorial.py
[2024-04-26T14:39:16.164+0000] {processor.py:830} INFO - Processing file /home/airflow/.local/lib/python3.12/site-packages/airflow/example_dags/example_params_ui_tutorial.py for tasks to queue
[2024-04-26T14:39:16.165+0000] {logging_mixin.py:188} INFO - [2024-04-26T14:39:16.165+0000] {dagbag.py:540} INFO - Filling up the DagBag from /home/airflow/.local/lib/python3.12/site-packages/airflow/example_dags/example_params_ui_tutorial.py
[2024-04-26T14:39:16.174+0000] {processor.py:840} INFO - DAG(s) 'example_params_ui_tutorial' retrieved from /home/airflow/.local/lib/python3.12/site-packages/airflow/example_dags/example_params_ui_tutorial.py
[2024-04-26T14:39:16.207+0000] {logging_mixin.py:188} INFO - [2024-04-26T14:39:16.207+0000] {dag.py:3096} INFO - Sync 1 DAGs
[2024-04-26T14:39:16.215+0000] {logging_mixin.py:188} INFO - [2024-04-26T14:39:16.215+0000] {dag.py:3954} INFO - Setting next_dagrun for example_params_ui_tutorial to None, run_after=None
[2024-04-26T14:39:16.227+0000] {processor.py:183} INFO - Processing /home/airflow/.local/lib/python3.12/site-packages/airflow/example_dags/example_params_ui_tutorial.py took 0.068 seconds
[2024-04-26T17:42:11.894+0000] {processor.py:161} INFO - Started process (PID=37766) to work on /home/airflow/.local/lib/python3.12/site-packages/airflow/example_dags/example_params_ui_tutorial.py
[2024-04-26T17:42:11.895+0000] {processor.py:830} INFO - Processing file /home/airflow/.local/lib/python3.12/site-packages/airflow/example_dags/example_params_ui_tutorial.py for tasks to queue
[2024-04-26T17:42:11.896+0000] {logging_mixin.py:188} INFO - [2024-04-26T17:42:11.895+0000] {dagbag.py:540} INFO - Filling up the DagBag from /home/airflow/.local/lib/python3.12/site-packages/airflow/example_dags/example_params_ui_tutorial.py
[2024-04-26T17:42:11.905+0000] {processor.py:840} INFO - DAG(s) 'example_params_ui_tutorial' retrieved from /home/airflow/.local/lib/python3.12/site-packages/airflow/example_dags/example_params_ui_tutorial.py
[2024-04-26T17:42:11.942+0000] {logging_mixin.py:188} INFO - [2024-04-26T17:42:11.942+0000] {dag.py:3096} INFO - Sync 1 DAGs
[2024-04-26T17:42:11.952+0000] {logging_mixin.py:188} INFO - [2024-04-26T17:42:11.952+0000] {dag.py:3954} INFO - Setting next_dagrun for example_params_ui_tutorial to None, run_after=None
[2024-04-26T17:42:11.966+0000] {processor.py:183} INFO - Processing /home/airflow/.local/lib/python3.12/site-packages/airflow/example_dags/example_params_ui_tutorial.py took 0.077 seconds
[2024-04-26T20:45:00.123+0000] {processor.py:161} INFO - Started process (PID=37826) to work on /home/airflow/.local/lib/python3.12/site-packages/airflow/example_dags/example_params_ui_tutorial.py
[2024-04-26T20:45:00.125+0000] {processor.py:830} INFO - Processing file /home/airflow/.local/lib/python3.12/site-packages/airflow/example_dags/example_params_ui_tutorial.py for tasks to queue
[2024-04-26T20:45:00.125+0000] {logging_mixin.py:188} INFO - [2024-04-26T20:45:00.125+0000] {dagbag.py:540} INFO - Filling up the DagBag from /home/airflow/.local/lib/python3.12/site-packages/airflow/example_dags/example_params_ui_tutorial.py
[2024-04-26T20:45:00.134+0000] {processor.py:840} INFO - DAG(s) 'example_params_ui_tutorial' retrieved from /home/airflow/.local/lib/python3.12/site-packages/airflow/example_dags/example_params_ui_tutorial.py
[2024-04-26T20:45:00.167+0000] {logging_mixin.py:188} INFO - [2024-04-26T20:45:00.167+0000] {dag.py:3096} INFO - Sync 1 DAGs
[2024-04-26T20:45:00.176+0000] {logging_mixin.py:188} INFO - [2024-04-26T20:45:00.176+0000] {dag.py:3954} INFO - Setting next_dagrun for example_params_ui_tutorial to None, run_after=None
[2024-04-26T20:45:00.188+0000] {processor.py:183} INFO - Processing /home/airflow/.local/lib/python3.12/site-packages/airflow/example_dags/example_params_ui_tutorial.py took 0.068 seconds
[2024-04-26T22:46:46.446+0000] {processor.py:161} INFO - Started process (PID=37886) to work on /home/airflow/.local/lib/python3.12/site-packages/airflow/example_dags/example_params_ui_tutorial.py
[2024-04-26T22:46:46.446+0000] {processor.py:830} INFO - Processing file /home/airflow/.local/lib/python3.12/site-packages/airflow/example_dags/example_params_ui_tutorial.py for tasks to queue
[2024-04-26T22:46:46.447+0000] {logging_mixin.py:188} INFO - [2024-04-26T22:46:46.447+0000] {dagbag.py:540} INFO - Filling up the DagBag from /home/airflow/.local/lib/python3.12/site-packages/airflow/example_dags/example_params_ui_tutorial.py
[2024-04-26T22:46:46.456+0000] {processor.py:840} INFO - DAG(s) 'example_params_ui_tutorial' retrieved from /home/airflow/.local/lib/python3.12/site-packages/airflow/example_dags/example_params_ui_tutorial.py
[2024-04-26T22:46:46.489+0000] {logging_mixin.py:188} INFO - [2024-04-26T22:46:46.489+0000] {dag.py:3096} INFO - Sync 1 DAGs
[2024-04-26T22:46:46.497+0000] {logging_mixin.py:188} INFO - [2024-04-26T22:46:46.497+0000] {dag.py:3954} INFO - Setting next_dagrun for example_params_ui_tutorial to None, run_after=None
[2024-04-26T22:46:46.509+0000] {processor.py:183} INFO - Processing /home/airflow/.local/lib/python3.12/site-packages/airflow/example_dags/example_params_ui_tutorial.py took 0.068 seconds
