[2024-04-26T00:26:03.588+0000] {processor.py:161} INFO - Started process (PID=37337) to work on /home/airflow/.local/lib/python3.12/site-packages/airflow/example_dags/example_complex.py
[2024-04-26T00:26:03.589+0000] {processor.py:830} INFO - Processing file /home/airflow/.local/lib/python3.12/site-packages/airflow/example_dags/example_complex.py for tasks to queue
[2024-04-26T00:26:03.590+0000] {logging_mixin.py:188} INFO - [2024-04-26T00:26:03.590+0000] {dagbag.py:540} INFO - Filling up the DagBag from /home/airflow/.local/lib/python3.12/site-packages/airflow/example_dags/example_complex.py
[2024-04-26T00:26:03.598+0000] {processor.py:840} INFO - DAG(s) 'example_complex' retrieved from /home/airflow/.local/lib/python3.12/site-packages/airflow/example_dags/example_complex.py
[2024-04-26T00:26:03.620+0000] {logging_mixin.py:188} INFO - [2024-04-26T00:26:03.620+0000] {dag.py:3096} INFO - Sync 1 DAGs
[2024-04-26T00:26:03.629+0000] {logging_mixin.py:188} INFO - [2024-04-26T00:26:03.629+0000] {dag.py:3954} INFO - Setting next_dagrun for example_complex to None, run_after=None
[2024-04-26T00:26:03.642+0000] {processor.py:183} INFO - Processing /home/airflow/.local/lib/python3.12/site-packages/airflow/example_dags/example_complex.py took 0.059 seconds
[2024-04-26T03:28:55.280+0000] {processor.py:161} INFO - Started process (PID=37397) to work on /home/airflow/.local/lib/python3.12/site-packages/airflow/example_dags/example_complex.py
[2024-04-26T03:28:55.281+0000] {processor.py:830} INFO - Processing file /home/airflow/.local/lib/python3.12/site-packages/airflow/example_dags/example_complex.py for tasks to queue
[2024-04-26T03:28:55.282+0000] {logging_mixin.py:188} INFO - [2024-04-26T03:28:55.282+0000] {dagbag.py:540} INFO - Filling up the DagBag from /home/airflow/.local/lib/python3.12/site-packages/airflow/example_dags/example_complex.py
[2024-04-26T03:28:55.291+0000] {processor.py:840} INFO - DAG(s) 'example_complex' retrieved from /home/airflow/.local/lib/python3.12/site-packages/airflow/example_dags/example_complex.py
[2024-04-26T03:28:55.337+0000] {logging_mixin.py:188} INFO - [2024-04-26T03:28:55.337+0000] {dag.py:3096} INFO - Sync 1 DAGs
[2024-04-26T03:28:55.352+0000] {logging_mixin.py:188} INFO - [2024-04-26T03:28:55.351+0000] {dag.py:3954} INFO - Setting next_dagrun for example_complex to None, run_after=None
[2024-04-26T03:28:55.374+0000] {processor.py:183} INFO - Processing /home/airflow/.local/lib/python3.12/site-packages/airflow/example_dags/example_complex.py took 0.101 seconds
[2024-04-26T06:31:50.038+0000] {processor.py:161} INFO - Started process (PID=37457) to work on /home/airflow/.local/lib/python3.12/site-packages/airflow/example_dags/example_complex.py
[2024-04-26T06:31:50.039+0000] {processor.py:830} INFO - Processing file /home/airflow/.local/lib/python3.12/site-packages/airflow/example_dags/example_complex.py for tasks to queue
[2024-04-26T06:31:50.040+0000] {logging_mixin.py:188} INFO - [2024-04-26T06:31:50.040+0000] {dagbag.py:540} INFO - Filling up the DagBag from /home/airflow/.local/lib/python3.12/site-packages/airflow/example_dags/example_complex.py
[2024-04-26T06:31:50.047+0000] {processor.py:840} INFO - DAG(s) 'example_complex' retrieved from /home/airflow/.local/lib/python3.12/site-packages/airflow/example_dags/example_complex.py
[2024-04-26T06:31:50.067+0000] {logging_mixin.py:188} INFO - [2024-04-26T06:31:50.067+0000] {dag.py:3096} INFO - Sync 1 DAGs
[2024-04-26T06:31:50.076+0000] {logging_mixin.py:188} INFO - [2024-04-26T06:31:50.076+0000] {dag.py:3954} INFO - Setting next_dagrun for example_complex to None, run_after=None
[2024-04-26T06:31:50.089+0000] {processor.py:183} INFO - Processing /home/airflow/.local/lib/python3.12/site-packages/airflow/example_dags/example_complex.py took 0.054 seconds
[2024-04-26T08:33:48.113+0000] {processor.py:161} INFO - Started process (PID=37517) to work on /home/airflow/.local/lib/python3.12/site-packages/airflow/example_dags/example_complex.py
[2024-04-26T08:33:48.114+0000] {processor.py:830} INFO - Processing file /home/airflow/.local/lib/python3.12/site-packages/airflow/example_dags/example_complex.py for tasks to queue
[2024-04-26T08:33:48.115+0000] {logging_mixin.py:188} INFO - [2024-04-26T08:33:48.115+0000] {dagbag.py:540} INFO - Filling up the DagBag from /home/airflow/.local/lib/python3.12/site-packages/airflow/example_dags/example_complex.py
[2024-04-26T08:33:48.123+0000] {processor.py:840} INFO - DAG(s) 'example_complex' retrieved from /home/airflow/.local/lib/python3.12/site-packages/airflow/example_dags/example_complex.py
[2024-04-26T08:33:48.148+0000] {logging_mixin.py:188} INFO - [2024-04-26T08:33:48.147+0000] {dag.py:3096} INFO - Sync 1 DAGs
[2024-04-26T08:33:48.158+0000] {logging_mixin.py:188} INFO - [2024-04-26T08:33:48.158+0000] {dag.py:3954} INFO - Setting next_dagrun for example_complex to None, run_after=None
[2024-04-26T08:33:48.177+0000] {processor.py:183} INFO - Processing /home/airflow/.local/lib/python3.12/site-packages/airflow/example_dags/example_complex.py took 0.068 seconds
[2024-04-26T09:34:44.617+0000] {processor.py:161} INFO - Started process (PID=37577) to work on /home/airflow/.local/lib/python3.12/site-packages/airflow/example_dags/example_complex.py
[2024-04-26T09:34:44.618+0000] {processor.py:830} INFO - Processing file /home/airflow/.local/lib/python3.12/site-packages/airflow/example_dags/example_complex.py for tasks to queue
[2024-04-26T09:34:44.619+0000] {logging_mixin.py:188} INFO - [2024-04-26T09:34:44.618+0000] {dagbag.py:540} INFO - Filling up the DagBag from /home/airflow/.local/lib/python3.12/site-packages/airflow/example_dags/example_complex.py
[2024-04-26T09:34:44.626+0000] {processor.py:840} INFO - DAG(s) 'example_complex' retrieved from /home/airflow/.local/lib/python3.12/site-packages/airflow/example_dags/example_complex.py
[2024-04-26T09:34:44.646+0000] {logging_mixin.py:188} INFO - [2024-04-26T09:34:44.646+0000] {dag.py:3096} INFO - Sync 1 DAGs
[2024-04-26T09:34:44.654+0000] {logging_mixin.py:188} INFO - [2024-04-26T09:34:44.654+0000] {dag.py:3954} INFO - Setting next_dagrun for example_complex to None, run_after=None
[2024-04-26T09:34:44.666+0000] {processor.py:183} INFO - Processing /home/airflow/.local/lib/python3.12/site-packages/airflow/example_dags/example_complex.py took 0.053 seconds
[2024-04-26T10:52:42.758+0000] {processor.py:161} INFO - Started process (PID=37637) to work on /home/airflow/.local/lib/python3.12/site-packages/airflow/example_dags/example_complex.py
[2024-04-26T10:52:42.759+0000] {processor.py:830} INFO - Processing file /home/airflow/.local/lib/python3.12/site-packages/airflow/example_dags/example_complex.py for tasks to queue
[2024-04-26T10:52:42.760+0000] {logging_mixin.py:188} INFO - [2024-04-26T10:52:42.759+0000] {dagbag.py:540} INFO - Filling up the DagBag from /home/airflow/.local/lib/python3.12/site-packages/airflow/example_dags/example_complex.py
[2024-04-26T10:52:42.767+0000] {processor.py:840} INFO - DAG(s) 'example_complex' retrieved from /home/airflow/.local/lib/python3.12/site-packages/airflow/example_dags/example_complex.py
[2024-04-26T10:52:42.788+0000] {logging_mixin.py:188} INFO - [2024-04-26T10:52:42.788+0000] {dag.py:3096} INFO - Sync 1 DAGs
[2024-04-26T10:52:42.797+0000] {logging_mixin.py:188} INFO - [2024-04-26T10:52:42.797+0000] {dag.py:3954} INFO - Setting next_dagrun for example_complex to None, run_after=None
[2024-04-26T10:52:42.810+0000] {processor.py:183} INFO - Processing /home/airflow/.local/lib/python3.12/site-packages/airflow/example_dags/example_complex.py took 0.056 seconds
[2024-04-26T14:39:15.780+0000] {processor.py:161} INFO - Started process (PID=37697) to work on /home/airflow/.local/lib/python3.12/site-packages/airflow/example_dags/example_complex.py
[2024-04-26T14:39:15.781+0000] {processor.py:830} INFO - Processing file /home/airflow/.local/lib/python3.12/site-packages/airflow/example_dags/example_complex.py for tasks to queue
[2024-04-26T14:39:15.782+0000] {logging_mixin.py:188} INFO - [2024-04-26T14:39:15.782+0000] {dagbag.py:540} INFO - Filling up the DagBag from /home/airflow/.local/lib/python3.12/site-packages/airflow/example_dags/example_complex.py
[2024-04-26T14:39:15.789+0000] {processor.py:840} INFO - DAG(s) 'example_complex' retrieved from /home/airflow/.local/lib/python3.12/site-packages/airflow/example_dags/example_complex.py
[2024-04-26T14:39:15.810+0000] {logging_mixin.py:188} INFO - [2024-04-26T14:39:15.810+0000] {dag.py:3096} INFO - Sync 1 DAGs
[2024-04-26T14:39:15.819+0000] {logging_mixin.py:188} INFO - [2024-04-26T14:39:15.818+0000] {dag.py:3954} INFO - Setting next_dagrun for example_complex to None, run_after=None
[2024-04-26T14:39:15.831+0000] {processor.py:183} INFO - Processing /home/airflow/.local/lib/python3.12/site-packages/airflow/example_dags/example_complex.py took 0.056 seconds
[2024-04-26T17:42:11.510+0000] {processor.py:161} INFO - Started process (PID=37757) to work on /home/airflow/.local/lib/python3.12/site-packages/airflow/example_dags/example_complex.py
[2024-04-26T17:42:11.511+0000] {processor.py:830} INFO - Processing file /home/airflow/.local/lib/python3.12/site-packages/airflow/example_dags/example_complex.py for tasks to queue
[2024-04-26T17:42:11.512+0000] {logging_mixin.py:188} INFO - [2024-04-26T17:42:11.512+0000] {dagbag.py:540} INFO - Filling up the DagBag from /home/airflow/.local/lib/python3.12/site-packages/airflow/example_dags/example_complex.py
[2024-04-26T17:42:11.519+0000] {processor.py:840} INFO - DAG(s) 'example_complex' retrieved from /home/airflow/.local/lib/python3.12/site-packages/airflow/example_dags/example_complex.py
[2024-04-26T17:42:11.541+0000] {logging_mixin.py:188} INFO - [2024-04-26T17:42:11.540+0000] {dag.py:3096} INFO - Sync 1 DAGs
[2024-04-26T17:42:11.549+0000] {logging_mixin.py:188} INFO - [2024-04-26T17:42:11.549+0000] {dag.py:3954} INFO - Setting next_dagrun for example_complex to None, run_after=None
[2024-04-26T17:42:11.561+0000] {processor.py:183} INFO - Processing /home/airflow/.local/lib/python3.12/site-packages/airflow/example_dags/example_complex.py took 0.055 seconds
[2024-04-26T20:44:59.751+0000] {processor.py:161} INFO - Started process (PID=37817) to work on /home/airflow/.local/lib/python3.12/site-packages/airflow/example_dags/example_complex.py
[2024-04-26T20:44:59.752+0000] {processor.py:830} INFO - Processing file /home/airflow/.local/lib/python3.12/site-packages/airflow/example_dags/example_complex.py for tasks to queue
[2024-04-26T20:44:59.752+0000] {logging_mixin.py:188} INFO - [2024-04-26T20:44:59.752+0000] {dagbag.py:540} INFO - Filling up the DagBag from /home/airflow/.local/lib/python3.12/site-packages/airflow/example_dags/example_complex.py
[2024-04-26T20:44:59.759+0000] {processor.py:840} INFO - DAG(s) 'example_complex' retrieved from /home/airflow/.local/lib/python3.12/site-packages/airflow/example_dags/example_complex.py
[2024-04-26T20:44:59.780+0000] {logging_mixin.py:188} INFO - [2024-04-26T20:44:59.780+0000] {dag.py:3096} INFO - Sync 1 DAGs
[2024-04-26T20:44:59.790+0000] {logging_mixin.py:188} INFO - [2024-04-26T20:44:59.789+0000] {dag.py:3954} INFO - Setting next_dagrun for example_complex to None, run_after=None
[2024-04-26T20:44:59.802+0000] {processor.py:183} INFO - Processing /home/airflow/.local/lib/python3.12/site-packages/airflow/example_dags/example_complex.py took 0.055 seconds
[2024-04-26T22:46:46.062+0000] {processor.py:161} INFO - Started process (PID=37877) to work on /home/airflow/.local/lib/python3.12/site-packages/airflow/example_dags/example_complex.py
[2024-04-26T22:46:46.063+0000] {processor.py:830} INFO - Processing file /home/airflow/.local/lib/python3.12/site-packages/airflow/example_dags/example_complex.py for tasks to queue
[2024-04-26T22:46:46.064+0000] {logging_mixin.py:188} INFO - [2024-04-26T22:46:46.063+0000] {dagbag.py:540} INFO - Filling up the DagBag from /home/airflow/.local/lib/python3.12/site-packages/airflow/example_dags/example_complex.py
[2024-04-26T22:46:46.071+0000] {processor.py:840} INFO - DAG(s) 'example_complex' retrieved from /home/airflow/.local/lib/python3.12/site-packages/airflow/example_dags/example_complex.py
[2024-04-26T22:46:46.091+0000] {logging_mixin.py:188} INFO - [2024-04-26T22:46:46.091+0000] {dag.py:3096} INFO - Sync 1 DAGs
[2024-04-26T22:46:46.100+0000] {logging_mixin.py:188} INFO - [2024-04-26T22:46:46.100+0000] {dag.py:3954} INFO - Setting next_dagrun for example_complex to None, run_after=None
[2024-04-26T22:46:46.113+0000] {processor.py:183} INFO - Processing /home/airflow/.local/lib/python3.12/site-packages/airflow/example_dags/example_complex.py took 0.055 seconds
