[2024-04-26T00:26:03.078+0000] {processor.py:161} INFO - Started process (PID=37327) to work on /home/airflow/.local/lib/python3.12/site-packages/airflow/example_dags/example_kubernetes_executor.py
[2024-04-26T00:26:03.079+0000] {processor.py:830} INFO - Processing file /home/airflow/.local/lib/python3.12/site-packages/airflow/example_dags/example_kubernetes_executor.py for tasks to queue
[2024-04-26T00:26:03.080+0000] {logging_mixin.py:188} INFO - [2024-04-26T00:26:03.079+0000] {dagbag.py:540} INFO - Filling up the DagBag from /home/airflow/.local/lib/python3.12/site-packages/airflow/example_dags/example_kubernetes_executor.py
[2024-04-26T00:26:03.095+0000] {processor.py:840} INFO - DAG(s) 'example_kubernetes_executor' retrieved from /home/airflow/.local/lib/python3.12/site-packages/airflow/example_dags/example_kubernetes_executor.py
[2024-04-26T00:26:03.124+0000] {logging_mixin.py:188} INFO - [2024-04-26T00:26:03.124+0000] {dag.py:3096} INFO - Sync 1 DAGs
[2024-04-26T00:26:03.134+0000] {logging_mixin.py:188} INFO - [2024-04-26T00:26:03.134+0000] {dag.py:3954} INFO - Setting next_dagrun for example_kubernetes_executor to None, run_after=None
[2024-04-26T00:26:03.155+0000] {processor.py:183} INFO - Processing /home/airflow/.local/lib/python3.12/site-packages/airflow/example_dags/example_kubernetes_executor.py took 0.083 seconds
[2024-04-26T03:28:54.851+0000] {processor.py:161} INFO - Started process (PID=37387) to work on /home/airflow/.local/lib/python3.12/site-packages/airflow/example_dags/example_kubernetes_executor.py
[2024-04-26T03:28:54.852+0000] {processor.py:830} INFO - Processing file /home/airflow/.local/lib/python3.12/site-packages/airflow/example_dags/example_kubernetes_executor.py for tasks to queue
[2024-04-26T03:28:54.853+0000] {logging_mixin.py:188} INFO - [2024-04-26T03:28:54.853+0000] {dagbag.py:540} INFO - Filling up the DagBag from /home/airflow/.local/lib/python3.12/site-packages/airflow/example_dags/example_kubernetes_executor.py
[2024-04-26T03:28:54.866+0000] {processor.py:840} INFO - DAG(s) 'example_kubernetes_executor' retrieved from /home/airflow/.local/lib/python3.12/site-packages/airflow/example_dags/example_kubernetes_executor.py
[2024-04-26T03:28:54.896+0000] {logging_mixin.py:188} INFO - [2024-04-26T03:28:54.895+0000] {dag.py:3096} INFO - Sync 1 DAGs
[2024-04-26T03:28:54.905+0000] {logging_mixin.py:188} INFO - [2024-04-26T03:28:54.905+0000] {dag.py:3954} INFO - Setting next_dagrun for example_kubernetes_executor to None, run_after=None
[2024-04-26T03:28:54.920+0000] {processor.py:183} INFO - Processing /home/airflow/.local/lib/python3.12/site-packages/airflow/example_dags/example_kubernetes_executor.py took 0.074 seconds
[2024-04-26T06:31:49.678+0000] {processor.py:161} INFO - Started process (PID=37447) to work on /home/airflow/.local/lib/python3.12/site-packages/airflow/example_dags/example_kubernetes_executor.py
[2024-04-26T06:31:49.679+0000] {processor.py:830} INFO - Processing file /home/airflow/.local/lib/python3.12/site-packages/airflow/example_dags/example_kubernetes_executor.py for tasks to queue
[2024-04-26T06:31:49.679+0000] {logging_mixin.py:188} INFO - [2024-04-26T06:31:49.679+0000] {dagbag.py:540} INFO - Filling up the DagBag from /home/airflow/.local/lib/python3.12/site-packages/airflow/example_dags/example_kubernetes_executor.py
[2024-04-26T06:31:49.688+0000] {processor.py:840} INFO - DAG(s) 'example_kubernetes_executor' retrieved from /home/airflow/.local/lib/python3.12/site-packages/airflow/example_dags/example_kubernetes_executor.py
[2024-04-26T06:31:49.715+0000] {logging_mixin.py:188} INFO - [2024-04-26T06:31:49.715+0000] {dag.py:3096} INFO - Sync 1 DAGs
[2024-04-26T06:31:49.724+0000] {logging_mixin.py:188} INFO - [2024-04-26T06:31:49.724+0000] {dag.py:3954} INFO - Setting next_dagrun for example_kubernetes_executor to None, run_after=None
[2024-04-26T06:31:49.736+0000] {processor.py:183} INFO - Processing /home/airflow/.local/lib/python3.12/site-packages/airflow/example_dags/example_kubernetes_executor.py took 0.062 seconds
[2024-04-26T08:33:47.677+0000] {processor.py:161} INFO - Started process (PID=37507) to work on /home/airflow/.local/lib/python3.12/site-packages/airflow/example_dags/example_kubernetes_executor.py
[2024-04-26T08:33:47.678+0000] {processor.py:830} INFO - Processing file /home/airflow/.local/lib/python3.12/site-packages/airflow/example_dags/example_kubernetes_executor.py for tasks to queue
[2024-04-26T08:33:47.678+0000] {logging_mixin.py:188} INFO - [2024-04-26T08:33:47.678+0000] {dagbag.py:540} INFO - Filling up the DagBag from /home/airflow/.local/lib/python3.12/site-packages/airflow/example_dags/example_kubernetes_executor.py
[2024-04-26T08:33:47.687+0000] {processor.py:840} INFO - DAG(s) 'example_kubernetes_executor' retrieved from /home/airflow/.local/lib/python3.12/site-packages/airflow/example_dags/example_kubernetes_executor.py
[2024-04-26T08:33:47.713+0000] {logging_mixin.py:188} INFO - [2024-04-26T08:33:47.713+0000] {dag.py:3096} INFO - Sync 1 DAGs
[2024-04-26T08:33:47.722+0000] {logging_mixin.py:188} INFO - [2024-04-26T08:33:47.722+0000] {dag.py:3954} INFO - Setting next_dagrun for example_kubernetes_executor to None, run_after=None
[2024-04-26T08:33:47.736+0000] {processor.py:183} INFO - Processing /home/airflow/.local/lib/python3.12/site-packages/airflow/example_dags/example_kubernetes_executor.py took 0.069 seconds
[2024-04-26T09:34:44.171+0000] {processor.py:161} INFO - Started process (PID=37567) to work on /home/airflow/.local/lib/python3.12/site-packages/airflow/example_dags/example_kubernetes_executor.py
[2024-04-26T09:34:44.172+0000] {processor.py:830} INFO - Processing file /home/airflow/.local/lib/python3.12/site-packages/airflow/example_dags/example_kubernetes_executor.py for tasks to queue
[2024-04-26T09:34:44.173+0000] {logging_mixin.py:188} INFO - [2024-04-26T09:34:44.172+0000] {dagbag.py:540} INFO - Filling up the DagBag from /home/airflow/.local/lib/python3.12/site-packages/airflow/example_dags/example_kubernetes_executor.py
[2024-04-26T09:34:44.181+0000] {processor.py:840} INFO - DAG(s) 'example_kubernetes_executor' retrieved from /home/airflow/.local/lib/python3.12/site-packages/airflow/example_dags/example_kubernetes_executor.py
[2024-04-26T09:34:44.207+0000] {logging_mixin.py:188} INFO - [2024-04-26T09:34:44.207+0000] {dag.py:3096} INFO - Sync 1 DAGs
[2024-04-26T09:34:44.215+0000] {logging_mixin.py:188} INFO - [2024-04-26T09:34:44.215+0000] {dag.py:3954} INFO - Setting next_dagrun for example_kubernetes_executor to None, run_after=None
[2024-04-26T09:34:44.227+0000] {processor.py:183} INFO - Processing /home/airflow/.local/lib/python3.12/site-packages/airflow/example_dags/example_kubernetes_executor.py took 0.061 seconds
[2024-04-26T10:52:42.368+0000] {processor.py:161} INFO - Started process (PID=37627) to work on /home/airflow/.local/lib/python3.12/site-packages/airflow/example_dags/example_kubernetes_executor.py
[2024-04-26T10:52:42.369+0000] {processor.py:830} INFO - Processing file /home/airflow/.local/lib/python3.12/site-packages/airflow/example_dags/example_kubernetes_executor.py for tasks to queue
[2024-04-26T10:52:42.370+0000] {logging_mixin.py:188} INFO - [2024-04-26T10:52:42.369+0000] {dagbag.py:540} INFO - Filling up the DagBag from /home/airflow/.local/lib/python3.12/site-packages/airflow/example_dags/example_kubernetes_executor.py
[2024-04-26T10:52:42.378+0000] {processor.py:840} INFO - DAG(s) 'example_kubernetes_executor' retrieved from /home/airflow/.local/lib/python3.12/site-packages/airflow/example_dags/example_kubernetes_executor.py
[2024-04-26T10:52:42.405+0000] {logging_mixin.py:188} INFO - [2024-04-26T10:52:42.405+0000] {dag.py:3096} INFO - Sync 1 DAGs
[2024-04-26T10:52:42.417+0000] {logging_mixin.py:188} INFO - [2024-04-26T10:52:42.416+0000] {dag.py:3954} INFO - Setting next_dagrun for example_kubernetes_executor to None, run_after=None
[2024-04-26T10:52:42.431+0000] {processor.py:183} INFO - Processing /home/airflow/.local/lib/python3.12/site-packages/airflow/example_dags/example_kubernetes_executor.py took 0.068 seconds
[2024-04-26T14:39:15.418+0000] {processor.py:161} INFO - Started process (PID=37687) to work on /home/airflow/.local/lib/python3.12/site-packages/airflow/example_dags/example_kubernetes_executor.py
[2024-04-26T14:39:15.419+0000] {processor.py:830} INFO - Processing file /home/airflow/.local/lib/python3.12/site-packages/airflow/example_dags/example_kubernetes_executor.py for tasks to queue
[2024-04-26T14:39:15.419+0000] {logging_mixin.py:188} INFO - [2024-04-26T14:39:15.419+0000] {dagbag.py:540} INFO - Filling up the DagBag from /home/airflow/.local/lib/python3.12/site-packages/airflow/example_dags/example_kubernetes_executor.py
[2024-04-26T14:39:15.428+0000] {processor.py:840} INFO - DAG(s) 'example_kubernetes_executor' retrieved from /home/airflow/.local/lib/python3.12/site-packages/airflow/example_dags/example_kubernetes_executor.py
[2024-04-26T14:39:15.455+0000] {logging_mixin.py:188} INFO - [2024-04-26T14:39:15.455+0000] {dag.py:3096} INFO - Sync 1 DAGs
[2024-04-26T14:39:15.464+0000] {logging_mixin.py:188} INFO - [2024-04-26T14:39:15.464+0000] {dag.py:3954} INFO - Setting next_dagrun for example_kubernetes_executor to None, run_after=None
[2024-04-26T14:39:15.475+0000] {processor.py:183} INFO - Processing /home/airflow/.local/lib/python3.12/site-packages/airflow/example_dags/example_kubernetes_executor.py took 0.062 seconds
[2024-04-26T17:42:11.116+0000] {processor.py:161} INFO - Started process (PID=37747) to work on /home/airflow/.local/lib/python3.12/site-packages/airflow/example_dags/example_kubernetes_executor.py
[2024-04-26T17:42:11.117+0000] {processor.py:830} INFO - Processing file /home/airflow/.local/lib/python3.12/site-packages/airflow/example_dags/example_kubernetes_executor.py for tasks to queue
[2024-04-26T17:42:11.118+0000] {logging_mixin.py:188} INFO - [2024-04-26T17:42:11.117+0000] {dagbag.py:540} INFO - Filling up the DagBag from /home/airflow/.local/lib/python3.12/site-packages/airflow/example_dags/example_kubernetes_executor.py
[2024-04-26T17:42:11.130+0000] {processor.py:840} INFO - DAG(s) 'example_kubernetes_executor' retrieved from /home/airflow/.local/lib/python3.12/site-packages/airflow/example_dags/example_kubernetes_executor.py
[2024-04-26T17:42:11.158+0000] {logging_mixin.py:188} INFO - [2024-04-26T17:42:11.157+0000] {dag.py:3096} INFO - Sync 1 DAGs
[2024-04-26T17:42:11.168+0000] {logging_mixin.py:188} INFO - [2024-04-26T17:42:11.168+0000] {dag.py:3954} INFO - Setting next_dagrun for example_kubernetes_executor to None, run_after=None
[2024-04-26T17:42:11.182+0000] {processor.py:183} INFO - Processing /home/airflow/.local/lib/python3.12/site-packages/airflow/example_dags/example_kubernetes_executor.py took 0.070 seconds
[2024-04-26T20:44:59.373+0000] {processor.py:161} INFO - Started process (PID=37807) to work on /home/airflow/.local/lib/python3.12/site-packages/airflow/example_dags/example_kubernetes_executor.py
[2024-04-26T20:44:59.374+0000] {processor.py:830} INFO - Processing file /home/airflow/.local/lib/python3.12/site-packages/airflow/example_dags/example_kubernetes_executor.py for tasks to queue
[2024-04-26T20:44:59.375+0000] {logging_mixin.py:188} INFO - [2024-04-26T20:44:59.375+0000] {dagbag.py:540} INFO - Filling up the DagBag from /home/airflow/.local/lib/python3.12/site-packages/airflow/example_dags/example_kubernetes_executor.py
[2024-04-26T20:44:59.383+0000] {processor.py:840} INFO - DAG(s) 'example_kubernetes_executor' retrieved from /home/airflow/.local/lib/python3.12/site-packages/airflow/example_dags/example_kubernetes_executor.py
[2024-04-26T20:44:59.411+0000] {logging_mixin.py:188} INFO - [2024-04-26T20:44:59.411+0000] {dag.py:3096} INFO - Sync 1 DAGs
[2024-04-26T20:44:59.421+0000] {logging_mixin.py:188} INFO - [2024-04-26T20:44:59.421+0000] {dag.py:3954} INFO - Setting next_dagrun for example_kubernetes_executor to None, run_after=None
[2024-04-26T20:44:59.433+0000] {processor.py:183} INFO - Processing /home/airflow/.local/lib/python3.12/site-packages/airflow/example_dags/example_kubernetes_executor.py took 0.064 seconds
[2024-04-26T22:46:45.695+0000] {processor.py:161} INFO - Started process (PID=37867) to work on /home/airflow/.local/lib/python3.12/site-packages/airflow/example_dags/example_kubernetes_executor.py
[2024-04-26T22:46:45.697+0000] {processor.py:830} INFO - Processing file /home/airflow/.local/lib/python3.12/site-packages/airflow/example_dags/example_kubernetes_executor.py for tasks to queue
[2024-04-26T22:46:45.697+0000] {logging_mixin.py:188} INFO - [2024-04-26T22:46:45.697+0000] {dagbag.py:540} INFO - Filling up the DagBag from /home/airflow/.local/lib/python3.12/site-packages/airflow/example_dags/example_kubernetes_executor.py
[2024-04-26T22:46:45.707+0000] {processor.py:840} INFO - DAG(s) 'example_kubernetes_executor' retrieved from /home/airflow/.local/lib/python3.12/site-packages/airflow/example_dags/example_kubernetes_executor.py
[2024-04-26T22:46:45.735+0000] {logging_mixin.py:188} INFO - [2024-04-26T22:46:45.735+0000] {dag.py:3096} INFO - Sync 1 DAGs
[2024-04-26T22:46:45.745+0000] {logging_mixin.py:188} INFO - [2024-04-26T22:46:45.744+0000] {dag.py:3954} INFO - Setting next_dagrun for example_kubernetes_executor to None, run_after=None
[2024-04-26T22:46:45.758+0000] {processor.py:183} INFO - Processing /home/airflow/.local/lib/python3.12/site-packages/airflow/example_dags/example_kubernetes_executor.py took 0.068 seconds
