[2024-04-26T00:26:04.129+0000] {processor.py:161} INFO - Started process (PID=37348) to work on /home/airflow/.local/lib/python3.12/site-packages/airflow/example_dags/example_trigger_controller_dag.py
[2024-04-26T00:26:04.130+0000] {processor.py:830} INFO - Processing file /home/airflow/.local/lib/python3.12/site-packages/airflow/example_dags/example_trigger_controller_dag.py for tasks to queue
[2024-04-26T00:26:04.131+0000] {logging_mixin.py:188} INFO - [2024-04-26T00:26:04.131+0000] {dagbag.py:540} INFO - Filling up the DagBag from /home/airflow/.local/lib/python3.12/site-packages/airflow/example_dags/example_trigger_controller_dag.py
[2024-04-26T00:26:04.135+0000] {processor.py:840} INFO - DAG(s) 'example_trigger_controller_dag' retrieved from /home/airflow/.local/lib/python3.12/site-packages/airflow/example_dags/example_trigger_controller_dag.py
[2024-04-26T00:26:04.152+0000] {logging_mixin.py:188} INFO - [2024-04-26T00:26:04.152+0000] {dag.py:3096} INFO - Sync 1 DAGs
[2024-04-26T00:26:04.170+0000] {logging_mixin.py:188} INFO - [2024-04-26T00:26:04.169+0000] {dag.py:3954} INFO - Setting next_dagrun for example_trigger_controller_dag to 2021-01-01 00:00:00+00:00, run_after=2021-01-01 00:00:00+00:00
[2024-04-26T00:26:04.184+0000] {processor.py:183} INFO - Processing /home/airflow/.local/lib/python3.12/site-packages/airflow/example_dags/example_trigger_controller_dag.py took 0.060 seconds
[2024-04-26T03:28:55.912+0000] {processor.py:161} INFO - Started process (PID=37408) to work on /home/airflow/.local/lib/python3.12/site-packages/airflow/example_dags/example_trigger_controller_dag.py
[2024-04-26T03:28:55.913+0000] {processor.py:830} INFO - Processing file /home/airflow/.local/lib/python3.12/site-packages/airflow/example_dags/example_trigger_controller_dag.py for tasks to queue
[2024-04-26T03:28:55.914+0000] {logging_mixin.py:188} INFO - [2024-04-26T03:28:55.914+0000] {dagbag.py:540} INFO - Filling up the DagBag from /home/airflow/.local/lib/python3.12/site-packages/airflow/example_dags/example_trigger_controller_dag.py
[2024-04-26T03:28:55.919+0000] {processor.py:840} INFO - DAG(s) 'example_trigger_controller_dag' retrieved from /home/airflow/.local/lib/python3.12/site-packages/airflow/example_dags/example_trigger_controller_dag.py
[2024-04-26T03:28:55.937+0000] {logging_mixin.py:188} INFO - [2024-04-26T03:28:55.937+0000] {dag.py:3096} INFO - Sync 1 DAGs
[2024-04-26T03:28:55.957+0000] {logging_mixin.py:188} INFO - [2024-04-26T03:28:55.956+0000] {dag.py:3954} INFO - Setting next_dagrun for example_trigger_controller_dag to 2021-01-01 00:00:00+00:00, run_after=2021-01-01 00:00:00+00:00
[2024-04-26T03:28:55.973+0000] {processor.py:183} INFO - Processing /home/airflow/.local/lib/python3.12/site-packages/airflow/example_dags/example_trigger_controller_dag.py took 0.067 seconds
[2024-04-26T06:31:50.635+0000] {processor.py:161} INFO - Started process (PID=37468) to work on /home/airflow/.local/lib/python3.12/site-packages/airflow/example_dags/example_trigger_controller_dag.py
[2024-04-26T06:31:50.636+0000] {processor.py:830} INFO - Processing file /home/airflow/.local/lib/python3.12/site-packages/airflow/example_dags/example_trigger_controller_dag.py for tasks to queue
[2024-04-26T06:31:50.637+0000] {logging_mixin.py:188} INFO - [2024-04-26T06:31:50.637+0000] {dagbag.py:540} INFO - Filling up the DagBag from /home/airflow/.local/lib/python3.12/site-packages/airflow/example_dags/example_trigger_controller_dag.py
[2024-04-26T06:31:50.641+0000] {processor.py:840} INFO - DAG(s) 'example_trigger_controller_dag' retrieved from /home/airflow/.local/lib/python3.12/site-packages/airflow/example_dags/example_trigger_controller_dag.py
[2024-04-26T06:31:50.659+0000] {logging_mixin.py:188} INFO - [2024-04-26T06:31:50.659+0000] {dag.py:3096} INFO - Sync 1 DAGs
[2024-04-26T06:31:50.677+0000] {logging_mixin.py:188} INFO - [2024-04-26T06:31:50.676+0000] {dag.py:3954} INFO - Setting next_dagrun for example_trigger_controller_dag to 2021-01-01 00:00:00+00:00, run_after=2021-01-01 00:00:00+00:00
[2024-04-26T06:31:50.692+0000] {processor.py:183} INFO - Processing /home/airflow/.local/lib/python3.12/site-packages/airflow/example_dags/example_trigger_controller_dag.py took 0.062 seconds
[2024-04-26T08:33:48.656+0000] {processor.py:161} INFO - Started process (PID=37528) to work on /home/airflow/.local/lib/python3.12/site-packages/airflow/example_dags/example_trigger_controller_dag.py
[2024-04-26T08:33:48.657+0000] {processor.py:830} INFO - Processing file /home/airflow/.local/lib/python3.12/site-packages/airflow/example_dags/example_trigger_controller_dag.py for tasks to queue
[2024-04-26T08:33:48.658+0000] {logging_mixin.py:188} INFO - [2024-04-26T08:33:48.658+0000] {dagbag.py:540} INFO - Filling up the DagBag from /home/airflow/.local/lib/python3.12/site-packages/airflow/example_dags/example_trigger_controller_dag.py
[2024-04-26T08:33:48.661+0000] {processor.py:840} INFO - DAG(s) 'example_trigger_controller_dag' retrieved from /home/airflow/.local/lib/python3.12/site-packages/airflow/example_dags/example_trigger_controller_dag.py
[2024-04-26T08:33:48.676+0000] {logging_mixin.py:188} INFO - [2024-04-26T08:33:48.676+0000] {dag.py:3096} INFO - Sync 1 DAGs
[2024-04-26T08:33:48.689+0000] {logging_mixin.py:188} INFO - [2024-04-26T08:33:48.689+0000] {dag.py:3954} INFO - Setting next_dagrun for example_trigger_controller_dag to 2021-01-01 00:00:00+00:00, run_after=2021-01-01 00:00:00+00:00
[2024-04-26T08:33:48.701+0000] {processor.py:183} INFO - Processing /home/airflow/.local/lib/python3.12/site-packages/airflow/example_dags/example_trigger_controller_dag.py took 0.049 seconds
[2024-04-26T09:34:45.109+0000] {processor.py:161} INFO - Started process (PID=37588) to work on /home/airflow/.local/lib/python3.12/site-packages/airflow/example_dags/example_trigger_controller_dag.py
[2024-04-26T09:34:45.110+0000] {processor.py:830} INFO - Processing file /home/airflow/.local/lib/python3.12/site-packages/airflow/example_dags/example_trigger_controller_dag.py for tasks to queue
[2024-04-26T09:34:45.111+0000] {logging_mixin.py:188} INFO - [2024-04-26T09:34:45.110+0000] {dagbag.py:540} INFO - Filling up the DagBag from /home/airflow/.local/lib/python3.12/site-packages/airflow/example_dags/example_trigger_controller_dag.py
[2024-04-26T09:34:45.114+0000] {processor.py:840} INFO - DAG(s) 'example_trigger_controller_dag' retrieved from /home/airflow/.local/lib/python3.12/site-packages/airflow/example_dags/example_trigger_controller_dag.py
[2024-04-26T09:34:45.128+0000] {logging_mixin.py:188} INFO - [2024-04-26T09:34:45.128+0000] {dag.py:3096} INFO - Sync 1 DAGs
[2024-04-26T09:34:45.142+0000] {logging_mixin.py:188} INFO - [2024-04-26T09:34:45.142+0000] {dag.py:3954} INFO - Setting next_dagrun for example_trigger_controller_dag to 2021-01-01 00:00:00+00:00, run_after=2021-01-01 00:00:00+00:00
[2024-04-26T09:34:45.153+0000] {processor.py:183} INFO - Processing /home/airflow/.local/lib/python3.12/site-packages/airflow/example_dags/example_trigger_controller_dag.py took 0.048 seconds
[2024-04-26T10:52:43.205+0000] {processor.py:161} INFO - Started process (PID=37648) to work on /home/airflow/.local/lib/python3.12/site-packages/airflow/example_dags/example_trigger_controller_dag.py
[2024-04-26T10:52:43.206+0000] {processor.py:830} INFO - Processing file /home/airflow/.local/lib/python3.12/site-packages/airflow/example_dags/example_trigger_controller_dag.py for tasks to queue
[2024-04-26T10:52:43.207+0000] {logging_mixin.py:188} INFO - [2024-04-26T10:52:43.206+0000] {dagbag.py:540} INFO - Filling up the DagBag from /home/airflow/.local/lib/python3.12/site-packages/airflow/example_dags/example_trigger_controller_dag.py
[2024-04-26T10:52:43.210+0000] {processor.py:840} INFO - DAG(s) 'example_trigger_controller_dag' retrieved from /home/airflow/.local/lib/python3.12/site-packages/airflow/example_dags/example_trigger_controller_dag.py
[2024-04-26T10:52:43.226+0000] {logging_mixin.py:188} INFO - [2024-04-26T10:52:43.225+0000] {dag.py:3096} INFO - Sync 1 DAGs
[2024-04-26T10:52:43.242+0000] {logging_mixin.py:188} INFO - [2024-04-26T10:52:43.242+0000] {dag.py:3954} INFO - Setting next_dagrun for example_trigger_controller_dag to 2021-01-01 00:00:00+00:00, run_after=2021-01-01 00:00:00+00:00
[2024-04-26T10:52:43.254+0000] {processor.py:183} INFO - Processing /home/airflow/.local/lib/python3.12/site-packages/airflow/example_dags/example_trigger_controller_dag.py took 0.053 seconds
[2024-04-26T14:39:16.233+0000] {processor.py:161} INFO - Started process (PID=37708) to work on /home/airflow/.local/lib/python3.12/site-packages/airflow/example_dags/example_trigger_controller_dag.py
[2024-04-26T14:39:16.234+0000] {processor.py:830} INFO - Processing file /home/airflow/.local/lib/python3.12/site-packages/airflow/example_dags/example_trigger_controller_dag.py for tasks to queue
[2024-04-26T14:39:16.235+0000] {logging_mixin.py:188} INFO - [2024-04-26T14:39:16.235+0000] {dagbag.py:540} INFO - Filling up the DagBag from /home/airflow/.local/lib/python3.12/site-packages/airflow/example_dags/example_trigger_controller_dag.py
[2024-04-26T14:39:16.238+0000] {processor.py:840} INFO - DAG(s) 'example_trigger_controller_dag' retrieved from /home/airflow/.local/lib/python3.12/site-packages/airflow/example_dags/example_trigger_controller_dag.py
[2024-04-26T14:39:16.253+0000] {logging_mixin.py:188} INFO - [2024-04-26T14:39:16.253+0000] {dag.py:3096} INFO - Sync 1 DAGs
[2024-04-26T14:39:16.267+0000] {logging_mixin.py:188} INFO - [2024-04-26T14:39:16.267+0000] {dag.py:3954} INFO - Setting next_dagrun for example_trigger_controller_dag to 2021-01-01 00:00:00+00:00, run_after=2021-01-01 00:00:00+00:00
[2024-04-26T14:39:16.279+0000] {processor.py:183} INFO - Processing /home/airflow/.local/lib/python3.12/site-packages/airflow/example_dags/example_trigger_controller_dag.py took 0.051 seconds
[2024-04-26T17:42:11.984+0000] {processor.py:161} INFO - Started process (PID=37768) to work on /home/airflow/.local/lib/python3.12/site-packages/airflow/example_dags/example_trigger_controller_dag.py
[2024-04-26T17:42:11.985+0000] {processor.py:830} INFO - Processing file /home/airflow/.local/lib/python3.12/site-packages/airflow/example_dags/example_trigger_controller_dag.py for tasks to queue
[2024-04-26T17:42:11.986+0000] {logging_mixin.py:188} INFO - [2024-04-26T17:42:11.985+0000] {dagbag.py:540} INFO - Filling up the DagBag from /home/airflow/.local/lib/python3.12/site-packages/airflow/example_dags/example_trigger_controller_dag.py
[2024-04-26T17:42:11.989+0000] {processor.py:840} INFO - DAG(s) 'example_trigger_controller_dag' retrieved from /home/airflow/.local/lib/python3.12/site-packages/airflow/example_dags/example_trigger_controller_dag.py
[2024-04-26T17:42:12.005+0000] {logging_mixin.py:188} INFO - [2024-04-26T17:42:12.005+0000] {dag.py:3096} INFO - Sync 1 DAGs
[2024-04-26T17:42:12.029+0000] {logging_mixin.py:188} INFO - [2024-04-26T17:42:12.029+0000] {dag.py:3954} INFO - Setting next_dagrun for example_trigger_controller_dag to 2021-01-01 00:00:00+00:00, run_after=2021-01-01 00:00:00+00:00
[2024-04-26T17:42:12.043+0000] {processor.py:183} INFO - Processing /home/airflow/.local/lib/python3.12/site-packages/airflow/example_dags/example_trigger_controller_dag.py took 0.064 seconds
[2024-04-26T20:45:00.204+0000] {processor.py:161} INFO - Started process (PID=37828) to work on /home/airflow/.local/lib/python3.12/site-packages/airflow/example_dags/example_trigger_controller_dag.py
[2024-04-26T20:45:00.208+0000] {processor.py:830} INFO - Processing file /home/airflow/.local/lib/python3.12/site-packages/airflow/example_dags/example_trigger_controller_dag.py for tasks to queue
[2024-04-26T20:45:00.209+0000] {logging_mixin.py:188} INFO - [2024-04-26T20:45:00.209+0000] {dagbag.py:540} INFO - Filling up the DagBag from /home/airflow/.local/lib/python3.12/site-packages/airflow/example_dags/example_trigger_controller_dag.py
[2024-04-26T20:45:00.212+0000] {processor.py:840} INFO - DAG(s) 'example_trigger_controller_dag' retrieved from /home/airflow/.local/lib/python3.12/site-packages/airflow/example_dags/example_trigger_controller_dag.py
[2024-04-26T20:45:00.226+0000] {logging_mixin.py:188} INFO - [2024-04-26T20:45:00.226+0000] {dag.py:3096} INFO - Sync 1 DAGs
[2024-04-26T20:45:00.241+0000] {logging_mixin.py:188} INFO - [2024-04-26T20:45:00.241+0000] {dag.py:3954} INFO - Setting next_dagrun for example_trigger_controller_dag to 2021-01-01 00:00:00+00:00, run_after=2021-01-01 00:00:00+00:00
[2024-04-26T20:45:00.253+0000] {processor.py:183} INFO - Processing /home/airflow/.local/lib/python3.12/site-packages/airflow/example_dags/example_trigger_controller_dag.py took 0.053 seconds
[2024-04-26T22:46:46.517+0000] {processor.py:161} INFO - Started process (PID=37888) to work on /home/airflow/.local/lib/python3.12/site-packages/airflow/example_dags/example_trigger_controller_dag.py
[2024-04-26T22:46:46.518+0000] {processor.py:830} INFO - Processing file /home/airflow/.local/lib/python3.12/site-packages/airflow/example_dags/example_trigger_controller_dag.py for tasks to queue
[2024-04-26T22:46:46.519+0000] {logging_mixin.py:188} INFO - [2024-04-26T22:46:46.519+0000] {dagbag.py:540} INFO - Filling up the DagBag from /home/airflow/.local/lib/python3.12/site-packages/airflow/example_dags/example_trigger_controller_dag.py
[2024-04-26T22:46:46.523+0000] {processor.py:840} INFO - DAG(s) 'example_trigger_controller_dag' retrieved from /home/airflow/.local/lib/python3.12/site-packages/airflow/example_dags/example_trigger_controller_dag.py
[2024-04-26T22:46:46.537+0000] {logging_mixin.py:188} INFO - [2024-04-26T22:46:46.537+0000] {dag.py:3096} INFO - Sync 1 DAGs
[2024-04-26T22:46:46.551+0000] {logging_mixin.py:188} INFO - [2024-04-26T22:46:46.551+0000] {dag.py:3954} INFO - Setting next_dagrun for example_trigger_controller_dag to 2021-01-01 00:00:00+00:00, run_after=2021-01-01 00:00:00+00:00
[2024-04-26T22:46:46.563+0000] {processor.py:183} INFO - Processing /home/airflow/.local/lib/python3.12/site-packages/airflow/example_dags/example_trigger_controller_dag.py took 0.050 seconds
