[2024-04-26T00:26:03.623+0000] {processor.py:161} INFO - Started process (PID=37338) to work on /home/airflow/.local/lib/python3.12/site-packages/airflow/example_dags/example_time_delta_sensor_async.py
[2024-04-26T00:26:03.624+0000] {processor.py:830} INFO - Processing file /home/airflow/.local/lib/python3.12/site-packages/airflow/example_dags/example_time_delta_sensor_async.py for tasks to queue
[2024-04-26T00:26:03.625+0000] {logging_mixin.py:188} INFO - [2024-04-26T00:26:03.624+0000] {dagbag.py:540} INFO - Filling up the DagBag from /home/airflow/.local/lib/python3.12/site-packages/airflow/example_dags/example_time_delta_sensor_async.py
[2024-04-26T00:26:03.628+0000] {processor.py:840} INFO - DAG(s) 'example_time_delta_sensor_async' retrieved from /home/airflow/.local/lib/python3.12/site-packages/airflow/example_dags/example_time_delta_sensor_async.py
[2024-04-26T00:26:03.643+0000] {logging_mixin.py:188} INFO - [2024-04-26T00:26:03.643+0000] {dag.py:3096} INFO - Sync 1 DAGs
[2024-04-26T00:26:03.651+0000] {logging_mixin.py:188} INFO - [2024-04-26T00:26:03.651+0000] {dag.py:3954} INFO - Setting next_dagrun for example_time_delta_sensor_async to None, run_after=None
[2024-04-26T00:26:03.667+0000] {processor.py:183} INFO - Processing /home/airflow/.local/lib/python3.12/site-packages/airflow/example_dags/example_time_delta_sensor_async.py took 0.048 seconds
[2024-04-26T03:28:55.379+0000] {processor.py:161} INFO - Started process (PID=37398) to work on /home/airflow/.local/lib/python3.12/site-packages/airflow/example_dags/example_time_delta_sensor_async.py
[2024-04-26T03:28:55.380+0000] {processor.py:830} INFO - Processing file /home/airflow/.local/lib/python3.12/site-packages/airflow/example_dags/example_time_delta_sensor_async.py for tasks to queue
[2024-04-26T03:28:55.382+0000] {logging_mixin.py:188} INFO - [2024-04-26T03:28:55.381+0000] {dagbag.py:540} INFO - Filling up the DagBag from /home/airflow/.local/lib/python3.12/site-packages/airflow/example_dags/example_time_delta_sensor_async.py
[2024-04-26T03:28:55.388+0000] {processor.py:840} INFO - DAG(s) 'example_time_delta_sensor_async' retrieved from /home/airflow/.local/lib/python3.12/site-packages/airflow/example_dags/example_time_delta_sensor_async.py
[2024-04-26T03:28:55.410+0000] {logging_mixin.py:188} INFO - [2024-04-26T03:28:55.410+0000] {dag.py:3096} INFO - Sync 1 DAGs
[2024-04-26T03:28:55.430+0000] {logging_mixin.py:188} INFO - [2024-04-26T03:28:55.430+0000] {dag.py:3954} INFO - Setting next_dagrun for example_time_delta_sensor_async to None, run_after=None
[2024-04-26T03:28:55.444+0000] {processor.py:183} INFO - Processing /home/airflow/.local/lib/python3.12/site-packages/airflow/example_dags/example_time_delta_sensor_async.py took 0.072 seconds
[2024-04-26T06:31:50.079+0000] {processor.py:161} INFO - Started process (PID=37458) to work on /home/airflow/.local/lib/python3.12/site-packages/airflow/example_dags/example_time_delta_sensor_async.py
[2024-04-26T06:31:50.080+0000] {processor.py:830} INFO - Processing file /home/airflow/.local/lib/python3.12/site-packages/airflow/example_dags/example_time_delta_sensor_async.py for tasks to queue
[2024-04-26T06:31:50.081+0000] {logging_mixin.py:188} INFO - [2024-04-26T06:31:50.081+0000] {dagbag.py:540} INFO - Filling up the DagBag from /home/airflow/.local/lib/python3.12/site-packages/airflow/example_dags/example_time_delta_sensor_async.py
[2024-04-26T06:31:50.084+0000] {processor.py:840} INFO - DAG(s) 'example_time_delta_sensor_async' retrieved from /home/airflow/.local/lib/python3.12/site-packages/airflow/example_dags/example_time_delta_sensor_async.py
[2024-04-26T06:31:50.103+0000] {logging_mixin.py:188} INFO - [2024-04-26T06:31:50.102+0000] {dag.py:3096} INFO - Sync 1 DAGs
[2024-04-26T06:31:50.123+0000] {logging_mixin.py:188} INFO - [2024-04-26T06:31:50.122+0000] {dag.py:3954} INFO - Setting next_dagrun for example_time_delta_sensor_async to None, run_after=None
[2024-04-26T06:31:50.158+0000] {processor.py:183} INFO - Processing /home/airflow/.local/lib/python3.12/site-packages/airflow/example_dags/example_time_delta_sensor_async.py took 0.083 seconds
[2024-04-26T08:33:48.146+0000] {processor.py:161} INFO - Started process (PID=37518) to work on /home/airflow/.local/lib/python3.12/site-packages/airflow/example_dags/example_time_delta_sensor_async.py
[2024-04-26T08:33:48.147+0000] {processor.py:830} INFO - Processing file /home/airflow/.local/lib/python3.12/site-packages/airflow/example_dags/example_time_delta_sensor_async.py for tasks to queue
[2024-04-26T08:33:48.148+0000] {logging_mixin.py:188} INFO - [2024-04-26T08:33:48.148+0000] {dagbag.py:540} INFO - Filling up the DagBag from /home/airflow/.local/lib/python3.12/site-packages/airflow/example_dags/example_time_delta_sensor_async.py
[2024-04-26T08:33:48.152+0000] {processor.py:840} INFO - DAG(s) 'example_time_delta_sensor_async' retrieved from /home/airflow/.local/lib/python3.12/site-packages/airflow/example_dags/example_time_delta_sensor_async.py
[2024-04-26T08:33:48.171+0000] {logging_mixin.py:188} INFO - [2024-04-26T08:33:48.171+0000] {dag.py:3096} INFO - Sync 1 DAGs
[2024-04-26T08:33:48.184+0000] {logging_mixin.py:188} INFO - [2024-04-26T08:33:48.184+0000] {dag.py:3954} INFO - Setting next_dagrun for example_time_delta_sensor_async to None, run_after=None
[2024-04-26T08:33:48.199+0000] {processor.py:183} INFO - Processing /home/airflow/.local/lib/python3.12/site-packages/airflow/example_dags/example_time_delta_sensor_async.py took 0.058 seconds
[2024-04-26T09:34:44.681+0000] {processor.py:161} INFO - Started process (PID=37578) to work on /home/airflow/.local/lib/python3.12/site-packages/airflow/example_dags/example_time_delta_sensor_async.py
[2024-04-26T09:34:44.682+0000] {processor.py:830} INFO - Processing file /home/airflow/.local/lib/python3.12/site-packages/airflow/example_dags/example_time_delta_sensor_async.py for tasks to queue
[2024-04-26T09:34:44.682+0000] {logging_mixin.py:188} INFO - [2024-04-26T09:34:44.682+0000] {dagbag.py:540} INFO - Filling up the DagBag from /home/airflow/.local/lib/python3.12/site-packages/airflow/example_dags/example_time_delta_sensor_async.py
[2024-04-26T09:34:44.686+0000] {processor.py:840} INFO - DAG(s) 'example_time_delta_sensor_async' retrieved from /home/airflow/.local/lib/python3.12/site-packages/airflow/example_dags/example_time_delta_sensor_async.py
[2024-04-26T09:34:44.701+0000] {logging_mixin.py:188} INFO - [2024-04-26T09:34:44.701+0000] {dag.py:3096} INFO - Sync 1 DAGs
[2024-04-26T09:34:44.709+0000] {logging_mixin.py:188} INFO - [2024-04-26T09:34:44.709+0000] {dag.py:3954} INFO - Setting next_dagrun for example_time_delta_sensor_async to None, run_after=None
[2024-04-26T09:34:44.721+0000] {processor.py:183} INFO - Processing /home/airflow/.local/lib/python3.12/site-packages/airflow/example_dags/example_time_delta_sensor_async.py took 0.044 seconds
[2024-04-26T10:52:42.789+0000] {processor.py:161} INFO - Started process (PID=37638) to work on /home/airflow/.local/lib/python3.12/site-packages/airflow/example_dags/example_time_delta_sensor_async.py
[2024-04-26T10:52:42.790+0000] {processor.py:830} INFO - Processing file /home/airflow/.local/lib/python3.12/site-packages/airflow/example_dags/example_time_delta_sensor_async.py for tasks to queue
[2024-04-26T10:52:42.791+0000] {logging_mixin.py:188} INFO - [2024-04-26T10:52:42.790+0000] {dagbag.py:540} INFO - Filling up the DagBag from /home/airflow/.local/lib/python3.12/site-packages/airflow/example_dags/example_time_delta_sensor_async.py
[2024-04-26T10:52:42.794+0000] {processor.py:840} INFO - DAG(s) 'example_time_delta_sensor_async' retrieved from /home/airflow/.local/lib/python3.12/site-packages/airflow/example_dags/example_time_delta_sensor_async.py
[2024-04-26T10:52:42.809+0000] {logging_mixin.py:188} INFO - [2024-04-26T10:52:42.809+0000] {dag.py:3096} INFO - Sync 1 DAGs
[2024-04-26T10:52:42.818+0000] {logging_mixin.py:188} INFO - [2024-04-26T10:52:42.817+0000] {dag.py:3954} INFO - Setting next_dagrun for example_time_delta_sensor_async to None, run_after=None
[2024-04-26T10:52:42.830+0000] {processor.py:183} INFO - Processing /home/airflow/.local/lib/python3.12/site-packages/airflow/example_dags/example_time_delta_sensor_async.py took 0.046 seconds
[2024-04-26T14:39:15.829+0000] {processor.py:161} INFO - Started process (PID=37698) to work on /home/airflow/.local/lib/python3.12/site-packages/airflow/example_dags/example_time_delta_sensor_async.py
[2024-04-26T14:39:15.830+0000] {processor.py:830} INFO - Processing file /home/airflow/.local/lib/python3.12/site-packages/airflow/example_dags/example_time_delta_sensor_async.py for tasks to queue
[2024-04-26T14:39:15.831+0000] {logging_mixin.py:188} INFO - [2024-04-26T14:39:15.831+0000] {dagbag.py:540} INFO - Filling up the DagBag from /home/airflow/.local/lib/python3.12/site-packages/airflow/example_dags/example_time_delta_sensor_async.py
[2024-04-26T14:39:15.834+0000] {processor.py:840} INFO - DAG(s) 'example_time_delta_sensor_async' retrieved from /home/airflow/.local/lib/python3.12/site-packages/airflow/example_dags/example_time_delta_sensor_async.py
[2024-04-26T14:39:15.849+0000] {logging_mixin.py:188} INFO - [2024-04-26T14:39:15.849+0000] {dag.py:3096} INFO - Sync 1 DAGs
[2024-04-26T14:39:15.858+0000] {logging_mixin.py:188} INFO - [2024-04-26T14:39:15.858+0000] {dag.py:3954} INFO - Setting next_dagrun for example_time_delta_sensor_async to None, run_after=None
[2024-04-26T14:39:15.870+0000] {processor.py:183} INFO - Processing /home/airflow/.local/lib/python3.12/site-packages/airflow/example_dags/example_time_delta_sensor_async.py took 0.045 seconds
[2024-04-26T17:42:11.537+0000] {processor.py:161} INFO - Started process (PID=37758) to work on /home/airflow/.local/lib/python3.12/site-packages/airflow/example_dags/example_time_delta_sensor_async.py
[2024-04-26T17:42:11.538+0000] {processor.py:830} INFO - Processing file /home/airflow/.local/lib/python3.12/site-packages/airflow/example_dags/example_time_delta_sensor_async.py for tasks to queue
[2024-04-26T17:42:11.539+0000] {logging_mixin.py:188} INFO - [2024-04-26T17:42:11.538+0000] {dagbag.py:540} INFO - Filling up the DagBag from /home/airflow/.local/lib/python3.12/site-packages/airflow/example_dags/example_time_delta_sensor_async.py
[2024-04-26T17:42:11.542+0000] {processor.py:840} INFO - DAG(s) 'example_time_delta_sensor_async' retrieved from /home/airflow/.local/lib/python3.12/site-packages/airflow/example_dags/example_time_delta_sensor_async.py
[2024-04-26T17:42:11.557+0000] {logging_mixin.py:188} INFO - [2024-04-26T17:42:11.557+0000] {dag.py:3096} INFO - Sync 1 DAGs
[2024-04-26T17:42:11.566+0000] {logging_mixin.py:188} INFO - [2024-04-26T17:42:11.565+0000] {dag.py:3954} INFO - Setting next_dagrun for example_time_delta_sensor_async to None, run_after=None
[2024-04-26T17:42:11.578+0000] {processor.py:183} INFO - Processing /home/airflow/.local/lib/python3.12/site-packages/airflow/example_dags/example_time_delta_sensor_async.py took 0.045 seconds
[2024-04-26T20:44:59.780+0000] {processor.py:161} INFO - Started process (PID=37818) to work on /home/airflow/.local/lib/python3.12/site-packages/airflow/example_dags/example_time_delta_sensor_async.py
[2024-04-26T20:44:59.781+0000] {processor.py:830} INFO - Processing file /home/airflow/.local/lib/python3.12/site-packages/airflow/example_dags/example_time_delta_sensor_async.py for tasks to queue
[2024-04-26T20:44:59.782+0000] {logging_mixin.py:188} INFO - [2024-04-26T20:44:59.782+0000] {dagbag.py:540} INFO - Filling up the DagBag from /home/airflow/.local/lib/python3.12/site-packages/airflow/example_dags/example_time_delta_sensor_async.py
[2024-04-26T20:44:59.785+0000] {processor.py:840} INFO - DAG(s) 'example_time_delta_sensor_async' retrieved from /home/airflow/.local/lib/python3.12/site-packages/airflow/example_dags/example_time_delta_sensor_async.py
[2024-04-26T20:44:59.800+0000] {logging_mixin.py:188} INFO - [2024-04-26T20:44:59.800+0000] {dag.py:3096} INFO - Sync 1 DAGs
[2024-04-26T20:44:59.808+0000] {logging_mixin.py:188} INFO - [2024-04-26T20:44:59.808+0000] {dag.py:3954} INFO - Setting next_dagrun for example_time_delta_sensor_async to None, run_after=None
[2024-04-26T20:44:59.824+0000] {processor.py:183} INFO - Processing /home/airflow/.local/lib/python3.12/site-packages/airflow/example_dags/example_time_delta_sensor_async.py took 0.048 seconds
[2024-04-26T22:46:46.109+0000] {processor.py:161} INFO - Started process (PID=37878) to work on /home/airflow/.local/lib/python3.12/site-packages/airflow/example_dags/example_time_delta_sensor_async.py
[2024-04-26T22:46:46.110+0000] {processor.py:830} INFO - Processing file /home/airflow/.local/lib/python3.12/site-packages/airflow/example_dags/example_time_delta_sensor_async.py for tasks to queue
[2024-04-26T22:46:46.111+0000] {logging_mixin.py:188} INFO - [2024-04-26T22:46:46.111+0000] {dagbag.py:540} INFO - Filling up the DagBag from /home/airflow/.local/lib/python3.12/site-packages/airflow/example_dags/example_time_delta_sensor_async.py
[2024-04-26T22:46:46.115+0000] {processor.py:840} INFO - DAG(s) 'example_time_delta_sensor_async' retrieved from /home/airflow/.local/lib/python3.12/site-packages/airflow/example_dags/example_time_delta_sensor_async.py
[2024-04-26T22:46:46.129+0000] {logging_mixin.py:188} INFO - [2024-04-26T22:46:46.129+0000] {dag.py:3096} INFO - Sync 1 DAGs
[2024-04-26T22:46:46.138+0000] {logging_mixin.py:188} INFO - [2024-04-26T22:46:46.138+0000] {dag.py:3954} INFO - Setting next_dagrun for example_time_delta_sensor_async to None, run_after=None
[2024-04-26T22:46:46.150+0000] {processor.py:183} INFO - Processing /home/airflow/.local/lib/python3.12/site-packages/airflow/example_dags/example_time_delta_sensor_async.py took 0.045 seconds
