[2024-04-26T00:26:03.662+0000] {processor.py:161} INFO - Started process (PID=37339) to work on /home/airflow/.local/lib/python3.12/site-packages/airflow/example_dags/example_branch_operator.py
[2024-04-26T00:26:03.663+0000] {processor.py:830} INFO - Processing file /home/airflow/.local/lib/python3.12/site-packages/airflow/example_dags/example_branch_operator.py for tasks to queue
[2024-04-26T00:26:03.663+0000] {logging_mixin.py:188} INFO - [2024-04-26T00:26:03.663+0000] {dagbag.py:540} INFO - Filling up the DagBag from /home/airflow/.local/lib/python3.12/site-packages/airflow/example_dags/example_branch_operator.py
[2024-04-26T00:26:03.675+0000] {processor.py:840} INFO - DAG(s) 'example_branch_operator' retrieved from /home/airflow/.local/lib/python3.12/site-packages/airflow/example_dags/example_branch_operator.py
[2024-04-26T00:26:03.697+0000] {logging_mixin.py:188} INFO - [2024-04-26T00:26:03.696+0000] {dag.py:3096} INFO - Sync 1 DAGs
[2024-04-26T00:26:03.712+0000] {logging_mixin.py:188} INFO - [2024-04-26T00:26:03.712+0000] {dag.py:3954} INFO - Setting next_dagrun for example_branch_operator to 2024-04-25 00:00:00+00:00, run_after=2024-04-26 00:00:00+00:00
[2024-04-26T00:26:03.724+0000] {processor.py:183} INFO - Processing /home/airflow/.local/lib/python3.12/site-packages/airflow/example_dags/example_branch_operator.py took 0.066 seconds
[2024-04-26T03:28:55.404+0000] {processor.py:161} INFO - Started process (PID=37399) to work on /home/airflow/.local/lib/python3.12/site-packages/airflow/example_dags/example_branch_operator.py
[2024-04-26T03:28:55.405+0000] {processor.py:830} INFO - Processing file /home/airflow/.local/lib/python3.12/site-packages/airflow/example_dags/example_branch_operator.py for tasks to queue
[2024-04-26T03:28:55.406+0000] {logging_mixin.py:188} INFO - [2024-04-26T03:28:55.406+0000] {dagbag.py:540} INFO - Filling up the DagBag from /home/airflow/.local/lib/python3.12/site-packages/airflow/example_dags/example_branch_operator.py
[2024-04-26T03:28:55.423+0000] {processor.py:840} INFO - DAG(s) 'example_branch_operator' retrieved from /home/airflow/.local/lib/python3.12/site-packages/airflow/example_dags/example_branch_operator.py
[2024-04-26T03:28:55.447+0000] {logging_mixin.py:188} INFO - [2024-04-26T03:28:55.447+0000] {dag.py:3096} INFO - Sync 1 DAGs
[2024-04-26T03:28:55.467+0000] {logging_mixin.py:188} INFO - [2024-04-26T03:28:55.466+0000] {dag.py:3954} INFO - Setting next_dagrun for example_branch_operator to 2024-04-25 00:00:00+00:00, run_after=2024-04-26 00:00:00+00:00
[2024-04-26T03:28:55.481+0000] {processor.py:183} INFO - Processing /home/airflow/.local/lib/python3.12/site-packages/airflow/example_dags/example_branch_operator.py took 0.083 seconds
[2024-04-26T06:31:50.123+0000] {processor.py:161} INFO - Started process (PID=37459) to work on /home/airflow/.local/lib/python3.12/site-packages/airflow/example_dags/example_branch_operator.py
[2024-04-26T06:31:50.126+0000] {processor.py:830} INFO - Processing file /home/airflow/.local/lib/python3.12/site-packages/airflow/example_dags/example_branch_operator.py for tasks to queue
[2024-04-26T06:31:50.130+0000] {logging_mixin.py:188} INFO - [2024-04-26T06:31:50.129+0000] {dagbag.py:540} INFO - Filling up the DagBag from /home/airflow/.local/lib/python3.12/site-packages/airflow/example_dags/example_branch_operator.py
[2024-04-26T06:31:50.154+0000] {processor.py:840} INFO - DAG(s) 'example_branch_operator' retrieved from /home/airflow/.local/lib/python3.12/site-packages/airflow/example_dags/example_branch_operator.py
[2024-04-26T06:31:50.195+0000] {logging_mixin.py:188} INFO - [2024-04-26T06:31:50.194+0000] {dag.py:3096} INFO - Sync 1 DAGs
[2024-04-26T06:31:50.215+0000] {logging_mixin.py:188} INFO - [2024-04-26T06:31:50.215+0000] {dag.py:3954} INFO - Setting next_dagrun for example_branch_operator to 2024-04-25 00:00:00+00:00, run_after=2024-04-26 00:00:00+00:00
[2024-04-26T06:31:50.229+0000] {processor.py:183} INFO - Processing /home/airflow/.local/lib/python3.12/site-packages/airflow/example_dags/example_branch_operator.py took 0.116 seconds
[2024-04-26T08:33:48.198+0000] {processor.py:161} INFO - Started process (PID=37519) to work on /home/airflow/.local/lib/python3.12/site-packages/airflow/example_dags/example_branch_operator.py
[2024-04-26T08:33:48.199+0000] {processor.py:830} INFO - Processing file /home/airflow/.local/lib/python3.12/site-packages/airflow/example_dags/example_branch_operator.py for tasks to queue
[2024-04-26T08:33:48.200+0000] {logging_mixin.py:188} INFO - [2024-04-26T08:33:48.199+0000] {dagbag.py:540} INFO - Filling up the DagBag from /home/airflow/.local/lib/python3.12/site-packages/airflow/example_dags/example_branch_operator.py
[2024-04-26T08:33:48.213+0000] {processor.py:840} INFO - DAG(s) 'example_branch_operator' retrieved from /home/airflow/.local/lib/python3.12/site-packages/airflow/example_dags/example_branch_operator.py
[2024-04-26T08:33:48.236+0000] {logging_mixin.py:188} INFO - [2024-04-26T08:33:48.236+0000] {dag.py:3096} INFO - Sync 1 DAGs
[2024-04-26T08:33:48.255+0000] {logging_mixin.py:188} INFO - [2024-04-26T08:33:48.255+0000] {dag.py:3954} INFO - Setting next_dagrun for example_branch_operator to 2024-04-25 00:00:00+00:00, run_after=2024-04-26 00:00:00+00:00
[2024-04-26T08:33:48.271+0000] {processor.py:183} INFO - Processing /home/airflow/.local/lib/python3.12/site-packages/airflow/example_dags/example_branch_operator.py took 0.078 seconds
[2024-04-26T09:34:44.684+0000] {processor.py:161} INFO - Started process (PID=37579) to work on /home/airflow/.local/lib/python3.12/site-packages/airflow/example_dags/example_branch_operator.py
[2024-04-26T09:34:44.685+0000] {processor.py:830} INFO - Processing file /home/airflow/.local/lib/python3.12/site-packages/airflow/example_dags/example_branch_operator.py for tasks to queue
[2024-04-26T09:34:44.686+0000] {logging_mixin.py:188} INFO - [2024-04-26T09:34:44.685+0000] {dagbag.py:540} INFO - Filling up the DagBag from /home/airflow/.local/lib/python3.12/site-packages/airflow/example_dags/example_branch_operator.py
[2024-04-26T09:34:44.697+0000] {processor.py:840} INFO - DAG(s) 'example_branch_operator' retrieved from /home/airflow/.local/lib/python3.12/site-packages/airflow/example_dags/example_branch_operator.py
[2024-04-26T09:34:44.716+0000] {logging_mixin.py:188} INFO - [2024-04-26T09:34:44.716+0000] {dag.py:3096} INFO - Sync 1 DAGs
[2024-04-26T09:34:44.736+0000] {logging_mixin.py:188} INFO - [2024-04-26T09:34:44.735+0000] {dag.py:3954} INFO - Setting next_dagrun for example_branch_operator to 2024-04-25 00:00:00+00:00, run_after=2024-04-26 00:00:00+00:00
[2024-04-26T09:34:44.751+0000] {processor.py:183} INFO - Processing /home/airflow/.local/lib/python3.12/site-packages/airflow/example_dags/example_branch_operator.py took 0.071 seconds
[2024-04-26T10:52:42.827+0000] {processor.py:161} INFO - Started process (PID=37639) to work on /home/airflow/.local/lib/python3.12/site-packages/airflow/example_dags/example_branch_operator.py
[2024-04-26T10:52:42.827+0000] {processor.py:830} INFO - Processing file /home/airflow/.local/lib/python3.12/site-packages/airflow/example_dags/example_branch_operator.py for tasks to queue
[2024-04-26T10:52:42.828+0000] {logging_mixin.py:188} INFO - [2024-04-26T10:52:42.828+0000] {dagbag.py:540} INFO - Filling up the DagBag from /home/airflow/.local/lib/python3.12/site-packages/airflow/example_dags/example_branch_operator.py
[2024-04-26T10:52:42.840+0000] {processor.py:840} INFO - DAG(s) 'example_branch_operator' retrieved from /home/airflow/.local/lib/python3.12/site-packages/airflow/example_dags/example_branch_operator.py
[2024-04-26T10:52:42.860+0000] {logging_mixin.py:188} INFO - [2024-04-26T10:52:42.860+0000] {dag.py:3096} INFO - Sync 1 DAGs
[2024-04-26T10:52:42.874+0000] {logging_mixin.py:188} INFO - [2024-04-26T10:52:42.874+0000] {dag.py:3954} INFO - Setting next_dagrun for example_branch_operator to 2024-04-25 00:00:00+00:00, run_after=2024-04-26 00:00:00+00:00
[2024-04-26T10:52:42.886+0000] {processor.py:183} INFO - Processing /home/airflow/.local/lib/python3.12/site-packages/airflow/example_dags/example_branch_operator.py took 0.064 seconds
[2024-04-26T14:39:15.849+0000] {processor.py:161} INFO - Started process (PID=37699) to work on /home/airflow/.local/lib/python3.12/site-packages/airflow/example_dags/example_branch_operator.py
[2024-04-26T14:39:15.850+0000] {processor.py:830} INFO - Processing file /home/airflow/.local/lib/python3.12/site-packages/airflow/example_dags/example_branch_operator.py for tasks to queue
[2024-04-26T14:39:15.850+0000] {logging_mixin.py:188} INFO - [2024-04-26T14:39:15.850+0000] {dagbag.py:540} INFO - Filling up the DagBag from /home/airflow/.local/lib/python3.12/site-packages/airflow/example_dags/example_branch_operator.py
[2024-04-26T14:39:15.861+0000] {processor.py:840} INFO - DAG(s) 'example_branch_operator' retrieved from /home/airflow/.local/lib/python3.12/site-packages/airflow/example_dags/example_branch_operator.py
[2024-04-26T14:39:15.881+0000] {logging_mixin.py:188} INFO - [2024-04-26T14:39:15.881+0000] {dag.py:3096} INFO - Sync 1 DAGs
[2024-04-26T14:39:15.897+0000] {logging_mixin.py:188} INFO - [2024-04-26T14:39:15.897+0000] {dag.py:3954} INFO - Setting next_dagrun for example_branch_operator to 2024-04-25 00:00:00+00:00, run_after=2024-04-26 00:00:00+00:00
[2024-04-26T14:39:15.909+0000] {processor.py:183} INFO - Processing /home/airflow/.local/lib/python3.12/site-packages/airflow/example_dags/example_branch_operator.py took 0.064 seconds
[2024-04-26T17:42:11.578+0000] {processor.py:161} INFO - Started process (PID=37759) to work on /home/airflow/.local/lib/python3.12/site-packages/airflow/example_dags/example_branch_operator.py
[2024-04-26T17:42:11.579+0000] {processor.py:830} INFO - Processing file /home/airflow/.local/lib/python3.12/site-packages/airflow/example_dags/example_branch_operator.py for tasks to queue
[2024-04-26T17:42:11.580+0000] {logging_mixin.py:188} INFO - [2024-04-26T17:42:11.580+0000] {dagbag.py:540} INFO - Filling up the DagBag from /home/airflow/.local/lib/python3.12/site-packages/airflow/example_dags/example_branch_operator.py
[2024-04-26T17:42:11.592+0000] {processor.py:840} INFO - DAG(s) 'example_branch_operator' retrieved from /home/airflow/.local/lib/python3.12/site-packages/airflow/example_dags/example_branch_operator.py
[2024-04-26T17:42:11.618+0000] {logging_mixin.py:188} INFO - [2024-04-26T17:42:11.618+0000] {dag.py:3096} INFO - Sync 1 DAGs
[2024-04-26T17:42:11.632+0000] {logging_mixin.py:188} INFO - [2024-04-26T17:42:11.632+0000] {dag.py:3954} INFO - Setting next_dagrun for example_branch_operator to 2024-04-25 00:00:00+00:00, run_after=2024-04-26 00:00:00+00:00
[2024-04-26T17:42:11.644+0000] {processor.py:183} INFO - Processing /home/airflow/.local/lib/python3.12/site-packages/airflow/example_dags/example_branch_operator.py took 0.070 seconds
[2024-04-26T20:44:59.818+0000] {processor.py:161} INFO - Started process (PID=37819) to work on /home/airflow/.local/lib/python3.12/site-packages/airflow/example_dags/example_branch_operator.py
[2024-04-26T20:44:59.819+0000] {processor.py:830} INFO - Processing file /home/airflow/.local/lib/python3.12/site-packages/airflow/example_dags/example_branch_operator.py for tasks to queue
[2024-04-26T20:44:59.820+0000] {logging_mixin.py:188} INFO - [2024-04-26T20:44:59.820+0000] {dagbag.py:540} INFO - Filling up the DagBag from /home/airflow/.local/lib/python3.12/site-packages/airflow/example_dags/example_branch_operator.py
[2024-04-26T20:44:59.831+0000] {processor.py:840} INFO - DAG(s) 'example_branch_operator' retrieved from /home/airflow/.local/lib/python3.12/site-packages/airflow/example_dags/example_branch_operator.py
[2024-04-26T20:44:59.854+0000] {logging_mixin.py:188} INFO - [2024-04-26T20:44:59.854+0000] {dag.py:3096} INFO - Sync 1 DAGs
[2024-04-26T20:44:59.869+0000] {logging_mixin.py:188} INFO - [2024-04-26T20:44:59.869+0000] {dag.py:3954} INFO - Setting next_dagrun for example_branch_operator to 2024-04-25 00:00:00+00:00, run_after=2024-04-26 00:00:00+00:00
[2024-04-26T20:44:59.880+0000] {processor.py:183} INFO - Processing /home/airflow/.local/lib/python3.12/site-packages/airflow/example_dags/example_branch_operator.py took 0.066 seconds
[2024-04-26T22:46:46.130+0000] {processor.py:161} INFO - Started process (PID=37879) to work on /home/airflow/.local/lib/python3.12/site-packages/airflow/example_dags/example_branch_operator.py
[2024-04-26T22:46:46.131+0000] {processor.py:830} INFO - Processing file /home/airflow/.local/lib/python3.12/site-packages/airflow/example_dags/example_branch_operator.py for tasks to queue
[2024-04-26T22:46:46.132+0000] {logging_mixin.py:188} INFO - [2024-04-26T22:46:46.132+0000] {dagbag.py:540} INFO - Filling up the DagBag from /home/airflow/.local/lib/python3.12/site-packages/airflow/example_dags/example_branch_operator.py
[2024-04-26T22:46:46.143+0000] {processor.py:840} INFO - DAG(s) 'example_branch_operator' retrieved from /home/airflow/.local/lib/python3.12/site-packages/airflow/example_dags/example_branch_operator.py
[2024-04-26T22:46:46.163+0000] {logging_mixin.py:188} INFO - [2024-04-26T22:46:46.163+0000] {dag.py:3096} INFO - Sync 1 DAGs
[2024-04-26T22:46:46.180+0000] {logging_mixin.py:188} INFO - [2024-04-26T22:46:46.180+0000] {dag.py:3954} INFO - Setting next_dagrun for example_branch_operator to 2024-04-25 00:00:00+00:00, run_after=2024-04-26 00:00:00+00:00
[2024-04-26T22:46:46.191+0000] {processor.py:183} INFO - Processing /home/airflow/.local/lib/python3.12/site-packages/airflow/example_dags/example_branch_operator.py took 0.065 seconds
