[2024-04-26T00:26:03.060+0000] {processor.py:161} INFO - Started process (PID=37326) to work on /home/airflow/.local/lib/python3.12/site-packages/airflow/example_dags/example_short_circuit_operator.py
[2024-04-26T00:26:03.065+0000] {processor.py:830} INFO - Processing file /home/airflow/.local/lib/python3.12/site-packages/airflow/example_dags/example_short_circuit_operator.py for tasks to queue
[2024-04-26T00:26:03.066+0000] {logging_mixin.py:188} INFO - [2024-04-26T00:26:03.065+0000] {dagbag.py:540} INFO - Filling up the DagBag from /home/airflow/.local/lib/python3.12/site-packages/airflow/example_dags/example_short_circuit_operator.py
[2024-04-26T00:26:03.073+0000] {processor.py:840} INFO - DAG(s) 'example_short_circuit_operator' retrieved from /home/airflow/.local/lib/python3.12/site-packages/airflow/example_dags/example_short_circuit_operator.py
[2024-04-26T00:26:03.095+0000] {logging_mixin.py:188} INFO - [2024-04-26T00:26:03.095+0000] {dag.py:3096} INFO - Sync 1 DAGs
[2024-04-26T00:26:03.113+0000] {logging_mixin.py:188} INFO - [2024-04-26T00:26:03.113+0000] {dag.py:3954} INFO - Setting next_dagrun for example_short_circuit_operator to 2024-04-25 00:00:00+00:00, run_after=2024-04-26 00:00:00+00:00
[2024-04-26T00:26:03.127+0000] {processor.py:183} INFO - Processing /home/airflow/.local/lib/python3.12/site-packages/airflow/example_dags/example_short_circuit_operator.py took 0.073 seconds
[2024-04-26T03:28:54.793+0000] {processor.py:161} INFO - Started process (PID=37386) to work on /home/airflow/.local/lib/python3.12/site-packages/airflow/example_dags/example_short_circuit_operator.py
[2024-04-26T03:28:54.794+0000] {processor.py:830} INFO - Processing file /home/airflow/.local/lib/python3.12/site-packages/airflow/example_dags/example_short_circuit_operator.py for tasks to queue
[2024-04-26T03:28:54.794+0000] {logging_mixin.py:188} INFO - [2024-04-26T03:28:54.794+0000] {dagbag.py:540} INFO - Filling up the DagBag from /home/airflow/.local/lib/python3.12/site-packages/airflow/example_dags/example_short_circuit_operator.py
[2024-04-26T03:28:54.801+0000] {processor.py:840} INFO - DAG(s) 'example_short_circuit_operator' retrieved from /home/airflow/.local/lib/python3.12/site-packages/airflow/example_dags/example_short_circuit_operator.py
[2024-04-26T03:28:54.819+0000] {logging_mixin.py:188} INFO - [2024-04-26T03:28:54.818+0000] {dag.py:3096} INFO - Sync 1 DAGs
[2024-04-26T03:28:54.836+0000] {logging_mixin.py:188} INFO - [2024-04-26T03:28:54.836+0000] {dag.py:3954} INFO - Setting next_dagrun for example_short_circuit_operator to 2024-04-25 00:00:00+00:00, run_after=2024-04-26 00:00:00+00:00
[2024-04-26T03:28:54.852+0000] {processor.py:183} INFO - Processing /home/airflow/.local/lib/python3.12/site-packages/airflow/example_dags/example_short_circuit_operator.py took 0.065 seconds
[2024-04-26T06:31:49.635+0000] {processor.py:161} INFO - Started process (PID=37446) to work on /home/airflow/.local/lib/python3.12/site-packages/airflow/example_dags/example_short_circuit_operator.py
[2024-04-26T06:31:49.636+0000] {processor.py:830} INFO - Processing file /home/airflow/.local/lib/python3.12/site-packages/airflow/example_dags/example_short_circuit_operator.py for tasks to queue
[2024-04-26T06:31:49.636+0000] {logging_mixin.py:188} INFO - [2024-04-26T06:31:49.636+0000] {dagbag.py:540} INFO - Filling up the DagBag from /home/airflow/.local/lib/python3.12/site-packages/airflow/example_dags/example_short_circuit_operator.py
[2024-04-26T06:31:49.642+0000] {processor.py:840} INFO - DAG(s) 'example_short_circuit_operator' retrieved from /home/airflow/.local/lib/python3.12/site-packages/airflow/example_dags/example_short_circuit_operator.py
[2024-04-26T06:31:49.658+0000] {logging_mixin.py:188} INFO - [2024-04-26T06:31:49.658+0000] {dag.py:3096} INFO - Sync 1 DAGs
[2024-04-26T06:31:49.673+0000] {logging_mixin.py:188} INFO - [2024-04-26T06:31:49.673+0000] {dag.py:3954} INFO - Setting next_dagrun for example_short_circuit_operator to 2024-04-25 00:00:00+00:00, run_after=2024-04-26 00:00:00+00:00
[2024-04-26T06:31:49.685+0000] {processor.py:183} INFO - Processing /home/airflow/.local/lib/python3.12/site-packages/airflow/example_dags/example_short_circuit_operator.py took 0.055 seconds
[2024-04-26T08:33:47.655+0000] {processor.py:161} INFO - Started process (PID=37506) to work on /home/airflow/.local/lib/python3.12/site-packages/airflow/example_dags/example_short_circuit_operator.py
[2024-04-26T08:33:47.656+0000] {processor.py:830} INFO - Processing file /home/airflow/.local/lib/python3.12/site-packages/airflow/example_dags/example_short_circuit_operator.py for tasks to queue
[2024-04-26T08:33:47.657+0000] {logging_mixin.py:188} INFO - [2024-04-26T08:33:47.656+0000] {dagbag.py:540} INFO - Filling up the DagBag from /home/airflow/.local/lib/python3.12/site-packages/airflow/example_dags/example_short_circuit_operator.py
[2024-04-26T08:33:47.663+0000] {processor.py:840} INFO - DAG(s) 'example_short_circuit_operator' retrieved from /home/airflow/.local/lib/python3.12/site-packages/airflow/example_dags/example_short_circuit_operator.py
[2024-04-26T08:33:47.686+0000] {logging_mixin.py:188} INFO - [2024-04-26T08:33:47.686+0000] {dag.py:3096} INFO - Sync 1 DAGs
[2024-04-26T08:33:47.702+0000] {logging_mixin.py:188} INFO - [2024-04-26T08:33:47.701+0000] {dag.py:3954} INFO - Setting next_dagrun for example_short_circuit_operator to 2024-04-25 00:00:00+00:00, run_after=2024-04-26 00:00:00+00:00
[2024-04-26T08:33:47.714+0000] {processor.py:183} INFO - Processing /home/airflow/.local/lib/python3.12/site-packages/airflow/example_dags/example_short_circuit_operator.py took 0.064 seconds
[2024-04-26T09:34:44.159+0000] {processor.py:161} INFO - Started process (PID=37566) to work on /home/airflow/.local/lib/python3.12/site-packages/airflow/example_dags/example_short_circuit_operator.py
[2024-04-26T09:34:44.160+0000] {processor.py:830} INFO - Processing file /home/airflow/.local/lib/python3.12/site-packages/airflow/example_dags/example_short_circuit_operator.py for tasks to queue
[2024-04-26T09:34:44.160+0000] {logging_mixin.py:188} INFO - [2024-04-26T09:34:44.160+0000] {dagbag.py:540} INFO - Filling up the DagBag from /home/airflow/.local/lib/python3.12/site-packages/airflow/example_dags/example_short_circuit_operator.py
[2024-04-26T09:34:44.166+0000] {processor.py:840} INFO - DAG(s) 'example_short_circuit_operator' retrieved from /home/airflow/.local/lib/python3.12/site-packages/airflow/example_dags/example_short_circuit_operator.py
[2024-04-26T09:34:44.182+0000] {logging_mixin.py:188} INFO - [2024-04-26T09:34:44.182+0000] {dag.py:3096} INFO - Sync 1 DAGs
[2024-04-26T09:34:44.197+0000] {logging_mixin.py:188} INFO - [2024-04-26T09:34:44.197+0000] {dag.py:3954} INFO - Setting next_dagrun for example_short_circuit_operator to 2024-04-25 00:00:00+00:00, run_after=2024-04-26 00:00:00+00:00
[2024-04-26T09:34:44.209+0000] {processor.py:183} INFO - Processing /home/airflow/.local/lib/python3.12/site-packages/airflow/example_dags/example_short_circuit_operator.py took 0.055 seconds
[2024-04-26T10:52:42.353+0000] {processor.py:161} INFO - Started process (PID=37626) to work on /home/airflow/.local/lib/python3.12/site-packages/airflow/example_dags/example_short_circuit_operator.py
[2024-04-26T10:52:42.354+0000] {processor.py:830} INFO - Processing file /home/airflow/.local/lib/python3.12/site-packages/airflow/example_dags/example_short_circuit_operator.py for tasks to queue
[2024-04-26T10:52:42.355+0000] {logging_mixin.py:188} INFO - [2024-04-26T10:52:42.354+0000] {dagbag.py:540} INFO - Filling up the DagBag from /home/airflow/.local/lib/python3.12/site-packages/airflow/example_dags/example_short_circuit_operator.py
[2024-04-26T10:52:42.361+0000] {processor.py:840} INFO - DAG(s) 'example_short_circuit_operator' retrieved from /home/airflow/.local/lib/python3.12/site-packages/airflow/example_dags/example_short_circuit_operator.py
[2024-04-26T10:52:42.377+0000] {logging_mixin.py:188} INFO - [2024-04-26T10:52:42.377+0000] {dag.py:3096} INFO - Sync 1 DAGs
[2024-04-26T10:52:42.392+0000] {logging_mixin.py:188} INFO - [2024-04-26T10:52:42.392+0000] {dag.py:3954} INFO - Setting next_dagrun for example_short_circuit_operator to 2024-04-25 00:00:00+00:00, run_after=2024-04-26 00:00:00+00:00
[2024-04-26T10:52:42.405+0000] {processor.py:183} INFO - Processing /home/airflow/.local/lib/python3.12/site-packages/airflow/example_dags/example_short_circuit_operator.py took 0.056 seconds
[2024-04-26T14:39:15.370+0000] {processor.py:161} INFO - Started process (PID=37686) to work on /home/airflow/.local/lib/python3.12/site-packages/airflow/example_dags/example_short_circuit_operator.py
[2024-04-26T14:39:15.371+0000] {processor.py:830} INFO - Processing file /home/airflow/.local/lib/python3.12/site-packages/airflow/example_dags/example_short_circuit_operator.py for tasks to queue
[2024-04-26T14:39:15.374+0000] {logging_mixin.py:188} INFO - [2024-04-26T14:39:15.374+0000] {dagbag.py:540} INFO - Filling up the DagBag from /home/airflow/.local/lib/python3.12/site-packages/airflow/example_dags/example_short_circuit_operator.py
[2024-04-26T14:39:15.380+0000] {processor.py:840} INFO - DAG(s) 'example_short_circuit_operator' retrieved from /home/airflow/.local/lib/python3.12/site-packages/airflow/example_dags/example_short_circuit_operator.py
[2024-04-26T14:39:15.396+0000] {logging_mixin.py:188} INFO - [2024-04-26T14:39:15.396+0000] {dag.py:3096} INFO - Sync 1 DAGs
[2024-04-26T14:39:15.411+0000] {logging_mixin.py:188} INFO - [2024-04-26T14:39:15.410+0000] {dag.py:3954} INFO - Setting next_dagrun for example_short_circuit_operator to 2024-04-25 00:00:00+00:00, run_after=2024-04-26 00:00:00+00:00
[2024-04-26T14:39:15.426+0000] {processor.py:183} INFO - Processing /home/airflow/.local/lib/python3.12/site-packages/airflow/example_dags/example_short_circuit_operator.py took 0.060 seconds
[2024-04-26T17:42:11.101+0000] {processor.py:161} INFO - Started process (PID=37746) to work on /home/airflow/.local/lib/python3.12/site-packages/airflow/example_dags/example_short_circuit_operator.py
[2024-04-26T17:42:11.102+0000] {processor.py:830} INFO - Processing file /home/airflow/.local/lib/python3.12/site-packages/airflow/example_dags/example_short_circuit_operator.py for tasks to queue
[2024-04-26T17:42:11.103+0000] {logging_mixin.py:188} INFO - [2024-04-26T17:42:11.103+0000] {dagbag.py:540} INFO - Filling up the DagBag from /home/airflow/.local/lib/python3.12/site-packages/airflow/example_dags/example_short_circuit_operator.py
[2024-04-26T17:42:11.109+0000] {processor.py:840} INFO - DAG(s) 'example_short_circuit_operator' retrieved from /home/airflow/.local/lib/python3.12/site-packages/airflow/example_dags/example_short_circuit_operator.py
[2024-04-26T17:42:11.131+0000] {logging_mixin.py:188} INFO - [2024-04-26T17:42:11.130+0000] {dag.py:3096} INFO - Sync 1 DAGs
[2024-04-26T17:42:11.147+0000] {logging_mixin.py:188} INFO - [2024-04-26T17:42:11.147+0000] {dag.py:3954} INFO - Setting next_dagrun for example_short_circuit_operator to 2024-04-25 00:00:00+00:00, run_after=2024-04-26 00:00:00+00:00
[2024-04-26T17:42:11.161+0000] {processor.py:183} INFO - Processing /home/airflow/.local/lib/python3.12/site-packages/airflow/example_dags/example_short_circuit_operator.py took 0.064 seconds
[2024-04-26T20:44:59.353+0000] {processor.py:161} INFO - Started process (PID=37806) to work on /home/airflow/.local/lib/python3.12/site-packages/airflow/example_dags/example_short_circuit_operator.py
[2024-04-26T20:44:59.355+0000] {processor.py:830} INFO - Processing file /home/airflow/.local/lib/python3.12/site-packages/airflow/example_dags/example_short_circuit_operator.py for tasks to queue
[2024-04-26T20:44:59.356+0000] {logging_mixin.py:188} INFO - [2024-04-26T20:44:59.356+0000] {dagbag.py:540} INFO - Filling up the DagBag from /home/airflow/.local/lib/python3.12/site-packages/airflow/example_dags/example_short_circuit_operator.py
[2024-04-26T20:44:59.362+0000] {processor.py:840} INFO - DAG(s) 'example_short_circuit_operator' retrieved from /home/airflow/.local/lib/python3.12/site-packages/airflow/example_dags/example_short_circuit_operator.py
[2024-04-26T20:44:59.381+0000] {logging_mixin.py:188} INFO - [2024-04-26T20:44:59.380+0000] {dag.py:3096} INFO - Sync 1 DAGs
[2024-04-26T20:44:59.396+0000] {logging_mixin.py:188} INFO - [2024-04-26T20:44:59.396+0000] {dag.py:3954} INFO - Setting next_dagrun for example_short_circuit_operator to 2024-04-25 00:00:00+00:00, run_after=2024-04-26 00:00:00+00:00
[2024-04-26T20:44:59.410+0000] {processor.py:183} INFO - Processing /home/airflow/.local/lib/python3.12/site-packages/airflow/example_dags/example_short_circuit_operator.py took 0.060 seconds
[2024-04-26T22:46:45.646+0000] {processor.py:161} INFO - Started process (PID=37866) to work on /home/airflow/.local/lib/python3.12/site-packages/airflow/example_dags/example_short_circuit_operator.py
[2024-04-26T22:46:45.647+0000] {processor.py:830} INFO - Processing file /home/airflow/.local/lib/python3.12/site-packages/airflow/example_dags/example_short_circuit_operator.py for tasks to queue
[2024-04-26T22:46:45.648+0000] {logging_mixin.py:188} INFO - [2024-04-26T22:46:45.647+0000] {dagbag.py:540} INFO - Filling up the DagBag from /home/airflow/.local/lib/python3.12/site-packages/airflow/example_dags/example_short_circuit_operator.py
[2024-04-26T22:46:45.653+0000] {processor.py:840} INFO - DAG(s) 'example_short_circuit_operator' retrieved from /home/airflow/.local/lib/python3.12/site-packages/airflow/example_dags/example_short_circuit_operator.py
[2024-04-26T22:46:45.669+0000] {logging_mixin.py:188} INFO - [2024-04-26T22:46:45.669+0000] {dag.py:3096} INFO - Sync 1 DAGs
[2024-04-26T22:46:45.690+0000] {logging_mixin.py:188} INFO - [2024-04-26T22:46:45.690+0000] {dag.py:3954} INFO - Setting next_dagrun for example_short_circuit_operator to 2024-04-25 00:00:00+00:00, run_after=2024-04-26 00:00:00+00:00
[2024-04-26T22:46:45.704+0000] {processor.py:183} INFO - Processing /home/airflow/.local/lib/python3.12/site-packages/airflow/example_dags/example_short_circuit_operator.py took 0.063 seconds
