[2024-04-26T00:26:01.877+0000] {processor.py:161} INFO - Started process (PID=37306) to work on /home/airflow/.local/lib/python3.12/site-packages/airflow/example_dags/example_latest_only_with_trigger.py
[2024-04-26T00:26:01.879+0000] {processor.py:830} INFO - Processing file /home/airflow/.local/lib/python3.12/site-packages/airflow/example_dags/example_latest_only_with_trigger.py for tasks to queue
[2024-04-26T00:26:01.882+0000] {logging_mixin.py:188} INFO - [2024-04-26T00:26:01.881+0000] {dagbag.py:540} INFO - Filling up the DagBag from /home/airflow/.local/lib/python3.12/site-packages/airflow/example_dags/example_latest_only_with_trigger.py
[2024-04-26T00:26:01.900+0000] {processor.py:840} INFO - DAG(s) 'latest_only_with_trigger' retrieved from /home/airflow/.local/lib/python3.12/site-packages/airflow/example_dags/example_latest_only_with_trigger.py
[2024-04-26T00:26:01.960+0000] {logging_mixin.py:188} INFO - [2024-04-26T00:26:01.960+0000] {dag.py:3096} INFO - Sync 1 DAGs
[2024-04-26T00:26:02.001+0000] {logging_mixin.py:188} INFO - [2024-04-26T00:26:02.000+0000] {dag.py:3954} INFO - Setting next_dagrun for latest_only_with_trigger to 2024-04-25 20:00:00+00:00, run_after=2024-04-26 00:00:00+00:00
[2024-04-26T00:26:02.025+0000] {processor.py:183} INFO - Processing /home/airflow/.local/lib/python3.12/site-packages/airflow/example_dags/example_latest_only_with_trigger.py took 0.165 seconds
[2024-04-26T03:28:52.893+0000] {processor.py:161} INFO - Started process (PID=37366) to work on /home/airflow/.local/lib/python3.12/site-packages/airflow/example_dags/example_latest_only_with_trigger.py
[2024-04-26T03:28:52.894+0000] {processor.py:830} INFO - Processing file /home/airflow/.local/lib/python3.12/site-packages/airflow/example_dags/example_latest_only_with_trigger.py for tasks to queue
[2024-04-26T03:28:52.895+0000] {logging_mixin.py:188} INFO - [2024-04-26T03:28:52.894+0000] {dagbag.py:540} INFO - Filling up the DagBag from /home/airflow/.local/lib/python3.12/site-packages/airflow/example_dags/example_latest_only_with_trigger.py
[2024-04-26T03:28:52.903+0000] {processor.py:840} INFO - DAG(s) 'latest_only_with_trigger' retrieved from /home/airflow/.local/lib/python3.12/site-packages/airflow/example_dags/example_latest_only_with_trigger.py
[2024-04-26T03:28:52.938+0000] {logging_mixin.py:188} INFO - [2024-04-26T03:28:52.938+0000] {dag.py:3096} INFO - Sync 1 DAGs
[2024-04-26T03:28:52.994+0000] {logging_mixin.py:188} INFO - [2024-04-26T03:28:52.994+0000] {dag.py:3954} INFO - Setting next_dagrun for latest_only_with_trigger to 2024-04-25 20:00:00+00:00, run_after=2024-04-26 00:00:00+00:00
[2024-04-26T03:28:53.014+0000] {processor.py:183} INFO - Processing /home/airflow/.local/lib/python3.12/site-packages/airflow/example_dags/example_latest_only_with_trigger.py took 0.127 seconds
[2024-04-26T06:31:47.707+0000] {processor.py:161} INFO - Started process (PID=37426) to work on /home/airflow/.local/lib/python3.12/site-packages/airflow/example_dags/example_latest_only_with_trigger.py
[2024-04-26T06:31:47.709+0000] {processor.py:830} INFO - Processing file /home/airflow/.local/lib/python3.12/site-packages/airflow/example_dags/example_latest_only_with_trigger.py for tasks to queue
[2024-04-26T06:31:47.709+0000] {logging_mixin.py:188} INFO - [2024-04-26T06:31:47.709+0000] {dagbag.py:540} INFO - Filling up the DagBag from /home/airflow/.local/lib/python3.12/site-packages/airflow/example_dags/example_latest_only_with_trigger.py
[2024-04-26T06:31:47.715+0000] {processor.py:840} INFO - DAG(s) 'latest_only_with_trigger' retrieved from /home/airflow/.local/lib/python3.12/site-packages/airflow/example_dags/example_latest_only_with_trigger.py
[2024-04-26T06:31:47.738+0000] {logging_mixin.py:188} INFO - [2024-04-26T06:31:47.738+0000] {dag.py:3096} INFO - Sync 1 DAGs
[2024-04-26T06:31:47.771+0000] {logging_mixin.py:188} INFO - [2024-04-26T06:31:47.771+0000] {dag.py:3954} INFO - Setting next_dagrun for latest_only_with_trigger to 2024-04-26 00:00:00+00:00, run_after=2024-04-26 04:00:00+00:00
[2024-04-26T06:31:47.796+0000] {processor.py:183} INFO - Processing /home/airflow/.local/lib/python3.12/site-packages/airflow/example_dags/example_latest_only_with_trigger.py took 0.096 seconds
[2024-04-26T08:33:45.994+0000] {processor.py:161} INFO - Started process (PID=37486) to work on /home/airflow/.local/lib/python3.12/site-packages/airflow/example_dags/example_latest_only_with_trigger.py
[2024-04-26T08:33:45.997+0000] {processor.py:830} INFO - Processing file /home/airflow/.local/lib/python3.12/site-packages/airflow/example_dags/example_latest_only_with_trigger.py for tasks to queue
[2024-04-26T08:33:46.000+0000] {logging_mixin.py:188} INFO - [2024-04-26T08:33:45.999+0000] {dagbag.py:540} INFO - Filling up the DagBag from /home/airflow/.local/lib/python3.12/site-packages/airflow/example_dags/example_latest_only_with_trigger.py
[2024-04-26T08:33:46.016+0000] {processor.py:840} INFO - DAG(s) 'latest_only_with_trigger' retrieved from /home/airflow/.local/lib/python3.12/site-packages/airflow/example_dags/example_latest_only_with_trigger.py
[2024-04-26T08:33:46.112+0000] {logging_mixin.py:188} INFO - [2024-04-26T08:33:46.111+0000] {dag.py:3096} INFO - Sync 1 DAGs
[2024-04-26T08:33:46.190+0000] {logging_mixin.py:188} INFO - [2024-04-26T08:33:46.189+0000] {dag.py:3954} INFO - Setting next_dagrun for latest_only_with_trigger to 2024-04-26 04:00:00+00:00, run_after=2024-04-26 08:00:00+00:00
[2024-04-26T08:33:46.237+0000] {processor.py:183} INFO - Processing /home/airflow/.local/lib/python3.12/site-packages/airflow/example_dags/example_latest_only_with_trigger.py took 0.262 seconds
[2024-04-26T09:34:42.774+0000] {processor.py:161} INFO - Started process (PID=37546) to work on /home/airflow/.local/lib/python3.12/site-packages/airflow/example_dags/example_latest_only_with_trigger.py
[2024-04-26T09:34:42.779+0000] {processor.py:830} INFO - Processing file /home/airflow/.local/lib/python3.12/site-packages/airflow/example_dags/example_latest_only_with_trigger.py for tasks to queue
[2024-04-26T09:34:42.783+0000] {logging_mixin.py:188} INFO - [2024-04-26T09:34:42.781+0000] {dagbag.py:540} INFO - Filling up the DagBag from /home/airflow/.local/lib/python3.12/site-packages/airflow/example_dags/example_latest_only_with_trigger.py
[2024-04-26T09:34:42.800+0000] {processor.py:840} INFO - DAG(s) 'latest_only_with_trigger' retrieved from /home/airflow/.local/lib/python3.12/site-packages/airflow/example_dags/example_latest_only_with_trigger.py
[2024-04-26T09:34:42.860+0000] {logging_mixin.py:188} INFO - [2024-04-26T09:34:42.860+0000] {dag.py:3096} INFO - Sync 1 DAGs
[2024-04-26T09:34:42.930+0000] {logging_mixin.py:188} INFO - [2024-04-26T09:34:42.929+0000] {dag.py:3954} INFO - Setting next_dagrun for latest_only_with_trigger to 2024-04-26 04:00:00+00:00, run_after=2024-04-26 08:00:00+00:00
[2024-04-26T09:34:42.968+0000] {processor.py:183} INFO - Processing /home/airflow/.local/lib/python3.12/site-packages/airflow/example_dags/example_latest_only_with_trigger.py took 0.235 seconds
[2024-04-26T10:52:40.712+0000] {processor.py:161} INFO - Started process (PID=37606) to work on /home/airflow/.local/lib/python3.12/site-packages/airflow/example_dags/example_latest_only_with_trigger.py
[2024-04-26T10:52:40.716+0000] {processor.py:830} INFO - Processing file /home/airflow/.local/lib/python3.12/site-packages/airflow/example_dags/example_latest_only_with_trigger.py for tasks to queue
[2024-04-26T10:52:40.720+0000] {logging_mixin.py:188} INFO - [2024-04-26T10:52:40.718+0000] {dagbag.py:540} INFO - Filling up the DagBag from /home/airflow/.local/lib/python3.12/site-packages/airflow/example_dags/example_latest_only_with_trigger.py
[2024-04-26T10:52:40.746+0000] {processor.py:840} INFO - DAG(s) 'latest_only_with_trigger' retrieved from /home/airflow/.local/lib/python3.12/site-packages/airflow/example_dags/example_latest_only_with_trigger.py
[2024-04-26T10:52:40.797+0000] {logging_mixin.py:188} INFO - [2024-04-26T10:52:40.795+0000] {dag.py:3096} INFO - Sync 1 DAGs
[2024-04-26T10:52:40.849+0000] {logging_mixin.py:188} INFO - [2024-04-26T10:52:40.849+0000] {dag.py:3954} INFO - Setting next_dagrun for latest_only_with_trigger to 2024-04-26 04:00:00+00:00, run_after=2024-04-26 08:00:00+00:00
[2024-04-26T10:52:40.900+0000] {processor.py:183} INFO - Processing /home/airflow/.local/lib/python3.12/site-packages/airflow/example_dags/example_latest_only_with_trigger.py took 0.204 seconds
[2024-04-26T14:39:13.616+0000] {processor.py:161} INFO - Started process (PID=37666) to work on /home/airflow/.local/lib/python3.12/site-packages/airflow/example_dags/example_latest_only_with_trigger.py
[2024-04-26T14:39:13.617+0000] {processor.py:830} INFO - Processing file /home/airflow/.local/lib/python3.12/site-packages/airflow/example_dags/example_latest_only_with_trigger.py for tasks to queue
[2024-04-26T14:39:13.618+0000] {logging_mixin.py:188} INFO - [2024-04-26T14:39:13.618+0000] {dagbag.py:540} INFO - Filling up the DagBag from /home/airflow/.local/lib/python3.12/site-packages/airflow/example_dags/example_latest_only_with_trigger.py
[2024-04-26T14:39:13.623+0000] {processor.py:840} INFO - DAG(s) 'latest_only_with_trigger' retrieved from /home/airflow/.local/lib/python3.12/site-packages/airflow/example_dags/example_latest_only_with_trigger.py
[2024-04-26T14:39:13.640+0000] {logging_mixin.py:188} INFO - [2024-04-26T14:39:13.640+0000] {dag.py:3096} INFO - Sync 1 DAGs
[2024-04-26T14:39:13.659+0000] {logging_mixin.py:188} INFO - [2024-04-26T14:39:13.659+0000] {dag.py:3954} INFO - Setting next_dagrun for latest_only_with_trigger to 2024-04-26 08:00:00+00:00, run_after=2024-04-26 12:00:00+00:00
[2024-04-26T14:39:13.680+0000] {processor.py:183} INFO - Processing /home/airflow/.local/lib/python3.12/site-packages/airflow/example_dags/example_latest_only_with_trigger.py took 0.069 seconds
[2024-04-26T17:42:10.015+0000] {processor.py:161} INFO - Started process (PID=37726) to work on /home/airflow/.local/lib/python3.12/site-packages/airflow/example_dags/example_latest_only_with_trigger.py
[2024-04-26T17:42:10.017+0000] {processor.py:830} INFO - Processing file /home/airflow/.local/lib/python3.12/site-packages/airflow/example_dags/example_latest_only_with_trigger.py for tasks to queue
[2024-04-26T17:42:10.018+0000] {logging_mixin.py:188} INFO - [2024-04-26T17:42:10.018+0000] {dagbag.py:540} INFO - Filling up the DagBag from /home/airflow/.local/lib/python3.12/site-packages/airflow/example_dags/example_latest_only_with_trigger.py
[2024-04-26T17:42:10.027+0000] {processor.py:840} INFO - DAG(s) 'latest_only_with_trigger' retrieved from /home/airflow/.local/lib/python3.12/site-packages/airflow/example_dags/example_latest_only_with_trigger.py
[2024-04-26T17:42:10.055+0000] {logging_mixin.py:188} INFO - [2024-04-26T17:42:10.055+0000] {dag.py:3096} INFO - Sync 1 DAGs
[2024-04-26T17:42:10.077+0000] {logging_mixin.py:188} INFO - [2024-04-26T17:42:10.077+0000] {dag.py:3954} INFO - Setting next_dagrun for latest_only_with_trigger to 2024-04-26 12:00:00+00:00, run_after=2024-04-26 16:00:00+00:00
[2024-04-26T17:42:10.095+0000] {processor.py:183} INFO - Processing /home/airflow/.local/lib/python3.12/site-packages/airflow/example_dags/example_latest_only_with_trigger.py took 0.095 seconds
[2024-04-26T20:44:58.310+0000] {processor.py:161} INFO - Started process (PID=37786) to work on /home/airflow/.local/lib/python3.12/site-packages/airflow/example_dags/example_latest_only_with_trigger.py
[2024-04-26T20:44:58.313+0000] {processor.py:830} INFO - Processing file /home/airflow/.local/lib/python3.12/site-packages/airflow/example_dags/example_latest_only_with_trigger.py for tasks to queue
[2024-04-26T20:44:58.315+0000] {logging_mixin.py:188} INFO - [2024-04-26T20:44:58.314+0000] {dagbag.py:540} INFO - Filling up the DagBag from /home/airflow/.local/lib/python3.12/site-packages/airflow/example_dags/example_latest_only_with_trigger.py
[2024-04-26T20:44:58.347+0000] {processor.py:840} INFO - DAG(s) 'latest_only_with_trigger' retrieved from /home/airflow/.local/lib/python3.12/site-packages/airflow/example_dags/example_latest_only_with_trigger.py
[2024-04-26T20:44:58.424+0000] {logging_mixin.py:188} INFO - [2024-04-26T20:44:58.423+0000] {dag.py:3096} INFO - Sync 1 DAGs
[2024-04-26T20:44:58.466+0000] {logging_mixin.py:188} INFO - [2024-04-26T20:44:58.465+0000] {dag.py:3954} INFO - Setting next_dagrun for latest_only_with_trigger to 2024-04-26 16:00:00+00:00, run_after=2024-04-26 20:00:00+00:00
[2024-04-26T20:44:58.491+0000] {processor.py:183} INFO - Processing /home/airflow/.local/lib/python3.12/site-packages/airflow/example_dags/example_latest_only_with_trigger.py took 0.192 seconds
[2024-04-26T22:46:43.942+0000] {processor.py:161} INFO - Started process (PID=37846) to work on /home/airflow/.local/lib/python3.12/site-packages/airflow/example_dags/example_latest_only_with_trigger.py
[2024-04-26T22:46:43.943+0000] {processor.py:830} INFO - Processing file /home/airflow/.local/lib/python3.12/site-packages/airflow/example_dags/example_latest_only_with_trigger.py for tasks to queue
[2024-04-26T22:46:43.944+0000] {logging_mixin.py:188} INFO - [2024-04-26T22:46:43.944+0000] {dagbag.py:540} INFO - Filling up the DagBag from /home/airflow/.local/lib/python3.12/site-packages/airflow/example_dags/example_latest_only_with_trigger.py
[2024-04-26T22:46:43.949+0000] {processor.py:840} INFO - DAG(s) 'latest_only_with_trigger' retrieved from /home/airflow/.local/lib/python3.12/site-packages/airflow/example_dags/example_latest_only_with_trigger.py
[2024-04-26T22:46:43.965+0000] {logging_mixin.py:188} INFO - [2024-04-26T22:46:43.965+0000] {dag.py:3096} INFO - Sync 1 DAGs
[2024-04-26T22:46:43.991+0000] {logging_mixin.py:188} INFO - [2024-04-26T22:46:43.990+0000] {dag.py:3954} INFO - Setting next_dagrun for latest_only_with_trigger to 2024-04-26 16:00:00+00:00, run_after=2024-04-26 20:00:00+00:00
[2024-04-26T22:46:44.009+0000] {processor.py:183} INFO - Processing /home/airflow/.local/lib/python3.12/site-packages/airflow/example_dags/example_latest_only_with_trigger.py took 0.071 seconds
