[2024-04-26T00:26:03.318+0000] {processor.py:161} INFO - Started process (PID=37332) to work on /home/airflow/.local/lib/python3.12/site-packages/airflow/example_dags/example_branch_operator_decorator.py
[2024-04-26T00:26:03.320+0000] {processor.py:830} INFO - Processing file /home/airflow/.local/lib/python3.12/site-packages/airflow/example_dags/example_branch_operator_decorator.py for tasks to queue
[2024-04-26T00:26:03.321+0000] {logging_mixin.py:188} INFO - [2024-04-26T00:26:03.320+0000] {dagbag.py:540} INFO - Filling up the DagBag from /home/airflow/.local/lib/python3.12/site-packages/airflow/example_dags/example_branch_operator_decorator.py
[2024-04-26T00:26:03.340+0000] {processor.py:840} INFO - DAG(s) 'example_branch_python_operator_decorator' retrieved from /home/airflow/.local/lib/python3.12/site-packages/airflow/example_dags/example_branch_operator_decorator.py
[2024-04-26T00:26:03.368+0000] {logging_mixin.py:188} INFO - [2024-04-26T00:26:03.367+0000] {dag.py:3096} INFO - Sync 1 DAGs
[2024-04-26T00:26:03.387+0000] {logging_mixin.py:188} INFO - [2024-04-26T00:26:03.387+0000] {dag.py:3954} INFO - Setting next_dagrun for example_branch_python_operator_decorator to 2024-04-25 00:00:00+00:00, run_after=2024-04-26 00:00:00+00:00
[2024-04-26T00:26:03.403+0000] {processor.py:183} INFO - Processing /home/airflow/.local/lib/python3.12/site-packages/airflow/example_dags/example_branch_operator_decorator.py took 0.091 seconds
[2024-04-26T03:28:55.030+0000] {processor.py:161} INFO - Started process (PID=37392) to work on /home/airflow/.local/lib/python3.12/site-packages/airflow/example_dags/example_branch_operator_decorator.py
[2024-04-26T03:28:55.031+0000] {processor.py:830} INFO - Processing file /home/airflow/.local/lib/python3.12/site-packages/airflow/example_dags/example_branch_operator_decorator.py for tasks to queue
[2024-04-26T03:28:55.032+0000] {logging_mixin.py:188} INFO - [2024-04-26T03:28:55.032+0000] {dagbag.py:540} INFO - Filling up the DagBag from /home/airflow/.local/lib/python3.12/site-packages/airflow/example_dags/example_branch_operator_decorator.py
[2024-04-26T03:28:55.049+0000] {processor.py:840} INFO - DAG(s) 'example_branch_python_operator_decorator' retrieved from /home/airflow/.local/lib/python3.12/site-packages/airflow/example_dags/example_branch_operator_decorator.py
[2024-04-26T03:28:55.073+0000] {logging_mixin.py:188} INFO - [2024-04-26T03:28:55.072+0000] {dag.py:3096} INFO - Sync 1 DAGs
[2024-04-26T03:28:55.094+0000] {logging_mixin.py:188} INFO - [2024-04-26T03:28:55.094+0000] {dag.py:3954} INFO - Setting next_dagrun for example_branch_python_operator_decorator to 2024-04-25 00:00:00+00:00, run_after=2024-04-26 00:00:00+00:00
[2024-04-26T03:28:55.112+0000] {processor.py:183} INFO - Processing /home/airflow/.local/lib/python3.12/site-packages/airflow/example_dags/example_branch_operator_decorator.py took 0.087 seconds
[2024-04-26T06:31:49.848+0000] {processor.py:161} INFO - Started process (PID=37452) to work on /home/airflow/.local/lib/python3.12/site-packages/airflow/example_dags/example_branch_operator_decorator.py
[2024-04-26T06:31:49.849+0000] {processor.py:830} INFO - Processing file /home/airflow/.local/lib/python3.12/site-packages/airflow/example_dags/example_branch_operator_decorator.py for tasks to queue
[2024-04-26T06:31:49.850+0000] {logging_mixin.py:188} INFO - [2024-04-26T06:31:49.849+0000] {dagbag.py:540} INFO - Filling up the DagBag from /home/airflow/.local/lib/python3.12/site-packages/airflow/example_dags/example_branch_operator_decorator.py
[2024-04-26T06:31:49.863+0000] {processor.py:840} INFO - DAG(s) 'example_branch_python_operator_decorator' retrieved from /home/airflow/.local/lib/python3.12/site-packages/airflow/example_dags/example_branch_operator_decorator.py
[2024-04-26T06:31:49.882+0000] {logging_mixin.py:188} INFO - [2024-04-26T06:31:49.882+0000] {dag.py:3096} INFO - Sync 1 DAGs
[2024-04-26T06:31:49.898+0000] {logging_mixin.py:188} INFO - [2024-04-26T06:31:49.898+0000] {dag.py:3954} INFO - Setting next_dagrun for example_branch_python_operator_decorator to 2024-04-25 00:00:00+00:00, run_after=2024-04-26 00:00:00+00:00
[2024-04-26T06:31:49.909+0000] {processor.py:183} INFO - Processing /home/airflow/.local/lib/python3.12/site-packages/airflow/example_dags/example_branch_operator_decorator.py took 0.066 seconds
[2024-04-26T08:33:47.874+0000] {processor.py:161} INFO - Started process (PID=37512) to work on /home/airflow/.local/lib/python3.12/site-packages/airflow/example_dags/example_branch_operator_decorator.py
[2024-04-26T08:33:47.875+0000] {processor.py:830} INFO - Processing file /home/airflow/.local/lib/python3.12/site-packages/airflow/example_dags/example_branch_operator_decorator.py for tasks to queue
[2024-04-26T08:33:47.875+0000] {logging_mixin.py:188} INFO - [2024-04-26T08:33:47.875+0000] {dagbag.py:540} INFO - Filling up the DagBag from /home/airflow/.local/lib/python3.12/site-packages/airflow/example_dags/example_branch_operator_decorator.py
[2024-04-26T08:33:47.894+0000] {processor.py:840} INFO - DAG(s) 'example_branch_python_operator_decorator' retrieved from /home/airflow/.local/lib/python3.12/site-packages/airflow/example_dags/example_branch_operator_decorator.py
[2024-04-26T08:33:47.921+0000] {logging_mixin.py:188} INFO - [2024-04-26T08:33:47.920+0000] {dag.py:3096} INFO - Sync 1 DAGs
[2024-04-26T08:33:47.938+0000] {logging_mixin.py:188} INFO - [2024-04-26T08:33:47.938+0000] {dag.py:3954} INFO - Setting next_dagrun for example_branch_python_operator_decorator to 2024-04-25 00:00:00+00:00, run_after=2024-04-26 00:00:00+00:00
[2024-04-26T08:33:47.951+0000] {processor.py:183} INFO - Processing /home/airflow/.local/lib/python3.12/site-packages/airflow/example_dags/example_branch_operator_decorator.py took 0.082 seconds
[2024-04-26T09:34:44.369+0000] {processor.py:161} INFO - Started process (PID=37572) to work on /home/airflow/.local/lib/python3.12/site-packages/airflow/example_dags/example_branch_operator_decorator.py
[2024-04-26T09:34:44.370+0000] {processor.py:830} INFO - Processing file /home/airflow/.local/lib/python3.12/site-packages/airflow/example_dags/example_branch_operator_decorator.py for tasks to queue
[2024-04-26T09:34:44.375+0000] {logging_mixin.py:188} INFO - [2024-04-26T09:34:44.374+0000] {dagbag.py:540} INFO - Filling up the DagBag from /home/airflow/.local/lib/python3.12/site-packages/airflow/example_dags/example_branch_operator_decorator.py
[2024-04-26T09:34:44.389+0000] {processor.py:840} INFO - DAG(s) 'example_branch_python_operator_decorator' retrieved from /home/airflow/.local/lib/python3.12/site-packages/airflow/example_dags/example_branch_operator_decorator.py
[2024-04-26T09:34:44.408+0000] {logging_mixin.py:188} INFO - [2024-04-26T09:34:44.408+0000] {dag.py:3096} INFO - Sync 1 DAGs
[2024-04-26T09:34:44.422+0000] {logging_mixin.py:188} INFO - [2024-04-26T09:34:44.422+0000] {dag.py:3954} INFO - Setting next_dagrun for example_branch_python_operator_decorator to 2024-04-25 00:00:00+00:00, run_after=2024-04-26 00:00:00+00:00
[2024-04-26T09:34:44.433+0000] {processor.py:183} INFO - Processing /home/airflow/.local/lib/python3.12/site-packages/airflow/example_dags/example_branch_operator_decorator.py took 0.068 seconds
[2024-04-26T10:52:42.565+0000] {processor.py:161} INFO - Started process (PID=37632) to work on /home/airflow/.local/lib/python3.12/site-packages/airflow/example_dags/example_branch_operator_decorator.py
[2024-04-26T10:52:42.565+0000] {processor.py:830} INFO - Processing file /home/airflow/.local/lib/python3.12/site-packages/airflow/example_dags/example_branch_operator_decorator.py for tasks to queue
[2024-04-26T10:52:42.566+0000] {logging_mixin.py:188} INFO - [2024-04-26T10:52:42.566+0000] {dagbag.py:540} INFO - Filling up the DagBag from /home/airflow/.local/lib/python3.12/site-packages/airflow/example_dags/example_branch_operator_decorator.py
[2024-04-26T10:52:42.580+0000] {processor.py:840} INFO - DAG(s) 'example_branch_python_operator_decorator' retrieved from /home/airflow/.local/lib/python3.12/site-packages/airflow/example_dags/example_branch_operator_decorator.py
[2024-04-26T10:52:42.600+0000] {logging_mixin.py:188} INFO - [2024-04-26T10:52:42.600+0000] {dag.py:3096} INFO - Sync 1 DAGs
[2024-04-26T10:52:42.616+0000] {logging_mixin.py:188} INFO - [2024-04-26T10:52:42.615+0000] {dag.py:3954} INFO - Setting next_dagrun for example_branch_python_operator_decorator to 2024-04-25 00:00:00+00:00, run_after=2024-04-26 00:00:00+00:00
[2024-04-26T10:52:42.630+0000] {processor.py:183} INFO - Processing /home/airflow/.local/lib/python3.12/site-packages/airflow/example_dags/example_branch_operator_decorator.py took 0.069 seconds
[2024-04-26T14:39:15.591+0000] {processor.py:161} INFO - Started process (PID=37692) to work on /home/airflow/.local/lib/python3.12/site-packages/airflow/example_dags/example_branch_operator_decorator.py
[2024-04-26T14:39:15.592+0000] {processor.py:830} INFO - Processing file /home/airflow/.local/lib/python3.12/site-packages/airflow/example_dags/example_branch_operator_decorator.py for tasks to queue
[2024-04-26T14:39:15.593+0000] {logging_mixin.py:188} INFO - [2024-04-26T14:39:15.592+0000] {dagbag.py:540} INFO - Filling up the DagBag from /home/airflow/.local/lib/python3.12/site-packages/airflow/example_dags/example_branch_operator_decorator.py
[2024-04-26T14:39:15.606+0000] {processor.py:840} INFO - DAG(s) 'example_branch_python_operator_decorator' retrieved from /home/airflow/.local/lib/python3.12/site-packages/airflow/example_dags/example_branch_operator_decorator.py
[2024-04-26T14:39:15.625+0000] {logging_mixin.py:188} INFO - [2024-04-26T14:39:15.625+0000] {dag.py:3096} INFO - Sync 1 DAGs
[2024-04-26T14:39:15.641+0000] {logging_mixin.py:188} INFO - [2024-04-26T14:39:15.641+0000] {dag.py:3954} INFO - Setting next_dagrun for example_branch_python_operator_decorator to 2024-04-25 00:00:00+00:00, run_after=2024-04-26 00:00:00+00:00
[2024-04-26T14:39:15.653+0000] {processor.py:183} INFO - Processing /home/airflow/.local/lib/python3.12/site-packages/airflow/example_dags/example_branch_operator_decorator.py took 0.066 seconds
[2024-04-26T17:42:11.322+0000] {processor.py:161} INFO - Started process (PID=37752) to work on /home/airflow/.local/lib/python3.12/site-packages/airflow/example_dags/example_branch_operator_decorator.py
[2024-04-26T17:42:11.323+0000] {processor.py:830} INFO - Processing file /home/airflow/.local/lib/python3.12/site-packages/airflow/example_dags/example_branch_operator_decorator.py for tasks to queue
[2024-04-26T17:42:11.323+0000] {logging_mixin.py:188} INFO - [2024-04-26T17:42:11.323+0000] {dagbag.py:540} INFO - Filling up the DagBag from /home/airflow/.local/lib/python3.12/site-packages/airflow/example_dags/example_branch_operator_decorator.py
[2024-04-26T17:42:11.337+0000] {processor.py:840} INFO - DAG(s) 'example_branch_python_operator_decorator' retrieved from /home/airflow/.local/lib/python3.12/site-packages/airflow/example_dags/example_branch_operator_decorator.py
[2024-04-26T17:42:11.357+0000] {logging_mixin.py:188} INFO - [2024-04-26T17:42:11.357+0000] {dag.py:3096} INFO - Sync 1 DAGs
[2024-04-26T17:42:11.373+0000] {logging_mixin.py:188} INFO - [2024-04-26T17:42:11.373+0000] {dag.py:3954} INFO - Setting next_dagrun for example_branch_python_operator_decorator to 2024-04-25 00:00:00+00:00, run_after=2024-04-26 00:00:00+00:00
[2024-04-26T17:42:11.384+0000] {processor.py:183} INFO - Processing /home/airflow/.local/lib/python3.12/site-packages/airflow/example_dags/example_branch_operator_decorator.py took 0.067 seconds
[2024-04-26T20:44:59.559+0000] {processor.py:161} INFO - Started process (PID=37812) to work on /home/airflow/.local/lib/python3.12/site-packages/airflow/example_dags/example_branch_operator_decorator.py
[2024-04-26T20:44:59.560+0000] {processor.py:830} INFO - Processing file /home/airflow/.local/lib/python3.12/site-packages/airflow/example_dags/example_branch_operator_decorator.py for tasks to queue
[2024-04-26T20:44:59.561+0000] {logging_mixin.py:188} INFO - [2024-04-26T20:44:59.561+0000] {dagbag.py:540} INFO - Filling up the DagBag from /home/airflow/.local/lib/python3.12/site-packages/airflow/example_dags/example_branch_operator_decorator.py
[2024-04-26T20:44:59.575+0000] {processor.py:840} INFO - DAG(s) 'example_branch_python_operator_decorator' retrieved from /home/airflow/.local/lib/python3.12/site-packages/airflow/example_dags/example_branch_operator_decorator.py
[2024-04-26T20:44:59.595+0000] {logging_mixin.py:188} INFO - [2024-04-26T20:44:59.595+0000] {dag.py:3096} INFO - Sync 1 DAGs
[2024-04-26T20:44:59.611+0000] {logging_mixin.py:188} INFO - [2024-04-26T20:44:59.611+0000] {dag.py:3954} INFO - Setting next_dagrun for example_branch_python_operator_decorator to 2024-04-25 00:00:00+00:00, run_after=2024-04-26 00:00:00+00:00
[2024-04-26T20:44:59.622+0000] {processor.py:183} INFO - Processing /home/airflow/.local/lib/python3.12/site-packages/airflow/example_dags/example_branch_operator_decorator.py took 0.067 seconds
[2024-04-26T22:46:45.862+0000] {processor.py:161} INFO - Started process (PID=37872) to work on /home/airflow/.local/lib/python3.12/site-packages/airflow/example_dags/example_branch_operator_decorator.py
[2024-04-26T22:46:45.864+0000] {processor.py:830} INFO - Processing file /home/airflow/.local/lib/python3.12/site-packages/airflow/example_dags/example_branch_operator_decorator.py for tasks to queue
[2024-04-26T22:46:45.865+0000] {logging_mixin.py:188} INFO - [2024-04-26T22:46:45.865+0000] {dagbag.py:540} INFO - Filling up the DagBag from /home/airflow/.local/lib/python3.12/site-packages/airflow/example_dags/example_branch_operator_decorator.py
[2024-04-26T22:46:45.878+0000] {processor.py:840} INFO - DAG(s) 'example_branch_python_operator_decorator' retrieved from /home/airflow/.local/lib/python3.12/site-packages/airflow/example_dags/example_branch_operator_decorator.py
[2024-04-26T22:46:45.899+0000] {logging_mixin.py:188} INFO - [2024-04-26T22:46:45.899+0000] {dag.py:3096} INFO - Sync 1 DAGs
[2024-04-26T22:46:45.916+0000] {logging_mixin.py:188} INFO - [2024-04-26T22:46:45.916+0000] {dag.py:3954} INFO - Setting next_dagrun for example_branch_python_operator_decorator to 2024-04-25 00:00:00+00:00, run_after=2024-04-26 00:00:00+00:00
[2024-04-26T22:46:45.928+0000] {processor.py:183} INFO - Processing /home/airflow/.local/lib/python3.12/site-packages/airflow/example_dags/example_branch_operator_decorator.py took 0.071 seconds
