[2024-04-26T00:26:03.741+0000] {processor.py:161} INFO - Started process (PID=37341) to work on /home/airflow/.local/lib/python3.12/site-packages/airflow/example_dags/example_sla_dag.py
[2024-04-26T00:26:03.742+0000] {processor.py:830} INFO - Processing file /home/airflow/.local/lib/python3.12/site-packages/airflow/example_dags/example_sla_dag.py for tasks to queue
[2024-04-26T00:26:03.743+0000] {logging_mixin.py:188} INFO - [2024-04-26T00:26:03.743+0000] {dagbag.py:540} INFO - Filling up the DagBag from /home/airflow/.local/lib/python3.12/site-packages/airflow/example_dags/example_sla_dag.py
[2024-04-26T00:26:03.752+0000] {processor.py:840} INFO - DAG(s) 'example_sla_dag' retrieved from /home/airflow/.local/lib/python3.12/site-packages/airflow/example_dags/example_sla_dag.py
[2024-04-26T00:26:03.767+0000] {logging_mixin.py:188} INFO - [2024-04-26T00:26:03.767+0000] {dag.py:3096} INFO - Sync 1 DAGs
[2024-04-26T00:26:03.783+0000] {logging_mixin.py:188} INFO - [2024-04-26T00:26:03.783+0000] {dag.py:3954} INFO - Setting next_dagrun for example_sla_dag to 2024-04-26 00:24:00+00:00, run_after=2024-04-26 00:26:00+00:00
[2024-04-26T00:26:03.794+0000] {processor.py:183} INFO - Processing /home/airflow/.local/lib/python3.12/site-packages/airflow/example_dags/example_sla_dag.py took 0.058 seconds
[2024-04-26T03:28:55.500+0000] {processor.py:161} INFO - Started process (PID=37401) to work on /home/airflow/.local/lib/python3.12/site-packages/airflow/example_dags/example_sla_dag.py
[2024-04-26T03:28:55.501+0000] {processor.py:830} INFO - Processing file /home/airflow/.local/lib/python3.12/site-packages/airflow/example_dags/example_sla_dag.py for tasks to queue
[2024-04-26T03:28:55.502+0000] {logging_mixin.py:188} INFO - [2024-04-26T03:28:55.502+0000] {dagbag.py:540} INFO - Filling up the DagBag from /home/airflow/.local/lib/python3.12/site-packages/airflow/example_dags/example_sla_dag.py
[2024-04-26T03:28:55.508+0000] {processor.py:840} INFO - DAG(s) 'example_sla_dag' retrieved from /home/airflow/.local/lib/python3.12/site-packages/airflow/example_dags/example_sla_dag.py
[2024-04-26T03:28:55.525+0000] {logging_mixin.py:188} INFO - [2024-04-26T03:28:55.525+0000] {dag.py:3096} INFO - Sync 1 DAGs
[2024-04-26T03:28:55.544+0000] {logging_mixin.py:188} INFO - [2024-04-26T03:28:55.544+0000] {dag.py:3954} INFO - Setting next_dagrun for example_sla_dag to 2024-04-26 03:26:00+00:00, run_after=2024-04-26 03:28:00+00:00
[2024-04-26T03:28:55.559+0000] {processor.py:183} INFO - Processing /home/airflow/.local/lib/python3.12/site-packages/airflow/example_dags/example_sla_dag.py took 0.063 seconds
[2024-04-26T06:31:50.249+0000] {processor.py:161} INFO - Started process (PID=37461) to work on /home/airflow/.local/lib/python3.12/site-packages/airflow/example_dags/example_sla_dag.py
[2024-04-26T06:31:50.250+0000] {processor.py:830} INFO - Processing file /home/airflow/.local/lib/python3.12/site-packages/airflow/example_dags/example_sla_dag.py for tasks to queue
[2024-04-26T06:31:50.251+0000] {logging_mixin.py:188} INFO - [2024-04-26T06:31:50.251+0000] {dagbag.py:540} INFO - Filling up the DagBag from /home/airflow/.local/lib/python3.12/site-packages/airflow/example_dags/example_sla_dag.py
[2024-04-26T06:31:50.258+0000] {processor.py:840} INFO - DAG(s) 'example_sla_dag' retrieved from /home/airflow/.local/lib/python3.12/site-packages/airflow/example_dags/example_sla_dag.py
[2024-04-26T06:31:50.276+0000] {logging_mixin.py:188} INFO - [2024-04-26T06:31:50.276+0000] {dag.py:3096} INFO - Sync 1 DAGs
[2024-04-26T06:31:50.295+0000] {logging_mixin.py:188} INFO - [2024-04-26T06:31:50.295+0000] {dag.py:3954} INFO - Setting next_dagrun for example_sla_dag to 2024-04-26 06:28:00+00:00, run_after=2024-04-26 06:30:00+00:00
[2024-04-26T06:31:50.309+0000] {processor.py:183} INFO - Processing /home/airflow/.local/lib/python3.12/site-packages/airflow/example_dags/example_sla_dag.py took 0.065 seconds
[2024-04-26T08:33:48.293+0000] {processor.py:161} INFO - Started process (PID=37521) to work on /home/airflow/.local/lib/python3.12/site-packages/airflow/example_dags/example_sla_dag.py
[2024-04-26T08:33:48.294+0000] {processor.py:830} INFO - Processing file /home/airflow/.local/lib/python3.12/site-packages/airflow/example_dags/example_sla_dag.py for tasks to queue
[2024-04-26T08:33:48.295+0000] {logging_mixin.py:188} INFO - [2024-04-26T08:33:48.294+0000] {dagbag.py:540} INFO - Filling up the DagBag from /home/airflow/.local/lib/python3.12/site-packages/airflow/example_dags/example_sla_dag.py
[2024-04-26T08:33:48.303+0000] {processor.py:840} INFO - DAG(s) 'example_sla_dag' retrieved from /home/airflow/.local/lib/python3.12/site-packages/airflow/example_dags/example_sla_dag.py
[2024-04-26T08:33:48.322+0000] {logging_mixin.py:188} INFO - [2024-04-26T08:33:48.322+0000] {dag.py:3096} INFO - Sync 1 DAGs
[2024-04-26T08:33:48.347+0000] {logging_mixin.py:188} INFO - [2024-04-26T08:33:48.347+0000] {dag.py:3954} INFO - Setting next_dagrun for example_sla_dag to 2024-04-26 08:30:00+00:00, run_after=2024-04-26 08:32:00+00:00
[2024-04-26T08:33:48.366+0000] {processor.py:183} INFO - Processing /home/airflow/.local/lib/python3.12/site-packages/airflow/example_dags/example_sla_dag.py took 0.079 seconds
[2024-04-26T09:34:44.768+0000] {processor.py:161} INFO - Started process (PID=37581) to work on /home/airflow/.local/lib/python3.12/site-packages/airflow/example_dags/example_sla_dag.py
[2024-04-26T09:34:44.769+0000] {processor.py:830} INFO - Processing file /home/airflow/.local/lib/python3.12/site-packages/airflow/example_dags/example_sla_dag.py for tasks to queue
[2024-04-26T09:34:44.770+0000] {logging_mixin.py:188} INFO - [2024-04-26T09:34:44.770+0000] {dagbag.py:540} INFO - Filling up the DagBag from /home/airflow/.local/lib/python3.12/site-packages/airflow/example_dags/example_sla_dag.py
[2024-04-26T09:34:44.776+0000] {processor.py:840} INFO - DAG(s) 'example_sla_dag' retrieved from /home/airflow/.local/lib/python3.12/site-packages/airflow/example_dags/example_sla_dag.py
[2024-04-26T09:34:44.791+0000] {logging_mixin.py:188} INFO - [2024-04-26T09:34:44.791+0000] {dag.py:3096} INFO - Sync 1 DAGs
[2024-04-26T09:34:44.807+0000] {logging_mixin.py:188} INFO - [2024-04-26T09:34:44.807+0000] {dag.py:3954} INFO - Setting next_dagrun for example_sla_dag to 2024-04-26 09:32:00+00:00, run_after=2024-04-26 09:34:00+00:00
[2024-04-26T09:34:44.820+0000] {processor.py:183} INFO - Processing /home/airflow/.local/lib/python3.12/site-packages/airflow/example_dags/example_sla_dag.py took 0.056 seconds
[2024-04-26T10:52:42.903+0000] {processor.py:161} INFO - Started process (PID=37641) to work on /home/airflow/.local/lib/python3.12/site-packages/airflow/example_dags/example_sla_dag.py
[2024-04-26T10:52:42.904+0000] {processor.py:830} INFO - Processing file /home/airflow/.local/lib/python3.12/site-packages/airflow/example_dags/example_sla_dag.py for tasks to queue
[2024-04-26T10:52:42.905+0000] {logging_mixin.py:188} INFO - [2024-04-26T10:52:42.905+0000] {dagbag.py:540} INFO - Filling up the DagBag from /home/airflow/.local/lib/python3.12/site-packages/airflow/example_dags/example_sla_dag.py
[2024-04-26T10:52:42.911+0000] {processor.py:840} INFO - DAG(s) 'example_sla_dag' retrieved from /home/airflow/.local/lib/python3.12/site-packages/airflow/example_dags/example_sla_dag.py
[2024-04-26T10:52:42.926+0000] {logging_mixin.py:188} INFO - [2024-04-26T10:52:42.926+0000] {dag.py:3096} INFO - Sync 1 DAGs
[2024-04-26T10:52:42.941+0000] {logging_mixin.py:188} INFO - [2024-04-26T10:52:42.941+0000] {dag.py:3954} INFO - Setting next_dagrun for example_sla_dag to 2024-04-26 10:50:00+00:00, run_after=2024-04-26 10:52:00+00:00
[2024-04-26T10:52:42.952+0000] {processor.py:183} INFO - Processing /home/airflow/.local/lib/python3.12/site-packages/airflow/example_dags/example_sla_dag.py took 0.054 seconds
[2024-04-26T14:39:15.925+0000] {processor.py:161} INFO - Started process (PID=37701) to work on /home/airflow/.local/lib/python3.12/site-packages/airflow/example_dags/example_sla_dag.py
[2024-04-26T14:39:15.926+0000] {processor.py:830} INFO - Processing file /home/airflow/.local/lib/python3.12/site-packages/airflow/example_dags/example_sla_dag.py for tasks to queue
[2024-04-26T14:39:15.927+0000] {logging_mixin.py:188} INFO - [2024-04-26T14:39:15.926+0000] {dagbag.py:540} INFO - Filling up the DagBag from /home/airflow/.local/lib/python3.12/site-packages/airflow/example_dags/example_sla_dag.py
[2024-04-26T14:39:15.932+0000] {processor.py:840} INFO - DAG(s) 'example_sla_dag' retrieved from /home/airflow/.local/lib/python3.12/site-packages/airflow/example_dags/example_sla_dag.py
[2024-04-26T14:39:15.947+0000] {logging_mixin.py:188} INFO - [2024-04-26T14:39:15.946+0000] {dag.py:3096} INFO - Sync 1 DAGs
[2024-04-26T14:39:15.964+0000] {logging_mixin.py:188} INFO - [2024-04-26T14:39:15.964+0000] {dag.py:3954} INFO - Setting next_dagrun for example_sla_dag to 2024-04-26 14:36:00+00:00, run_after=2024-04-26 14:38:00+00:00
[2024-04-26T14:39:15.976+0000] {processor.py:183} INFO - Processing /home/airflow/.local/lib/python3.12/site-packages/airflow/example_dags/example_sla_dag.py took 0.055 seconds
[2024-04-26T17:42:11.660+0000] {processor.py:161} INFO - Started process (PID=37761) to work on /home/airflow/.local/lib/python3.12/site-packages/airflow/example_dags/example_sla_dag.py
[2024-04-26T17:42:11.660+0000] {processor.py:830} INFO - Processing file /home/airflow/.local/lib/python3.12/site-packages/airflow/example_dags/example_sla_dag.py for tasks to queue
[2024-04-26T17:42:11.661+0000] {logging_mixin.py:188} INFO - [2024-04-26T17:42:11.661+0000] {dagbag.py:540} INFO - Filling up the DagBag from /home/airflow/.local/lib/python3.12/site-packages/airflow/example_dags/example_sla_dag.py
[2024-04-26T17:42:11.667+0000] {processor.py:840} INFO - DAG(s) 'example_sla_dag' retrieved from /home/airflow/.local/lib/python3.12/site-packages/airflow/example_dags/example_sla_dag.py
[2024-04-26T17:42:11.682+0000] {logging_mixin.py:188} INFO - [2024-04-26T17:42:11.682+0000] {dag.py:3096} INFO - Sync 1 DAGs
[2024-04-26T17:42:11.698+0000] {logging_mixin.py:188} INFO - [2024-04-26T17:42:11.698+0000] {dag.py:3954} INFO - Setting next_dagrun for example_sla_dag to 2024-04-26 17:40:00+00:00, run_after=2024-04-26 17:42:00+00:00
[2024-04-26T17:42:11.709+0000] {processor.py:183} INFO - Processing /home/airflow/.local/lib/python3.12/site-packages/airflow/example_dags/example_sla_dag.py took 0.054 seconds
[2024-04-26T20:44:59.897+0000] {processor.py:161} INFO - Started process (PID=37821) to work on /home/airflow/.local/lib/python3.12/site-packages/airflow/example_dags/example_sla_dag.py
[2024-04-26T20:44:59.898+0000] {processor.py:830} INFO - Processing file /home/airflow/.local/lib/python3.12/site-packages/airflow/example_dags/example_sla_dag.py for tasks to queue
[2024-04-26T20:44:59.899+0000] {logging_mixin.py:188} INFO - [2024-04-26T20:44:59.899+0000] {dagbag.py:540} INFO - Filling up the DagBag from /home/airflow/.local/lib/python3.12/site-packages/airflow/example_dags/example_sla_dag.py
[2024-04-26T20:44:59.905+0000] {processor.py:840} INFO - DAG(s) 'example_sla_dag' retrieved from /home/airflow/.local/lib/python3.12/site-packages/airflow/example_dags/example_sla_dag.py
[2024-04-26T20:44:59.919+0000] {logging_mixin.py:188} INFO - [2024-04-26T20:44:59.919+0000] {dag.py:3096} INFO - Sync 1 DAGs
[2024-04-26T20:44:59.935+0000] {logging_mixin.py:188} INFO - [2024-04-26T20:44:59.935+0000] {dag.py:3954} INFO - Setting next_dagrun for example_sla_dag to 2024-04-26 20:42:00+00:00, run_after=2024-04-26 20:44:00+00:00
[2024-04-26T20:44:59.946+0000] {processor.py:183} INFO - Processing /home/airflow/.local/lib/python3.12/site-packages/airflow/example_dags/example_sla_dag.py took 0.054 seconds
[2024-04-26T22:46:46.208+0000] {processor.py:161} INFO - Started process (PID=37881) to work on /home/airflow/.local/lib/python3.12/site-packages/airflow/example_dags/example_sla_dag.py
[2024-04-26T22:46:46.209+0000] {processor.py:830} INFO - Processing file /home/airflow/.local/lib/python3.12/site-packages/airflow/example_dags/example_sla_dag.py for tasks to queue
[2024-04-26T22:46:46.210+0000] {logging_mixin.py:188} INFO - [2024-04-26T22:46:46.209+0000] {dagbag.py:540} INFO - Filling up the DagBag from /home/airflow/.local/lib/python3.12/site-packages/airflow/example_dags/example_sla_dag.py
[2024-04-26T22:46:46.215+0000] {processor.py:840} INFO - DAG(s) 'example_sla_dag' retrieved from /home/airflow/.local/lib/python3.12/site-packages/airflow/example_dags/example_sla_dag.py
[2024-04-26T22:46:46.230+0000] {logging_mixin.py:188} INFO - [2024-04-26T22:46:46.230+0000] {dag.py:3096} INFO - Sync 1 DAGs
[2024-04-26T22:46:46.246+0000] {logging_mixin.py:188} INFO - [2024-04-26T22:46:46.246+0000] {dag.py:3954} INFO - Setting next_dagrun for example_sla_dag to 2024-04-26 22:44:00+00:00, run_after=2024-04-26 22:46:00+00:00
[2024-04-26T22:46:46.259+0000] {processor.py:183} INFO - Processing /home/airflow/.local/lib/python3.12/site-packages/airflow/example_dags/example_sla_dag.py took 0.055 seconds
