[2024-04-26T00:26:02.867+0000] {processor.py:161} INFO - Started process (PID=37322) to work on /home/airflow/.local/lib/python3.12/site-packages/airflow/example_dags/example_bash_operator.py
[2024-04-26T00:26:02.869+0000] {processor.py:830} INFO - Processing file /home/airflow/.local/lib/python3.12/site-packages/airflow/example_dags/example_bash_operator.py for tasks to queue
[2024-04-26T00:26:02.870+0000] {logging_mixin.py:188} INFO - [2024-04-26T00:26:02.870+0000] {dagbag.py:540} INFO - Filling up the DagBag from /home/airflow/.local/lib/python3.12/site-packages/airflow/example_dags/example_bash_operator.py
[2024-04-26T00:26:02.880+0000] {processor.py:840} INFO - DAG(s) 'example_bash_operator' retrieved from /home/airflow/.local/lib/python3.12/site-packages/airflow/example_dags/example_bash_operator.py
[2024-04-26T00:26:02.901+0000] {logging_mixin.py:188} INFO - [2024-04-26T00:26:02.901+0000] {dag.py:3096} INFO - Sync 1 DAGs
[2024-04-26T00:26:02.919+0000] {logging_mixin.py:188} INFO - [2024-04-26T00:26:02.919+0000] {dag.py:3954} INFO - Setting next_dagrun for example_bash_operator to 2024-04-25 00:00:00+00:00, run_after=2024-04-26 00:00:00+00:00
[2024-04-26T00:26:02.940+0000] {processor.py:183} INFO - Processing /home/airflow/.local/lib/python3.12/site-packages/airflow/example_dags/example_bash_operator.py took 0.078 seconds
[2024-04-26T03:28:54.597+0000] {processor.py:161} INFO - Started process (PID=37382) to work on /home/airflow/.local/lib/python3.12/site-packages/airflow/example_dags/example_bash_operator.py
[2024-04-26T03:28:54.598+0000] {processor.py:830} INFO - Processing file /home/airflow/.local/lib/python3.12/site-packages/airflow/example_dags/example_bash_operator.py for tasks to queue
[2024-04-26T03:28:54.599+0000] {logging_mixin.py:188} INFO - [2024-04-26T03:28:54.599+0000] {dagbag.py:540} INFO - Filling up the DagBag from /home/airflow/.local/lib/python3.12/site-packages/airflow/example_dags/example_bash_operator.py
[2024-04-26T03:28:54.611+0000] {processor.py:840} INFO - DAG(s) 'example_bash_operator' retrieved from /home/airflow/.local/lib/python3.12/site-packages/airflow/example_dags/example_bash_operator.py
[2024-04-26T03:28:54.633+0000] {logging_mixin.py:188} INFO - [2024-04-26T03:28:54.633+0000] {dag.py:3096} INFO - Sync 1 DAGs
[2024-04-26T03:28:54.651+0000] {logging_mixin.py:188} INFO - [2024-04-26T03:28:54.651+0000] {dag.py:3954} INFO - Setting next_dagrun for example_bash_operator to 2024-04-25 00:00:00+00:00, run_after=2024-04-26 00:00:00+00:00
[2024-04-26T03:28:54.664+0000] {processor.py:183} INFO - Processing /home/airflow/.local/lib/python3.12/site-packages/airflow/example_dags/example_bash_operator.py took 0.073 seconds
[2024-04-26T06:31:49.475+0000] {processor.py:161} INFO - Started process (PID=37442) to work on /home/airflow/.local/lib/python3.12/site-packages/airflow/example_dags/example_bash_operator.py
[2024-04-26T06:31:49.476+0000] {processor.py:830} INFO - Processing file /home/airflow/.local/lib/python3.12/site-packages/airflow/example_dags/example_bash_operator.py for tasks to queue
[2024-04-26T06:31:49.477+0000] {logging_mixin.py:188} INFO - [2024-04-26T06:31:49.477+0000] {dagbag.py:540} INFO - Filling up the DagBag from /home/airflow/.local/lib/python3.12/site-packages/airflow/example_dags/example_bash_operator.py
[2024-04-26T06:31:49.486+0000] {processor.py:840} INFO - DAG(s) 'example_bash_operator' retrieved from /home/airflow/.local/lib/python3.12/site-packages/airflow/example_dags/example_bash_operator.py
[2024-04-26T06:31:49.505+0000] {logging_mixin.py:188} INFO - [2024-04-26T06:31:49.505+0000] {dag.py:3096} INFO - Sync 1 DAGs
[2024-04-26T06:31:49.521+0000] {logging_mixin.py:188} INFO - [2024-04-26T06:31:49.521+0000] {dag.py:3954} INFO - Setting next_dagrun for example_bash_operator to 2024-04-25 00:00:00+00:00, run_after=2024-04-26 00:00:00+00:00
[2024-04-26T06:31:49.534+0000] {processor.py:183} INFO - Processing /home/airflow/.local/lib/python3.12/site-packages/airflow/example_dags/example_bash_operator.py took 0.063 seconds
[2024-04-26T08:33:47.513+0000] {processor.py:161} INFO - Started process (PID=37502) to work on /home/airflow/.local/lib/python3.12/site-packages/airflow/example_dags/example_bash_operator.py
[2024-04-26T08:33:47.514+0000] {processor.py:830} INFO - Processing file /home/airflow/.local/lib/python3.12/site-packages/airflow/example_dags/example_bash_operator.py for tasks to queue
[2024-04-26T08:33:47.515+0000] {logging_mixin.py:188} INFO - [2024-04-26T08:33:47.515+0000] {dagbag.py:540} INFO - Filling up the DagBag from /home/airflow/.local/lib/python3.12/site-packages/airflow/example_dags/example_bash_operator.py
[2024-04-26T08:33:47.523+0000] {processor.py:840} INFO - DAG(s) 'example_bash_operator' retrieved from /home/airflow/.local/lib/python3.12/site-packages/airflow/example_dags/example_bash_operator.py
[2024-04-26T08:33:47.542+0000] {logging_mixin.py:188} INFO - [2024-04-26T08:33:47.542+0000] {dag.py:3096} INFO - Sync 1 DAGs
[2024-04-26T08:33:47.556+0000] {logging_mixin.py:188} INFO - [2024-04-26T08:33:47.556+0000] {dag.py:3954} INFO - Setting next_dagrun for example_bash_operator to 2024-04-25 00:00:00+00:00, run_after=2024-04-26 00:00:00+00:00
[2024-04-26T08:33:47.568+0000] {processor.py:183} INFO - Processing /home/airflow/.local/lib/python3.12/site-packages/airflow/example_dags/example_bash_operator.py took 0.059 seconds
[2024-04-26T09:34:44.019+0000] {processor.py:161} INFO - Started process (PID=37562) to work on /home/airflow/.local/lib/python3.12/site-packages/airflow/example_dags/example_bash_operator.py
[2024-04-26T09:34:44.020+0000] {processor.py:830} INFO - Processing file /home/airflow/.local/lib/python3.12/site-packages/airflow/example_dags/example_bash_operator.py for tasks to queue
[2024-04-26T09:34:44.021+0000] {logging_mixin.py:188} INFO - [2024-04-26T09:34:44.021+0000] {dagbag.py:540} INFO - Filling up the DagBag from /home/airflow/.local/lib/python3.12/site-packages/airflow/example_dags/example_bash_operator.py
[2024-04-26T09:34:44.029+0000] {processor.py:840} INFO - DAG(s) 'example_bash_operator' retrieved from /home/airflow/.local/lib/python3.12/site-packages/airflow/example_dags/example_bash_operator.py
[2024-04-26T09:34:44.047+0000] {logging_mixin.py:188} INFO - [2024-04-26T09:34:44.047+0000] {dag.py:3096} INFO - Sync 1 DAGs
[2024-04-26T09:34:44.062+0000] {logging_mixin.py:188} INFO - [2024-04-26T09:34:44.062+0000] {dag.py:3954} INFO - Setting next_dagrun for example_bash_operator to 2024-04-25 00:00:00+00:00, run_after=2024-04-26 00:00:00+00:00
[2024-04-26T09:34:44.074+0000] {processor.py:183} INFO - Processing /home/airflow/.local/lib/python3.12/site-packages/airflow/example_dags/example_bash_operator.py took 0.059 seconds
[2024-04-26T10:52:42.197+0000] {processor.py:161} INFO - Started process (PID=37622) to work on /home/airflow/.local/lib/python3.12/site-packages/airflow/example_dags/example_bash_operator.py
[2024-04-26T10:52:42.198+0000] {processor.py:830} INFO - Processing file /home/airflow/.local/lib/python3.12/site-packages/airflow/example_dags/example_bash_operator.py for tasks to queue
[2024-04-26T10:52:42.198+0000] {logging_mixin.py:188} INFO - [2024-04-26T10:52:42.198+0000] {dagbag.py:540} INFO - Filling up the DagBag from /home/airflow/.local/lib/python3.12/site-packages/airflow/example_dags/example_bash_operator.py
[2024-04-26T10:52:42.206+0000] {processor.py:840} INFO - DAG(s) 'example_bash_operator' retrieved from /home/airflow/.local/lib/python3.12/site-packages/airflow/example_dags/example_bash_operator.py
[2024-04-26T10:52:42.225+0000] {logging_mixin.py:188} INFO - [2024-04-26T10:52:42.225+0000] {dag.py:3096} INFO - Sync 1 DAGs
[2024-04-26T10:52:42.241+0000] {logging_mixin.py:188} INFO - [2024-04-26T10:52:42.241+0000] {dag.py:3954} INFO - Setting next_dagrun for example_bash_operator to 2024-04-25 00:00:00+00:00, run_after=2024-04-26 00:00:00+00:00
[2024-04-26T10:52:42.254+0000] {processor.py:183} INFO - Processing /home/airflow/.local/lib/python3.12/site-packages/airflow/example_dags/example_bash_operator.py took 0.061 seconds
[2024-04-26T14:39:15.194+0000] {processor.py:161} INFO - Started process (PID=37682) to work on /home/airflow/.local/lib/python3.12/site-packages/airflow/example_dags/example_bash_operator.py
[2024-04-26T14:39:15.195+0000] {processor.py:830} INFO - Processing file /home/airflow/.local/lib/python3.12/site-packages/airflow/example_dags/example_bash_operator.py for tasks to queue
[2024-04-26T14:39:15.195+0000] {logging_mixin.py:188} INFO - [2024-04-26T14:39:15.195+0000] {dagbag.py:540} INFO - Filling up the DagBag from /home/airflow/.local/lib/python3.12/site-packages/airflow/example_dags/example_bash_operator.py
[2024-04-26T14:39:15.205+0000] {processor.py:840} INFO - DAG(s) 'example_bash_operator' retrieved from /home/airflow/.local/lib/python3.12/site-packages/airflow/example_dags/example_bash_operator.py
[2024-04-26T14:39:15.226+0000] {logging_mixin.py:188} INFO - [2024-04-26T14:39:15.225+0000] {dag.py:3096} INFO - Sync 1 DAGs
[2024-04-26T14:39:15.241+0000] {logging_mixin.py:188} INFO - [2024-04-26T14:39:15.241+0000] {dag.py:3954} INFO - Setting next_dagrun for example_bash_operator to 2024-04-25 00:00:00+00:00, run_after=2024-04-26 00:00:00+00:00
[2024-04-26T14:39:15.255+0000] {processor.py:183} INFO - Processing /home/airflow/.local/lib/python3.12/site-packages/airflow/example_dags/example_bash_operator.py took 0.067 seconds
[2024-04-26T17:42:10.767+0000] {processor.py:161} INFO - Started process (PID=37742) to work on /home/airflow/.local/lib/python3.12/site-packages/airflow/example_dags/example_bash_operator.py
[2024-04-26T17:42:10.768+0000] {processor.py:830} INFO - Processing file /home/airflow/.local/lib/python3.12/site-packages/airflow/example_dags/example_bash_operator.py for tasks to queue
[2024-04-26T17:42:10.769+0000] {logging_mixin.py:188} INFO - [2024-04-26T17:42:10.769+0000] {dagbag.py:540} INFO - Filling up the DagBag from /home/airflow/.local/lib/python3.12/site-packages/airflow/example_dags/example_bash_operator.py
[2024-04-26T17:42:10.777+0000] {processor.py:840} INFO - DAG(s) 'example_bash_operator' retrieved from /home/airflow/.local/lib/python3.12/site-packages/airflow/example_dags/example_bash_operator.py
[2024-04-26T17:42:10.916+0000] {logging_mixin.py:188} INFO - [2024-04-26T17:42:10.916+0000] {dag.py:3096} INFO - Sync 1 DAGs
[2024-04-26T17:42:10.933+0000] {logging_mixin.py:188} INFO - [2024-04-26T17:42:10.933+0000] {dag.py:3954} INFO - Setting next_dagrun for example_bash_operator to 2024-04-25 00:00:00+00:00, run_after=2024-04-26 00:00:00+00:00
[2024-04-26T17:42:11.007+0000] {processor.py:183} INFO - Processing /home/airflow/.local/lib/python3.12/site-packages/airflow/example_dags/example_bash_operator.py took 0.244 seconds
[2024-04-26T20:44:59.200+0000] {processor.py:161} INFO - Started process (PID=37802) to work on /home/airflow/.local/lib/python3.12/site-packages/airflow/example_dags/example_bash_operator.py
[2024-04-26T20:44:59.201+0000] {processor.py:830} INFO - Processing file /home/airflow/.local/lib/python3.12/site-packages/airflow/example_dags/example_bash_operator.py for tasks to queue
[2024-04-26T20:44:59.201+0000] {logging_mixin.py:188} INFO - [2024-04-26T20:44:59.201+0000] {dagbag.py:540} INFO - Filling up the DagBag from /home/airflow/.local/lib/python3.12/site-packages/airflow/example_dags/example_bash_operator.py
[2024-04-26T20:44:59.209+0000] {processor.py:840} INFO - DAG(s) 'example_bash_operator' retrieved from /home/airflow/.local/lib/python3.12/site-packages/airflow/example_dags/example_bash_operator.py
[2024-04-26T20:44:59.228+0000] {logging_mixin.py:188} INFO - [2024-04-26T20:44:59.228+0000] {dag.py:3096} INFO - Sync 1 DAGs
[2024-04-26T20:44:59.244+0000] {logging_mixin.py:188} INFO - [2024-04-26T20:44:59.244+0000] {dag.py:3954} INFO - Setting next_dagrun for example_bash_operator to 2024-04-25 00:00:00+00:00, run_after=2024-04-26 00:00:00+00:00
[2024-04-26T20:44:59.257+0000] {processor.py:183} INFO - Processing /home/airflow/.local/lib/python3.12/site-packages/airflow/example_dags/example_bash_operator.py took 0.061 seconds
[2024-04-26T22:46:45.483+0000] {processor.py:161} INFO - Started process (PID=37862) to work on /home/airflow/.local/lib/python3.12/site-packages/airflow/example_dags/example_bash_operator.py
[2024-04-26T22:46:45.484+0000] {processor.py:830} INFO - Processing file /home/airflow/.local/lib/python3.12/site-packages/airflow/example_dags/example_bash_operator.py for tasks to queue
[2024-04-26T22:46:45.484+0000] {logging_mixin.py:188} INFO - [2024-04-26T22:46:45.484+0000] {dagbag.py:540} INFO - Filling up the DagBag from /home/airflow/.local/lib/python3.12/site-packages/airflow/example_dags/example_bash_operator.py
[2024-04-26T22:46:45.493+0000] {processor.py:840} INFO - DAG(s) 'example_bash_operator' retrieved from /home/airflow/.local/lib/python3.12/site-packages/airflow/example_dags/example_bash_operator.py
[2024-04-26T22:46:45.513+0000] {logging_mixin.py:188} INFO - [2024-04-26T22:46:45.512+0000] {dag.py:3096} INFO - Sync 1 DAGs
[2024-04-26T22:46:45.529+0000] {logging_mixin.py:188} INFO - [2024-04-26T22:46:45.528+0000] {dag.py:3954} INFO - Setting next_dagrun for example_bash_operator to 2024-04-25 00:00:00+00:00, run_after=2024-04-26 00:00:00+00:00
[2024-04-26T22:46:45.541+0000] {processor.py:183} INFO - Processing /home/airflow/.local/lib/python3.12/site-packages/airflow/example_dags/example_bash_operator.py took 0.063 seconds
