[2024-04-26T00:26:03.753+0000] {processor.py:161} INFO - Started process (PID=37342) to work on /home/airflow/.local/lib/python3.12/site-packages/airflow/example_dags/example_branch_labels.py
[2024-04-26T00:26:03.754+0000] {processor.py:830} INFO - Processing file /home/airflow/.local/lib/python3.12/site-packages/airflow/example_dags/example_branch_labels.py for tasks to queue
[2024-04-26T00:26:03.755+0000] {logging_mixin.py:188} INFO - [2024-04-26T00:26:03.755+0000] {dagbag.py:540} INFO - Filling up the DagBag from /home/airflow/.local/lib/python3.12/site-packages/airflow/example_dags/example_branch_labels.py
[2024-04-26T00:26:03.760+0000] {processor.py:840} INFO - DAG(s) 'example_branch_labels' retrieved from /home/airflow/.local/lib/python3.12/site-packages/airflow/example_dags/example_branch_labels.py
[2024-04-26T00:26:03.775+0000] {logging_mixin.py:188} INFO - [2024-04-26T00:26:03.775+0000] {dag.py:3096} INFO - Sync 1 DAGs
[2024-04-26T00:26:03.790+0000] {logging_mixin.py:188} INFO - [2024-04-26T00:26:03.790+0000] {dag.py:3954} INFO - Setting next_dagrun for example_branch_labels to 2024-04-25 00:00:00+00:00, run_after=2024-04-26 00:00:00+00:00
[2024-04-26T00:26:03.802+0000] {processor.py:183} INFO - Processing /home/airflow/.local/lib/python3.12/site-packages/airflow/example_dags/example_branch_labels.py took 0.053 seconds
[2024-04-26T03:28:55.541+0000] {processor.py:161} INFO - Started process (PID=37402) to work on /home/airflow/.local/lib/python3.12/site-packages/airflow/example_dags/example_branch_labels.py
[2024-04-26T03:28:55.542+0000] {processor.py:830} INFO - Processing file /home/airflow/.local/lib/python3.12/site-packages/airflow/example_dags/example_branch_labels.py for tasks to queue
[2024-04-26T03:28:55.543+0000] {logging_mixin.py:188} INFO - [2024-04-26T03:28:55.543+0000] {dagbag.py:540} INFO - Filling up the DagBag from /home/airflow/.local/lib/python3.12/site-packages/airflow/example_dags/example_branch_labels.py
[2024-04-26T03:28:55.549+0000] {processor.py:840} INFO - DAG(s) 'example_branch_labels' retrieved from /home/airflow/.local/lib/python3.12/site-packages/airflow/example_dags/example_branch_labels.py
[2024-04-26T03:28:55.566+0000] {logging_mixin.py:188} INFO - [2024-04-26T03:28:55.566+0000] {dag.py:3096} INFO - Sync 1 DAGs
[2024-04-26T03:28:55.586+0000] {logging_mixin.py:188} INFO - [2024-04-26T03:28:55.586+0000] {dag.py:3954} INFO - Setting next_dagrun for example_branch_labels to 2024-04-25 00:00:00+00:00, run_after=2024-04-26 00:00:00+00:00
[2024-04-26T03:28:55.603+0000] {processor.py:183} INFO - Processing /home/airflow/.local/lib/python3.12/site-packages/airflow/example_dags/example_branch_labels.py took 0.066 seconds
[2024-04-26T06:31:50.278+0000] {processor.py:161} INFO - Started process (PID=37462) to work on /home/airflow/.local/lib/python3.12/site-packages/airflow/example_dags/example_branch_labels.py
[2024-04-26T06:31:50.278+0000] {processor.py:830} INFO - Processing file /home/airflow/.local/lib/python3.12/site-packages/airflow/example_dags/example_branch_labels.py for tasks to queue
[2024-04-26T06:31:50.279+0000] {logging_mixin.py:188} INFO - [2024-04-26T06:31:50.279+0000] {dagbag.py:540} INFO - Filling up the DagBag from /home/airflow/.local/lib/python3.12/site-packages/airflow/example_dags/example_branch_labels.py
[2024-04-26T06:31:50.285+0000] {processor.py:840} INFO - DAG(s) 'example_branch_labels' retrieved from /home/airflow/.local/lib/python3.12/site-packages/airflow/example_dags/example_branch_labels.py
[2024-04-26T06:31:50.304+0000] {logging_mixin.py:188} INFO - [2024-04-26T06:31:50.304+0000] {dag.py:3096} INFO - Sync 1 DAGs
[2024-04-26T06:31:50.322+0000] {logging_mixin.py:188} INFO - [2024-04-26T06:31:50.322+0000] {dag.py:3954} INFO - Setting next_dagrun for example_branch_labels to 2024-04-25 00:00:00+00:00, run_after=2024-04-26 00:00:00+00:00
[2024-04-26T06:31:50.340+0000] {processor.py:183} INFO - Processing /home/airflow/.local/lib/python3.12/site-packages/airflow/example_dags/example_branch_labels.py took 0.068 seconds
[2024-04-26T08:33:48.306+0000] {processor.py:161} INFO - Started process (PID=37522) to work on /home/airflow/.local/lib/python3.12/site-packages/airflow/example_dags/example_branch_labels.py
[2024-04-26T08:33:48.307+0000] {processor.py:830} INFO - Processing file /home/airflow/.local/lib/python3.12/site-packages/airflow/example_dags/example_branch_labels.py for tasks to queue
[2024-04-26T08:33:48.308+0000] {logging_mixin.py:188} INFO - [2024-04-26T08:33:48.308+0000] {dagbag.py:540} INFO - Filling up the DagBag from /home/airflow/.local/lib/python3.12/site-packages/airflow/example_dags/example_branch_labels.py
[2024-04-26T08:33:48.315+0000] {processor.py:840} INFO - DAG(s) 'example_branch_labels' retrieved from /home/airflow/.local/lib/python3.12/site-packages/airflow/example_dags/example_branch_labels.py
[2024-04-26T08:33:48.338+0000] {logging_mixin.py:188} INFO - [2024-04-26T08:33:48.338+0000] {dag.py:3096} INFO - Sync 1 DAGs
[2024-04-26T08:33:48.361+0000] {logging_mixin.py:188} INFO - [2024-04-26T08:33:48.361+0000] {dag.py:3954} INFO - Setting next_dagrun for example_branch_labels to 2024-04-25 00:00:00+00:00, run_after=2024-04-26 00:00:00+00:00
[2024-04-26T08:33:48.380+0000] {processor.py:183} INFO - Processing /home/airflow/.local/lib/python3.12/site-packages/airflow/example_dags/example_branch_labels.py took 0.079 seconds
[2024-04-26T09:34:44.814+0000] {processor.py:161} INFO - Started process (PID=37582) to work on /home/airflow/.local/lib/python3.12/site-packages/airflow/example_dags/example_branch_labels.py
[2024-04-26T09:34:44.815+0000] {processor.py:830} INFO - Processing file /home/airflow/.local/lib/python3.12/site-packages/airflow/example_dags/example_branch_labels.py for tasks to queue
[2024-04-26T09:34:44.815+0000] {logging_mixin.py:188} INFO - [2024-04-26T09:34:44.815+0000] {dagbag.py:540} INFO - Filling up the DagBag from /home/airflow/.local/lib/python3.12/site-packages/airflow/example_dags/example_branch_labels.py
[2024-04-26T09:34:44.821+0000] {processor.py:840} INFO - DAG(s) 'example_branch_labels' retrieved from /home/airflow/.local/lib/python3.12/site-packages/airflow/example_dags/example_branch_labels.py
[2024-04-26T09:34:44.837+0000] {logging_mixin.py:188} INFO - [2024-04-26T09:34:44.837+0000] {dag.py:3096} INFO - Sync 1 DAGs
[2024-04-26T09:34:44.853+0000] {logging_mixin.py:188} INFO - [2024-04-26T09:34:44.853+0000] {dag.py:3954} INFO - Setting next_dagrun for example_branch_labels to 2024-04-25 00:00:00+00:00, run_after=2024-04-26 00:00:00+00:00
[2024-04-26T09:34:44.864+0000] {processor.py:183} INFO - Processing /home/airflow/.local/lib/python3.12/site-packages/airflow/example_dags/example_branch_labels.py took 0.055 seconds
[2024-04-26T10:52:42.915+0000] {processor.py:161} INFO - Started process (PID=37642) to work on /home/airflow/.local/lib/python3.12/site-packages/airflow/example_dags/example_branch_labels.py
[2024-04-26T10:52:42.916+0000] {processor.py:830} INFO - Processing file /home/airflow/.local/lib/python3.12/site-packages/airflow/example_dags/example_branch_labels.py for tasks to queue
[2024-04-26T10:52:42.917+0000] {logging_mixin.py:188} INFO - [2024-04-26T10:52:42.916+0000] {dagbag.py:540} INFO - Filling up the DagBag from /home/airflow/.local/lib/python3.12/site-packages/airflow/example_dags/example_branch_labels.py
[2024-04-26T10:52:42.922+0000] {processor.py:840} INFO - DAG(s) 'example_branch_labels' retrieved from /home/airflow/.local/lib/python3.12/site-packages/airflow/example_dags/example_branch_labels.py
[2024-04-26T10:52:42.937+0000] {logging_mixin.py:188} INFO - [2024-04-26T10:52:42.937+0000] {dag.py:3096} INFO - Sync 1 DAGs
[2024-04-26T10:52:42.952+0000] {logging_mixin.py:188} INFO - [2024-04-26T10:52:42.952+0000] {dag.py:3954} INFO - Setting next_dagrun for example_branch_labels to 2024-04-25 00:00:00+00:00, run_after=2024-04-26 00:00:00+00:00
[2024-04-26T10:52:42.964+0000] {processor.py:183} INFO - Processing /home/airflow/.local/lib/python3.12/site-packages/airflow/example_dags/example_branch_labels.py took 0.053 seconds
[2024-04-26T14:39:15.954+0000] {processor.py:161} INFO - Started process (PID=37702) to work on /home/airflow/.local/lib/python3.12/site-packages/airflow/example_dags/example_branch_labels.py
[2024-04-26T14:39:15.955+0000] {processor.py:830} INFO - Processing file /home/airflow/.local/lib/python3.12/site-packages/airflow/example_dags/example_branch_labels.py for tasks to queue
[2024-04-26T14:39:15.956+0000] {logging_mixin.py:188} INFO - [2024-04-26T14:39:15.956+0000] {dagbag.py:540} INFO - Filling up the DagBag from /home/airflow/.local/lib/python3.12/site-packages/airflow/example_dags/example_branch_labels.py
[2024-04-26T14:39:15.961+0000] {processor.py:840} INFO - DAG(s) 'example_branch_labels' retrieved from /home/airflow/.local/lib/python3.12/site-packages/airflow/example_dags/example_branch_labels.py
[2024-04-26T14:39:15.977+0000] {logging_mixin.py:188} INFO - [2024-04-26T14:39:15.976+0000] {dag.py:3096} INFO - Sync 1 DAGs
[2024-04-26T14:39:15.992+0000] {logging_mixin.py:188} INFO - [2024-04-26T14:39:15.992+0000] {dag.py:3954} INFO - Setting next_dagrun for example_branch_labels to 2024-04-25 00:00:00+00:00, run_after=2024-04-26 00:00:00+00:00
[2024-04-26T14:39:16.004+0000] {processor.py:183} INFO - Processing /home/airflow/.local/lib/python3.12/site-packages/airflow/example_dags/example_branch_labels.py took 0.054 seconds
[2024-04-26T17:42:11.666+0000] {processor.py:161} INFO - Started process (PID=37762) to work on /home/airflow/.local/lib/python3.12/site-packages/airflow/example_dags/example_branch_labels.py
[2024-04-26T17:42:11.667+0000] {processor.py:830} INFO - Processing file /home/airflow/.local/lib/python3.12/site-packages/airflow/example_dags/example_branch_labels.py for tasks to queue
[2024-04-26T17:42:11.668+0000] {logging_mixin.py:188} INFO - [2024-04-26T17:42:11.668+0000] {dagbag.py:540} INFO - Filling up the DagBag from /home/airflow/.local/lib/python3.12/site-packages/airflow/example_dags/example_branch_labels.py
[2024-04-26T17:42:11.673+0000] {processor.py:840} INFO - DAG(s) 'example_branch_labels' retrieved from /home/airflow/.local/lib/python3.12/site-packages/airflow/example_dags/example_branch_labels.py
[2024-04-26T17:42:11.689+0000] {logging_mixin.py:188} INFO - [2024-04-26T17:42:11.689+0000] {dag.py:3096} INFO - Sync 1 DAGs
[2024-04-26T17:42:11.704+0000] {logging_mixin.py:188} INFO - [2024-04-26T17:42:11.703+0000] {dag.py:3954} INFO - Setting next_dagrun for example_branch_labels to 2024-04-25 00:00:00+00:00, run_after=2024-04-26 00:00:00+00:00
[2024-04-26T17:42:11.715+0000] {processor.py:183} INFO - Processing /home/airflow/.local/lib/python3.12/site-packages/airflow/example_dags/example_branch_labels.py took 0.052 seconds
[2024-04-26T20:44:59.909+0000] {processor.py:161} INFO - Started process (PID=37822) to work on /home/airflow/.local/lib/python3.12/site-packages/airflow/example_dags/example_branch_labels.py
[2024-04-26T20:44:59.910+0000] {processor.py:830} INFO - Processing file /home/airflow/.local/lib/python3.12/site-packages/airflow/example_dags/example_branch_labels.py for tasks to queue
[2024-04-26T20:44:59.910+0000] {logging_mixin.py:188} INFO - [2024-04-26T20:44:59.910+0000] {dagbag.py:540} INFO - Filling up the DagBag from /home/airflow/.local/lib/python3.12/site-packages/airflow/example_dags/example_branch_labels.py
[2024-04-26T20:44:59.916+0000] {processor.py:840} INFO - DAG(s) 'example_branch_labels' retrieved from /home/airflow/.local/lib/python3.12/site-packages/airflow/example_dags/example_branch_labels.py
[2024-04-26T20:44:59.931+0000] {logging_mixin.py:188} INFO - [2024-04-26T20:44:59.931+0000] {dag.py:3096} INFO - Sync 1 DAGs
[2024-04-26T20:44:59.946+0000] {logging_mixin.py:188} INFO - [2024-04-26T20:44:59.946+0000] {dag.py:3954} INFO - Setting next_dagrun for example_branch_labels to 2024-04-25 00:00:00+00:00, run_after=2024-04-26 00:00:00+00:00
[2024-04-26T20:44:59.958+0000] {processor.py:183} INFO - Processing /home/airflow/.local/lib/python3.12/site-packages/airflow/example_dags/example_branch_labels.py took 0.053 seconds
[2024-04-26T22:46:46.235+0000] {processor.py:161} INFO - Started process (PID=37882) to work on /home/airflow/.local/lib/python3.12/site-packages/airflow/example_dags/example_branch_labels.py
[2024-04-26T22:46:46.236+0000] {processor.py:830} INFO - Processing file /home/airflow/.local/lib/python3.12/site-packages/airflow/example_dags/example_branch_labels.py for tasks to queue
[2024-04-26T22:46:46.237+0000] {logging_mixin.py:188} INFO - [2024-04-26T22:46:46.236+0000] {dagbag.py:540} INFO - Filling up the DagBag from /home/airflow/.local/lib/python3.12/site-packages/airflow/example_dags/example_branch_labels.py
[2024-04-26T22:46:46.242+0000] {processor.py:840} INFO - DAG(s) 'example_branch_labels' retrieved from /home/airflow/.local/lib/python3.12/site-packages/airflow/example_dags/example_branch_labels.py
[2024-04-26T22:46:46.257+0000] {logging_mixin.py:188} INFO - [2024-04-26T22:46:46.257+0000] {dag.py:3096} INFO - Sync 1 DAGs
[2024-04-26T22:46:46.272+0000] {logging_mixin.py:188} INFO - [2024-04-26T22:46:46.272+0000] {dag.py:3954} INFO - Setting next_dagrun for example_branch_labels to 2024-04-25 00:00:00+00:00, run_after=2024-04-26 00:00:00+00:00
[2024-04-26T22:46:46.286+0000] {processor.py:183} INFO - Processing /home/airflow/.local/lib/python3.12/site-packages/airflow/example_dags/example_branch_labels.py took 0.055 seconds
