[2024-04-26T00:26:02.660+0000] {processor.py:161} INFO - Started process (PID=37317) to work on /home/airflow/.local/lib/python3.12/site-packages/airflow/example_dags/example_sensor_decorator.py
[2024-04-26T00:26:02.661+0000] {processor.py:830} INFO - Processing file /home/airflow/.local/lib/python3.12/site-packages/airflow/example_dags/example_sensor_decorator.py for tasks to queue
[2024-04-26T00:26:02.662+0000] {logging_mixin.py:188} INFO - [2024-04-26T00:26:02.661+0000] {dagbag.py:540} INFO - Filling up the DagBag from /home/airflow/.local/lib/python3.12/site-packages/airflow/example_dags/example_sensor_decorator.py
[2024-04-26T00:26:02.667+0000] {processor.py:840} INFO - DAG(s) 'example_sensor_decorator' retrieved from /home/airflow/.local/lib/python3.12/site-packages/airflow/example_dags/example_sensor_decorator.py
[2024-04-26T00:26:02.684+0000] {logging_mixin.py:188} INFO - [2024-04-26T00:26:02.684+0000] {dag.py:3096} INFO - Sync 1 DAGs
[2024-04-26T00:26:02.693+0000] {logging_mixin.py:188} INFO - [2024-04-26T00:26:02.693+0000] {dag.py:3954} INFO - Setting next_dagrun for example_sensor_decorator to None, run_after=None
[2024-04-26T00:26:02.708+0000] {processor.py:183} INFO - Processing /home/airflow/.local/lib/python3.12/site-packages/airflow/example_dags/example_sensor_decorator.py took 0.053 seconds
[2024-04-26T03:28:54.363+0000] {processor.py:161} INFO - Started process (PID=37377) to work on /home/airflow/.local/lib/python3.12/site-packages/airflow/example_dags/example_sensor_decorator.py
[2024-04-26T03:28:54.364+0000] {processor.py:830} INFO - Processing file /home/airflow/.local/lib/python3.12/site-packages/airflow/example_dags/example_sensor_decorator.py for tasks to queue
[2024-04-26T03:28:54.364+0000] {logging_mixin.py:188} INFO - [2024-04-26T03:28:54.364+0000] {dagbag.py:540} INFO - Filling up the DagBag from /home/airflow/.local/lib/python3.12/site-packages/airflow/example_dags/example_sensor_decorator.py
[2024-04-26T03:28:54.371+0000] {processor.py:840} INFO - DAG(s) 'example_sensor_decorator' retrieved from /home/airflow/.local/lib/python3.12/site-packages/airflow/example_dags/example_sensor_decorator.py
[2024-04-26T03:28:54.390+0000] {logging_mixin.py:188} INFO - [2024-04-26T03:28:54.389+0000] {dag.py:3096} INFO - Sync 1 DAGs
[2024-04-26T03:28:54.401+0000] {logging_mixin.py:188} INFO - [2024-04-26T03:28:54.401+0000] {dag.py:3954} INFO - Setting next_dagrun for example_sensor_decorator to None, run_after=None
[2024-04-26T03:28:54.417+0000] {processor.py:183} INFO - Processing /home/airflow/.local/lib/python3.12/site-packages/airflow/example_dags/example_sensor_decorator.py took 0.059 seconds
[2024-04-26T06:31:49.222+0000] {processor.py:161} INFO - Started process (PID=37437) to work on /home/airflow/.local/lib/python3.12/site-packages/airflow/example_dags/example_sensor_decorator.py
[2024-04-26T06:31:49.224+0000] {processor.py:830} INFO - Processing file /home/airflow/.local/lib/python3.12/site-packages/airflow/example_dags/example_sensor_decorator.py for tasks to queue
[2024-04-26T06:31:49.226+0000] {logging_mixin.py:188} INFO - [2024-04-26T06:31:49.226+0000] {dagbag.py:540} INFO - Filling up the DagBag from /home/airflow/.local/lib/python3.12/site-packages/airflow/example_dags/example_sensor_decorator.py
[2024-04-26T06:31:49.234+0000] {processor.py:840} INFO - DAG(s) 'example_sensor_decorator' retrieved from /home/airflow/.local/lib/python3.12/site-packages/airflow/example_dags/example_sensor_decorator.py
[2024-04-26T06:31:49.264+0000] {logging_mixin.py:188} INFO - [2024-04-26T06:31:49.263+0000] {dag.py:3096} INFO - Sync 1 DAGs
[2024-04-26T06:31:49.279+0000] {logging_mixin.py:188} INFO - [2024-04-26T06:31:49.279+0000] {dag.py:3954} INFO - Setting next_dagrun for example_sensor_decorator to None, run_after=None
[2024-04-26T06:31:49.301+0000] {processor.py:183} INFO - Processing /home/airflow/.local/lib/python3.12/site-packages/airflow/example_dags/example_sensor_decorator.py took 0.088 seconds
[2024-04-26T08:33:47.339+0000] {processor.py:161} INFO - Started process (PID=37497) to work on /home/airflow/.local/lib/python3.12/site-packages/airflow/example_dags/example_sensor_decorator.py
[2024-04-26T08:33:47.340+0000] {processor.py:830} INFO - Processing file /home/airflow/.local/lib/python3.12/site-packages/airflow/example_dags/example_sensor_decorator.py for tasks to queue
[2024-04-26T08:33:47.341+0000] {logging_mixin.py:188} INFO - [2024-04-26T08:33:47.340+0000] {dagbag.py:540} INFO - Filling up the DagBag from /home/airflow/.local/lib/python3.12/site-packages/airflow/example_dags/example_sensor_decorator.py
[2024-04-26T08:33:47.345+0000] {processor.py:840} INFO - DAG(s) 'example_sensor_decorator' retrieved from /home/airflow/.local/lib/python3.12/site-packages/airflow/example_dags/example_sensor_decorator.py
[2024-04-26T08:33:47.359+0000] {logging_mixin.py:188} INFO - [2024-04-26T08:33:47.359+0000] {dag.py:3096} INFO - Sync 1 DAGs
[2024-04-26T08:33:47.368+0000] {logging_mixin.py:188} INFO - [2024-04-26T08:33:47.367+0000] {dag.py:3954} INFO - Setting next_dagrun for example_sensor_decorator to None, run_after=None
[2024-04-26T08:33:47.379+0000] {processor.py:183} INFO - Processing /home/airflow/.local/lib/python3.12/site-packages/airflow/example_dags/example_sensor_decorator.py took 0.043 seconds
[2024-04-26T09:34:43.843+0000] {processor.py:161} INFO - Started process (PID=37557) to work on /home/airflow/.local/lib/python3.12/site-packages/airflow/example_dags/example_sensor_decorator.py
[2024-04-26T09:34:43.844+0000] {processor.py:830} INFO - Processing file /home/airflow/.local/lib/python3.12/site-packages/airflow/example_dags/example_sensor_decorator.py for tasks to queue
[2024-04-26T09:34:43.845+0000] {logging_mixin.py:188} INFO - [2024-04-26T09:34:43.844+0000] {dagbag.py:540} INFO - Filling up the DagBag from /home/airflow/.local/lib/python3.12/site-packages/airflow/example_dags/example_sensor_decorator.py
[2024-04-26T09:34:43.849+0000] {processor.py:840} INFO - DAG(s) 'example_sensor_decorator' retrieved from /home/airflow/.local/lib/python3.12/site-packages/airflow/example_dags/example_sensor_decorator.py
[2024-04-26T09:34:43.863+0000] {logging_mixin.py:188} INFO - [2024-04-26T09:34:43.863+0000] {dag.py:3096} INFO - Sync 1 DAGs
[2024-04-26T09:34:43.872+0000] {logging_mixin.py:188} INFO - [2024-04-26T09:34:43.872+0000] {dag.py:3954} INFO - Setting next_dagrun for example_sensor_decorator to None, run_after=None
[2024-04-26T09:34:43.885+0000] {processor.py:183} INFO - Processing /home/airflow/.local/lib/python3.12/site-packages/airflow/example_dags/example_sensor_decorator.py took 0.046 seconds
[2024-04-26T10:52:42.041+0000] {processor.py:161} INFO - Started process (PID=37617) to work on /home/airflow/.local/lib/python3.12/site-packages/airflow/example_dags/example_sensor_decorator.py
[2024-04-26T10:52:42.042+0000] {processor.py:830} INFO - Processing file /home/airflow/.local/lib/python3.12/site-packages/airflow/example_dags/example_sensor_decorator.py for tasks to queue
[2024-04-26T10:52:42.043+0000] {logging_mixin.py:188} INFO - [2024-04-26T10:52:42.042+0000] {dagbag.py:540} INFO - Filling up the DagBag from /home/airflow/.local/lib/python3.12/site-packages/airflow/example_dags/example_sensor_decorator.py
[2024-04-26T10:52:42.048+0000] {processor.py:840} INFO - DAG(s) 'example_sensor_decorator' retrieved from /home/airflow/.local/lib/python3.12/site-packages/airflow/example_dags/example_sensor_decorator.py
[2024-04-26T10:52:42.063+0000] {logging_mixin.py:188} INFO - [2024-04-26T10:52:42.063+0000] {dag.py:3096} INFO - Sync 1 DAGs
[2024-04-26T10:52:42.072+0000] {logging_mixin.py:188} INFO - [2024-04-26T10:52:42.071+0000] {dag.py:3954} INFO - Setting next_dagrun for example_sensor_decorator to None, run_after=None
[2024-04-26T10:52:42.088+0000] {processor.py:183} INFO - Processing /home/airflow/.local/lib/python3.12/site-packages/airflow/example_dags/example_sensor_decorator.py took 0.051 seconds
[2024-04-26T14:39:14.838+0000] {processor.py:161} INFO - Started process (PID=37677) to work on /home/airflow/.local/lib/python3.12/site-packages/airflow/example_dags/example_sensor_decorator.py
[2024-04-26T14:39:14.839+0000] {processor.py:830} INFO - Processing file /home/airflow/.local/lib/python3.12/site-packages/airflow/example_dags/example_sensor_decorator.py for tasks to queue
[2024-04-26T14:39:14.845+0000] {logging_mixin.py:188} INFO - [2024-04-26T14:39:14.841+0000] {dagbag.py:540} INFO - Filling up the DagBag from /home/airflow/.local/lib/python3.12/site-packages/airflow/example_dags/example_sensor_decorator.py
[2024-04-26T14:39:14.853+0000] {processor.py:840} INFO - DAG(s) 'example_sensor_decorator' retrieved from /home/airflow/.local/lib/python3.12/site-packages/airflow/example_dags/example_sensor_decorator.py
[2024-04-26T14:39:14.885+0000] {logging_mixin.py:188} INFO - [2024-04-26T14:39:14.885+0000] {dag.py:3096} INFO - Sync 1 DAGs
[2024-04-26T14:39:14.900+0000] {logging_mixin.py:188} INFO - [2024-04-26T14:39:14.900+0000] {dag.py:3954} INFO - Setting next_dagrun for example_sensor_decorator to None, run_after=None
[2024-04-26T14:39:14.934+0000] {processor.py:183} INFO - Processing /home/airflow/.local/lib/python3.12/site-packages/airflow/example_dags/example_sensor_decorator.py took 0.105 seconds
[2024-04-26T17:42:10.597+0000] {processor.py:161} INFO - Started process (PID=37737) to work on /home/airflow/.local/lib/python3.12/site-packages/airflow/example_dags/example_sensor_decorator.py
[2024-04-26T17:42:10.597+0000] {processor.py:830} INFO - Processing file /home/airflow/.local/lib/python3.12/site-packages/airflow/example_dags/example_sensor_decorator.py for tasks to queue
[2024-04-26T17:42:10.598+0000] {logging_mixin.py:188} INFO - [2024-04-26T17:42:10.598+0000] {dagbag.py:540} INFO - Filling up the DagBag from /home/airflow/.local/lib/python3.12/site-packages/airflow/example_dags/example_sensor_decorator.py
[2024-04-26T17:42:10.603+0000] {processor.py:840} INFO - DAG(s) 'example_sensor_decorator' retrieved from /home/airflow/.local/lib/python3.12/site-packages/airflow/example_dags/example_sensor_decorator.py
[2024-04-26T17:42:10.617+0000] {logging_mixin.py:188} INFO - [2024-04-26T17:42:10.617+0000] {dag.py:3096} INFO - Sync 1 DAGs
[2024-04-26T17:42:10.626+0000] {logging_mixin.py:188} INFO - [2024-04-26T17:42:10.625+0000] {dag.py:3954} INFO - Setting next_dagrun for example_sensor_decorator to None, run_after=None
[2024-04-26T17:42:10.639+0000] {processor.py:183} INFO - Processing /home/airflow/.local/lib/python3.12/site-packages/airflow/example_dags/example_sensor_decorator.py took 0.046 seconds
[2024-04-26T20:44:58.988+0000] {processor.py:161} INFO - Started process (PID=37797) to work on /home/airflow/.local/lib/python3.12/site-packages/airflow/example_dags/example_sensor_decorator.py
[2024-04-26T20:44:58.989+0000] {processor.py:830} INFO - Processing file /home/airflow/.local/lib/python3.12/site-packages/airflow/example_dags/example_sensor_decorator.py for tasks to queue
[2024-04-26T20:44:58.990+0000] {logging_mixin.py:188} INFO - [2024-04-26T20:44:58.989+0000] {dagbag.py:540} INFO - Filling up the DagBag from /home/airflow/.local/lib/python3.12/site-packages/airflow/example_dags/example_sensor_decorator.py
[2024-04-26T20:44:58.994+0000] {processor.py:840} INFO - DAG(s) 'example_sensor_decorator' retrieved from /home/airflow/.local/lib/python3.12/site-packages/airflow/example_dags/example_sensor_decorator.py
[2024-04-26T20:44:59.009+0000] {logging_mixin.py:188} INFO - [2024-04-26T20:44:59.008+0000] {dag.py:3096} INFO - Sync 1 DAGs
[2024-04-26T20:44:59.017+0000] {logging_mixin.py:188} INFO - [2024-04-26T20:44:59.017+0000] {dag.py:3954} INFO - Setting next_dagrun for example_sensor_decorator to None, run_after=None
[2024-04-26T20:44:59.029+0000] {processor.py:183} INFO - Processing /home/airflow/.local/lib/python3.12/site-packages/airflow/example_dags/example_sensor_decorator.py took 0.045 seconds
[2024-04-26T22:46:45.224+0000] {processor.py:161} INFO - Started process (PID=37857) to work on /home/airflow/.local/lib/python3.12/site-packages/airflow/example_dags/example_sensor_decorator.py
[2024-04-26T22:46:45.226+0000] {processor.py:830} INFO - Processing file /home/airflow/.local/lib/python3.12/site-packages/airflow/example_dags/example_sensor_decorator.py for tasks to queue
[2024-04-26T22:46:45.227+0000] {logging_mixin.py:188} INFO - [2024-04-26T22:46:45.226+0000] {dagbag.py:540} INFO - Filling up the DagBag from /home/airflow/.local/lib/python3.12/site-packages/airflow/example_dags/example_sensor_decorator.py
[2024-04-26T22:46:45.234+0000] {processor.py:840} INFO - DAG(s) 'example_sensor_decorator' retrieved from /home/airflow/.local/lib/python3.12/site-packages/airflow/example_dags/example_sensor_decorator.py
[2024-04-26T22:46:45.257+0000] {logging_mixin.py:188} INFO - [2024-04-26T22:46:45.256+0000] {dag.py:3096} INFO - Sync 1 DAGs
[2024-04-26T22:46:45.272+0000] {logging_mixin.py:188} INFO - [2024-04-26T22:46:45.271+0000] {dag.py:3954} INFO - Setting next_dagrun for example_sensor_decorator to None, run_after=None
[2024-04-26T22:46:45.295+0000] {processor.py:183} INFO - Processing /home/airflow/.local/lib/python3.12/site-packages/airflow/example_dags/example_sensor_decorator.py took 0.078 seconds
