[2024-04-26T00:26:03.427+0000] {processor.py:161} INFO - Started process (PID=37334) to work on /home/airflow/.local/lib/python3.12/site-packages/airflow/example_dags/example_datasets.py
[2024-04-26T00:26:03.429+0000] {processor.py:830} INFO - Processing file /home/airflow/.local/lib/python3.12/site-packages/airflow/example_dags/example_datasets.py for tasks to queue
[2024-04-26T00:26:03.430+0000] {logging_mixin.py:188} INFO - [2024-04-26T00:26:03.430+0000] {dagbag.py:540} INFO - Filling up the DagBag from /home/airflow/.local/lib/python3.12/site-packages/airflow/example_dags/example_datasets.py
[2024-04-26T00:26:03.447+0000] {processor.py:840} INFO - DAG(s) 'dataset_consumes_1_and_2', 'consume_1_or_both_2_and_3_with_dataset_expressions', 'dataset_produces_2', 'conditional_dataset_and_time_based_timetable', 'dataset_consumes_1_never_scheduled', 'consume_1_or_2_with_dataset_expressions', 'dataset_consumes_unknown_never_scheduled', 'dataset_produces_1', 'consume_1_and_2_with_dataset_expressions', 'dataset_consumes_1' retrieved from /home/airflow/.local/lib/python3.12/site-packages/airflow/example_dags/example_datasets.py
[2024-04-26T00:26:03.488+0000] {logging_mixin.py:188} INFO - [2024-04-26T00:26:03.487+0000] {dag.py:3096} INFO - Sync 10 DAGs
[2024-04-26T00:26:03.508+0000] {logging_mixin.py:188} INFO - [2024-04-26T00:26:03.508+0000] {dag.py:3954} INFO - Setting next_dagrun for conditional_dataset_and_time_based_timetable to 2024-04-24 01:00:00+00:00, run_after=2024-04-24 01:00:00+00:00
[2024-04-26T00:26:03.511+0000] {logging_mixin.py:188} INFO - [2024-04-26T00:26:03.511+0000] {dag.py:3954} INFO - Setting next_dagrun for consume_1_and_2_with_dataset_expressions to None, run_after=None
[2024-04-26T00:26:03.513+0000] {logging_mixin.py:188} INFO - [2024-04-26T00:26:03.512+0000] {dag.py:3954} INFO - Setting next_dagrun for consume_1_or_2_with_dataset_expressions to None, run_after=None
[2024-04-26T00:26:03.514+0000] {logging_mixin.py:188} INFO - [2024-04-26T00:26:03.514+0000] {dag.py:3954} INFO - Setting next_dagrun for consume_1_or_both_2_and_3_with_dataset_expressions to None, run_after=None
[2024-04-26T00:26:03.515+0000] {logging_mixin.py:188} INFO - [2024-04-26T00:26:03.515+0000] {dag.py:3954} INFO - Setting next_dagrun for dataset_consumes_1 to None, run_after=None
[2024-04-26T00:26:03.517+0000] {logging_mixin.py:188} INFO - [2024-04-26T00:26:03.516+0000] {dag.py:3954} INFO - Setting next_dagrun for dataset_consumes_1_and_2 to None, run_after=None
[2024-04-26T00:26:03.518+0000] {logging_mixin.py:188} INFO - [2024-04-26T00:26:03.518+0000] {dag.py:3954} INFO - Setting next_dagrun for dataset_consumes_1_never_scheduled to None, run_after=None
[2024-04-26T00:26:03.519+0000] {logging_mixin.py:188} INFO - [2024-04-26T00:26:03.519+0000] {dag.py:3954} INFO - Setting next_dagrun for dataset_consumes_unknown_never_scheduled to None, run_after=None
[2024-04-26T00:26:03.521+0000] {logging_mixin.py:188} INFO - [2024-04-26T00:26:03.521+0000] {dag.py:3954} INFO - Setting next_dagrun for dataset_produces_1 to 2024-04-25 00:00:00+00:00, run_after=2024-04-26 00:00:00+00:00
[2024-04-26T00:26:03.522+0000] {logging_mixin.py:188} INFO - [2024-04-26T00:26:03.522+0000] {dag.py:3954} INFO - Setting next_dagrun for dataset_produces_2 to None, run_after=None
[2024-04-26T00:26:03.564+0000] {processor.py:183} INFO - Processing /home/airflow/.local/lib/python3.12/site-packages/airflow/example_dags/example_datasets.py took 0.143 seconds
[2024-04-26T03:28:55.133+0000] {processor.py:161} INFO - Started process (PID=37394) to work on /home/airflow/.local/lib/python3.12/site-packages/airflow/example_dags/example_datasets.py
[2024-04-26T03:28:55.134+0000] {processor.py:830} INFO - Processing file /home/airflow/.local/lib/python3.12/site-packages/airflow/example_dags/example_datasets.py for tasks to queue
[2024-04-26T03:28:55.135+0000] {logging_mixin.py:188} INFO - [2024-04-26T03:28:55.135+0000] {dagbag.py:540} INFO - Filling up the DagBag from /home/airflow/.local/lib/python3.12/site-packages/airflow/example_dags/example_datasets.py
[2024-04-26T03:28:55.149+0000] {processor.py:840} INFO - DAG(s) 'consume_1_and_2_with_dataset_expressions', 'dataset_produces_2', 'dataset_consumes_unknown_never_scheduled', 'dataset_consumes_1_and_2', 'dataset_produces_1', 'dataset_consumes_1_never_scheduled', 'conditional_dataset_and_time_based_timetable', 'consume_1_or_both_2_and_3_with_dataset_expressions', 'dataset_consumes_1', 'consume_1_or_2_with_dataset_expressions' retrieved from /home/airflow/.local/lib/python3.12/site-packages/airflow/example_dags/example_datasets.py
[2024-04-26T03:28:55.195+0000] {logging_mixin.py:188} INFO - [2024-04-26T03:28:55.195+0000] {dag.py:3096} INFO - Sync 10 DAGs
[2024-04-26T03:28:55.217+0000] {logging_mixin.py:188} INFO - [2024-04-26T03:28:55.217+0000] {dag.py:3954} INFO - Setting next_dagrun for conditional_dataset_and_time_based_timetable to 2024-04-24 01:00:00+00:00, run_after=2024-04-24 01:00:00+00:00
[2024-04-26T03:28:55.221+0000] {logging_mixin.py:188} INFO - [2024-04-26T03:28:55.220+0000] {dag.py:3954} INFO - Setting next_dagrun for consume_1_and_2_with_dataset_expressions to None, run_after=None
[2024-04-26T03:28:55.222+0000] {logging_mixin.py:188} INFO - [2024-04-26T03:28:55.222+0000] {dag.py:3954} INFO - Setting next_dagrun for consume_1_or_2_with_dataset_expressions to None, run_after=None
[2024-04-26T03:28:55.223+0000] {logging_mixin.py:188} INFO - [2024-04-26T03:28:55.223+0000] {dag.py:3954} INFO - Setting next_dagrun for consume_1_or_both_2_and_3_with_dataset_expressions to None, run_after=None
[2024-04-26T03:28:55.225+0000] {logging_mixin.py:188} INFO - [2024-04-26T03:28:55.224+0000] {dag.py:3954} INFO - Setting next_dagrun for dataset_consumes_1 to None, run_after=None
[2024-04-26T03:28:55.226+0000] {logging_mixin.py:188} INFO - [2024-04-26T03:28:55.226+0000] {dag.py:3954} INFO - Setting next_dagrun for dataset_consumes_1_and_2 to None, run_after=None
[2024-04-26T03:28:55.228+0000] {logging_mixin.py:188} INFO - [2024-04-26T03:28:55.227+0000] {dag.py:3954} INFO - Setting next_dagrun for dataset_consumes_1_never_scheduled to None, run_after=None
[2024-04-26T03:28:55.229+0000] {logging_mixin.py:188} INFO - [2024-04-26T03:28:55.229+0000] {dag.py:3954} INFO - Setting next_dagrun for dataset_consumes_unknown_never_scheduled to None, run_after=None
[2024-04-26T03:28:55.231+0000] {logging_mixin.py:188} INFO - [2024-04-26T03:28:55.231+0000] {dag.py:3954} INFO - Setting next_dagrun for dataset_produces_1 to 2024-04-25 00:00:00+00:00, run_after=2024-04-26 00:00:00+00:00
[2024-04-26T03:28:55.232+0000] {logging_mixin.py:188} INFO - [2024-04-26T03:28:55.232+0000] {dag.py:3954} INFO - Setting next_dagrun for dataset_produces_2 to None, run_after=None
[2024-04-26T03:28:55.256+0000] {processor.py:183} INFO - Processing /home/airflow/.local/lib/python3.12/site-packages/airflow/example_dags/example_datasets.py took 0.128 seconds
[2024-04-26T06:31:49.927+0000] {processor.py:161} INFO - Started process (PID=37454) to work on /home/airflow/.local/lib/python3.12/site-packages/airflow/example_dags/example_datasets.py
[2024-04-26T06:31:49.928+0000] {processor.py:830} INFO - Processing file /home/airflow/.local/lib/python3.12/site-packages/airflow/example_dags/example_datasets.py for tasks to queue
[2024-04-26T06:31:49.929+0000] {logging_mixin.py:188} INFO - [2024-04-26T06:31:49.928+0000] {dagbag.py:540} INFO - Filling up the DagBag from /home/airflow/.local/lib/python3.12/site-packages/airflow/example_dags/example_datasets.py
[2024-04-26T06:31:49.940+0000] {processor.py:840} INFO - DAG(s) 'dataset_consumes_unknown_never_scheduled', 'dataset_produces_2', 'dataset_produces_1', 'consume_1_or_2_with_dataset_expressions', 'consume_1_or_both_2_and_3_with_dataset_expressions', 'dataset_consumes_1_never_scheduled', 'consume_1_and_2_with_dataset_expressions', 'conditional_dataset_and_time_based_timetable', 'dataset_consumes_1_and_2', 'dataset_consumes_1' retrieved from /home/airflow/.local/lib/python3.12/site-packages/airflow/example_dags/example_datasets.py
[2024-04-26T06:31:49.970+0000] {logging_mixin.py:188} INFO - [2024-04-26T06:31:49.970+0000] {dag.py:3096} INFO - Sync 10 DAGs
[2024-04-26T06:31:49.986+0000] {logging_mixin.py:188} INFO - [2024-04-26T06:31:49.986+0000] {dag.py:3954} INFO - Setting next_dagrun for conditional_dataset_and_time_based_timetable to 2024-04-24 01:00:00+00:00, run_after=2024-04-24 01:00:00+00:00
[2024-04-26T06:31:49.989+0000] {logging_mixin.py:188} INFO - [2024-04-26T06:31:49.988+0000] {dag.py:3954} INFO - Setting next_dagrun for consume_1_and_2_with_dataset_expressions to None, run_after=None
[2024-04-26T06:31:49.989+0000] {logging_mixin.py:188} INFO - [2024-04-26T06:31:49.989+0000] {dag.py:3954} INFO - Setting next_dagrun for consume_1_or_2_with_dataset_expressions to None, run_after=None
[2024-04-26T06:31:49.990+0000] {logging_mixin.py:188} INFO - [2024-04-26T06:31:49.990+0000] {dag.py:3954} INFO - Setting next_dagrun for consume_1_or_both_2_and_3_with_dataset_expressions to None, run_after=None
[2024-04-26T06:31:49.991+0000] {logging_mixin.py:188} INFO - [2024-04-26T06:31:49.991+0000] {dag.py:3954} INFO - Setting next_dagrun for dataset_consumes_1 to None, run_after=None
[2024-04-26T06:31:49.994+0000] {logging_mixin.py:188} INFO - [2024-04-26T06:31:49.994+0000] {dag.py:3954} INFO - Setting next_dagrun for dataset_consumes_1_and_2 to None, run_after=None
[2024-04-26T06:31:49.995+0000] {logging_mixin.py:188} INFO - [2024-04-26T06:31:49.995+0000] {dag.py:3954} INFO - Setting next_dagrun for dataset_consumes_1_never_scheduled to None, run_after=None
[2024-04-26T06:31:49.997+0000] {logging_mixin.py:188} INFO - [2024-04-26T06:31:49.996+0000] {dag.py:3954} INFO - Setting next_dagrun for dataset_consumes_unknown_never_scheduled to None, run_after=None
[2024-04-26T06:31:49.998+0000] {logging_mixin.py:188} INFO - [2024-04-26T06:31:49.998+0000] {dag.py:3954} INFO - Setting next_dagrun for dataset_produces_1 to 2024-04-25 00:00:00+00:00, run_after=2024-04-26 00:00:00+00:00
[2024-04-26T06:31:49.999+0000] {logging_mixin.py:188} INFO - [2024-04-26T06:31:49.999+0000] {dag.py:3954} INFO - Setting next_dagrun for dataset_produces_2 to None, run_after=None
[2024-04-26T06:31:50.020+0000] {processor.py:183} INFO - Processing /home/airflow/.local/lib/python3.12/site-packages/airflow/example_dags/example_datasets.py took 0.098 seconds
[2024-04-26T08:33:47.972+0000] {processor.py:161} INFO - Started process (PID=37514) to work on /home/airflow/.local/lib/python3.12/site-packages/airflow/example_dags/example_datasets.py
[2024-04-26T08:33:47.973+0000] {processor.py:830} INFO - Processing file /home/airflow/.local/lib/python3.12/site-packages/airflow/example_dags/example_datasets.py for tasks to queue
[2024-04-26T08:33:47.973+0000] {logging_mixin.py:188} INFO - [2024-04-26T08:33:47.973+0000] {dagbag.py:540} INFO - Filling up the DagBag from /home/airflow/.local/lib/python3.12/site-packages/airflow/example_dags/example_datasets.py
[2024-04-26T08:33:47.986+0000] {processor.py:840} INFO - DAG(s) 'consume_1_or_2_with_dataset_expressions', 'dataset_produces_1', 'dataset_consumes_1', 'consume_1_and_2_with_dataset_expressions', 'dataset_produces_2', 'conditional_dataset_and_time_based_timetable', 'dataset_consumes_1_never_scheduled', 'consume_1_or_both_2_and_3_with_dataset_expressions', 'dataset_consumes_unknown_never_scheduled', 'dataset_consumes_1_and_2' retrieved from /home/airflow/.local/lib/python3.12/site-packages/airflow/example_dags/example_datasets.py
[2024-04-26T08:33:48.021+0000] {logging_mixin.py:188} INFO - [2024-04-26T08:33:48.020+0000] {dag.py:3096} INFO - Sync 10 DAGs
[2024-04-26T08:33:48.039+0000] {logging_mixin.py:188} INFO - [2024-04-26T08:33:48.039+0000] {dag.py:3954} INFO - Setting next_dagrun for conditional_dataset_and_time_based_timetable to 2024-04-24 01:00:00+00:00, run_after=2024-04-24 01:00:00+00:00
[2024-04-26T08:33:48.042+0000] {logging_mixin.py:188} INFO - [2024-04-26T08:33:48.042+0000] {dag.py:3954} INFO - Setting next_dagrun for consume_1_and_2_with_dataset_expressions to None, run_after=None
[2024-04-26T08:33:48.044+0000] {logging_mixin.py:188} INFO - [2024-04-26T08:33:48.044+0000] {dag.py:3954} INFO - Setting next_dagrun for consume_1_or_2_with_dataset_expressions to None, run_after=None
[2024-04-26T08:33:48.045+0000] {logging_mixin.py:188} INFO - [2024-04-26T08:33:48.045+0000] {dag.py:3954} INFO - Setting next_dagrun for consume_1_or_both_2_and_3_with_dataset_expressions to None, run_after=None
[2024-04-26T08:33:48.046+0000] {logging_mixin.py:188} INFO - [2024-04-26T08:33:48.046+0000] {dag.py:3954} INFO - Setting next_dagrun for dataset_consumes_1 to None, run_after=None
[2024-04-26T08:33:48.047+0000] {logging_mixin.py:188} INFO - [2024-04-26T08:33:48.047+0000] {dag.py:3954} INFO - Setting next_dagrun for dataset_consumes_1_and_2 to None, run_after=None
[2024-04-26T08:33:48.048+0000] {logging_mixin.py:188} INFO - [2024-04-26T08:33:48.048+0000] {dag.py:3954} INFO - Setting next_dagrun for dataset_consumes_1_never_scheduled to None, run_after=None
[2024-04-26T08:33:48.050+0000] {logging_mixin.py:188} INFO - [2024-04-26T08:33:48.050+0000] {dag.py:3954} INFO - Setting next_dagrun for dataset_consumes_unknown_never_scheduled to None, run_after=None
[2024-04-26T08:33:48.054+0000] {logging_mixin.py:188} INFO - [2024-04-26T08:33:48.054+0000] {dag.py:3954} INFO - Setting next_dagrun for dataset_produces_1 to 2024-04-25 00:00:00+00:00, run_after=2024-04-26 00:00:00+00:00
[2024-04-26T08:33:48.057+0000] {logging_mixin.py:188} INFO - [2024-04-26T08:33:48.057+0000] {dag.py:3954} INFO - Setting next_dagrun for dataset_produces_2 to None, run_after=None
[2024-04-26T08:33:48.092+0000] {processor.py:183} INFO - Processing /home/airflow/.local/lib/python3.12/site-packages/airflow/example_dags/example_datasets.py took 0.125 seconds
[2024-04-26T09:34:44.450+0000] {processor.py:161} INFO - Started process (PID=37574) to work on /home/airflow/.local/lib/python3.12/site-packages/airflow/example_dags/example_datasets.py
[2024-04-26T09:34:44.451+0000] {processor.py:830} INFO - Processing file /home/airflow/.local/lib/python3.12/site-packages/airflow/example_dags/example_datasets.py for tasks to queue
[2024-04-26T09:34:44.451+0000] {logging_mixin.py:188} INFO - [2024-04-26T09:34:44.451+0000] {dagbag.py:540} INFO - Filling up the DagBag from /home/airflow/.local/lib/python3.12/site-packages/airflow/example_dags/example_datasets.py
[2024-04-26T09:34:44.462+0000] {processor.py:840} INFO - DAG(s) 'dataset_consumes_1_never_scheduled', 'dataset_consumes_unknown_never_scheduled', 'dataset_consumes_1_and_2', 'conditional_dataset_and_time_based_timetable', 'dataset_produces_1', 'consume_1_or_2_with_dataset_expressions', 'consume_1_or_both_2_and_3_with_dataset_expressions', 'consume_1_and_2_with_dataset_expressions', 'dataset_consumes_1', 'dataset_produces_2' retrieved from /home/airflow/.local/lib/python3.12/site-packages/airflow/example_dags/example_datasets.py
[2024-04-26T09:34:44.490+0000] {logging_mixin.py:188} INFO - [2024-04-26T09:34:44.490+0000] {dag.py:3096} INFO - Sync 10 DAGs
[2024-04-26T09:34:44.506+0000] {logging_mixin.py:188} INFO - [2024-04-26T09:34:44.506+0000] {dag.py:3954} INFO - Setting next_dagrun for conditional_dataset_and_time_based_timetable to 2024-04-24 01:00:00+00:00, run_after=2024-04-24 01:00:00+00:00
[2024-04-26T09:34:44.508+0000] {logging_mixin.py:188} INFO - [2024-04-26T09:34:44.508+0000] {dag.py:3954} INFO - Setting next_dagrun for consume_1_and_2_with_dataset_expressions to None, run_after=None
[2024-04-26T09:34:44.509+0000] {logging_mixin.py:188} INFO - [2024-04-26T09:34:44.509+0000] {dag.py:3954} INFO - Setting next_dagrun for consume_1_or_2_with_dataset_expressions to None, run_after=None
[2024-04-26T09:34:44.510+0000] {logging_mixin.py:188} INFO - [2024-04-26T09:34:44.510+0000] {dag.py:3954} INFO - Setting next_dagrun for consume_1_or_both_2_and_3_with_dataset_expressions to None, run_after=None
[2024-04-26T09:34:44.511+0000] {logging_mixin.py:188} INFO - [2024-04-26T09:34:44.511+0000] {dag.py:3954} INFO - Setting next_dagrun for dataset_consumes_1 to None, run_after=None
[2024-04-26T09:34:44.512+0000] {logging_mixin.py:188} INFO - [2024-04-26T09:34:44.512+0000] {dag.py:3954} INFO - Setting next_dagrun for dataset_consumes_1_and_2 to None, run_after=None
[2024-04-26T09:34:44.513+0000] {logging_mixin.py:188} INFO - [2024-04-26T09:34:44.513+0000] {dag.py:3954} INFO - Setting next_dagrun for dataset_consumes_1_never_scheduled to None, run_after=None
[2024-04-26T09:34:44.514+0000] {logging_mixin.py:188} INFO - [2024-04-26T09:34:44.513+0000] {dag.py:3954} INFO - Setting next_dagrun for dataset_consumes_unknown_never_scheduled to None, run_after=None
[2024-04-26T09:34:44.515+0000] {logging_mixin.py:188} INFO - [2024-04-26T09:34:44.515+0000] {dag.py:3954} INFO - Setting next_dagrun for dataset_produces_1 to 2024-04-25 00:00:00+00:00, run_after=2024-04-26 00:00:00+00:00
[2024-04-26T09:34:44.516+0000] {logging_mixin.py:188} INFO - [2024-04-26T09:34:44.516+0000] {dag.py:3954} INFO - Setting next_dagrun for dataset_produces_2 to None, run_after=None
[2024-04-26T09:34:44.536+0000] {processor.py:183} INFO - Processing /home/airflow/.local/lib/python3.12/site-packages/airflow/example_dags/example_datasets.py took 0.090 seconds
[2024-04-26T10:52:42.648+0000] {processor.py:161} INFO - Started process (PID=37634) to work on /home/airflow/.local/lib/python3.12/site-packages/airflow/example_dags/example_datasets.py
[2024-04-26T10:52:42.649+0000] {processor.py:830} INFO - Processing file /home/airflow/.local/lib/python3.12/site-packages/airflow/example_dags/example_datasets.py for tasks to queue
[2024-04-26T10:52:42.649+0000] {logging_mixin.py:188} INFO - [2024-04-26T10:52:42.649+0000] {dagbag.py:540} INFO - Filling up the DagBag from /home/airflow/.local/lib/python3.12/site-packages/airflow/example_dags/example_datasets.py
[2024-04-26T10:52:42.660+0000] {processor.py:840} INFO - DAG(s) 'dataset_consumes_1', 'dataset_consumes_1_never_scheduled', 'dataset_produces_2', 'consume_1_and_2_with_dataset_expressions', 'dataset_consumes_1_and_2', 'conditional_dataset_and_time_based_timetable', 'dataset_produces_1', 'consume_1_or_both_2_and_3_with_dataset_expressions', 'consume_1_or_2_with_dataset_expressions', 'dataset_consumes_unknown_never_scheduled' retrieved from /home/airflow/.local/lib/python3.12/site-packages/airflow/example_dags/example_datasets.py
[2024-04-26T10:52:42.691+0000] {logging_mixin.py:188} INFO - [2024-04-26T10:52:42.691+0000] {dag.py:3096} INFO - Sync 10 DAGs
[2024-04-26T10:52:42.708+0000] {logging_mixin.py:188} INFO - [2024-04-26T10:52:42.707+0000] {dag.py:3954} INFO - Setting next_dagrun for conditional_dataset_and_time_based_timetable to 2024-04-24 01:00:00+00:00, run_after=2024-04-24 01:00:00+00:00
[2024-04-26T10:52:42.710+0000] {logging_mixin.py:188} INFO - [2024-04-26T10:52:42.710+0000] {dag.py:3954} INFO - Setting next_dagrun for consume_1_and_2_with_dataset_expressions to None, run_after=None
[2024-04-26T10:52:42.711+0000] {logging_mixin.py:188} INFO - [2024-04-26T10:52:42.711+0000] {dag.py:3954} INFO - Setting next_dagrun for consume_1_or_2_with_dataset_expressions to None, run_after=None
[2024-04-26T10:52:42.712+0000] {logging_mixin.py:188} INFO - [2024-04-26T10:52:42.712+0000] {dag.py:3954} INFO - Setting next_dagrun for consume_1_or_both_2_and_3_with_dataset_expressions to None, run_after=None
[2024-04-26T10:52:42.713+0000] {logging_mixin.py:188} INFO - [2024-04-26T10:52:42.713+0000] {dag.py:3954} INFO - Setting next_dagrun for dataset_consumes_1 to None, run_after=None
[2024-04-26T10:52:42.714+0000] {logging_mixin.py:188} INFO - [2024-04-26T10:52:42.714+0000] {dag.py:3954} INFO - Setting next_dagrun for dataset_consumes_1_and_2 to None, run_after=None
[2024-04-26T10:52:42.715+0000] {logging_mixin.py:188} INFO - [2024-04-26T10:52:42.715+0000] {dag.py:3954} INFO - Setting next_dagrun for dataset_consumes_1_never_scheduled to None, run_after=None
[2024-04-26T10:52:42.716+0000] {logging_mixin.py:188} INFO - [2024-04-26T10:52:42.716+0000] {dag.py:3954} INFO - Setting next_dagrun for dataset_consumes_unknown_never_scheduled to None, run_after=None
[2024-04-26T10:52:42.717+0000] {logging_mixin.py:188} INFO - [2024-04-26T10:52:42.717+0000] {dag.py:3954} INFO - Setting next_dagrun for dataset_produces_1 to 2024-04-25 00:00:00+00:00, run_after=2024-04-26 00:00:00+00:00
[2024-04-26T10:52:42.718+0000] {logging_mixin.py:188} INFO - [2024-04-26T10:52:42.718+0000] {dag.py:3954} INFO - Setting next_dagrun for dataset_produces_2 to None, run_after=None
[2024-04-26T10:52:42.740+0000] {processor.py:183} INFO - Processing /home/airflow/.local/lib/python3.12/site-packages/airflow/example_dags/example_datasets.py took 0.097 seconds
[2024-04-26T14:39:15.670+0000] {processor.py:161} INFO - Started process (PID=37694) to work on /home/airflow/.local/lib/python3.12/site-packages/airflow/example_dags/example_datasets.py
[2024-04-26T14:39:15.671+0000] {processor.py:830} INFO - Processing file /home/airflow/.local/lib/python3.12/site-packages/airflow/example_dags/example_datasets.py for tasks to queue
[2024-04-26T14:39:15.672+0000] {logging_mixin.py:188} INFO - [2024-04-26T14:39:15.671+0000] {dagbag.py:540} INFO - Filling up the DagBag from /home/airflow/.local/lib/python3.12/site-packages/airflow/example_dags/example_datasets.py
[2024-04-26T14:39:15.682+0000] {processor.py:840} INFO - DAG(s) 'dataset_consumes_1_never_scheduled', 'consume_1_or_both_2_and_3_with_dataset_expressions', 'dataset_consumes_1_and_2', 'dataset_produces_2', 'dataset_consumes_1', 'dataset_consumes_unknown_never_scheduled', 'dataset_produces_1', 'consume_1_or_2_with_dataset_expressions', 'consume_1_and_2_with_dataset_expressions', 'conditional_dataset_and_time_based_timetable' retrieved from /home/airflow/.local/lib/python3.12/site-packages/airflow/example_dags/example_datasets.py
[2024-04-26T14:39:15.713+0000] {logging_mixin.py:188} INFO - [2024-04-26T14:39:15.713+0000] {dag.py:3096} INFO - Sync 10 DAGs
[2024-04-26T14:39:15.729+0000] {logging_mixin.py:188} INFO - [2024-04-26T14:39:15.729+0000] {dag.py:3954} INFO - Setting next_dagrun for conditional_dataset_and_time_based_timetable to 2024-04-24 01:00:00+00:00, run_after=2024-04-24 01:00:00+00:00
[2024-04-26T14:39:15.732+0000] {logging_mixin.py:188} INFO - [2024-04-26T14:39:15.732+0000] {dag.py:3954} INFO - Setting next_dagrun for consume_1_and_2_with_dataset_expressions to None, run_after=None
[2024-04-26T14:39:15.733+0000] {logging_mixin.py:188} INFO - [2024-04-26T14:39:15.733+0000] {dag.py:3954} INFO - Setting next_dagrun for consume_1_or_2_with_dataset_expressions to None, run_after=None
[2024-04-26T14:39:15.734+0000] {logging_mixin.py:188} INFO - [2024-04-26T14:39:15.734+0000] {dag.py:3954} INFO - Setting next_dagrun for consume_1_or_both_2_and_3_with_dataset_expressions to None, run_after=None
[2024-04-26T14:39:15.735+0000] {logging_mixin.py:188} INFO - [2024-04-26T14:39:15.735+0000] {dag.py:3954} INFO - Setting next_dagrun for dataset_consumes_1 to None, run_after=None
[2024-04-26T14:39:15.736+0000] {logging_mixin.py:188} INFO - [2024-04-26T14:39:15.736+0000] {dag.py:3954} INFO - Setting next_dagrun for dataset_consumes_1_and_2 to None, run_after=None
[2024-04-26T14:39:15.737+0000] {logging_mixin.py:188} INFO - [2024-04-26T14:39:15.737+0000] {dag.py:3954} INFO - Setting next_dagrun for dataset_consumes_1_never_scheduled to None, run_after=None
[2024-04-26T14:39:15.738+0000] {logging_mixin.py:188} INFO - [2024-04-26T14:39:15.738+0000] {dag.py:3954} INFO - Setting next_dagrun for dataset_consumes_unknown_never_scheduled to None, run_after=None
[2024-04-26T14:39:15.739+0000] {logging_mixin.py:188} INFO - [2024-04-26T14:39:15.739+0000] {dag.py:3954} INFO - Setting next_dagrun for dataset_produces_1 to 2024-04-25 00:00:00+00:00, run_after=2024-04-26 00:00:00+00:00
[2024-04-26T14:39:15.740+0000] {logging_mixin.py:188} INFO - [2024-04-26T14:39:15.740+0000] {dag.py:3954} INFO - Setting next_dagrun for dataset_produces_2 to None, run_after=None
[2024-04-26T14:39:15.761+0000] {processor.py:183} INFO - Processing /home/airflow/.local/lib/python3.12/site-packages/airflow/example_dags/example_datasets.py took 0.095 seconds
[2024-04-26T17:42:11.401+0000] {processor.py:161} INFO - Started process (PID=37754) to work on /home/airflow/.local/lib/python3.12/site-packages/airflow/example_dags/example_datasets.py
[2024-04-26T17:42:11.402+0000] {processor.py:830} INFO - Processing file /home/airflow/.local/lib/python3.12/site-packages/airflow/example_dags/example_datasets.py for tasks to queue
[2024-04-26T17:42:11.403+0000] {logging_mixin.py:188} INFO - [2024-04-26T17:42:11.403+0000] {dagbag.py:540} INFO - Filling up the DagBag from /home/airflow/.local/lib/python3.12/site-packages/airflow/example_dags/example_datasets.py
[2024-04-26T17:42:11.414+0000] {processor.py:840} INFO - DAG(s) 'consume_1_or_both_2_and_3_with_dataset_expressions', 'dataset_produces_1', 'consume_1_or_2_with_dataset_expressions', 'conditional_dataset_and_time_based_timetable', 'dataset_consumes_1', 'dataset_consumes_unknown_never_scheduled', 'dataset_consumes_1_never_scheduled', 'dataset_produces_2', 'dataset_consumes_1_and_2', 'consume_1_and_2_with_dataset_expressions' retrieved from /home/airflow/.local/lib/python3.12/site-packages/airflow/example_dags/example_datasets.py
[2024-04-26T17:42:11.444+0000] {logging_mixin.py:188} INFO - [2024-04-26T17:42:11.444+0000] {dag.py:3096} INFO - Sync 10 DAGs
[2024-04-26T17:42:11.461+0000] {logging_mixin.py:188} INFO - [2024-04-26T17:42:11.461+0000] {dag.py:3954} INFO - Setting next_dagrun for conditional_dataset_and_time_based_timetable to 2024-04-24 01:00:00+00:00, run_after=2024-04-24 01:00:00+00:00
[2024-04-26T17:42:11.463+0000] {logging_mixin.py:188} INFO - [2024-04-26T17:42:11.463+0000] {dag.py:3954} INFO - Setting next_dagrun for consume_1_and_2_with_dataset_expressions to None, run_after=None
[2024-04-26T17:42:11.465+0000] {logging_mixin.py:188} INFO - [2024-04-26T17:42:11.464+0000] {dag.py:3954} INFO - Setting next_dagrun for consume_1_or_2_with_dataset_expressions to None, run_after=None
[2024-04-26T17:42:11.466+0000] {logging_mixin.py:188} INFO - [2024-04-26T17:42:11.465+0000] {dag.py:3954} INFO - Setting next_dagrun for consume_1_or_both_2_and_3_with_dataset_expressions to None, run_after=None
[2024-04-26T17:42:11.466+0000] {logging_mixin.py:188} INFO - [2024-04-26T17:42:11.466+0000] {dag.py:3954} INFO - Setting next_dagrun for dataset_consumes_1 to None, run_after=None
[2024-04-26T17:42:11.467+0000] {logging_mixin.py:188} INFO - [2024-04-26T17:42:11.467+0000] {dag.py:3954} INFO - Setting next_dagrun for dataset_consumes_1_and_2 to None, run_after=None
[2024-04-26T17:42:11.468+0000] {logging_mixin.py:188} INFO - [2024-04-26T17:42:11.468+0000] {dag.py:3954} INFO - Setting next_dagrun for dataset_consumes_1_never_scheduled to None, run_after=None
[2024-04-26T17:42:11.469+0000] {logging_mixin.py:188} INFO - [2024-04-26T17:42:11.469+0000] {dag.py:3954} INFO - Setting next_dagrun for dataset_consumes_unknown_never_scheduled to None, run_after=None
[2024-04-26T17:42:11.470+0000] {logging_mixin.py:188} INFO - [2024-04-26T17:42:11.470+0000] {dag.py:3954} INFO - Setting next_dagrun for dataset_produces_1 to 2024-04-25 00:00:00+00:00, run_after=2024-04-26 00:00:00+00:00
[2024-04-26T17:42:11.471+0000] {logging_mixin.py:188} INFO - [2024-04-26T17:42:11.471+0000] {dag.py:3954} INFO - Setting next_dagrun for dataset_produces_2 to None, run_after=None
[2024-04-26T17:42:11.493+0000] {processor.py:183} INFO - Processing /home/airflow/.local/lib/python3.12/site-packages/airflow/example_dags/example_datasets.py took 0.096 seconds
[2024-04-26T20:44:59.640+0000] {processor.py:161} INFO - Started process (PID=37814) to work on /home/airflow/.local/lib/python3.12/site-packages/airflow/example_dags/example_datasets.py
[2024-04-26T20:44:59.641+0000] {processor.py:830} INFO - Processing file /home/airflow/.local/lib/python3.12/site-packages/airflow/example_dags/example_datasets.py for tasks to queue
[2024-04-26T20:44:59.642+0000] {logging_mixin.py:188} INFO - [2024-04-26T20:44:59.642+0000] {dagbag.py:540} INFO - Filling up the DagBag from /home/airflow/.local/lib/python3.12/site-packages/airflow/example_dags/example_datasets.py
[2024-04-26T20:44:59.653+0000] {processor.py:840} INFO - DAG(s) 'dataset_consumes_1_and_2', 'consume_1_or_2_with_dataset_expressions', 'dataset_produces_1', 'conditional_dataset_and_time_based_timetable', 'dataset_consumes_unknown_never_scheduled', 'dataset_produces_2', 'consume_1_or_both_2_and_3_with_dataset_expressions', 'dataset_consumes_1_never_scheduled', 'dataset_consumes_1', 'consume_1_and_2_with_dataset_expressions' retrieved from /home/airflow/.local/lib/python3.12/site-packages/airflow/example_dags/example_datasets.py
[2024-04-26T20:44:59.682+0000] {logging_mixin.py:188} INFO - [2024-04-26T20:44:59.682+0000] {dag.py:3096} INFO - Sync 10 DAGs
[2024-04-26T20:44:59.698+0000] {logging_mixin.py:188} INFO - [2024-04-26T20:44:59.698+0000] {dag.py:3954} INFO - Setting next_dagrun for conditional_dataset_and_time_based_timetable to 2024-04-24 01:00:00+00:00, run_after=2024-04-24 01:00:00+00:00
[2024-04-26T20:44:59.701+0000] {logging_mixin.py:188} INFO - [2024-04-26T20:44:59.701+0000] {dag.py:3954} INFO - Setting next_dagrun for consume_1_and_2_with_dataset_expressions to None, run_after=None
[2024-04-26T20:44:59.702+0000] {logging_mixin.py:188} INFO - [2024-04-26T20:44:59.702+0000] {dag.py:3954} INFO - Setting next_dagrun for consume_1_or_2_with_dataset_expressions to None, run_after=None
[2024-04-26T20:44:59.703+0000] {logging_mixin.py:188} INFO - [2024-04-26T20:44:59.703+0000] {dag.py:3954} INFO - Setting next_dagrun for consume_1_or_both_2_and_3_with_dataset_expressions to None, run_after=None
[2024-04-26T20:44:59.704+0000] {logging_mixin.py:188} INFO - [2024-04-26T20:44:59.703+0000] {dag.py:3954} INFO - Setting next_dagrun for dataset_consumes_1 to None, run_after=None
[2024-04-26T20:44:59.705+0000] {logging_mixin.py:188} INFO - [2024-04-26T20:44:59.705+0000] {dag.py:3954} INFO - Setting next_dagrun for dataset_consumes_1_and_2 to None, run_after=None
[2024-04-26T20:44:59.706+0000] {logging_mixin.py:188} INFO - [2024-04-26T20:44:59.706+0000] {dag.py:3954} INFO - Setting next_dagrun for dataset_consumes_1_never_scheduled to None, run_after=None
[2024-04-26T20:44:59.710+0000] {logging_mixin.py:188} INFO - [2024-04-26T20:44:59.710+0000] {dag.py:3954} INFO - Setting next_dagrun for dataset_consumes_unknown_never_scheduled to None, run_after=None
[2024-04-26T20:44:59.711+0000] {logging_mixin.py:188} INFO - [2024-04-26T20:44:59.711+0000] {dag.py:3954} INFO - Setting next_dagrun for dataset_produces_1 to 2024-04-25 00:00:00+00:00, run_after=2024-04-26 00:00:00+00:00
[2024-04-26T20:44:59.712+0000] {logging_mixin.py:188} INFO - [2024-04-26T20:44:59.712+0000] {dag.py:3954} INFO - Setting next_dagrun for dataset_produces_2 to None, run_after=None
[2024-04-26T20:44:59.733+0000] {processor.py:183} INFO - Processing /home/airflow/.local/lib/python3.12/site-packages/airflow/example_dags/example_datasets.py took 0.098 seconds
[2024-04-26T22:46:45.948+0000] {processor.py:161} INFO - Started process (PID=37874) to work on /home/airflow/.local/lib/python3.12/site-packages/airflow/example_dags/example_datasets.py
[2024-04-26T22:46:45.949+0000] {processor.py:830} INFO - Processing file /home/airflow/.local/lib/python3.12/site-packages/airflow/example_dags/example_datasets.py for tasks to queue
[2024-04-26T22:46:45.950+0000] {logging_mixin.py:188} INFO - [2024-04-26T22:46:45.949+0000] {dagbag.py:540} INFO - Filling up the DagBag from /home/airflow/.local/lib/python3.12/site-packages/airflow/example_dags/example_datasets.py
[2024-04-26T22:46:45.960+0000] {processor.py:840} INFO - DAG(s) 'consume_1_or_both_2_and_3_with_dataset_expressions', 'dataset_consumes_1', 'dataset_consumes_1_never_scheduled', 'conditional_dataset_and_time_based_timetable', 'dataset_produces_1', 'dataset_consumes_1_and_2', 'consume_1_and_2_with_dataset_expressions', 'dataset_consumes_unknown_never_scheduled', 'consume_1_or_2_with_dataset_expressions', 'dataset_produces_2' retrieved from /home/airflow/.local/lib/python3.12/site-packages/airflow/example_dags/example_datasets.py
[2024-04-26T22:46:45.991+0000] {logging_mixin.py:188} INFO - [2024-04-26T22:46:45.991+0000] {dag.py:3096} INFO - Sync 10 DAGs
[2024-04-26T22:46:46.008+0000] {logging_mixin.py:188} INFO - [2024-04-26T22:46:46.008+0000] {dag.py:3954} INFO - Setting next_dagrun for conditional_dataset_and_time_based_timetable to 2024-04-24 01:00:00+00:00, run_after=2024-04-24 01:00:00+00:00
[2024-04-26T22:46:46.010+0000] {logging_mixin.py:188} INFO - [2024-04-26T22:46:46.010+0000] {dag.py:3954} INFO - Setting next_dagrun for consume_1_and_2_with_dataset_expressions to None, run_after=None
[2024-04-26T22:46:46.011+0000] {logging_mixin.py:188} INFO - [2024-04-26T22:46:46.011+0000] {dag.py:3954} INFO - Setting next_dagrun for consume_1_or_2_with_dataset_expressions to None, run_after=None
[2024-04-26T22:46:46.012+0000] {logging_mixin.py:188} INFO - [2024-04-26T22:46:46.012+0000] {dag.py:3954} INFO - Setting next_dagrun for consume_1_or_both_2_and_3_with_dataset_expressions to None, run_after=None
[2024-04-26T22:46:46.013+0000] {logging_mixin.py:188} INFO - [2024-04-26T22:46:46.013+0000] {dag.py:3954} INFO - Setting next_dagrun for dataset_consumes_1 to None, run_after=None
[2024-04-26T22:46:46.014+0000] {logging_mixin.py:188} INFO - [2024-04-26T22:46:46.014+0000] {dag.py:3954} INFO - Setting next_dagrun for dataset_consumes_1_and_2 to None, run_after=None
[2024-04-26T22:46:46.015+0000] {logging_mixin.py:188} INFO - [2024-04-26T22:46:46.015+0000] {dag.py:3954} INFO - Setting next_dagrun for dataset_consumes_1_never_scheduled to None, run_after=None
[2024-04-26T22:46:46.016+0000] {logging_mixin.py:188} INFO - [2024-04-26T22:46:46.016+0000] {dag.py:3954} INFO - Setting next_dagrun for dataset_consumes_unknown_never_scheduled to None, run_after=None
[2024-04-26T22:46:46.018+0000] {logging_mixin.py:188} INFO - [2024-04-26T22:46:46.017+0000] {dag.py:3954} INFO - Setting next_dagrun for dataset_produces_1 to 2024-04-25 00:00:00+00:00, run_after=2024-04-26 00:00:00+00:00
[2024-04-26T22:46:46.018+0000] {logging_mixin.py:188} INFO - [2024-04-26T22:46:46.018+0000] {dag.py:3954} INFO - Setting next_dagrun for dataset_produces_2 to None, run_after=None
[2024-04-26T22:46:46.039+0000] {processor.py:183} INFO - Processing /home/airflow/.local/lib/python3.12/site-packages/airflow/example_dags/example_datasets.py took 0.095 seconds
