[2024-04-26T00:26:02.511+0000] {processor.py:161} INFO - Started process (PID=37315) to work on /home/airflow/.local/lib/python3.12/site-packages/airflow/example_dags/example_latest_only.py
[2024-04-26T00:26:02.512+0000] {processor.py:830} INFO - Processing file /home/airflow/.local/lib/python3.12/site-packages/airflow/example_dags/example_latest_only.py for tasks to queue
[2024-04-26T00:26:02.513+0000] {logging_mixin.py:188} INFO - [2024-04-26T00:26:02.513+0000] {dagbag.py:540} INFO - Filling up the DagBag from /home/airflow/.local/lib/python3.12/site-packages/airflow/example_dags/example_latest_only.py
[2024-04-26T00:26:02.518+0000] {processor.py:840} INFO - DAG(s) 'latest_only' retrieved from /home/airflow/.local/lib/python3.12/site-packages/airflow/example_dags/example_latest_only.py
[2024-04-26T00:26:02.534+0000] {logging_mixin.py:188} INFO - [2024-04-26T00:26:02.534+0000] {dag.py:3096} INFO - Sync 1 DAGs
[2024-04-26T00:26:02.551+0000] {logging_mixin.py:188} INFO - [2024-04-26T00:26:02.551+0000] {dag.py:3954} INFO - Setting next_dagrun for latest_only to 2024-04-25 20:00:00+00:00, run_after=2024-04-26 00:00:00+00:00
[2024-04-26T00:26:02.565+0000] {processor.py:183} INFO - Processing /home/airflow/.local/lib/python3.12/site-packages/airflow/example_dags/example_latest_only.py took 0.059 seconds
[2024-04-26T03:28:54.269+0000] {processor.py:161} INFO - Started process (PID=37375) to work on /home/airflow/.local/lib/python3.12/site-packages/airflow/example_dags/example_latest_only.py
[2024-04-26T03:28:54.270+0000] {processor.py:830} INFO - Processing file /home/airflow/.local/lib/python3.12/site-packages/airflow/example_dags/example_latest_only.py for tasks to queue
[2024-04-26T03:28:54.271+0000] {logging_mixin.py:188} INFO - [2024-04-26T03:28:54.271+0000] {dagbag.py:540} INFO - Filling up the DagBag from /home/airflow/.local/lib/python3.12/site-packages/airflow/example_dags/example_latest_only.py
[2024-04-26T03:28:54.277+0000] {processor.py:840} INFO - DAG(s) 'latest_only' retrieved from /home/airflow/.local/lib/python3.12/site-packages/airflow/example_dags/example_latest_only.py
[2024-04-26T03:28:54.301+0000] {logging_mixin.py:188} INFO - [2024-04-26T03:28:54.301+0000] {dag.py:3096} INFO - Sync 1 DAGs
[2024-04-26T03:28:54.324+0000] {logging_mixin.py:188} INFO - [2024-04-26T03:28:54.324+0000] {dag.py:3954} INFO - Setting next_dagrun for latest_only to 2024-04-25 20:00:00+00:00, run_after=2024-04-26 00:00:00+00:00
[2024-04-26T03:28:54.343+0000] {processor.py:183} INFO - Processing /home/airflow/.local/lib/python3.12/site-packages/airflow/example_dags/example_latest_only.py took 0.081 seconds
[2024-04-26T06:31:49.042+0000] {processor.py:161} INFO - Started process (PID=37435) to work on /home/airflow/.local/lib/python3.12/site-packages/airflow/example_dags/example_latest_only.py
[2024-04-26T06:31:49.050+0000] {processor.py:830} INFO - Processing file /home/airflow/.local/lib/python3.12/site-packages/airflow/example_dags/example_latest_only.py for tasks to queue
[2024-04-26T06:31:49.051+0000] {logging_mixin.py:188} INFO - [2024-04-26T06:31:49.051+0000] {dagbag.py:540} INFO - Filling up the DagBag from /home/airflow/.local/lib/python3.12/site-packages/airflow/example_dags/example_latest_only.py
[2024-04-26T06:31:49.062+0000] {processor.py:840} INFO - DAG(s) 'latest_only' retrieved from /home/airflow/.local/lib/python3.12/site-packages/airflow/example_dags/example_latest_only.py
[2024-04-26T06:31:49.097+0000] {logging_mixin.py:188} INFO - [2024-04-26T06:31:49.097+0000] {dag.py:3096} INFO - Sync 1 DAGs
[2024-04-26T06:31:49.144+0000] {logging_mixin.py:188} INFO - [2024-04-26T06:31:49.144+0000] {dag.py:3954} INFO - Setting next_dagrun for latest_only to 2024-04-26 00:00:00+00:00, run_after=2024-04-26 04:00:00+00:00
[2024-04-26T06:31:49.185+0000] {processor.py:183} INFO - Processing /home/airflow/.local/lib/python3.12/site-packages/airflow/example_dags/example_latest_only.py took 0.155 seconds
[2024-04-26T08:33:47.278+0000] {processor.py:161} INFO - Started process (PID=37495) to work on /home/airflow/.local/lib/python3.12/site-packages/airflow/example_dags/example_latest_only.py
[2024-04-26T08:33:47.279+0000] {processor.py:830} INFO - Processing file /home/airflow/.local/lib/python3.12/site-packages/airflow/example_dags/example_latest_only.py for tasks to queue
[2024-04-26T08:33:47.280+0000] {logging_mixin.py:188} INFO - [2024-04-26T08:33:47.279+0000] {dagbag.py:540} INFO - Filling up the DagBag from /home/airflow/.local/lib/python3.12/site-packages/airflow/example_dags/example_latest_only.py
[2024-04-26T08:33:47.284+0000] {processor.py:840} INFO - DAG(s) 'latest_only' retrieved from /home/airflow/.local/lib/python3.12/site-packages/airflow/example_dags/example_latest_only.py
[2024-04-26T08:33:47.298+0000] {logging_mixin.py:188} INFO - [2024-04-26T08:33:47.298+0000] {dag.py:3096} INFO - Sync 1 DAGs
[2024-04-26T08:33:47.313+0000] {logging_mixin.py:188} INFO - [2024-04-26T08:33:47.312+0000] {dag.py:3954} INFO - Setting next_dagrun for latest_only to 2024-04-26 04:00:00+00:00, run_after=2024-04-26 08:00:00+00:00
[2024-04-26T08:33:47.324+0000] {processor.py:183} INFO - Processing /home/airflow/.local/lib/python3.12/site-packages/airflow/example_dags/example_latest_only.py took 0.051 seconds
[2024-04-26T09:34:43.776+0000] {processor.py:161} INFO - Started process (PID=37555) to work on /home/airflow/.local/lib/python3.12/site-packages/airflow/example_dags/example_latest_only.py
[2024-04-26T09:34:43.777+0000] {processor.py:830} INFO - Processing file /home/airflow/.local/lib/python3.12/site-packages/airflow/example_dags/example_latest_only.py for tasks to queue
[2024-04-26T09:34:43.779+0000] {logging_mixin.py:188} INFO - [2024-04-26T09:34:43.779+0000] {dagbag.py:540} INFO - Filling up the DagBag from /home/airflow/.local/lib/python3.12/site-packages/airflow/example_dags/example_latest_only.py
[2024-04-26T09:34:43.784+0000] {processor.py:840} INFO - DAG(s) 'latest_only' retrieved from /home/airflow/.local/lib/python3.12/site-packages/airflow/example_dags/example_latest_only.py
[2024-04-26T09:34:43.799+0000] {logging_mixin.py:188} INFO - [2024-04-26T09:34:43.799+0000] {dag.py:3096} INFO - Sync 1 DAGs
[2024-04-26T09:34:43.815+0000] {logging_mixin.py:188} INFO - [2024-04-26T09:34:43.814+0000] {dag.py:3954} INFO - Setting next_dagrun for latest_only to 2024-04-26 04:00:00+00:00, run_after=2024-04-26 08:00:00+00:00
[2024-04-26T09:34:43.827+0000] {processor.py:183} INFO - Processing /home/airflow/.local/lib/python3.12/site-packages/airflow/example_dags/example_latest_only.py took 0.058 seconds
[2024-04-26T10:52:41.968+0000] {processor.py:161} INFO - Started process (PID=37615) to work on /home/airflow/.local/lib/python3.12/site-packages/airflow/example_dags/example_latest_only.py
[2024-04-26T10:52:41.969+0000] {processor.py:830} INFO - Processing file /home/airflow/.local/lib/python3.12/site-packages/airflow/example_dags/example_latest_only.py for tasks to queue
[2024-04-26T10:52:41.970+0000] {logging_mixin.py:188} INFO - [2024-04-26T10:52:41.969+0000] {dagbag.py:540} INFO - Filling up the DagBag from /home/airflow/.local/lib/python3.12/site-packages/airflow/example_dags/example_latest_only.py
[2024-04-26T10:52:41.974+0000] {processor.py:840} INFO - DAG(s) 'latest_only' retrieved from /home/airflow/.local/lib/python3.12/site-packages/airflow/example_dags/example_latest_only.py
[2024-04-26T10:52:41.988+0000] {logging_mixin.py:188} INFO - [2024-04-26T10:52:41.988+0000] {dag.py:3096} INFO - Sync 1 DAGs
[2024-04-26T10:52:42.007+0000] {logging_mixin.py:188} INFO - [2024-04-26T10:52:42.006+0000] {dag.py:3954} INFO - Setting next_dagrun for latest_only to 2024-04-26 04:00:00+00:00, run_after=2024-04-26 08:00:00+00:00
[2024-04-26T10:52:42.019+0000] {processor.py:183} INFO - Processing /home/airflow/.local/lib/python3.12/site-packages/airflow/example_dags/example_latest_only.py took 0.056 seconds
[2024-04-26T14:39:14.660+0000] {processor.py:161} INFO - Started process (PID=37675) to work on /home/airflow/.local/lib/python3.12/site-packages/airflow/example_dags/example_latest_only.py
[2024-04-26T14:39:14.663+0000] {processor.py:830} INFO - Processing file /home/airflow/.local/lib/python3.12/site-packages/airflow/example_dags/example_latest_only.py for tasks to queue
[2024-04-26T14:39:14.665+0000] {logging_mixin.py:188} INFO - [2024-04-26T14:39:14.664+0000] {dagbag.py:540} INFO - Filling up the DagBag from /home/airflow/.local/lib/python3.12/site-packages/airflow/example_dags/example_latest_only.py
[2024-04-26T14:39:14.678+0000] {processor.py:840} INFO - DAG(s) 'latest_only' retrieved from /home/airflow/.local/lib/python3.12/site-packages/airflow/example_dags/example_latest_only.py
[2024-04-26T14:39:14.716+0000] {logging_mixin.py:188} INFO - [2024-04-26T14:39:14.716+0000] {dag.py:3096} INFO - Sync 1 DAGs
[2024-04-26T14:39:14.771+0000] {logging_mixin.py:188} INFO - [2024-04-26T14:39:14.770+0000] {dag.py:3954} INFO - Setting next_dagrun for latest_only to 2024-04-26 08:00:00+00:00, run_after=2024-04-26 12:00:00+00:00
[2024-04-26T14:39:14.801+0000] {processor.py:183} INFO - Processing /home/airflow/.local/lib/python3.12/site-packages/airflow/example_dags/example_latest_only.py took 0.170 seconds
[2024-04-26T17:42:10.532+0000] {processor.py:161} INFO - Started process (PID=37735) to work on /home/airflow/.local/lib/python3.12/site-packages/airflow/example_dags/example_latest_only.py
[2024-04-26T17:42:10.533+0000] {processor.py:830} INFO - Processing file /home/airflow/.local/lib/python3.12/site-packages/airflow/example_dags/example_latest_only.py for tasks to queue
[2024-04-26T17:42:10.534+0000] {logging_mixin.py:188} INFO - [2024-04-26T17:42:10.534+0000] {dagbag.py:540} INFO - Filling up the DagBag from /home/airflow/.local/lib/python3.12/site-packages/airflow/example_dags/example_latest_only.py
[2024-04-26T17:42:10.538+0000] {processor.py:840} INFO - DAG(s) 'latest_only' retrieved from /home/airflow/.local/lib/python3.12/site-packages/airflow/example_dags/example_latest_only.py
[2024-04-26T17:42:10.552+0000] {logging_mixin.py:188} INFO - [2024-04-26T17:42:10.552+0000] {dag.py:3096} INFO - Sync 1 DAGs
[2024-04-26T17:42:10.568+0000] {logging_mixin.py:188} INFO - [2024-04-26T17:42:10.568+0000] {dag.py:3954} INFO - Setting next_dagrun for latest_only to 2024-04-26 12:00:00+00:00, run_after=2024-04-26 16:00:00+00:00
[2024-04-26T17:42:10.581+0000] {processor.py:183} INFO - Processing /home/airflow/.local/lib/python3.12/site-packages/airflow/example_dags/example_latest_only.py took 0.053 seconds
[2024-04-26T20:44:58.922+0000] {processor.py:161} INFO - Started process (PID=37795) to work on /home/airflow/.local/lib/python3.12/site-packages/airflow/example_dags/example_latest_only.py
[2024-04-26T20:44:58.923+0000] {processor.py:830} INFO - Processing file /home/airflow/.local/lib/python3.12/site-packages/airflow/example_dags/example_latest_only.py for tasks to queue
[2024-04-26T20:44:58.924+0000] {logging_mixin.py:188} INFO - [2024-04-26T20:44:58.923+0000] {dagbag.py:540} INFO - Filling up the DagBag from /home/airflow/.local/lib/python3.12/site-packages/airflow/example_dags/example_latest_only.py
[2024-04-26T20:44:58.928+0000] {processor.py:840} INFO - DAG(s) 'latest_only' retrieved from /home/airflow/.local/lib/python3.12/site-packages/airflow/example_dags/example_latest_only.py
[2024-04-26T20:44:58.942+0000] {logging_mixin.py:188} INFO - [2024-04-26T20:44:58.942+0000] {dag.py:3096} INFO - Sync 1 DAGs
[2024-04-26T20:44:58.958+0000] {logging_mixin.py:188} INFO - [2024-04-26T20:44:58.958+0000] {dag.py:3954} INFO - Setting next_dagrun for latest_only to 2024-04-26 16:00:00+00:00, run_after=2024-04-26 20:00:00+00:00
[2024-04-26T20:44:58.971+0000] {processor.py:183} INFO - Processing /home/airflow/.local/lib/python3.12/site-packages/airflow/example_dags/example_latest_only.py took 0.053 seconds
[2024-04-26T22:46:45.013+0000] {processor.py:161} INFO - Started process (PID=37855) to work on /home/airflow/.local/lib/python3.12/site-packages/airflow/example_dags/example_latest_only.py
[2024-04-26T22:46:45.015+0000] {processor.py:830} INFO - Processing file /home/airflow/.local/lib/python3.12/site-packages/airflow/example_dags/example_latest_only.py for tasks to queue
[2024-04-26T22:46:45.017+0000] {logging_mixin.py:188} INFO - [2024-04-26T22:46:45.016+0000] {dagbag.py:540} INFO - Filling up the DagBag from /home/airflow/.local/lib/python3.12/site-packages/airflow/example_dags/example_latest_only.py
[2024-04-26T22:46:45.043+0000] {processor.py:840} INFO - DAG(s) 'latest_only' retrieved from /home/airflow/.local/lib/python3.12/site-packages/airflow/example_dags/example_latest_only.py
[2024-04-26T22:46:45.116+0000] {logging_mixin.py:188} INFO - [2024-04-26T22:46:45.114+0000] {dag.py:3096} INFO - Sync 1 DAGs
[2024-04-26T22:46:45.176+0000] {logging_mixin.py:188} INFO - [2024-04-26T22:46:45.175+0000] {dag.py:3954} INFO - Setting next_dagrun for latest_only to 2024-04-26 16:00:00+00:00, run_after=2024-04-26 20:00:00+00:00
[2024-04-26T22:46:45.201+0000] {processor.py:183} INFO - Processing /home/airflow/.local/lib/python3.12/site-packages/airflow/example_dags/example_latest_only.py took 0.201 seconds
