[2024-04-26T00:26:03.268+0000] {processor.py:161} INFO - Started process (PID=37331) to work on /home/airflow/.local/lib/python3.12/site-packages/airflow/example_dags/example_python_operator.py
[2024-04-26T00:26:03.269+0000] {processor.py:830} INFO - Processing file /home/airflow/.local/lib/python3.12/site-packages/airflow/example_dags/example_python_operator.py for tasks to queue
[2024-04-26T00:26:03.270+0000] {logging_mixin.py:188} INFO - [2024-04-26T00:26:03.270+0000] {dagbag.py:540} INFO - Filling up the DagBag from /home/airflow/.local/lib/python3.12/site-packages/airflow/example_dags/example_python_operator.py
[2024-04-26T00:26:03.280+0000] {processor.py:840} INFO - DAG(s) 'example_python_operator' retrieved from /home/airflow/.local/lib/python3.12/site-packages/airflow/example_dags/example_python_operator.py
[2024-04-26T00:26:03.299+0000] {logging_mixin.py:188} INFO - [2024-04-26T00:26:03.299+0000] {dag.py:3096} INFO - Sync 1 DAGs
[2024-04-26T00:26:03.311+0000] {logging_mixin.py:188} INFO - [2024-04-26T00:26:03.311+0000] {dag.py:3954} INFO - Setting next_dagrun for example_python_operator to None, run_after=None
[2024-04-26T00:26:03.327+0000] {processor.py:183} INFO - Processing /home/airflow/.local/lib/python3.12/site-packages/airflow/example_dags/example_python_operator.py took 0.069 seconds
[2024-04-26T03:28:55.018+0000] {processor.py:161} INFO - Started process (PID=37391) to work on /home/airflow/.local/lib/python3.12/site-packages/airflow/example_dags/example_python_operator.py
[2024-04-26T03:28:55.019+0000] {processor.py:830} INFO - Processing file /home/airflow/.local/lib/python3.12/site-packages/airflow/example_dags/example_python_operator.py for tasks to queue
[2024-04-26T03:28:55.019+0000] {logging_mixin.py:188} INFO - [2024-04-26T03:28:55.019+0000] {dagbag.py:540} INFO - Filling up the DagBag from /home/airflow/.local/lib/python3.12/site-packages/airflow/example_dags/example_python_operator.py
[2024-04-26T03:28:55.030+0000] {processor.py:840} INFO - DAG(s) 'example_python_operator' retrieved from /home/airflow/.local/lib/python3.12/site-packages/airflow/example_dags/example_python_operator.py
[2024-04-26T03:28:55.049+0000] {logging_mixin.py:188} INFO - [2024-04-26T03:28:55.049+0000] {dag.py:3096} INFO - Sync 1 DAGs
[2024-04-26T03:28:55.060+0000] {logging_mixin.py:188} INFO - [2024-04-26T03:28:55.059+0000] {dag.py:3954} INFO - Setting next_dagrun for example_python_operator to None, run_after=None
[2024-04-26T03:28:55.076+0000] {processor.py:183} INFO - Processing /home/airflow/.local/lib/python3.12/site-packages/airflow/example_dags/example_python_operator.py took 0.064 seconds
[2024-04-26T06:31:49.821+0000] {processor.py:161} INFO - Started process (PID=37451) to work on /home/airflow/.local/lib/python3.12/site-packages/airflow/example_dags/example_python_operator.py
[2024-04-26T06:31:49.822+0000] {processor.py:830} INFO - Processing file /home/airflow/.local/lib/python3.12/site-packages/airflow/example_dags/example_python_operator.py for tasks to queue
[2024-04-26T06:31:49.822+0000] {logging_mixin.py:188} INFO - [2024-04-26T06:31:49.822+0000] {dagbag.py:540} INFO - Filling up the DagBag from /home/airflow/.local/lib/python3.12/site-packages/airflow/example_dags/example_python_operator.py
[2024-04-26T06:31:49.830+0000] {processor.py:840} INFO - DAG(s) 'example_python_operator' retrieved from /home/airflow/.local/lib/python3.12/site-packages/airflow/example_dags/example_python_operator.py
[2024-04-26T06:31:49.846+0000] {logging_mixin.py:188} INFO - [2024-04-26T06:31:49.846+0000] {dag.py:3096} INFO - Sync 1 DAGs
[2024-04-26T06:31:49.854+0000] {logging_mixin.py:188} INFO - [2024-04-26T06:31:49.854+0000] {dag.py:3954} INFO - Setting next_dagrun for example_python_operator to None, run_after=None
[2024-04-26T06:31:49.867+0000] {processor.py:183} INFO - Processing /home/airflow/.local/lib/python3.12/site-packages/airflow/example_dags/example_python_operator.py took 0.050 seconds
[2024-04-26T08:33:47.829+0000] {processor.py:161} INFO - Started process (PID=37511) to work on /home/airflow/.local/lib/python3.12/site-packages/airflow/example_dags/example_python_operator.py
[2024-04-26T08:33:47.830+0000] {processor.py:830} INFO - Processing file /home/airflow/.local/lib/python3.12/site-packages/airflow/example_dags/example_python_operator.py for tasks to queue
[2024-04-26T08:33:47.831+0000] {logging_mixin.py:188} INFO - [2024-04-26T08:33:47.830+0000] {dagbag.py:540} INFO - Filling up the DagBag from /home/airflow/.local/lib/python3.12/site-packages/airflow/example_dags/example_python_operator.py
[2024-04-26T08:33:47.839+0000] {processor.py:840} INFO - DAG(s) 'example_python_operator' retrieved from /home/airflow/.local/lib/python3.12/site-packages/airflow/example_dags/example_python_operator.py
[2024-04-26T08:33:47.855+0000] {logging_mixin.py:188} INFO - [2024-04-26T08:33:47.854+0000] {dag.py:3096} INFO - Sync 1 DAGs
[2024-04-26T08:33:47.864+0000] {logging_mixin.py:188} INFO - [2024-04-26T08:33:47.863+0000] {dag.py:3954} INFO - Setting next_dagrun for example_python_operator to None, run_after=None
[2024-04-26T08:33:47.877+0000] {processor.py:183} INFO - Processing /home/airflow/.local/lib/python3.12/site-packages/airflow/example_dags/example_python_operator.py took 0.053 seconds
[2024-04-26T09:34:44.322+0000] {processor.py:161} INFO - Started process (PID=37571) to work on /home/airflow/.local/lib/python3.12/site-packages/airflow/example_dags/example_python_operator.py
[2024-04-26T09:34:44.323+0000] {processor.py:830} INFO - Processing file /home/airflow/.local/lib/python3.12/site-packages/airflow/example_dags/example_python_operator.py for tasks to queue
[2024-04-26T09:34:44.323+0000] {logging_mixin.py:188} INFO - [2024-04-26T09:34:44.323+0000] {dagbag.py:540} INFO - Filling up the DagBag from /home/airflow/.local/lib/python3.12/site-packages/airflow/example_dags/example_python_operator.py
[2024-04-26T09:34:44.332+0000] {processor.py:840} INFO - DAG(s) 'example_python_operator' retrieved from /home/airflow/.local/lib/python3.12/site-packages/airflow/example_dags/example_python_operator.py
[2024-04-26T09:34:44.349+0000] {logging_mixin.py:188} INFO - [2024-04-26T09:34:44.348+0000] {dag.py:3096} INFO - Sync 1 DAGs
[2024-04-26T09:34:44.357+0000] {logging_mixin.py:188} INFO - [2024-04-26T09:34:44.357+0000] {dag.py:3954} INFO - Setting next_dagrun for example_python_operator to None, run_after=None
[2024-04-26T09:34:44.370+0000] {processor.py:183} INFO - Processing /home/airflow/.local/lib/python3.12/site-packages/airflow/example_dags/example_python_operator.py took 0.052 seconds
[2024-04-26T10:52:42.520+0000] {processor.py:161} INFO - Started process (PID=37631) to work on /home/airflow/.local/lib/python3.12/site-packages/airflow/example_dags/example_python_operator.py
[2024-04-26T10:52:42.521+0000] {processor.py:830} INFO - Processing file /home/airflow/.local/lib/python3.12/site-packages/airflow/example_dags/example_python_operator.py for tasks to queue
[2024-04-26T10:52:42.522+0000] {logging_mixin.py:188} INFO - [2024-04-26T10:52:42.521+0000] {dagbag.py:540} INFO - Filling up the DagBag from /home/airflow/.local/lib/python3.12/site-packages/airflow/example_dags/example_python_operator.py
[2024-04-26T10:52:42.529+0000] {processor.py:840} INFO - DAG(s) 'example_python_operator' retrieved from /home/airflow/.local/lib/python3.12/site-packages/airflow/example_dags/example_python_operator.py
[2024-04-26T10:52:42.546+0000] {logging_mixin.py:188} INFO - [2024-04-26T10:52:42.546+0000] {dag.py:3096} INFO - Sync 1 DAGs
[2024-04-26T10:52:42.555+0000] {logging_mixin.py:188} INFO - [2024-04-26T10:52:42.555+0000] {dag.py:3954} INFO - Setting next_dagrun for example_python_operator to None, run_after=None
[2024-04-26T10:52:42.568+0000] {processor.py:183} INFO - Processing /home/airflow/.local/lib/python3.12/site-packages/airflow/example_dags/example_python_operator.py took 0.052 seconds
[2024-04-26T14:39:15.567+0000] {processor.py:161} INFO - Started process (PID=37691) to work on /home/airflow/.local/lib/python3.12/site-packages/airflow/example_dags/example_python_operator.py
[2024-04-26T14:39:15.567+0000] {processor.py:830} INFO - Processing file /home/airflow/.local/lib/python3.12/site-packages/airflow/example_dags/example_python_operator.py for tasks to queue
[2024-04-26T14:39:15.568+0000] {logging_mixin.py:188} INFO - [2024-04-26T14:39:15.568+0000] {dagbag.py:540} INFO - Filling up the DagBag from /home/airflow/.local/lib/python3.12/site-packages/airflow/example_dags/example_python_operator.py
[2024-04-26T14:39:15.576+0000] {processor.py:840} INFO - DAG(s) 'example_python_operator' retrieved from /home/airflow/.local/lib/python3.12/site-packages/airflow/example_dags/example_python_operator.py
[2024-04-26T14:39:15.592+0000] {logging_mixin.py:188} INFO - [2024-04-26T14:39:15.592+0000] {dag.py:3096} INFO - Sync 1 DAGs
[2024-04-26T14:39:15.600+0000] {logging_mixin.py:188} INFO - [2024-04-26T14:39:15.600+0000] {dag.py:3954} INFO - Setting next_dagrun for example_python_operator to None, run_after=None
[2024-04-26T14:39:15.614+0000] {processor.py:183} INFO - Processing /home/airflow/.local/lib/python3.12/site-packages/airflow/example_dags/example_python_operator.py took 0.051 seconds
[2024-04-26T17:42:11.276+0000] {processor.py:161} INFO - Started process (PID=37751) to work on /home/airflow/.local/lib/python3.12/site-packages/airflow/example_dags/example_python_operator.py
[2024-04-26T17:42:11.277+0000] {processor.py:830} INFO - Processing file /home/airflow/.local/lib/python3.12/site-packages/airflow/example_dags/example_python_operator.py for tasks to queue
[2024-04-26T17:42:11.277+0000] {logging_mixin.py:188} INFO - [2024-04-26T17:42:11.277+0000] {dagbag.py:540} INFO - Filling up the DagBag from /home/airflow/.local/lib/python3.12/site-packages/airflow/example_dags/example_python_operator.py
[2024-04-26T17:42:11.285+0000] {processor.py:840} INFO - DAG(s) 'example_python_operator' retrieved from /home/airflow/.local/lib/python3.12/site-packages/airflow/example_dags/example_python_operator.py
[2024-04-26T17:42:11.301+0000] {logging_mixin.py:188} INFO - [2024-04-26T17:42:11.301+0000] {dag.py:3096} INFO - Sync 1 DAGs
[2024-04-26T17:42:11.309+0000] {logging_mixin.py:188} INFO - [2024-04-26T17:42:11.309+0000] {dag.py:3954} INFO - Setting next_dagrun for example_python_operator to None, run_after=None
[2024-04-26T17:42:11.322+0000] {processor.py:183} INFO - Processing /home/airflow/.local/lib/python3.12/site-packages/airflow/example_dags/example_python_operator.py took 0.050 seconds
[2024-04-26T20:44:59.520+0000] {processor.py:161} INFO - Started process (PID=37811) to work on /home/airflow/.local/lib/python3.12/site-packages/airflow/example_dags/example_python_operator.py
[2024-04-26T20:44:59.521+0000] {processor.py:830} INFO - Processing file /home/airflow/.local/lib/python3.12/site-packages/airflow/example_dags/example_python_operator.py for tasks to queue
[2024-04-26T20:44:59.521+0000] {logging_mixin.py:188} INFO - [2024-04-26T20:44:59.521+0000] {dagbag.py:540} INFO - Filling up the DagBag from /home/airflow/.local/lib/python3.12/site-packages/airflow/example_dags/example_python_operator.py
[2024-04-26T20:44:59.529+0000] {processor.py:840} INFO - DAG(s) 'example_python_operator' retrieved from /home/airflow/.local/lib/python3.12/site-packages/airflow/example_dags/example_python_operator.py
[2024-04-26T20:44:59.545+0000] {logging_mixin.py:188} INFO - [2024-04-26T20:44:59.544+0000] {dag.py:3096} INFO - Sync 1 DAGs
[2024-04-26T20:44:59.553+0000] {logging_mixin.py:188} INFO - [2024-04-26T20:44:59.553+0000] {dag.py:3954} INFO - Setting next_dagrun for example_python_operator to None, run_after=None
[2024-04-26T20:44:59.566+0000] {processor.py:183} INFO - Processing /home/airflow/.local/lib/python3.12/site-packages/airflow/example_dags/example_python_operator.py took 0.050 seconds
[2024-04-26T22:46:45.843+0000] {processor.py:161} INFO - Started process (PID=37871) to work on /home/airflow/.local/lib/python3.12/site-packages/airflow/example_dags/example_python_operator.py
[2024-04-26T22:46:45.844+0000] {processor.py:830} INFO - Processing file /home/airflow/.local/lib/python3.12/site-packages/airflow/example_dags/example_python_operator.py for tasks to queue
[2024-04-26T22:46:45.845+0000] {logging_mixin.py:188} INFO - [2024-04-26T22:46:45.845+0000] {dagbag.py:540} INFO - Filling up the DagBag from /home/airflow/.local/lib/python3.12/site-packages/airflow/example_dags/example_python_operator.py
[2024-04-26T22:46:45.853+0000] {processor.py:840} INFO - DAG(s) 'example_python_operator' retrieved from /home/airflow/.local/lib/python3.12/site-packages/airflow/example_dags/example_python_operator.py
[2024-04-26T22:46:45.869+0000] {logging_mixin.py:188} INFO - [2024-04-26T22:46:45.869+0000] {dag.py:3096} INFO - Sync 1 DAGs
[2024-04-26T22:46:45.877+0000] {logging_mixin.py:188} INFO - [2024-04-26T22:46:45.877+0000] {dag.py:3954} INFO - Setting next_dagrun for example_python_operator to None, run_after=None
[2024-04-26T22:46:45.889+0000] {processor.py:183} INFO - Processing /home/airflow/.local/lib/python3.12/site-packages/airflow/example_dags/example_python_operator.py took 0.050 seconds
