[2024-04-26T00:26:02.430+0000] {processor.py:161} INFO - Started process (PID=37313) to work on /home/airflow/.local/lib/python3.12/site-packages/airflow/example_dags/example_skip_dag.py
[2024-04-26T00:26:02.431+0000] {processor.py:830} INFO - Processing file /home/airflow/.local/lib/python3.12/site-packages/airflow/example_dags/example_skip_dag.py for tasks to queue
[2024-04-26T00:26:02.432+0000] {logging_mixin.py:188} INFO - [2024-04-26T00:26:02.431+0000] {dagbag.py:540} INFO - Filling up the DagBag from /home/airflow/.local/lib/python3.12/site-packages/airflow/example_dags/example_skip_dag.py
[2024-04-26T00:26:02.437+0000] {processor.py:840} INFO - DAG(s) 'example_skip_dag' retrieved from /home/airflow/.local/lib/python3.12/site-packages/airflow/example_dags/example_skip_dag.py
[2024-04-26T00:26:02.453+0000] {logging_mixin.py:188} INFO - [2024-04-26T00:26:02.453+0000] {dag.py:3096} INFO - Sync 1 DAGs
[2024-04-26T00:26:02.470+0000] {logging_mixin.py:188} INFO - [2024-04-26T00:26:02.470+0000] {dag.py:3954} INFO - Setting next_dagrun for example_skip_dag to 2024-04-25 00:00:00+00:00, run_after=2024-04-26 00:00:00+00:00
[2024-04-26T00:26:02.486+0000] {processor.py:183} INFO - Processing /home/airflow/.local/lib/python3.12/site-packages/airflow/example_dags/example_skip_dag.py took 0.061 seconds
[2024-04-26T03:28:54.162+0000] {processor.py:161} INFO - Started process (PID=37373) to work on /home/airflow/.local/lib/python3.12/site-packages/airflow/example_dags/example_skip_dag.py
[2024-04-26T03:28:54.163+0000] {processor.py:830} INFO - Processing file /home/airflow/.local/lib/python3.12/site-packages/airflow/example_dags/example_skip_dag.py for tasks to queue
[2024-04-26T03:28:54.164+0000] {logging_mixin.py:188} INFO - [2024-04-26T03:28:54.164+0000] {dagbag.py:540} INFO - Filling up the DagBag from /home/airflow/.local/lib/python3.12/site-packages/airflow/example_dags/example_skip_dag.py
[2024-04-26T03:28:54.172+0000] {processor.py:840} INFO - DAG(s) 'example_skip_dag' retrieved from /home/airflow/.local/lib/python3.12/site-packages/airflow/example_dags/example_skip_dag.py
[2024-04-26T03:28:54.195+0000] {logging_mixin.py:188} INFO - [2024-04-26T03:28:54.195+0000] {dag.py:3096} INFO - Sync 1 DAGs
[2024-04-26T03:28:54.217+0000] {logging_mixin.py:188} INFO - [2024-04-26T03:28:54.217+0000] {dag.py:3954} INFO - Setting next_dagrun for example_skip_dag to 2024-04-25 00:00:00+00:00, run_after=2024-04-26 00:00:00+00:00
[2024-04-26T03:28:54.237+0000] {processor.py:183} INFO - Processing /home/airflow/.local/lib/python3.12/site-packages/airflow/example_dags/example_skip_dag.py took 0.082 seconds
[2024-04-26T06:31:48.853+0000] {processor.py:161} INFO - Started process (PID=37433) to work on /home/airflow/.local/lib/python3.12/site-packages/airflow/example_dags/example_skip_dag.py
[2024-04-26T06:31:48.855+0000] {processor.py:830} INFO - Processing file /home/airflow/.local/lib/python3.12/site-packages/airflow/example_dags/example_skip_dag.py for tasks to queue
[2024-04-26T06:31:48.859+0000] {logging_mixin.py:188} INFO - [2024-04-26T06:31:48.858+0000] {dagbag.py:540} INFO - Filling up the DagBag from /home/airflow/.local/lib/python3.12/site-packages/airflow/example_dags/example_skip_dag.py
[2024-04-26T06:31:48.868+0000] {processor.py:840} INFO - DAG(s) 'example_skip_dag' retrieved from /home/airflow/.local/lib/python3.12/site-packages/airflow/example_dags/example_skip_dag.py
[2024-04-26T06:31:48.909+0000] {logging_mixin.py:188} INFO - [2024-04-26T06:31:48.909+0000] {dag.py:3096} INFO - Sync 1 DAGs
[2024-04-26T06:31:48.951+0000] {logging_mixin.py:188} INFO - [2024-04-26T06:31:48.950+0000] {dag.py:3954} INFO - Setting next_dagrun for example_skip_dag to 2024-04-25 00:00:00+00:00, run_after=2024-04-26 00:00:00+00:00
[2024-04-26T06:31:48.985+0000] {processor.py:183} INFO - Processing /home/airflow/.local/lib/python3.12/site-packages/airflow/example_dags/example_skip_dag.py took 0.141 seconds
[2024-04-26T08:33:47.206+0000] {processor.py:161} INFO - Started process (PID=37493) to work on /home/airflow/.local/lib/python3.12/site-packages/airflow/example_dags/example_skip_dag.py
[2024-04-26T08:33:47.207+0000] {processor.py:830} INFO - Processing file /home/airflow/.local/lib/python3.12/site-packages/airflow/example_dags/example_skip_dag.py for tasks to queue
[2024-04-26T08:33:47.207+0000] {logging_mixin.py:188} INFO - [2024-04-26T08:33:47.207+0000] {dagbag.py:540} INFO - Filling up the DagBag from /home/airflow/.local/lib/python3.12/site-packages/airflow/example_dags/example_skip_dag.py
[2024-04-26T08:33:47.213+0000] {processor.py:840} INFO - DAG(s) 'example_skip_dag' retrieved from /home/airflow/.local/lib/python3.12/site-packages/airflow/example_dags/example_skip_dag.py
[2024-04-26T08:33:47.230+0000] {logging_mixin.py:188} INFO - [2024-04-26T08:33:47.230+0000] {dag.py:3096} INFO - Sync 1 DAGs
[2024-04-26T08:33:47.247+0000] {logging_mixin.py:188} INFO - [2024-04-26T08:33:47.247+0000] {dag.py:3954} INFO - Setting next_dagrun for example_skip_dag to 2024-04-25 00:00:00+00:00, run_after=2024-04-26 00:00:00+00:00
[2024-04-26T08:33:47.260+0000] {processor.py:183} INFO - Processing /home/airflow/.local/lib/python3.12/site-packages/airflow/example_dags/example_skip_dag.py took 0.060 seconds
[2024-04-26T09:34:43.699+0000] {processor.py:161} INFO - Started process (PID=37553) to work on /home/airflow/.local/lib/python3.12/site-packages/airflow/example_dags/example_skip_dag.py
[2024-04-26T09:34:43.700+0000] {processor.py:830} INFO - Processing file /home/airflow/.local/lib/python3.12/site-packages/airflow/example_dags/example_skip_dag.py for tasks to queue
[2024-04-26T09:34:43.701+0000] {logging_mixin.py:188} INFO - [2024-04-26T09:34:43.701+0000] {dagbag.py:540} INFO - Filling up the DagBag from /home/airflow/.local/lib/python3.12/site-packages/airflow/example_dags/example_skip_dag.py
[2024-04-26T09:34:43.706+0000] {processor.py:840} INFO - DAG(s) 'example_skip_dag' retrieved from /home/airflow/.local/lib/python3.12/site-packages/airflow/example_dags/example_skip_dag.py
[2024-04-26T09:34:43.728+0000] {logging_mixin.py:188} INFO - [2024-04-26T09:34:43.728+0000] {dag.py:3096} INFO - Sync 1 DAGs
[2024-04-26T09:34:43.744+0000] {logging_mixin.py:188} INFO - [2024-04-26T09:34:43.744+0000] {dag.py:3954} INFO - Setting next_dagrun for example_skip_dag to 2024-04-25 00:00:00+00:00, run_after=2024-04-26 00:00:00+00:00
[2024-04-26T09:34:43.756+0000] {processor.py:183} INFO - Processing /home/airflow/.local/lib/python3.12/site-packages/airflow/example_dags/example_skip_dag.py took 0.062 seconds
[2024-04-26T10:52:41.896+0000] {processor.py:161} INFO - Started process (PID=37613) to work on /home/airflow/.local/lib/python3.12/site-packages/airflow/example_dags/example_skip_dag.py
[2024-04-26T10:52:41.897+0000] {processor.py:830} INFO - Processing file /home/airflow/.local/lib/python3.12/site-packages/airflow/example_dags/example_skip_dag.py for tasks to queue
[2024-04-26T10:52:41.898+0000] {logging_mixin.py:188} INFO - [2024-04-26T10:52:41.898+0000] {dagbag.py:540} INFO - Filling up the DagBag from /home/airflow/.local/lib/python3.12/site-packages/airflow/example_dags/example_skip_dag.py
[2024-04-26T10:52:41.903+0000] {processor.py:840} INFO - DAG(s) 'example_skip_dag' retrieved from /home/airflow/.local/lib/python3.12/site-packages/airflow/example_dags/example_skip_dag.py
[2024-04-26T10:52:41.921+0000] {logging_mixin.py:188} INFO - [2024-04-26T10:52:41.920+0000] {dag.py:3096} INFO - Sync 1 DAGs
[2024-04-26T10:52:41.937+0000] {logging_mixin.py:188} INFO - [2024-04-26T10:52:41.937+0000] {dag.py:3954} INFO - Setting next_dagrun for example_skip_dag to 2024-04-25 00:00:00+00:00, run_after=2024-04-26 00:00:00+00:00
[2024-04-26T10:52:41.951+0000] {processor.py:183} INFO - Processing /home/airflow/.local/lib/python3.12/site-packages/airflow/example_dags/example_skip_dag.py took 0.060 seconds
[2024-04-26T14:39:14.408+0000] {processor.py:161} INFO - Started process (PID=37673) to work on /home/airflow/.local/lib/python3.12/site-packages/airflow/example_dags/example_skip_dag.py
[2024-04-26T14:39:14.412+0000] {processor.py:830} INFO - Processing file /home/airflow/.local/lib/python3.12/site-packages/airflow/example_dags/example_skip_dag.py for tasks to queue
[2024-04-26T14:39:14.415+0000] {logging_mixin.py:188} INFO - [2024-04-26T14:39:14.414+0000] {dagbag.py:540} INFO - Filling up the DagBag from /home/airflow/.local/lib/python3.12/site-packages/airflow/example_dags/example_skip_dag.py
[2024-04-26T14:39:14.443+0000] {processor.py:840} INFO - DAG(s) 'example_skip_dag' retrieved from /home/airflow/.local/lib/python3.12/site-packages/airflow/example_dags/example_skip_dag.py
[2024-04-26T14:39:14.497+0000] {logging_mixin.py:188} INFO - [2024-04-26T14:39:14.497+0000] {dag.py:3096} INFO - Sync 1 DAGs
[2024-04-26T14:39:14.550+0000] {logging_mixin.py:188} INFO - [2024-04-26T14:39:14.550+0000] {dag.py:3954} INFO - Setting next_dagrun for example_skip_dag to 2024-04-25 00:00:00+00:00, run_after=2024-04-26 00:00:00+00:00
[2024-04-26T14:39:14.592+0000] {processor.py:183} INFO - Processing /home/airflow/.local/lib/python3.12/site-packages/airflow/example_dags/example_skip_dag.py took 0.202 seconds
[2024-04-26T17:42:10.467+0000] {processor.py:161} INFO - Started process (PID=37733) to work on /home/airflow/.local/lib/python3.12/site-packages/airflow/example_dags/example_skip_dag.py
[2024-04-26T17:42:10.468+0000] {processor.py:830} INFO - Processing file /home/airflow/.local/lib/python3.12/site-packages/airflow/example_dags/example_skip_dag.py for tasks to queue
[2024-04-26T17:42:10.468+0000] {logging_mixin.py:188} INFO - [2024-04-26T17:42:10.468+0000] {dagbag.py:540} INFO - Filling up the DagBag from /home/airflow/.local/lib/python3.12/site-packages/airflow/example_dags/example_skip_dag.py
[2024-04-26T17:42:10.473+0000] {processor.py:840} INFO - DAG(s) 'example_skip_dag' retrieved from /home/airflow/.local/lib/python3.12/site-packages/airflow/example_dags/example_skip_dag.py
[2024-04-26T17:42:10.488+0000] {logging_mixin.py:188} INFO - [2024-04-26T17:42:10.488+0000] {dag.py:3096} INFO - Sync 1 DAGs
[2024-04-26T17:42:10.503+0000] {logging_mixin.py:188} INFO - [2024-04-26T17:42:10.503+0000] {dag.py:3954} INFO - Setting next_dagrun for example_skip_dag to 2024-04-25 00:00:00+00:00, run_after=2024-04-26 00:00:00+00:00
[2024-04-26T17:42:10.516+0000] {processor.py:183} INFO - Processing /home/airflow/.local/lib/python3.12/site-packages/airflow/example_dags/example_skip_dag.py took 0.053 seconds
[2024-04-26T20:44:58.855+0000] {processor.py:161} INFO - Started process (PID=37793) to work on /home/airflow/.local/lib/python3.12/site-packages/airflow/example_dags/example_skip_dag.py
[2024-04-26T20:44:58.856+0000] {processor.py:830} INFO - Processing file /home/airflow/.local/lib/python3.12/site-packages/airflow/example_dags/example_skip_dag.py for tasks to queue
[2024-04-26T20:44:58.857+0000] {logging_mixin.py:188} INFO - [2024-04-26T20:44:58.857+0000] {dagbag.py:540} INFO - Filling up the DagBag from /home/airflow/.local/lib/python3.12/site-packages/airflow/example_dags/example_skip_dag.py
[2024-04-26T20:44:58.862+0000] {processor.py:840} INFO - DAG(s) 'example_skip_dag' retrieved from /home/airflow/.local/lib/python3.12/site-packages/airflow/example_dags/example_skip_dag.py
[2024-04-26T20:44:58.877+0000] {logging_mixin.py:188} INFO - [2024-04-26T20:44:58.877+0000] {dag.py:3096} INFO - Sync 1 DAGs
[2024-04-26T20:44:58.892+0000] {logging_mixin.py:188} INFO - [2024-04-26T20:44:58.892+0000] {dag.py:3954} INFO - Setting next_dagrun for example_skip_dag to 2024-04-25 00:00:00+00:00, run_after=2024-04-26 00:00:00+00:00
[2024-04-26T20:44:58.904+0000] {processor.py:183} INFO - Processing /home/airflow/.local/lib/python3.12/site-packages/airflow/example_dags/example_skip_dag.py took 0.054 seconds
[2024-04-26T22:46:44.845+0000] {processor.py:161} INFO - Started process (PID=37853) to work on /home/airflow/.local/lib/python3.12/site-packages/airflow/example_dags/example_skip_dag.py
[2024-04-26T22:46:44.847+0000] {processor.py:830} INFO - Processing file /home/airflow/.local/lib/python3.12/site-packages/airflow/example_dags/example_skip_dag.py for tasks to queue
[2024-04-26T22:46:44.848+0000] {logging_mixin.py:188} INFO - [2024-04-26T22:46:44.848+0000] {dagbag.py:540} INFO - Filling up the DagBag from /home/airflow/.local/lib/python3.12/site-packages/airflow/example_dags/example_skip_dag.py
[2024-04-26T22:46:44.857+0000] {processor.py:840} INFO - DAG(s) 'example_skip_dag' retrieved from /home/airflow/.local/lib/python3.12/site-packages/airflow/example_dags/example_skip_dag.py
[2024-04-26T22:46:44.890+0000] {logging_mixin.py:188} INFO - [2024-04-26T22:46:44.890+0000] {dag.py:3096} INFO - Sync 1 DAGs
[2024-04-26T22:46:44.924+0000] {logging_mixin.py:188} INFO - [2024-04-26T22:46:44.924+0000] {dag.py:3954} INFO - Setting next_dagrun for example_skip_dag to 2024-04-25 00:00:00+00:00, run_after=2024-04-26 00:00:00+00:00
[2024-04-26T22:46:44.960+0000] {processor.py:183} INFO - Processing /home/airflow/.local/lib/python3.12/site-packages/airflow/example_dags/example_skip_dag.py took 0.124 seconds
