[2024-04-26T00:26:02.591+0000] {processor.py:161} INFO - Started process (PID=37316) to work on /home/airflow/.local/lib/python3.12/site-packages/airflow/example_dags/example_external_task_marker_dag.py
[2024-04-26T00:26:02.592+0000] {processor.py:830} INFO - Processing file /home/airflow/.local/lib/python3.12/site-packages/airflow/example_dags/example_external_task_marker_dag.py for tasks to queue
[2024-04-26T00:26:02.593+0000] {logging_mixin.py:188} INFO - [2024-04-26T00:26:02.592+0000] {dagbag.py:540} INFO - Filling up the DagBag from /home/airflow/.local/lib/python3.12/site-packages/airflow/example_dags/example_external_task_marker_dag.py
[2024-04-26T00:26:02.598+0000] {processor.py:840} INFO - DAG(s) 'example_external_task_marker_parent', 'example_external_task_marker_child' retrieved from /home/airflow/.local/lib/python3.12/site-packages/airflow/example_dags/example_external_task_marker_dag.py
[2024-04-26T00:26:02.616+0000] {logging_mixin.py:188} INFO - [2024-04-26T00:26:02.616+0000] {dag.py:3096} INFO - Sync 2 DAGs
[2024-04-26T00:26:02.626+0000] {logging_mixin.py:188} INFO - [2024-04-26T00:26:02.626+0000] {dag.py:3954} INFO - Setting next_dagrun for example_external_task_marker_child to None, run_after=None
[2024-04-26T00:26:02.629+0000] {logging_mixin.py:188} INFO - [2024-04-26T00:26:02.629+0000] {dag.py:3954} INFO - Setting next_dagrun for example_external_task_marker_parent to None, run_after=None
[2024-04-26T00:26:02.641+0000] {processor.py:183} INFO - Processing /home/airflow/.local/lib/python3.12/site-packages/airflow/example_dags/example_external_task_marker_dag.py took 0.059 seconds
[2024-04-26T03:28:54.341+0000] {processor.py:161} INFO - Started process (PID=37376) to work on /home/airflow/.local/lib/python3.12/site-packages/airflow/example_dags/example_external_task_marker_dag.py
[2024-04-26T03:28:54.342+0000] {processor.py:830} INFO - Processing file /home/airflow/.local/lib/python3.12/site-packages/airflow/example_dags/example_external_task_marker_dag.py for tasks to queue
[2024-04-26T03:28:54.342+0000] {logging_mixin.py:188} INFO - [2024-04-26T03:28:54.342+0000] {dagbag.py:540} INFO - Filling up the DagBag from /home/airflow/.local/lib/python3.12/site-packages/airflow/example_dags/example_external_task_marker_dag.py
[2024-04-26T03:28:54.348+0000] {processor.py:840} INFO - DAG(s) 'example_external_task_marker_parent', 'example_external_task_marker_child' retrieved from /home/airflow/.local/lib/python3.12/site-packages/airflow/example_dags/example_external_task_marker_dag.py
[2024-04-26T03:28:54.370+0000] {logging_mixin.py:188} INFO - [2024-04-26T03:28:54.369+0000] {dag.py:3096} INFO - Sync 2 DAGs
[2024-04-26T03:28:54.382+0000] {logging_mixin.py:188} INFO - [2024-04-26T03:28:54.382+0000] {dag.py:3954} INFO - Setting next_dagrun for example_external_task_marker_child to None, run_after=None
[2024-04-26T03:28:54.386+0000] {logging_mixin.py:188} INFO - [2024-04-26T03:28:54.385+0000] {dag.py:3954} INFO - Setting next_dagrun for example_external_task_marker_parent to None, run_after=None
[2024-04-26T03:28:54.399+0000] {processor.py:183} INFO - Processing /home/airflow/.local/lib/python3.12/site-packages/airflow/example_dags/example_external_task_marker_dag.py took 0.064 seconds
[2024-04-26T06:31:49.156+0000] {processor.py:161} INFO - Started process (PID=37436) to work on /home/airflow/.local/lib/python3.12/site-packages/airflow/example_dags/example_external_task_marker_dag.py
[2024-04-26T06:31:49.159+0000] {processor.py:830} INFO - Processing file /home/airflow/.local/lib/python3.12/site-packages/airflow/example_dags/example_external_task_marker_dag.py for tasks to queue
[2024-04-26T06:31:49.162+0000] {logging_mixin.py:188} INFO - [2024-04-26T06:31:49.161+0000] {dagbag.py:540} INFO - Filling up the DagBag from /home/airflow/.local/lib/python3.12/site-packages/airflow/example_dags/example_external_task_marker_dag.py
[2024-04-26T06:31:49.176+0000] {processor.py:840} INFO - DAG(s) 'example_external_task_marker_parent', 'example_external_task_marker_child' retrieved from /home/airflow/.local/lib/python3.12/site-packages/airflow/example_dags/example_external_task_marker_dag.py
[2024-04-26T06:31:49.221+0000] {logging_mixin.py:188} INFO - [2024-04-26T06:31:49.221+0000] {dag.py:3096} INFO - Sync 2 DAGs
[2024-04-26T06:31:49.240+0000] {logging_mixin.py:188} INFO - [2024-04-26T06:31:49.240+0000] {dag.py:3954} INFO - Setting next_dagrun for example_external_task_marker_child to None, run_after=None
[2024-04-26T06:31:49.246+0000] {logging_mixin.py:188} INFO - [2024-04-26T06:31:49.246+0000] {dag.py:3954} INFO - Setting next_dagrun for example_external_task_marker_parent to None, run_after=None
[2024-04-26T06:31:49.269+0000] {processor.py:183} INFO - Processing /home/airflow/.local/lib/python3.12/site-packages/airflow/example_dags/example_external_task_marker_dag.py took 0.131 seconds
[2024-04-26T08:33:47.285+0000] {processor.py:161} INFO - Started process (PID=37496) to work on /home/airflow/.local/lib/python3.12/site-packages/airflow/example_dags/example_external_task_marker_dag.py
[2024-04-26T08:33:47.285+0000] {processor.py:830} INFO - Processing file /home/airflow/.local/lib/python3.12/site-packages/airflow/example_dags/example_external_task_marker_dag.py for tasks to queue
[2024-04-26T08:33:47.286+0000] {logging_mixin.py:188} INFO - [2024-04-26T08:33:47.286+0000] {dagbag.py:540} INFO - Filling up the DagBag from /home/airflow/.local/lib/python3.12/site-packages/airflow/example_dags/example_external_task_marker_dag.py
[2024-04-26T08:33:47.291+0000] {processor.py:840} INFO - DAG(s) 'example_external_task_marker_parent', 'example_external_task_marker_child' retrieved from /home/airflow/.local/lib/python3.12/site-packages/airflow/example_dags/example_external_task_marker_dag.py
[2024-04-26T08:33:47.308+0000] {logging_mixin.py:188} INFO - [2024-04-26T08:33:47.308+0000] {dag.py:3096} INFO - Sync 2 DAGs
[2024-04-26T08:33:47.316+0000] {logging_mixin.py:188} INFO - [2024-04-26T08:33:47.316+0000] {dag.py:3954} INFO - Setting next_dagrun for example_external_task_marker_child to None, run_after=None
[2024-04-26T08:33:47.319+0000] {logging_mixin.py:188} INFO - [2024-04-26T08:33:47.319+0000] {dag.py:3954} INFO - Setting next_dagrun for example_external_task_marker_parent to None, run_after=None
[2024-04-26T08:33:47.329+0000] {processor.py:183} INFO - Processing /home/airflow/.local/lib/python3.12/site-packages/airflow/example_dags/example_external_task_marker_dag.py took 0.048 seconds
[2024-04-26T09:34:43.813+0000] {processor.py:161} INFO - Started process (PID=37556) to work on /home/airflow/.local/lib/python3.12/site-packages/airflow/example_dags/example_external_task_marker_dag.py
[2024-04-26T09:34:43.814+0000] {processor.py:830} INFO - Processing file /home/airflow/.local/lib/python3.12/site-packages/airflow/example_dags/example_external_task_marker_dag.py for tasks to queue
[2024-04-26T09:34:43.815+0000] {logging_mixin.py:188} INFO - [2024-04-26T09:34:43.815+0000] {dagbag.py:540} INFO - Filling up the DagBag from /home/airflow/.local/lib/python3.12/site-packages/airflow/example_dags/example_external_task_marker_dag.py
[2024-04-26T09:34:43.820+0000] {processor.py:840} INFO - DAG(s) 'example_external_task_marker_child', 'example_external_task_marker_parent' retrieved from /home/airflow/.local/lib/python3.12/site-packages/airflow/example_dags/example_external_task_marker_dag.py
[2024-04-26T09:34:43.836+0000] {logging_mixin.py:188} INFO - [2024-04-26T09:34:43.836+0000] {dag.py:3096} INFO - Sync 2 DAGs
[2024-04-26T09:34:43.846+0000] {logging_mixin.py:188} INFO - [2024-04-26T09:34:43.846+0000] {dag.py:3954} INFO - Setting next_dagrun for example_external_task_marker_child to None, run_after=None
[2024-04-26T09:34:43.849+0000] {logging_mixin.py:188} INFO - [2024-04-26T09:34:43.848+0000] {dag.py:3954} INFO - Setting next_dagrun for example_external_task_marker_parent to None, run_after=None
[2024-04-26T09:34:43.859+0000] {processor.py:183} INFO - Processing /home/airflow/.local/lib/python3.12/site-packages/airflow/example_dags/example_external_task_marker_dag.py took 0.050 seconds
[2024-04-26T10:52:41.976+0000] {processor.py:161} INFO - Started process (PID=37616) to work on /home/airflow/.local/lib/python3.12/site-packages/airflow/example_dags/example_external_task_marker_dag.py
[2024-04-26T10:52:41.977+0000] {processor.py:830} INFO - Processing file /home/airflow/.local/lib/python3.12/site-packages/airflow/example_dags/example_external_task_marker_dag.py for tasks to queue
[2024-04-26T10:52:41.977+0000] {logging_mixin.py:188} INFO - [2024-04-26T10:52:41.977+0000] {dagbag.py:540} INFO - Filling up the DagBag from /home/airflow/.local/lib/python3.12/site-packages/airflow/example_dags/example_external_task_marker_dag.py
[2024-04-26T10:52:41.982+0000] {processor.py:840} INFO - DAG(s) 'example_external_task_marker_child', 'example_external_task_marker_parent' retrieved from /home/airflow/.local/lib/python3.12/site-packages/airflow/example_dags/example_external_task_marker_dag.py
[2024-04-26T10:52:42.003+0000] {logging_mixin.py:188} INFO - [2024-04-26T10:52:42.003+0000] {dag.py:3096} INFO - Sync 2 DAGs
[2024-04-26T10:52:42.012+0000] {logging_mixin.py:188} INFO - [2024-04-26T10:52:42.012+0000] {dag.py:3954} INFO - Setting next_dagrun for example_external_task_marker_child to None, run_after=None
[2024-04-26T10:52:42.015+0000] {logging_mixin.py:188} INFO - [2024-04-26T10:52:42.015+0000] {dag.py:3954} INFO - Setting next_dagrun for example_external_task_marker_parent to None, run_after=None
[2024-04-26T10:52:42.028+0000] {processor.py:183} INFO - Processing /home/airflow/.local/lib/python3.12/site-packages/airflow/example_dags/example_external_task_marker_dag.py took 0.057 seconds
[2024-04-26T14:39:14.792+0000] {processor.py:161} INFO - Started process (PID=37676) to work on /home/airflow/.local/lib/python3.12/site-packages/airflow/example_dags/example_external_task_marker_dag.py
[2024-04-26T14:39:14.794+0000] {processor.py:830} INFO - Processing file /home/airflow/.local/lib/python3.12/site-packages/airflow/example_dags/example_external_task_marker_dag.py for tasks to queue
[2024-04-26T14:39:14.795+0000] {logging_mixin.py:188} INFO - [2024-04-26T14:39:14.795+0000] {dagbag.py:540} INFO - Filling up the DagBag from /home/airflow/.local/lib/python3.12/site-packages/airflow/example_dags/example_external_task_marker_dag.py
[2024-04-26T14:39:14.805+0000] {processor.py:840} INFO - DAG(s) 'example_external_task_marker_parent', 'example_external_task_marker_child' retrieved from /home/airflow/.local/lib/python3.12/site-packages/airflow/example_dags/example_external_task_marker_dag.py
[2024-04-26T14:39:14.851+0000] {logging_mixin.py:188} INFO - [2024-04-26T14:39:14.850+0000] {dag.py:3096} INFO - Sync 2 DAGs
[2024-04-26T14:39:14.869+0000] {logging_mixin.py:188} INFO - [2024-04-26T14:39:14.868+0000] {dag.py:3954} INFO - Setting next_dagrun for example_external_task_marker_child to None, run_after=None
[2024-04-26T14:39:14.875+0000] {logging_mixin.py:188} INFO - [2024-04-26T14:39:14.875+0000] {dag.py:3954} INFO - Setting next_dagrun for example_external_task_marker_parent to None, run_after=None
[2024-04-26T14:39:14.903+0000] {processor.py:183} INFO - Processing /home/airflow/.local/lib/python3.12/site-packages/airflow/example_dags/example_external_task_marker_dag.py took 0.118 seconds
[2024-04-26T17:42:10.572+0000] {processor.py:161} INFO - Started process (PID=37736) to work on /home/airflow/.local/lib/python3.12/site-packages/airflow/example_dags/example_external_task_marker_dag.py
[2024-04-26T17:42:10.573+0000] {processor.py:830} INFO - Processing file /home/airflow/.local/lib/python3.12/site-packages/airflow/example_dags/example_external_task_marker_dag.py for tasks to queue
[2024-04-26T17:42:10.574+0000] {logging_mixin.py:188} INFO - [2024-04-26T17:42:10.574+0000] {dagbag.py:540} INFO - Filling up the DagBag from /home/airflow/.local/lib/python3.12/site-packages/airflow/example_dags/example_external_task_marker_dag.py
[2024-04-26T17:42:10.579+0000] {processor.py:840} INFO - DAG(s) 'example_external_task_marker_child', 'example_external_task_marker_parent' retrieved from /home/airflow/.local/lib/python3.12/site-packages/airflow/example_dags/example_external_task_marker_dag.py
[2024-04-26T17:42:10.595+0000] {logging_mixin.py:188} INFO - [2024-04-26T17:42:10.595+0000] {dag.py:3096} INFO - Sync 2 DAGs
[2024-04-26T17:42:10.604+0000] {logging_mixin.py:188} INFO - [2024-04-26T17:42:10.604+0000] {dag.py:3954} INFO - Setting next_dagrun for example_external_task_marker_child to None, run_after=None
[2024-04-26T17:42:10.607+0000] {logging_mixin.py:188} INFO - [2024-04-26T17:42:10.607+0000] {dag.py:3954} INFO - Setting next_dagrun for example_external_task_marker_parent to None, run_after=None
[2024-04-26T17:42:10.618+0000] {processor.py:183} INFO - Processing /home/airflow/.local/lib/python3.12/site-packages/airflow/example_dags/example_external_task_marker_dag.py took 0.050 seconds
[2024-04-26T20:44:58.977+0000] {processor.py:161} INFO - Started process (PID=37796) to work on /home/airflow/.local/lib/python3.12/site-packages/airflow/example_dags/example_external_task_marker_dag.py
[2024-04-26T20:44:58.978+0000] {processor.py:830} INFO - Processing file /home/airflow/.local/lib/python3.12/site-packages/airflow/example_dags/example_external_task_marker_dag.py for tasks to queue
[2024-04-26T20:44:58.983+0000] {logging_mixin.py:188} INFO - [2024-04-26T20:44:58.982+0000] {dagbag.py:540} INFO - Filling up the DagBag from /home/airflow/.local/lib/python3.12/site-packages/airflow/example_dags/example_external_task_marker_dag.py
[2024-04-26T20:44:58.987+0000] {processor.py:840} INFO - DAG(s) 'example_external_task_marker_parent', 'example_external_task_marker_child' retrieved from /home/airflow/.local/lib/python3.12/site-packages/airflow/example_dags/example_external_task_marker_dag.py
[2024-04-26T20:44:59.004+0000] {logging_mixin.py:188} INFO - [2024-04-26T20:44:59.003+0000] {dag.py:3096} INFO - Sync 2 DAGs
[2024-04-26T20:44:59.012+0000] {logging_mixin.py:188} INFO - [2024-04-26T20:44:59.012+0000] {dag.py:3954} INFO - Setting next_dagrun for example_external_task_marker_child to None, run_after=None
[2024-04-26T20:44:59.015+0000] {logging_mixin.py:188} INFO - [2024-04-26T20:44:59.015+0000] {dag.py:3954} INFO - Setting next_dagrun for example_external_task_marker_parent to None, run_after=None
[2024-04-26T20:44:59.026+0000] {processor.py:183} INFO - Processing /home/airflow/.local/lib/python3.12/site-packages/airflow/example_dags/example_external_task_marker_dag.py took 0.053 seconds
[2024-04-26T22:46:45.210+0000] {processor.py:161} INFO - Started process (PID=37856) to work on /home/airflow/.local/lib/python3.12/site-packages/airflow/example_dags/example_external_task_marker_dag.py
[2024-04-26T22:46:45.211+0000] {processor.py:830} INFO - Processing file /home/airflow/.local/lib/python3.12/site-packages/airflow/example_dags/example_external_task_marker_dag.py for tasks to queue
[2024-04-26T22:46:45.212+0000] {logging_mixin.py:188} INFO - [2024-04-26T22:46:45.212+0000] {dagbag.py:540} INFO - Filling up the DagBag from /home/airflow/.local/lib/python3.12/site-packages/airflow/example_dags/example_external_task_marker_dag.py
[2024-04-26T22:46:45.218+0000] {processor.py:840} INFO - DAG(s) 'example_external_task_marker_child', 'example_external_task_marker_parent' retrieved from /home/airflow/.local/lib/python3.12/site-packages/airflow/example_dags/example_external_task_marker_dag.py
[2024-04-26T22:46:45.244+0000] {logging_mixin.py:188} INFO - [2024-04-26T22:46:45.244+0000] {dag.py:3096} INFO - Sync 2 DAGs
[2024-04-26T22:46:45.259+0000] {logging_mixin.py:188} INFO - [2024-04-26T22:46:45.259+0000] {dag.py:3954} INFO - Setting next_dagrun for example_external_task_marker_child to None, run_after=None
[2024-04-26T22:46:45.264+0000] {logging_mixin.py:188} INFO - [2024-04-26T22:46:45.264+0000] {dag.py:3954} INFO - Setting next_dagrun for example_external_task_marker_parent to None, run_after=None
[2024-04-26T22:46:45.285+0000] {processor.py:183} INFO - Processing /home/airflow/.local/lib/python3.12/site-packages/airflow/example_dags/example_external_task_marker_dag.py took 0.081 seconds
