[2024-04-26T00:26:03.812+0000] {processor.py:161} INFO - Started process (PID=37343) to work on /home/airflow/.local/lib/python3.12/site-packages/airflow/example_dags/example_dag_decorator.py
[2024-04-26T00:26:03.815+0000] {processor.py:830} INFO - Processing file /home/airflow/.local/lib/python3.12/site-packages/airflow/example_dags/example_dag_decorator.py for tasks to queue
[2024-04-26T00:26:03.816+0000] {logging_mixin.py:188} INFO - [2024-04-26T00:26:03.816+0000] {dagbag.py:540} INFO - Filling up the DagBag from /home/airflow/.local/lib/python3.12/site-packages/airflow/example_dags/example_dag_decorator.py
[2024-04-26T00:26:03.906+0000] {processor.py:840} INFO - DAG(s) 'example_dag_decorator' retrieved from /home/airflow/.local/lib/python3.12/site-packages/airflow/example_dags/example_dag_decorator.py
[2024-04-26T00:26:03.989+0000] {logging_mixin.py:188} INFO - [2024-04-26T00:26:03.989+0000] {dag.py:3096} INFO - Sync 1 DAGs
[2024-04-26T00:26:03.997+0000] {logging_mixin.py:188} INFO - [2024-04-26T00:26:03.997+0000] {dag.py:3954} INFO - Setting next_dagrun for example_dag_decorator to None, run_after=None
[2024-04-26T00:26:04.011+0000] {processor.py:183} INFO - Processing /home/airflow/.local/lib/python3.12/site-packages/airflow/example_dags/example_dag_decorator.py took 0.204 seconds
[2024-04-26T03:28:55.578+0000] {processor.py:161} INFO - Started process (PID=37403) to work on /home/airflow/.local/lib/python3.12/site-packages/airflow/example_dags/example_dag_decorator.py
[2024-04-26T03:28:55.579+0000] {processor.py:830} INFO - Processing file /home/airflow/.local/lib/python3.12/site-packages/airflow/example_dags/example_dag_decorator.py for tasks to queue
[2024-04-26T03:28:55.580+0000] {logging_mixin.py:188} INFO - [2024-04-26T03:28:55.579+0000] {dagbag.py:540} INFO - Filling up the DagBag from /home/airflow/.local/lib/python3.12/site-packages/airflow/example_dags/example_dag_decorator.py
[2024-04-26T03:28:55.672+0000] {processor.py:840} INFO - DAG(s) 'example_dag_decorator' retrieved from /home/airflow/.local/lib/python3.12/site-packages/airflow/example_dags/example_dag_decorator.py
[2024-04-26T03:28:55.786+0000] {logging_mixin.py:188} INFO - [2024-04-26T03:28:55.786+0000] {dag.py:3096} INFO - Sync 1 DAGs
[2024-04-26T03:28:55.795+0000] {logging_mixin.py:188} INFO - [2024-04-26T03:28:55.795+0000] {dag.py:3954} INFO - Setting next_dagrun for example_dag_decorator to None, run_after=None
[2024-04-26T03:28:55.811+0000] {processor.py:183} INFO - Processing /home/airflow/.local/lib/python3.12/site-packages/airflow/example_dags/example_dag_decorator.py took 0.238 seconds
[2024-04-26T06:31:50.332+0000] {processor.py:161} INFO - Started process (PID=37463) to work on /home/airflow/.local/lib/python3.12/site-packages/airflow/example_dags/example_dag_decorator.py
[2024-04-26T06:31:50.333+0000] {processor.py:830} INFO - Processing file /home/airflow/.local/lib/python3.12/site-packages/airflow/example_dags/example_dag_decorator.py for tasks to queue
[2024-04-26T06:31:50.334+0000] {logging_mixin.py:188} INFO - [2024-04-26T06:31:50.334+0000] {dagbag.py:540} INFO - Filling up the DagBag from /home/airflow/.local/lib/python3.12/site-packages/airflow/example_dags/example_dag_decorator.py
[2024-04-26T06:31:50.413+0000] {processor.py:840} INFO - DAG(s) 'example_dag_decorator' retrieved from /home/airflow/.local/lib/python3.12/site-packages/airflow/example_dags/example_dag_decorator.py
[2024-04-26T06:31:50.511+0000] {logging_mixin.py:188} INFO - [2024-04-26T06:31:50.510+0000] {dag.py:3096} INFO - Sync 1 DAGs
[2024-04-26T06:31:50.520+0000] {logging_mixin.py:188} INFO - [2024-04-26T06:31:50.519+0000] {dag.py:3954} INFO - Setting next_dagrun for example_dag_decorator to None, run_after=None
[2024-04-26T06:31:50.535+0000] {processor.py:183} INFO - Processing /home/airflow/.local/lib/python3.12/site-packages/airflow/example_dags/example_dag_decorator.py took 0.209 seconds
[2024-04-26T08:33:48.389+0000] {processor.py:161} INFO - Started process (PID=37523) to work on /home/airflow/.local/lib/python3.12/site-packages/airflow/example_dags/example_dag_decorator.py
[2024-04-26T08:33:48.390+0000] {processor.py:830} INFO - Processing file /home/airflow/.local/lib/python3.12/site-packages/airflow/example_dags/example_dag_decorator.py for tasks to queue
[2024-04-26T08:33:48.391+0000] {logging_mixin.py:188} INFO - [2024-04-26T08:33:48.391+0000] {dagbag.py:540} INFO - Filling up the DagBag from /home/airflow/.local/lib/python3.12/site-packages/airflow/example_dags/example_dag_decorator.py
[2024-04-26T08:33:48.475+0000] {processor.py:840} INFO - DAG(s) 'example_dag_decorator' retrieved from /home/airflow/.local/lib/python3.12/site-packages/airflow/example_dags/example_dag_decorator.py
[2024-04-26T08:33:48.563+0000] {logging_mixin.py:188} INFO - [2024-04-26T08:33:48.563+0000] {dag.py:3096} INFO - Sync 1 DAGs
[2024-04-26T08:33:48.571+0000] {logging_mixin.py:188} INFO - [2024-04-26T08:33:48.571+0000] {dag.py:3954} INFO - Setting next_dagrun for example_dag_decorator to None, run_after=None
[2024-04-26T08:33:48.585+0000] {processor.py:183} INFO - Processing /home/airflow/.local/lib/python3.12/site-packages/airflow/example_dags/example_dag_decorator.py took 0.202 seconds
[2024-04-26T09:34:44.837+0000] {processor.py:161} INFO - Started process (PID=37583) to work on /home/airflow/.local/lib/python3.12/site-packages/airflow/example_dags/example_dag_decorator.py
[2024-04-26T09:34:44.838+0000] {processor.py:830} INFO - Processing file /home/airflow/.local/lib/python3.12/site-packages/airflow/example_dags/example_dag_decorator.py for tasks to queue
[2024-04-26T09:34:44.838+0000] {logging_mixin.py:188} INFO - [2024-04-26T09:34:44.838+0000] {dagbag.py:540} INFO - Filling up the DagBag from /home/airflow/.local/lib/python3.12/site-packages/airflow/example_dags/example_dag_decorator.py
[2024-04-26T09:34:44.909+0000] {processor.py:840} INFO - DAG(s) 'example_dag_decorator' retrieved from /home/airflow/.local/lib/python3.12/site-packages/airflow/example_dags/example_dag_decorator.py
[2024-04-26T09:34:44.990+0000] {logging_mixin.py:188} INFO - [2024-04-26T09:34:44.990+0000] {dag.py:3096} INFO - Sync 1 DAGs
[2024-04-26T09:34:44.997+0000] {logging_mixin.py:188} INFO - [2024-04-26T09:34:44.997+0000] {dag.py:3954} INFO - Setting next_dagrun for example_dag_decorator to None, run_after=None
[2024-04-26T09:34:45.010+0000] {processor.py:183} INFO - Processing /home/airflow/.local/lib/python3.12/site-packages/airflow/example_dags/example_dag_decorator.py took 0.177 seconds
[2024-04-26T10:52:42.969+0000] {processor.py:161} INFO - Started process (PID=37643) to work on /home/airflow/.local/lib/python3.12/site-packages/airflow/example_dags/example_dag_decorator.py
[2024-04-26T10:52:42.970+0000] {processor.py:830} INFO - Processing file /home/airflow/.local/lib/python3.12/site-packages/airflow/example_dags/example_dag_decorator.py for tasks to queue
[2024-04-26T10:52:42.970+0000] {logging_mixin.py:188} INFO - [2024-04-26T10:52:42.970+0000] {dagbag.py:540} INFO - Filling up the DagBag from /home/airflow/.local/lib/python3.12/site-packages/airflow/example_dags/example_dag_decorator.py
[2024-04-26T10:52:43.036+0000] {processor.py:840} INFO - DAG(s) 'example_dag_decorator' retrieved from /home/airflow/.local/lib/python3.12/site-packages/airflow/example_dags/example_dag_decorator.py
[2024-04-26T10:52:43.115+0000] {logging_mixin.py:188} INFO - [2024-04-26T10:52:43.115+0000] {dag.py:3096} INFO - Sync 1 DAGs
[2024-04-26T10:52:43.122+0000] {logging_mixin.py:188} INFO - [2024-04-26T10:52:43.122+0000] {dag.py:3954} INFO - Setting next_dagrun for example_dag_decorator to None, run_after=None
[2024-04-26T10:52:43.135+0000] {processor.py:183} INFO - Processing /home/airflow/.local/lib/python3.12/site-packages/airflow/example_dags/example_dag_decorator.py took 0.171 seconds
[2024-04-26T14:39:15.992+0000] {processor.py:161} INFO - Started process (PID=37703) to work on /home/airflow/.local/lib/python3.12/site-packages/airflow/example_dags/example_dag_decorator.py
[2024-04-26T14:39:15.993+0000] {processor.py:830} INFO - Processing file /home/airflow/.local/lib/python3.12/site-packages/airflow/example_dags/example_dag_decorator.py for tasks to queue
[2024-04-26T14:39:15.994+0000] {logging_mixin.py:188} INFO - [2024-04-26T14:39:15.994+0000] {dagbag.py:540} INFO - Filling up the DagBag from /home/airflow/.local/lib/python3.12/site-packages/airflow/example_dags/example_dag_decorator.py
[2024-04-26T14:39:16.061+0000] {processor.py:840} INFO - DAG(s) 'example_dag_decorator' retrieved from /home/airflow/.local/lib/python3.12/site-packages/airflow/example_dags/example_dag_decorator.py
[2024-04-26T14:39:16.138+0000] {logging_mixin.py:188} INFO - [2024-04-26T14:39:16.138+0000] {dag.py:3096} INFO - Sync 1 DAGs
[2024-04-26T14:39:16.145+0000] {logging_mixin.py:188} INFO - [2024-04-26T14:39:16.145+0000] {dag.py:3954} INFO - Setting next_dagrun for example_dag_decorator to None, run_after=None
[2024-04-26T14:39:16.157+0000] {processor.py:183} INFO - Processing /home/airflow/.local/lib/python3.12/site-packages/airflow/example_dags/example_dag_decorator.py took 0.169 seconds
[2024-04-26T17:42:11.725+0000] {processor.py:161} INFO - Started process (PID=37763) to work on /home/airflow/.local/lib/python3.12/site-packages/airflow/example_dags/example_dag_decorator.py
[2024-04-26T17:42:11.726+0000] {processor.py:830} INFO - Processing file /home/airflow/.local/lib/python3.12/site-packages/airflow/example_dags/example_dag_decorator.py for tasks to queue
[2024-04-26T17:42:11.727+0000] {logging_mixin.py:188} INFO - [2024-04-26T17:42:11.727+0000] {dagbag.py:540} INFO - Filling up the DagBag from /home/airflow/.local/lib/python3.12/site-packages/airflow/example_dags/example_dag_decorator.py
[2024-04-26T17:42:11.795+0000] {processor.py:840} INFO - DAG(s) 'example_dag_decorator' retrieved from /home/airflow/.local/lib/python3.12/site-packages/airflow/example_dags/example_dag_decorator.py
[2024-04-26T17:42:11.895+0000] {logging_mixin.py:188} INFO - [2024-04-26T17:42:11.894+0000] {dag.py:3096} INFO - Sync 1 DAGs
[2024-04-26T17:42:11.904+0000] {logging_mixin.py:188} INFO - [2024-04-26T17:42:11.904+0000] {dag.py:3954} INFO - Setting next_dagrun for example_dag_decorator to None, run_after=None
[2024-04-26T17:42:11.917+0000] {processor.py:183} INFO - Processing /home/airflow/.local/lib/python3.12/site-packages/airflow/example_dags/example_dag_decorator.py took 0.196 seconds
[2024-04-26T20:44:59.962+0000] {processor.py:161} INFO - Started process (PID=37823) to work on /home/airflow/.local/lib/python3.12/site-packages/airflow/example_dags/example_dag_decorator.py
[2024-04-26T20:44:59.963+0000] {processor.py:830} INFO - Processing file /home/airflow/.local/lib/python3.12/site-packages/airflow/example_dags/example_dag_decorator.py for tasks to queue
[2024-04-26T20:44:59.964+0000] {logging_mixin.py:188} INFO - [2024-04-26T20:44:59.964+0000] {dagbag.py:540} INFO - Filling up the DagBag from /home/airflow/.local/lib/python3.12/site-packages/airflow/example_dags/example_dag_decorator.py
[2024-04-26T20:45:00.035+0000] {processor.py:840} INFO - DAG(s) 'example_dag_decorator' retrieved from /home/airflow/.local/lib/python3.12/site-packages/airflow/example_dags/example_dag_decorator.py
[2024-04-26T20:45:00.115+0000] {logging_mixin.py:188} INFO - [2024-04-26T20:45:00.115+0000] {dag.py:3096} INFO - Sync 1 DAGs
[2024-04-26T20:45:00.124+0000] {logging_mixin.py:188} INFO - [2024-04-26T20:45:00.123+0000] {dag.py:3954} INFO - Setting next_dagrun for example_dag_decorator to None, run_after=None
[2024-04-26T20:45:00.137+0000] {processor.py:183} INFO - Processing /home/airflow/.local/lib/python3.12/site-packages/airflow/example_dags/example_dag_decorator.py took 0.178 seconds
[2024-04-26T22:46:46.275+0000] {processor.py:161} INFO - Started process (PID=37883) to work on /home/airflow/.local/lib/python3.12/site-packages/airflow/example_dags/example_dag_decorator.py
[2024-04-26T22:46:46.276+0000] {processor.py:830} INFO - Processing file /home/airflow/.local/lib/python3.12/site-packages/airflow/example_dags/example_dag_decorator.py for tasks to queue
[2024-04-26T22:46:46.277+0000] {logging_mixin.py:188} INFO - [2024-04-26T22:46:46.277+0000] {dagbag.py:540} INFO - Filling up the DagBag from /home/airflow/.local/lib/python3.12/site-packages/airflow/example_dags/example_dag_decorator.py
[2024-04-26T22:46:46.343+0000] {processor.py:840} INFO - DAG(s) 'example_dag_decorator' retrieved from /home/airflow/.local/lib/python3.12/site-packages/airflow/example_dags/example_dag_decorator.py
[2024-04-26T22:46:46.421+0000] {logging_mixin.py:188} INFO - [2024-04-26T22:46:46.421+0000] {dag.py:3096} INFO - Sync 1 DAGs
[2024-04-26T22:46:46.429+0000] {logging_mixin.py:188} INFO - [2024-04-26T22:46:46.428+0000] {dag.py:3954} INFO - Setting next_dagrun for example_dag_decorator to None, run_after=None
[2024-04-26T22:46:46.441+0000] {processor.py:183} INFO - Processing /home/airflow/.local/lib/python3.12/site-packages/airflow/example_dags/example_dag_decorator.py took 0.169 seconds
