[2024-04-26T00:26:03.356+0000] {processor.py:161} INFO - Started process (PID=37333) to work on /home/airflow/.local/lib/python3.12/site-packages/airflow/example_dags/example_nested_branch_dag.py
[2024-04-26T00:26:03.357+0000] {processor.py:830} INFO - Processing file /home/airflow/.local/lib/python3.12/site-packages/airflow/example_dags/example_nested_branch_dag.py for tasks to queue
[2024-04-26T00:26:03.358+0000] {logging_mixin.py:188} INFO - [2024-04-26T00:26:03.357+0000] {dagbag.py:540} INFO - Filling up the DagBag from /home/airflow/.local/lib/python3.12/site-packages/airflow/example_dags/example_nested_branch_dag.py
[2024-04-26T00:26:03.366+0000] {processor.py:840} INFO - DAG(s) 'example_nested_branch_dag' retrieved from /home/airflow/.local/lib/python3.12/site-packages/airflow/example_dags/example_nested_branch_dag.py
[2024-04-26T00:26:03.386+0000] {logging_mixin.py:188} INFO - [2024-04-26T00:26:03.386+0000] {dag.py:3096} INFO - Sync 1 DAGs
[2024-04-26T00:26:03.404+0000] {logging_mixin.py:188} INFO - [2024-04-26T00:26:03.404+0000] {dag.py:3954} INFO - Setting next_dagrun for example_nested_branch_dag to 2024-04-25 00:00:00+00:00, run_after=2024-04-26 00:00:00+00:00
[2024-04-26T00:26:03.420+0000] {processor.py:183} INFO - Processing /home/airflow/.local/lib/python3.12/site-packages/airflow/example_dags/example_nested_branch_dag.py took 0.069 seconds
[2024-04-26T03:28:55.099+0000] {processor.py:161} INFO - Started process (PID=37393) to work on /home/airflow/.local/lib/python3.12/site-packages/airflow/example_dags/example_nested_branch_dag.py
[2024-04-26T03:28:55.100+0000] {processor.py:830} INFO - Processing file /home/airflow/.local/lib/python3.12/site-packages/airflow/example_dags/example_nested_branch_dag.py for tasks to queue
[2024-04-26T03:28:55.101+0000] {logging_mixin.py:188} INFO - [2024-04-26T03:28:55.100+0000] {dagbag.py:540} INFO - Filling up the DagBag from /home/airflow/.local/lib/python3.12/site-packages/airflow/example_dags/example_nested_branch_dag.py
[2024-04-26T03:28:55.110+0000] {processor.py:840} INFO - DAG(s) 'example_nested_branch_dag' retrieved from /home/airflow/.local/lib/python3.12/site-packages/airflow/example_dags/example_nested_branch_dag.py
[2024-04-26T03:28:55.129+0000] {logging_mixin.py:188} INFO - [2024-04-26T03:28:55.128+0000] {dag.py:3096} INFO - Sync 1 DAGs
[2024-04-26T03:28:55.148+0000] {logging_mixin.py:188} INFO - [2024-04-26T03:28:55.148+0000] {dag.py:3954} INFO - Setting next_dagrun for example_nested_branch_dag to 2024-04-25 00:00:00+00:00, run_after=2024-04-26 00:00:00+00:00
[2024-04-26T03:28:55.163+0000] {processor.py:183} INFO - Processing /home/airflow/.local/lib/python3.12/site-packages/airflow/example_dags/example_nested_branch_dag.py took 0.070 seconds
[2024-04-26T06:31:49.883+0000] {processor.py:161} INFO - Started process (PID=37453) to work on /home/airflow/.local/lib/python3.12/site-packages/airflow/example_dags/example_nested_branch_dag.py
[2024-04-26T06:31:49.884+0000] {processor.py:830} INFO - Processing file /home/airflow/.local/lib/python3.12/site-packages/airflow/example_dags/example_nested_branch_dag.py for tasks to queue
[2024-04-26T06:31:49.885+0000] {logging_mixin.py:188} INFO - [2024-04-26T06:31:49.884+0000] {dagbag.py:540} INFO - Filling up the DagBag from /home/airflow/.local/lib/python3.12/site-packages/airflow/example_dags/example_nested_branch_dag.py
[2024-04-26T06:31:49.892+0000] {processor.py:840} INFO - DAG(s) 'example_nested_branch_dag' retrieved from /home/airflow/.local/lib/python3.12/site-packages/airflow/example_dags/example_nested_branch_dag.py
[2024-04-26T06:31:49.907+0000] {logging_mixin.py:188} INFO - [2024-04-26T06:31:49.906+0000] {dag.py:3096} INFO - Sync 1 DAGs
[2024-04-26T06:31:49.922+0000] {logging_mixin.py:188} INFO - [2024-04-26T06:31:49.922+0000] {dag.py:3954} INFO - Setting next_dagrun for example_nested_branch_dag to 2024-04-25 00:00:00+00:00, run_after=2024-04-26 00:00:00+00:00
[2024-04-26T06:31:49.935+0000] {processor.py:183} INFO - Processing /home/airflow/.local/lib/python3.12/site-packages/airflow/example_dags/example_nested_branch_dag.py took 0.056 seconds
[2024-04-26T08:33:47.904+0000] {processor.py:161} INFO - Started process (PID=37513) to work on /home/airflow/.local/lib/python3.12/site-packages/airflow/example_dags/example_nested_branch_dag.py
[2024-04-26T08:33:47.905+0000] {processor.py:830} INFO - Processing file /home/airflow/.local/lib/python3.12/site-packages/airflow/example_dags/example_nested_branch_dag.py for tasks to queue
[2024-04-26T08:33:47.906+0000] {logging_mixin.py:188} INFO - [2024-04-26T08:33:47.905+0000] {dagbag.py:540} INFO - Filling up the DagBag from /home/airflow/.local/lib/python3.12/site-packages/airflow/example_dags/example_nested_branch_dag.py
[2024-04-26T08:33:47.914+0000] {processor.py:840} INFO - DAG(s) 'example_nested_branch_dag' retrieved from /home/airflow/.local/lib/python3.12/site-packages/airflow/example_dags/example_nested_branch_dag.py
[2024-04-26T08:33:47.931+0000] {logging_mixin.py:188} INFO - [2024-04-26T08:33:47.931+0000] {dag.py:3096} INFO - Sync 1 DAGs
[2024-04-26T08:33:47.949+0000] {logging_mixin.py:188} INFO - [2024-04-26T08:33:47.949+0000] {dag.py:3954} INFO - Setting next_dagrun for example_nested_branch_dag to 2024-04-25 00:00:00+00:00, run_after=2024-04-26 00:00:00+00:00
[2024-04-26T08:33:47.963+0000] {processor.py:183} INFO - Processing /home/airflow/.local/lib/python3.12/site-packages/airflow/example_dags/example_nested_branch_dag.py took 0.068 seconds
[2024-04-26T09:34:44.387+0000] {processor.py:161} INFO - Started process (PID=37573) to work on /home/airflow/.local/lib/python3.12/site-packages/airflow/example_dags/example_nested_branch_dag.py
[2024-04-26T09:34:44.387+0000] {processor.py:830} INFO - Processing file /home/airflow/.local/lib/python3.12/site-packages/airflow/example_dags/example_nested_branch_dag.py for tasks to queue
[2024-04-26T09:34:44.388+0000] {logging_mixin.py:188} INFO - [2024-04-26T09:34:44.388+0000] {dagbag.py:540} INFO - Filling up the DagBag from /home/airflow/.local/lib/python3.12/site-packages/airflow/example_dags/example_nested_branch_dag.py
[2024-04-26T09:34:44.395+0000] {processor.py:840} INFO - DAG(s) 'example_nested_branch_dag' retrieved from /home/airflow/.local/lib/python3.12/site-packages/airflow/example_dags/example_nested_branch_dag.py
[2024-04-26T09:34:44.410+0000] {logging_mixin.py:188} INFO - [2024-04-26T09:34:44.410+0000] {dag.py:3096} INFO - Sync 1 DAGs
[2024-04-26T09:34:44.424+0000] {logging_mixin.py:188} INFO - [2024-04-26T09:34:44.424+0000] {dag.py:3954} INFO - Setting next_dagrun for example_nested_branch_dag to 2024-04-25 00:00:00+00:00, run_after=2024-04-26 00:00:00+00:00
[2024-04-26T09:34:44.435+0000] {processor.py:183} INFO - Processing /home/airflow/.local/lib/python3.12/site-packages/airflow/example_dags/example_nested_branch_dag.py took 0.053 seconds
[2024-04-26T10:52:42.585+0000] {processor.py:161} INFO - Started process (PID=37633) to work on /home/airflow/.local/lib/python3.12/site-packages/airflow/example_dags/example_nested_branch_dag.py
[2024-04-26T10:52:42.586+0000] {processor.py:830} INFO - Processing file /home/airflow/.local/lib/python3.12/site-packages/airflow/example_dags/example_nested_branch_dag.py for tasks to queue
[2024-04-26T10:52:42.587+0000] {logging_mixin.py:188} INFO - [2024-04-26T10:52:42.587+0000] {dagbag.py:540} INFO - Filling up the DagBag from /home/airflow/.local/lib/python3.12/site-packages/airflow/example_dags/example_nested_branch_dag.py
[2024-04-26T10:52:42.594+0000] {processor.py:840} INFO - DAG(s) 'example_nested_branch_dag' retrieved from /home/airflow/.local/lib/python3.12/site-packages/airflow/example_dags/example_nested_branch_dag.py
[2024-04-26T10:52:42.610+0000] {logging_mixin.py:188} INFO - [2024-04-26T10:52:42.609+0000] {dag.py:3096} INFO - Sync 1 DAGs
[2024-04-26T10:52:42.627+0000] {logging_mixin.py:188} INFO - [2024-04-26T10:52:42.626+0000] {dag.py:3954} INFO - Setting next_dagrun for example_nested_branch_dag to 2024-04-25 00:00:00+00:00, run_after=2024-04-26 00:00:00+00:00
[2024-04-26T10:52:42.639+0000] {processor.py:183} INFO - Processing /home/airflow/.local/lib/python3.12/site-packages/airflow/example_dags/example_nested_branch_dag.py took 0.058 seconds
[2024-04-26T14:39:15.630+0000] {processor.py:161} INFO - Started process (PID=37693) to work on /home/airflow/.local/lib/python3.12/site-packages/airflow/example_dags/example_nested_branch_dag.py
[2024-04-26T14:39:15.631+0000] {processor.py:830} INFO - Processing file /home/airflow/.local/lib/python3.12/site-packages/airflow/example_dags/example_nested_branch_dag.py for tasks to queue
[2024-04-26T14:39:15.632+0000] {logging_mixin.py:188} INFO - [2024-04-26T14:39:15.631+0000] {dagbag.py:540} INFO - Filling up the DagBag from /home/airflow/.local/lib/python3.12/site-packages/airflow/example_dags/example_nested_branch_dag.py
[2024-04-26T14:39:15.639+0000] {processor.py:840} INFO - DAG(s) 'example_nested_branch_dag' retrieved from /home/airflow/.local/lib/python3.12/site-packages/airflow/example_dags/example_nested_branch_dag.py
[2024-04-26T14:39:15.654+0000] {logging_mixin.py:188} INFO - [2024-04-26T14:39:15.653+0000] {dag.py:3096} INFO - Sync 1 DAGs
[2024-04-26T14:39:15.669+0000] {logging_mixin.py:188} INFO - [2024-04-26T14:39:15.669+0000] {dag.py:3954} INFO - Setting next_dagrun for example_nested_branch_dag to 2024-04-25 00:00:00+00:00, run_after=2024-04-26 00:00:00+00:00
[2024-04-26T14:39:15.682+0000] {processor.py:183} INFO - Processing /home/airflow/.local/lib/python3.12/site-packages/airflow/example_dags/example_nested_branch_dag.py took 0.057 seconds
[2024-04-26T17:42:11.339+0000] {processor.py:161} INFO - Started process (PID=37753) to work on /home/airflow/.local/lib/python3.12/site-packages/airflow/example_dags/example_nested_branch_dag.py
[2024-04-26T17:42:11.340+0000] {processor.py:830} INFO - Processing file /home/airflow/.local/lib/python3.12/site-packages/airflow/example_dags/example_nested_branch_dag.py for tasks to queue
[2024-04-26T17:42:11.341+0000] {logging_mixin.py:188} INFO - [2024-04-26T17:42:11.340+0000] {dagbag.py:540} INFO - Filling up the DagBag from /home/airflow/.local/lib/python3.12/site-packages/airflow/example_dags/example_nested_branch_dag.py
[2024-04-26T17:42:11.348+0000] {processor.py:840} INFO - DAG(s) 'example_nested_branch_dag' retrieved from /home/airflow/.local/lib/python3.12/site-packages/airflow/example_dags/example_nested_branch_dag.py
[2024-04-26T17:42:11.364+0000] {logging_mixin.py:188} INFO - [2024-04-26T17:42:11.364+0000] {dag.py:3096} INFO - Sync 1 DAGs
[2024-04-26T17:42:11.379+0000] {logging_mixin.py:188} INFO - [2024-04-26T17:42:11.379+0000] {dag.py:3954} INFO - Setting next_dagrun for example_nested_branch_dag to 2024-04-25 00:00:00+00:00, run_after=2024-04-26 00:00:00+00:00
[2024-04-26T17:42:11.391+0000] {processor.py:183} INFO - Processing /home/airflow/.local/lib/python3.12/site-packages/airflow/example_dags/example_nested_branch_dag.py took 0.056 seconds
[2024-04-26T20:44:59.583+0000] {processor.py:161} INFO - Started process (PID=37813) to work on /home/airflow/.local/lib/python3.12/site-packages/airflow/example_dags/example_nested_branch_dag.py
[2024-04-26T20:44:59.584+0000] {processor.py:830} INFO - Processing file /home/airflow/.local/lib/python3.12/site-packages/airflow/example_dags/example_nested_branch_dag.py for tasks to queue
[2024-04-26T20:44:59.585+0000] {logging_mixin.py:188} INFO - [2024-04-26T20:44:59.584+0000] {dagbag.py:540} INFO - Filling up the DagBag from /home/airflow/.local/lib/python3.12/site-packages/airflow/example_dags/example_nested_branch_dag.py
[2024-04-26T20:44:59.591+0000] {processor.py:840} INFO - DAG(s) 'example_nested_branch_dag' retrieved from /home/airflow/.local/lib/python3.12/site-packages/airflow/example_dags/example_nested_branch_dag.py
[2024-04-26T20:44:59.607+0000] {logging_mixin.py:188} INFO - [2024-04-26T20:44:59.606+0000] {dag.py:3096} INFO - Sync 1 DAGs
[2024-04-26T20:44:59.621+0000] {logging_mixin.py:188} INFO - [2024-04-26T20:44:59.621+0000] {dag.py:3954} INFO - Setting next_dagrun for example_nested_branch_dag to 2024-04-25 00:00:00+00:00, run_after=2024-04-26 00:00:00+00:00
[2024-04-26T20:44:59.634+0000] {processor.py:183} INFO - Processing /home/airflow/.local/lib/python3.12/site-packages/airflow/example_dags/example_nested_branch_dag.py took 0.055 seconds
[2024-04-26T22:46:45.906+0000] {processor.py:161} INFO - Started process (PID=37873) to work on /home/airflow/.local/lib/python3.12/site-packages/airflow/example_dags/example_nested_branch_dag.py
[2024-04-26T22:46:45.907+0000] {processor.py:830} INFO - Processing file /home/airflow/.local/lib/python3.12/site-packages/airflow/example_dags/example_nested_branch_dag.py for tasks to queue
[2024-04-26T22:46:45.908+0000] {logging_mixin.py:188} INFO - [2024-04-26T22:46:45.907+0000] {dagbag.py:540} INFO - Filling up the DagBag from /home/airflow/.local/lib/python3.12/site-packages/airflow/example_dags/example_nested_branch_dag.py
[2024-04-26T22:46:45.915+0000] {processor.py:840} INFO - DAG(s) 'example_nested_branch_dag' retrieved from /home/airflow/.local/lib/python3.12/site-packages/airflow/example_dags/example_nested_branch_dag.py
[2024-04-26T22:46:45.930+0000] {logging_mixin.py:188} INFO - [2024-04-26T22:46:45.930+0000] {dag.py:3096} INFO - Sync 1 DAGs
[2024-04-26T22:46:45.945+0000] {logging_mixin.py:188} INFO - [2024-04-26T22:46:45.945+0000] {dag.py:3954} INFO - Setting next_dagrun for example_nested_branch_dag to 2024-04-25 00:00:00+00:00, run_after=2024-04-26 00:00:00+00:00
[2024-04-26T22:46:45.958+0000] {processor.py:183} INFO - Processing /home/airflow/.local/lib/python3.12/site-packages/airflow/example_dags/example_nested_branch_dag.py took 0.056 seconds
