[2024-04-26T00:26:02.251+0000] {processor.py:161} INFO - Started process (PID=37309) to work on /home/airflow/.local/lib/python3.12/site-packages/airflow/example_dags/example_xcomargs.py
[2024-04-26T00:26:02.252+0000] {processor.py:830} INFO - Processing file /home/airflow/.local/lib/python3.12/site-packages/airflow/example_dags/example_xcomargs.py for tasks to queue
[2024-04-26T00:26:02.253+0000] {logging_mixin.py:188} INFO - [2024-04-26T00:26:02.253+0000] {dagbag.py:540} INFO - Filling up the DagBag from /home/airflow/.local/lib/python3.12/site-packages/airflow/example_dags/example_xcomargs.py
[2024-04-26T00:26:02.260+0000] {processor.py:840} INFO - DAG(s) 'example_xcom_args_with_operators', 'example_xcom_args' retrieved from /home/airflow/.local/lib/python3.12/site-packages/airflow/example_dags/example_xcomargs.py
[2024-04-26T00:26:02.281+0000] {logging_mixin.py:188} INFO - [2024-04-26T00:26:02.281+0000] {dag.py:3096} INFO - Sync 2 DAGs
[2024-04-26T00:26:02.292+0000] {logging_mixin.py:188} INFO - [2024-04-26T00:26:02.292+0000] {dag.py:3954} INFO - Setting next_dagrun for example_xcom_args to None, run_after=None
[2024-04-26T00:26:02.298+0000] {logging_mixin.py:188} INFO - [2024-04-26T00:26:02.297+0000] {dag.py:3954} INFO - Setting next_dagrun for example_xcom_args_with_operators to None, run_after=None
[2024-04-26T00:26:02.311+0000] {processor.py:183} INFO - Processing /home/airflow/.local/lib/python3.12/site-packages/airflow/example_dags/example_xcomargs.py took 0.065 seconds
[2024-04-26T03:28:53.804+0000] {processor.py:161} INFO - Started process (PID=37369) to work on /home/airflow/.local/lib/python3.12/site-packages/airflow/example_dags/example_xcomargs.py
[2024-04-26T03:28:53.806+0000] {processor.py:830} INFO - Processing file /home/airflow/.local/lib/python3.12/site-packages/airflow/example_dags/example_xcomargs.py for tasks to queue
[2024-04-26T03:28:53.810+0000] {logging_mixin.py:188} INFO - [2024-04-26T03:28:53.809+0000] {dagbag.py:540} INFO - Filling up the DagBag from /home/airflow/.local/lib/python3.12/site-packages/airflow/example_dags/example_xcomargs.py
[2024-04-26T03:28:53.838+0000] {processor.py:840} INFO - DAG(s) 'example_xcom_args_with_operators', 'example_xcom_args' retrieved from /home/airflow/.local/lib/python3.12/site-packages/airflow/example_dags/example_xcomargs.py
[2024-04-26T03:28:53.899+0000] {logging_mixin.py:188} INFO - [2024-04-26T03:28:53.899+0000] {dag.py:3096} INFO - Sync 2 DAGs
[2024-04-26T03:28:53.925+0000] {logging_mixin.py:188} INFO - [2024-04-26T03:28:53.924+0000] {dag.py:3954} INFO - Setting next_dagrun for example_xcom_args to None, run_after=None
[2024-04-26T03:28:53.942+0000] {logging_mixin.py:188} INFO - [2024-04-26T03:28:53.941+0000] {dag.py:3954} INFO - Setting next_dagrun for example_xcom_args_with_operators to None, run_after=None
[2024-04-26T03:28:53.990+0000] {processor.py:183} INFO - Processing /home/airflow/.local/lib/python3.12/site-packages/airflow/example_dags/example_xcomargs.py took 0.211 seconds
[2024-04-26T06:31:48.315+0000] {processor.py:161} INFO - Started process (PID=37429) to work on /home/airflow/.local/lib/python3.12/site-packages/airflow/example_dags/example_xcomargs.py
[2024-04-26T06:31:48.318+0000] {processor.py:830} INFO - Processing file /home/airflow/.local/lib/python3.12/site-packages/airflow/example_dags/example_xcomargs.py for tasks to queue
[2024-04-26T06:31:48.320+0000] {logging_mixin.py:188} INFO - [2024-04-26T06:31:48.319+0000] {dagbag.py:540} INFO - Filling up the DagBag from /home/airflow/.local/lib/python3.12/site-packages/airflow/example_dags/example_xcomargs.py
[2024-04-26T06:31:48.341+0000] {processor.py:840} INFO - DAG(s) 'example_xcom_args', 'example_xcom_args_with_operators' retrieved from /home/airflow/.local/lib/python3.12/site-packages/airflow/example_dags/example_xcomargs.py
[2024-04-26T06:31:48.408+0000] {logging_mixin.py:188} INFO - [2024-04-26T06:31:48.407+0000] {dag.py:3096} INFO - Sync 2 DAGs
[2024-04-26T06:31:48.456+0000] {logging_mixin.py:188} INFO - [2024-04-26T06:31:48.456+0000] {dag.py:3954} INFO - Setting next_dagrun for example_xcom_args to None, run_after=None
[2024-04-26T06:31:48.465+0000] {logging_mixin.py:188} INFO - [2024-04-26T06:31:48.465+0000] {dag.py:3954} INFO - Setting next_dagrun for example_xcom_args_with_operators to None, run_after=None
[2024-04-26T06:31:48.508+0000] {processor.py:183} INFO - Processing /home/airflow/.local/lib/python3.12/site-packages/airflow/example_dags/example_xcomargs.py took 0.220 seconds
[2024-04-26T08:33:46.871+0000] {processor.py:161} INFO - Started process (PID=37489) to work on /home/airflow/.local/lib/python3.12/site-packages/airflow/example_dags/example_xcomargs.py
[2024-04-26T08:33:46.873+0000] {processor.py:830} INFO - Processing file /home/airflow/.local/lib/python3.12/site-packages/airflow/example_dags/example_xcomargs.py for tasks to queue
[2024-04-26T08:33:46.875+0000] {logging_mixin.py:188} INFO - [2024-04-26T08:33:46.875+0000] {dagbag.py:540} INFO - Filling up the DagBag from /home/airflow/.local/lib/python3.12/site-packages/airflow/example_dags/example_xcomargs.py
[2024-04-26T08:33:46.886+0000] {processor.py:840} INFO - DAG(s) 'example_xcom_args', 'example_xcom_args_with_operators' retrieved from /home/airflow/.local/lib/python3.12/site-packages/airflow/example_dags/example_xcomargs.py
[2024-04-26T08:33:46.930+0000] {logging_mixin.py:188} INFO - [2024-04-26T08:33:46.930+0000] {dag.py:3096} INFO - Sync 2 DAGs
[2024-04-26T08:33:46.951+0000] {logging_mixin.py:188} INFO - [2024-04-26T08:33:46.951+0000] {dag.py:3954} INFO - Setting next_dagrun for example_xcom_args to None, run_after=None
[2024-04-26T08:33:46.958+0000] {logging_mixin.py:188} INFO - [2024-04-26T08:33:46.958+0000] {dag.py:3954} INFO - Setting next_dagrun for example_xcom_args_with_operators to None, run_after=None
[2024-04-26T08:33:46.978+0000] {processor.py:183} INFO - Processing /home/airflow/.local/lib/python3.12/site-packages/airflow/example_dags/example_xcomargs.py took 0.115 seconds
[2024-04-26T09:34:43.485+0000] {processor.py:161} INFO - Started process (PID=37549) to work on /home/airflow/.local/lib/python3.12/site-packages/airflow/example_dags/example_xcomargs.py
[2024-04-26T09:34:43.486+0000] {processor.py:830} INFO - Processing file /home/airflow/.local/lib/python3.12/site-packages/airflow/example_dags/example_xcomargs.py for tasks to queue
[2024-04-26T09:34:43.486+0000] {logging_mixin.py:188} INFO - [2024-04-26T09:34:43.486+0000] {dagbag.py:540} INFO - Filling up the DagBag from /home/airflow/.local/lib/python3.12/site-packages/airflow/example_dags/example_xcomargs.py
[2024-04-26T09:34:43.493+0000] {processor.py:840} INFO - DAG(s) 'example_xcom_args', 'example_xcom_args_with_operators' retrieved from /home/airflow/.local/lib/python3.12/site-packages/airflow/example_dags/example_xcomargs.py
[2024-04-26T09:34:43.515+0000] {logging_mixin.py:188} INFO - [2024-04-26T09:34:43.515+0000] {dag.py:3096} INFO - Sync 2 DAGs
[2024-04-26T09:34:43.526+0000] {logging_mixin.py:188} INFO - [2024-04-26T09:34:43.526+0000] {dag.py:3954} INFO - Setting next_dagrun for example_xcom_args to None, run_after=None
[2024-04-26T09:34:43.529+0000] {logging_mixin.py:188} INFO - [2024-04-26T09:34:43.529+0000] {dag.py:3954} INFO - Setting next_dagrun for example_xcom_args_with_operators to None, run_after=None
[2024-04-26T09:34:43.543+0000] {processor.py:183} INFO - Processing /home/airflow/.local/lib/python3.12/site-packages/airflow/example_dags/example_xcomargs.py took 0.065 seconds
[2024-04-26T10:52:41.422+0000] {processor.py:161} INFO - Started process (PID=37609) to work on /home/airflow/.local/lib/python3.12/site-packages/airflow/example_dags/example_xcomargs.py
[2024-04-26T10:52:41.423+0000] {processor.py:830} INFO - Processing file /home/airflow/.local/lib/python3.12/site-packages/airflow/example_dags/example_xcomargs.py for tasks to queue
[2024-04-26T10:52:41.424+0000] {logging_mixin.py:188} INFO - [2024-04-26T10:52:41.424+0000] {dagbag.py:540} INFO - Filling up the DagBag from /home/airflow/.local/lib/python3.12/site-packages/airflow/example_dags/example_xcomargs.py
[2024-04-26T10:52:41.436+0000] {processor.py:840} INFO - DAG(s) 'example_xcom_args_with_operators', 'example_xcom_args' retrieved from /home/airflow/.local/lib/python3.12/site-packages/airflow/example_dags/example_xcomargs.py
[2024-04-26T10:52:41.465+0000] {logging_mixin.py:188} INFO - [2024-04-26T10:52:41.465+0000] {dag.py:3096} INFO - Sync 2 DAGs
[2024-04-26T10:52:41.481+0000] {logging_mixin.py:188} INFO - [2024-04-26T10:52:41.481+0000] {dag.py:3954} INFO - Setting next_dagrun for example_xcom_args to None, run_after=None
[2024-04-26T10:52:41.486+0000] {logging_mixin.py:188} INFO - [2024-04-26T10:52:41.485+0000] {dag.py:3954} INFO - Setting next_dagrun for example_xcom_args_with_operators to None, run_after=None
[2024-04-26T10:52:41.506+0000] {processor.py:183} INFO - Processing /home/airflow/.local/lib/python3.12/site-packages/airflow/example_dags/example_xcomargs.py took 0.091 seconds
[2024-04-26T14:39:13.910+0000] {processor.py:161} INFO - Started process (PID=37669) to work on /home/airflow/.local/lib/python3.12/site-packages/airflow/example_dags/example_xcomargs.py
[2024-04-26T14:39:13.911+0000] {processor.py:830} INFO - Processing file /home/airflow/.local/lib/python3.12/site-packages/airflow/example_dags/example_xcomargs.py for tasks to queue
[2024-04-26T14:39:13.912+0000] {logging_mixin.py:188} INFO - [2024-04-26T14:39:13.912+0000] {dagbag.py:540} INFO - Filling up the DagBag from /home/airflow/.local/lib/python3.12/site-packages/airflow/example_dags/example_xcomargs.py
[2024-04-26T14:39:13.922+0000] {processor.py:840} INFO - DAG(s) 'example_xcom_args', 'example_xcom_args_with_operators' retrieved from /home/airflow/.local/lib/python3.12/site-packages/airflow/example_dags/example_xcomargs.py
[2024-04-26T14:39:13.950+0000] {logging_mixin.py:188} INFO - [2024-04-26T14:39:13.949+0000] {dag.py:3096} INFO - Sync 2 DAGs
[2024-04-26T14:39:13.961+0000] {logging_mixin.py:188} INFO - [2024-04-26T14:39:13.961+0000] {dag.py:3954} INFO - Setting next_dagrun for example_xcom_args to None, run_after=None
[2024-04-26T14:39:13.965+0000] {logging_mixin.py:188} INFO - [2024-04-26T14:39:13.965+0000] {dag.py:3954} INFO - Setting next_dagrun for example_xcom_args_with_operators to None, run_after=None
[2024-04-26T14:39:13.978+0000] {processor.py:183} INFO - Processing /home/airflow/.local/lib/python3.12/site-packages/airflow/example_dags/example_xcomargs.py took 0.074 seconds
[2024-04-26T17:42:10.288+0000] {processor.py:161} INFO - Started process (PID=37729) to work on /home/airflow/.local/lib/python3.12/site-packages/airflow/example_dags/example_xcomargs.py
[2024-04-26T17:42:10.290+0000] {processor.py:830} INFO - Processing file /home/airflow/.local/lib/python3.12/site-packages/airflow/example_dags/example_xcomargs.py for tasks to queue
[2024-04-26T17:42:10.290+0000] {logging_mixin.py:188} INFO - [2024-04-26T17:42:10.290+0000] {dagbag.py:540} INFO - Filling up the DagBag from /home/airflow/.local/lib/python3.12/site-packages/airflow/example_dags/example_xcomargs.py
[2024-04-26T17:42:10.297+0000] {processor.py:840} INFO - DAG(s) 'example_xcom_args', 'example_xcom_args_with_operators' retrieved from /home/airflow/.local/lib/python3.12/site-packages/airflow/example_dags/example_xcomargs.py
[2024-04-26T17:42:10.321+0000] {logging_mixin.py:188} INFO - [2024-04-26T17:42:10.321+0000] {dag.py:3096} INFO - Sync 2 DAGs
[2024-04-26T17:42:10.332+0000] {logging_mixin.py:188} INFO - [2024-04-26T17:42:10.332+0000] {dag.py:3954} INFO - Setting next_dagrun for example_xcom_args to None, run_after=None
[2024-04-26T17:42:10.335+0000] {logging_mixin.py:188} INFO - [2024-04-26T17:42:10.335+0000] {dag.py:3954} INFO - Setting next_dagrun for example_xcom_args_with_operators to None, run_after=None
[2024-04-26T17:42:10.348+0000] {processor.py:183} INFO - Processing /home/airflow/.local/lib/python3.12/site-packages/airflow/example_dags/example_xcomargs.py took 0.064 seconds
[2024-04-26T20:44:58.681+0000] {processor.py:161} INFO - Started process (PID=37789) to work on /home/airflow/.local/lib/python3.12/site-packages/airflow/example_dags/example_xcomargs.py
[2024-04-26T20:44:58.682+0000] {processor.py:830} INFO - Processing file /home/airflow/.local/lib/python3.12/site-packages/airflow/example_dags/example_xcomargs.py for tasks to queue
[2024-04-26T20:44:58.683+0000] {logging_mixin.py:188} INFO - [2024-04-26T20:44:58.682+0000] {dagbag.py:540} INFO - Filling up the DagBag from /home/airflow/.local/lib/python3.12/site-packages/airflow/example_dags/example_xcomargs.py
[2024-04-26T20:44:58.690+0000] {processor.py:840} INFO - DAG(s) 'example_xcom_args_with_operators', 'example_xcom_args' retrieved from /home/airflow/.local/lib/python3.12/site-packages/airflow/example_dags/example_xcomargs.py
[2024-04-26T20:44:58.710+0000] {logging_mixin.py:188} INFO - [2024-04-26T20:44:58.710+0000] {dag.py:3096} INFO - Sync 2 DAGs
[2024-04-26T20:44:58.720+0000] {logging_mixin.py:188} INFO - [2024-04-26T20:44:58.720+0000] {dag.py:3954} INFO - Setting next_dagrun for example_xcom_args to None, run_after=None
[2024-04-26T20:44:58.724+0000] {logging_mixin.py:188} INFO - [2024-04-26T20:44:58.723+0000] {dag.py:3954} INFO - Setting next_dagrun for example_xcom_args_with_operators to None, run_after=None
[2024-04-26T20:44:58.736+0000] {processor.py:183} INFO - Processing /home/airflow/.local/lib/python3.12/site-packages/airflow/example_dags/example_xcomargs.py took 0.061 seconds
[2024-04-26T22:46:44.404+0000] {processor.py:161} INFO - Started process (PID=37849) to work on /home/airflow/.local/lib/python3.12/site-packages/airflow/example_dags/example_xcomargs.py
[2024-04-26T22:46:44.407+0000] {processor.py:830} INFO - Processing file /home/airflow/.local/lib/python3.12/site-packages/airflow/example_dags/example_xcomargs.py for tasks to queue
[2024-04-26T22:46:44.409+0000] {logging_mixin.py:188} INFO - [2024-04-26T22:46:44.408+0000] {dagbag.py:540} INFO - Filling up the DagBag from /home/airflow/.local/lib/python3.12/site-packages/airflow/example_dags/example_xcomargs.py
[2024-04-26T22:46:44.426+0000] {processor.py:840} INFO - DAG(s) 'example_xcom_args_with_operators', 'example_xcom_args' retrieved from /home/airflow/.local/lib/python3.12/site-packages/airflow/example_dags/example_xcomargs.py
[2024-04-26T22:46:44.500+0000] {logging_mixin.py:188} INFO - [2024-04-26T22:46:44.500+0000] {dag.py:3096} INFO - Sync 2 DAGs
[2024-04-26T22:46:44.537+0000] {logging_mixin.py:188} INFO - [2024-04-26T22:46:44.537+0000] {dag.py:3954} INFO - Setting next_dagrun for example_xcom_args to None, run_after=None
[2024-04-26T22:46:44.544+0000] {logging_mixin.py:188} INFO - [2024-04-26T22:46:44.544+0000] {dag.py:3954} INFO - Setting next_dagrun for example_xcom_args_with_operators to None, run_after=None
[2024-04-26T22:46:44.578+0000] {processor.py:183} INFO - Processing /home/airflow/.local/lib/python3.12/site-packages/airflow/example_dags/example_xcomargs.py took 0.192 seconds
