[2024-04-26T00:26:02.801+0000] {processor.py:161} INFO - Started process (PID=37321) to work on /home/airflow/.local/lib/python3.12/site-packages/airflow/example_dags/example_display_name.py
[2024-04-26T00:26:02.802+0000] {processor.py:830} INFO - Processing file /home/airflow/.local/lib/python3.12/site-packages/airflow/example_dags/example_display_name.py for tasks to queue
[2024-04-26T00:26:02.802+0000] {logging_mixin.py:188} INFO - [2024-04-26T00:26:02.802+0000] {dagbag.py:540} INFO - Filling up the DagBag from /home/airflow/.local/lib/python3.12/site-packages/airflow/example_dags/example_display_name.py
[2024-04-26T00:26:02.807+0000] {processor.py:840} INFO - DAG(s) 'example_display_name' retrieved from /home/airflow/.local/lib/python3.12/site-packages/airflow/example_dags/example_display_name.py
[2024-04-26T00:26:02.824+0000] {logging_mixin.py:188} INFO - [2024-04-26T00:26:02.823+0000] {dag.py:3096} INFO - Sync 1 DAGs
[2024-04-26T00:26:02.833+0000] {logging_mixin.py:188} INFO - [2024-04-26T00:26:02.833+0000] {dag.py:3954} INFO - Setting next_dagrun for example_display_name to None, run_after=None
[2024-04-26T00:26:02.847+0000] {processor.py:183} INFO - Processing /home/airflow/.local/lib/python3.12/site-packages/airflow/example_dags/example_display_name.py took 0.051 seconds
[2024-04-26T03:28:54.526+0000] {processor.py:161} INFO - Started process (PID=37381) to work on /home/airflow/.local/lib/python3.12/site-packages/airflow/example_dags/example_display_name.py
[2024-04-26T03:28:54.527+0000] {processor.py:830} INFO - Processing file /home/airflow/.local/lib/python3.12/site-packages/airflow/example_dags/example_display_name.py for tasks to queue
[2024-04-26T03:28:54.528+0000] {logging_mixin.py:188} INFO - [2024-04-26T03:28:54.527+0000] {dagbag.py:540} INFO - Filling up the DagBag from /home/airflow/.local/lib/python3.12/site-packages/airflow/example_dags/example_display_name.py
[2024-04-26T03:28:54.533+0000] {processor.py:840} INFO - DAG(s) 'example_display_name' retrieved from /home/airflow/.local/lib/python3.12/site-packages/airflow/example_dags/example_display_name.py
[2024-04-26T03:28:54.552+0000] {logging_mixin.py:188} INFO - [2024-04-26T03:28:54.552+0000] {dag.py:3096} INFO - Sync 1 DAGs
[2024-04-26T03:28:54.564+0000] {logging_mixin.py:188} INFO - [2024-04-26T03:28:54.564+0000] {dag.py:3954} INFO - Setting next_dagrun for example_display_name to None, run_after=None
[2024-04-26T03:28:54.581+0000] {processor.py:183} INFO - Processing /home/airflow/.local/lib/python3.12/site-packages/airflow/example_dags/example_display_name.py took 0.062 seconds
[2024-04-26T06:31:49.412+0000] {processor.py:161} INFO - Started process (PID=37441) to work on /home/airflow/.local/lib/python3.12/site-packages/airflow/example_dags/example_display_name.py
[2024-04-26T06:31:49.413+0000] {processor.py:830} INFO - Processing file /home/airflow/.local/lib/python3.12/site-packages/airflow/example_dags/example_display_name.py for tasks to queue
[2024-04-26T06:31:49.414+0000] {logging_mixin.py:188} INFO - [2024-04-26T06:31:49.414+0000] {dagbag.py:540} INFO - Filling up the DagBag from /home/airflow/.local/lib/python3.12/site-packages/airflow/example_dags/example_display_name.py
[2024-04-26T06:31:49.419+0000] {processor.py:840} INFO - DAG(s) 'example_display_name' retrieved from /home/airflow/.local/lib/python3.12/site-packages/airflow/example_dags/example_display_name.py
[2024-04-26T06:31:49.436+0000] {logging_mixin.py:188} INFO - [2024-04-26T06:31:49.436+0000] {dag.py:3096} INFO - Sync 1 DAGs
[2024-04-26T06:31:49.445+0000] {logging_mixin.py:188} INFO - [2024-04-26T06:31:49.445+0000] {dag.py:3954} INFO - Setting next_dagrun for example_display_name to None, run_after=None
[2024-04-26T06:31:49.458+0000] {processor.py:183} INFO - Processing /home/airflow/.local/lib/python3.12/site-packages/airflow/example_dags/example_display_name.py took 0.051 seconds
[2024-04-26T08:33:47.458+0000] {processor.py:161} INFO - Started process (PID=37501) to work on /home/airflow/.local/lib/python3.12/site-packages/airflow/example_dags/example_display_name.py
[2024-04-26T08:33:47.459+0000] {processor.py:830} INFO - Processing file /home/airflow/.local/lib/python3.12/site-packages/airflow/example_dags/example_display_name.py for tasks to queue
[2024-04-26T08:33:47.460+0000] {logging_mixin.py:188} INFO - [2024-04-26T08:33:47.459+0000] {dagbag.py:540} INFO - Filling up the DagBag from /home/airflow/.local/lib/python3.12/site-packages/airflow/example_dags/example_display_name.py
[2024-04-26T08:33:47.464+0000] {processor.py:840} INFO - DAG(s) 'example_display_name' retrieved from /home/airflow/.local/lib/python3.12/site-packages/airflow/example_dags/example_display_name.py
[2024-04-26T08:33:47.477+0000] {logging_mixin.py:188} INFO - [2024-04-26T08:33:47.477+0000] {dag.py:3096} INFO - Sync 1 DAGs
[2024-04-26T08:33:47.486+0000] {logging_mixin.py:188} INFO - [2024-04-26T08:33:47.486+0000] {dag.py:3954} INFO - Setting next_dagrun for example_display_name to None, run_after=None
[2024-04-26T08:33:47.498+0000] {processor.py:183} INFO - Processing /home/airflow/.local/lib/python3.12/site-packages/airflow/example_dags/example_display_name.py took 0.044 seconds
[2024-04-26T09:34:43.973+0000] {processor.py:161} INFO - Started process (PID=37561) to work on /home/airflow/.local/lib/python3.12/site-packages/airflow/example_dags/example_display_name.py
[2024-04-26T09:34:43.974+0000] {processor.py:830} INFO - Processing file /home/airflow/.local/lib/python3.12/site-packages/airflow/example_dags/example_display_name.py for tasks to queue
[2024-04-26T09:34:43.975+0000] {logging_mixin.py:188} INFO - [2024-04-26T09:34:43.974+0000] {dagbag.py:540} INFO - Filling up the DagBag from /home/airflow/.local/lib/python3.12/site-packages/airflow/example_dags/example_display_name.py
[2024-04-26T09:34:43.979+0000] {processor.py:840} INFO - DAG(s) 'example_display_name' retrieved from /home/airflow/.local/lib/python3.12/site-packages/airflow/example_dags/example_display_name.py
[2024-04-26T09:34:43.994+0000] {logging_mixin.py:188} INFO - [2024-04-26T09:34:43.994+0000] {dag.py:3096} INFO - Sync 1 DAGs
[2024-04-26T09:34:44.003+0000] {logging_mixin.py:188} INFO - [2024-04-26T09:34:44.003+0000] {dag.py:3954} INFO - Setting next_dagrun for example_display_name to None, run_after=None
[2024-04-26T09:34:44.015+0000] {processor.py:183} INFO - Processing /home/airflow/.local/lib/python3.12/site-packages/airflow/example_dags/example_display_name.py took 0.047 seconds
[2024-04-26T10:52:42.175+0000] {processor.py:161} INFO - Started process (PID=37621) to work on /home/airflow/.local/lib/python3.12/site-packages/airflow/example_dags/example_display_name.py
[2024-04-26T10:52:42.175+0000] {processor.py:830} INFO - Processing file /home/airflow/.local/lib/python3.12/site-packages/airflow/example_dags/example_display_name.py for tasks to queue
[2024-04-26T10:52:42.176+0000] {logging_mixin.py:188} INFO - [2024-04-26T10:52:42.176+0000] {dagbag.py:540} INFO - Filling up the DagBag from /home/airflow/.local/lib/python3.12/site-packages/airflow/example_dags/example_display_name.py
[2024-04-26T10:52:42.181+0000] {processor.py:840} INFO - DAG(s) 'example_display_name' retrieved from /home/airflow/.local/lib/python3.12/site-packages/airflow/example_dags/example_display_name.py
[2024-04-26T10:52:42.196+0000] {logging_mixin.py:188} INFO - [2024-04-26T10:52:42.196+0000] {dag.py:3096} INFO - Sync 1 DAGs
[2024-04-26T10:52:42.205+0000] {logging_mixin.py:188} INFO - [2024-04-26T10:52:42.205+0000] {dag.py:3954} INFO - Setting next_dagrun for example_display_name to None, run_after=None
[2024-04-26T10:52:42.219+0000] {processor.py:183} INFO - Processing /home/airflow/.local/lib/python3.12/site-packages/airflow/example_dags/example_display_name.py took 0.048 seconds
[2024-04-26T14:39:15.113+0000] {processor.py:161} INFO - Started process (PID=37681) to work on /home/airflow/.local/lib/python3.12/site-packages/airflow/example_dags/example_display_name.py
[2024-04-26T14:39:15.114+0000] {processor.py:830} INFO - Processing file /home/airflow/.local/lib/python3.12/site-packages/airflow/example_dags/example_display_name.py for tasks to queue
[2024-04-26T14:39:15.115+0000] {logging_mixin.py:188} INFO - [2024-04-26T14:39:15.115+0000] {dagbag.py:540} INFO - Filling up the DagBag from /home/airflow/.local/lib/python3.12/site-packages/airflow/example_dags/example_display_name.py
[2024-04-26T14:39:15.121+0000] {processor.py:840} INFO - DAG(s) 'example_display_name' retrieved from /home/airflow/.local/lib/python3.12/site-packages/airflow/example_dags/example_display_name.py
[2024-04-26T14:39:15.142+0000] {logging_mixin.py:188} INFO - [2024-04-26T14:39:15.142+0000] {dag.py:3096} INFO - Sync 1 DAGs
[2024-04-26T14:39:15.153+0000] {logging_mixin.py:188} INFO - [2024-04-26T14:39:15.153+0000] {dag.py:3954} INFO - Setting next_dagrun for example_display_name to None, run_after=None
[2024-04-26T14:39:15.175+0000] {processor.py:183} INFO - Processing /home/airflow/.local/lib/python3.12/site-packages/airflow/example_dags/example_display_name.py took 0.069 seconds
[2024-04-26T17:42:10.718+0000] {processor.py:161} INFO - Started process (PID=37741) to work on /home/airflow/.local/lib/python3.12/site-packages/airflow/example_dags/example_display_name.py
[2024-04-26T17:42:10.718+0000] {processor.py:830} INFO - Processing file /home/airflow/.local/lib/python3.12/site-packages/airflow/example_dags/example_display_name.py for tasks to queue
[2024-04-26T17:42:10.719+0000] {logging_mixin.py:188} INFO - [2024-04-26T17:42:10.719+0000] {dagbag.py:540} INFO - Filling up the DagBag from /home/airflow/.local/lib/python3.12/site-packages/airflow/example_dags/example_display_name.py
[2024-04-26T17:42:10.724+0000] {processor.py:840} INFO - DAG(s) 'example_display_name' retrieved from /home/airflow/.local/lib/python3.12/site-packages/airflow/example_dags/example_display_name.py
[2024-04-26T17:42:10.738+0000] {logging_mixin.py:188} INFO - [2024-04-26T17:42:10.738+0000] {dag.py:3096} INFO - Sync 1 DAGs
[2024-04-26T17:42:10.746+0000] {logging_mixin.py:188} INFO - [2024-04-26T17:42:10.746+0000] {dag.py:3954} INFO - Setting next_dagrun for example_display_name to None, run_after=None
[2024-04-26T17:42:10.759+0000] {processor.py:183} INFO - Processing /home/airflow/.local/lib/python3.12/site-packages/airflow/example_dags/example_display_name.py took 0.045 seconds
[2024-04-26T20:44:59.182+0000] {processor.py:161} INFO - Started process (PID=37801) to work on /home/airflow/.local/lib/python3.12/site-packages/airflow/example_dags/example_display_name.py
[2024-04-26T20:44:59.183+0000] {processor.py:830} INFO - Processing file /home/airflow/.local/lib/python3.12/site-packages/airflow/example_dags/example_display_name.py for tasks to queue
[2024-04-26T20:44:59.184+0000] {logging_mixin.py:188} INFO - [2024-04-26T20:44:59.184+0000] {dagbag.py:540} INFO - Filling up the DagBag from /home/airflow/.local/lib/python3.12/site-packages/airflow/example_dags/example_display_name.py
[2024-04-26T20:44:59.189+0000] {processor.py:840} INFO - DAG(s) 'example_display_name' retrieved from /home/airflow/.local/lib/python3.12/site-packages/airflow/example_dags/example_display_name.py
[2024-04-26T20:44:59.204+0000] {logging_mixin.py:188} INFO - [2024-04-26T20:44:59.203+0000] {dag.py:3096} INFO - Sync 1 DAGs
[2024-04-26T20:44:59.212+0000] {logging_mixin.py:188} INFO - [2024-04-26T20:44:59.212+0000] {dag.py:3954} INFO - Setting next_dagrun for example_display_name to None, run_after=None
[2024-04-26T20:44:59.225+0000] {processor.py:183} INFO - Processing /home/airflow/.local/lib/python3.12/site-packages/airflow/example_dags/example_display_name.py took 0.047 seconds
[2024-04-26T22:46:45.412+0000] {processor.py:161} INFO - Started process (PID=37861) to work on /home/airflow/.local/lib/python3.12/site-packages/airflow/example_dags/example_display_name.py
[2024-04-26T22:46:45.414+0000] {processor.py:830} INFO - Processing file /home/airflow/.local/lib/python3.12/site-packages/airflow/example_dags/example_display_name.py for tasks to queue
[2024-04-26T22:46:45.415+0000] {logging_mixin.py:188} INFO - [2024-04-26T22:46:45.414+0000] {dagbag.py:540} INFO - Filling up the DagBag from /home/airflow/.local/lib/python3.12/site-packages/airflow/example_dags/example_display_name.py
[2024-04-26T22:46:45.421+0000] {processor.py:840} INFO - DAG(s) 'example_display_name' retrieved from /home/airflow/.local/lib/python3.12/site-packages/airflow/example_dags/example_display_name.py
[2024-04-26T22:46:45.439+0000] {logging_mixin.py:188} INFO - [2024-04-26T22:46:45.438+0000] {dag.py:3096} INFO - Sync 1 DAGs
[2024-04-26T22:46:45.450+0000] {logging_mixin.py:188} INFO - [2024-04-26T22:46:45.450+0000] {dag.py:3954} INFO - Setting next_dagrun for example_display_name to None, run_after=None
[2024-04-26T22:46:45.465+0000] {processor.py:183} INFO - Processing /home/airflow/.local/lib/python3.12/site-packages/airflow/example_dags/example_display_name.py took 0.059 seconds
