[2024-04-26T00:26:04.185+0000] {processor.py:161} INFO - Started process (PID=37349) to work on /home/airflow/.local/lib/python3.12/site-packages/airflow/example_dags/tutorial_taskflow_api.py
[2024-04-26T00:26:04.186+0000] {processor.py:830} INFO - Processing file /home/airflow/.local/lib/python3.12/site-packages/airflow/example_dags/tutorial_taskflow_api.py for tasks to queue
[2024-04-26T00:26:04.187+0000] {logging_mixin.py:188} INFO - [2024-04-26T00:26:04.187+0000] {dagbag.py:540} INFO - Filling up the DagBag from /home/airflow/.local/lib/python3.12/site-packages/airflow/example_dags/tutorial_taskflow_api.py
[2024-04-26T00:26:04.191+0000] {processor.py:840} INFO - DAG(s) 'tutorial_taskflow_api' retrieved from /home/airflow/.local/lib/python3.12/site-packages/airflow/example_dags/tutorial_taskflow_api.py
[2024-04-26T00:26:04.207+0000] {logging_mixin.py:188} INFO - [2024-04-26T00:26:04.207+0000] {dag.py:3096} INFO - Sync 1 DAGs
[2024-04-26T00:26:04.218+0000] {logging_mixin.py:188} INFO - [2024-04-26T00:26:04.218+0000] {dag.py:3954} INFO - Setting next_dagrun for tutorial_taskflow_api to None, run_after=None
[2024-04-26T00:26:04.234+0000] {processor.py:183} INFO - Processing /home/airflow/.local/lib/python3.12/site-packages/airflow/example_dags/tutorial_taskflow_api.py took 0.053 seconds
[2024-04-26T03:28:55.935+0000] {processor.py:161} INFO - Started process (PID=37409) to work on /home/airflow/.local/lib/python3.12/site-packages/airflow/example_dags/tutorial_taskflow_api.py
[2024-04-26T03:28:55.936+0000] {processor.py:830} INFO - Processing file /home/airflow/.local/lib/python3.12/site-packages/airflow/example_dags/tutorial_taskflow_api.py for tasks to queue
[2024-04-26T03:28:55.937+0000] {logging_mixin.py:188} INFO - [2024-04-26T03:28:55.937+0000] {dagbag.py:540} INFO - Filling up the DagBag from /home/airflow/.local/lib/python3.12/site-packages/airflow/example_dags/tutorial_taskflow_api.py
[2024-04-26T03:28:55.943+0000] {processor.py:840} INFO - DAG(s) 'tutorial_taskflow_api' retrieved from /home/airflow/.local/lib/python3.12/site-packages/airflow/example_dags/tutorial_taskflow_api.py
[2024-04-26T03:28:55.962+0000] {logging_mixin.py:188} INFO - [2024-04-26T03:28:55.962+0000] {dag.py:3096} INFO - Sync 1 DAGs
[2024-04-26T03:28:55.973+0000] {logging_mixin.py:188} INFO - [2024-04-26T03:28:55.972+0000] {dag.py:3954} INFO - Setting next_dagrun for tutorial_taskflow_api to None, run_after=None
[2024-04-26T03:28:55.999+0000] {processor.py:183} INFO - Processing /home/airflow/.local/lib/python3.12/site-packages/airflow/example_dags/tutorial_taskflow_api.py took 0.069 seconds
[2024-04-26T06:31:50.713+0000] {processor.py:161} INFO - Started process (PID=37469) to work on /home/airflow/.local/lib/python3.12/site-packages/airflow/example_dags/tutorial_taskflow_api.py
[2024-04-26T06:31:50.714+0000] {processor.py:830} INFO - Processing file /home/airflow/.local/lib/python3.12/site-packages/airflow/example_dags/tutorial_taskflow_api.py for tasks to queue
[2024-04-26T06:31:50.715+0000] {logging_mixin.py:188} INFO - [2024-04-26T06:31:50.714+0000] {dagbag.py:540} INFO - Filling up the DagBag from /home/airflow/.local/lib/python3.12/site-packages/airflow/example_dags/tutorial_taskflow_api.py
[2024-04-26T06:31:50.720+0000] {processor.py:840} INFO - DAG(s) 'tutorial_taskflow_api' retrieved from /home/airflow/.local/lib/python3.12/site-packages/airflow/example_dags/tutorial_taskflow_api.py
[2024-04-26T06:31:50.737+0000] {logging_mixin.py:188} INFO - [2024-04-26T06:31:50.737+0000] {dag.py:3096} INFO - Sync 1 DAGs
[2024-04-26T06:31:50.747+0000] {logging_mixin.py:188} INFO - [2024-04-26T06:31:50.747+0000] {dag.py:3954} INFO - Setting next_dagrun for tutorial_taskflow_api to None, run_after=None
[2024-04-26T06:31:50.763+0000] {processor.py:183} INFO - Processing /home/airflow/.local/lib/python3.12/site-packages/airflow/example_dags/tutorial_taskflow_api.py took 0.056 seconds
[2024-04-26T08:33:48.666+0000] {processor.py:161} INFO - Started process (PID=37529) to work on /home/airflow/.local/lib/python3.12/site-packages/airflow/example_dags/tutorial_taskflow_api.py
[2024-04-26T08:33:48.667+0000] {processor.py:830} INFO - Processing file /home/airflow/.local/lib/python3.12/site-packages/airflow/example_dags/tutorial_taskflow_api.py for tasks to queue
[2024-04-26T08:33:48.668+0000] {logging_mixin.py:188} INFO - [2024-04-26T08:33:48.668+0000] {dagbag.py:540} INFO - Filling up the DagBag from /home/airflow/.local/lib/python3.12/site-packages/airflow/example_dags/tutorial_taskflow_api.py
[2024-04-26T08:33:48.672+0000] {processor.py:840} INFO - DAG(s) 'tutorial_taskflow_api' retrieved from /home/airflow/.local/lib/python3.12/site-packages/airflow/example_dags/tutorial_taskflow_api.py
[2024-04-26T08:33:48.687+0000] {logging_mixin.py:188} INFO - [2024-04-26T08:33:48.686+0000] {dag.py:3096} INFO - Sync 1 DAGs
[2024-04-26T08:33:48.695+0000] {logging_mixin.py:188} INFO - [2024-04-26T08:33:48.695+0000] {dag.py:3954} INFO - Setting next_dagrun for tutorial_taskflow_api to None, run_after=None
[2024-04-26T08:33:48.706+0000] {processor.py:183} INFO - Processing /home/airflow/.local/lib/python3.12/site-packages/airflow/example_dags/tutorial_taskflow_api.py took 0.044 seconds
[2024-04-26T09:34:45.164+0000] {processor.py:161} INFO - Started process (PID=37589) to work on /home/airflow/.local/lib/python3.12/site-packages/airflow/example_dags/tutorial_taskflow_api.py
[2024-04-26T09:34:45.166+0000] {processor.py:830} INFO - Processing file /home/airflow/.local/lib/python3.12/site-packages/airflow/example_dags/tutorial_taskflow_api.py for tasks to queue
[2024-04-26T09:34:45.166+0000] {logging_mixin.py:188} INFO - [2024-04-26T09:34:45.166+0000] {dagbag.py:540} INFO - Filling up the DagBag from /home/airflow/.local/lib/python3.12/site-packages/airflow/example_dags/tutorial_taskflow_api.py
[2024-04-26T09:34:45.171+0000] {processor.py:840} INFO - DAG(s) 'tutorial_taskflow_api' retrieved from /home/airflow/.local/lib/python3.12/site-packages/airflow/example_dags/tutorial_taskflow_api.py
[2024-04-26T09:34:45.186+0000] {logging_mixin.py:188} INFO - [2024-04-26T09:34:45.185+0000] {dag.py:3096} INFO - Sync 1 DAGs
[2024-04-26T09:34:45.194+0000] {logging_mixin.py:188} INFO - [2024-04-26T09:34:45.194+0000] {dag.py:3954} INFO - Setting next_dagrun for tutorial_taskflow_api to None, run_after=None
[2024-04-26T09:34:45.206+0000] {processor.py:183} INFO - Processing /home/airflow/.local/lib/python3.12/site-packages/airflow/example_dags/tutorial_taskflow_api.py took 0.046 seconds
[2024-04-26T10:52:43.212+0000] {processor.py:161} INFO - Started process (PID=37649) to work on /home/airflow/.local/lib/python3.12/site-packages/airflow/example_dags/tutorial_taskflow_api.py
[2024-04-26T10:52:43.213+0000] {processor.py:830} INFO - Processing file /home/airflow/.local/lib/python3.12/site-packages/airflow/example_dags/tutorial_taskflow_api.py for tasks to queue
[2024-04-26T10:52:43.213+0000] {logging_mixin.py:188} INFO - [2024-04-26T10:52:43.213+0000] {dagbag.py:540} INFO - Filling up the DagBag from /home/airflow/.local/lib/python3.12/site-packages/airflow/example_dags/tutorial_taskflow_api.py
[2024-04-26T10:52:43.218+0000] {processor.py:840} INFO - DAG(s) 'tutorial_taskflow_api' retrieved from /home/airflow/.local/lib/python3.12/site-packages/airflow/example_dags/tutorial_taskflow_api.py
[2024-04-26T10:52:43.235+0000] {logging_mixin.py:188} INFO - [2024-04-26T10:52:43.235+0000] {dag.py:3096} INFO - Sync 1 DAGs
[2024-04-26T10:52:43.244+0000] {logging_mixin.py:188} INFO - [2024-04-26T10:52:43.244+0000] {dag.py:3954} INFO - Setting next_dagrun for tutorial_taskflow_api to None, run_after=None
[2024-04-26T10:52:43.256+0000] {processor.py:183} INFO - Processing /home/airflow/.local/lib/python3.12/site-packages/airflow/example_dags/tutorial_taskflow_api.py took 0.048 seconds
[2024-04-26T14:39:16.245+0000] {processor.py:161} INFO - Started process (PID=37709) to work on /home/airflow/.local/lib/python3.12/site-packages/airflow/example_dags/tutorial_taskflow_api.py
[2024-04-26T14:39:16.246+0000] {processor.py:830} INFO - Processing file /home/airflow/.local/lib/python3.12/site-packages/airflow/example_dags/tutorial_taskflow_api.py for tasks to queue
[2024-04-26T14:39:16.246+0000] {logging_mixin.py:188} INFO - [2024-04-26T14:39:16.246+0000] {dagbag.py:540} INFO - Filling up the DagBag from /home/airflow/.local/lib/python3.12/site-packages/airflow/example_dags/tutorial_taskflow_api.py
[2024-04-26T14:39:16.251+0000] {processor.py:840} INFO - DAG(s) 'tutorial_taskflow_api' retrieved from /home/airflow/.local/lib/python3.12/site-packages/airflow/example_dags/tutorial_taskflow_api.py
[2024-04-26T14:39:16.266+0000] {logging_mixin.py:188} INFO - [2024-04-26T14:39:16.266+0000] {dag.py:3096} INFO - Sync 1 DAGs
[2024-04-26T14:39:16.274+0000] {logging_mixin.py:188} INFO - [2024-04-26T14:39:16.274+0000] {dag.py:3954} INFO - Setting next_dagrun for tutorial_taskflow_api to None, run_after=None
[2024-04-26T14:39:16.286+0000] {processor.py:183} INFO - Processing /home/airflow/.local/lib/python3.12/site-packages/airflow/example_dags/tutorial_taskflow_api.py took 0.046 seconds
[2024-04-26T17:42:12.004+0000] {processor.py:161} INFO - Started process (PID=37769) to work on /home/airflow/.local/lib/python3.12/site-packages/airflow/example_dags/tutorial_taskflow_api.py
[2024-04-26T17:42:12.005+0000] {processor.py:830} INFO - Processing file /home/airflow/.local/lib/python3.12/site-packages/airflow/example_dags/tutorial_taskflow_api.py for tasks to queue
[2024-04-26T17:42:12.006+0000] {logging_mixin.py:188} INFO - [2024-04-26T17:42:12.005+0000] {dagbag.py:540} INFO - Filling up the DagBag from /home/airflow/.local/lib/python3.12/site-packages/airflow/example_dags/tutorial_taskflow_api.py
[2024-04-26T17:42:12.016+0000] {processor.py:840} INFO - DAG(s) 'tutorial_taskflow_api' retrieved from /home/airflow/.local/lib/python3.12/site-packages/airflow/example_dags/tutorial_taskflow_api.py
[2024-04-26T17:42:12.034+0000] {logging_mixin.py:188} INFO - [2024-04-26T17:42:12.034+0000] {dag.py:3096} INFO - Sync 1 DAGs
[2024-04-26T17:42:12.044+0000] {logging_mixin.py:188} INFO - [2024-04-26T17:42:12.044+0000] {dag.py:3954} INFO - Setting next_dagrun for tutorial_taskflow_api to None, run_after=None
[2024-04-26T17:42:12.058+0000] {processor.py:183} INFO - Processing /home/airflow/.local/lib/python3.12/site-packages/airflow/example_dags/tutorial_taskflow_api.py took 0.060 seconds
[2024-04-26T20:45:00.214+0000] {processor.py:161} INFO - Started process (PID=37829) to work on /home/airflow/.local/lib/python3.12/site-packages/airflow/example_dags/tutorial_taskflow_api.py
[2024-04-26T20:45:00.215+0000] {processor.py:830} INFO - Processing file /home/airflow/.local/lib/python3.12/site-packages/airflow/example_dags/tutorial_taskflow_api.py for tasks to queue
[2024-04-26T20:45:00.216+0000] {logging_mixin.py:188} INFO - [2024-04-26T20:45:00.216+0000] {dagbag.py:540} INFO - Filling up the DagBag from /home/airflow/.local/lib/python3.12/site-packages/airflow/example_dags/tutorial_taskflow_api.py
[2024-04-26T20:45:00.220+0000] {processor.py:840} INFO - DAG(s) 'tutorial_taskflow_api' retrieved from /home/airflow/.local/lib/python3.12/site-packages/airflow/example_dags/tutorial_taskflow_api.py
[2024-04-26T20:45:00.235+0000] {logging_mixin.py:188} INFO - [2024-04-26T20:45:00.235+0000] {dag.py:3096} INFO - Sync 1 DAGs
[2024-04-26T20:45:00.243+0000] {logging_mixin.py:188} INFO - [2024-04-26T20:45:00.243+0000] {dag.py:3954} INFO - Setting next_dagrun for tutorial_taskflow_api to None, run_after=None
[2024-04-26T20:45:00.255+0000] {processor.py:183} INFO - Processing /home/airflow/.local/lib/python3.12/site-packages/airflow/example_dags/tutorial_taskflow_api.py took 0.045 seconds
[2024-04-26T22:46:46.526+0000] {processor.py:161} INFO - Started process (PID=37889) to work on /home/airflow/.local/lib/python3.12/site-packages/airflow/example_dags/tutorial_taskflow_api.py
[2024-04-26T22:46:46.527+0000] {processor.py:830} INFO - Processing file /home/airflow/.local/lib/python3.12/site-packages/airflow/example_dags/tutorial_taskflow_api.py for tasks to queue
[2024-04-26T22:46:46.528+0000] {logging_mixin.py:188} INFO - [2024-04-26T22:46:46.528+0000] {dagbag.py:540} INFO - Filling up the DagBag from /home/airflow/.local/lib/python3.12/site-packages/airflow/example_dags/tutorial_taskflow_api.py
[2024-04-26T22:46:46.533+0000] {processor.py:840} INFO - DAG(s) 'tutorial_taskflow_api' retrieved from /home/airflow/.local/lib/python3.12/site-packages/airflow/example_dags/tutorial_taskflow_api.py
[2024-04-26T22:46:46.547+0000] {logging_mixin.py:188} INFO - [2024-04-26T22:46:46.547+0000] {dag.py:3096} INFO - Sync 1 DAGs
[2024-04-26T22:46:46.555+0000] {logging_mixin.py:188} INFO - [2024-04-26T22:46:46.555+0000] {dag.py:3954} INFO - Setting next_dagrun for tutorial_taskflow_api to None, run_after=None
[2024-04-26T22:46:46.566+0000] {processor.py:183} INFO - Processing /home/airflow/.local/lib/python3.12/site-packages/airflow/example_dags/tutorial_taskflow_api.py took 0.044 seconds
