[2024-04-26T00:26:02.726+0000] {processor.py:161} INFO - Started process (PID=37319) to work on /home/airflow/.local/lib/python3.12/site-packages/airflow/example_dags/tutorial.py
[2024-04-26T00:26:02.727+0000] {processor.py:830} INFO - Processing file /home/airflow/.local/lib/python3.12/site-packages/airflow/example_dags/tutorial.py for tasks to queue
[2024-04-26T00:26:02.728+0000] {logging_mixin.py:188} INFO - [2024-04-26T00:26:02.728+0000] {dagbag.py:540} INFO - Filling up the DagBag from /home/airflow/.local/lib/python3.12/site-packages/airflow/example_dags/tutorial.py
[2024-04-26T00:26:02.734+0000] {processor.py:840} INFO - DAG(s) 'tutorial' retrieved from /home/airflow/.local/lib/python3.12/site-packages/airflow/example_dags/tutorial.py
[2024-04-26T00:26:02.749+0000] {logging_mixin.py:188} INFO - [2024-04-26T00:26:02.749+0000] {dag.py:3096} INFO - Sync 1 DAGs
[2024-04-26T00:26:02.765+0000] {logging_mixin.py:188} INFO - [2024-04-26T00:26:02.765+0000] {dag.py:3954} INFO - Setting next_dagrun for tutorial to 2024-04-25 00:00:00+00:00, run_after=2024-04-26 00:00:00+00:00
[2024-04-26T00:26:02.778+0000] {processor.py:183} INFO - Processing /home/airflow/.local/lib/python3.12/site-packages/airflow/example_dags/tutorial.py took 0.057 seconds
[2024-04-26T03:28:54.438+0000] {processor.py:161} INFO - Started process (PID=37379) to work on /home/airflow/.local/lib/python3.12/site-packages/airflow/example_dags/tutorial.py
[2024-04-26T03:28:54.439+0000] {processor.py:830} INFO - Processing file /home/airflow/.local/lib/python3.12/site-packages/airflow/example_dags/tutorial.py for tasks to queue
[2024-04-26T03:28:54.440+0000] {logging_mixin.py:188} INFO - [2024-04-26T03:28:54.439+0000] {dagbag.py:540} INFO - Filling up the DagBag from /home/airflow/.local/lib/python3.12/site-packages/airflow/example_dags/tutorial.py
[2024-04-26T03:28:54.445+0000] {processor.py:840} INFO - DAG(s) 'tutorial' retrieved from /home/airflow/.local/lib/python3.12/site-packages/airflow/example_dags/tutorial.py
[2024-04-26T03:28:54.462+0000] {logging_mixin.py:188} INFO - [2024-04-26T03:28:54.462+0000] {dag.py:3096} INFO - Sync 1 DAGs
[2024-04-26T03:28:54.487+0000] {logging_mixin.py:188} INFO - [2024-04-26T03:28:54.486+0000] {dag.py:3954} INFO - Setting next_dagrun for tutorial to 2024-04-25 00:00:00+00:00, run_after=2024-04-26 00:00:00+00:00
[2024-04-26T03:28:54.503+0000] {processor.py:183} INFO - Processing /home/airflow/.local/lib/python3.12/site-packages/airflow/example_dags/tutorial.py took 0.070 seconds
[2024-04-26T06:31:49.326+0000] {processor.py:161} INFO - Started process (PID=37439) to work on /home/airflow/.local/lib/python3.12/site-packages/airflow/example_dags/tutorial.py
[2024-04-26T06:31:49.328+0000] {processor.py:830} INFO - Processing file /home/airflow/.local/lib/python3.12/site-packages/airflow/example_dags/tutorial.py for tasks to queue
[2024-04-26T06:31:49.329+0000] {logging_mixin.py:188} INFO - [2024-04-26T06:31:49.328+0000] {dagbag.py:540} INFO - Filling up the DagBag from /home/airflow/.local/lib/python3.12/site-packages/airflow/example_dags/tutorial.py
[2024-04-26T06:31:49.336+0000] {processor.py:840} INFO - DAG(s) 'tutorial' retrieved from /home/airflow/.local/lib/python3.12/site-packages/airflow/example_dags/tutorial.py
[2024-04-26T06:31:49.356+0000] {logging_mixin.py:188} INFO - [2024-04-26T06:31:49.356+0000] {dag.py:3096} INFO - Sync 1 DAGs
[2024-04-26T06:31:49.376+0000] {logging_mixin.py:188} INFO - [2024-04-26T06:31:49.376+0000] {dag.py:3954} INFO - Setting next_dagrun for tutorial to 2024-04-25 00:00:00+00:00, run_after=2024-04-26 00:00:00+00:00
[2024-04-26T06:31:49.392+0000] {processor.py:183} INFO - Processing /home/airflow/.local/lib/python3.12/site-packages/airflow/example_dags/tutorial.py took 0.072 seconds
[2024-04-26T08:33:47.397+0000] {processor.py:161} INFO - Started process (PID=37499) to work on /home/airflow/.local/lib/python3.12/site-packages/airflow/example_dags/tutorial.py
[2024-04-26T08:33:47.398+0000] {processor.py:830} INFO - Processing file /home/airflow/.local/lib/python3.12/site-packages/airflow/example_dags/tutorial.py for tasks to queue
[2024-04-26T08:33:47.398+0000] {logging_mixin.py:188} INFO - [2024-04-26T08:33:47.398+0000] {dagbag.py:540} INFO - Filling up the DagBag from /home/airflow/.local/lib/python3.12/site-packages/airflow/example_dags/tutorial.py
[2024-04-26T08:33:47.403+0000] {processor.py:840} INFO - DAG(s) 'tutorial' retrieved from /home/airflow/.local/lib/python3.12/site-packages/airflow/example_dags/tutorial.py
[2024-04-26T08:33:47.416+0000] {logging_mixin.py:188} INFO - [2024-04-26T08:33:47.416+0000] {dag.py:3096} INFO - Sync 1 DAGs
[2024-04-26T08:33:47.430+0000] {logging_mixin.py:188} INFO - [2024-04-26T08:33:47.430+0000] {dag.py:3954} INFO - Setting next_dagrun for tutorial to 2024-04-25 00:00:00+00:00, run_after=2024-04-26 00:00:00+00:00
[2024-04-26T08:33:47.441+0000] {processor.py:183} INFO - Processing /home/airflow/.local/lib/python3.12/site-packages/airflow/example_dags/tutorial.py took 0.048 seconds
[2024-04-26T09:34:43.901+0000] {processor.py:161} INFO - Started process (PID=37559) to work on /home/airflow/.local/lib/python3.12/site-packages/airflow/example_dags/tutorial.py
[2024-04-26T09:34:43.902+0000] {processor.py:830} INFO - Processing file /home/airflow/.local/lib/python3.12/site-packages/airflow/example_dags/tutorial.py for tasks to queue
[2024-04-26T09:34:43.903+0000] {logging_mixin.py:188} INFO - [2024-04-26T09:34:43.903+0000] {dagbag.py:540} INFO - Filling up the DagBag from /home/airflow/.local/lib/python3.12/site-packages/airflow/example_dags/tutorial.py
[2024-04-26T09:34:43.908+0000] {processor.py:840} INFO - DAG(s) 'tutorial' retrieved from /home/airflow/.local/lib/python3.12/site-packages/airflow/example_dags/tutorial.py
[2024-04-26T09:34:43.922+0000] {logging_mixin.py:188} INFO - [2024-04-26T09:34:43.922+0000] {dag.py:3096} INFO - Sync 1 DAGs
[2024-04-26T09:34:43.937+0000] {logging_mixin.py:188} INFO - [2024-04-26T09:34:43.937+0000] {dag.py:3954} INFO - Setting next_dagrun for tutorial to 2024-04-25 00:00:00+00:00, run_after=2024-04-26 00:00:00+00:00
[2024-04-26T09:34:43.954+0000] {processor.py:183} INFO - Processing /home/airflow/.local/lib/python3.12/site-packages/airflow/example_dags/tutorial.py took 0.056 seconds
[2024-04-26T10:52:42.104+0000] {processor.py:161} INFO - Started process (PID=37619) to work on /home/airflow/.local/lib/python3.12/site-packages/airflow/example_dags/tutorial.py
[2024-04-26T10:52:42.105+0000] {processor.py:830} INFO - Processing file /home/airflow/.local/lib/python3.12/site-packages/airflow/example_dags/tutorial.py for tasks to queue
[2024-04-26T10:52:42.106+0000] {logging_mixin.py:188} INFO - [2024-04-26T10:52:42.106+0000] {dagbag.py:540} INFO - Filling up the DagBag from /home/airflow/.local/lib/python3.12/site-packages/airflow/example_dags/tutorial.py
[2024-04-26T10:52:42.111+0000] {processor.py:840} INFO - DAG(s) 'tutorial' retrieved from /home/airflow/.local/lib/python3.12/site-packages/airflow/example_dags/tutorial.py
[2024-04-26T10:52:42.126+0000] {logging_mixin.py:188} INFO - [2024-04-26T10:52:42.125+0000] {dag.py:3096} INFO - Sync 1 DAGs
[2024-04-26T10:52:42.141+0000] {logging_mixin.py:188} INFO - [2024-04-26T10:52:42.141+0000] {dag.py:3954} INFO - Setting next_dagrun for tutorial to 2024-04-25 00:00:00+00:00, run_after=2024-04-26 00:00:00+00:00
[2024-04-26T10:52:42.157+0000] {processor.py:183} INFO - Processing /home/airflow/.local/lib/python3.12/site-packages/airflow/example_dags/tutorial.py took 0.057 seconds
[2024-04-26T14:39:14.983+0000] {processor.py:161} INFO - Started process (PID=37679) to work on /home/airflow/.local/lib/python3.12/site-packages/airflow/example_dags/tutorial.py
[2024-04-26T14:39:14.986+0000] {processor.py:830} INFO - Processing file /home/airflow/.local/lib/python3.12/site-packages/airflow/example_dags/tutorial.py for tasks to queue
[2024-04-26T14:39:14.988+0000] {logging_mixin.py:188} INFO - [2024-04-26T14:39:14.987+0000] {dagbag.py:540} INFO - Filling up the DagBag from /home/airflow/.local/lib/python3.12/site-packages/airflow/example_dags/tutorial.py
[2024-04-26T14:39:15.003+0000] {processor.py:840} INFO - DAG(s) 'tutorial' retrieved from /home/airflow/.local/lib/python3.12/site-packages/airflow/example_dags/tutorial.py
[2024-04-26T14:39:15.043+0000] {logging_mixin.py:188} INFO - [2024-04-26T14:39:15.043+0000] {dag.py:3096} INFO - Sync 1 DAGs
[2024-04-26T14:39:15.067+0000] {logging_mixin.py:188} INFO - [2024-04-26T14:39:15.067+0000] {dag.py:3954} INFO - Setting next_dagrun for tutorial to 2024-04-25 00:00:00+00:00, run_after=2024-04-26 00:00:00+00:00
[2024-04-26T14:39:15.089+0000] {processor.py:183} INFO - Processing /home/airflow/.local/lib/python3.12/site-packages/airflow/example_dags/tutorial.py took 0.121 seconds
[2024-04-26T17:42:10.655+0000] {processor.py:161} INFO - Started process (PID=37739) to work on /home/airflow/.local/lib/python3.12/site-packages/airflow/example_dags/tutorial.py
[2024-04-26T17:42:10.656+0000] {processor.py:830} INFO - Processing file /home/airflow/.local/lib/python3.12/site-packages/airflow/example_dags/tutorial.py for tasks to queue
[2024-04-26T17:42:10.656+0000] {logging_mixin.py:188} INFO - [2024-04-26T17:42:10.656+0000] {dagbag.py:540} INFO - Filling up the DagBag from /home/airflow/.local/lib/python3.12/site-packages/airflow/example_dags/tutorial.py
[2024-04-26T17:42:10.661+0000] {processor.py:840} INFO - DAG(s) 'tutorial' retrieved from /home/airflow/.local/lib/python3.12/site-packages/airflow/example_dags/tutorial.py
[2024-04-26T17:42:10.675+0000] {logging_mixin.py:188} INFO - [2024-04-26T17:42:10.675+0000] {dag.py:3096} INFO - Sync 1 DAGs
[2024-04-26T17:42:10.689+0000] {logging_mixin.py:188} INFO - [2024-04-26T17:42:10.689+0000] {dag.py:3954} INFO - Setting next_dagrun for tutorial to 2024-04-25 00:00:00+00:00, run_after=2024-04-26 00:00:00+00:00
[2024-04-26T17:42:10.702+0000] {processor.py:183} INFO - Processing /home/airflow/.local/lib/python3.12/site-packages/airflow/example_dags/tutorial.py took 0.051 seconds
[2024-04-26T20:44:59.109+0000] {processor.py:161} INFO - Started process (PID=37799) to work on /home/airflow/.local/lib/python3.12/site-packages/airflow/example_dags/tutorial.py
[2024-04-26T20:44:59.110+0000] {processor.py:830} INFO - Processing file /home/airflow/.local/lib/python3.12/site-packages/airflow/example_dags/tutorial.py for tasks to queue
[2024-04-26T20:44:59.111+0000] {logging_mixin.py:188} INFO - [2024-04-26T20:44:59.111+0000] {dagbag.py:540} INFO - Filling up the DagBag from /home/airflow/.local/lib/python3.12/site-packages/airflow/example_dags/tutorial.py
[2024-04-26T20:44:59.117+0000] {processor.py:840} INFO - DAG(s) 'tutorial' retrieved from /home/airflow/.local/lib/python3.12/site-packages/airflow/example_dags/tutorial.py
[2024-04-26T20:44:59.133+0000] {logging_mixin.py:188} INFO - [2024-04-26T20:44:59.133+0000] {dag.py:3096} INFO - Sync 1 DAGs
[2024-04-26T20:44:59.150+0000] {logging_mixin.py:188} INFO - [2024-04-26T20:44:59.150+0000] {dag.py:3954} INFO - Setting next_dagrun for tutorial to 2024-04-25 00:00:00+00:00, run_after=2024-04-26 00:00:00+00:00
[2024-04-26T20:44:59.164+0000] {processor.py:183} INFO - Processing /home/airflow/.local/lib/python3.12/site-packages/airflow/example_dags/tutorial.py took 0.060 seconds
[2024-04-26T22:46:45.322+0000] {processor.py:161} INFO - Started process (PID=37859) to work on /home/airflow/.local/lib/python3.12/site-packages/airflow/example_dags/tutorial.py
[2024-04-26T22:46:45.324+0000] {processor.py:830} INFO - Processing file /home/airflow/.local/lib/python3.12/site-packages/airflow/example_dags/tutorial.py for tasks to queue
[2024-04-26T22:46:45.325+0000] {logging_mixin.py:188} INFO - [2024-04-26T22:46:45.324+0000] {dagbag.py:540} INFO - Filling up the DagBag from /home/airflow/.local/lib/python3.12/site-packages/airflow/example_dags/tutorial.py
[2024-04-26T22:46:45.332+0000] {processor.py:840} INFO - DAG(s) 'tutorial' retrieved from /home/airflow/.local/lib/python3.12/site-packages/airflow/example_dags/tutorial.py
[2024-04-26T22:46:45.354+0000] {logging_mixin.py:188} INFO - [2024-04-26T22:46:45.354+0000] {dag.py:3096} INFO - Sync 1 DAGs
[2024-04-26T22:46:45.374+0000] {logging_mixin.py:188} INFO - [2024-04-26T22:46:45.374+0000] {dag.py:3954} INFO - Setting next_dagrun for tutorial to 2024-04-25 00:00:00+00:00, run_after=2024-04-26 00:00:00+00:00
[2024-04-26T22:46:45.391+0000] {processor.py:183} INFO - Processing /home/airflow/.local/lib/python3.12/site-packages/airflow/example_dags/tutorial.py took 0.077 seconds
