[2024-04-26T00:26:04.030+0000] {processor.py:161} INFO - Started process (PID=37347) to work on /home/airflow/.local/lib/python3.12/site-packages/airflow/example_dags/tutorial_objectstorage.py
[2024-04-26T00:26:04.031+0000] {processor.py:830} INFO - Processing file /home/airflow/.local/lib/python3.12/site-packages/airflow/example_dags/tutorial_objectstorage.py for tasks to queue
[2024-04-26T00:26:04.032+0000] {logging_mixin.py:188} INFO - [2024-04-26T00:26:04.032+0000] {dagbag.py:540} INFO - Filling up the DagBag from /home/airflow/.local/lib/python3.12/site-packages/airflow/example_dags/tutorial_objectstorage.py
[2024-04-26T00:26:04.038+0000] {processor.py:840} INFO - DAG(s) 'tutorial_objectstorage' retrieved from /home/airflow/.local/lib/python3.12/site-packages/airflow/example_dags/tutorial_objectstorage.py
[2024-04-26T00:26:04.056+0000] {logging_mixin.py:188} INFO - [2024-04-26T00:26:04.056+0000] {dag.py:3096} INFO - Sync 1 DAGs
[2024-04-26T00:26:04.077+0000] {logging_mixin.py:188} INFO - [2024-04-26T00:26:04.076+0000] {dag.py:3954} INFO - Setting next_dagrun for tutorial_objectstorage to None, run_after=None
[2024-04-26T00:26:04.099+0000] {processor.py:183} INFO - Processing /home/airflow/.local/lib/python3.12/site-packages/airflow/example_dags/tutorial_objectstorage.py took 0.072 seconds
[2024-04-26T03:28:55.834+0000] {processor.py:161} INFO - Started process (PID=37407) to work on /home/airflow/.local/lib/python3.12/site-packages/airflow/example_dags/tutorial_objectstorage.py
[2024-04-26T03:28:55.835+0000] {processor.py:830} INFO - Processing file /home/airflow/.local/lib/python3.12/site-packages/airflow/example_dags/tutorial_objectstorage.py for tasks to queue
[2024-04-26T03:28:55.836+0000] {logging_mixin.py:188} INFO - [2024-04-26T03:28:55.836+0000] {dagbag.py:540} INFO - Filling up the DagBag from /home/airflow/.local/lib/python3.12/site-packages/airflow/example_dags/tutorial_objectstorage.py
[2024-04-26T03:28:55.843+0000] {processor.py:840} INFO - DAG(s) 'tutorial_objectstorage' retrieved from /home/airflow/.local/lib/python3.12/site-packages/airflow/example_dags/tutorial_objectstorage.py
[2024-04-26T03:28:55.862+0000] {logging_mixin.py:188} INFO - [2024-04-26T03:28:55.861+0000] {dag.py:3096} INFO - Sync 1 DAGs
[2024-04-26T03:28:55.873+0000] {logging_mixin.py:188} INFO - [2024-04-26T03:28:55.872+0000] {dag.py:3954} INFO - Setting next_dagrun for tutorial_objectstorage to None, run_after=None
[2024-04-26T03:28:55.891+0000] {processor.py:183} INFO - Processing /home/airflow/.local/lib/python3.12/site-packages/airflow/example_dags/tutorial_objectstorage.py took 0.063 seconds
[2024-04-26T06:31:50.563+0000] {processor.py:161} INFO - Started process (PID=37467) to work on /home/airflow/.local/lib/python3.12/site-packages/airflow/example_dags/tutorial_objectstorage.py
[2024-04-26T06:31:50.564+0000] {processor.py:830} INFO - Processing file /home/airflow/.local/lib/python3.12/site-packages/airflow/example_dags/tutorial_objectstorage.py for tasks to queue
[2024-04-26T06:31:50.565+0000] {logging_mixin.py:188} INFO - [2024-04-26T06:31:50.565+0000] {dagbag.py:540} INFO - Filling up the DagBag from /home/airflow/.local/lib/python3.12/site-packages/airflow/example_dags/tutorial_objectstorage.py
[2024-04-26T06:31:50.572+0000] {processor.py:840} INFO - DAG(s) 'tutorial_objectstorage' retrieved from /home/airflow/.local/lib/python3.12/site-packages/airflow/example_dags/tutorial_objectstorage.py
[2024-04-26T06:31:50.589+0000] {logging_mixin.py:188} INFO - [2024-04-26T06:31:50.589+0000] {dag.py:3096} INFO - Sync 1 DAGs
[2024-04-26T06:31:50.600+0000] {logging_mixin.py:188} INFO - [2024-04-26T06:31:50.600+0000] {dag.py:3954} INFO - Setting next_dagrun for tutorial_objectstorage to None, run_after=None
[2024-04-26T06:31:50.615+0000] {processor.py:183} INFO - Processing /home/airflow/.local/lib/python3.12/site-packages/airflow/example_dags/tutorial_objectstorage.py took 0.058 seconds
[2024-04-26T08:33:48.604+0000] {processor.py:161} INFO - Started process (PID=37527) to work on /home/airflow/.local/lib/python3.12/site-packages/airflow/example_dags/tutorial_objectstorage.py
[2024-04-26T08:33:48.605+0000] {processor.py:830} INFO - Processing file /home/airflow/.local/lib/python3.12/site-packages/airflow/example_dags/tutorial_objectstorage.py for tasks to queue
[2024-04-26T08:33:48.605+0000] {logging_mixin.py:188} INFO - [2024-04-26T08:33:48.605+0000] {dagbag.py:540} INFO - Filling up the DagBag from /home/airflow/.local/lib/python3.12/site-packages/airflow/example_dags/tutorial_objectstorage.py
[2024-04-26T08:33:48.612+0000] {processor.py:840} INFO - DAG(s) 'tutorial_objectstorage' retrieved from /home/airflow/.local/lib/python3.12/site-packages/airflow/example_dags/tutorial_objectstorage.py
[2024-04-26T08:33:48.627+0000] {logging_mixin.py:188} INFO - [2024-04-26T08:33:48.626+0000] {dag.py:3096} INFO - Sync 1 DAGs
[2024-04-26T08:33:48.636+0000] {logging_mixin.py:188} INFO - [2024-04-26T08:33:48.635+0000] {dag.py:3954} INFO - Setting next_dagrun for tutorial_objectstorage to None, run_after=None
[2024-04-26T08:33:48.649+0000] {processor.py:183} INFO - Processing /home/airflow/.local/lib/python3.12/site-packages/airflow/example_dags/tutorial_objectstorage.py took 0.050 seconds
[2024-04-26T09:34:45.107+0000] {processor.py:161} INFO - Started process (PID=37587) to work on /home/airflow/.local/lib/python3.12/site-packages/airflow/example_dags/tutorial_objectstorage.py
[2024-04-26T09:34:45.108+0000] {processor.py:830} INFO - Processing file /home/airflow/.local/lib/python3.12/site-packages/airflow/example_dags/tutorial_objectstorage.py for tasks to queue
[2024-04-26T09:34:45.109+0000] {logging_mixin.py:188} INFO - [2024-04-26T09:34:45.108+0000] {dagbag.py:540} INFO - Filling up the DagBag from /home/airflow/.local/lib/python3.12/site-packages/airflow/example_dags/tutorial_objectstorage.py
[2024-04-26T09:34:45.115+0000] {processor.py:840} INFO - DAG(s) 'tutorial_objectstorage' retrieved from /home/airflow/.local/lib/python3.12/site-packages/airflow/example_dags/tutorial_objectstorage.py
[2024-04-26T09:34:45.128+0000] {logging_mixin.py:188} INFO - [2024-04-26T09:34:45.128+0000] {dag.py:3096} INFO - Sync 1 DAGs
[2024-04-26T09:34:45.136+0000] {logging_mixin.py:188} INFO - [2024-04-26T09:34:45.136+0000] {dag.py:3954} INFO - Setting next_dagrun for tutorial_objectstorage to None, run_after=None
[2024-04-26T09:34:45.148+0000] {processor.py:183} INFO - Processing /home/airflow/.local/lib/python3.12/site-packages/airflow/example_dags/tutorial_objectstorage.py took 0.046 seconds
[2024-04-26T10:52:43.153+0000] {processor.py:161} INFO - Started process (PID=37647) to work on /home/airflow/.local/lib/python3.12/site-packages/airflow/example_dags/tutorial_objectstorage.py
[2024-04-26T10:52:43.154+0000] {processor.py:830} INFO - Processing file /home/airflow/.local/lib/python3.12/site-packages/airflow/example_dags/tutorial_objectstorage.py for tasks to queue
[2024-04-26T10:52:43.155+0000] {logging_mixin.py:188} INFO - [2024-04-26T10:52:43.155+0000] {dagbag.py:540} INFO - Filling up the DagBag from /home/airflow/.local/lib/python3.12/site-packages/airflow/example_dags/tutorial_objectstorage.py
[2024-04-26T10:52:43.160+0000] {processor.py:840} INFO - DAG(s) 'tutorial_objectstorage' retrieved from /home/airflow/.local/lib/python3.12/site-packages/airflow/example_dags/tutorial_objectstorage.py
[2024-04-26T10:52:43.174+0000] {logging_mixin.py:188} INFO - [2024-04-26T10:52:43.174+0000] {dag.py:3096} INFO - Sync 1 DAGs
[2024-04-26T10:52:43.182+0000] {logging_mixin.py:188} INFO - [2024-04-26T10:52:43.182+0000] {dag.py:3954} INFO - Setting next_dagrun for tutorial_objectstorage to None, run_after=None
[2024-04-26T10:52:43.194+0000] {processor.py:183} INFO - Processing /home/airflow/.local/lib/python3.12/site-packages/airflow/example_dags/tutorial_objectstorage.py took 0.046 seconds
[2024-04-26T14:39:16.175+0000] {processor.py:161} INFO - Started process (PID=37707) to work on /home/airflow/.local/lib/python3.12/site-packages/airflow/example_dags/tutorial_objectstorage.py
[2024-04-26T14:39:16.176+0000] {processor.py:830} INFO - Processing file /home/airflow/.local/lib/python3.12/site-packages/airflow/example_dags/tutorial_objectstorage.py for tasks to queue
[2024-04-26T14:39:16.177+0000] {logging_mixin.py:188} INFO - [2024-04-26T14:39:16.177+0000] {dagbag.py:540} INFO - Filling up the DagBag from /home/airflow/.local/lib/python3.12/site-packages/airflow/example_dags/tutorial_objectstorage.py
[2024-04-26T14:39:16.183+0000] {processor.py:840} INFO - DAG(s) 'tutorial_objectstorage' retrieved from /home/airflow/.local/lib/python3.12/site-packages/airflow/example_dags/tutorial_objectstorage.py
[2024-04-26T14:39:16.197+0000] {logging_mixin.py:188} INFO - [2024-04-26T14:39:16.197+0000] {dag.py:3096} INFO - Sync 1 DAGs
[2024-04-26T14:39:16.205+0000] {logging_mixin.py:188} INFO - [2024-04-26T14:39:16.205+0000] {dag.py:3954} INFO - Setting next_dagrun for tutorial_objectstorage to None, run_after=None
[2024-04-26T14:39:16.217+0000] {processor.py:183} INFO - Processing /home/airflow/.local/lib/python3.12/site-packages/airflow/example_dags/tutorial_objectstorage.py took 0.046 seconds
[2024-04-26T17:42:11.936+0000] {processor.py:161} INFO - Started process (PID=37767) to work on /home/airflow/.local/lib/python3.12/site-packages/airflow/example_dags/tutorial_objectstorage.py
[2024-04-26T17:42:11.937+0000] {processor.py:830} INFO - Processing file /home/airflow/.local/lib/python3.12/site-packages/airflow/example_dags/tutorial_objectstorage.py for tasks to queue
[2024-04-26T17:42:11.938+0000] {logging_mixin.py:188} INFO - [2024-04-26T17:42:11.937+0000] {dagbag.py:540} INFO - Filling up the DagBag from /home/airflow/.local/lib/python3.12/site-packages/airflow/example_dags/tutorial_objectstorage.py
[2024-04-26T17:42:11.944+0000] {processor.py:840} INFO - DAG(s) 'tutorial_objectstorage' retrieved from /home/airflow/.local/lib/python3.12/site-packages/airflow/example_dags/tutorial_objectstorage.py
[2024-04-26T17:42:11.960+0000] {logging_mixin.py:188} INFO - [2024-04-26T17:42:11.960+0000] {dag.py:3096} INFO - Sync 1 DAGs
[2024-04-26T17:42:11.970+0000] {logging_mixin.py:188} INFO - [2024-04-26T17:42:11.970+0000] {dag.py:3954} INFO - Setting next_dagrun for tutorial_objectstorage to None, run_after=None
[2024-04-26T17:42:11.985+0000] {processor.py:183} INFO - Processing /home/airflow/.local/lib/python3.12/site-packages/airflow/example_dags/tutorial_objectstorage.py took 0.053 seconds
[2024-04-26T20:45:00.154+0000] {processor.py:161} INFO - Started process (PID=37827) to work on /home/airflow/.local/lib/python3.12/site-packages/airflow/example_dags/tutorial_objectstorage.py
[2024-04-26T20:45:00.155+0000] {processor.py:830} INFO - Processing file /home/airflow/.local/lib/python3.12/site-packages/airflow/example_dags/tutorial_objectstorage.py for tasks to queue
[2024-04-26T20:45:00.156+0000] {logging_mixin.py:188} INFO - [2024-04-26T20:45:00.155+0000] {dagbag.py:540} INFO - Filling up the DagBag from /home/airflow/.local/lib/python3.12/site-packages/airflow/example_dags/tutorial_objectstorage.py
[2024-04-26T20:45:00.161+0000] {processor.py:840} INFO - DAG(s) 'tutorial_objectstorage' retrieved from /home/airflow/.local/lib/python3.12/site-packages/airflow/example_dags/tutorial_objectstorage.py
[2024-04-26T20:45:00.175+0000] {logging_mixin.py:188} INFO - [2024-04-26T20:45:00.175+0000] {dag.py:3096} INFO - Sync 1 DAGs
[2024-04-26T20:45:00.184+0000] {logging_mixin.py:188} INFO - [2024-04-26T20:45:00.183+0000] {dag.py:3954} INFO - Setting next_dagrun for tutorial_objectstorage to None, run_after=None
[2024-04-26T20:45:00.196+0000] {processor.py:183} INFO - Processing /home/airflow/.local/lib/python3.12/site-packages/airflow/example_dags/tutorial_objectstorage.py took 0.046 seconds
[2024-04-26T22:46:46.460+0000] {processor.py:161} INFO - Started process (PID=37887) to work on /home/airflow/.local/lib/python3.12/site-packages/airflow/example_dags/tutorial_objectstorage.py
[2024-04-26T22:46:46.461+0000] {processor.py:830} INFO - Processing file /home/airflow/.local/lib/python3.12/site-packages/airflow/example_dags/tutorial_objectstorage.py for tasks to queue
[2024-04-26T22:46:46.461+0000] {logging_mixin.py:188} INFO - [2024-04-26T22:46:46.461+0000] {dagbag.py:540} INFO - Filling up the DagBag from /home/airflow/.local/lib/python3.12/site-packages/airflow/example_dags/tutorial_objectstorage.py
[2024-04-26T22:46:46.467+0000] {processor.py:840} INFO - DAG(s) 'tutorial_objectstorage' retrieved from /home/airflow/.local/lib/python3.12/site-packages/airflow/example_dags/tutorial_objectstorage.py
[2024-04-26T22:46:46.481+0000] {logging_mixin.py:188} INFO - [2024-04-26T22:46:46.481+0000] {dag.py:3096} INFO - Sync 1 DAGs
[2024-04-26T22:46:46.489+0000] {logging_mixin.py:188} INFO - [2024-04-26T22:46:46.489+0000] {dag.py:3954} INFO - Setting next_dagrun for tutorial_objectstorage to None, run_after=None
[2024-04-26T22:46:46.502+0000] {processor.py:183} INFO - Processing /home/airflow/.local/lib/python3.12/site-packages/airflow/example_dags/tutorial_objectstorage.py took 0.046 seconds
