[2024-04-26T00:26:02.425+0000] {processor.py:161} INFO - Started process (PID=37312) to work on /home/airflow/.local/lib/python3.12/site-packages/airflow/example_dags/tutorial_taskflow_api_virtualenv.py
[2024-04-26T00:26:02.426+0000] {processor.py:830} INFO - Processing file /home/airflow/.local/lib/python3.12/site-packages/airflow/example_dags/tutorial_taskflow_api_virtualenv.py for tasks to queue
[2024-04-26T00:26:02.427+0000] {logging_mixin.py:188} INFO - [2024-04-26T00:26:02.427+0000] {dagbag.py:540} INFO - Filling up the DagBag from /home/airflow/.local/lib/python3.12/site-packages/airflow/example_dags/tutorial_taskflow_api_virtualenv.py
[2024-04-26T00:26:02.436+0000] {processor.py:840} INFO - DAG(s) 'tutorial_taskflow_api_virtualenv' retrieved from /home/airflow/.local/lib/python3.12/site-packages/airflow/example_dags/tutorial_taskflow_api_virtualenv.py
[2024-04-26T00:26:02.453+0000] {logging_mixin.py:188} INFO - [2024-04-26T00:26:02.453+0000] {dag.py:3096} INFO - Sync 1 DAGs
[2024-04-26T00:26:02.463+0000] {logging_mixin.py:188} INFO - [2024-04-26T00:26:02.463+0000] {dag.py:3954} INFO - Setting next_dagrun for tutorial_taskflow_api_virtualenv to None, run_after=None
[2024-04-26T00:26:02.478+0000] {processor.py:183} INFO - Processing /home/airflow/.local/lib/python3.12/site-packages/airflow/example_dags/tutorial_taskflow_api_virtualenv.py took 0.058 seconds
[2024-04-26T03:28:54.131+0000] {processor.py:161} INFO - Started process (PID=37372) to work on /home/airflow/.local/lib/python3.12/site-packages/airflow/example_dags/tutorial_taskflow_api_virtualenv.py
[2024-04-26T03:28:54.132+0000] {processor.py:830} INFO - Processing file /home/airflow/.local/lib/python3.12/site-packages/airflow/example_dags/tutorial_taskflow_api_virtualenv.py for tasks to queue
[2024-04-26T03:28:54.133+0000] {logging_mixin.py:188} INFO - [2024-04-26T03:28:54.133+0000] {dagbag.py:540} INFO - Filling up the DagBag from /home/airflow/.local/lib/python3.12/site-packages/airflow/example_dags/tutorial_taskflow_api_virtualenv.py
[2024-04-26T03:28:54.146+0000] {processor.py:840} INFO - DAG(s) 'tutorial_taskflow_api_virtualenv' retrieved from /home/airflow/.local/lib/python3.12/site-packages/airflow/example_dags/tutorial_taskflow_api_virtualenv.py
[2024-04-26T03:28:54.170+0000] {logging_mixin.py:188} INFO - [2024-04-26T03:28:54.170+0000] {dag.py:3096} INFO - Sync 1 DAGs
[2024-04-26T03:28:54.185+0000] {logging_mixin.py:188} INFO - [2024-04-26T03:28:54.184+0000] {dag.py:3954} INFO - Setting next_dagrun for tutorial_taskflow_api_virtualenv to None, run_after=None
[2024-04-26T03:28:54.202+0000] {processor.py:183} INFO - Processing /home/airflow/.local/lib/python3.12/site-packages/airflow/example_dags/tutorial_taskflow_api_virtualenv.py took 0.079 seconds
[2024-04-26T06:31:48.789+0000] {processor.py:161} INFO - Started process (PID=37432) to work on /home/airflow/.local/lib/python3.12/site-packages/airflow/example_dags/tutorial_taskflow_api_virtualenv.py
[2024-04-26T06:31:48.791+0000] {processor.py:830} INFO - Processing file /home/airflow/.local/lib/python3.12/site-packages/airflow/example_dags/tutorial_taskflow_api_virtualenv.py for tasks to queue
[2024-04-26T06:31:48.795+0000] {logging_mixin.py:188} INFO - [2024-04-26T06:31:48.793+0000] {dagbag.py:540} INFO - Filling up the DagBag from /home/airflow/.local/lib/python3.12/site-packages/airflow/example_dags/tutorial_taskflow_api_virtualenv.py
[2024-04-26T06:31:48.821+0000] {processor.py:840} INFO - DAG(s) 'tutorial_taskflow_api_virtualenv' retrieved from /home/airflow/.local/lib/python3.12/site-packages/airflow/example_dags/tutorial_taskflow_api_virtualenv.py
[2024-04-26T06:31:48.859+0000] {logging_mixin.py:188} INFO - [2024-04-26T06:31:48.859+0000] {dag.py:3096} INFO - Sync 1 DAGs
[2024-04-26T06:31:48.880+0000] {logging_mixin.py:188} INFO - [2024-04-26T06:31:48.880+0000] {dag.py:3954} INFO - Setting next_dagrun for tutorial_taskflow_api_virtualenv to None, run_after=None
[2024-04-26T06:31:48.915+0000] {processor.py:183} INFO - Processing /home/airflow/.local/lib/python3.12/site-packages/airflow/example_dags/tutorial_taskflow_api_virtualenv.py took 0.137 seconds
[2024-04-26T08:33:47.126+0000] {processor.py:161} INFO - Started process (PID=37492) to work on /home/airflow/.local/lib/python3.12/site-packages/airflow/example_dags/tutorial_taskflow_api_virtualenv.py
[2024-04-26T08:33:47.127+0000] {processor.py:830} INFO - Processing file /home/airflow/.local/lib/python3.12/site-packages/airflow/example_dags/tutorial_taskflow_api_virtualenv.py for tasks to queue
[2024-04-26T08:33:47.128+0000] {logging_mixin.py:188} INFO - [2024-04-26T08:33:47.128+0000] {dagbag.py:540} INFO - Filling up the DagBag from /home/airflow/.local/lib/python3.12/site-packages/airflow/example_dags/tutorial_taskflow_api_virtualenv.py
[2024-04-26T08:33:47.142+0000] {processor.py:840} INFO - DAG(s) 'tutorial_taskflow_api_virtualenv' retrieved from /home/airflow/.local/lib/python3.12/site-packages/airflow/example_dags/tutorial_taskflow_api_virtualenv.py
[2024-04-26T08:33:47.163+0000] {logging_mixin.py:188} INFO - [2024-04-26T08:33:47.163+0000] {dag.py:3096} INFO - Sync 1 DAGs
[2024-04-26T08:33:47.174+0000] {logging_mixin.py:188} INFO - [2024-04-26T08:33:47.174+0000] {dag.py:3954} INFO - Setting next_dagrun for tutorial_taskflow_api_virtualenv to None, run_after=None
[2024-04-26T08:33:47.188+0000] {processor.py:183} INFO - Processing /home/airflow/.local/lib/python3.12/site-packages/airflow/example_dags/tutorial_taskflow_api_virtualenv.py took 0.068 seconds
[2024-04-26T09:34:43.657+0000] {processor.py:161} INFO - Started process (PID=37552) to work on /home/airflow/.local/lib/python3.12/site-packages/airflow/example_dags/tutorial_taskflow_api_virtualenv.py
[2024-04-26T09:34:43.658+0000] {processor.py:830} INFO - Processing file /home/airflow/.local/lib/python3.12/site-packages/airflow/example_dags/tutorial_taskflow_api_virtualenv.py for tasks to queue
[2024-04-26T09:34:43.659+0000] {logging_mixin.py:188} INFO - [2024-04-26T09:34:43.659+0000] {dagbag.py:540} INFO - Filling up the DagBag from /home/airflow/.local/lib/python3.12/site-packages/airflow/example_dags/tutorial_taskflow_api_virtualenv.py
[2024-04-26T09:34:43.667+0000] {processor.py:840} INFO - DAG(s) 'tutorial_taskflow_api_virtualenv' retrieved from /home/airflow/.local/lib/python3.12/site-packages/airflow/example_dags/tutorial_taskflow_api_virtualenv.py
[2024-04-26T09:34:43.691+0000] {logging_mixin.py:188} INFO - [2024-04-26T09:34:43.691+0000] {dag.py:3096} INFO - Sync 1 DAGs
[2024-04-26T09:34:43.702+0000] {logging_mixin.py:188} INFO - [2024-04-26T09:34:43.702+0000] {dag.py:3954} INFO - Setting next_dagrun for tutorial_taskflow_api_virtualenv to None, run_after=None
[2024-04-26T09:34:43.719+0000] {processor.py:183} INFO - Processing /home/airflow/.local/lib/python3.12/site-packages/airflow/example_dags/tutorial_taskflow_api_virtualenv.py took 0.067 seconds
[2024-04-26T10:52:41.630+0000] {processor.py:161} INFO - Started process (PID=37612) to work on /home/airflow/.local/lib/python3.12/site-packages/airflow/example_dags/tutorial_taskflow_api_virtualenv.py
[2024-04-26T10:52:41.631+0000] {processor.py:830} INFO - Processing file /home/airflow/.local/lib/python3.12/site-packages/airflow/example_dags/tutorial_taskflow_api_virtualenv.py for tasks to queue
[2024-04-26T10:52:41.632+0000] {logging_mixin.py:188} INFO - [2024-04-26T10:52:41.631+0000] {dagbag.py:540} INFO - Filling up the DagBag from /home/airflow/.local/lib/python3.12/site-packages/airflow/example_dags/tutorial_taskflow_api_virtualenv.py
[2024-04-26T10:52:41.640+0000] {processor.py:840} INFO - DAG(s) 'tutorial_taskflow_api_virtualenv' retrieved from /home/airflow/.local/lib/python3.12/site-packages/airflow/example_dags/tutorial_taskflow_api_virtualenv.py
[2024-04-26T10:52:41.657+0000] {logging_mixin.py:188} INFO - [2024-04-26T10:52:41.657+0000] {dag.py:3096} INFO - Sync 1 DAGs
[2024-04-26T10:52:41.793+0000] {logging_mixin.py:188} INFO - [2024-04-26T10:52:41.793+0000] {dag.py:3954} INFO - Setting next_dagrun for tutorial_taskflow_api_virtualenv to None, run_after=None
[2024-04-26T10:52:41.879+0000] {processor.py:183} INFO - Processing /home/airflow/.local/lib/python3.12/site-packages/airflow/example_dags/tutorial_taskflow_api_virtualenv.py took 0.253 seconds
[2024-04-26T14:39:14.292+0000] {processor.py:161} INFO - Started process (PID=37672) to work on /home/airflow/.local/lib/python3.12/site-packages/airflow/example_dags/tutorial_taskflow_api_virtualenv.py
[2024-04-26T14:39:14.296+0000] {processor.py:830} INFO - Processing file /home/airflow/.local/lib/python3.12/site-packages/airflow/example_dags/tutorial_taskflow_api_virtualenv.py for tasks to queue
[2024-04-26T14:39:14.298+0000] {logging_mixin.py:188} INFO - [2024-04-26T14:39:14.297+0000] {dagbag.py:540} INFO - Filling up the DagBag from /home/airflow/.local/lib/python3.12/site-packages/airflow/example_dags/tutorial_taskflow_api_virtualenv.py
[2024-04-26T14:39:14.337+0000] {processor.py:840} INFO - DAG(s) 'tutorial_taskflow_api_virtualenv' retrieved from /home/airflow/.local/lib/python3.12/site-packages/airflow/example_dags/tutorial_taskflow_api_virtualenv.py
[2024-04-26T14:39:14.387+0000] {logging_mixin.py:188} INFO - [2024-04-26T14:39:14.386+0000] {dag.py:3096} INFO - Sync 1 DAGs
[2024-04-26T14:39:14.427+0000] {logging_mixin.py:188} INFO - [2024-04-26T14:39:14.426+0000] {dag.py:3954} INFO - Setting next_dagrun for tutorial_taskflow_api_virtualenv to None, run_after=None
[2024-04-26T14:39:14.477+0000] {processor.py:183} INFO - Processing /home/airflow/.local/lib/python3.12/site-packages/airflow/example_dags/tutorial_taskflow_api_virtualenv.py took 0.197 seconds
[2024-04-26T17:42:10.442+0000] {processor.py:161} INFO - Started process (PID=37732) to work on /home/airflow/.local/lib/python3.12/site-packages/airflow/example_dags/tutorial_taskflow_api_virtualenv.py
[2024-04-26T17:42:10.443+0000] {processor.py:830} INFO - Processing file /home/airflow/.local/lib/python3.12/site-packages/airflow/example_dags/tutorial_taskflow_api_virtualenv.py for tasks to queue
[2024-04-26T17:42:10.443+0000] {logging_mixin.py:188} INFO - [2024-04-26T17:42:10.443+0000] {dagbag.py:540} INFO - Filling up the DagBag from /home/airflow/.local/lib/python3.12/site-packages/airflow/example_dags/tutorial_taskflow_api_virtualenv.py
[2024-04-26T17:42:10.451+0000] {processor.py:840} INFO - DAG(s) 'tutorial_taskflow_api_virtualenv' retrieved from /home/airflow/.local/lib/python3.12/site-packages/airflow/example_dags/tutorial_taskflow_api_virtualenv.py
[2024-04-26T17:42:10.465+0000] {logging_mixin.py:188} INFO - [2024-04-26T17:42:10.465+0000] {dag.py:3096} INFO - Sync 1 DAGs
[2024-04-26T17:42:10.474+0000] {logging_mixin.py:188} INFO - [2024-04-26T17:42:10.474+0000] {dag.py:3954} INFO - Setting next_dagrun for tutorial_taskflow_api_virtualenv to None, run_after=None
[2024-04-26T17:42:10.486+0000] {processor.py:183} INFO - Processing /home/airflow/.local/lib/python3.12/site-packages/airflow/example_dags/tutorial_taskflow_api_virtualenv.py took 0.048 seconds
[2024-04-26T20:44:58.838+0000] {processor.py:161} INFO - Started process (PID=37792) to work on /home/airflow/.local/lib/python3.12/site-packages/airflow/example_dags/tutorial_taskflow_api_virtualenv.py
[2024-04-26T20:44:58.842+0000] {processor.py:830} INFO - Processing file /home/airflow/.local/lib/python3.12/site-packages/airflow/example_dags/tutorial_taskflow_api_virtualenv.py for tasks to queue
[2024-04-26T20:44:58.843+0000] {logging_mixin.py:188} INFO - [2024-04-26T20:44:58.843+0000] {dagbag.py:540} INFO - Filling up the DagBag from /home/airflow/.local/lib/python3.12/site-packages/airflow/example_dags/tutorial_taskflow_api_virtualenv.py
[2024-04-26T20:44:58.851+0000] {processor.py:840} INFO - DAG(s) 'tutorial_taskflow_api_virtualenv' retrieved from /home/airflow/.local/lib/python3.12/site-packages/airflow/example_dags/tutorial_taskflow_api_virtualenv.py
[2024-04-26T20:44:58.866+0000] {logging_mixin.py:188} INFO - [2024-04-26T20:44:58.866+0000] {dag.py:3096} INFO - Sync 1 DAGs
[2024-04-26T20:44:58.875+0000] {logging_mixin.py:188} INFO - [2024-04-26T20:44:58.874+0000] {dag.py:3954} INFO - Setting next_dagrun for tutorial_taskflow_api_virtualenv to None, run_after=None
[2024-04-26T20:44:58.886+0000] {processor.py:183} INFO - Processing /home/airflow/.local/lib/python3.12/site-packages/airflow/example_dags/tutorial_taskflow_api_virtualenv.py took 0.053 seconds
[2024-04-26T22:46:44.829+0000] {processor.py:161} INFO - Started process (PID=37852) to work on /home/airflow/.local/lib/python3.12/site-packages/airflow/example_dags/tutorial_taskflow_api_virtualenv.py
[2024-04-26T22:46:44.831+0000] {processor.py:830} INFO - Processing file /home/airflow/.local/lib/python3.12/site-packages/airflow/example_dags/tutorial_taskflow_api_virtualenv.py for tasks to queue
[2024-04-26T22:46:44.834+0000] {logging_mixin.py:188} INFO - [2024-04-26T22:46:44.833+0000] {dagbag.py:540} INFO - Filling up the DagBag from /home/airflow/.local/lib/python3.12/site-packages/airflow/example_dags/tutorial_taskflow_api_virtualenv.py
[2024-04-26T22:46:44.849+0000] {processor.py:840} INFO - DAG(s) 'tutorial_taskflow_api_virtualenv' retrieved from /home/airflow/.local/lib/python3.12/site-packages/airflow/example_dags/tutorial_taskflow_api_virtualenv.py
[2024-04-26T22:46:44.884+0000] {logging_mixin.py:188} INFO - [2024-04-26T22:46:44.884+0000] {dag.py:3096} INFO - Sync 1 DAGs
[2024-04-26T22:46:44.901+0000] {logging_mixin.py:188} INFO - [2024-04-26T22:46:44.900+0000] {dag.py:3954} INFO - Setting next_dagrun for tutorial_taskflow_api_virtualenv to None, run_after=None
[2024-04-26T22:46:44.932+0000] {processor.py:183} INFO - Processing /home/airflow/.local/lib/python3.12/site-packages/airflow/example_dags/tutorial_taskflow_api_virtualenv.py took 0.112 seconds
