[2024-04-26T00:26:02.664+0000] {processor.py:161} INFO - Started process (PID=37318) to work on /home/airflow/.local/lib/python3.12/site-packages/airflow/example_dags/tutorial_dag.py
[2024-04-26T00:26:02.665+0000] {processor.py:830} INFO - Processing file /home/airflow/.local/lib/python3.12/site-packages/airflow/example_dags/tutorial_dag.py for tasks to queue
[2024-04-26T00:26:02.665+0000] {logging_mixin.py:188} INFO - [2024-04-26T00:26:02.665+0000] {dagbag.py:540} INFO - Filling up the DagBag from /home/airflow/.local/lib/python3.12/site-packages/airflow/example_dags/tutorial_dag.py
[2024-04-26T00:26:02.670+0000] {processor.py:840} INFO - DAG(s) 'tutorial_dag' retrieved from /home/airflow/.local/lib/python3.12/site-packages/airflow/example_dags/tutorial_dag.py
[2024-04-26T00:26:02.686+0000] {logging_mixin.py:188} INFO - [2024-04-26T00:26:02.686+0000] {dag.py:3096} INFO - Sync 1 DAGs
[2024-04-26T00:26:02.696+0000] {logging_mixin.py:188} INFO - [2024-04-26T00:26:02.696+0000] {dag.py:3954} INFO - Setting next_dagrun for tutorial_dag to None, run_after=None
[2024-04-26T00:26:02.711+0000] {processor.py:183} INFO - Processing /home/airflow/.local/lib/python3.12/site-packages/airflow/example_dags/tutorial_dag.py took 0.052 seconds
[2024-04-26T03:28:54.420+0000] {processor.py:161} INFO - Started process (PID=37378) to work on /home/airflow/.local/lib/python3.12/site-packages/airflow/example_dags/tutorial_dag.py
[2024-04-26T03:28:54.421+0000] {processor.py:830} INFO - Processing file /home/airflow/.local/lib/python3.12/site-packages/airflow/example_dags/tutorial_dag.py for tasks to queue
[2024-04-26T03:28:54.422+0000] {logging_mixin.py:188} INFO - [2024-04-26T03:28:54.422+0000] {dagbag.py:540} INFO - Filling up the DagBag from /home/airflow/.local/lib/python3.12/site-packages/airflow/example_dags/tutorial_dag.py
[2024-04-26T03:28:54.426+0000] {processor.py:840} INFO - DAG(s) 'tutorial_dag' retrieved from /home/airflow/.local/lib/python3.12/site-packages/airflow/example_dags/tutorial_dag.py
[2024-04-26T03:28:54.445+0000] {logging_mixin.py:188} INFO - [2024-04-26T03:28:54.444+0000] {dag.py:3096} INFO - Sync 1 DAGs
[2024-04-26T03:28:54.454+0000] {logging_mixin.py:188} INFO - [2024-04-26T03:28:54.454+0000] {dag.py:3954} INFO - Setting next_dagrun for tutorial_dag to None, run_after=None
[2024-04-26T03:28:54.470+0000] {processor.py:183} INFO - Processing /home/airflow/.local/lib/python3.12/site-packages/airflow/example_dags/tutorial_dag.py took 0.055 seconds
[2024-04-26T06:31:49.300+0000] {processor.py:161} INFO - Started process (PID=37438) to work on /home/airflow/.local/lib/python3.12/site-packages/airflow/example_dags/tutorial_dag.py
[2024-04-26T06:31:49.302+0000] {processor.py:830} INFO - Processing file /home/airflow/.local/lib/python3.12/site-packages/airflow/example_dags/tutorial_dag.py for tasks to queue
[2024-04-26T06:31:49.303+0000] {logging_mixin.py:188} INFO - [2024-04-26T06:31:49.302+0000] {dagbag.py:540} INFO - Filling up the DagBag from /home/airflow/.local/lib/python3.12/site-packages/airflow/example_dags/tutorial_dag.py
[2024-04-26T06:31:49.308+0000] {processor.py:840} INFO - DAG(s) 'tutorial_dag' retrieved from /home/airflow/.local/lib/python3.12/site-packages/airflow/example_dags/tutorial_dag.py
[2024-04-26T06:31:49.331+0000] {logging_mixin.py:188} INFO - [2024-04-26T06:31:49.331+0000] {dag.py:3096} INFO - Sync 1 DAGs
[2024-04-26T06:31:49.344+0000] {logging_mixin.py:188} INFO - [2024-04-26T06:31:49.344+0000] {dag.py:3954} INFO - Setting next_dagrun for tutorial_dag to None, run_after=None
[2024-04-26T06:31:49.361+0000] {processor.py:183} INFO - Processing /home/airflow/.local/lib/python3.12/site-packages/airflow/example_dags/tutorial_dag.py took 0.067 seconds
[2024-04-26T08:33:47.394+0000] {processor.py:161} INFO - Started process (PID=37498) to work on /home/airflow/.local/lib/python3.12/site-packages/airflow/example_dags/tutorial_dag.py
[2024-04-26T08:33:47.395+0000] {processor.py:830} INFO - Processing file /home/airflow/.local/lib/python3.12/site-packages/airflow/example_dags/tutorial_dag.py for tasks to queue
[2024-04-26T08:33:47.396+0000] {logging_mixin.py:188} INFO - [2024-04-26T08:33:47.396+0000] {dagbag.py:540} INFO - Filling up the DagBag from /home/airflow/.local/lib/python3.12/site-packages/airflow/example_dags/tutorial_dag.py
[2024-04-26T08:33:47.400+0000] {processor.py:840} INFO - DAG(s) 'tutorial_dag' retrieved from /home/airflow/.local/lib/python3.12/site-packages/airflow/example_dags/tutorial_dag.py
[2024-04-26T08:33:47.415+0000] {logging_mixin.py:188} INFO - [2024-04-26T08:33:47.415+0000] {dag.py:3096} INFO - Sync 1 DAGs
[2024-04-26T08:33:47.424+0000] {logging_mixin.py:188} INFO - [2024-04-26T08:33:47.424+0000] {dag.py:3954} INFO - Setting next_dagrun for tutorial_dag to None, run_after=None
[2024-04-26T08:33:47.436+0000] {processor.py:183} INFO - Processing /home/airflow/.local/lib/python3.12/site-packages/airflow/example_dags/tutorial_dag.py took 0.046 seconds
[2024-04-26T09:34:43.875+0000] {processor.py:161} INFO - Started process (PID=37558) to work on /home/airflow/.local/lib/python3.12/site-packages/airflow/example_dags/tutorial_dag.py
[2024-04-26T09:34:43.876+0000] {processor.py:830} INFO - Processing file /home/airflow/.local/lib/python3.12/site-packages/airflow/example_dags/tutorial_dag.py for tasks to queue
[2024-04-26T09:34:43.877+0000] {logging_mixin.py:188} INFO - [2024-04-26T09:34:43.877+0000] {dagbag.py:540} INFO - Filling up the DagBag from /home/airflow/.local/lib/python3.12/site-packages/airflow/example_dags/tutorial_dag.py
[2024-04-26T09:34:43.881+0000] {processor.py:840} INFO - DAG(s) 'tutorial_dag' retrieved from /home/airflow/.local/lib/python3.12/site-packages/airflow/example_dags/tutorial_dag.py
[2024-04-26T09:34:43.896+0000] {logging_mixin.py:188} INFO - [2024-04-26T09:34:43.895+0000] {dag.py:3096} INFO - Sync 1 DAGs
[2024-04-26T09:34:43.905+0000] {logging_mixin.py:188} INFO - [2024-04-26T09:34:43.905+0000] {dag.py:3954} INFO - Setting next_dagrun for tutorial_dag to None, run_after=None
[2024-04-26T09:34:43.917+0000] {processor.py:183} INFO - Processing /home/airflow/.local/lib/python3.12/site-packages/airflow/example_dags/tutorial_dag.py took 0.046 seconds
[2024-04-26T10:52:42.050+0000] {processor.py:161} INFO - Started process (PID=37618) to work on /home/airflow/.local/lib/python3.12/site-packages/airflow/example_dags/tutorial_dag.py
[2024-04-26T10:52:42.051+0000] {processor.py:830} INFO - Processing file /home/airflow/.local/lib/python3.12/site-packages/airflow/example_dags/tutorial_dag.py for tasks to queue
[2024-04-26T10:52:42.052+0000] {logging_mixin.py:188} INFO - [2024-04-26T10:52:42.052+0000] {dagbag.py:540} INFO - Filling up the DagBag from /home/airflow/.local/lib/python3.12/site-packages/airflow/example_dags/tutorial_dag.py
[2024-04-26T10:52:42.056+0000] {processor.py:840} INFO - DAG(s) 'tutorial_dag' retrieved from /home/airflow/.local/lib/python3.12/site-packages/airflow/example_dags/tutorial_dag.py
[2024-04-26T10:52:42.071+0000] {logging_mixin.py:188} INFO - [2024-04-26T10:52:42.071+0000] {dag.py:3096} INFO - Sync 1 DAGs
[2024-04-26T10:52:42.079+0000] {logging_mixin.py:188} INFO - [2024-04-26T10:52:42.079+0000] {dag.py:3954} INFO - Setting next_dagrun for tutorial_dag to None, run_after=None
[2024-04-26T10:52:42.096+0000] {processor.py:183} INFO - Processing /home/airflow/.local/lib/python3.12/site-packages/airflow/example_dags/tutorial_dag.py took 0.051 seconds
[2024-04-26T14:39:14.954+0000] {processor.py:161} INFO - Started process (PID=37678) to work on /home/airflow/.local/lib/python3.12/site-packages/airflow/example_dags/tutorial_dag.py
[2024-04-26T14:39:14.956+0000] {processor.py:830} INFO - Processing file /home/airflow/.local/lib/python3.12/site-packages/airflow/example_dags/tutorial_dag.py for tasks to queue
[2024-04-26T14:39:14.960+0000] {logging_mixin.py:188} INFO - [2024-04-26T14:39:14.959+0000] {dagbag.py:540} INFO - Filling up the DagBag from /home/airflow/.local/lib/python3.12/site-packages/airflow/example_dags/tutorial_dag.py
[2024-04-26T14:39:14.974+0000] {processor.py:840} INFO - DAG(s) 'tutorial_dag' retrieved from /home/airflow/.local/lib/python3.12/site-packages/airflow/example_dags/tutorial_dag.py
[2024-04-26T14:39:15.015+0000] {logging_mixin.py:188} INFO - [2024-04-26T14:39:15.014+0000] {dag.py:3096} INFO - Sync 1 DAGs
[2024-04-26T14:39:15.034+0000] {logging_mixin.py:188} INFO - [2024-04-26T14:39:15.034+0000] {dag.py:3954} INFO - Setting next_dagrun for tutorial_dag to None, run_after=None
[2024-04-26T14:39:15.057+0000] {processor.py:183} INFO - Processing /home/airflow/.local/lib/python3.12/site-packages/airflow/example_dags/tutorial_dag.py took 0.112 seconds
[2024-04-26T17:42:10.634+0000] {processor.py:161} INFO - Started process (PID=37738) to work on /home/airflow/.local/lib/python3.12/site-packages/airflow/example_dags/tutorial_dag.py
[2024-04-26T17:42:10.635+0000] {processor.py:830} INFO - Processing file /home/airflow/.local/lib/python3.12/site-packages/airflow/example_dags/tutorial_dag.py for tasks to queue
[2024-04-26T17:42:10.635+0000] {logging_mixin.py:188} INFO - [2024-04-26T17:42:10.635+0000] {dagbag.py:540} INFO - Filling up the DagBag from /home/airflow/.local/lib/python3.12/site-packages/airflow/example_dags/tutorial_dag.py
[2024-04-26T17:42:10.639+0000] {processor.py:840} INFO - DAG(s) 'tutorial_dag' retrieved from /home/airflow/.local/lib/python3.12/site-packages/airflow/example_dags/tutorial_dag.py
[2024-04-26T17:42:10.654+0000] {logging_mixin.py:188} INFO - [2024-04-26T17:42:10.654+0000] {dag.py:3096} INFO - Sync 1 DAGs
[2024-04-26T17:42:10.662+0000] {logging_mixin.py:188} INFO - [2024-04-26T17:42:10.662+0000] {dag.py:3954} INFO - Setting next_dagrun for tutorial_dag to None, run_after=None
[2024-04-26T17:42:10.675+0000] {processor.py:183} INFO - Processing /home/airflow/.local/lib/python3.12/site-packages/airflow/example_dags/tutorial_dag.py took 0.045 seconds
[2024-04-26T20:44:59.043+0000] {processor.py:161} INFO - Started process (PID=37798) to work on /home/airflow/.local/lib/python3.12/site-packages/airflow/example_dags/tutorial_dag.py
[2024-04-26T20:44:59.044+0000] {processor.py:830} INFO - Processing file /home/airflow/.local/lib/python3.12/site-packages/airflow/example_dags/tutorial_dag.py for tasks to queue
[2024-04-26T20:44:59.045+0000] {logging_mixin.py:188} INFO - [2024-04-26T20:44:59.045+0000] {dagbag.py:540} INFO - Filling up the DagBag from /home/airflow/.local/lib/python3.12/site-packages/airflow/example_dags/tutorial_dag.py
[2024-04-26T20:44:59.050+0000] {processor.py:840} INFO - DAG(s) 'tutorial_dag' retrieved from /home/airflow/.local/lib/python3.12/site-packages/airflow/example_dags/tutorial_dag.py
[2024-04-26T20:44:59.069+0000] {logging_mixin.py:188} INFO - [2024-04-26T20:44:59.068+0000] {dag.py:3096} INFO - Sync 1 DAGs
[2024-04-26T20:44:59.078+0000] {logging_mixin.py:188} INFO - [2024-04-26T20:44:59.078+0000] {dag.py:3954} INFO - Setting next_dagrun for tutorial_dag to None, run_after=None
[2024-04-26T20:44:59.091+0000] {processor.py:183} INFO - Processing /home/airflow/.local/lib/python3.12/site-packages/airflow/example_dags/tutorial_dag.py took 0.053 seconds
[2024-04-26T22:46:45.309+0000] {processor.py:161} INFO - Started process (PID=37858) to work on /home/airflow/.local/lib/python3.12/site-packages/airflow/example_dags/tutorial_dag.py
[2024-04-26T22:46:45.310+0000] {processor.py:830} INFO - Processing file /home/airflow/.local/lib/python3.12/site-packages/airflow/example_dags/tutorial_dag.py for tasks to queue
[2024-04-26T22:46:45.311+0000] {logging_mixin.py:188} INFO - [2024-04-26T22:46:45.311+0000] {dagbag.py:540} INFO - Filling up the DagBag from /home/airflow/.local/lib/python3.12/site-packages/airflow/example_dags/tutorial_dag.py
[2024-04-26T22:46:45.320+0000] {processor.py:840} INFO - DAG(s) 'tutorial_dag' retrieved from /home/airflow/.local/lib/python3.12/site-packages/airflow/example_dags/tutorial_dag.py
[2024-04-26T22:46:45.342+0000] {logging_mixin.py:188} INFO - [2024-04-26T22:46:45.342+0000] {dag.py:3096} INFO - Sync 1 DAGs
[2024-04-26T22:46:45.355+0000] {logging_mixin.py:188} INFO - [2024-04-26T22:46:45.355+0000] {dag.py:3954} INFO - Setting next_dagrun for tutorial_dag to None, run_after=None
[2024-04-26T22:46:45.371+0000] {processor.py:183} INFO - Processing /home/airflow/.local/lib/python3.12/site-packages/airflow/example_dags/tutorial_dag.py took 0.068 seconds
