[2025-05-04T22:10:32.763+0300] {processor.py:161} INFO - Started process (PID=13922) to work on /Users/admin/airflow/dags/.ipynb_checkpoints/homework2_part2-checkpoint.py
[2025-05-04T22:10:32.763+0300] {processor.py:830} INFO - Processing file /Users/admin/airflow/dags/.ipynb_checkpoints/homework2_part2-checkpoint.py for tasks to queue
[2025-05-04T22:10:32.764+0300] {logging_mixin.py:188} INFO - [2025-05-04T22:10:32.764+0300] {dagbag.py:540} INFO - Filling up the DagBag from /Users/admin/airflow/dags/.ipynb_checkpoints/homework2_part2-checkpoint.py
[2025-05-04T22:10:32.975+0300] {logging_mixin.py:188} INFO - [2025-05-04T22:10:32.975+0300] {utils.py:160} INFO - NumExpr defaulting to 8 threads.
[2025-05-04T22:10:33.224+0300] {processor.py:840} INFO - DAG(s) 'monthly_report_igor' retrieved from /Users/admin/airflow/dags/.ipynb_checkpoints/homework2_part2-checkpoint.py
[2025-05-04T22:10:33.335+0300] {logging_mixin.py:188} INFO - [2025-05-04T22:10:33.335+0300] {override.py:1769} INFO - Created Permission View: can delete on DAG:monthly_report_igor
[2025-05-04T22:10:33.340+0300] {logging_mixin.py:188} INFO - [2025-05-04T22:10:33.340+0300] {override.py:1769} INFO - Created Permission View: can read on DAG:monthly_report_igor
[2025-05-04T22:10:33.343+0300] {logging_mixin.py:188} INFO - [2025-05-04T22:10:33.343+0300] {override.py:1769} INFO - Created Permission View: can edit on DAG:monthly_report_igor
[2025-05-04T22:10:33.343+0300] {logging_mixin.py:188} INFO - [2025-05-04T22:10:33.343+0300] {dag.py:3047} INFO - Sync 1 DAGs
[2025-05-04T22:10:33.349+0300] {logging_mixin.py:188} INFO - [2025-05-04T22:10:33.349+0300] {dag.py:3069} INFO - Creating ORM DAG for monthly_report_igor
[2025-05-04T22:10:33.354+0300] {logging_mixin.py:188} INFO - [2025-05-04T22:10:33.354+0300] {dag.py:3834} INFO - Setting next_dagrun for monthly_report_igor to 2024-01-05 00:00:00+00:00, run_after=2024-02-05 00:00:00+00:00
[2025-05-04T22:10:33.362+0300] {processor.py:183} INFO - Processing /Users/admin/airflow/dags/.ipynb_checkpoints/homework2_part2-checkpoint.py took 0.600 seconds
[2025-05-04T22:12:27.793+0300] {processor.py:161} INFO - Started process (PID=14543) to work on /Users/admin/airflow/dags/.ipynb_checkpoints/homework2_part2-checkpoint.py
[2025-05-04T22:12:27.795+0300] {processor.py:830} INFO - Processing file /Users/admin/airflow/dags/.ipynb_checkpoints/homework2_part2-checkpoint.py for tasks to queue
[2025-05-04T22:12:27.795+0300] {logging_mixin.py:188} INFO - [2025-05-04T22:12:27.795+0300] {dagbag.py:540} INFO - Filling up the DagBag from /Users/admin/airflow/dags/.ipynb_checkpoints/homework2_part2-checkpoint.py
[2025-05-04T22:12:27.981+0300] {logging_mixin.py:188} INFO - [2025-05-04T22:12:27.981+0300] {utils.py:160} INFO - NumExpr defaulting to 8 threads.
[2025-05-04T22:12:28.234+0300] {processor.py:840} INFO - DAG(s) 'monthly_report_igor' retrieved from /Users/admin/airflow/dags/.ipynb_checkpoints/homework2_part2-checkpoint.py
[2025-05-04T22:12:28.297+0300] {logging_mixin.py:188} INFO - [2025-05-04T22:12:28.297+0300] {dag.py:3047} INFO - Sync 1 DAGs
[2025-05-04T22:12:28.306+0300] {logging_mixin.py:188} INFO - [2025-05-04T22:12:28.306+0300] {dag.py:3834} INFO - Setting next_dagrun for monthly_report_igor to 2024-01-05 00:00:00+00:00, run_after=2024-02-05 00:00:00+00:00
[2025-05-04T22:12:28.317+0300] {processor.py:183} INFO - Processing /Users/admin/airflow/dags/.ipynb_checkpoints/homework2_part2-checkpoint.py took 0.524 seconds
[2025-05-04T22:13:50.314+0300] {processor.py:161} INFO - Started process (PID=14922) to work on /Users/admin/airflow/dags/.ipynb_checkpoints/homework2_part2-checkpoint.py
[2025-05-04T22:13:50.315+0300] {processor.py:830} INFO - Processing file /Users/admin/airflow/dags/.ipynb_checkpoints/homework2_part2-checkpoint.py for tasks to queue
[2025-05-04T22:13:50.316+0300] {logging_mixin.py:188} INFO - [2025-05-04T22:13:50.316+0300] {dagbag.py:540} INFO - Filling up the DagBag from /Users/admin/airflow/dags/.ipynb_checkpoints/homework2_part2-checkpoint.py
[2025-05-04T22:13:50.521+0300] {logging_mixin.py:188} INFO - [2025-05-04T22:13:50.520+0300] {utils.py:160} INFO - NumExpr defaulting to 8 threads.
[2025-05-04T22:13:50.839+0300] {processor.py:840} INFO - DAG(s) 'monthly_report_igor' retrieved from /Users/admin/airflow/dags/.ipynb_checkpoints/homework2_part2-checkpoint.py
[2025-05-04T22:13:50.909+0300] {logging_mixin.py:188} INFO - [2025-05-04T22:13:50.909+0300] {dag.py:3047} INFO - Sync 1 DAGs
[2025-05-04T22:13:50.921+0300] {logging_mixin.py:188} INFO - [2025-05-04T22:13:50.921+0300] {dag.py:3834} INFO - Setting next_dagrun for monthly_report_igor to 2024-01-05 00:00:00+00:00, run_after=2024-02-05 00:00:00+00:00
[2025-05-04T22:13:50.932+0300] {processor.py:183} INFO - Processing /Users/admin/airflow/dags/.ipynb_checkpoints/homework2_part2-checkpoint.py took 0.619 seconds
[2025-05-04T22:15:11.435+0300] {processor.py:161} INFO - Started process (PID=15311) to work on /Users/admin/airflow/dags/.ipynb_checkpoints/homework2_part2-checkpoint.py
[2025-05-04T22:15:11.436+0300] {processor.py:830} INFO - Processing file /Users/admin/airflow/dags/.ipynb_checkpoints/homework2_part2-checkpoint.py for tasks to queue
[2025-05-04T22:15:11.437+0300] {logging_mixin.py:188} INFO - [2025-05-04T22:15:11.437+0300] {dagbag.py:540} INFO - Filling up the DagBag from /Users/admin/airflow/dags/.ipynb_checkpoints/homework2_part2-checkpoint.py
[2025-05-04T22:15:11.661+0300] {logging_mixin.py:188} INFO - [2025-05-04T22:15:11.660+0300] {utils.py:160} INFO - NumExpr defaulting to 8 threads.
[2025-05-04T22:15:11.902+0300] {processor.py:840} INFO - DAG(s) 'monthly_report_igor' retrieved from /Users/admin/airflow/dags/.ipynb_checkpoints/homework2_part2-checkpoint.py
[2025-05-04T22:15:11.964+0300] {logging_mixin.py:188} INFO - [2025-05-04T22:15:11.964+0300] {dag.py:3047} INFO - Sync 1 DAGs
[2025-05-04T22:15:11.974+0300] {logging_mixin.py:188} INFO - [2025-05-04T22:15:11.973+0300] {dag.py:3834} INFO - Setting next_dagrun for monthly_report_igor to 2024-01-05 00:00:00+00:00, run_after=2024-02-05 00:00:00+00:00
[2025-05-04T22:15:11.984+0300] {processor.py:183} INFO - Processing /Users/admin/airflow/dags/.ipynb_checkpoints/homework2_part2-checkpoint.py took 0.550 seconds
[2025-05-04T22:16:33.837+0300] {processor.py:161} INFO - Started process (PID=15718) to work on /Users/admin/airflow/dags/.ipynb_checkpoints/homework2_part2-checkpoint.py
[2025-05-04T22:16:33.838+0300] {processor.py:830} INFO - Processing file /Users/admin/airflow/dags/.ipynb_checkpoints/homework2_part2-checkpoint.py for tasks to queue
[2025-05-04T22:16:33.839+0300] {logging_mixin.py:188} INFO - [2025-05-04T22:16:33.839+0300] {dagbag.py:540} INFO - Filling up the DagBag from /Users/admin/airflow/dags/.ipynb_checkpoints/homework2_part2-checkpoint.py
[2025-05-04T22:16:34.091+0300] {logging_mixin.py:188} INFO - [2025-05-04T22:16:34.090+0300] {utils.py:160} INFO - NumExpr defaulting to 8 threads.
[2025-05-04T22:16:34.342+0300] {processor.py:840} INFO - DAG(s) 'monthly_report_igor' retrieved from /Users/admin/airflow/dags/.ipynb_checkpoints/homework2_part2-checkpoint.py
[2025-05-04T22:16:34.407+0300] {logging_mixin.py:188} INFO - [2025-05-04T22:16:34.407+0300] {dag.py:3047} INFO - Sync 1 DAGs
[2025-05-04T22:16:34.417+0300] {logging_mixin.py:188} INFO - [2025-05-04T22:16:34.417+0300] {dag.py:3834} INFO - Setting next_dagrun for monthly_report_igor to 2024-01-05 00:00:00+00:00, run_after=2024-02-05 00:00:00+00:00
[2025-05-04T22:16:34.427+0300] {processor.py:183} INFO - Processing /Users/admin/airflow/dags/.ipynb_checkpoints/homework2_part2-checkpoint.py took 0.590 seconds
[2025-05-04T22:17:59.578+0300] {processor.py:161} INFO - Started process (PID=16127) to work on /Users/admin/airflow/dags/.ipynb_checkpoints/homework2_part2-checkpoint.py
[2025-05-04T22:17:59.580+0300] {processor.py:830} INFO - Processing file /Users/admin/airflow/dags/.ipynb_checkpoints/homework2_part2-checkpoint.py for tasks to queue
[2025-05-04T22:17:59.580+0300] {logging_mixin.py:188} INFO - [2025-05-04T22:17:59.580+0300] {dagbag.py:540} INFO - Filling up the DagBag from /Users/admin/airflow/dags/.ipynb_checkpoints/homework2_part2-checkpoint.py
[2025-05-04T22:17:59.808+0300] {logging_mixin.py:188} INFO - [2025-05-04T22:17:59.808+0300] {utils.py:160} INFO - NumExpr defaulting to 8 threads.
[2025-05-04T22:18:00.055+0300] {processor.py:840} INFO - DAG(s) 'monthly_report_igor' retrieved from /Users/admin/airflow/dags/.ipynb_checkpoints/homework2_part2-checkpoint.py
[2025-05-04T22:18:00.118+0300] {logging_mixin.py:188} INFO - [2025-05-04T22:18:00.118+0300] {dag.py:3047} INFO - Sync 1 DAGs
[2025-05-04T22:18:00.127+0300] {logging_mixin.py:188} INFO - [2025-05-04T22:18:00.127+0300] {dag.py:3834} INFO - Setting next_dagrun for monthly_report_igor to 2024-01-05 00:00:00+00:00, run_after=2024-02-05 00:00:00+00:00
[2025-05-04T22:18:00.137+0300] {processor.py:183} INFO - Processing /Users/admin/airflow/dags/.ipynb_checkpoints/homework2_part2-checkpoint.py took 0.560 seconds
[2025-05-04T22:26:15.972+0300] {processor.py:161} INFO - Started process (PID=16569) to work on /Users/admin/airflow/dags/.ipynb_checkpoints/homework2_part2-checkpoint.py
[2025-05-04T22:26:15.973+0300] {processor.py:830} INFO - Processing file /Users/admin/airflow/dags/.ipynb_checkpoints/homework2_part2-checkpoint.py for tasks to queue
[2025-05-04T22:26:15.973+0300] {logging_mixin.py:188} INFO - [2025-05-04T22:26:15.973+0300] {dagbag.py:540} INFO - Filling up the DagBag from /Users/admin/airflow/dags/.ipynb_checkpoints/homework2_part2-checkpoint.py
[2025-05-04T22:26:16.223+0300] {logging_mixin.py:188} INFO - [2025-05-04T22:26:16.222+0300] {utils.py:160} INFO - NumExpr defaulting to 8 threads.
[2025-05-04T22:26:16.452+0300] {processor.py:840} INFO - DAG(s) 'monthly_report_igor' retrieved from /Users/admin/airflow/dags/.ipynb_checkpoints/homework2_part2-checkpoint.py
[2025-05-04T22:26:16.517+0300] {logging_mixin.py:188} INFO - [2025-05-04T22:26:16.517+0300] {dag.py:3047} INFO - Sync 1 DAGs
[2025-05-04T22:26:16.529+0300] {logging_mixin.py:188} INFO - [2025-05-04T22:26:16.528+0300] {dag.py:3834} INFO - Setting next_dagrun for monthly_report_igor to 2024-01-05 00:00:00+00:00, run_after=2024-02-05 00:00:00+00:00
[2025-05-04T22:26:16.540+0300] {processor.py:183} INFO - Processing /Users/admin/airflow/dags/.ipynb_checkpoints/homework2_part2-checkpoint.py took 0.569 seconds
[2025-05-04T22:27:38.136+0300] {processor.py:161} INFO - Started process (PID=16957) to work on /Users/admin/airflow/dags/.ipynb_checkpoints/homework2_part2-checkpoint.py
[2025-05-04T22:27:38.138+0300] {processor.py:830} INFO - Processing file /Users/admin/airflow/dags/.ipynb_checkpoints/homework2_part2-checkpoint.py for tasks to queue
[2025-05-04T22:27:38.138+0300] {logging_mixin.py:188} INFO - [2025-05-04T22:27:38.138+0300] {dagbag.py:540} INFO - Filling up the DagBag from /Users/admin/airflow/dags/.ipynb_checkpoints/homework2_part2-checkpoint.py
[2025-05-04T22:27:38.354+0300] {logging_mixin.py:188} INFO - [2025-05-04T22:27:38.354+0300] {utils.py:160} INFO - NumExpr defaulting to 8 threads.
[2025-05-04T22:27:38.599+0300] {processor.py:840} INFO - DAG(s) 'monthly_report_igor' retrieved from /Users/admin/airflow/dags/.ipynb_checkpoints/homework2_part2-checkpoint.py
[2025-05-04T22:27:38.662+0300] {logging_mixin.py:188} INFO - [2025-05-04T22:27:38.662+0300] {dag.py:3047} INFO - Sync 1 DAGs
[2025-05-04T22:27:38.672+0300] {logging_mixin.py:188} INFO - [2025-05-04T22:27:38.672+0300] {dag.py:3834} INFO - Setting next_dagrun for monthly_report_igor to 2024-01-05 00:00:00+00:00, run_after=2024-02-05 00:00:00+00:00
[2025-05-04T22:27:38.682+0300] {processor.py:183} INFO - Processing /Users/admin/airflow/dags/.ipynb_checkpoints/homework2_part2-checkpoint.py took 0.547 seconds
[2025-05-04T22:29:00.005+0300] {processor.py:161} INFO - Started process (PID=17340) to work on /Users/admin/airflow/dags/.ipynb_checkpoints/homework2_part2-checkpoint.py
[2025-05-04T22:29:00.006+0300] {processor.py:830} INFO - Processing file /Users/admin/airflow/dags/.ipynb_checkpoints/homework2_part2-checkpoint.py for tasks to queue
[2025-05-04T22:29:00.006+0300] {logging_mixin.py:188} INFO - [2025-05-04T22:29:00.006+0300] {dagbag.py:540} INFO - Filling up the DagBag from /Users/admin/airflow/dags/.ipynb_checkpoints/homework2_part2-checkpoint.py
[2025-05-04T22:29:00.210+0300] {logging_mixin.py:188} INFO - [2025-05-04T22:29:00.209+0300] {utils.py:160} INFO - NumExpr defaulting to 8 threads.
[2025-05-04T22:29:00.469+0300] {processor.py:840} INFO - DAG(s) 'monthly_report_igor' retrieved from /Users/admin/airflow/dags/.ipynb_checkpoints/homework2_part2-checkpoint.py
[2025-05-04T22:29:00.533+0300] {logging_mixin.py:188} INFO - [2025-05-04T22:29:00.533+0300] {dag.py:3047} INFO - Sync 1 DAGs
[2025-05-04T22:29:00.543+0300] {logging_mixin.py:188} INFO - [2025-05-04T22:29:00.543+0300] {dag.py:3834} INFO - Setting next_dagrun for monthly_report_igor to 2024-01-05 00:00:00+00:00, run_after=2024-02-05 00:00:00+00:00
[2025-05-04T22:29:00.553+0300] {processor.py:183} INFO - Processing /Users/admin/airflow/dags/.ipynb_checkpoints/homework2_part2-checkpoint.py took 0.549 seconds
[2025-05-04T22:30:21.834+0300] {processor.py:161} INFO - Started process (PID=17726) to work on /Users/admin/airflow/dags/.ipynb_checkpoints/homework2_part2-checkpoint.py
[2025-05-04T22:30:21.835+0300] {processor.py:830} INFO - Processing file /Users/admin/airflow/dags/.ipynb_checkpoints/homework2_part2-checkpoint.py for tasks to queue
[2025-05-04T22:30:21.836+0300] {logging_mixin.py:188} INFO - [2025-05-04T22:30:21.835+0300] {dagbag.py:540} INFO - Filling up the DagBag from /Users/admin/airflow/dags/.ipynb_checkpoints/homework2_part2-checkpoint.py
[2025-05-04T22:30:22.115+0300] {logging_mixin.py:188} INFO - [2025-05-04T22:30:22.114+0300] {utils.py:160} INFO - NumExpr defaulting to 8 threads.
[2025-05-04T22:30:22.386+0300] {processor.py:840} INFO - DAG(s) 'monthly_report_igor' retrieved from /Users/admin/airflow/dags/.ipynb_checkpoints/homework2_part2-checkpoint.py
[2025-05-04T22:30:22.450+0300] {logging_mixin.py:188} INFO - [2025-05-04T22:30:22.449+0300] {dag.py:3047} INFO - Sync 1 DAGs
[2025-05-04T22:30:22.459+0300] {logging_mixin.py:188} INFO - [2025-05-04T22:30:22.459+0300] {dag.py:3834} INFO - Setting next_dagrun for monthly_report_igor to 2024-01-05 00:00:00+00:00, run_after=2024-02-05 00:00:00+00:00
[2025-05-04T22:30:22.469+0300] {processor.py:183} INFO - Processing /Users/admin/airflow/dags/.ipynb_checkpoints/homework2_part2-checkpoint.py took 0.636 seconds
[2025-05-04T22:31:43.524+0300] {processor.py:161} INFO - Started process (PID=18122) to work on /Users/admin/airflow/dags/.ipynb_checkpoints/homework2_part2-checkpoint.py
[2025-05-04T22:31:43.526+0300] {processor.py:830} INFO - Processing file /Users/admin/airflow/dags/.ipynb_checkpoints/homework2_part2-checkpoint.py for tasks to queue
[2025-05-04T22:31:43.526+0300] {logging_mixin.py:188} INFO - [2025-05-04T22:31:43.526+0300] {dagbag.py:540} INFO - Filling up the DagBag from /Users/admin/airflow/dags/.ipynb_checkpoints/homework2_part2-checkpoint.py
[2025-05-04T22:31:43.745+0300] {logging_mixin.py:188} INFO - [2025-05-04T22:31:43.744+0300] {utils.py:160} INFO - NumExpr defaulting to 8 threads.
[2025-05-04T22:31:44.007+0300] {processor.py:840} INFO - DAG(s) 'monthly_report_igor' retrieved from /Users/admin/airflow/dags/.ipynb_checkpoints/homework2_part2-checkpoint.py
[2025-05-04T22:31:44.069+0300] {logging_mixin.py:188} INFO - [2025-05-04T22:31:44.068+0300] {dag.py:3047} INFO - Sync 1 DAGs
[2025-05-04T22:31:44.078+0300] {logging_mixin.py:188} INFO - [2025-05-04T22:31:44.078+0300] {dag.py:3834} INFO - Setting next_dagrun for monthly_report_igor to 2024-01-05 00:00:00+00:00, run_after=2024-02-05 00:00:00+00:00
[2025-05-04T22:31:44.088+0300] {processor.py:183} INFO - Processing /Users/admin/airflow/dags/.ipynb_checkpoints/homework2_part2-checkpoint.py took 0.564 seconds
[2025-05-04T23:17:01.016+0300] {processor.py:161} INFO - Started process (PID=18607) to work on /Users/admin/airflow/dags/.ipynb_checkpoints/homework2_part2-checkpoint.py
[2025-05-04T23:17:01.017+0300] {processor.py:830} INFO - Processing file /Users/admin/airflow/dags/.ipynb_checkpoints/homework2_part2-checkpoint.py for tasks to queue
[2025-05-04T23:17:01.018+0300] {logging_mixin.py:188} INFO - [2025-05-04T23:17:01.018+0300] {dagbag.py:540} INFO - Filling up the DagBag from /Users/admin/airflow/dags/.ipynb_checkpoints/homework2_part2-checkpoint.py
[2025-05-04T23:17:01.280+0300] {logging_mixin.py:188} INFO - [2025-05-04T23:17:01.279+0300] {utils.py:160} INFO - NumExpr defaulting to 8 threads.
[2025-05-04T23:17:01.575+0300] {processor.py:840} INFO - DAG(s) 'monthly_report_igor' retrieved from /Users/admin/airflow/dags/.ipynb_checkpoints/homework2_part2-checkpoint.py
[2025-05-04T23:17:01.647+0300] {logging_mixin.py:188} INFO - [2025-05-04T23:17:01.647+0300] {dag.py:3047} INFO - Sync 1 DAGs
[2025-05-04T23:17:01.658+0300] {logging_mixin.py:188} INFO - [2025-05-04T23:17:01.658+0300] {dag.py:3834} INFO - Setting next_dagrun for monthly_report_igor to 2024-01-05 00:00:00+00:00, run_after=2024-02-05 00:00:00+00:00
[2025-05-04T23:17:01.671+0300] {processor.py:183} INFO - Processing /Users/admin/airflow/dags/.ipynb_checkpoints/homework2_part2-checkpoint.py took 0.656 seconds
[2025-05-04T23:18:24.692+0300] {processor.py:161} INFO - Started process (PID=19004) to work on /Users/admin/airflow/dags/.ipynb_checkpoints/homework2_part2-checkpoint.py
[2025-05-04T23:18:24.693+0300] {processor.py:830} INFO - Processing file /Users/admin/airflow/dags/.ipynb_checkpoints/homework2_part2-checkpoint.py for tasks to queue
[2025-05-04T23:18:24.694+0300] {logging_mixin.py:188} INFO - [2025-05-04T23:18:24.694+0300] {dagbag.py:540} INFO - Filling up the DagBag from /Users/admin/airflow/dags/.ipynb_checkpoints/homework2_part2-checkpoint.py
[2025-05-04T23:18:24.934+0300] {logging_mixin.py:188} INFO - [2025-05-04T23:18:24.934+0300] {utils.py:160} INFO - NumExpr defaulting to 8 threads.
[2025-05-04T23:18:25.170+0300] {processor.py:840} INFO - DAG(s) 'monthly_report_igor' retrieved from /Users/admin/airflow/dags/.ipynb_checkpoints/homework2_part2-checkpoint.py
[2025-05-04T23:18:25.231+0300] {logging_mixin.py:188} INFO - [2025-05-04T23:18:25.231+0300] {dag.py:3047} INFO - Sync 1 DAGs
[2025-05-04T23:18:25.241+0300] {logging_mixin.py:188} INFO - [2025-05-04T23:18:25.241+0300] {dag.py:3834} INFO - Setting next_dagrun for monthly_report_igor to 2024-01-05 00:00:00+00:00, run_after=2024-02-05 00:00:00+00:00
[2025-05-04T23:18:25.250+0300] {processor.py:183} INFO - Processing /Users/admin/airflow/dags/.ipynb_checkpoints/homework2_part2-checkpoint.py took 0.559 seconds
[2025-05-04T23:19:46.784+0300] {processor.py:161} INFO - Started process (PID=19391) to work on /Users/admin/airflow/dags/.ipynb_checkpoints/homework2_part2-checkpoint.py
[2025-05-04T23:19:46.786+0300] {processor.py:830} INFO - Processing file /Users/admin/airflow/dags/.ipynb_checkpoints/homework2_part2-checkpoint.py for tasks to queue
[2025-05-04T23:19:46.786+0300] {logging_mixin.py:188} INFO - [2025-05-04T23:19:46.786+0300] {dagbag.py:540} INFO - Filling up the DagBag from /Users/admin/airflow/dags/.ipynb_checkpoints/homework2_part2-checkpoint.py
[2025-05-04T23:19:47.032+0300] {logging_mixin.py:188} INFO - [2025-05-04T23:19:47.032+0300] {utils.py:160} INFO - NumExpr defaulting to 8 threads.
[2025-05-04T23:19:47.259+0300] {processor.py:840} INFO - DAG(s) 'monthly_report_igor' retrieved from /Users/admin/airflow/dags/.ipynb_checkpoints/homework2_part2-checkpoint.py
[2025-05-04T23:19:47.321+0300] {logging_mixin.py:188} INFO - [2025-05-04T23:19:47.321+0300] {dag.py:3047} INFO - Sync 1 DAGs
[2025-05-04T23:19:47.331+0300] {logging_mixin.py:188} INFO - [2025-05-04T23:19:47.331+0300] {dag.py:3834} INFO - Setting next_dagrun for monthly_report_igor to 2024-01-05 00:00:00+00:00, run_after=2024-02-05 00:00:00+00:00
[2025-05-04T23:19:47.341+0300] {processor.py:183} INFO - Processing /Users/admin/airflow/dags/.ipynb_checkpoints/homework2_part2-checkpoint.py took 0.557 seconds
[2025-05-04T23:21:13.860+0300] {processor.py:161} INFO - Started process (PID=19795) to work on /Users/admin/airflow/dags/.ipynb_checkpoints/homework2_part2-checkpoint.py
[2025-05-04T23:21:13.861+0300] {processor.py:830} INFO - Processing file /Users/admin/airflow/dags/.ipynb_checkpoints/homework2_part2-checkpoint.py for tasks to queue
[2025-05-04T23:21:13.861+0300] {logging_mixin.py:188} INFO - [2025-05-04T23:21:13.861+0300] {dagbag.py:540} INFO - Filling up the DagBag from /Users/admin/airflow/dags/.ipynb_checkpoints/homework2_part2-checkpoint.py
[2025-05-04T23:21:14.121+0300] {logging_mixin.py:188} INFO - [2025-05-04T23:21:14.121+0300] {utils.py:160} INFO - NumExpr defaulting to 8 threads.
[2025-05-04T23:21:14.362+0300] {processor.py:840} INFO - DAG(s) 'monthly_report_igor' retrieved from /Users/admin/airflow/dags/.ipynb_checkpoints/homework2_part2-checkpoint.py
[2025-05-04T23:21:14.424+0300] {logging_mixin.py:188} INFO - [2025-05-04T23:21:14.424+0300] {dag.py:3047} INFO - Sync 1 DAGs
[2025-05-04T23:21:14.434+0300] {logging_mixin.py:188} INFO - [2025-05-04T23:21:14.434+0300] {dag.py:3834} INFO - Setting next_dagrun for monthly_report_igor to 2024-01-05 00:00:00+00:00, run_after=2024-02-05 00:00:00+00:00
[2025-05-04T23:21:14.444+0300] {processor.py:183} INFO - Processing /Users/admin/airflow/dags/.ipynb_checkpoints/homework2_part2-checkpoint.py took 0.585 seconds
[2025-05-04T23:22:44.100+0300] {processor.py:161} INFO - Started process (PID=20220) to work on /Users/admin/airflow/dags/.ipynb_checkpoints/homework2_part2-checkpoint.py
[2025-05-04T23:22:44.101+0300] {processor.py:830} INFO - Processing file /Users/admin/airflow/dags/.ipynb_checkpoints/homework2_part2-checkpoint.py for tasks to queue
[2025-05-04T23:22:44.102+0300] {logging_mixin.py:188} INFO - [2025-05-04T23:22:44.102+0300] {dagbag.py:540} INFO - Filling up the DagBag from /Users/admin/airflow/dags/.ipynb_checkpoints/homework2_part2-checkpoint.py
[2025-05-04T23:22:44.308+0300] {logging_mixin.py:188} INFO - [2025-05-04T23:22:44.308+0300] {utils.py:160} INFO - NumExpr defaulting to 8 threads.
[2025-05-04T23:22:44.577+0300] {processor.py:840} INFO - DAG(s) 'monthly_report_igor' retrieved from /Users/admin/airflow/dags/.ipynb_checkpoints/homework2_part2-checkpoint.py
[2025-05-04T23:22:44.639+0300] {logging_mixin.py:188} INFO - [2025-05-04T23:22:44.638+0300] {dag.py:3047} INFO - Sync 1 DAGs
[2025-05-04T23:22:44.648+0300] {logging_mixin.py:188} INFO - [2025-05-04T23:22:44.648+0300] {dag.py:3834} INFO - Setting next_dagrun for monthly_report_igor to 2024-01-05 00:00:00+00:00, run_after=2024-02-05 00:00:00+00:00
[2025-05-04T23:22:44.658+0300] {processor.py:183} INFO - Processing /Users/admin/airflow/dags/.ipynb_checkpoints/homework2_part2-checkpoint.py took 0.559 seconds
[2025-05-04T23:24:09.584+0300] {processor.py:161} INFO - Started process (PID=20625) to work on /Users/admin/airflow/dags/.ipynb_checkpoints/homework2_part2-checkpoint.py
[2025-05-04T23:24:09.585+0300] {processor.py:830} INFO - Processing file /Users/admin/airflow/dags/.ipynb_checkpoints/homework2_part2-checkpoint.py for tasks to queue
[2025-05-04T23:24:09.585+0300] {logging_mixin.py:188} INFO - [2025-05-04T23:24:09.585+0300] {dagbag.py:540} INFO - Filling up the DagBag from /Users/admin/airflow/dags/.ipynb_checkpoints/homework2_part2-checkpoint.py
[2025-05-04T23:24:09.801+0300] {logging_mixin.py:188} INFO - [2025-05-04T23:24:09.801+0300] {utils.py:160} INFO - NumExpr defaulting to 8 threads.
[2025-05-04T23:24:10.049+0300] {processor.py:840} INFO - DAG(s) 'monthly_report_igor' retrieved from /Users/admin/airflow/dags/.ipynb_checkpoints/homework2_part2-checkpoint.py
[2025-05-04T23:24:10.111+0300] {logging_mixin.py:188} INFO - [2025-05-04T23:24:10.111+0300] {dag.py:3047} INFO - Sync 1 DAGs
[2025-05-04T23:24:10.121+0300] {logging_mixin.py:188} INFO - [2025-05-04T23:24:10.121+0300] {dag.py:3834} INFO - Setting next_dagrun for monthly_report_igor to 2024-01-05 00:00:00+00:00, run_after=2024-02-05 00:00:00+00:00
[2025-05-04T23:24:10.131+0300] {processor.py:183} INFO - Processing /Users/admin/airflow/dags/.ipynb_checkpoints/homework2_part2-checkpoint.py took 0.548 seconds
[2025-05-04T23:25:36.689+0300] {processor.py:161} INFO - Started process (PID=21035) to work on /Users/admin/airflow/dags/.ipynb_checkpoints/homework2_part2-checkpoint.py
[2025-05-04T23:25:36.691+0300] {processor.py:830} INFO - Processing file /Users/admin/airflow/dags/.ipynb_checkpoints/homework2_part2-checkpoint.py for tasks to queue
[2025-05-04T23:25:36.691+0300] {logging_mixin.py:188} INFO - [2025-05-04T23:25:36.691+0300] {dagbag.py:540} INFO - Filling up the DagBag from /Users/admin/airflow/dags/.ipynb_checkpoints/homework2_part2-checkpoint.py
[2025-05-04T23:25:36.881+0300] {logging_mixin.py:188} INFO - [2025-05-04T23:25:36.880+0300] {utils.py:160} INFO - NumExpr defaulting to 8 threads.
[2025-05-04T23:25:37.142+0300] {processor.py:840} INFO - DAG(s) 'monthly_report_igor' retrieved from /Users/admin/airflow/dags/.ipynb_checkpoints/homework2_part2-checkpoint.py
[2025-05-04T23:25:37.203+0300] {logging_mixin.py:188} INFO - [2025-05-04T23:25:37.203+0300] {dag.py:3047} INFO - Sync 1 DAGs
[2025-05-04T23:25:37.212+0300] {logging_mixin.py:188} INFO - [2025-05-04T23:25:37.212+0300] {dag.py:3834} INFO - Setting next_dagrun for monthly_report_igor to 2024-01-05 00:00:00+00:00, run_after=2024-02-05 00:00:00+00:00
[2025-05-04T23:25:37.222+0300] {processor.py:183} INFO - Processing /Users/admin/airflow/dags/.ipynb_checkpoints/homework2_part2-checkpoint.py took 0.534 seconds
[2025-05-04T23:27:03.269+0300] {processor.py:161} INFO - Started process (PID=21445) to work on /Users/admin/airflow/dags/.ipynb_checkpoints/homework2_part2-checkpoint.py
[2025-05-04T23:27:03.270+0300] {processor.py:830} INFO - Processing file /Users/admin/airflow/dags/.ipynb_checkpoints/homework2_part2-checkpoint.py for tasks to queue
[2025-05-04T23:27:03.271+0300] {logging_mixin.py:188} INFO - [2025-05-04T23:27:03.271+0300] {dagbag.py:540} INFO - Filling up the DagBag from /Users/admin/airflow/dags/.ipynb_checkpoints/homework2_part2-checkpoint.py
[2025-05-04T23:27:03.493+0300] {logging_mixin.py:188} INFO - [2025-05-04T23:27:03.493+0300] {utils.py:160} INFO - NumExpr defaulting to 8 threads.
[2025-05-04T23:27:03.735+0300] {processor.py:840} INFO - DAG(s) 'monthly_report_igor' retrieved from /Users/admin/airflow/dags/.ipynb_checkpoints/homework2_part2-checkpoint.py
[2025-05-04T23:27:03.797+0300] {logging_mixin.py:188} INFO - [2025-05-04T23:27:03.797+0300] {dag.py:3047} INFO - Sync 1 DAGs
[2025-05-04T23:27:03.807+0300] {logging_mixin.py:188} INFO - [2025-05-04T23:27:03.807+0300] {dag.py:3834} INFO - Setting next_dagrun for monthly_report_igor to 2024-01-05 00:00:00+00:00, run_after=2024-02-05 00:00:00+00:00
[2025-05-04T23:27:03.817+0300] {processor.py:183} INFO - Processing /Users/admin/airflow/dags/.ipynb_checkpoints/homework2_part2-checkpoint.py took 0.549 seconds
[2025-05-04T23:28:29.537+0300] {processor.py:161} INFO - Started process (PID=21851) to work on /Users/admin/airflow/dags/.ipynb_checkpoints/homework2_part2-checkpoint.py
[2025-05-04T23:28:29.537+0300] {processor.py:830} INFO - Processing file /Users/admin/airflow/dags/.ipynb_checkpoints/homework2_part2-checkpoint.py for tasks to queue
[2025-05-04T23:28:29.538+0300] {logging_mixin.py:188} INFO - [2025-05-04T23:28:29.538+0300] {dagbag.py:540} INFO - Filling up the DagBag from /Users/admin/airflow/dags/.ipynb_checkpoints/homework2_part2-checkpoint.py
[2025-05-04T23:28:29.880+0300] {logging_mixin.py:188} INFO - [2025-05-04T23:28:29.880+0300] {utils.py:160} INFO - NumExpr defaulting to 8 threads.
[2025-05-04T23:28:30.144+0300] {processor.py:840} INFO - DAG(s) 'monthly_report_igor' retrieved from /Users/admin/airflow/dags/.ipynb_checkpoints/homework2_part2-checkpoint.py
[2025-05-04T23:28:30.208+0300] {logging_mixin.py:188} INFO - [2025-05-04T23:28:30.208+0300] {dag.py:3047} INFO - Sync 1 DAGs
[2025-05-04T23:28:30.217+0300] {logging_mixin.py:188} INFO - [2025-05-04T23:28:30.217+0300] {dag.py:3834} INFO - Setting next_dagrun for monthly_report_igor to 2024-01-05 00:00:00+00:00, run_after=2024-02-05 00:00:00+00:00
[2025-05-04T23:28:30.227+0300] {processor.py:183} INFO - Processing /Users/admin/airflow/dags/.ipynb_checkpoints/homework2_part2-checkpoint.py took 0.692 seconds
[2025-05-04T23:30:00.411+0300] {processor.py:161} INFO - Started process (PID=22302) to work on /Users/admin/airflow/dags/.ipynb_checkpoints/homework2_part2-checkpoint.py
[2025-05-04T23:30:00.412+0300] {processor.py:830} INFO - Processing file /Users/admin/airflow/dags/.ipynb_checkpoints/homework2_part2-checkpoint.py for tasks to queue
[2025-05-04T23:30:00.413+0300] {logging_mixin.py:188} INFO - [2025-05-04T23:30:00.412+0300] {dagbag.py:540} INFO - Filling up the DagBag from /Users/admin/airflow/dags/.ipynb_checkpoints/homework2_part2-checkpoint.py
[2025-05-04T23:30:00.601+0300] {logging_mixin.py:188} INFO - [2025-05-04T23:30:00.600+0300] {utils.py:160} INFO - NumExpr defaulting to 8 threads.
[2025-05-04T23:30:00.856+0300] {processor.py:840} INFO - DAG(s) 'monthly_report_igor' retrieved from /Users/admin/airflow/dags/.ipynb_checkpoints/homework2_part2-checkpoint.py
[2025-05-04T23:30:00.918+0300] {logging_mixin.py:188} INFO - [2025-05-04T23:30:00.918+0300] {dag.py:3047} INFO - Sync 1 DAGs
[2025-05-04T23:30:00.927+0300] {logging_mixin.py:188} INFO - [2025-05-04T23:30:00.927+0300] {dag.py:3834} INFO - Setting next_dagrun for monthly_report_igor to 2024-01-05 00:00:00+00:00, run_after=2024-02-05 00:00:00+00:00
[2025-05-04T23:30:00.937+0300] {processor.py:183} INFO - Processing /Users/admin/airflow/dags/.ipynb_checkpoints/homework2_part2-checkpoint.py took 0.527 seconds
[2025-05-04T23:31:30.216+0300] {processor.py:161} INFO - Started process (PID=22721) to work on /Users/admin/airflow/dags/.ipynb_checkpoints/homework2_part2-checkpoint.py
[2025-05-04T23:31:30.218+0300] {processor.py:830} INFO - Processing file /Users/admin/airflow/dags/.ipynb_checkpoints/homework2_part2-checkpoint.py for tasks to queue
[2025-05-04T23:31:30.218+0300] {logging_mixin.py:188} INFO - [2025-05-04T23:31:30.218+0300] {dagbag.py:540} INFO - Filling up the DagBag from /Users/admin/airflow/dags/.ipynb_checkpoints/homework2_part2-checkpoint.py
[2025-05-04T23:31:30.498+0300] {logging_mixin.py:188} INFO - [2025-05-04T23:31:30.498+0300] {utils.py:160} INFO - NumExpr defaulting to 8 threads.
[2025-05-04T23:31:30.770+0300] {processor.py:840} INFO - DAG(s) 'monthly_report_igor' retrieved from /Users/admin/airflow/dags/.ipynb_checkpoints/homework2_part2-checkpoint.py
[2025-05-04T23:31:30.831+0300] {logging_mixin.py:188} INFO - [2025-05-04T23:31:30.831+0300] {dag.py:3047} INFO - Sync 1 DAGs
[2025-05-04T23:31:30.841+0300] {logging_mixin.py:188} INFO - [2025-05-04T23:31:30.841+0300] {dag.py:3834} INFO - Setting next_dagrun for monthly_report_igor to 2024-01-05 00:00:00+00:00, run_after=2024-02-05 00:00:00+00:00
[2025-05-04T23:31:30.850+0300] {processor.py:183} INFO - Processing /Users/admin/airflow/dags/.ipynb_checkpoints/homework2_part2-checkpoint.py took 0.635 seconds
[2025-05-04T23:32:59.634+0300] {processor.py:161} INFO - Started process (PID=23133) to work on /Users/admin/airflow/dags/.ipynb_checkpoints/homework2_part2-checkpoint.py
[2025-05-04T23:32:59.635+0300] {processor.py:830} INFO - Processing file /Users/admin/airflow/dags/.ipynb_checkpoints/homework2_part2-checkpoint.py for tasks to queue
[2025-05-04T23:32:59.636+0300] {logging_mixin.py:188} INFO - [2025-05-04T23:32:59.636+0300] {dagbag.py:540} INFO - Filling up the DagBag from /Users/admin/airflow/dags/.ipynb_checkpoints/homework2_part2-checkpoint.py
[2025-05-04T23:32:59.887+0300] {logging_mixin.py:188} INFO - [2025-05-04T23:32:59.887+0300] {utils.py:160} INFO - NumExpr defaulting to 8 threads.
[2025-05-04T23:33:00.119+0300] {processor.py:840} INFO - DAG(s) 'monthly_report_igor' retrieved from /Users/admin/airflow/dags/.ipynb_checkpoints/homework2_part2-checkpoint.py
[2025-05-04T23:33:00.182+0300] {logging_mixin.py:188} INFO - [2025-05-04T23:33:00.182+0300] {dag.py:3047} INFO - Sync 1 DAGs
[2025-05-04T23:33:00.192+0300] {logging_mixin.py:188} INFO - [2025-05-04T23:33:00.192+0300] {dag.py:3834} INFO - Setting next_dagrun for monthly_report_igor to 2024-01-05 00:00:00+00:00, run_after=2024-02-05 00:00:00+00:00
[2025-05-04T23:33:00.202+0300] {processor.py:183} INFO - Processing /Users/admin/airflow/dags/.ipynb_checkpoints/homework2_part2-checkpoint.py took 0.569 seconds
[2025-05-04T23:34:27.188+0300] {processor.py:161} INFO - Started process (PID=23543) to work on /Users/admin/airflow/dags/.ipynb_checkpoints/homework2_part2-checkpoint.py
[2025-05-04T23:34:27.188+0300] {processor.py:830} INFO - Processing file /Users/admin/airflow/dags/.ipynb_checkpoints/homework2_part2-checkpoint.py for tasks to queue
[2025-05-04T23:34:27.189+0300] {logging_mixin.py:188} INFO - [2025-05-04T23:34:27.189+0300] {dagbag.py:540} INFO - Filling up the DagBag from /Users/admin/airflow/dags/.ipynb_checkpoints/homework2_part2-checkpoint.py
[2025-05-04T23:34:27.403+0300] {logging_mixin.py:188} INFO - [2025-05-04T23:34:27.403+0300] {utils.py:160} INFO - NumExpr defaulting to 8 threads.
[2025-05-04T23:34:27.648+0300] {processor.py:840} INFO - DAG(s) 'monthly_report_igor' retrieved from /Users/admin/airflow/dags/.ipynb_checkpoints/homework2_part2-checkpoint.py
[2025-05-04T23:34:27.710+0300] {logging_mixin.py:188} INFO - [2025-05-04T23:34:27.709+0300] {dag.py:3047} INFO - Sync 1 DAGs
[2025-05-04T23:34:27.719+0300] {logging_mixin.py:188} INFO - [2025-05-04T23:34:27.719+0300] {dag.py:3834} INFO - Setting next_dagrun for monthly_report_igor to 2024-01-05 00:00:00+00:00, run_after=2024-02-05 00:00:00+00:00
[2025-05-04T23:34:27.729+0300] {processor.py:183} INFO - Processing /Users/admin/airflow/dags/.ipynb_checkpoints/homework2_part2-checkpoint.py took 0.542 seconds
[2025-05-04T23:36:02.395+0300] {processor.py:161} INFO - Started process (PID=24007) to work on /Users/admin/airflow/dags/.ipynb_checkpoints/homework2_part2-checkpoint.py
[2025-05-04T23:36:02.396+0300] {processor.py:830} INFO - Processing file /Users/admin/airflow/dags/.ipynb_checkpoints/homework2_part2-checkpoint.py for tasks to queue
[2025-05-04T23:36:02.396+0300] {logging_mixin.py:188} INFO - [2025-05-04T23:36:02.396+0300] {dagbag.py:540} INFO - Filling up the DagBag from /Users/admin/airflow/dags/.ipynb_checkpoints/homework2_part2-checkpoint.py
[2025-05-04T23:36:02.649+0300] {logging_mixin.py:188} INFO - [2025-05-04T23:36:02.648+0300] {utils.py:160} INFO - NumExpr defaulting to 8 threads.
[2025-05-04T23:36:02.891+0300] {processor.py:840} INFO - DAG(s) 'monthly_report_igor' retrieved from /Users/admin/airflow/dags/.ipynb_checkpoints/homework2_part2-checkpoint.py
[2025-05-04T23:36:02.953+0300] {logging_mixin.py:188} INFO - [2025-05-04T23:36:02.953+0300] {dag.py:3047} INFO - Sync 1 DAGs
[2025-05-04T23:36:02.962+0300] {logging_mixin.py:188} INFO - [2025-05-04T23:36:02.962+0300] {dag.py:3834} INFO - Setting next_dagrun for monthly_report_igor to 2024-01-05 00:00:00+00:00, run_after=2024-02-05 00:00:00+00:00
[2025-05-04T23:36:02.972+0300] {processor.py:183} INFO - Processing /Users/admin/airflow/dags/.ipynb_checkpoints/homework2_part2-checkpoint.py took 0.578 seconds
[2025-05-04T23:37:32.436+0300] {processor.py:161} INFO - Started process (PID=24444) to work on /Users/admin/airflow/dags/.ipynb_checkpoints/homework2_part2-checkpoint.py
[2025-05-04T23:37:32.438+0300] {processor.py:830} INFO - Processing file /Users/admin/airflow/dags/.ipynb_checkpoints/homework2_part2-checkpoint.py for tasks to queue
[2025-05-04T23:37:32.438+0300] {logging_mixin.py:188} INFO - [2025-05-04T23:37:32.438+0300] {dagbag.py:540} INFO - Filling up the DagBag from /Users/admin/airflow/dags/.ipynb_checkpoints/homework2_part2-checkpoint.py
[2025-05-04T23:37:32.686+0300] {logging_mixin.py:188} INFO - [2025-05-04T23:37:32.686+0300] {utils.py:160} INFO - NumExpr defaulting to 8 threads.
[2025-05-04T23:37:32.926+0300] {processor.py:840} INFO - DAG(s) 'monthly_report_igor' retrieved from /Users/admin/airflow/dags/.ipynb_checkpoints/homework2_part2-checkpoint.py
[2025-05-04T23:37:32.994+0300] {logging_mixin.py:188} INFO - [2025-05-04T23:37:32.993+0300] {dag.py:3047} INFO - Sync 1 DAGs
[2025-05-04T23:37:33.003+0300] {logging_mixin.py:188} INFO - [2025-05-04T23:37:33.003+0300] {dag.py:3834} INFO - Setting next_dagrun for monthly_report_igor to 2024-01-05 00:00:00+00:00, run_after=2024-02-05 00:00:00+00:00
[2025-05-04T23:37:33.013+0300] {processor.py:183} INFO - Processing /Users/admin/airflow/dags/.ipynb_checkpoints/homework2_part2-checkpoint.py took 0.578 seconds
[2025-05-04T23:39:01.927+0300] {processor.py:161} INFO - Started process (PID=24864) to work on /Users/admin/airflow/dags/.ipynb_checkpoints/homework2_part2-checkpoint.py
[2025-05-04T23:39:01.928+0300] {processor.py:830} INFO - Processing file /Users/admin/airflow/dags/.ipynb_checkpoints/homework2_part2-checkpoint.py for tasks to queue
[2025-05-04T23:39:01.929+0300] {logging_mixin.py:188} INFO - [2025-05-04T23:39:01.928+0300] {dagbag.py:540} INFO - Filling up the DagBag from /Users/admin/airflow/dags/.ipynb_checkpoints/homework2_part2-checkpoint.py
[2025-05-04T23:39:02.137+0300] {logging_mixin.py:188} INFO - [2025-05-04T23:39:02.137+0300] {utils.py:160} INFO - NumExpr defaulting to 8 threads.
[2025-05-04T23:39:02.381+0300] {processor.py:840} INFO - DAG(s) 'monthly_report_igor' retrieved from /Users/admin/airflow/dags/.ipynb_checkpoints/homework2_part2-checkpoint.py
[2025-05-04T23:39:02.443+0300] {logging_mixin.py:188} INFO - [2025-05-04T23:39:02.442+0300] {dag.py:3047} INFO - Sync 1 DAGs
[2025-05-04T23:39:02.452+0300] {logging_mixin.py:188} INFO - [2025-05-04T23:39:02.452+0300] {dag.py:3834} INFO - Setting next_dagrun for monthly_report_igor to 2024-01-05 00:00:00+00:00, run_after=2024-02-05 00:00:00+00:00
[2025-05-04T23:39:02.462+0300] {processor.py:183} INFO - Processing /Users/admin/airflow/dags/.ipynb_checkpoints/homework2_part2-checkpoint.py took 0.536 seconds
[2025-05-04T23:40:39.574+0300] {processor.py:161} INFO - Started process (PID=25324) to work on /Users/admin/airflow/dags/.ipynb_checkpoints/homework2_part2-checkpoint.py
[2025-05-04T23:40:39.576+0300] {processor.py:830} INFO - Processing file /Users/admin/airflow/dags/.ipynb_checkpoints/homework2_part2-checkpoint.py for tasks to queue
[2025-05-04T23:40:39.576+0300] {logging_mixin.py:188} INFO - [2025-05-04T23:40:39.576+0300] {dagbag.py:540} INFO - Filling up the DagBag from /Users/admin/airflow/dags/.ipynb_checkpoints/homework2_part2-checkpoint.py
[2025-05-04T23:40:39.821+0300] {logging_mixin.py:188} INFO - [2025-05-04T23:40:39.821+0300] {utils.py:160} INFO - NumExpr defaulting to 8 threads.
[2025-05-04T23:40:40.066+0300] {processor.py:840} INFO - DAG(s) 'monthly_report_igor' retrieved from /Users/admin/airflow/dags/.ipynb_checkpoints/homework2_part2-checkpoint.py
[2025-05-04T23:40:40.128+0300] {logging_mixin.py:188} INFO - [2025-05-04T23:40:40.128+0300] {dag.py:3047} INFO - Sync 1 DAGs
[2025-05-04T23:40:40.137+0300] {logging_mixin.py:188} INFO - [2025-05-04T23:40:40.137+0300] {dag.py:3834} INFO - Setting next_dagrun for monthly_report_igor to 2024-01-05 00:00:00+00:00, run_after=2024-02-05 00:00:00+00:00
[2025-05-04T23:40:40.147+0300] {processor.py:183} INFO - Processing /Users/admin/airflow/dags/.ipynb_checkpoints/homework2_part2-checkpoint.py took 0.574 seconds
[2025-05-04T23:42:24.340+0300] {processor.py:161} INFO - Started process (PID=25805) to work on /Users/admin/airflow/dags/.ipynb_checkpoints/homework2_part2-checkpoint.py
[2025-05-04T23:42:24.342+0300] {processor.py:830} INFO - Processing file /Users/admin/airflow/dags/.ipynb_checkpoints/homework2_part2-checkpoint.py for tasks to queue
[2025-05-04T23:42:24.343+0300] {logging_mixin.py:188} INFO - [2025-05-04T23:42:24.343+0300] {dagbag.py:540} INFO - Filling up the DagBag from /Users/admin/airflow/dags/.ipynb_checkpoints/homework2_part2-checkpoint.py
[2025-05-04T23:42:24.772+0300] {logging_mixin.py:188} INFO - [2025-05-04T23:42:24.772+0300] {utils.py:160} INFO - NumExpr defaulting to 8 threads.
[2025-05-04T23:42:25.159+0300] {processor.py:840} INFO - DAG(s) 'monthly_report_igor' retrieved from /Users/admin/airflow/dags/.ipynb_checkpoints/homework2_part2-checkpoint.py
[2025-05-04T23:42:25.248+0300] {logging_mixin.py:188} INFO - [2025-05-04T23:42:25.248+0300] {dag.py:3047} INFO - Sync 1 DAGs
[2025-05-04T23:42:25.262+0300] {logging_mixin.py:188} INFO - [2025-05-04T23:42:25.262+0300] {dag.py:3834} INFO - Setting next_dagrun for monthly_report_igor to 2024-01-05 00:00:00+00:00, run_after=2024-02-05 00:00:00+00:00
[2025-05-04T23:42:25.277+0300] {processor.py:183} INFO - Processing /Users/admin/airflow/dags/.ipynb_checkpoints/homework2_part2-checkpoint.py took 0.937 seconds
[2025-05-04T23:44:11.598+0300] {processor.py:161} INFO - Started process (PID=26299) to work on /Users/admin/airflow/dags/.ipynb_checkpoints/homework2_part2-checkpoint.py
[2025-05-04T23:44:11.600+0300] {processor.py:830} INFO - Processing file /Users/admin/airflow/dags/.ipynb_checkpoints/homework2_part2-checkpoint.py for tasks to queue
[2025-05-04T23:44:11.600+0300] {logging_mixin.py:188} INFO - [2025-05-04T23:44:11.600+0300] {dagbag.py:540} INFO - Filling up the DagBag from /Users/admin/airflow/dags/.ipynb_checkpoints/homework2_part2-checkpoint.py
[2025-05-04T23:44:11.792+0300] {logging_mixin.py:188} INFO - [2025-05-04T23:44:11.792+0300] {utils.py:160} INFO - NumExpr defaulting to 8 threads.
[2025-05-04T23:44:12.046+0300] {processor.py:840} INFO - DAG(s) 'monthly_report_igor' retrieved from /Users/admin/airflow/dags/.ipynb_checkpoints/homework2_part2-checkpoint.py
[2025-05-04T23:44:12.108+0300] {logging_mixin.py:188} INFO - [2025-05-04T23:44:12.108+0300] {dag.py:3047} INFO - Sync 1 DAGs
[2025-05-04T23:44:12.118+0300] {logging_mixin.py:188} INFO - [2025-05-04T23:44:12.117+0300] {dag.py:3834} INFO - Setting next_dagrun for monthly_report_igor to 2024-01-05 00:00:00+00:00, run_after=2024-02-05 00:00:00+00:00
[2025-05-04T23:44:12.128+0300] {processor.py:183} INFO - Processing /Users/admin/airflow/dags/.ipynb_checkpoints/homework2_part2-checkpoint.py took 0.530 seconds
[2025-05-04T23:45:45.463+0300] {processor.py:161} INFO - Started process (PID=26736) to work on /Users/admin/airflow/dags/.ipynb_checkpoints/homework2_part2-checkpoint.py
[2025-05-04T23:45:45.464+0300] {processor.py:830} INFO - Processing file /Users/admin/airflow/dags/.ipynb_checkpoints/homework2_part2-checkpoint.py for tasks to queue
[2025-05-04T23:45:45.465+0300] {logging_mixin.py:188} INFO - [2025-05-04T23:45:45.465+0300] {dagbag.py:540} INFO - Filling up the DagBag from /Users/admin/airflow/dags/.ipynb_checkpoints/homework2_part2-checkpoint.py
[2025-05-04T23:45:45.671+0300] {logging_mixin.py:188} INFO - [2025-05-04T23:45:45.671+0300] {utils.py:160} INFO - NumExpr defaulting to 8 threads.
[2025-05-04T23:45:45.945+0300] {processor.py:840} INFO - DAG(s) 'monthly_report_igor' retrieved from /Users/admin/airflow/dags/.ipynb_checkpoints/homework2_part2-checkpoint.py
[2025-05-04T23:45:46.007+0300] {logging_mixin.py:188} INFO - [2025-05-04T23:45:46.007+0300] {dag.py:3047} INFO - Sync 1 DAGs
[2025-05-04T23:45:46.017+0300] {logging_mixin.py:188} INFO - [2025-05-04T23:45:46.017+0300] {dag.py:3834} INFO - Setting next_dagrun for monthly_report_igor to 2024-01-05 00:00:00+00:00, run_after=2024-02-05 00:00:00+00:00
[2025-05-04T23:45:46.026+0300] {processor.py:183} INFO - Processing /Users/admin/airflow/dags/.ipynb_checkpoints/homework2_part2-checkpoint.py took 0.564 seconds
[2025-05-04T23:47:15.888+0300] {processor.py:161} INFO - Started process (PID=27156) to work on /Users/admin/airflow/dags/.ipynb_checkpoints/homework2_part2-checkpoint.py
[2025-05-04T23:47:15.889+0300] {processor.py:830} INFO - Processing file /Users/admin/airflow/dags/.ipynb_checkpoints/homework2_part2-checkpoint.py for tasks to queue
[2025-05-04T23:47:15.890+0300] {logging_mixin.py:188} INFO - [2025-05-04T23:47:15.889+0300] {dagbag.py:540} INFO - Filling up the DagBag from /Users/admin/airflow/dags/.ipynb_checkpoints/homework2_part2-checkpoint.py
[2025-05-04T23:47:16.142+0300] {logging_mixin.py:188} INFO - [2025-05-04T23:47:16.142+0300] {utils.py:160} INFO - NumExpr defaulting to 8 threads.
[2025-05-04T23:47:16.382+0300] {processor.py:840} INFO - DAG(s) 'monthly_report_igor' retrieved from /Users/admin/airflow/dags/.ipynb_checkpoints/homework2_part2-checkpoint.py
[2025-05-04T23:47:16.444+0300] {logging_mixin.py:188} INFO - [2025-05-04T23:47:16.444+0300] {dag.py:3047} INFO - Sync 1 DAGs
[2025-05-04T23:47:16.454+0300] {logging_mixin.py:188} INFO - [2025-05-04T23:47:16.454+0300] {dag.py:3834} INFO - Setting next_dagrun for monthly_report_igor to 2024-01-05 00:00:00+00:00, run_after=2024-02-05 00:00:00+00:00
[2025-05-04T23:47:16.464+0300] {processor.py:183} INFO - Processing /Users/admin/airflow/dags/.ipynb_checkpoints/homework2_part2-checkpoint.py took 0.577 seconds
[2025-05-04T23:48:45.834+0300] {processor.py:161} INFO - Started process (PID=27580) to work on /Users/admin/airflow/dags/.ipynb_checkpoints/homework2_part2-checkpoint.py
[2025-05-04T23:48:45.835+0300] {processor.py:830} INFO - Processing file /Users/admin/airflow/dags/.ipynb_checkpoints/homework2_part2-checkpoint.py for tasks to queue
[2025-05-04T23:48:45.836+0300] {logging_mixin.py:188} INFO - [2025-05-04T23:48:45.835+0300] {dagbag.py:540} INFO - Filling up the DagBag from /Users/admin/airflow/dags/.ipynb_checkpoints/homework2_part2-checkpoint.py
[2025-05-04T23:48:46.127+0300] {logging_mixin.py:188} INFO - [2025-05-04T23:48:46.127+0300] {utils.py:160} INFO - NumExpr defaulting to 8 threads.
[2025-05-04T23:48:46.369+0300] {processor.py:840} INFO - DAG(s) 'monthly_report_igor' retrieved from /Users/admin/airflow/dags/.ipynb_checkpoints/homework2_part2-checkpoint.py
[2025-05-04T23:48:46.431+0300] {logging_mixin.py:188} INFO - [2025-05-04T23:48:46.431+0300] {dag.py:3047} INFO - Sync 1 DAGs
[2025-05-04T23:48:46.441+0300] {logging_mixin.py:188} INFO - [2025-05-04T23:48:46.441+0300] {dag.py:3834} INFO - Setting next_dagrun for monthly_report_igor to 2024-01-05 00:00:00+00:00, run_after=2024-02-05 00:00:00+00:00
[2025-05-04T23:48:46.451+0300] {processor.py:183} INFO - Processing /Users/admin/airflow/dags/.ipynb_checkpoints/homework2_part2-checkpoint.py took 0.618 seconds
[2025-05-04T23:50:14.292+0300] {processor.py:161} INFO - Started process (PID=27991) to work on /Users/admin/airflow/dags/.ipynb_checkpoints/homework2_part2-checkpoint.py
[2025-05-04T23:50:14.294+0300] {processor.py:830} INFO - Processing file /Users/admin/airflow/dags/.ipynb_checkpoints/homework2_part2-checkpoint.py for tasks to queue
[2025-05-04T23:50:14.294+0300] {logging_mixin.py:188} INFO - [2025-05-04T23:50:14.294+0300] {dagbag.py:540} INFO - Filling up the DagBag from /Users/admin/airflow/dags/.ipynb_checkpoints/homework2_part2-checkpoint.py
[2025-05-04T23:50:14.524+0300] {logging_mixin.py:188} INFO - [2025-05-04T23:50:14.524+0300] {utils.py:160} INFO - NumExpr defaulting to 8 threads.
[2025-05-04T23:50:14.780+0300] {processor.py:840} INFO - DAG(s) 'monthly_report_igor' retrieved from /Users/admin/airflow/dags/.ipynb_checkpoints/homework2_part2-checkpoint.py
[2025-05-04T23:50:14.842+0300] {logging_mixin.py:188} INFO - [2025-05-04T23:50:14.842+0300] {dag.py:3047} INFO - Sync 1 DAGs
[2025-05-04T23:50:14.852+0300] {logging_mixin.py:188} INFO - [2025-05-04T23:50:14.852+0300] {dag.py:3834} INFO - Setting next_dagrun for monthly_report_igor to 2024-01-05 00:00:00+00:00, run_after=2024-02-05 00:00:00+00:00
[2025-05-04T23:50:14.862+0300] {processor.py:183} INFO - Processing /Users/admin/airflow/dags/.ipynb_checkpoints/homework2_part2-checkpoint.py took 0.570 seconds
[2025-05-04T23:51:58.254+0300] {processor.py:161} INFO - Started process (PID=28476) to work on /Users/admin/airflow/dags/.ipynb_checkpoints/homework2_part2-checkpoint.py
[2025-05-04T23:51:58.256+0300] {processor.py:830} INFO - Processing file /Users/admin/airflow/dags/.ipynb_checkpoints/homework2_part2-checkpoint.py for tasks to queue
[2025-05-04T23:51:58.256+0300] {logging_mixin.py:188} INFO - [2025-05-04T23:51:58.256+0300] {dagbag.py:540} INFO - Filling up the DagBag from /Users/admin/airflow/dags/.ipynb_checkpoints/homework2_part2-checkpoint.py
[2025-05-04T23:51:58.457+0300] {logging_mixin.py:188} INFO - [2025-05-04T23:51:58.456+0300] {utils.py:160} INFO - NumExpr defaulting to 8 threads.
[2025-05-04T23:51:58.706+0300] {processor.py:840} INFO - DAG(s) 'monthly_report_igor' retrieved from /Users/admin/airflow/dags/.ipynb_checkpoints/homework2_part2-checkpoint.py
[2025-05-04T23:51:58.768+0300] {logging_mixin.py:188} INFO - [2025-05-04T23:51:58.768+0300] {dag.py:3047} INFO - Sync 1 DAGs
[2025-05-04T23:51:58.777+0300] {logging_mixin.py:188} INFO - [2025-05-04T23:51:58.777+0300] {dag.py:3834} INFO - Setting next_dagrun for monthly_report_igor to 2024-01-05 00:00:00+00:00, run_after=2024-02-05 00:00:00+00:00
[2025-05-04T23:51:58.788+0300] {processor.py:183} INFO - Processing /Users/admin/airflow/dags/.ipynb_checkpoints/homework2_part2-checkpoint.py took 0.535 seconds
[2025-05-04T23:53:31.811+0300] {processor.py:161} INFO - Started process (PID=28912) to work on /Users/admin/airflow/dags/.ipynb_checkpoints/homework2_part2-checkpoint.py
[2025-05-04T23:53:31.812+0300] {processor.py:830} INFO - Processing file /Users/admin/airflow/dags/.ipynb_checkpoints/homework2_part2-checkpoint.py for tasks to queue
[2025-05-04T23:53:31.813+0300] {logging_mixin.py:188} INFO - [2025-05-04T23:53:31.812+0300] {dagbag.py:540} INFO - Filling up the DagBag from /Users/admin/airflow/dags/.ipynb_checkpoints/homework2_part2-checkpoint.py
[2025-05-04T23:53:32.037+0300] {logging_mixin.py:188} INFO - [2025-05-04T23:53:32.036+0300] {utils.py:160} INFO - NumExpr defaulting to 8 threads.
[2025-05-04T23:53:32.273+0300] {processor.py:840} INFO - DAG(s) 'monthly_report_igor' retrieved from /Users/admin/airflow/dags/.ipynb_checkpoints/homework2_part2-checkpoint.py
[2025-05-04T23:53:32.335+0300] {logging_mixin.py:188} INFO - [2025-05-04T23:53:32.335+0300] {dag.py:3047} INFO - Sync 1 DAGs
[2025-05-04T23:53:32.345+0300] {logging_mixin.py:188} INFO - [2025-05-04T23:53:32.345+0300] {dag.py:3834} INFO - Setting next_dagrun for monthly_report_igor to 2024-01-05 00:00:00+00:00, run_after=2024-02-05 00:00:00+00:00
[2025-05-04T23:53:32.356+0300] {processor.py:183} INFO - Processing /Users/admin/airflow/dags/.ipynb_checkpoints/homework2_part2-checkpoint.py took 0.545 seconds
