[2025-05-04T22:10:29.790+0300] {processor.py:161} INFO - Started process (PID=13905) to work on /Users/admin/airflow/dags/homework2.py
[2025-05-04T22:10:29.790+0300] {processor.py:830} INFO - Processing file /Users/admin/airflow/dags/homework2.py for tasks to queue
[2025-05-04T22:10:29.791+0300] {logging_mixin.py:188} INFO - [2025-05-04T22:10:29.791+0300] {dagbag.py:540} INFO - Filling up the DagBag from /Users/admin/airflow/dags/homework2.py
[2025-05-04T22:10:30.022+0300] {logging_mixin.py:188} INFO - [2025-05-04T22:10:30.022+0300] {utils.py:160} INFO - NumExpr defaulting to 8 threads.
[2025-05-04T22:10:30.269+0300] {processor.py:840} INFO - DAG(s) 'monthly_report_BushuevaTatiana' retrieved from /Users/admin/airflow/dags/homework2.py
[2025-05-04T22:10:30.379+0300] {logging_mixin.py:188} INFO - [2025-05-04T22:10:30.378+0300] {override.py:1769} INFO - Created Permission View: can read on DAG:monthly_report_BushuevaTatiana
[2025-05-04T22:10:30.384+0300] {logging_mixin.py:188} INFO - [2025-05-04T22:10:30.383+0300] {override.py:1769} INFO - Created Permission View: can delete on DAG:monthly_report_BushuevaTatiana
[2025-05-04T22:10:30.387+0300] {logging_mixin.py:188} INFO - [2025-05-04T22:10:30.387+0300] {override.py:1769} INFO - Created Permission View: can edit on DAG:monthly_report_BushuevaTatiana
[2025-05-04T22:10:30.387+0300] {logging_mixin.py:188} INFO - [2025-05-04T22:10:30.387+0300] {dag.py:3047} INFO - Sync 1 DAGs
[2025-05-04T22:10:30.393+0300] {logging_mixin.py:188} INFO - [2025-05-04T22:10:30.393+0300] {dag.py:3069} INFO - Creating ORM DAG for monthly_report_BushuevaTatiana
[2025-05-04T22:10:30.398+0300] {logging_mixin.py:188} INFO - [2025-05-04T22:10:30.398+0300] {dag.py:3834} INFO - Setting next_dagrun for monthly_report_BushuevaTatiana to 2025-03-05 00:00:00+00:00, run_after=2025-04-05 00:00:00+00:00
[2025-05-04T22:10:30.407+0300] {processor.py:183} INFO - Processing /Users/admin/airflow/dags/homework2.py took 0.618 seconds
[2025-05-04T22:12:24.898+0300] {processor.py:161} INFO - Started process (PID=14526) to work on /Users/admin/airflow/dags/homework2.py
[2025-05-04T22:12:24.900+0300] {processor.py:830} INFO - Processing file /Users/admin/airflow/dags/homework2.py for tasks to queue
[2025-05-04T22:12:24.900+0300] {logging_mixin.py:188} INFO - [2025-05-04T22:12:24.900+0300] {dagbag.py:540} INFO - Filling up the DagBag from /Users/admin/airflow/dags/homework2.py
[2025-05-04T22:12:25.092+0300] {logging_mixin.py:188} INFO - [2025-05-04T22:12:25.091+0300] {utils.py:160} INFO - NumExpr defaulting to 8 threads.
[2025-05-04T22:12:25.349+0300] {processor.py:840} INFO - DAG(s) 'monthly_report_BushuevaTatiana' retrieved from /Users/admin/airflow/dags/homework2.py
[2025-05-04T22:12:25.411+0300] {logging_mixin.py:188} INFO - [2025-05-04T22:12:25.411+0300] {dag.py:3047} INFO - Sync 1 DAGs
[2025-05-04T22:12:25.421+0300] {logging_mixin.py:188} INFO - [2025-05-04T22:12:25.421+0300] {dag.py:3834} INFO - Setting next_dagrun for monthly_report_BushuevaTatiana to 2025-03-05 00:00:00+00:00, run_after=2025-04-05 00:00:00+00:00
[2025-05-04T22:12:25.431+0300] {processor.py:183} INFO - Processing /Users/admin/airflow/dags/homework2.py took 0.533 seconds
[2025-05-04T22:13:47.335+0300] {processor.py:161} INFO - Started process (PID=14913) to work on /Users/admin/airflow/dags/homework2.py
[2025-05-04T22:13:47.336+0300] {processor.py:830} INFO - Processing file /Users/admin/airflow/dags/homework2.py for tasks to queue
[2025-05-04T22:13:47.337+0300] {logging_mixin.py:188} INFO - [2025-05-04T22:13:47.337+0300] {dagbag.py:540} INFO - Filling up the DagBag from /Users/admin/airflow/dags/homework2.py
[2025-05-04T22:13:47.590+0300] {logging_mixin.py:188} INFO - [2025-05-04T22:13:47.590+0300] {utils.py:160} INFO - NumExpr defaulting to 8 threads.
[2025-05-04T22:13:47.838+0300] {processor.py:840} INFO - DAG(s) 'monthly_report_BushuevaTatiana' retrieved from /Users/admin/airflow/dags/homework2.py
[2025-05-04T22:13:47.900+0300] {logging_mixin.py:188} INFO - [2025-05-04T22:13:47.899+0300] {dag.py:3047} INFO - Sync 1 DAGs
[2025-05-04T22:13:47.909+0300] {logging_mixin.py:188} INFO - [2025-05-04T22:13:47.909+0300] {dag.py:3834} INFO - Setting next_dagrun for monthly_report_BushuevaTatiana to 2025-03-05 00:00:00+00:00, run_after=2025-04-05 00:00:00+00:00
[2025-05-04T22:13:47.919+0300] {processor.py:183} INFO - Processing /Users/admin/airflow/dags/homework2.py took 0.585 seconds
[2025-05-04T22:15:08.435+0300] {processor.py:161} INFO - Started process (PID=15302) to work on /Users/admin/airflow/dags/homework2.py
[2025-05-04T22:15:08.436+0300] {processor.py:830} INFO - Processing file /Users/admin/airflow/dags/homework2.py for tasks to queue
[2025-05-04T22:15:08.436+0300] {logging_mixin.py:188} INFO - [2025-05-04T22:15:08.436+0300] {dagbag.py:540} INFO - Filling up the DagBag from /Users/admin/airflow/dags/homework2.py
[2025-05-04T22:15:08.674+0300] {logging_mixin.py:188} INFO - [2025-05-04T22:15:08.673+0300] {utils.py:160} INFO - NumExpr defaulting to 8 threads.
[2025-05-04T22:15:08.926+0300] {processor.py:840} INFO - DAG(s) 'monthly_report_BushuevaTatiana' retrieved from /Users/admin/airflow/dags/homework2.py
[2025-05-04T22:15:08.986+0300] {logging_mixin.py:188} INFO - [2025-05-04T22:15:08.986+0300] {dag.py:3047} INFO - Sync 1 DAGs
[2025-05-04T22:15:08.996+0300] {logging_mixin.py:188} INFO - [2025-05-04T22:15:08.996+0300] {dag.py:3834} INFO - Setting next_dagrun for monthly_report_BushuevaTatiana to 2025-03-05 00:00:00+00:00, run_after=2025-04-05 00:00:00+00:00
[2025-05-04T22:15:09.006+0300] {processor.py:183} INFO - Processing /Users/admin/airflow/dags/homework2.py took 0.571 seconds
[2025-05-04T22:16:31.107+0300] {processor.py:161} INFO - Started process (PID=15703) to work on /Users/admin/airflow/dags/homework2.py
[2025-05-04T22:16:31.108+0300] {processor.py:830} INFO - Processing file /Users/admin/airflow/dags/homework2.py for tasks to queue
[2025-05-04T22:16:31.108+0300] {logging_mixin.py:188} INFO - [2025-05-04T22:16:31.108+0300] {dagbag.py:540} INFO - Filling up the DagBag from /Users/admin/airflow/dags/homework2.py
[2025-05-04T22:16:31.348+0300] {logging_mixin.py:188} INFO - [2025-05-04T22:16:31.348+0300] {utils.py:160} INFO - NumExpr defaulting to 8 threads.
[2025-05-04T22:16:31.624+0300] {processor.py:840} INFO - DAG(s) 'monthly_report_BushuevaTatiana' retrieved from /Users/admin/airflow/dags/homework2.py
[2025-05-04T22:16:31.686+0300] {logging_mixin.py:188} INFO - [2025-05-04T22:16:31.686+0300] {dag.py:3047} INFO - Sync 1 DAGs
[2025-05-04T22:16:31.696+0300] {logging_mixin.py:188} INFO - [2025-05-04T22:16:31.696+0300] {dag.py:3834} INFO - Setting next_dagrun for monthly_report_BushuevaTatiana to 2025-03-05 00:00:00+00:00, run_after=2025-04-05 00:00:00+00:00
[2025-05-04T22:16:31.707+0300] {processor.py:183} INFO - Processing /Users/admin/airflow/dags/homework2.py took 0.601 seconds
[2025-05-04T22:17:56.649+0300] {processor.py:161} INFO - Started process (PID=16108) to work on /Users/admin/airflow/dags/homework2.py
[2025-05-04T22:17:56.650+0300] {processor.py:830} INFO - Processing file /Users/admin/airflow/dags/homework2.py for tasks to queue
[2025-05-04T22:17:56.651+0300] {logging_mixin.py:188} INFO - [2025-05-04T22:17:56.651+0300] {dagbag.py:540} INFO - Filling up the DagBag from /Users/admin/airflow/dags/homework2.py
[2025-05-04T22:17:56.904+0300] {logging_mixin.py:188} INFO - [2025-05-04T22:17:56.904+0300] {utils.py:160} INFO - NumExpr defaulting to 8 threads.
[2025-05-04T22:17:57.129+0300] {processor.py:840} INFO - DAG(s) 'monthly_report_BushuevaTatiana' retrieved from /Users/admin/airflow/dags/homework2.py
[2025-05-04T22:17:57.188+0300] {logging_mixin.py:188} INFO - [2025-05-04T22:17:57.188+0300] {dag.py:3047} INFO - Sync 1 DAGs
[2025-05-04T22:17:57.198+0300] {logging_mixin.py:188} INFO - [2025-05-04T22:17:57.198+0300] {dag.py:3834} INFO - Setting next_dagrun for monthly_report_BushuevaTatiana to 2025-03-05 00:00:00+00:00, run_after=2025-04-05 00:00:00+00:00
[2025-05-04T22:17:57.208+0300] {processor.py:183} INFO - Processing /Users/admin/airflow/dags/homework2.py took 0.559 seconds
[2025-05-04T22:26:13.058+0300] {processor.py:161} INFO - Started process (PID=16560) to work on /Users/admin/airflow/dags/homework2.py
[2025-05-04T22:26:13.059+0300] {processor.py:830} INFO - Processing file /Users/admin/airflow/dags/homework2.py for tasks to queue
[2025-05-04T22:26:13.059+0300] {logging_mixin.py:188} INFO - [2025-05-04T22:26:13.059+0300] {dagbag.py:540} INFO - Filling up the DagBag from /Users/admin/airflow/dags/homework2.py
[2025-05-04T22:26:13.302+0300] {logging_mixin.py:188} INFO - [2025-05-04T22:26:13.302+0300] {utils.py:160} INFO - NumExpr defaulting to 8 threads.
[2025-05-04T22:26:13.534+0300] {processor.py:840} INFO - DAG(s) 'monthly_report_BushuevaTatiana' retrieved from /Users/admin/airflow/dags/homework2.py
[2025-05-04T22:26:13.594+0300] {logging_mixin.py:188} INFO - [2025-05-04T22:26:13.594+0300] {dag.py:3047} INFO - Sync 1 DAGs
[2025-05-04T22:26:13.604+0300] {logging_mixin.py:188} INFO - [2025-05-04T22:26:13.604+0300] {dag.py:3834} INFO - Setting next_dagrun for monthly_report_BushuevaTatiana to 2025-03-05 00:00:00+00:00, run_after=2025-04-05 00:00:00+00:00
[2025-05-04T22:26:13.614+0300] {processor.py:183} INFO - Processing /Users/admin/airflow/dags/homework2.py took 0.557 seconds
[2025-05-04T22:27:35.237+0300] {processor.py:161} INFO - Started process (PID=16936) to work on /Users/admin/airflow/dags/homework2.py
[2025-05-04T22:27:35.239+0300] {processor.py:830} INFO - Processing file /Users/admin/airflow/dags/homework2.py for tasks to queue
[2025-05-04T22:27:35.239+0300] {logging_mixin.py:188} INFO - [2025-05-04T22:27:35.239+0300] {dagbag.py:540} INFO - Filling up the DagBag from /Users/admin/airflow/dags/homework2.py
[2025-05-04T22:27:35.436+0300] {logging_mixin.py:188} INFO - [2025-05-04T22:27:35.435+0300] {utils.py:160} INFO - NumExpr defaulting to 8 threads.
[2025-05-04T22:27:35.700+0300] {processor.py:840} INFO - DAG(s) 'monthly_report_BushuevaTatiana' retrieved from /Users/admin/airflow/dags/homework2.py
[2025-05-04T22:27:35.761+0300] {logging_mixin.py:188} INFO - [2025-05-04T22:27:35.760+0300] {dag.py:3047} INFO - Sync 1 DAGs
[2025-05-04T22:27:35.770+0300] {logging_mixin.py:188} INFO - [2025-05-04T22:27:35.770+0300] {dag.py:3834} INFO - Setting next_dagrun for monthly_report_BushuevaTatiana to 2025-03-05 00:00:00+00:00, run_after=2025-04-05 00:00:00+00:00
[2025-05-04T22:27:35.780+0300] {processor.py:183} INFO - Processing /Users/admin/airflow/dags/homework2.py took 0.544 seconds
[2025-05-04T22:28:57.449+0300] {processor.py:161} INFO - Started process (PID=17324) to work on /Users/admin/airflow/dags/homework2.py
[2025-05-04T22:28:57.450+0300] {processor.py:830} INFO - Processing file /Users/admin/airflow/dags/homework2.py for tasks to queue
[2025-05-04T22:28:57.450+0300] {logging_mixin.py:188} INFO - [2025-05-04T22:28:57.450+0300] {dagbag.py:540} INFO - Filling up the DagBag from /Users/admin/airflow/dags/homework2.py
[2025-05-04T22:28:57.676+0300] {logging_mixin.py:188} INFO - [2025-05-04T22:28:57.676+0300] {utils.py:160} INFO - NumExpr defaulting to 8 threads.
[2025-05-04T22:28:57.936+0300] {processor.py:840} INFO - DAG(s) 'monthly_report_BushuevaTatiana' retrieved from /Users/admin/airflow/dags/homework2.py
[2025-05-04T22:28:57.996+0300] {logging_mixin.py:188} INFO - [2025-05-04T22:28:57.996+0300] {dag.py:3047} INFO - Sync 1 DAGs
[2025-05-04T22:28:58.006+0300] {logging_mixin.py:188} INFO - [2025-05-04T22:28:58.006+0300] {dag.py:3834} INFO - Setting next_dagrun for monthly_report_BushuevaTatiana to 2025-03-05 00:00:00+00:00, run_after=2025-04-05 00:00:00+00:00
[2025-05-04T22:28:58.016+0300] {processor.py:183} INFO - Processing /Users/admin/airflow/dags/homework2.py took 0.568 seconds
[2025-05-04T22:30:19.760+0300] {processor.py:161} INFO - Started process (PID=17717) to work on /Users/admin/airflow/dags/homework2.py
[2025-05-04T22:30:19.761+0300] {processor.py:830} INFO - Processing file /Users/admin/airflow/dags/homework2.py for tasks to queue
[2025-05-04T22:30:19.762+0300] {logging_mixin.py:188} INFO - [2025-05-04T22:30:19.761+0300] {dagbag.py:540} INFO - Filling up the DagBag from /Users/admin/airflow/dags/homework2.py
[2025-05-04T22:30:19.982+0300] {logging_mixin.py:188} INFO - [2025-05-04T22:30:19.982+0300] {utils.py:160} INFO - NumExpr defaulting to 8 threads.
[2025-05-04T22:30:20.232+0300] {processor.py:840} INFO - DAG(s) 'monthly_report_BushuevaTatiana' retrieved from /Users/admin/airflow/dags/homework2.py
[2025-05-04T22:30:20.292+0300] {logging_mixin.py:188} INFO - [2025-05-04T22:30:20.291+0300] {dag.py:3047} INFO - Sync 1 DAGs
[2025-05-04T22:30:20.301+0300] {logging_mixin.py:188} INFO - [2025-05-04T22:30:20.301+0300] {dag.py:3834} INFO - Setting next_dagrun for monthly_report_BushuevaTatiana to 2025-03-05 00:00:00+00:00, run_after=2025-04-05 00:00:00+00:00
[2025-05-04T22:30:20.312+0300] {processor.py:183} INFO - Processing /Users/admin/airflow/dags/homework2.py took 0.552 seconds
[2025-05-04T22:31:40.506+0300] {processor.py:161} INFO - Started process (PID=18112) to work on /Users/admin/airflow/dags/homework2.py
[2025-05-04T22:31:40.507+0300] {processor.py:830} INFO - Processing file /Users/admin/airflow/dags/homework2.py for tasks to queue
[2025-05-04T22:31:40.508+0300] {logging_mixin.py:188} INFO - [2025-05-04T22:31:40.508+0300] {dagbag.py:540} INFO - Filling up the DagBag from /Users/admin/airflow/dags/homework2.py
[2025-05-04T22:31:40.713+0300] {logging_mixin.py:188} INFO - [2025-05-04T22:31:40.713+0300] {utils.py:160} INFO - NumExpr defaulting to 8 threads.
[2025-05-04T22:31:41.038+0300] {processor.py:840} INFO - DAG(s) 'monthly_report_BushuevaTatiana' retrieved from /Users/admin/airflow/dags/homework2.py
[2025-05-04T22:31:41.099+0300] {logging_mixin.py:188} INFO - [2025-05-04T22:31:41.099+0300] {dag.py:3047} INFO - Sync 1 DAGs
[2025-05-04T22:31:41.109+0300] {logging_mixin.py:188} INFO - [2025-05-04T22:31:41.109+0300] {dag.py:3834} INFO - Setting next_dagrun for monthly_report_BushuevaTatiana to 2025-03-05 00:00:00+00:00, run_after=2025-04-05 00:00:00+00:00
[2025-05-04T22:31:41.120+0300] {processor.py:183} INFO - Processing /Users/admin/airflow/dags/homework2.py took 0.614 seconds
[2025-05-04T23:16:58.134+0300] {processor.py:161} INFO - Started process (PID=18598) to work on /Users/admin/airflow/dags/homework2.py
[2025-05-04T23:16:58.135+0300] {processor.py:830} INFO - Processing file /Users/admin/airflow/dags/homework2.py for tasks to queue
[2025-05-04T23:16:58.136+0300] {logging_mixin.py:188} INFO - [2025-05-04T23:16:58.136+0300] {dagbag.py:540} INFO - Filling up the DagBag from /Users/admin/airflow/dags/homework2.py
[2025-05-04T23:16:58.339+0300] {logging_mixin.py:188} INFO - [2025-05-04T23:16:58.339+0300] {utils.py:160} INFO - NumExpr defaulting to 8 threads.
[2025-05-04T23:16:58.582+0300] {processor.py:840} INFO - DAG(s) 'monthly_report_BushuevaTatiana' retrieved from /Users/admin/airflow/dags/homework2.py
[2025-05-04T23:16:58.643+0300] {logging_mixin.py:188} INFO - [2025-05-04T23:16:58.643+0300] {dag.py:3047} INFO - Sync 1 DAGs
[2025-05-04T23:16:58.653+0300] {logging_mixin.py:188} INFO - [2025-05-04T23:16:58.653+0300] {dag.py:3834} INFO - Setting next_dagrun for monthly_report_BushuevaTatiana to 2025-03-05 00:00:00+00:00, run_after=2025-04-05 00:00:00+00:00
[2025-05-04T23:16:58.663+0300] {processor.py:183} INFO - Processing /Users/admin/airflow/dags/homework2.py took 0.530 seconds
[2025-05-04T23:18:21.646+0300] {processor.py:161} INFO - Started process (PID=18989) to work on /Users/admin/airflow/dags/homework2.py
[2025-05-04T23:18:21.647+0300] {processor.py:830} INFO - Processing file /Users/admin/airflow/dags/homework2.py for tasks to queue
[2025-05-04T23:18:21.647+0300] {logging_mixin.py:188} INFO - [2025-05-04T23:18:21.647+0300] {dagbag.py:540} INFO - Filling up the DagBag from /Users/admin/airflow/dags/homework2.py
[2025-05-04T23:18:21.992+0300] {logging_mixin.py:188} INFO - [2025-05-04T23:18:21.992+0300] {utils.py:160} INFO - NumExpr defaulting to 8 threads.
[2025-05-04T23:18:22.252+0300] {processor.py:840} INFO - DAG(s) 'monthly_report_BushuevaTatiana' retrieved from /Users/admin/airflow/dags/homework2.py
[2025-05-04T23:18:22.314+0300] {logging_mixin.py:188} INFO - [2025-05-04T23:18:22.313+0300] {dag.py:3047} INFO - Sync 1 DAGs
[2025-05-04T23:18:22.323+0300] {logging_mixin.py:188} INFO - [2025-05-04T23:18:22.323+0300] {dag.py:3834} INFO - Setting next_dagrun for monthly_report_BushuevaTatiana to 2025-03-05 00:00:00+00:00, run_after=2025-04-05 00:00:00+00:00
[2025-05-04T23:18:22.333+0300] {processor.py:183} INFO - Processing /Users/admin/airflow/dags/homework2.py took 0.688 seconds
[2025-05-04T23:19:44.588+0300] {processor.py:161} INFO - Started process (PID=19382) to work on /Users/admin/airflow/dags/homework2.py
[2025-05-04T23:19:44.589+0300] {processor.py:830} INFO - Processing file /Users/admin/airflow/dags/homework2.py for tasks to queue
[2025-05-04T23:19:44.589+0300] {logging_mixin.py:188} INFO - [2025-05-04T23:19:44.589+0300] {dagbag.py:540} INFO - Filling up the DagBag from /Users/admin/airflow/dags/homework2.py
[2025-05-04T23:19:44.806+0300] {logging_mixin.py:188} INFO - [2025-05-04T23:19:44.806+0300] {utils.py:160} INFO - NumExpr defaulting to 8 threads.
[2025-05-04T23:19:45.056+0300] {processor.py:840} INFO - DAG(s) 'monthly_report_BushuevaTatiana' retrieved from /Users/admin/airflow/dags/homework2.py
[2025-05-04T23:19:45.116+0300] {logging_mixin.py:188} INFO - [2025-05-04T23:19:45.116+0300] {dag.py:3047} INFO - Sync 1 DAGs
[2025-05-04T23:19:45.126+0300] {logging_mixin.py:188} INFO - [2025-05-04T23:19:45.126+0300] {dag.py:3834} INFO - Setting next_dagrun for monthly_report_BushuevaTatiana to 2025-03-05 00:00:00+00:00, run_after=2025-04-05 00:00:00+00:00
[2025-05-04T23:19:45.136+0300] {processor.py:183} INFO - Processing /Users/admin/airflow/dags/homework2.py took 0.549 seconds
[2025-05-04T23:21:10.952+0300] {processor.py:161} INFO - Started process (PID=19786) to work on /Users/admin/airflow/dags/homework2.py
[2025-05-04T23:21:10.953+0300] {processor.py:830} INFO - Processing file /Users/admin/airflow/dags/homework2.py for tasks to queue
[2025-05-04T23:21:10.953+0300] {logging_mixin.py:188} INFO - [2025-05-04T23:21:10.953+0300] {dagbag.py:540} INFO - Filling up the DagBag from /Users/admin/airflow/dags/homework2.py
[2025-05-04T23:21:11.191+0300] {logging_mixin.py:188} INFO - [2025-05-04T23:21:11.191+0300] {utils.py:160} INFO - NumExpr defaulting to 8 threads.
[2025-05-04T23:21:11.424+0300] {processor.py:840} INFO - DAG(s) 'monthly_report_BushuevaTatiana' retrieved from /Users/admin/airflow/dags/homework2.py
[2025-05-04T23:21:11.484+0300] {logging_mixin.py:188} INFO - [2025-05-04T23:21:11.483+0300] {dag.py:3047} INFO - Sync 1 DAGs
[2025-05-04T23:21:11.494+0300] {logging_mixin.py:188} INFO - [2025-05-04T23:21:11.493+0300] {dag.py:3834} INFO - Setting next_dagrun for monthly_report_BushuevaTatiana to 2025-03-05 00:00:00+00:00, run_after=2025-04-05 00:00:00+00:00
[2025-05-04T23:21:11.504+0300] {processor.py:183} INFO - Processing /Users/admin/airflow/dags/homework2.py took 0.553 seconds
[2025-05-04T23:22:41.151+0300] {processor.py:161} INFO - Started process (PID=20211) to work on /Users/admin/airflow/dags/homework2.py
[2025-05-04T23:22:41.152+0300] {processor.py:830} INFO - Processing file /Users/admin/airflow/dags/homework2.py for tasks to queue
[2025-05-04T23:22:41.153+0300] {logging_mixin.py:188} INFO - [2025-05-04T23:22:41.153+0300] {dagbag.py:540} INFO - Filling up the DagBag from /Users/admin/airflow/dags/homework2.py
[2025-05-04T23:22:41.377+0300] {logging_mixin.py:188} INFO - [2025-05-04T23:22:41.376+0300] {utils.py:160} INFO - NumExpr defaulting to 8 threads.
[2025-05-04T23:22:41.643+0300] {processor.py:840} INFO - DAG(s) 'monthly_report_BushuevaTatiana' retrieved from /Users/admin/airflow/dags/homework2.py
[2025-05-04T23:22:41.703+0300] {logging_mixin.py:188} INFO - [2025-05-04T23:22:41.703+0300] {dag.py:3047} INFO - Sync 1 DAGs
[2025-05-04T23:22:41.713+0300] {logging_mixin.py:188} INFO - [2025-05-04T23:22:41.713+0300] {dag.py:3834} INFO - Setting next_dagrun for monthly_report_BushuevaTatiana to 2025-03-05 00:00:00+00:00, run_after=2025-04-05 00:00:00+00:00
[2025-05-04T23:22:41.723+0300] {processor.py:183} INFO - Processing /Users/admin/airflow/dags/homework2.py took 0.572 seconds
[2025-05-04T23:24:06.716+0300] {processor.py:161} INFO - Started process (PID=20608) to work on /Users/admin/airflow/dags/homework2.py
[2025-05-04T23:24:06.718+0300] {processor.py:830} INFO - Processing file /Users/admin/airflow/dags/homework2.py for tasks to queue
[2025-05-04T23:24:06.718+0300] {logging_mixin.py:188} INFO - [2025-05-04T23:24:06.718+0300] {dagbag.py:540} INFO - Filling up the DagBag from /Users/admin/airflow/dags/homework2.py
[2025-05-04T23:24:06.966+0300] {logging_mixin.py:188} INFO - [2025-05-04T23:24:06.966+0300] {utils.py:160} INFO - NumExpr defaulting to 8 threads.
[2025-05-04T23:24:07.250+0300] {processor.py:840} INFO - DAG(s) 'monthly_report_BushuevaTatiana' retrieved from /Users/admin/airflow/dags/homework2.py
[2025-05-04T23:24:07.309+0300] {logging_mixin.py:188} INFO - [2025-05-04T23:24:07.309+0300] {dag.py:3047} INFO - Sync 1 DAGs
[2025-05-04T23:24:07.319+0300] {logging_mixin.py:188} INFO - [2025-05-04T23:24:07.319+0300] {dag.py:3834} INFO - Setting next_dagrun for monthly_report_BushuevaTatiana to 2025-03-05 00:00:00+00:00, run_after=2025-04-05 00:00:00+00:00
[2025-05-04T23:24:07.329+0300] {processor.py:183} INFO - Processing /Users/admin/airflow/dags/homework2.py took 0.613 seconds
[2025-05-04T23:25:33.291+0300] {processor.py:161} INFO - Started process (PID=21011) to work on /Users/admin/airflow/dags/homework2.py
[2025-05-04T23:25:33.293+0300] {processor.py:830} INFO - Processing file /Users/admin/airflow/dags/homework2.py for tasks to queue
[2025-05-04T23:25:33.293+0300] {logging_mixin.py:188} INFO - [2025-05-04T23:25:33.293+0300] {dagbag.py:540} INFO - Filling up the DagBag from /Users/admin/airflow/dags/homework2.py
[2025-05-04T23:25:33.563+0300] {logging_mixin.py:188} INFO - [2025-05-04T23:25:33.562+0300] {utils.py:160} INFO - NumExpr defaulting to 8 threads.
[2025-05-04T23:25:33.966+0300] {processor.py:840} INFO - DAG(s) 'monthly_report_BushuevaTatiana' retrieved from /Users/admin/airflow/dags/homework2.py
[2025-05-04T23:25:34.120+0300] {logging_mixin.py:188} INFO - [2025-05-04T23:25:34.120+0300] {dag.py:3047} INFO - Sync 1 DAGs
[2025-05-04T23:25:34.137+0300] {logging_mixin.py:188} INFO - [2025-05-04T23:25:34.137+0300] {dag.py:3834} INFO - Setting next_dagrun for monthly_report_BushuevaTatiana to 2025-03-05 00:00:00+00:00, run_after=2025-04-05 00:00:00+00:00
[2025-05-04T23:25:34.154+0300] {processor.py:183} INFO - Processing /Users/admin/airflow/dags/homework2.py took 0.864 seconds
[2025-05-04T23:27:00.354+0300] {processor.py:161} INFO - Started process (PID=21436) to work on /Users/admin/airflow/dags/homework2.py
[2025-05-04T23:27:00.355+0300] {processor.py:830} INFO - Processing file /Users/admin/airflow/dags/homework2.py for tasks to queue
[2025-05-04T23:27:00.355+0300] {logging_mixin.py:188} INFO - [2025-05-04T23:27:00.355+0300] {dagbag.py:540} INFO - Filling up the DagBag from /Users/admin/airflow/dags/homework2.py
[2025-05-04T23:27:00.588+0300] {logging_mixin.py:188} INFO - [2025-05-04T23:27:00.588+0300] {utils.py:160} INFO - NumExpr defaulting to 8 threads.
[2025-05-04T23:27:00.830+0300] {processor.py:840} INFO - DAG(s) 'monthly_report_BushuevaTatiana' retrieved from /Users/admin/airflow/dags/homework2.py
[2025-05-04T23:27:00.890+0300] {logging_mixin.py:188} INFO - [2025-05-04T23:27:00.890+0300] {dag.py:3047} INFO - Sync 1 DAGs
[2025-05-04T23:27:00.899+0300] {logging_mixin.py:188} INFO - [2025-05-04T23:27:00.899+0300] {dag.py:3834} INFO - Setting next_dagrun for monthly_report_BushuevaTatiana to 2025-03-05 00:00:00+00:00, run_after=2025-04-05 00:00:00+00:00
[2025-05-04T23:27:00.909+0300] {processor.py:183} INFO - Processing /Users/admin/airflow/dags/homework2.py took 0.556 seconds
[2025-05-04T23:28:26.384+0300] {processor.py:161} INFO - Started process (PID=21833) to work on /Users/admin/airflow/dags/homework2.py
[2025-05-04T23:28:26.386+0300] {processor.py:830} INFO - Processing file /Users/admin/airflow/dags/homework2.py for tasks to queue
[2025-05-04T23:28:26.386+0300] {logging_mixin.py:188} INFO - [2025-05-04T23:28:26.386+0300] {dagbag.py:540} INFO - Filling up the DagBag from /Users/admin/airflow/dags/homework2.py
[2025-05-04T23:28:26.585+0300] {logging_mixin.py:188} INFO - [2025-05-04T23:28:26.585+0300] {utils.py:160} INFO - NumExpr defaulting to 8 threads.
[2025-05-04T23:28:26.888+0300] {processor.py:840} INFO - DAG(s) 'monthly_report_BushuevaTatiana' retrieved from /Users/admin/airflow/dags/homework2.py
[2025-05-04T23:28:26.957+0300] {logging_mixin.py:188} INFO - [2025-05-04T23:28:26.955+0300] {dag.py:3047} INFO - Sync 1 DAGs
[2025-05-04T23:28:26.967+0300] {logging_mixin.py:188} INFO - [2025-05-04T23:28:26.967+0300] {dag.py:3834} INFO - Setting next_dagrun for monthly_report_BushuevaTatiana to 2025-03-05 00:00:00+00:00, run_after=2025-04-05 00:00:00+00:00
[2025-05-04T23:28:26.978+0300] {processor.py:183} INFO - Processing /Users/admin/airflow/dags/homework2.py took 0.594 seconds
[2025-05-04T23:29:57.488+0300] {processor.py:161} INFO - Started process (PID=22284) to work on /Users/admin/airflow/dags/homework2.py
[2025-05-04T23:29:57.490+0300] {processor.py:830} INFO - Processing file /Users/admin/airflow/dags/homework2.py for tasks to queue
[2025-05-04T23:29:57.490+0300] {logging_mixin.py:188} INFO - [2025-05-04T23:29:57.490+0300] {dagbag.py:540} INFO - Filling up the DagBag from /Users/admin/airflow/dags/homework2.py
[2025-05-04T23:29:57.765+0300] {logging_mixin.py:188} INFO - [2025-05-04T23:29:57.765+0300] {utils.py:160} INFO - NumExpr defaulting to 8 threads.
[2025-05-04T23:29:58.020+0300] {processor.py:840} INFO - DAG(s) 'monthly_report_BushuevaTatiana' retrieved from /Users/admin/airflow/dags/homework2.py
[2025-05-04T23:29:58.081+0300] {logging_mixin.py:188} INFO - [2025-05-04T23:29:58.080+0300] {dag.py:3047} INFO - Sync 1 DAGs
[2025-05-04T23:29:58.091+0300] {logging_mixin.py:188} INFO - [2025-05-04T23:29:58.090+0300] {dag.py:3834} INFO - Setting next_dagrun for monthly_report_BushuevaTatiana to 2025-03-05 00:00:00+00:00, run_after=2025-04-05 00:00:00+00:00
[2025-05-04T23:29:58.101+0300] {processor.py:183} INFO - Processing /Users/admin/airflow/dags/homework2.py took 0.613 seconds
[2025-05-04T23:31:27.185+0300] {processor.py:161} INFO - Started process (PID=22704) to work on /Users/admin/airflow/dags/homework2.py
[2025-05-04T23:31:27.186+0300] {processor.py:830} INFO - Processing file /Users/admin/airflow/dags/homework2.py for tasks to queue
[2025-05-04T23:31:27.187+0300] {logging_mixin.py:188} INFO - [2025-05-04T23:31:27.187+0300] {dagbag.py:540} INFO - Filling up the DagBag from /Users/admin/airflow/dags/homework2.py
[2025-05-04T23:31:27.398+0300] {logging_mixin.py:188} INFO - [2025-05-04T23:31:27.394+0300] {utils.py:160} INFO - NumExpr defaulting to 8 threads.
[2025-05-04T23:31:27.700+0300] {processor.py:840} INFO - DAG(s) 'monthly_report_BushuevaTatiana' retrieved from /Users/admin/airflow/dags/homework2.py
[2025-05-04T23:31:27.766+0300] {logging_mixin.py:188} INFO - [2025-05-04T23:31:27.766+0300] {dag.py:3047} INFO - Sync 1 DAGs
[2025-05-04T23:31:27.778+0300] {logging_mixin.py:188} INFO - [2025-05-04T23:31:27.778+0300] {dag.py:3834} INFO - Setting next_dagrun for monthly_report_BushuevaTatiana to 2025-03-05 00:00:00+00:00, run_after=2025-04-05 00:00:00+00:00
[2025-05-04T23:31:27.789+0300] {processor.py:183} INFO - Processing /Users/admin/airflow/dags/homework2.py took 0.605 seconds
[2025-05-04T23:32:56.685+0300] {processor.py:161} INFO - Started process (PID=23123) to work on /Users/admin/airflow/dags/homework2.py
[2025-05-04T23:32:56.686+0300] {processor.py:830} INFO - Processing file /Users/admin/airflow/dags/homework2.py for tasks to queue
[2025-05-04T23:32:56.686+0300] {logging_mixin.py:188} INFO - [2025-05-04T23:32:56.686+0300] {dagbag.py:540} INFO - Filling up the DagBag from /Users/admin/airflow/dags/homework2.py
[2025-05-04T23:32:56.923+0300] {logging_mixin.py:188} INFO - [2025-05-04T23:32:56.923+0300] {utils.py:160} INFO - NumExpr defaulting to 8 threads.
[2025-05-04T23:32:57.174+0300] {processor.py:840} INFO - DAG(s) 'monthly_report_BushuevaTatiana' retrieved from /Users/admin/airflow/dags/homework2.py
[2025-05-04T23:32:57.234+0300] {logging_mixin.py:188} INFO - [2025-05-04T23:32:57.234+0300] {dag.py:3047} INFO - Sync 1 DAGs
[2025-05-04T23:32:57.244+0300] {logging_mixin.py:188} INFO - [2025-05-04T23:32:57.244+0300] {dag.py:3834} INFO - Setting next_dagrun for monthly_report_BushuevaTatiana to 2025-03-05 00:00:00+00:00, run_after=2025-04-05 00:00:00+00:00
[2025-05-04T23:32:57.254+0300] {processor.py:183} INFO - Processing /Users/admin/airflow/dags/homework2.py took 0.570 seconds
[2025-05-04T23:34:24.167+0300] {processor.py:161} INFO - Started process (PID=23534) to work on /Users/admin/airflow/dags/homework2.py
[2025-05-04T23:34:24.169+0300] {processor.py:830} INFO - Processing file /Users/admin/airflow/dags/homework2.py for tasks to queue
[2025-05-04T23:34:24.169+0300] {logging_mixin.py:188} INFO - [2025-05-04T23:34:24.169+0300] {dagbag.py:540} INFO - Filling up the DagBag from /Users/admin/airflow/dags/homework2.py
[2025-05-04T23:34:24.485+0300] {logging_mixin.py:188} INFO - [2025-05-04T23:34:24.484+0300] {utils.py:160} INFO - NumExpr defaulting to 8 threads.
[2025-05-04T23:34:24.724+0300] {processor.py:840} INFO - DAG(s) 'monthly_report_BushuevaTatiana' retrieved from /Users/admin/airflow/dags/homework2.py
[2025-05-04T23:34:24.787+0300] {logging_mixin.py:188} INFO - [2025-05-04T23:34:24.786+0300] {dag.py:3047} INFO - Sync 1 DAGs
[2025-05-04T23:34:24.796+0300] {logging_mixin.py:188} INFO - [2025-05-04T23:34:24.796+0300] {dag.py:3834} INFO - Setting next_dagrun for monthly_report_BushuevaTatiana to 2025-03-05 00:00:00+00:00, run_after=2025-04-05 00:00:00+00:00
[2025-05-04T23:34:24.807+0300] {processor.py:183} INFO - Processing /Users/admin/airflow/dags/homework2.py took 0.640 seconds
[2025-05-04T23:35:59.472+0300] {processor.py:161} INFO - Started process (PID=23990) to work on /Users/admin/airflow/dags/homework2.py
[2025-05-04T23:35:59.473+0300] {processor.py:830} INFO - Processing file /Users/admin/airflow/dags/homework2.py for tasks to queue
[2025-05-04T23:35:59.473+0300] {logging_mixin.py:188} INFO - [2025-05-04T23:35:59.473+0300] {dagbag.py:540} INFO - Filling up the DagBag from /Users/admin/airflow/dags/homework2.py
[2025-05-04T23:35:59.706+0300] {logging_mixin.py:188} INFO - [2025-05-04T23:35:59.706+0300] {utils.py:160} INFO - NumExpr defaulting to 8 threads.
[2025-05-04T23:35:59.947+0300] {processor.py:840} INFO - DAG(s) 'monthly_report_BushuevaTatiana' retrieved from /Users/admin/airflow/dags/homework2.py
[2025-05-04T23:36:00.009+0300] {logging_mixin.py:188} INFO - [2025-05-04T23:36:00.009+0300] {dag.py:3047} INFO - Sync 1 DAGs
[2025-05-04T23:36:00.019+0300] {logging_mixin.py:188} INFO - [2025-05-04T23:36:00.019+0300] {dag.py:3834} INFO - Setting next_dagrun for monthly_report_BushuevaTatiana to 2025-03-05 00:00:00+00:00, run_after=2025-04-05 00:00:00+00:00
[2025-05-04T23:36:00.029+0300] {processor.py:183} INFO - Processing /Users/admin/airflow/dags/homework2.py took 0.558 seconds
[2025-05-04T23:37:29.432+0300] {processor.py:161} INFO - Started process (PID=24434) to work on /Users/admin/airflow/dags/homework2.py
[2025-05-04T23:37:29.433+0300] {processor.py:830} INFO - Processing file /Users/admin/airflow/dags/homework2.py for tasks to queue
[2025-05-04T23:37:29.434+0300] {logging_mixin.py:188} INFO - [2025-05-04T23:37:29.434+0300] {dagbag.py:540} INFO - Filling up the DagBag from /Users/admin/airflow/dags/homework2.py
[2025-05-04T23:37:29.641+0300] {logging_mixin.py:188} INFO - [2025-05-04T23:37:29.640+0300] {utils.py:160} INFO - NumExpr defaulting to 8 threads.
[2025-05-04T23:37:29.902+0300] {processor.py:840} INFO - DAG(s) 'monthly_report_BushuevaTatiana' retrieved from /Users/admin/airflow/dags/homework2.py
[2025-05-04T23:37:29.975+0300] {logging_mixin.py:188} INFO - [2025-05-04T23:37:29.974+0300] {dag.py:3047} INFO - Sync 1 DAGs
[2025-05-04T23:37:29.986+0300] {logging_mixin.py:188} INFO - [2025-05-04T23:37:29.986+0300] {dag.py:3834} INFO - Setting next_dagrun for monthly_report_BushuevaTatiana to 2025-03-05 00:00:00+00:00, run_after=2025-04-05 00:00:00+00:00
[2025-05-04T23:37:29.997+0300] {processor.py:183} INFO - Processing /Users/admin/airflow/dags/homework2.py took 0.566 seconds
[2025-05-04T23:38:58.997+0300] {processor.py:161} INFO - Started process (PID=24855) to work on /Users/admin/airflow/dags/homework2.py
[2025-05-04T23:38:58.998+0300] {processor.py:830} INFO - Processing file /Users/admin/airflow/dags/homework2.py for tasks to queue
[2025-05-04T23:38:58.998+0300] {logging_mixin.py:188} INFO - [2025-05-04T23:38:58.998+0300] {dagbag.py:540} INFO - Filling up the DagBag from /Users/admin/airflow/dags/homework2.py
[2025-05-04T23:38:59.212+0300] {logging_mixin.py:188} INFO - [2025-05-04T23:38:59.212+0300] {utils.py:160} INFO - NumExpr defaulting to 8 threads.
[2025-05-04T23:38:59.462+0300] {processor.py:840} INFO - DAG(s) 'monthly_report_BushuevaTatiana' retrieved from /Users/admin/airflow/dags/homework2.py
[2025-05-04T23:38:59.521+0300] {logging_mixin.py:188} INFO - [2025-05-04T23:38:59.521+0300] {dag.py:3047} INFO - Sync 1 DAGs
[2025-05-04T23:38:59.531+0300] {logging_mixin.py:188} INFO - [2025-05-04T23:38:59.531+0300] {dag.py:3834} INFO - Setting next_dagrun for monthly_report_BushuevaTatiana to 2025-03-05 00:00:00+00:00, run_after=2025-04-05 00:00:00+00:00
[2025-05-04T23:38:59.541+0300] {processor.py:183} INFO - Processing /Users/admin/airflow/dags/homework2.py took 0.545 seconds
[2025-05-04T23:40:36.604+0300] {processor.py:161} INFO - Started process (PID=25314) to work on /Users/admin/airflow/dags/homework2.py
[2025-05-04T23:40:36.606+0300] {processor.py:830} INFO - Processing file /Users/admin/airflow/dags/homework2.py for tasks to queue
[2025-05-04T23:40:36.606+0300] {logging_mixin.py:188} INFO - [2025-05-04T23:40:36.606+0300] {dagbag.py:540} INFO - Filling up the DagBag from /Users/admin/airflow/dags/homework2.py
[2025-05-04T23:40:36.857+0300] {logging_mixin.py:188} INFO - [2025-05-04T23:40:36.857+0300] {utils.py:160} INFO - NumExpr defaulting to 8 threads.
[2025-05-04T23:40:37.106+0300] {processor.py:840} INFO - DAG(s) 'monthly_report_BushuevaTatiana' retrieved from /Users/admin/airflow/dags/homework2.py
[2025-05-04T23:40:37.167+0300] {logging_mixin.py:188} INFO - [2025-05-04T23:40:37.167+0300] {dag.py:3047} INFO - Sync 1 DAGs
[2025-05-04T23:40:37.177+0300] {logging_mixin.py:188} INFO - [2025-05-04T23:40:37.177+0300] {dag.py:3834} INFO - Setting next_dagrun for monthly_report_BushuevaTatiana to 2025-03-05 00:00:00+00:00, run_after=2025-04-05 00:00:00+00:00
[2025-05-04T23:40:37.188+0300] {processor.py:183} INFO - Processing /Users/admin/airflow/dags/homework2.py took 0.584 seconds
[2025-05-04T23:42:20.786+0300] {processor.py:161} INFO - Started process (PID=25790) to work on /Users/admin/airflow/dags/homework2.py
[2025-05-04T23:42:20.787+0300] {processor.py:830} INFO - Processing file /Users/admin/airflow/dags/homework2.py for tasks to queue
[2025-05-04T23:42:20.788+0300] {logging_mixin.py:188} INFO - [2025-05-04T23:42:20.788+0300] {dagbag.py:540} INFO - Filling up the DagBag from /Users/admin/airflow/dags/homework2.py
[2025-05-04T23:42:21.118+0300] {logging_mixin.py:188} INFO - [2025-05-04T23:42:21.117+0300] {utils.py:160} INFO - NumExpr defaulting to 8 threads.
[2025-05-04T23:42:21.536+0300] {processor.py:840} INFO - DAG(s) 'monthly_report_BushuevaTatiana' retrieved from /Users/admin/airflow/dags/homework2.py
[2025-05-04T23:42:21.637+0300] {logging_mixin.py:188} INFO - [2025-05-04T23:42:21.637+0300] {dag.py:3047} INFO - Sync 1 DAGs
[2025-05-04T23:42:21.655+0300] {logging_mixin.py:188} INFO - [2025-05-04T23:42:21.655+0300] {dag.py:3834} INFO - Setting next_dagrun for monthly_report_BushuevaTatiana to 2025-03-05 00:00:00+00:00, run_after=2025-04-05 00:00:00+00:00
[2025-05-04T23:42:21.673+0300] {processor.py:183} INFO - Processing /Users/admin/airflow/dags/homework2.py took 0.887 seconds
[2025-05-04T23:44:08.677+0300] {processor.py:161} INFO - Started process (PID=26282) to work on /Users/admin/airflow/dags/homework2.py
[2025-05-04T23:44:08.678+0300] {processor.py:830} INFO - Processing file /Users/admin/airflow/dags/homework2.py for tasks to queue
[2025-05-04T23:44:08.679+0300] {logging_mixin.py:188} INFO - [2025-05-04T23:44:08.678+0300] {dagbag.py:540} INFO - Filling up the DagBag from /Users/admin/airflow/dags/homework2.py
[2025-05-04T23:44:08.913+0300] {logging_mixin.py:188} INFO - [2025-05-04T23:44:08.912+0300] {utils.py:160} INFO - NumExpr defaulting to 8 threads.
[2025-05-04T23:44:09.164+0300] {processor.py:840} INFO - DAG(s) 'monthly_report_BushuevaTatiana' retrieved from /Users/admin/airflow/dags/homework2.py
[2025-05-04T23:44:09.225+0300] {logging_mixin.py:188} INFO - [2025-05-04T23:44:09.225+0300] {dag.py:3047} INFO - Sync 1 DAGs
[2025-05-04T23:44:09.235+0300] {logging_mixin.py:188} INFO - [2025-05-04T23:44:09.235+0300] {dag.py:3834} INFO - Setting next_dagrun for monthly_report_BushuevaTatiana to 2025-03-05 00:00:00+00:00, run_after=2025-04-05 00:00:00+00:00
[2025-05-04T23:44:09.245+0300] {processor.py:183} INFO - Processing /Users/admin/airflow/dags/homework2.py took 0.569 seconds
[2025-05-04T23:45:42.573+0300] {processor.py:161} INFO - Started process (PID=26727) to work on /Users/admin/airflow/dags/homework2.py
[2025-05-04T23:45:42.574+0300] {processor.py:830} INFO - Processing file /Users/admin/airflow/dags/homework2.py for tasks to queue
[2025-05-04T23:45:42.575+0300] {logging_mixin.py:188} INFO - [2025-05-04T23:45:42.575+0300] {dagbag.py:540} INFO - Filling up the DagBag from /Users/admin/airflow/dags/homework2.py
[2025-05-04T23:45:42.800+0300] {logging_mixin.py:188} INFO - [2025-05-04T23:45:42.799+0300] {utils.py:160} INFO - NumExpr defaulting to 8 threads.
[2025-05-04T23:45:43.039+0300] {processor.py:840} INFO - DAG(s) 'monthly_report_BushuevaTatiana' retrieved from /Users/admin/airflow/dags/homework2.py
[2025-05-04T23:45:43.099+0300] {logging_mixin.py:188} INFO - [2025-05-04T23:45:43.099+0300] {dag.py:3047} INFO - Sync 1 DAGs
[2025-05-04T23:45:43.109+0300] {logging_mixin.py:188} INFO - [2025-05-04T23:45:43.109+0300] {dag.py:3834} INFO - Setting next_dagrun for monthly_report_BushuevaTatiana to 2025-03-05 00:00:00+00:00, run_after=2025-04-05 00:00:00+00:00
[2025-05-04T23:45:43.119+0300] {processor.py:183} INFO - Processing /Users/admin/airflow/dags/homework2.py took 0.546 seconds
[2025-05-04T23:47:12.966+0300] {processor.py:161} INFO - Started process (PID=27147) to work on /Users/admin/airflow/dags/homework2.py
[2025-05-04T23:47:12.967+0300] {processor.py:830} INFO - Processing file /Users/admin/airflow/dags/homework2.py for tasks to queue
[2025-05-04T23:47:12.967+0300] {logging_mixin.py:188} INFO - [2025-05-04T23:47:12.967+0300] {dagbag.py:540} INFO - Filling up the DagBag from /Users/admin/airflow/dags/homework2.py
[2025-05-04T23:47:13.206+0300] {logging_mixin.py:188} INFO - [2025-05-04T23:47:13.206+0300] {utils.py:160} INFO - NumExpr defaulting to 8 threads.
[2025-05-04T23:47:13.459+0300] {processor.py:840} INFO - DAG(s) 'monthly_report_BushuevaTatiana' retrieved from /Users/admin/airflow/dags/homework2.py
[2025-05-04T23:47:13.520+0300] {logging_mixin.py:188} INFO - [2025-05-04T23:47:13.520+0300] {dag.py:3047} INFO - Sync 1 DAGs
[2025-05-04T23:47:13.530+0300] {logging_mixin.py:188} INFO - [2025-05-04T23:47:13.530+0300] {dag.py:3834} INFO - Setting next_dagrun for monthly_report_BushuevaTatiana to 2025-03-05 00:00:00+00:00, run_after=2025-04-05 00:00:00+00:00
[2025-05-04T23:47:13.540+0300] {processor.py:183} INFO - Processing /Users/admin/airflow/dags/homework2.py took 0.575 seconds
[2025-05-04T23:48:42.938+0300] {processor.py:161} INFO - Started process (PID=27563) to work on /Users/admin/airflow/dags/homework2.py
[2025-05-04T23:48:42.939+0300] {processor.py:830} INFO - Processing file /Users/admin/airflow/dags/homework2.py for tasks to queue
[2025-05-04T23:48:42.940+0300] {logging_mixin.py:188} INFO - [2025-05-04T23:48:42.940+0300] {dagbag.py:540} INFO - Filling up the DagBag from /Users/admin/airflow/dags/homework2.py
[2025-05-04T23:48:43.165+0300] {logging_mixin.py:188} INFO - [2025-05-04T23:48:43.164+0300] {utils.py:160} INFO - NumExpr defaulting to 8 threads.
[2025-05-04T23:48:43.403+0300] {processor.py:840} INFO - DAG(s) 'monthly_report_BushuevaTatiana' retrieved from /Users/admin/airflow/dags/homework2.py
[2025-05-04T23:48:43.462+0300] {logging_mixin.py:188} INFO - [2025-05-04T23:48:43.462+0300] {dag.py:3047} INFO - Sync 1 DAGs
[2025-05-04T23:48:43.472+0300] {logging_mixin.py:188} INFO - [2025-05-04T23:48:43.472+0300] {dag.py:3834} INFO - Setting next_dagrun for monthly_report_BushuevaTatiana to 2025-03-05 00:00:00+00:00, run_after=2025-04-05 00:00:00+00:00
[2025-05-04T23:48:43.482+0300] {processor.py:183} INFO - Processing /Users/admin/airflow/dags/homework2.py took 0.544 seconds
[2025-05-04T23:50:11.813+0300] {processor.py:161} INFO - Started process (PID=27982) to work on /Users/admin/airflow/dags/homework2.py
[2025-05-04T23:50:11.814+0300] {processor.py:830} INFO - Processing file /Users/admin/airflow/dags/homework2.py for tasks to queue
[2025-05-04T23:50:11.815+0300] {logging_mixin.py:188} INFO - [2025-05-04T23:50:11.815+0300] {dagbag.py:540} INFO - Filling up the DagBag from /Users/admin/airflow/dags/homework2.py
[2025-05-04T23:50:11.995+0300] {logging_mixin.py:188} INFO - [2025-05-04T23:50:11.994+0300] {utils.py:160} INFO - NumExpr defaulting to 8 threads.
[2025-05-04T23:50:12.244+0300] {processor.py:840} INFO - DAG(s) 'monthly_report_BushuevaTatiana' retrieved from /Users/admin/airflow/dags/homework2.py
[2025-05-04T23:50:12.305+0300] {logging_mixin.py:188} INFO - [2025-05-04T23:50:12.305+0300] {dag.py:3047} INFO - Sync 1 DAGs
[2025-05-04T23:50:12.315+0300] {logging_mixin.py:188} INFO - [2025-05-04T23:50:12.315+0300] {dag.py:3834} INFO - Setting next_dagrun for monthly_report_BushuevaTatiana to 2025-03-05 00:00:00+00:00, run_after=2025-04-05 00:00:00+00:00
[2025-05-04T23:50:12.325+0300] {processor.py:183} INFO - Processing /Users/admin/airflow/dags/homework2.py took 0.512 seconds
[2025-05-04T23:51:56.194+0300] {processor.py:161} INFO - Started process (PID=28466) to work on /Users/admin/airflow/dags/homework2.py
[2025-05-04T23:51:56.195+0300] {processor.py:830} INFO - Processing file /Users/admin/airflow/dags/homework2.py for tasks to queue
[2025-05-04T23:51:56.195+0300] {logging_mixin.py:188} INFO - [2025-05-04T23:51:56.195+0300] {dagbag.py:540} INFO - Filling up the DagBag from /Users/admin/airflow/dags/homework2.py
[2025-05-04T23:51:56.422+0300] {logging_mixin.py:188} INFO - [2025-05-04T23:51:56.422+0300] {utils.py:160} INFO - NumExpr defaulting to 8 threads.
[2025-05-04T23:51:56.657+0300] {processor.py:840} INFO - DAG(s) 'monthly_report_BushuevaTatiana' retrieved from /Users/admin/airflow/dags/homework2.py
[2025-05-04T23:51:56.718+0300] {logging_mixin.py:188} INFO - [2025-05-04T23:51:56.717+0300] {dag.py:3047} INFO - Sync 1 DAGs
[2025-05-04T23:51:56.727+0300] {logging_mixin.py:188} INFO - [2025-05-04T23:51:56.727+0300] {dag.py:3834} INFO - Setting next_dagrun for monthly_report_BushuevaTatiana to 2025-03-05 00:00:00+00:00, run_after=2025-04-05 00:00:00+00:00
[2025-05-04T23:51:56.738+0300] {processor.py:183} INFO - Processing /Users/admin/airflow/dags/homework2.py took 0.545 seconds
[2025-05-04T23:53:28.923+0300] {processor.py:161} INFO - Started process (PID=28902) to work on /Users/admin/airflow/dags/homework2.py
[2025-05-04T23:53:28.924+0300] {processor.py:830} INFO - Processing file /Users/admin/airflow/dags/homework2.py for tasks to queue
[2025-05-04T23:53:28.925+0300] {logging_mixin.py:188} INFO - [2025-05-04T23:53:28.925+0300] {dagbag.py:540} INFO - Filling up the DagBag from /Users/admin/airflow/dags/homework2.py
[2025-05-04T23:53:29.121+0300] {logging_mixin.py:188} INFO - [2025-05-04T23:53:29.121+0300] {utils.py:160} INFO - NumExpr defaulting to 8 threads.
[2025-05-04T23:53:29.370+0300] {processor.py:840} INFO - DAG(s) 'monthly_report_BushuevaTatiana' retrieved from /Users/admin/airflow/dags/homework2.py
[2025-05-04T23:53:29.431+0300] {logging_mixin.py:188} INFO - [2025-05-04T23:53:29.430+0300] {dag.py:3047} INFO - Sync 1 DAGs
[2025-05-04T23:53:29.440+0300] {logging_mixin.py:188} INFO - [2025-05-04T23:53:29.440+0300] {dag.py:3834} INFO - Setting next_dagrun for monthly_report_BushuevaTatiana to 2025-03-05 00:00:00+00:00, run_after=2025-04-05 00:00:00+00:00
[2025-05-04T23:53:29.451+0300] {processor.py:183} INFO - Processing /Users/admin/airflow/dags/homework2.py took 0.528 seconds
[2025-05-05T01:59:26.644+0300] {processor.py:161} INFO - Started process (PID=29403) to work on /Users/admin/airflow/dags/homework2.py
[2025-05-05T01:59:26.645+0300] {processor.py:830} INFO - Processing file /Users/admin/airflow/dags/homework2.py for tasks to queue
[2025-05-05T01:59:26.646+0300] {logging_mixin.py:188} INFO - [2025-05-05T01:59:26.646+0300] {dagbag.py:540} INFO - Filling up the DagBag from /Users/admin/airflow/dags/homework2.py
[2025-05-05T01:59:26.836+0300] {logging_mixin.py:188} INFO - [2025-05-05T01:59:26.835+0300] {utils.py:160} INFO - NumExpr defaulting to 8 threads.
[2025-05-05T01:59:27.075+0300] {processor.py:840} INFO - DAG(s) 'monthly_report_BushuevaTatiana' retrieved from /Users/admin/airflow/dags/homework2.py
[2025-05-05T01:59:27.134+0300] {logging_mixin.py:188} INFO - [2025-05-05T01:59:27.134+0300] {dag.py:3047} INFO - Sync 1 DAGs
[2025-05-05T01:59:27.144+0300] {logging_mixin.py:188} INFO - [2025-05-05T01:59:27.144+0300] {dag.py:3834} INFO - Setting next_dagrun for monthly_report_BushuevaTatiana to 2025-03-05 00:00:00+00:00, run_after=2025-04-05 00:00:00+00:00
[2025-05-05T01:59:27.154+0300] {processor.py:183} INFO - Processing /Users/admin/airflow/dags/homework2.py took 0.510 seconds
