[2025-05-04T22:10:26.376+0300] {processor.py:161} INFO - Started process (PID=13892) to work on /Users/admin/airflow/dags/homework2_part2.py
[2025-05-04T22:10:26.377+0300] {processor.py:830} INFO - Processing file /Users/admin/airflow/dags/homework2_part2.py for tasks to queue
[2025-05-04T22:10:26.377+0300] {logging_mixin.py:188} INFO - [2025-05-04T22:10:26.377+0300] {dagbag.py:540} INFO - Filling up the DagBag from /Users/admin/airflow/dags/homework2_part2.py
[2025-05-04T22:10:26.857+0300] {logging_mixin.py:188} INFO - [2025-05-04T22:10:26.857+0300] {utils.py:160} INFO - NumExpr defaulting to 8 threads.
[2025-05-04T22:10:27.237+0300] {processor.py:840} INFO - DAG(s) 'monthly_report_part2_BushuevaTatiana' retrieved from /Users/admin/airflow/dags/homework2_part2.py
[2025-05-04T22:10:27.374+0300] {logging_mixin.py:188} INFO - [2025-05-04T22:10:27.374+0300] {override.py:1769} INFO - Created Permission View: can delete on DAG:monthly_report_part2_BushuevaTatiana
[2025-05-04T22:10:27.380+0300] {logging_mixin.py:188} INFO - [2025-05-04T22:10:27.380+0300] {override.py:1769} INFO - Created Permission View: can read on DAG:monthly_report_part2_BushuevaTatiana
[2025-05-04T22:10:27.390+0300] {logging_mixin.py:188} INFO - [2025-05-04T22:10:27.390+0300] {override.py:1769} INFO - Created Permission View: can edit on DAG:monthly_report_part2_BushuevaTatiana
[2025-05-04T22:10:27.390+0300] {logging_mixin.py:188} INFO - [2025-05-04T22:10:27.390+0300] {dag.py:3047} INFO - Sync 1 DAGs
[2025-05-04T22:10:27.401+0300] {logging_mixin.py:188} INFO - [2025-05-04T22:10:27.401+0300] {dag.py:3069} INFO - Creating ORM DAG for monthly_report_part2_BushuevaTatiana
[2025-05-04T22:10:27.407+0300] {logging_mixin.py:188} INFO - [2025-05-04T22:10:27.406+0300] {dag.py:3834} INFO - Setting next_dagrun for monthly_report_part2_BushuevaTatiana to 2024-01-05 00:00:00+00:00, run_after=2024-02-05 00:00:00+00:00
[2025-05-04T22:10:27.417+0300] {processor.py:183} INFO - Processing /Users/admin/airflow/dags/homework2_part2.py took 1.041 seconds
[2025-05-04T22:12:21.783+0300] {processor.py:161} INFO - Started process (PID=14517) to work on /Users/admin/airflow/dags/homework2_part2.py
[2025-05-04T22:12:21.785+0300] {processor.py:830} INFO - Processing file /Users/admin/airflow/dags/homework2_part2.py for tasks to queue
[2025-05-04T22:12:21.785+0300] {logging_mixin.py:188} INFO - [2025-05-04T22:12:21.785+0300] {dagbag.py:540} INFO - Filling up the DagBag from /Users/admin/airflow/dags/homework2_part2.py
[2025-05-04T22:12:22.177+0300] {logging_mixin.py:188} INFO - [2025-05-04T22:12:22.177+0300] {utils.py:160} INFO - NumExpr defaulting to 8 threads.
[2025-05-04T22:12:22.535+0300] {processor.py:840} INFO - DAG(s) 'monthly_report_part2_BushuevaTatiana' retrieved from /Users/admin/airflow/dags/homework2_part2.py
[2025-05-04T22:12:22.607+0300] {logging_mixin.py:188} INFO - [2025-05-04T22:12:22.607+0300] {dag.py:3047} INFO - Sync 1 DAGs
[2025-05-04T22:12:22.617+0300] {logging_mixin.py:188} INFO - [2025-05-04T22:12:22.617+0300] {dag.py:3834} INFO - Setting next_dagrun for monthly_report_part2_BushuevaTatiana to 2024-01-05 00:00:00+00:00, run_after=2024-02-05 00:00:00+00:00
[2025-05-04T22:12:22.628+0300] {processor.py:183} INFO - Processing /Users/admin/airflow/dags/homework2_part2.py took 0.845 seconds
[2025-05-04T22:13:44.233+0300] {processor.py:161} INFO - Started process (PID=14903) to work on /Users/admin/airflow/dags/homework2_part2.py
[2025-05-04T22:13:44.234+0300] {processor.py:830} INFO - Processing file /Users/admin/airflow/dags/homework2_part2.py for tasks to queue
[2025-05-04T22:13:44.234+0300] {logging_mixin.py:188} INFO - [2025-05-04T22:13:44.234+0300] {dagbag.py:540} INFO - Filling up the DagBag from /Users/admin/airflow/dags/homework2_part2.py
[2025-05-04T22:13:44.608+0300] {logging_mixin.py:188} INFO - [2025-05-04T22:13:44.608+0300] {utils.py:160} INFO - NumExpr defaulting to 8 threads.
[2025-05-04T22:13:44.866+0300] {processor.py:840} INFO - DAG(s) 'monthly_report_part2_BushuevaTatiana' retrieved from /Users/admin/airflow/dags/homework2_part2.py
[2025-05-04T22:13:44.934+0300] {logging_mixin.py:188} INFO - [2025-05-04T22:13:44.934+0300] {dag.py:3047} INFO - Sync 1 DAGs
[2025-05-04T22:13:44.945+0300] {logging_mixin.py:188} INFO - [2025-05-04T22:13:44.945+0300] {dag.py:3834} INFO - Setting next_dagrun for monthly_report_part2_BushuevaTatiana to 2024-01-05 00:00:00+00:00, run_after=2024-02-05 00:00:00+00:00
[2025-05-04T22:13:44.956+0300] {processor.py:183} INFO - Processing /Users/admin/airflow/dags/homework2_part2.py took 0.724 seconds
[2025-05-04T22:15:05.352+0300] {processor.py:161} INFO - Started process (PID=15293) to work on /Users/admin/airflow/dags/homework2_part2.py
[2025-05-04T22:15:05.353+0300] {processor.py:830} INFO - Processing file /Users/admin/airflow/dags/homework2_part2.py for tasks to queue
[2025-05-04T22:15:05.353+0300] {logging_mixin.py:188} INFO - [2025-05-04T22:15:05.353+0300] {dagbag.py:540} INFO - Filling up the DagBag from /Users/admin/airflow/dags/homework2_part2.py
[2025-05-04T22:15:05.699+0300] {logging_mixin.py:188} INFO - [2025-05-04T22:15:05.699+0300] {utils.py:160} INFO - NumExpr defaulting to 8 threads.
[2025-05-04T22:15:05.999+0300] {processor.py:840} INFO - DAG(s) 'monthly_report_part2_BushuevaTatiana' retrieved from /Users/admin/airflow/dags/homework2_part2.py
[2025-05-04T22:15:06.060+0300] {logging_mixin.py:188} INFO - [2025-05-04T22:15:06.060+0300] {dag.py:3047} INFO - Sync 1 DAGs
[2025-05-04T22:15:06.070+0300] {logging_mixin.py:188} INFO - [2025-05-04T22:15:06.070+0300] {dag.py:3834} INFO - Setting next_dagrun for monthly_report_part2_BushuevaTatiana to 2024-01-05 00:00:00+00:00, run_after=2024-02-05 00:00:00+00:00
[2025-05-04T22:15:06.079+0300] {processor.py:183} INFO - Processing /Users/admin/airflow/dags/homework2_part2.py took 0.728 seconds
[2025-05-04T22:16:28.211+0300] {processor.py:161} INFO - Started process (PID=15692) to work on /Users/admin/airflow/dags/homework2_part2.py
[2025-05-04T22:16:28.212+0300] {processor.py:830} INFO - Processing file /Users/admin/airflow/dags/homework2_part2.py for tasks to queue
[2025-05-04T22:16:28.212+0300] {logging_mixin.py:188} INFO - [2025-05-04T22:16:28.212+0300] {dagbag.py:540} INFO - Filling up the DagBag from /Users/admin/airflow/dags/homework2_part2.py
[2025-05-04T22:16:28.642+0300] {logging_mixin.py:188} INFO - [2025-05-04T22:16:28.642+0300] {utils.py:160} INFO - NumExpr defaulting to 8 threads.
[2025-05-04T22:16:28.940+0300] {processor.py:840} INFO - DAG(s) 'monthly_report_part2_BushuevaTatiana' retrieved from /Users/admin/airflow/dags/homework2_part2.py
[2025-05-04T22:16:29.002+0300] {logging_mixin.py:188} INFO - [2025-05-04T22:16:29.002+0300] {dag.py:3047} INFO - Sync 1 DAGs
[2025-05-04T22:16:29.011+0300] {logging_mixin.py:188} INFO - [2025-05-04T22:16:29.011+0300] {dag.py:3834} INFO - Setting next_dagrun for monthly_report_part2_BushuevaTatiana to 2024-01-05 00:00:00+00:00, run_after=2024-02-05 00:00:00+00:00
[2025-05-04T22:16:29.021+0300] {processor.py:183} INFO - Processing /Users/admin/airflow/dags/homework2_part2.py took 0.811 seconds
[2025-05-04T22:17:53.442+0300] {processor.py:161} INFO - Started process (PID=16099) to work on /Users/admin/airflow/dags/homework2_part2.py
[2025-05-04T22:17:53.443+0300] {processor.py:830} INFO - Processing file /Users/admin/airflow/dags/homework2_part2.py for tasks to queue
[2025-05-04T22:17:53.444+0300] {logging_mixin.py:188} INFO - [2025-05-04T22:17:53.443+0300] {dagbag.py:540} INFO - Filling up the DagBag from /Users/admin/airflow/dags/homework2_part2.py
[2025-05-04T22:17:53.831+0300] {logging_mixin.py:188} INFO - [2025-05-04T22:17:53.831+0300] {utils.py:160} INFO - NumExpr defaulting to 8 threads.
[2025-05-04T22:17:54.120+0300] {processor.py:840} INFO - DAG(s) 'monthly_report_part2_BushuevaTatiana' retrieved from /Users/admin/airflow/dags/homework2_part2.py
[2025-05-04T22:17:54.182+0300] {logging_mixin.py:188} INFO - [2025-05-04T22:17:54.181+0300] {dag.py:3047} INFO - Sync 1 DAGs
[2025-05-04T22:17:54.192+0300] {logging_mixin.py:188} INFO - [2025-05-04T22:17:54.191+0300] {dag.py:3834} INFO - Setting next_dagrun for monthly_report_part2_BushuevaTatiana to 2024-01-05 00:00:00+00:00, run_after=2024-02-05 00:00:00+00:00
[2025-05-04T22:17:54.201+0300] {processor.py:183} INFO - Processing /Users/admin/airflow/dags/homework2_part2.py took 0.760 seconds
[2025-05-04T22:26:10.374+0300] {processor.py:161} INFO - Started process (PID=16543) to work on /Users/admin/airflow/dags/homework2_part2.py
[2025-05-04T22:26:10.376+0300] {processor.py:830} INFO - Processing file /Users/admin/airflow/dags/homework2_part2.py for tasks to queue
[2025-05-04T22:26:10.376+0300] {logging_mixin.py:188} INFO - [2025-05-04T22:26:10.376+0300] {dagbag.py:540} INFO - Filling up the DagBag from /Users/admin/airflow/dags/homework2_part2.py
[2025-05-04T22:26:10.742+0300] {logging_mixin.py:188} INFO - [2025-05-04T22:26:10.742+0300] {utils.py:160} INFO - NumExpr defaulting to 8 threads.
[2025-05-04T22:26:11.022+0300] {processor.py:840} INFO - DAG(s) 'monthly_report_part2_BushuevaTatiana' retrieved from /Users/admin/airflow/dags/homework2_part2.py
[2025-05-04T22:26:11.089+0300] {logging_mixin.py:188} INFO - [2025-05-04T22:26:11.089+0300] {dag.py:3047} INFO - Sync 1 DAGs
[2025-05-04T22:26:11.099+0300] {logging_mixin.py:188} INFO - [2025-05-04T22:26:11.099+0300] {dag.py:3834} INFO - Setting next_dagrun for monthly_report_part2_BushuevaTatiana to 2024-01-05 00:00:00+00:00, run_after=2024-02-05 00:00:00+00:00
[2025-05-04T22:26:11.109+0300] {processor.py:183} INFO - Processing /Users/admin/airflow/dags/homework2_part2.py took 0.735 seconds
[2025-05-04T22:27:32.127+0300] {processor.py:161} INFO - Started process (PID=16927) to work on /Users/admin/airflow/dags/homework2_part2.py
[2025-05-04T22:27:32.129+0300] {processor.py:830} INFO - Processing file /Users/admin/airflow/dags/homework2_part2.py for tasks to queue
[2025-05-04T22:27:32.129+0300] {logging_mixin.py:188} INFO - [2025-05-04T22:27:32.129+0300] {dagbag.py:540} INFO - Filling up the DagBag from /Users/admin/airflow/dags/homework2_part2.py
[2025-05-04T22:27:32.507+0300] {logging_mixin.py:188} INFO - [2025-05-04T22:27:32.507+0300] {utils.py:160} INFO - NumExpr defaulting to 8 threads.
[2025-05-04T22:27:32.794+0300] {processor.py:840} INFO - DAG(s) 'monthly_report_part2_BushuevaTatiana' retrieved from /Users/admin/airflow/dags/homework2_part2.py
[2025-05-04T22:27:32.858+0300] {logging_mixin.py:188} INFO - [2025-05-04T22:27:32.858+0300] {dag.py:3047} INFO - Sync 1 DAGs
[2025-05-04T22:27:32.867+0300] {logging_mixin.py:188} INFO - [2025-05-04T22:27:32.867+0300] {dag.py:3834} INFO - Setting next_dagrun for monthly_report_part2_BushuevaTatiana to 2024-01-05 00:00:00+00:00, run_after=2024-02-05 00:00:00+00:00
[2025-05-04T22:27:32.877+0300] {processor.py:183} INFO - Processing /Users/admin/airflow/dags/homework2_part2.py took 0.750 seconds
[2025-05-04T22:28:54.528+0300] {processor.py:161} INFO - Started process (PID=17314) to work on /Users/admin/airflow/dags/homework2_part2.py
[2025-05-04T22:28:54.529+0300] {processor.py:830} INFO - Processing file /Users/admin/airflow/dags/homework2_part2.py for tasks to queue
[2025-05-04T22:28:54.529+0300] {logging_mixin.py:188} INFO - [2025-05-04T22:28:54.529+0300] {dagbag.py:540} INFO - Filling up the DagBag from /Users/admin/airflow/dags/homework2_part2.py
[2025-05-04T22:28:54.915+0300] {logging_mixin.py:188} INFO - [2025-05-04T22:28:54.915+0300] {utils.py:160} INFO - NumExpr defaulting to 8 threads.
[2025-05-04T22:28:55.212+0300] {processor.py:840} INFO - DAG(s) 'monthly_report_part2_BushuevaTatiana' retrieved from /Users/admin/airflow/dags/homework2_part2.py
[2025-05-04T22:28:55.276+0300] {logging_mixin.py:188} INFO - [2025-05-04T22:28:55.276+0300] {dag.py:3047} INFO - Sync 1 DAGs
[2025-05-04T22:28:55.286+0300] {logging_mixin.py:188} INFO - [2025-05-04T22:28:55.285+0300] {dag.py:3834} INFO - Setting next_dagrun for monthly_report_part2_BushuevaTatiana to 2024-01-05 00:00:00+00:00, run_after=2024-02-05 00:00:00+00:00
[2025-05-04T22:28:55.296+0300] {processor.py:183} INFO - Processing /Users/admin/airflow/dags/homework2_part2.py took 0.769 seconds
[2025-05-04T22:30:16.504+0300] {processor.py:161} INFO - Started process (PID=17694) to work on /Users/admin/airflow/dags/homework2_part2.py
[2025-05-04T22:30:16.505+0300] {processor.py:830} INFO - Processing file /Users/admin/airflow/dags/homework2_part2.py for tasks to queue
[2025-05-04T22:30:16.505+0300] {logging_mixin.py:188} INFO - [2025-05-04T22:30:16.505+0300] {dagbag.py:540} INFO - Filling up the DagBag from /Users/admin/airflow/dags/homework2_part2.py
[2025-05-04T22:30:16.971+0300] {logging_mixin.py:188} INFO - [2025-05-04T22:30:16.970+0300] {utils.py:160} INFO - NumExpr defaulting to 8 threads.
[2025-05-04T22:30:17.293+0300] {processor.py:840} INFO - DAG(s) 'monthly_report_part2_BushuevaTatiana' retrieved from /Users/admin/airflow/dags/homework2_part2.py
[2025-05-04T22:30:17.361+0300] {logging_mixin.py:188} INFO - [2025-05-04T22:30:17.360+0300] {dag.py:3047} INFO - Sync 1 DAGs
[2025-05-04T22:30:17.371+0300] {logging_mixin.py:188} INFO - [2025-05-04T22:30:17.371+0300] {dag.py:3834} INFO - Setting next_dagrun for monthly_report_part2_BushuevaTatiana to 2024-01-05 00:00:00+00:00, run_after=2024-02-05 00:00:00+00:00
[2025-05-04T22:30:17.382+0300] {processor.py:183} INFO - Processing /Users/admin/airflow/dags/homework2_part2.py took 0.879 seconds
[2025-05-04T22:31:37.918+0300] {processor.py:161} INFO - Started process (PID=18090) to work on /Users/admin/airflow/dags/homework2_part2.py
[2025-05-04T22:31:37.919+0300] {processor.py:830} INFO - Processing file /Users/admin/airflow/dags/homework2_part2.py for tasks to queue
[2025-05-04T22:31:37.920+0300] {logging_mixin.py:188} INFO - [2025-05-04T22:31:37.920+0300] {dagbag.py:540} INFO - Filling up the DagBag from /Users/admin/airflow/dags/homework2_part2.py
[2025-05-04T22:31:38.241+0300] {logging_mixin.py:188} INFO - [2025-05-04T22:31:38.241+0300] {utils.py:160} INFO - NumExpr defaulting to 8 threads.
[2025-05-04T22:31:38.543+0300] {processor.py:840} INFO - DAG(s) 'monthly_report_part2_BushuevaTatiana' retrieved from /Users/admin/airflow/dags/homework2_part2.py
[2025-05-04T22:31:38.607+0300] {logging_mixin.py:188} INFO - [2025-05-04T22:31:38.607+0300] {dag.py:3047} INFO - Sync 1 DAGs
[2025-05-04T22:31:38.617+0300] {logging_mixin.py:188} INFO - [2025-05-04T22:31:38.617+0300] {dag.py:3834} INFO - Setting next_dagrun for monthly_report_part2_BushuevaTatiana to 2024-01-05 00:00:00+00:00, run_after=2024-02-05 00:00:00+00:00
[2025-05-04T22:31:38.627+0300] {processor.py:183} INFO - Processing /Users/admin/airflow/dags/homework2_part2.py took 0.710 seconds
[2025-05-04T23:16:55.069+0300] {processor.py:161} INFO - Started process (PID=18580) to work on /Users/admin/airflow/dags/homework2_part2.py
[2025-05-04T23:16:55.070+0300] {processor.py:830} INFO - Processing file /Users/admin/airflow/dags/homework2_part2.py for tasks to queue
[2025-05-04T23:16:55.070+0300] {logging_mixin.py:188} INFO - [2025-05-04T23:16:55.070+0300] {dagbag.py:540} INFO - Filling up the DagBag from /Users/admin/airflow/dags/homework2_part2.py
[2025-05-04T23:16:55.396+0300] {logging_mixin.py:188} INFO - [2025-05-04T23:16:55.396+0300] {utils.py:160} INFO - NumExpr defaulting to 8 threads.
[2025-05-04T23:16:55.686+0300] {processor.py:840} INFO - DAG(s) 'monthly_report_part2_BushuevaTatiana' retrieved from /Users/admin/airflow/dags/homework2_part2.py
[2025-05-04T23:16:55.748+0300] {logging_mixin.py:188} INFO - [2025-05-04T23:16:55.748+0300] {dag.py:3047} INFO - Sync 1 DAGs
[2025-05-04T23:16:55.757+0300] {logging_mixin.py:188} INFO - [2025-05-04T23:16:55.757+0300] {dag.py:3834} INFO - Setting next_dagrun for monthly_report_part2_BushuevaTatiana to 2024-01-05 00:00:00+00:00, run_after=2024-02-05 00:00:00+00:00
[2025-05-04T23:16:55.767+0300] {processor.py:183} INFO - Processing /Users/admin/airflow/dags/homework2_part2.py took 0.699 seconds
[2025-05-04T23:18:18.415+0300] {processor.py:161} INFO - Started process (PID=18980) to work on /Users/admin/airflow/dags/homework2_part2.py
[2025-05-04T23:18:18.416+0300] {processor.py:830} INFO - Processing file /Users/admin/airflow/dags/homework2_part2.py for tasks to queue
[2025-05-04T23:18:18.417+0300] {logging_mixin.py:188} INFO - [2025-05-04T23:18:18.416+0300] {dagbag.py:540} INFO - Filling up the DagBag from /Users/admin/airflow/dags/homework2_part2.py
[2025-05-04T23:18:18.855+0300] {logging_mixin.py:188} INFO - [2025-05-04T23:18:18.855+0300] {utils.py:160} INFO - NumExpr defaulting to 8 threads.
[2025-05-04T23:18:19.165+0300] {processor.py:840} INFO - DAG(s) 'monthly_report_part2_BushuevaTatiana' retrieved from /Users/admin/airflow/dags/homework2_part2.py
[2025-05-04T23:18:19.227+0300] {logging_mixin.py:188} INFO - [2025-05-04T23:18:19.227+0300] {dag.py:3047} INFO - Sync 1 DAGs
[2025-05-04T23:18:19.237+0300] {logging_mixin.py:188} INFO - [2025-05-04T23:18:19.236+0300] {dag.py:3834} INFO - Setting next_dagrun for monthly_report_part2_BushuevaTatiana to 2024-01-05 00:00:00+00:00, run_after=2024-02-05 00:00:00+00:00
[2025-05-04T23:18:19.247+0300] {processor.py:183} INFO - Processing /Users/admin/airflow/dags/homework2_part2.py took 0.833 seconds
[2025-05-04T23:19:41.384+0300] {processor.py:161} INFO - Started process (PID=19367) to work on /Users/admin/airflow/dags/homework2_part2.py
[2025-05-04T23:19:41.386+0300] {processor.py:830} INFO - Processing file /Users/admin/airflow/dags/homework2_part2.py for tasks to queue
[2025-05-04T23:19:41.386+0300] {logging_mixin.py:188} INFO - [2025-05-04T23:19:41.386+0300] {dagbag.py:540} INFO - Filling up the DagBag from /Users/admin/airflow/dags/homework2_part2.py
[2025-05-04T23:19:41.824+0300] {logging_mixin.py:188} INFO - [2025-05-04T23:19:41.824+0300] {utils.py:160} INFO - NumExpr defaulting to 8 threads.
[2025-05-04T23:19:42.136+0300] {processor.py:840} INFO - DAG(s) 'monthly_report_part2_BushuevaTatiana' retrieved from /Users/admin/airflow/dags/homework2_part2.py
[2025-05-04T23:19:42.200+0300] {logging_mixin.py:188} INFO - [2025-05-04T23:19:42.200+0300] {dag.py:3047} INFO - Sync 1 DAGs
[2025-05-04T23:19:42.209+0300] {logging_mixin.py:188} INFO - [2025-05-04T23:19:42.209+0300] {dag.py:3834} INFO - Setting next_dagrun for monthly_report_part2_BushuevaTatiana to 2024-01-05 00:00:00+00:00, run_after=2024-02-05 00:00:00+00:00
[2025-05-04T23:19:42.219+0300] {processor.py:183} INFO - Processing /Users/admin/airflow/dags/homework2_part2.py took 0.836 seconds
[2025-05-04T23:21:07.758+0300] {processor.py:161} INFO - Started process (PID=19769) to work on /Users/admin/airflow/dags/homework2_part2.py
[2025-05-04T23:21:07.758+0300] {processor.py:830} INFO - Processing file /Users/admin/airflow/dags/homework2_part2.py for tasks to queue
[2025-05-04T23:21:07.759+0300] {logging_mixin.py:188} INFO - [2025-05-04T23:21:07.759+0300] {dagbag.py:540} INFO - Filling up the DagBag from /Users/admin/airflow/dags/homework2_part2.py
[2025-05-04T23:21:08.148+0300] {logging_mixin.py:188} INFO - [2025-05-04T23:21:08.148+0300] {utils.py:160} INFO - NumExpr defaulting to 8 threads.
[2025-05-04T23:21:08.431+0300] {processor.py:840} INFO - DAG(s) 'monthly_report_part2_BushuevaTatiana' retrieved from /Users/admin/airflow/dags/homework2_part2.py
[2025-05-04T23:21:08.493+0300] {logging_mixin.py:188} INFO - [2025-05-04T23:21:08.492+0300] {dag.py:3047} INFO - Sync 1 DAGs
[2025-05-04T23:21:08.502+0300] {logging_mixin.py:188} INFO - [2025-05-04T23:21:08.502+0300] {dag.py:3834} INFO - Setting next_dagrun for monthly_report_part2_BushuevaTatiana to 2024-01-05 00:00:00+00:00, run_after=2024-02-05 00:00:00+00:00
[2025-05-04T23:21:08.512+0300] {processor.py:183} INFO - Processing /Users/admin/airflow/dags/homework2_part2.py took 0.755 seconds
[2025-05-04T23:22:38.213+0300] {processor.py:161} INFO - Started process (PID=20197) to work on /Users/admin/airflow/dags/homework2_part2.py
[2025-05-04T23:22:38.214+0300] {processor.py:830} INFO - Processing file /Users/admin/airflow/dags/homework2_part2.py for tasks to queue
[2025-05-04T23:22:38.215+0300] {logging_mixin.py:188} INFO - [2025-05-04T23:22:38.215+0300] {dagbag.py:540} INFO - Filling up the DagBag from /Users/admin/airflow/dags/homework2_part2.py
[2025-05-04T23:22:38.446+0300] {logging_mixin.py:188} INFO - [2025-05-04T23:22:38.446+0300] {utils.py:160} INFO - NumExpr defaulting to 8 threads.
[2025-05-04T23:22:38.723+0300] {processor.py:840} INFO - DAG(s) 'monthly_report_part2_BushuevaTatiana' retrieved from /Users/admin/airflow/dags/homework2_part2.py
[2025-05-04T23:22:38.786+0300] {logging_mixin.py:188} INFO - [2025-05-04T23:22:38.786+0300] {dag.py:3047} INFO - Sync 1 DAGs
[2025-05-04T23:22:38.796+0300] {logging_mixin.py:188} INFO - [2025-05-04T23:22:38.796+0300] {dag.py:3834} INFO - Setting next_dagrun for monthly_report_part2_BushuevaTatiana to 2024-01-05 00:00:00+00:00, run_after=2024-02-05 00:00:00+00:00
[2025-05-04T23:22:38.806+0300] {processor.py:183} INFO - Processing /Users/admin/airflow/dags/homework2_part2.py took 0.594 seconds
[2025-05-04T23:24:03.700+0300] {processor.py:161} INFO - Started process (PID=20599) to work on /Users/admin/airflow/dags/homework2_part2.py
[2025-05-04T23:24:03.702+0300] {processor.py:830} INFO - Processing file /Users/admin/airflow/dags/homework2_part2.py for tasks to queue
[2025-05-04T23:24:03.702+0300] {logging_mixin.py:188} INFO - [2025-05-04T23:24:03.702+0300] {dagbag.py:540} INFO - Filling up the DagBag from /Users/admin/airflow/dags/homework2_part2.py
[2025-05-04T23:24:03.886+0300] {logging_mixin.py:188} INFO - [2025-05-04T23:24:03.886+0300] {utils.py:160} INFO - NumExpr defaulting to 8 threads.
[2025-05-04T23:24:04.252+0300] {processor.py:840} INFO - DAG(s) 'monthly_report_part2_BushuevaTatiana' retrieved from /Users/admin/airflow/dags/homework2_part2.py
[2025-05-04T23:24:04.316+0300] {logging_mixin.py:188} INFO - [2025-05-04T23:24:04.316+0300] {dag.py:3047} INFO - Sync 1 DAGs
[2025-05-04T23:24:04.326+0300] {logging_mixin.py:188} INFO - [2025-05-04T23:24:04.325+0300] {dag.py:3834} INFO - Setting next_dagrun for monthly_report_part2_BushuevaTatiana to 2024-01-05 00:00:00+00:00, run_after=2024-02-05 00:00:00+00:00
[2025-05-04T23:24:04.335+0300] {processor.py:183} INFO - Processing /Users/admin/airflow/dags/homework2_part2.py took 0.636 seconds
[2025-05-04T23:25:30.365+0300] {processor.py:161} INFO - Started process (PID=21002) to work on /Users/admin/airflow/dags/homework2_part2.py
[2025-05-04T23:25:30.366+0300] {processor.py:830} INFO - Processing file /Users/admin/airflow/dags/homework2_part2.py for tasks to queue
[2025-05-04T23:25:30.366+0300] {logging_mixin.py:188} INFO - [2025-05-04T23:25:30.366+0300] {dagbag.py:540} INFO - Filling up the DagBag from /Users/admin/airflow/dags/homework2_part2.py
[2025-05-04T23:25:30.578+0300] {logging_mixin.py:188} INFO - [2025-05-04T23:25:30.578+0300] {utils.py:160} INFO - NumExpr defaulting to 8 threads.
[2025-05-04T23:25:30.833+0300] {processor.py:840} INFO - DAG(s) 'monthly_report_part2_BushuevaTatiana' retrieved from /Users/admin/airflow/dags/homework2_part2.py
[2025-05-04T23:25:30.895+0300] {logging_mixin.py:188} INFO - [2025-05-04T23:25:30.894+0300] {dag.py:3047} INFO - Sync 1 DAGs
[2025-05-04T23:25:30.904+0300] {logging_mixin.py:188} INFO - [2025-05-04T23:25:30.904+0300] {dag.py:3834} INFO - Setting next_dagrun for monthly_report_part2_BushuevaTatiana to 2024-01-05 00:00:00+00:00, run_after=2024-02-05 00:00:00+00:00
[2025-05-04T23:25:30.914+0300] {processor.py:183} INFO - Processing /Users/admin/airflow/dags/homework2_part2.py took 0.550 seconds
[2025-05-04T23:26:57.432+0300] {processor.py:161} INFO - Started process (PID=21427) to work on /Users/admin/airflow/dags/homework2_part2.py
[2025-05-04T23:26:57.433+0300] {processor.py:830} INFO - Processing file /Users/admin/airflow/dags/homework2_part2.py for tasks to queue
[2025-05-04T23:26:57.433+0300] {logging_mixin.py:188} INFO - [2025-05-04T23:26:57.433+0300] {dagbag.py:540} INFO - Filling up the DagBag from /Users/admin/airflow/dags/homework2_part2.py
[2025-05-04T23:26:57.638+0300] {logging_mixin.py:188} INFO - [2025-05-04T23:26:57.638+0300] {utils.py:160} INFO - NumExpr defaulting to 8 threads.
[2025-05-04T23:26:57.882+0300] {processor.py:840} INFO - DAG(s) 'monthly_report_part2_BushuevaTatiana' retrieved from /Users/admin/airflow/dags/homework2_part2.py
[2025-05-04T23:26:57.947+0300] {logging_mixin.py:188} INFO - [2025-05-04T23:26:57.947+0300] {dag.py:3047} INFO - Sync 1 DAGs
[2025-05-04T23:26:57.956+0300] {logging_mixin.py:188} INFO - [2025-05-04T23:26:57.956+0300] {dag.py:3834} INFO - Setting next_dagrun for monthly_report_part2_BushuevaTatiana to 2024-01-05 00:00:00+00:00, run_after=2024-02-05 00:00:00+00:00
[2025-05-04T23:26:57.994+0300] {processor.py:183} INFO - Processing /Users/admin/airflow/dags/homework2_part2.py took 0.563 seconds
[2025-05-04T23:28:23.411+0300] {processor.py:161} INFO - Started process (PID=21823) to work on /Users/admin/airflow/dags/homework2_part2.py
[2025-05-04T23:28:23.412+0300] {processor.py:830} INFO - Processing file /Users/admin/airflow/dags/homework2_part2.py for tasks to queue
[2025-05-04T23:28:23.412+0300] {logging_mixin.py:188} INFO - [2025-05-04T23:28:23.412+0300] {dagbag.py:540} INFO - Filling up the DagBag from /Users/admin/airflow/dags/homework2_part2.py
[2025-05-04T23:28:23.616+0300] {logging_mixin.py:188} INFO - [2025-05-04T23:28:23.616+0300] {utils.py:160} INFO - NumExpr defaulting to 8 threads.
[2025-05-04T23:28:23.864+0300] {processor.py:840} INFO - DAG(s) 'monthly_report_part2_BushuevaTatiana' retrieved from /Users/admin/airflow/dags/homework2_part2.py
[2025-05-04T23:28:23.926+0300] {logging_mixin.py:188} INFO - [2025-05-04T23:28:23.926+0300] {dag.py:3047} INFO - Sync 1 DAGs
[2025-05-04T23:28:23.935+0300] {logging_mixin.py:188} INFO - [2025-05-04T23:28:23.935+0300] {dag.py:3834} INFO - Setting next_dagrun for monthly_report_part2_BushuevaTatiana to 2024-01-05 00:00:00+00:00, run_after=2024-02-05 00:00:00+00:00
[2025-05-04T23:28:23.945+0300] {processor.py:183} INFO - Processing /Users/admin/airflow/dags/homework2_part2.py took 0.535 seconds
[2025-05-04T23:29:54.412+0300] {processor.py:161} INFO - Started process (PID=22274) to work on /Users/admin/airflow/dags/homework2_part2.py
[2025-05-04T23:29:54.413+0300] {processor.py:830} INFO - Processing file /Users/admin/airflow/dags/homework2_part2.py for tasks to queue
[2025-05-04T23:29:54.413+0300] {logging_mixin.py:188} INFO - [2025-05-04T23:29:54.413+0300] {dagbag.py:540} INFO - Filling up the DagBag from /Users/admin/airflow/dags/homework2_part2.py
[2025-05-04T23:29:54.658+0300] {logging_mixin.py:188} INFO - [2025-05-04T23:29:54.658+0300] {utils.py:160} INFO - NumExpr defaulting to 8 threads.
[2025-05-04T23:29:55.015+0300] {processor.py:840} INFO - DAG(s) 'monthly_report_part2_BushuevaTatiana' retrieved from /Users/admin/airflow/dags/homework2_part2.py
[2025-05-04T23:29:55.077+0300] {logging_mixin.py:188} INFO - [2025-05-04T23:29:55.077+0300] {dag.py:3047} INFO - Sync 1 DAGs
[2025-05-04T23:29:55.086+0300] {logging_mixin.py:188} INFO - [2025-05-04T23:29:55.086+0300] {dag.py:3834} INFO - Setting next_dagrun for monthly_report_part2_BushuevaTatiana to 2024-01-05 00:00:00+00:00, run_after=2024-02-05 00:00:00+00:00
[2025-05-04T23:29:55.097+0300] {processor.py:183} INFO - Processing /Users/admin/airflow/dags/homework2_part2.py took 0.686 seconds
[2025-05-04T23:31:24.171+0300] {processor.py:161} INFO - Started process (PID=22688) to work on /Users/admin/airflow/dags/homework2_part2.py
[2025-05-04T23:31:24.173+0300] {processor.py:830} INFO - Processing file /Users/admin/airflow/dags/homework2_part2.py for tasks to queue
[2025-05-04T23:31:24.173+0300] {logging_mixin.py:188} INFO - [2025-05-04T23:31:24.173+0300] {dagbag.py:540} INFO - Filling up the DagBag from /Users/admin/airflow/dags/homework2_part2.py
[2025-05-04T23:31:24.442+0300] {logging_mixin.py:188} INFO - [2025-05-04T23:31:24.442+0300] {utils.py:160} INFO - NumExpr defaulting to 8 threads.
[2025-05-04T23:31:24.720+0300] {processor.py:840} INFO - DAG(s) 'monthly_report_part2_BushuevaTatiana' retrieved from /Users/admin/airflow/dags/homework2_part2.py
[2025-05-04T23:31:24.790+0300] {logging_mixin.py:188} INFO - [2025-05-04T23:31:24.790+0300] {dag.py:3047} INFO - Sync 1 DAGs
[2025-05-04T23:31:24.801+0300] {logging_mixin.py:188} INFO - [2025-05-04T23:31:24.801+0300] {dag.py:3834} INFO - Setting next_dagrun for monthly_report_part2_BushuevaTatiana to 2024-01-05 00:00:00+00:00, run_after=2024-02-05 00:00:00+00:00
[2025-05-04T23:31:24.812+0300] {processor.py:183} INFO - Processing /Users/admin/airflow/dags/homework2_part2.py took 0.641 seconds
[2025-05-04T23:32:53.757+0300] {processor.py:161} INFO - Started process (PID=23106) to work on /Users/admin/airflow/dags/homework2_part2.py
[2025-05-04T23:32:53.758+0300] {processor.py:830} INFO - Processing file /Users/admin/airflow/dags/homework2_part2.py for tasks to queue
[2025-05-04T23:32:53.759+0300] {logging_mixin.py:188} INFO - [2025-05-04T23:32:53.759+0300] {dagbag.py:540} INFO - Filling up the DagBag from /Users/admin/airflow/dags/homework2_part2.py
[2025-05-04T23:32:53.976+0300] {logging_mixin.py:188} INFO - [2025-05-04T23:32:53.975+0300] {utils.py:160} INFO - NumExpr defaulting to 8 threads.
[2025-05-04T23:32:54.236+0300] {processor.py:840} INFO - DAG(s) 'monthly_report_part2_BushuevaTatiana' retrieved from /Users/admin/airflow/dags/homework2_part2.py
[2025-05-04T23:32:54.300+0300] {logging_mixin.py:188} INFO - [2025-05-04T23:32:54.299+0300] {dag.py:3047} INFO - Sync 1 DAGs
[2025-05-04T23:32:54.309+0300] {logging_mixin.py:188} INFO - [2025-05-04T23:32:54.309+0300] {dag.py:3834} INFO - Setting next_dagrun for monthly_report_part2_BushuevaTatiana to 2024-01-05 00:00:00+00:00, run_after=2024-02-05 00:00:00+00:00
[2025-05-04T23:32:54.320+0300] {processor.py:183} INFO - Processing /Users/admin/airflow/dags/homework2_part2.py took 0.564 seconds
[2025-05-04T23:34:20.920+0300] {processor.py:161} INFO - Started process (PID=23511) to work on /Users/admin/airflow/dags/homework2_part2.py
[2025-05-04T23:34:20.922+0300] {processor.py:830} INFO - Processing file /Users/admin/airflow/dags/homework2_part2.py for tasks to queue
[2025-05-04T23:34:20.922+0300] {logging_mixin.py:188} INFO - [2025-05-04T23:34:20.922+0300] {dagbag.py:540} INFO - Filling up the DagBag from /Users/admin/airflow/dags/homework2_part2.py
[2025-05-04T23:34:21.214+0300] {logging_mixin.py:188} INFO - [2025-05-04T23:34:21.214+0300] {utils.py:160} INFO - NumExpr defaulting to 8 threads.
[2025-05-04T23:34:21.481+0300] {processor.py:840} INFO - DAG(s) 'monthly_report_part2_BushuevaTatiana' retrieved from /Users/admin/airflow/dags/homework2_part2.py
[2025-05-04T23:34:21.564+0300] {logging_mixin.py:188} INFO - [2025-05-04T23:34:21.564+0300] {dag.py:3047} INFO - Sync 1 DAGs
[2025-05-04T23:34:21.576+0300] {logging_mixin.py:188} INFO - [2025-05-04T23:34:21.576+0300] {dag.py:3834} INFO - Setting next_dagrun for monthly_report_part2_BushuevaTatiana to 2024-01-05 00:00:00+00:00, run_after=2024-02-05 00:00:00+00:00
[2025-05-04T23:34:21.589+0300] {processor.py:183} INFO - Processing /Users/admin/airflow/dags/homework2_part2.py took 0.669 seconds
[2025-05-04T23:35:56.483+0300] {processor.py:161} INFO - Started process (PID=23974) to work on /Users/admin/airflow/dags/homework2_part2.py
[2025-05-04T23:35:56.484+0300] {processor.py:830} INFO - Processing file /Users/admin/airflow/dags/homework2_part2.py for tasks to queue
[2025-05-04T23:35:56.485+0300] {logging_mixin.py:188} INFO - [2025-05-04T23:35:56.485+0300] {dagbag.py:540} INFO - Filling up the DagBag from /Users/admin/airflow/dags/homework2_part2.py
[2025-05-04T23:35:56.725+0300] {logging_mixin.py:188} INFO - [2025-05-04T23:35:56.724+0300] {utils.py:160} INFO - NumExpr defaulting to 8 threads.
[2025-05-04T23:35:56.962+0300] {processor.py:840} INFO - DAG(s) 'monthly_report_part2_BushuevaTatiana' retrieved from /Users/admin/airflow/dags/homework2_part2.py
[2025-05-04T23:35:57.026+0300] {logging_mixin.py:188} INFO - [2025-05-04T23:35:57.026+0300] {dag.py:3047} INFO - Sync 1 DAGs
[2025-05-04T23:35:57.036+0300] {logging_mixin.py:188} INFO - [2025-05-04T23:35:57.036+0300] {dag.py:3834} INFO - Setting next_dagrun for monthly_report_part2_BushuevaTatiana to 2024-01-05 00:00:00+00:00, run_after=2024-02-05 00:00:00+00:00
[2025-05-04T23:35:57.046+0300] {processor.py:183} INFO - Processing /Users/admin/airflow/dags/homework2_part2.py took 0.564 seconds
[2025-05-04T23:37:26.319+0300] {processor.py:161} INFO - Started process (PID=24415) to work on /Users/admin/airflow/dags/homework2_part2.py
[2025-05-04T23:37:26.320+0300] {processor.py:830} INFO - Processing file /Users/admin/airflow/dags/homework2_part2.py for tasks to queue
[2025-05-04T23:37:26.321+0300] {logging_mixin.py:188} INFO - [2025-05-04T23:37:26.321+0300] {dagbag.py:540} INFO - Filling up the DagBag from /Users/admin/airflow/dags/homework2_part2.py
[2025-05-04T23:37:26.581+0300] {logging_mixin.py:188} INFO - [2025-05-04T23:37:26.581+0300] {utils.py:160} INFO - NumExpr defaulting to 8 threads.
[2025-05-04T23:37:26.839+0300] {processor.py:840} INFO - DAG(s) 'monthly_report_part2_BushuevaTatiana' retrieved from /Users/admin/airflow/dags/homework2_part2.py
[2025-05-04T23:37:26.901+0300] {logging_mixin.py:188} INFO - [2025-05-04T23:37:26.900+0300] {dag.py:3047} INFO - Sync 1 DAGs
[2025-05-04T23:37:26.910+0300] {logging_mixin.py:188} INFO - [2025-05-04T23:37:26.910+0300] {dag.py:3834} INFO - Setting next_dagrun for monthly_report_part2_BushuevaTatiana to 2024-01-05 00:00:00+00:00, run_after=2024-02-05 00:00:00+00:00
[2025-05-04T23:37:26.920+0300] {processor.py:183} INFO - Processing /Users/admin/airflow/dags/homework2_part2.py took 0.601 seconds
[2025-05-04T23:38:56.081+0300] {processor.py:161} INFO - Started process (PID=24835) to work on /Users/admin/airflow/dags/homework2_part2.py
[2025-05-04T23:38:56.082+0300] {processor.py:830} INFO - Processing file /Users/admin/airflow/dags/homework2_part2.py for tasks to queue
[2025-05-04T23:38:56.083+0300] {logging_mixin.py:188} INFO - [2025-05-04T23:38:56.082+0300] {dagbag.py:540} INFO - Filling up the DagBag from /Users/admin/airflow/dags/homework2_part2.py
[2025-05-04T23:38:56.276+0300] {logging_mixin.py:188} INFO - [2025-05-04T23:38:56.276+0300] {utils.py:160} INFO - NumExpr defaulting to 8 threads.
[2025-05-04T23:38:56.517+0300] {processor.py:840} INFO - DAG(s) 'monthly_report_part2_BushuevaTatiana' retrieved from /Users/admin/airflow/dags/homework2_part2.py
[2025-05-04T23:38:56.579+0300] {logging_mixin.py:188} INFO - [2025-05-04T23:38:56.579+0300] {dag.py:3047} INFO - Sync 1 DAGs
[2025-05-04T23:38:56.589+0300] {logging_mixin.py:188} INFO - [2025-05-04T23:38:56.589+0300] {dag.py:3834} INFO - Setting next_dagrun for monthly_report_part2_BushuevaTatiana to 2024-01-05 00:00:00+00:00, run_after=2024-02-05 00:00:00+00:00
[2025-05-04T23:38:56.599+0300] {processor.py:183} INFO - Processing /Users/admin/airflow/dags/homework2_part2.py took 0.519 seconds
[2025-05-04T23:40:33.400+0300] {processor.py:161} INFO - Started process (PID=25297) to work on /Users/admin/airflow/dags/homework2_part2.py
[2025-05-04T23:40:33.402+0300] {processor.py:830} INFO - Processing file /Users/admin/airflow/dags/homework2_part2.py for tasks to queue
[2025-05-04T23:40:33.403+0300] {logging_mixin.py:188} INFO - [2025-05-04T23:40:33.403+0300] {dagbag.py:540} INFO - Filling up the DagBag from /Users/admin/airflow/dags/homework2_part2.py
[2025-05-04T23:40:33.745+0300] {logging_mixin.py:188} INFO - [2025-05-04T23:40:33.745+0300] {utils.py:160} INFO - NumExpr defaulting to 8 threads.
[2025-05-04T23:40:34.083+0300] {processor.py:840} INFO - DAG(s) 'monthly_report_part2_BushuevaTatiana' retrieved from /Users/admin/airflow/dags/homework2_part2.py
[2025-05-04T23:40:34.198+0300] {logging_mixin.py:188} INFO - [2025-05-04T23:40:34.197+0300] {dag.py:3047} INFO - Sync 1 DAGs
[2025-05-04T23:40:34.216+0300] {logging_mixin.py:188} INFO - [2025-05-04T23:40:34.216+0300] {dag.py:3834} INFO - Setting next_dagrun for monthly_report_part2_BushuevaTatiana to 2024-01-05 00:00:00+00:00, run_after=2024-02-05 00:00:00+00:00
[2025-05-04T23:40:34.236+0300] {processor.py:183} INFO - Processing /Users/admin/airflow/dags/homework2_part2.py took 0.836 seconds
[2025-05-04T23:42:17.413+0300] {processor.py:161} INFO - Started process (PID=25772) to work on /Users/admin/airflow/dags/homework2_part2.py
[2025-05-04T23:42:17.415+0300] {processor.py:830} INFO - Processing file /Users/admin/airflow/dags/homework2_part2.py for tasks to queue
[2025-05-04T23:42:17.415+0300] {logging_mixin.py:188} INFO - [2025-05-04T23:42:17.415+0300] {dagbag.py:540} INFO - Filling up the DagBag from /Users/admin/airflow/dags/homework2_part2.py
[2025-05-04T23:42:17.730+0300] {logging_mixin.py:188} INFO - [2025-05-04T23:42:17.729+0300] {utils.py:160} INFO - NumExpr defaulting to 8 threads.
[2025-05-04T23:42:18.144+0300] {processor.py:840} INFO - DAG(s) 'monthly_report_part2_BushuevaTatiana' retrieved from /Users/admin/airflow/dags/homework2_part2.py
[2025-05-04T23:42:18.262+0300] {logging_mixin.py:188} INFO - [2025-05-04T23:42:18.261+0300] {dag.py:3047} INFO - Sync 1 DAGs
[2025-05-04T23:42:18.276+0300] {logging_mixin.py:188} INFO - [2025-05-04T23:42:18.276+0300] {dag.py:3834} INFO - Setting next_dagrun for monthly_report_part2_BushuevaTatiana to 2024-01-05 00:00:00+00:00, run_after=2024-02-05 00:00:00+00:00
[2025-05-04T23:42:18.289+0300] {processor.py:183} INFO - Processing /Users/admin/airflow/dags/homework2_part2.py took 0.877 seconds
[2025-05-04T23:44:05.749+0300] {processor.py:161} INFO - Started process (PID=26272) to work on /Users/admin/airflow/dags/homework2_part2.py
[2025-05-04T23:44:05.750+0300] {processor.py:830} INFO - Processing file /Users/admin/airflow/dags/homework2_part2.py for tasks to queue
[2025-05-04T23:44:05.751+0300] {logging_mixin.py:188} INFO - [2025-05-04T23:44:05.750+0300] {dagbag.py:540} INFO - Filling up the DagBag from /Users/admin/airflow/dags/homework2_part2.py
[2025-05-04T23:44:05.945+0300] {logging_mixin.py:188} INFO - [2025-05-04T23:44:05.944+0300] {utils.py:160} INFO - NumExpr defaulting to 8 threads.
[2025-05-04T23:44:06.194+0300] {processor.py:840} INFO - DAG(s) 'monthly_report_part2_BushuevaTatiana' retrieved from /Users/admin/airflow/dags/homework2_part2.py
[2025-05-04T23:44:06.259+0300] {logging_mixin.py:188} INFO - [2025-05-04T23:44:06.259+0300] {dag.py:3047} INFO - Sync 1 DAGs
[2025-05-04T23:44:06.269+0300] {logging_mixin.py:188} INFO - [2025-05-04T23:44:06.269+0300] {dag.py:3834} INFO - Setting next_dagrun for monthly_report_part2_BushuevaTatiana to 2024-01-05 00:00:00+00:00, run_after=2024-02-05 00:00:00+00:00
[2025-05-04T23:44:06.278+0300] {processor.py:183} INFO - Processing /Users/admin/airflow/dags/homework2_part2.py took 0.530 seconds
[2025-05-04T23:45:39.625+0300] {processor.py:161} INFO - Started process (PID=26710) to work on /Users/admin/airflow/dags/homework2_part2.py
[2025-05-04T23:45:39.626+0300] {processor.py:830} INFO - Processing file /Users/admin/airflow/dags/homework2_part2.py for tasks to queue
[2025-05-04T23:45:39.627+0300] {logging_mixin.py:188} INFO - [2025-05-04T23:45:39.627+0300] {dagbag.py:540} INFO - Filling up the DagBag from /Users/admin/airflow/dags/homework2_part2.py
[2025-05-04T23:45:39.892+0300] {logging_mixin.py:188} INFO - [2025-05-04T23:45:39.892+0300] {utils.py:160} INFO - NumExpr defaulting to 8 threads.
[2025-05-04T23:45:40.127+0300] {processor.py:840} INFO - DAG(s) 'monthly_report_part2_BushuevaTatiana' retrieved from /Users/admin/airflow/dags/homework2_part2.py
[2025-05-04T23:45:40.189+0300] {logging_mixin.py:188} INFO - [2025-05-04T23:45:40.188+0300] {dag.py:3047} INFO - Sync 1 DAGs
[2025-05-04T23:45:40.198+0300] {logging_mixin.py:188} INFO - [2025-05-04T23:45:40.198+0300] {dag.py:3834} INFO - Setting next_dagrun for monthly_report_part2_BushuevaTatiana to 2024-01-05 00:00:00+00:00, run_after=2024-02-05 00:00:00+00:00
[2025-05-04T23:45:40.208+0300] {processor.py:183} INFO - Processing /Users/admin/airflow/dags/homework2_part2.py took 0.583 seconds
[2025-05-04T23:47:10.060+0300] {processor.py:161} INFO - Started process (PID=27133) to work on /Users/admin/airflow/dags/homework2_part2.py
[2025-05-04T23:47:10.061+0300] {processor.py:830} INFO - Processing file /Users/admin/airflow/dags/homework2_part2.py for tasks to queue
[2025-05-04T23:47:10.062+0300] {logging_mixin.py:188} INFO - [2025-05-04T23:47:10.062+0300] {dagbag.py:540} INFO - Filling up the DagBag from /Users/admin/airflow/dags/homework2_part2.py
[2025-05-04T23:47:10.265+0300] {logging_mixin.py:188} INFO - [2025-05-04T23:47:10.265+0300] {utils.py:160} INFO - NumExpr defaulting to 8 threads.
[2025-05-04T23:47:10.524+0300] {processor.py:840} INFO - DAG(s) 'monthly_report_part2_BushuevaTatiana' retrieved from /Users/admin/airflow/dags/homework2_part2.py
[2025-05-04T23:47:10.586+0300] {logging_mixin.py:188} INFO - [2025-05-04T23:47:10.586+0300] {dag.py:3047} INFO - Sync 1 DAGs
[2025-05-04T23:47:10.595+0300] {logging_mixin.py:188} INFO - [2025-05-04T23:47:10.595+0300] {dag.py:3834} INFO - Setting next_dagrun for monthly_report_part2_BushuevaTatiana to 2024-01-05 00:00:00+00:00, run_after=2024-02-05 00:00:00+00:00
[2025-05-04T23:47:10.605+0300] {processor.py:183} INFO - Processing /Users/admin/airflow/dags/homework2_part2.py took 0.545 seconds
[2025-05-04T23:48:39.996+0300] {processor.py:161} INFO - Started process (PID=27554) to work on /Users/admin/airflow/dags/homework2_part2.py
[2025-05-04T23:48:39.997+0300] {processor.py:830} INFO - Processing file /Users/admin/airflow/dags/homework2_part2.py for tasks to queue
[2025-05-04T23:48:39.997+0300] {logging_mixin.py:188} INFO - [2025-05-04T23:48:39.997+0300] {dagbag.py:540} INFO - Filling up the DagBag from /Users/admin/airflow/dags/homework2_part2.py
[2025-05-04T23:48:40.276+0300] {logging_mixin.py:188} INFO - [2025-05-04T23:48:40.276+0300] {utils.py:160} INFO - NumExpr defaulting to 8 threads.
[2025-05-04T23:48:40.507+0300] {processor.py:840} INFO - DAG(s) 'monthly_report_part2_BushuevaTatiana' retrieved from /Users/admin/airflow/dags/homework2_part2.py
[2025-05-04T23:48:40.569+0300] {logging_mixin.py:188} INFO - [2025-05-04T23:48:40.568+0300] {dag.py:3047} INFO - Sync 1 DAGs
[2025-05-04T23:48:40.578+0300] {logging_mixin.py:188} INFO - [2025-05-04T23:48:40.578+0300] {dag.py:3834} INFO - Setting next_dagrun for monthly_report_part2_BushuevaTatiana to 2024-01-05 00:00:00+00:00, run_after=2024-02-05 00:00:00+00:00
[2025-05-04T23:48:40.588+0300] {processor.py:183} INFO - Processing /Users/admin/airflow/dags/homework2_part2.py took 0.592 seconds
[2025-05-04T23:50:08.882+0300] {processor.py:161} INFO - Started process (PID=27973) to work on /Users/admin/airflow/dags/homework2_part2.py
[2025-05-04T23:50:08.883+0300] {processor.py:830} INFO - Processing file /Users/admin/airflow/dags/homework2_part2.py for tasks to queue
[2025-05-04T23:50:08.883+0300] {logging_mixin.py:188} INFO - [2025-05-04T23:50:08.883+0300] {dagbag.py:540} INFO - Filling up the DagBag from /Users/admin/airflow/dags/homework2_part2.py
[2025-05-04T23:50:09.096+0300] {logging_mixin.py:188} INFO - [2025-05-04T23:50:09.096+0300] {utils.py:160} INFO - NumExpr defaulting to 8 threads.
[2025-05-04T23:50:09.349+0300] {processor.py:840} INFO - DAG(s) 'monthly_report_part2_BushuevaTatiana' retrieved from /Users/admin/airflow/dags/homework2_part2.py
[2025-05-04T23:50:09.412+0300] {logging_mixin.py:188} INFO - [2025-05-04T23:50:09.411+0300] {dag.py:3047} INFO - Sync 1 DAGs
[2025-05-04T23:50:09.421+0300] {logging_mixin.py:188} INFO - [2025-05-04T23:50:09.421+0300] {dag.py:3834} INFO - Setting next_dagrun for monthly_report_part2_BushuevaTatiana to 2024-01-05 00:00:00+00:00, run_after=2024-02-05 00:00:00+00:00
[2025-05-04T23:50:09.431+0300] {processor.py:183} INFO - Processing /Users/admin/airflow/dags/homework2_part2.py took 0.550 seconds
[2025-05-04T23:51:54.292+0300] {processor.py:161} INFO - Started process (PID=28457) to work on /Users/admin/airflow/dags/homework2_part2.py
[2025-05-04T23:51:54.294+0300] {processor.py:830} INFO - Processing file /Users/admin/airflow/dags/homework2_part2.py for tasks to queue
[2025-05-04T23:51:54.294+0300] {logging_mixin.py:188} INFO - [2025-05-04T23:51:54.294+0300] {dagbag.py:540} INFO - Filling up the DagBag from /Users/admin/airflow/dags/homework2_part2.py
[2025-05-04T23:51:54.502+0300] {logging_mixin.py:188} INFO - [2025-05-04T23:51:54.501+0300] {utils.py:160} INFO - NumExpr defaulting to 8 threads.
[2025-05-04T23:51:54.755+0300] {processor.py:840} INFO - DAG(s) 'monthly_report_part2_BushuevaTatiana' retrieved from /Users/admin/airflow/dags/homework2_part2.py
[2025-05-04T23:51:54.824+0300] {logging_mixin.py:188} INFO - [2025-05-04T23:51:54.824+0300] {dag.py:3047} INFO - Sync 1 DAGs
[2025-05-04T23:51:54.835+0300] {logging_mixin.py:188} INFO - [2025-05-04T23:51:54.834+0300] {dag.py:3834} INFO - Setting next_dagrun for monthly_report_part2_BushuevaTatiana to 2024-01-05 00:00:00+00:00, run_after=2024-02-05 00:00:00+00:00
[2025-05-04T23:51:54.845+0300] {processor.py:183} INFO - Processing /Users/admin/airflow/dags/homework2_part2.py took 0.553 seconds
[2025-05-04T23:53:26.015+0300] {processor.py:161} INFO - Started process (PID=28885) to work on /Users/admin/airflow/dags/homework2_part2.py
[2025-05-04T23:53:26.016+0300] {processor.py:830} INFO - Processing file /Users/admin/airflow/dags/homework2_part2.py for tasks to queue
[2025-05-04T23:53:26.016+0300] {logging_mixin.py:188} INFO - [2025-05-04T23:53:26.016+0300] {dagbag.py:540} INFO - Filling up the DagBag from /Users/admin/airflow/dags/homework2_part2.py
[2025-05-04T23:53:26.234+0300] {logging_mixin.py:188} INFO - [2025-05-04T23:53:26.234+0300] {utils.py:160} INFO - NumExpr defaulting to 8 threads.
[2025-05-04T23:53:26.472+0300] {processor.py:840} INFO - DAG(s) 'monthly_report_part2_BushuevaTatiana' retrieved from /Users/admin/airflow/dags/homework2_part2.py
[2025-05-04T23:53:26.539+0300] {logging_mixin.py:188} INFO - [2025-05-04T23:53:26.539+0300] {dag.py:3047} INFO - Sync 1 DAGs
[2025-05-04T23:53:26.548+0300] {logging_mixin.py:188} INFO - [2025-05-04T23:53:26.548+0300] {dag.py:3834} INFO - Setting next_dagrun for monthly_report_part2_BushuevaTatiana to 2024-01-05 00:00:00+00:00, run_after=2024-02-05 00:00:00+00:00
[2025-05-04T23:53:26.559+0300] {processor.py:183} INFO - Processing /Users/admin/airflow/dags/homework2_part2.py took 0.545 seconds
[2025-05-05T01:59:23.964+0300] {processor.py:161} INFO - Started process (PID=29393) to work on /Users/admin/airflow/dags/homework2_part2.py
[2025-05-05T01:59:23.965+0300] {processor.py:830} INFO - Processing file /Users/admin/airflow/dags/homework2_part2.py for tasks to queue
[2025-05-05T01:59:23.965+0300] {logging_mixin.py:188} INFO - [2025-05-05T01:59:23.965+0300] {dagbag.py:540} INFO - Filling up the DagBag from /Users/admin/airflow/dags/homework2_part2.py
[2025-05-05T01:59:24.145+0300] {logging_mixin.py:188} INFO - [2025-05-05T01:59:24.145+0300] {utils.py:160} INFO - NumExpr defaulting to 8 threads.
[2025-05-05T01:59:24.387+0300] {processor.py:840} INFO - DAG(s) 'monthly_report_part2_BushuevaTatiana' retrieved from /Users/admin/airflow/dags/homework2_part2.py
[2025-05-05T01:59:24.454+0300] {logging_mixin.py:188} INFO - [2025-05-05T01:59:24.454+0300] {dag.py:3047} INFO - Sync 1 DAGs
[2025-05-05T01:59:24.464+0300] {logging_mixin.py:188} INFO - [2025-05-05T01:59:24.464+0300] {dag.py:3834} INFO - Setting next_dagrun for monthly_report_part2_BushuevaTatiana to 2024-01-05 00:00:00+00:00, run_after=2024-02-05 00:00:00+00:00
[2025-05-05T01:59:24.473+0300] {processor.py:183} INFO - Processing /Users/admin/airflow/dags/homework2_part2.py took 0.510 seconds
