[2024-05-01T14:59:06.451+0000] {processor.py:161} INFO - Started process (PID=2048) to work on /opt/airflow/dags/.ipynb_checkpoints/homework2_part2-checkpoint.py
[2024-05-01T14:59:06.452+0000] {processor.py:830} INFO - Processing file /opt/airflow/dags/.ipynb_checkpoints/homework2_part2-checkpoint.py for tasks to queue
[2024-05-01T14:59:06.453+0000] {logging_mixin.py:188} INFO - [2024-05-01T14:59:06.453+0000] {dagbag.py:540} INFO - Filling up the DagBag from /opt/airflow/dags/.ipynb_checkpoints/homework2_part2-checkpoint.py
[2024-05-01T14:59:06.668+0000] {processor.py:840} INFO - DAG(s) 'monthly_report_igor' retrieved from /opt/airflow/dags/.ipynb_checkpoints/homework2_part2-checkpoint.py
[2024-05-01T14:59:06.740+0000] {logging_mixin.py:188} INFO - [2024-05-01T14:59:06.740+0000] {override.py:1737} ERROR - Add View Menu Error: (psycopg2.errors.UniqueViolation) duplicate key value violates unique constraint "serialized_dag_pkey"
DETAIL:  Key (dag_id)=(monthly_report_igor) already exists.

[SQL: INSERT INTO serialized_dag (dag_id, fileloc, fileloc_hash, data, data_compressed, last_updated, dag_hash, processor_subdir) VALUES (%(dag_id)s, %(fileloc)s, %(fileloc_hash)s, %(data)s, %(data_compressed)s, %(last_updated)s, %(dag_hash)s, %(processor_subdir)s)]
[parameters: {'dag_id': 'monthly_report_igor', 'fileloc': '/opt/airflow/dags/.ipynb_checkpoints/homework2_part2-checkpoint.py', 'fileloc_hash': 55382966735272946, 'data': '{"__version": 1, "dag": {"default_args": {"__var": {"owner": "airflow", "start_date": {"__var": 1713830400.0, "__type": "datetime"}, "provide_context ... (8323 characters truncated) ... _task_module": "airflow.operators.python", "_is_empty": false, "op_args": [], "op_kwargs": {"product": "j"}}], "dag_dependencies": [], "params": {}}}', 'data_compressed': None, 'last_updated': datetime.datetime(2024, 5, 1, 14, 59, 6, 677913, tzinfo=Timezone('UTC')), 'dag_hash': 'a003080fdde79d854f045871715f823f', 'processor_subdir': '/opt/airflow/dags'}]
(Background on this error at: https://sqlalche.me/e/14/gkpj)
[2024-05-01T14:59:06.744+0000] {logging_mixin.py:188} INFO - [2024-05-01T14:59:06.744+0000] {override.py:1829} INFO - Created Permission View: can read on None
[2024-05-01T14:59:06.750+0000] {logging_mixin.py:188} INFO - [2024-05-01T14:59:06.750+0000] {override.py:1832} ERROR - Creation of Permission View Error: (psycopg2.errors.UniqueViolation) duplicate key value violates unique constraint "ab_permission_view_permission_id_view_menu_id_uq"
DETAIL:  Key (permission_id, view_menu_id)=(1, 115) already exists.

[SQL: INSERT INTO ab_permission_view (permission_id, view_menu_id) VALUES (%(permission_id)s, %(view_menu_id)s) RETURNING ab_permission_view.id]
[parameters: {'permission_id': 1, 'view_menu_id': 115}]
(Background on this error at: https://sqlalche.me/e/14/gkpj)
[2024-05-01T14:59:06.753+0000] {logging_mixin.py:188} INFO - [2024-05-01T14:59:06.753+0000] {override.py:1832} ERROR - Creation of Permission View Error: (psycopg2.errors.UniqueViolation) duplicate key value violates unique constraint "ab_permission_view_permission_id_view_menu_id_uq"
DETAIL:  Key (permission_id, view_menu_id)=(4, 115) already exists.

[SQL: INSERT INTO ab_permission_view (permission_id, view_menu_id) VALUES (%(permission_id)s, %(view_menu_id)s) RETURNING ab_permission_view.id]
[parameters: {'permission_id': 4, 'view_menu_id': 115}]
(Background on this error at: https://sqlalche.me/e/14/gkpj)
[2024-05-01T14:59:06.754+0000] {logging_mixin.py:188} INFO - [2024-05-01T14:59:06.754+0000] {dag.py:3096} INFO - Sync 1 DAGs
[2024-05-01T14:59:06.761+0000] {logging_mixin.py:188} INFO - [2024-05-01T14:59:06.761+0000] {dag.py:3118} INFO - Creating ORM DAG for monthly_report_igor
[2024-05-01T14:59:06.769+0000] {logging_mixin.py:188} INFO - [2024-05-01T14:59:06.769+0000] {dag.py:3954} INFO - Setting next_dagrun for monthly_report_igor to 2024-01-05 00:00:00+00:00, run_after=2024-02-05 00:00:00+00:00
[2024-05-01T14:59:06.781+0000] {processor.py:183} INFO - Processing /opt/airflow/dags/.ipynb_checkpoints/homework2_part2-checkpoint.py took 0.334 seconds
[2024-05-01T14:59:37.420+0000] {processor.py:161} INFO - Started process (PID=2114) to work on /opt/airflow/dags/.ipynb_checkpoints/homework2_part2-checkpoint.py
[2024-05-01T14:59:37.421+0000] {processor.py:830} INFO - Processing file /opt/airflow/dags/.ipynb_checkpoints/homework2_part2-checkpoint.py for tasks to queue
[2024-05-01T14:59:37.422+0000] {logging_mixin.py:188} INFO - [2024-05-01T14:59:37.422+0000] {dagbag.py:540} INFO - Filling up the DagBag from /opt/airflow/dags/.ipynb_checkpoints/homework2_part2-checkpoint.py
[2024-05-01T14:59:37.637+0000] {processor.py:840} INFO - DAG(s) 'monthly_report_igor' retrieved from /opt/airflow/dags/.ipynb_checkpoints/homework2_part2-checkpoint.py
[2024-05-01T14:59:37.702+0000] {logging_mixin.py:188} INFO - [2024-05-01T14:59:37.701+0000] {dag.py:3096} INFO - Sync 1 DAGs
[2024-05-01T14:59:37.714+0000] {logging_mixin.py:188} INFO - [2024-05-01T14:59:37.714+0000] {dag.py:3954} INFO - Setting next_dagrun for monthly_report_igor to 2024-01-05 00:00:00+00:00, run_after=2024-02-05 00:00:00+00:00
[2024-05-01T14:59:37.725+0000] {processor.py:183} INFO - Processing /opt/airflow/dags/.ipynb_checkpoints/homework2_part2-checkpoint.py took 0.312 seconds
[2024-05-01T15:00:08.217+0000] {processor.py:161} INFO - Started process (PID=2179) to work on /opt/airflow/dags/.ipynb_checkpoints/homework2_part2-checkpoint.py
[2024-05-01T15:00:08.219+0000] {processor.py:830} INFO - Processing file /opt/airflow/dags/.ipynb_checkpoints/homework2_part2-checkpoint.py for tasks to queue
[2024-05-01T15:00:08.220+0000] {logging_mixin.py:188} INFO - [2024-05-01T15:00:08.220+0000] {dagbag.py:540} INFO - Filling up the DagBag from /opt/airflow/dags/.ipynb_checkpoints/homework2_part2-checkpoint.py
[2024-05-01T15:00:08.438+0000] {processor.py:840} INFO - DAG(s) 'monthly_report_igor' retrieved from /opt/airflow/dags/.ipynb_checkpoints/homework2_part2-checkpoint.py
[2024-05-01T15:00:08.452+0000] {logging_mixin.py:188} INFO - [2024-05-01T15:00:08.452+0000] {dag.py:3096} INFO - Sync 1 DAGs
[2024-05-01T15:00:08.466+0000] {logging_mixin.py:188} INFO - [2024-05-01T15:00:08.466+0000] {dag.py:3954} INFO - Setting next_dagrun for monthly_report_igor to 2024-01-05 00:00:00+00:00, run_after=2024-02-05 00:00:00+00:00
[2024-05-01T15:00:08.477+0000] {processor.py:183} INFO - Processing /opt/airflow/dags/.ipynb_checkpoints/homework2_part2-checkpoint.py took 0.267 seconds
[2024-05-01T15:00:38.918+0000] {processor.py:161} INFO - Started process (PID=2243) to work on /opt/airflow/dags/.ipynb_checkpoints/homework2_part2-checkpoint.py
[2024-05-01T15:00:38.919+0000] {processor.py:830} INFO - Processing file /opt/airflow/dags/.ipynb_checkpoints/homework2_part2-checkpoint.py for tasks to queue
[2024-05-01T15:00:38.921+0000] {logging_mixin.py:188} INFO - [2024-05-01T15:00:38.920+0000] {dagbag.py:540} INFO - Filling up the DagBag from /opt/airflow/dags/.ipynb_checkpoints/homework2_part2-checkpoint.py
[2024-05-01T15:00:39.314+0000] {processor.py:840} INFO - DAG(s) 'monthly_report_igor' retrieved from /opt/airflow/dags/.ipynb_checkpoints/homework2_part2-checkpoint.py
[2024-05-01T15:00:39.341+0000] {logging_mixin.py:188} INFO - [2024-05-01T15:00:39.341+0000] {dag.py:3096} INFO - Sync 1 DAGs
[2024-05-01T15:00:39.365+0000] {logging_mixin.py:188} INFO - [2024-05-01T15:00:39.365+0000] {dag.py:3954} INFO - Setting next_dagrun for monthly_report_igor to 2024-01-05 00:00:00+00:00, run_after=2024-02-05 00:00:00+00:00
[2024-05-01T15:00:39.393+0000] {processor.py:183} INFO - Processing /opt/airflow/dags/.ipynb_checkpoints/homework2_part2-checkpoint.py took 0.487 seconds
[2024-05-01T15:01:10.387+0000] {processor.py:161} INFO - Started process (PID=2307) to work on /opt/airflow/dags/.ipynb_checkpoints/homework2_part2-checkpoint.py
[2024-05-01T15:01:10.389+0000] {processor.py:830} INFO - Processing file /opt/airflow/dags/.ipynb_checkpoints/homework2_part2-checkpoint.py for tasks to queue
[2024-05-01T15:01:10.390+0000] {logging_mixin.py:188} INFO - [2024-05-01T15:01:10.390+0000] {dagbag.py:540} INFO - Filling up the DagBag from /opt/airflow/dags/.ipynb_checkpoints/homework2_part2-checkpoint.py
[2024-05-01T15:01:10.643+0000] {processor.py:840} INFO - DAG(s) 'monthly_report_igor' retrieved from /opt/airflow/dags/.ipynb_checkpoints/homework2_part2-checkpoint.py
[2024-05-01T15:01:10.666+0000] {logging_mixin.py:188} INFO - [2024-05-01T15:01:10.666+0000] {dag.py:3096} INFO - Sync 1 DAGs
[2024-05-01T15:01:10.685+0000] {logging_mixin.py:188} INFO - [2024-05-01T15:01:10.684+0000] {dag.py:3954} INFO - Setting next_dagrun for monthly_report_igor to 2024-01-05 00:00:00+00:00, run_after=2024-02-05 00:00:00+00:00
[2024-05-01T15:01:10.697+0000] {processor.py:183} INFO - Processing /opt/airflow/dags/.ipynb_checkpoints/homework2_part2-checkpoint.py took 0.319 seconds
[2024-05-01T15:01:40.751+0000] {processor.py:161} INFO - Started process (PID=2371) to work on /opt/airflow/dags/.ipynb_checkpoints/homework2_part2-checkpoint.py
[2024-05-01T15:01:40.753+0000] {processor.py:830} INFO - Processing file /opt/airflow/dags/.ipynb_checkpoints/homework2_part2-checkpoint.py for tasks to queue
[2024-05-01T15:01:40.755+0000] {logging_mixin.py:188} INFO - [2024-05-01T15:01:40.754+0000] {dagbag.py:540} INFO - Filling up the DagBag from /opt/airflow/dags/.ipynb_checkpoints/homework2_part2-checkpoint.py
[2024-05-01T15:01:40.992+0000] {processor.py:840} INFO - DAG(s) 'monthly_report_igor' retrieved from /opt/airflow/dags/.ipynb_checkpoints/homework2_part2-checkpoint.py
[2024-05-01T15:01:41.006+0000] {logging_mixin.py:188} INFO - [2024-05-01T15:01:41.006+0000] {dag.py:3096} INFO - Sync 1 DAGs
[2024-05-01T15:01:41.019+0000] {logging_mixin.py:188} INFO - [2024-05-01T15:01:41.019+0000] {dag.py:3954} INFO - Setting next_dagrun for monthly_report_igor to 2024-01-05 00:00:00+00:00, run_after=2024-02-05 00:00:00+00:00
[2024-05-01T15:01:41.031+0000] {processor.py:183} INFO - Processing /opt/airflow/dags/.ipynb_checkpoints/homework2_part2-checkpoint.py took 0.289 seconds
[2024-05-01T15:02:11.331+0000] {processor.py:161} INFO - Started process (PID=2437) to work on /opt/airflow/dags/.ipynb_checkpoints/homework2_part2-checkpoint.py
[2024-05-01T15:02:11.333+0000] {processor.py:830} INFO - Processing file /opt/airflow/dags/.ipynb_checkpoints/homework2_part2-checkpoint.py for tasks to queue
[2024-05-01T15:02:11.334+0000] {logging_mixin.py:188} INFO - [2024-05-01T15:02:11.333+0000] {dagbag.py:540} INFO - Filling up the DagBag from /opt/airflow/dags/.ipynb_checkpoints/homework2_part2-checkpoint.py
[2024-05-01T15:02:11.553+0000] {processor.py:840} INFO - DAG(s) 'monthly_report_igor' retrieved from /opt/airflow/dags/.ipynb_checkpoints/homework2_part2-checkpoint.py
[2024-05-01T15:02:11.569+0000] {logging_mixin.py:188} INFO - [2024-05-01T15:02:11.569+0000] {dag.py:3096} INFO - Sync 1 DAGs
[2024-05-01T15:02:11.583+0000] {logging_mixin.py:188} INFO - [2024-05-01T15:02:11.582+0000] {dag.py:3954} INFO - Setting next_dagrun for monthly_report_igor to 2024-01-05 00:00:00+00:00, run_after=2024-02-05 00:00:00+00:00
[2024-05-01T15:02:11.594+0000] {processor.py:183} INFO - Processing /opt/airflow/dags/.ipynb_checkpoints/homework2_part2-checkpoint.py took 0.267 seconds
[2024-05-01T15:02:41.867+0000] {processor.py:161} INFO - Started process (PID=2500) to work on /opt/airflow/dags/.ipynb_checkpoints/homework2_part2-checkpoint.py
[2024-05-01T15:02:41.869+0000] {processor.py:830} INFO - Processing file /opt/airflow/dags/.ipynb_checkpoints/homework2_part2-checkpoint.py for tasks to queue
[2024-05-01T15:02:41.870+0000] {logging_mixin.py:188} INFO - [2024-05-01T15:02:41.869+0000] {dagbag.py:540} INFO - Filling up the DagBag from /opt/airflow/dags/.ipynb_checkpoints/homework2_part2-checkpoint.py
[2024-05-01T15:02:42.132+0000] {processor.py:840} INFO - DAG(s) 'monthly_report_igor' retrieved from /opt/airflow/dags/.ipynb_checkpoints/homework2_part2-checkpoint.py
[2024-05-01T15:02:42.148+0000] {logging_mixin.py:188} INFO - [2024-05-01T15:02:42.148+0000] {dag.py:3096} INFO - Sync 1 DAGs
[2024-05-01T15:02:42.163+0000] {logging_mixin.py:188} INFO - [2024-05-01T15:02:42.162+0000] {dag.py:3954} INFO - Setting next_dagrun for monthly_report_igor to 2024-01-05 00:00:00+00:00, run_after=2024-02-05 00:00:00+00:00
[2024-05-01T15:02:42.176+0000] {processor.py:183} INFO - Processing /opt/airflow/dags/.ipynb_checkpoints/homework2_part2-checkpoint.py took 0.315 seconds
[2024-05-01T15:03:12.518+0000] {processor.py:161} INFO - Started process (PID=2564) to work on /opt/airflow/dags/.ipynb_checkpoints/homework2_part2-checkpoint.py
[2024-05-01T15:03:12.519+0000] {processor.py:830} INFO - Processing file /opt/airflow/dags/.ipynb_checkpoints/homework2_part2-checkpoint.py for tasks to queue
[2024-05-01T15:03:12.520+0000] {logging_mixin.py:188} INFO - [2024-05-01T15:03:12.519+0000] {dagbag.py:540} INFO - Filling up the DagBag from /opt/airflow/dags/.ipynb_checkpoints/homework2_part2-checkpoint.py
[2024-05-01T15:03:12.735+0000] {processor.py:840} INFO - DAG(s) 'monthly_report_igor' retrieved from /opt/airflow/dags/.ipynb_checkpoints/homework2_part2-checkpoint.py
[2024-05-01T15:03:12.751+0000] {logging_mixin.py:188} INFO - [2024-05-01T15:03:12.751+0000] {dag.py:3096} INFO - Sync 1 DAGs
[2024-05-01T15:03:12.901+0000] {logging_mixin.py:188} INFO - [2024-05-01T15:03:12.901+0000] {dag.py:3954} INFO - Setting next_dagrun for monthly_report_igor to 2024-01-05 00:00:00+00:00, run_after=2024-02-05 00:00:00+00:00
[2024-05-01T15:03:12.913+0000] {processor.py:183} INFO - Processing /opt/airflow/dags/.ipynb_checkpoints/homework2_part2-checkpoint.py took 0.401 seconds
[2024-05-01T15:03:43.182+0000] {processor.py:161} INFO - Started process (PID=2630) to work on /opt/airflow/dags/.ipynb_checkpoints/homework2_part2-checkpoint.py
[2024-05-01T15:03:43.183+0000] {processor.py:830} INFO - Processing file /opt/airflow/dags/.ipynb_checkpoints/homework2_part2-checkpoint.py for tasks to queue
[2024-05-01T15:03:43.184+0000] {logging_mixin.py:188} INFO - [2024-05-01T15:03:43.183+0000] {dagbag.py:540} INFO - Filling up the DagBag from /opt/airflow/dags/.ipynb_checkpoints/homework2_part2-checkpoint.py
[2024-05-01T15:03:43.428+0000] {processor.py:840} INFO - DAG(s) 'monthly_report_igor' retrieved from /opt/airflow/dags/.ipynb_checkpoints/homework2_part2-checkpoint.py
[2024-05-01T15:03:43.446+0000] {logging_mixin.py:188} INFO - [2024-05-01T15:03:43.445+0000] {dag.py:3096} INFO - Sync 1 DAGs
[2024-05-01T15:03:43.461+0000] {logging_mixin.py:188} INFO - [2024-05-01T15:03:43.460+0000] {dag.py:3954} INFO - Setting next_dagrun for monthly_report_igor to 2024-01-05 00:00:00+00:00, run_after=2024-02-05 00:00:00+00:00
[2024-05-01T15:03:43.597+0000] {processor.py:183} INFO - Processing /opt/airflow/dags/.ipynb_checkpoints/homework2_part2-checkpoint.py took 0.419 seconds
[2024-05-01T15:04:15.300+0000] {processor.py:161} INFO - Started process (PID=2710) to work on /opt/airflow/dags/.ipynb_checkpoints/homework2_part2-checkpoint.py
[2024-05-01T15:04:15.307+0000] {processor.py:830} INFO - Processing file /opt/airflow/dags/.ipynb_checkpoints/homework2_part2-checkpoint.py for tasks to queue
[2024-05-01T15:04:15.318+0000] {logging_mixin.py:188} INFO - [2024-05-01T15:04:15.317+0000] {dagbag.py:540} INFO - Filling up the DagBag from /opt/airflow/dags/.ipynb_checkpoints/homework2_part2-checkpoint.py
[2024-05-01T15:04:16.016+0000] {processor.py:840} INFO - DAG(s) 'monthly_report_igor' retrieved from /opt/airflow/dags/.ipynb_checkpoints/homework2_part2-checkpoint.py
[2024-05-01T15:04:16.090+0000] {logging_mixin.py:188} INFO - [2024-05-01T15:04:16.085+0000] {dag.py:3096} INFO - Sync 1 DAGs
[2024-05-01T15:04:16.159+0000] {logging_mixin.py:188} INFO - [2024-05-01T15:04:16.159+0000] {dag.py:3954} INFO - Setting next_dagrun for monthly_report_igor to 2024-01-05 00:00:00+00:00, run_after=2024-02-05 00:00:00+00:00
[2024-05-01T15:04:16.197+0000] {processor.py:183} INFO - Processing /opt/airflow/dags/.ipynb_checkpoints/homework2_part2-checkpoint.py took 0.912 seconds
[2024-05-01T15:04:46.568+0000] {processor.py:161} INFO - Started process (PID=2773) to work on /opt/airflow/dags/.ipynb_checkpoints/homework2_part2-checkpoint.py
[2024-05-01T15:04:46.569+0000] {processor.py:830} INFO - Processing file /opt/airflow/dags/.ipynb_checkpoints/homework2_part2-checkpoint.py for tasks to queue
[2024-05-01T15:04:46.570+0000] {logging_mixin.py:188} INFO - [2024-05-01T15:04:46.570+0000] {dagbag.py:540} INFO - Filling up the DagBag from /opt/airflow/dags/.ipynb_checkpoints/homework2_part2-checkpoint.py
[2024-05-01T15:04:46.805+0000] {processor.py:840} INFO - DAG(s) 'monthly_report_igor' retrieved from /opt/airflow/dags/.ipynb_checkpoints/homework2_part2-checkpoint.py
[2024-05-01T15:04:46.824+0000] {logging_mixin.py:188} INFO - [2024-05-01T15:04:46.824+0000] {dag.py:3096} INFO - Sync 1 DAGs
[2024-05-01T15:04:46.841+0000] {logging_mixin.py:188} INFO - [2024-05-01T15:04:46.841+0000] {dag.py:3954} INFO - Setting next_dagrun for monthly_report_igor to 2024-01-05 00:00:00+00:00, run_after=2024-02-05 00:00:00+00:00
[2024-05-01T15:04:46.855+0000] {processor.py:183} INFO - Processing /opt/airflow/dags/.ipynb_checkpoints/homework2_part2-checkpoint.py took 0.294 seconds
[2024-05-01T15:05:17.451+0000] {processor.py:161} INFO - Started process (PID=2837) to work on /opt/airflow/dags/.ipynb_checkpoints/homework2_part2-checkpoint.py
[2024-05-01T15:05:17.452+0000] {processor.py:830} INFO - Processing file /opt/airflow/dags/.ipynb_checkpoints/homework2_part2-checkpoint.py for tasks to queue
[2024-05-01T15:05:17.453+0000] {logging_mixin.py:188} INFO - [2024-05-01T15:05:17.453+0000] {dagbag.py:540} INFO - Filling up the DagBag from /opt/airflow/dags/.ipynb_checkpoints/homework2_part2-checkpoint.py
[2024-05-01T15:05:17.829+0000] {processor.py:840} INFO - DAG(s) 'monthly_report_igor' retrieved from /opt/airflow/dags/.ipynb_checkpoints/homework2_part2-checkpoint.py
[2024-05-01T15:05:17.848+0000] {logging_mixin.py:188} INFO - [2024-05-01T15:05:17.848+0000] {dag.py:3096} INFO - Sync 1 DAGs
[2024-05-01T15:05:17.864+0000] {logging_mixin.py:188} INFO - [2024-05-01T15:05:17.864+0000] {dag.py:3954} INFO - Setting next_dagrun for monthly_report_igor to 2024-01-05 00:00:00+00:00, run_after=2024-02-05 00:00:00+00:00
[2024-05-01T15:05:17.877+0000] {processor.py:183} INFO - Processing /opt/airflow/dags/.ipynb_checkpoints/homework2_part2-checkpoint.py took 0.433 seconds
[2024-05-01T15:05:48.092+0000] {processor.py:161} INFO - Started process (PID=2902) to work on /opt/airflow/dags/.ipynb_checkpoints/homework2_part2-checkpoint.py
[2024-05-01T15:05:48.093+0000] {processor.py:830} INFO - Processing file /opt/airflow/dags/.ipynb_checkpoints/homework2_part2-checkpoint.py for tasks to queue
[2024-05-01T15:05:48.093+0000] {logging_mixin.py:188} INFO - [2024-05-01T15:05:48.093+0000] {dagbag.py:540} INFO - Filling up the DagBag from /opt/airflow/dags/.ipynb_checkpoints/homework2_part2-checkpoint.py
[2024-05-01T15:05:48.379+0000] {processor.py:840} INFO - DAG(s) 'monthly_report_igor' retrieved from /opt/airflow/dags/.ipynb_checkpoints/homework2_part2-checkpoint.py
[2024-05-01T15:05:48.627+0000] {logging_mixin.py:188} INFO - [2024-05-01T15:05:48.626+0000] {dag.py:3096} INFO - Sync 1 DAGs
[2024-05-01T15:05:48.639+0000] {logging_mixin.py:188} INFO - [2024-05-01T15:05:48.639+0000] {dag.py:3954} INFO - Setting next_dagrun for monthly_report_igor to 2024-01-05 00:00:00+00:00, run_after=2024-02-05 00:00:00+00:00
[2024-05-01T15:05:48.649+0000] {processor.py:183} INFO - Processing /opt/airflow/dags/.ipynb_checkpoints/homework2_part2-checkpoint.py took 0.563 seconds
[2024-05-01T15:06:19.264+0000] {processor.py:161} INFO - Started process (PID=2966) to work on /opt/airflow/dags/.ipynb_checkpoints/homework2_part2-checkpoint.py
[2024-05-01T15:06:19.265+0000] {processor.py:830} INFO - Processing file /opt/airflow/dags/.ipynb_checkpoints/homework2_part2-checkpoint.py for tasks to queue
[2024-05-01T15:06:19.266+0000] {logging_mixin.py:188} INFO - [2024-05-01T15:06:19.266+0000] {dagbag.py:540} INFO - Filling up the DagBag from /opt/airflow/dags/.ipynb_checkpoints/homework2_part2-checkpoint.py
[2024-05-01T15:06:19.487+0000] {processor.py:840} INFO - DAG(s) 'monthly_report_igor' retrieved from /opt/airflow/dags/.ipynb_checkpoints/homework2_part2-checkpoint.py
[2024-05-01T15:06:19.503+0000] {logging_mixin.py:188} INFO - [2024-05-01T15:06:19.502+0000] {dag.py:3096} INFO - Sync 1 DAGs
[2024-05-01T15:06:19.622+0000] {logging_mixin.py:188} INFO - [2024-05-01T15:06:19.622+0000] {dag.py:3954} INFO - Setting next_dagrun for monthly_report_igor to 2024-01-05 00:00:00+00:00, run_after=2024-02-05 00:00:00+00:00
[2024-05-01T15:06:19.633+0000] {processor.py:183} INFO - Processing /opt/airflow/dags/.ipynb_checkpoints/homework2_part2-checkpoint.py took 0.374 seconds
[2024-05-01T15:06:49.976+0000] {processor.py:161} INFO - Started process (PID=3030) to work on /opt/airflow/dags/.ipynb_checkpoints/homework2_part2-checkpoint.py
[2024-05-01T15:06:49.977+0000] {processor.py:830} INFO - Processing file /opt/airflow/dags/.ipynb_checkpoints/homework2_part2-checkpoint.py for tasks to queue
[2024-05-01T15:06:49.978+0000] {logging_mixin.py:188} INFO - [2024-05-01T15:06:49.978+0000] {dagbag.py:540} INFO - Filling up the DagBag from /opt/airflow/dags/.ipynb_checkpoints/homework2_part2-checkpoint.py
[2024-05-01T15:06:50.191+0000] {processor.py:840} INFO - DAG(s) 'monthly_report_igor' retrieved from /opt/airflow/dags/.ipynb_checkpoints/homework2_part2-checkpoint.py
[2024-05-01T15:06:50.205+0000] {logging_mixin.py:188} INFO - [2024-05-01T15:06:50.205+0000] {dag.py:3096} INFO - Sync 1 DAGs
[2024-05-01T15:06:50.323+0000] {logging_mixin.py:188} INFO - [2024-05-01T15:06:50.323+0000] {dag.py:3954} INFO - Setting next_dagrun for monthly_report_igor to 2024-01-05 00:00:00+00:00, run_after=2024-02-05 00:00:00+00:00
[2024-05-01T15:06:50.334+0000] {processor.py:183} INFO - Processing /opt/airflow/dags/.ipynb_checkpoints/homework2_part2-checkpoint.py took 0.363 seconds
[2024-05-01T15:07:20.962+0000] {processor.py:161} INFO - Started process (PID=3094) to work on /opt/airflow/dags/.ipynb_checkpoints/homework2_part2-checkpoint.py
[2024-05-01T15:07:20.963+0000] {processor.py:830} INFO - Processing file /opt/airflow/dags/.ipynb_checkpoints/homework2_part2-checkpoint.py for tasks to queue
[2024-05-01T15:07:20.964+0000] {logging_mixin.py:188} INFO - [2024-05-01T15:07:20.964+0000] {dagbag.py:540} INFO - Filling up the DagBag from /opt/airflow/dags/.ipynb_checkpoints/homework2_part2-checkpoint.py
[2024-05-01T15:07:21.287+0000] {processor.py:840} INFO - DAG(s) 'monthly_report_igor' retrieved from /opt/airflow/dags/.ipynb_checkpoints/homework2_part2-checkpoint.py
[2024-05-01T15:07:21.300+0000] {logging_mixin.py:188} INFO - [2024-05-01T15:07:21.300+0000] {dag.py:3096} INFO - Sync 1 DAGs
[2024-05-01T15:07:21.313+0000] {logging_mixin.py:188} INFO - [2024-05-01T15:07:21.313+0000] {dag.py:3954} INFO - Setting next_dagrun for monthly_report_igor to 2024-01-05 00:00:00+00:00, run_after=2024-02-05 00:00:00+00:00
[2024-05-01T15:07:21.324+0000] {processor.py:183} INFO - Processing /opt/airflow/dags/.ipynb_checkpoints/homework2_part2-checkpoint.py took 0.367 seconds
[2024-05-01T15:07:52.043+0000] {processor.py:161} INFO - Started process (PID=3158) to work on /opt/airflow/dags/.ipynb_checkpoints/homework2_part2-checkpoint.py
[2024-05-01T15:07:52.044+0000] {processor.py:830} INFO - Processing file /opt/airflow/dags/.ipynb_checkpoints/homework2_part2-checkpoint.py for tasks to queue
[2024-05-01T15:07:52.045+0000] {logging_mixin.py:188} INFO - [2024-05-01T15:07:52.045+0000] {dagbag.py:540} INFO - Filling up the DagBag from /opt/airflow/dags/.ipynb_checkpoints/homework2_part2-checkpoint.py
[2024-05-01T15:07:52.368+0000] {processor.py:840} INFO - DAG(s) 'monthly_report_igor' retrieved from /opt/airflow/dags/.ipynb_checkpoints/homework2_part2-checkpoint.py
[2024-05-01T15:07:52.381+0000] {logging_mixin.py:188} INFO - [2024-05-01T15:07:52.381+0000] {dag.py:3096} INFO - Sync 1 DAGs
[2024-05-01T15:07:52.393+0000] {logging_mixin.py:188} INFO - [2024-05-01T15:07:52.393+0000] {dag.py:3954} INFO - Setting next_dagrun for monthly_report_igor to 2024-01-05 00:00:00+00:00, run_after=2024-02-05 00:00:00+00:00
[2024-05-01T15:07:52.403+0000] {processor.py:183} INFO - Processing /opt/airflow/dags/.ipynb_checkpoints/homework2_part2-checkpoint.py took 0.365 seconds
[2024-05-01T15:08:22.771+0000] {processor.py:161} INFO - Started process (PID=3222) to work on /opt/airflow/dags/.ipynb_checkpoints/homework2_part2-checkpoint.py
[2024-05-01T15:08:22.772+0000] {processor.py:830} INFO - Processing file /opt/airflow/dags/.ipynb_checkpoints/homework2_part2-checkpoint.py for tasks to queue
[2024-05-01T15:08:22.772+0000] {logging_mixin.py:188} INFO - [2024-05-01T15:08:22.772+0000] {dagbag.py:540} INFO - Filling up the DagBag from /opt/airflow/dags/.ipynb_checkpoints/homework2_part2-checkpoint.py
[2024-05-01T15:08:23.117+0000] {processor.py:840} INFO - DAG(s) 'monthly_report_igor' retrieved from /opt/airflow/dags/.ipynb_checkpoints/homework2_part2-checkpoint.py
[2024-05-01T15:08:23.131+0000] {logging_mixin.py:188} INFO - [2024-05-01T15:08:23.131+0000] {dag.py:3096} INFO - Sync 1 DAGs
[2024-05-01T15:08:23.144+0000] {logging_mixin.py:188} INFO - [2024-05-01T15:08:23.143+0000] {dag.py:3954} INFO - Setting next_dagrun for monthly_report_igor to 2024-01-05 00:00:00+00:00, run_after=2024-02-05 00:00:00+00:00
[2024-05-01T15:08:23.161+0000] {processor.py:183} INFO - Processing /opt/airflow/dags/.ipynb_checkpoints/homework2_part2-checkpoint.py took 0.395 seconds
[2024-05-01T15:08:53.450+0000] {processor.py:161} INFO - Started process (PID=3286) to work on /opt/airflow/dags/.ipynb_checkpoints/homework2_part2-checkpoint.py
[2024-05-01T15:08:53.451+0000] {processor.py:830} INFO - Processing file /opt/airflow/dags/.ipynb_checkpoints/homework2_part2-checkpoint.py for tasks to queue
[2024-05-01T15:08:53.452+0000] {logging_mixin.py:188} INFO - [2024-05-01T15:08:53.452+0000] {dagbag.py:540} INFO - Filling up the DagBag from /opt/airflow/dags/.ipynb_checkpoints/homework2_part2-checkpoint.py
[2024-05-01T15:08:53.785+0000] {processor.py:840} INFO - DAG(s) 'monthly_report_igor' retrieved from /opt/airflow/dags/.ipynb_checkpoints/homework2_part2-checkpoint.py
[2024-05-01T15:08:53.799+0000] {logging_mixin.py:188} INFO - [2024-05-01T15:08:53.799+0000] {dag.py:3096} INFO - Sync 1 DAGs
[2024-05-01T15:08:53.811+0000] {logging_mixin.py:188} INFO - [2024-05-01T15:08:53.811+0000] {dag.py:3954} INFO - Setting next_dagrun for monthly_report_igor to 2024-01-05 00:00:00+00:00, run_after=2024-02-05 00:00:00+00:00
[2024-05-01T15:08:53.822+0000] {processor.py:183} INFO - Processing /opt/airflow/dags/.ipynb_checkpoints/homework2_part2-checkpoint.py took 0.377 seconds
[2024-05-01T15:09:24.311+0000] {processor.py:161} INFO - Started process (PID=3350) to work on /opt/airflow/dags/.ipynb_checkpoints/homework2_part2-checkpoint.py
[2024-05-01T15:09:24.312+0000] {processor.py:830} INFO - Processing file /opt/airflow/dags/.ipynb_checkpoints/homework2_part2-checkpoint.py for tasks to queue
[2024-05-01T15:09:24.313+0000] {logging_mixin.py:188} INFO - [2024-05-01T15:09:24.313+0000] {dagbag.py:540} INFO - Filling up the DagBag from /opt/airflow/dags/.ipynb_checkpoints/homework2_part2-checkpoint.py
[2024-05-01T15:09:24.662+0000] {processor.py:840} INFO - DAG(s) 'monthly_report_igor' retrieved from /opt/airflow/dags/.ipynb_checkpoints/homework2_part2-checkpoint.py
[2024-05-01T15:09:24.676+0000] {logging_mixin.py:188} INFO - [2024-05-01T15:09:24.676+0000] {dag.py:3096} INFO - Sync 1 DAGs
[2024-05-01T15:09:24.691+0000] {logging_mixin.py:188} INFO - [2024-05-01T15:09:24.691+0000] {dag.py:3954} INFO - Setting next_dagrun for monthly_report_igor to 2024-01-05 00:00:00+00:00, run_after=2024-02-05 00:00:00+00:00
[2024-05-01T15:09:24.703+0000] {processor.py:183} INFO - Processing /opt/airflow/dags/.ipynb_checkpoints/homework2_part2-checkpoint.py took 0.397 seconds
[2024-05-01T15:09:55.085+0000] {processor.py:161} INFO - Started process (PID=3414) to work on /opt/airflow/dags/.ipynb_checkpoints/homework2_part2-checkpoint.py
[2024-05-01T15:09:55.086+0000] {processor.py:830} INFO - Processing file /opt/airflow/dags/.ipynb_checkpoints/homework2_part2-checkpoint.py for tasks to queue
[2024-05-01T15:09:55.087+0000] {logging_mixin.py:188} INFO - [2024-05-01T15:09:55.087+0000] {dagbag.py:540} INFO - Filling up the DagBag from /opt/airflow/dags/.ipynb_checkpoints/homework2_part2-checkpoint.py
[2024-05-01T15:09:55.438+0000] {processor.py:840} INFO - DAG(s) 'monthly_report_igor' retrieved from /opt/airflow/dags/.ipynb_checkpoints/homework2_part2-checkpoint.py
[2024-05-01T15:09:55.502+0000] {logging_mixin.py:188} INFO - [2024-05-01T15:09:55.501+0000] {dag.py:3096} INFO - Sync 1 DAGs
[2024-05-01T15:09:55.509+0000] {logging_mixin.py:188} INFO - [2024-05-01T15:09:55.509+0000] {dag.py:3118} INFO - Creating ORM DAG for monthly_report_igor
[2024-05-01T15:09:55.515+0000] {logging_mixin.py:188} INFO - [2024-05-01T15:09:55.515+0000] {dag.py:3954} INFO - Setting next_dagrun for monthly_report_igor to 2024-01-05 00:00:00+00:00, run_after=2024-02-05 00:00:00+00:00
[2024-05-01T15:09:55.526+0000] {processor.py:183} INFO - Processing /opt/airflow/dags/.ipynb_checkpoints/homework2_part2-checkpoint.py took 0.447 seconds
[2024-05-01T15:10:25.780+0000] {processor.py:161} INFO - Started process (PID=3478) to work on /opt/airflow/dags/.ipynb_checkpoints/homework2_part2-checkpoint.py
[2024-05-01T15:10:25.781+0000] {processor.py:830} INFO - Processing file /opt/airflow/dags/.ipynb_checkpoints/homework2_part2-checkpoint.py for tasks to queue
[2024-05-01T15:10:25.781+0000] {logging_mixin.py:188} INFO - [2024-05-01T15:10:25.781+0000] {dagbag.py:540} INFO - Filling up the DagBag from /opt/airflow/dags/.ipynb_checkpoints/homework2_part2-checkpoint.py
[2024-05-01T15:10:26.099+0000] {processor.py:840} INFO - DAG(s) 'monthly_report_igor' retrieved from /opt/airflow/dags/.ipynb_checkpoints/homework2_part2-checkpoint.py
[2024-05-01T15:10:26.113+0000] {logging_mixin.py:188} INFO - [2024-05-01T15:10:26.112+0000] {dag.py:3096} INFO - Sync 1 DAGs
[2024-05-01T15:10:26.124+0000] {logging_mixin.py:188} INFO - [2024-05-01T15:10:26.124+0000] {dag.py:3954} INFO - Setting next_dagrun for monthly_report_igor to 2024-01-05 00:00:00+00:00, run_after=2024-02-05 00:00:00+00:00
[2024-05-01T15:10:26.136+0000] {processor.py:183} INFO - Processing /opt/airflow/dags/.ipynb_checkpoints/homework2_part2-checkpoint.py took 0.360 seconds
[2024-05-01T15:10:56.635+0000] {processor.py:161} INFO - Started process (PID=3542) to work on /opt/airflow/dags/.ipynb_checkpoints/homework2_part2-checkpoint.py
[2024-05-01T15:10:56.637+0000] {processor.py:830} INFO - Processing file /opt/airflow/dags/.ipynb_checkpoints/homework2_part2-checkpoint.py for tasks to queue
[2024-05-01T15:10:56.638+0000] {logging_mixin.py:188} INFO - [2024-05-01T15:10:56.637+0000] {dagbag.py:540} INFO - Filling up the DagBag from /opt/airflow/dags/.ipynb_checkpoints/homework2_part2-checkpoint.py
[2024-05-01T15:10:57.030+0000] {processor.py:840} INFO - DAG(s) 'monthly_report_igor' retrieved from /opt/airflow/dags/.ipynb_checkpoints/homework2_part2-checkpoint.py
[2024-05-01T15:10:57.044+0000] {logging_mixin.py:188} INFO - [2024-05-01T15:10:57.044+0000] {dag.py:3096} INFO - Sync 1 DAGs
[2024-05-01T15:10:57.057+0000] {logging_mixin.py:188} INFO - [2024-05-01T15:10:57.057+0000] {dag.py:3954} INFO - Setting next_dagrun for monthly_report_igor to 2024-01-05 00:00:00+00:00, run_after=2024-02-05 00:00:00+00:00
[2024-05-01T15:10:57.068+0000] {processor.py:183} INFO - Processing /opt/airflow/dags/.ipynb_checkpoints/homework2_part2-checkpoint.py took 0.440 seconds
[2024-05-01T15:11:27.207+0000] {processor.py:161} INFO - Started process (PID=3606) to work on /opt/airflow/dags/.ipynb_checkpoints/homework2_part2-checkpoint.py
[2024-05-01T15:11:27.208+0000] {processor.py:830} INFO - Processing file /opt/airflow/dags/.ipynb_checkpoints/homework2_part2-checkpoint.py for tasks to queue
[2024-05-01T15:11:27.208+0000] {logging_mixin.py:188} INFO - [2024-05-01T15:11:27.208+0000] {dagbag.py:540} INFO - Filling up the DagBag from /opt/airflow/dags/.ipynb_checkpoints/homework2_part2-checkpoint.py
[2024-05-01T15:11:27.532+0000] {processor.py:840} INFO - DAG(s) 'monthly_report_igor' retrieved from /opt/airflow/dags/.ipynb_checkpoints/homework2_part2-checkpoint.py
[2024-05-01T15:11:27.544+0000] {logging_mixin.py:188} INFO - [2024-05-01T15:11:27.544+0000] {dag.py:3096} INFO - Sync 1 DAGs
[2024-05-01T15:11:27.556+0000] {logging_mixin.py:188} INFO - [2024-05-01T15:11:27.556+0000] {dag.py:3954} INFO - Setting next_dagrun for monthly_report_igor to 2024-01-05 00:00:00+00:00, run_after=2024-02-05 00:00:00+00:00
[2024-05-01T15:11:27.567+0000] {processor.py:183} INFO - Processing /opt/airflow/dags/.ipynb_checkpoints/homework2_part2-checkpoint.py took 0.365 seconds
[2024-05-01T15:11:58.108+0000] {processor.py:161} INFO - Started process (PID=3670) to work on /opt/airflow/dags/.ipynb_checkpoints/homework2_part2-checkpoint.py
[2024-05-01T15:11:58.110+0000] {processor.py:830} INFO - Processing file /opt/airflow/dags/.ipynb_checkpoints/homework2_part2-checkpoint.py for tasks to queue
[2024-05-01T15:11:58.110+0000] {logging_mixin.py:188} INFO - [2024-05-01T15:11:58.110+0000] {dagbag.py:540} INFO - Filling up the DagBag from /opt/airflow/dags/.ipynb_checkpoints/homework2_part2-checkpoint.py
[2024-05-01T15:11:58.427+0000] {processor.py:840} INFO - DAG(s) 'monthly_report_igor' retrieved from /opt/airflow/dags/.ipynb_checkpoints/homework2_part2-checkpoint.py
[2024-05-01T15:11:58.441+0000] {logging_mixin.py:188} INFO - [2024-05-01T15:11:58.440+0000] {dag.py:3096} INFO - Sync 1 DAGs
[2024-05-01T15:11:58.453+0000] {logging_mixin.py:188} INFO - [2024-05-01T15:11:58.452+0000] {dag.py:3954} INFO - Setting next_dagrun for monthly_report_igor to 2024-01-05 00:00:00+00:00, run_after=2024-02-05 00:00:00+00:00
[2024-05-01T15:11:58.463+0000] {processor.py:183} INFO - Processing /opt/airflow/dags/.ipynb_checkpoints/homework2_part2-checkpoint.py took 0.359 seconds
[2024-05-01T15:12:28.776+0000] {processor.py:161} INFO - Started process (PID=3734) to work on /opt/airflow/dags/.ipynb_checkpoints/homework2_part2-checkpoint.py
[2024-05-01T15:12:28.777+0000] {processor.py:830} INFO - Processing file /opt/airflow/dags/.ipynb_checkpoints/homework2_part2-checkpoint.py for tasks to queue
[2024-05-01T15:12:28.778+0000] {logging_mixin.py:188} INFO - [2024-05-01T15:12:28.777+0000] {dagbag.py:540} INFO - Filling up the DagBag from /opt/airflow/dags/.ipynb_checkpoints/homework2_part2-checkpoint.py
[2024-05-01T15:12:29.095+0000] {processor.py:840} INFO - DAG(s) 'monthly_report_igor' retrieved from /opt/airflow/dags/.ipynb_checkpoints/homework2_part2-checkpoint.py
[2024-05-01T15:12:29.108+0000] {logging_mixin.py:188} INFO - [2024-05-01T15:12:29.108+0000] {dag.py:3096} INFO - Sync 1 DAGs
[2024-05-01T15:12:29.120+0000] {logging_mixin.py:188} INFO - [2024-05-01T15:12:29.120+0000] {dag.py:3954} INFO - Setting next_dagrun for monthly_report_igor to 2024-01-05 00:00:00+00:00, run_after=2024-02-05 00:00:00+00:00
[2024-05-01T15:12:29.130+0000] {processor.py:183} INFO - Processing /opt/airflow/dags/.ipynb_checkpoints/homework2_part2-checkpoint.py took 0.359 seconds
[2024-05-01T15:12:59.392+0000] {processor.py:161} INFO - Started process (PID=3797) to work on /opt/airflow/dags/.ipynb_checkpoints/homework2_part2-checkpoint.py
[2024-05-01T15:12:59.393+0000] {processor.py:830} INFO - Processing file /opt/airflow/dags/.ipynb_checkpoints/homework2_part2-checkpoint.py for tasks to queue
[2024-05-01T15:12:59.394+0000] {logging_mixin.py:188} INFO - [2024-05-01T15:12:59.393+0000] {dagbag.py:540} INFO - Filling up the DagBag from /opt/airflow/dags/.ipynb_checkpoints/homework2_part2-checkpoint.py
[2024-05-01T15:12:59.711+0000] {processor.py:840} INFO - DAG(s) 'monthly_report_igor' retrieved from /opt/airflow/dags/.ipynb_checkpoints/homework2_part2-checkpoint.py
[2024-05-01T15:12:59.724+0000] {logging_mixin.py:188} INFO - [2024-05-01T15:12:59.724+0000] {dag.py:3096} INFO - Sync 1 DAGs
[2024-05-01T15:12:59.737+0000] {logging_mixin.py:188} INFO - [2024-05-01T15:12:59.737+0000] {dag.py:3954} INFO - Setting next_dagrun for monthly_report_igor to 2024-01-05 00:00:00+00:00, run_after=2024-02-05 00:00:00+00:00
[2024-05-01T15:12:59.748+0000] {processor.py:183} INFO - Processing /opt/airflow/dags/.ipynb_checkpoints/homework2_part2-checkpoint.py took 0.360 seconds
[2024-05-01T15:13:29.910+0000] {processor.py:161} INFO - Started process (PID=3861) to work on /opt/airflow/dags/.ipynb_checkpoints/homework2_part2-checkpoint.py
[2024-05-01T15:13:29.911+0000] {processor.py:830} INFO - Processing file /opt/airflow/dags/.ipynb_checkpoints/homework2_part2-checkpoint.py for tasks to queue
[2024-05-01T15:13:29.911+0000] {logging_mixin.py:188} INFO - [2024-05-01T15:13:29.911+0000] {dagbag.py:540} INFO - Filling up the DagBag from /opt/airflow/dags/.ipynb_checkpoints/homework2_part2-checkpoint.py
[2024-05-01T15:13:30.229+0000] {processor.py:840} INFO - DAG(s) 'monthly_report_igor' retrieved from /opt/airflow/dags/.ipynb_checkpoints/homework2_part2-checkpoint.py
[2024-05-01T15:13:30.241+0000] {logging_mixin.py:188} INFO - [2024-05-01T15:13:30.241+0000] {dag.py:3096} INFO - Sync 1 DAGs
[2024-05-01T15:13:30.253+0000] {logging_mixin.py:188} INFO - [2024-05-01T15:13:30.253+0000] {dag.py:3954} INFO - Setting next_dagrun for monthly_report_igor to 2024-01-05 00:00:00+00:00, run_after=2024-02-05 00:00:00+00:00
[2024-05-01T15:13:30.264+0000] {processor.py:183} INFO - Processing /opt/airflow/dags/.ipynb_checkpoints/homework2_part2-checkpoint.py took 0.359 seconds
[2024-05-01T15:14:01.042+0000] {processor.py:161} INFO - Started process (PID=3925) to work on /opt/airflow/dags/.ipynb_checkpoints/homework2_part2-checkpoint.py
[2024-05-01T15:14:01.046+0000] {processor.py:830} INFO - Processing file /opt/airflow/dags/.ipynb_checkpoints/homework2_part2-checkpoint.py for tasks to queue
[2024-05-01T15:14:01.048+0000] {logging_mixin.py:188} INFO - [2024-05-01T15:14:01.048+0000] {dagbag.py:540} INFO - Filling up the DagBag from /opt/airflow/dags/.ipynb_checkpoints/homework2_part2-checkpoint.py
[2024-05-01T15:14:01.576+0000] {processor.py:840} INFO - DAG(s) 'monthly_report_igor' retrieved from /opt/airflow/dags/.ipynb_checkpoints/homework2_part2-checkpoint.py
[2024-05-01T15:14:01.598+0000] {logging_mixin.py:188} INFO - [2024-05-01T15:14:01.598+0000] {dag.py:3096} INFO - Sync 1 DAGs
[2024-05-01T15:14:01.611+0000] {logging_mixin.py:188} INFO - [2024-05-01T15:14:01.611+0000] {dag.py:3954} INFO - Setting next_dagrun for monthly_report_igor to 2024-01-05 00:00:00+00:00, run_after=2024-02-05 00:00:00+00:00
[2024-05-01T15:14:01.633+0000] {processor.py:183} INFO - Processing /opt/airflow/dags/.ipynb_checkpoints/homework2_part2-checkpoint.py took 0.605 seconds
[2024-05-01T15:14:31.979+0000] {processor.py:161} INFO - Started process (PID=3989) to work on /opt/airflow/dags/.ipynb_checkpoints/homework2_part2-checkpoint.py
[2024-05-01T15:14:31.980+0000] {processor.py:830} INFO - Processing file /opt/airflow/dags/.ipynb_checkpoints/homework2_part2-checkpoint.py for tasks to queue
[2024-05-01T15:14:31.981+0000] {logging_mixin.py:188} INFO - [2024-05-01T15:14:31.980+0000] {dagbag.py:540} INFO - Filling up the DagBag from /opt/airflow/dags/.ipynb_checkpoints/homework2_part2-checkpoint.py
[2024-05-01T15:14:32.344+0000] {processor.py:840} INFO - DAG(s) 'monthly_report_igor' retrieved from /opt/airflow/dags/.ipynb_checkpoints/homework2_part2-checkpoint.py
[2024-05-01T15:14:32.360+0000] {logging_mixin.py:188} INFO - [2024-05-01T15:14:32.359+0000] {dag.py:3096} INFO - Sync 1 DAGs
[2024-05-01T15:14:32.376+0000] {logging_mixin.py:188} INFO - [2024-05-01T15:14:32.376+0000] {dag.py:3954} INFO - Setting next_dagrun for monthly_report_igor to 2024-01-05 00:00:00+00:00, run_after=2024-02-05 00:00:00+00:00
[2024-05-01T15:14:32.389+0000] {processor.py:183} INFO - Processing /opt/airflow/dags/.ipynb_checkpoints/homework2_part2-checkpoint.py took 0.417 seconds
[2024-05-01T15:15:02.603+0000] {processor.py:161} INFO - Started process (PID=4053) to work on /opt/airflow/dags/.ipynb_checkpoints/homework2_part2-checkpoint.py
[2024-05-01T15:15:02.604+0000] {processor.py:830} INFO - Processing file /opt/airflow/dags/.ipynb_checkpoints/homework2_part2-checkpoint.py for tasks to queue
[2024-05-01T15:15:02.605+0000] {logging_mixin.py:188} INFO - [2024-05-01T15:15:02.605+0000] {dagbag.py:540} INFO - Filling up the DagBag from /opt/airflow/dags/.ipynb_checkpoints/homework2_part2-checkpoint.py
[2024-05-01T15:15:02.953+0000] {processor.py:840} INFO - DAG(s) 'monthly_report_igor' retrieved from /opt/airflow/dags/.ipynb_checkpoints/homework2_part2-checkpoint.py
[2024-05-01T15:15:02.970+0000] {logging_mixin.py:188} INFO - [2024-05-01T15:15:02.969+0000] {dag.py:3096} INFO - Sync 1 DAGs
[2024-05-01T15:15:02.987+0000] {logging_mixin.py:188} INFO - [2024-05-01T15:15:02.987+0000] {dag.py:3954} INFO - Setting next_dagrun for monthly_report_igor to 2024-01-05 00:00:00+00:00, run_after=2024-02-05 00:00:00+00:00
[2024-05-01T15:15:03.002+0000] {processor.py:183} INFO - Processing /opt/airflow/dags/.ipynb_checkpoints/homework2_part2-checkpoint.py took 0.403 seconds
[2024-05-01T15:15:33.214+0000] {processor.py:161} INFO - Started process (PID=4117) to work on /opt/airflow/dags/.ipynb_checkpoints/homework2_part2-checkpoint.py
[2024-05-01T15:15:33.215+0000] {processor.py:830} INFO - Processing file /opt/airflow/dags/.ipynb_checkpoints/homework2_part2-checkpoint.py for tasks to queue
[2024-05-01T15:15:33.216+0000] {logging_mixin.py:188} INFO - [2024-05-01T15:15:33.216+0000] {dagbag.py:540} INFO - Filling up the DagBag from /opt/airflow/dags/.ipynb_checkpoints/homework2_part2-checkpoint.py
[2024-05-01T15:15:33.554+0000] {processor.py:840} INFO - DAG(s) 'monthly_report_igor' retrieved from /opt/airflow/dags/.ipynb_checkpoints/homework2_part2-checkpoint.py
[2024-05-01T15:15:33.568+0000] {logging_mixin.py:188} INFO - [2024-05-01T15:15:33.567+0000] {dag.py:3096} INFO - Sync 1 DAGs
[2024-05-01T15:15:33.580+0000] {logging_mixin.py:188} INFO - [2024-05-01T15:15:33.579+0000] {dag.py:3954} INFO - Setting next_dagrun for monthly_report_igor to 2024-01-05 00:00:00+00:00, run_after=2024-02-05 00:00:00+00:00
[2024-05-01T15:15:33.590+0000] {processor.py:183} INFO - Processing /opt/airflow/dags/.ipynb_checkpoints/homework2_part2-checkpoint.py took 0.381 seconds
[2024-05-01T15:16:03.864+0000] {processor.py:161} INFO - Started process (PID=4181) to work on /opt/airflow/dags/.ipynb_checkpoints/homework2_part2-checkpoint.py
[2024-05-01T15:16:03.865+0000] {processor.py:830} INFO - Processing file /opt/airflow/dags/.ipynb_checkpoints/homework2_part2-checkpoint.py for tasks to queue
[2024-05-01T15:16:03.865+0000] {logging_mixin.py:188} INFO - [2024-05-01T15:16:03.865+0000] {dagbag.py:540} INFO - Filling up the DagBag from /opt/airflow/dags/.ipynb_checkpoints/homework2_part2-checkpoint.py
[2024-05-01T15:16:04.177+0000] {processor.py:840} INFO - DAG(s) 'monthly_report_igor' retrieved from /opt/airflow/dags/.ipynb_checkpoints/homework2_part2-checkpoint.py
[2024-05-01T15:16:04.190+0000] {logging_mixin.py:188} INFO - [2024-05-01T15:16:04.190+0000] {dag.py:3096} INFO - Sync 1 DAGs
[2024-05-01T15:16:04.203+0000] {logging_mixin.py:188} INFO - [2024-05-01T15:16:04.203+0000] {dag.py:3954} INFO - Setting next_dagrun for monthly_report_igor to 2024-01-05 00:00:00+00:00, run_after=2024-02-05 00:00:00+00:00
[2024-05-01T15:16:04.213+0000] {processor.py:183} INFO - Processing /opt/airflow/dags/.ipynb_checkpoints/homework2_part2-checkpoint.py took 0.354 seconds
[2024-05-01T15:16:34.693+0000] {processor.py:161} INFO - Started process (PID=4245) to work on /opt/airflow/dags/.ipynb_checkpoints/homework2_part2-checkpoint.py
[2024-05-01T15:16:34.694+0000] {processor.py:830} INFO - Processing file /opt/airflow/dags/.ipynb_checkpoints/homework2_part2-checkpoint.py for tasks to queue
[2024-05-01T15:16:34.695+0000] {logging_mixin.py:188} INFO - [2024-05-01T15:16:34.695+0000] {dagbag.py:540} INFO - Filling up the DagBag from /opt/airflow/dags/.ipynb_checkpoints/homework2_part2-checkpoint.py
[2024-05-01T15:16:35.016+0000] {processor.py:840} INFO - DAG(s) 'monthly_report_igor' retrieved from /opt/airflow/dags/.ipynb_checkpoints/homework2_part2-checkpoint.py
[2024-05-01T15:16:35.029+0000] {logging_mixin.py:188} INFO - [2024-05-01T15:16:35.029+0000] {dag.py:3096} INFO - Sync 1 DAGs
[2024-05-01T15:16:35.042+0000] {logging_mixin.py:188} INFO - [2024-05-01T15:16:35.042+0000] {dag.py:3954} INFO - Setting next_dagrun for monthly_report_igor to 2024-01-05 00:00:00+00:00, run_after=2024-02-05 00:00:00+00:00
[2024-05-01T15:16:35.053+0000] {processor.py:183} INFO - Processing /opt/airflow/dags/.ipynb_checkpoints/homework2_part2-checkpoint.py took 0.366 seconds
[2024-05-01T15:17:05.726+0000] {processor.py:161} INFO - Started process (PID=4309) to work on /opt/airflow/dags/.ipynb_checkpoints/homework2_part2-checkpoint.py
[2024-05-01T15:17:05.728+0000] {processor.py:830} INFO - Processing file /opt/airflow/dags/.ipynb_checkpoints/homework2_part2-checkpoint.py for tasks to queue
[2024-05-01T15:17:05.728+0000] {logging_mixin.py:188} INFO - [2024-05-01T15:17:05.728+0000] {dagbag.py:540} INFO - Filling up the DagBag from /opt/airflow/dags/.ipynb_checkpoints/homework2_part2-checkpoint.py
[2024-05-01T15:17:06.046+0000] {processor.py:840} INFO - DAG(s) 'monthly_report_igor' retrieved from /opt/airflow/dags/.ipynb_checkpoints/homework2_part2-checkpoint.py
[2024-05-01T15:17:06.059+0000] {logging_mixin.py:188} INFO - [2024-05-01T15:17:06.059+0000] {dag.py:3096} INFO - Sync 1 DAGs
[2024-05-01T15:17:06.071+0000] {logging_mixin.py:188} INFO - [2024-05-01T15:17:06.071+0000] {dag.py:3954} INFO - Setting next_dagrun for monthly_report_igor to 2024-01-05 00:00:00+00:00, run_after=2024-02-05 00:00:00+00:00
[2024-05-01T15:17:06.083+0000] {processor.py:183} INFO - Processing /opt/airflow/dags/.ipynb_checkpoints/homework2_part2-checkpoint.py took 0.362 seconds
[2024-05-01T15:17:36.784+0000] {processor.py:161} INFO - Started process (PID=4373) to work on /opt/airflow/dags/.ipynb_checkpoints/homework2_part2-checkpoint.py
[2024-05-01T15:17:36.785+0000] {processor.py:830} INFO - Processing file /opt/airflow/dags/.ipynb_checkpoints/homework2_part2-checkpoint.py for tasks to queue
[2024-05-01T15:17:36.785+0000] {logging_mixin.py:188} INFO - [2024-05-01T15:17:36.785+0000] {dagbag.py:540} INFO - Filling up the DagBag from /opt/airflow/dags/.ipynb_checkpoints/homework2_part2-checkpoint.py
[2024-05-01T15:17:37.096+0000] {processor.py:840} INFO - DAG(s) 'monthly_report_igor' retrieved from /opt/airflow/dags/.ipynb_checkpoints/homework2_part2-checkpoint.py
[2024-05-01T15:17:37.109+0000] {logging_mixin.py:188} INFO - [2024-05-01T15:17:37.108+0000] {dag.py:3096} INFO - Sync 1 DAGs
[2024-05-01T15:17:37.121+0000] {logging_mixin.py:188} INFO - [2024-05-01T15:17:37.120+0000] {dag.py:3954} INFO - Setting next_dagrun for monthly_report_igor to 2024-01-05 00:00:00+00:00, run_after=2024-02-05 00:00:00+00:00
[2024-05-01T15:17:37.131+0000] {processor.py:183} INFO - Processing /opt/airflow/dags/.ipynb_checkpoints/homework2_part2-checkpoint.py took 0.352 seconds
[2024-05-01T15:18:07.308+0000] {processor.py:161} INFO - Started process (PID=4437) to work on /opt/airflow/dags/.ipynb_checkpoints/homework2_part2-checkpoint.py
[2024-05-01T15:18:07.309+0000] {processor.py:830} INFO - Processing file /opt/airflow/dags/.ipynb_checkpoints/homework2_part2-checkpoint.py for tasks to queue
[2024-05-01T15:18:07.309+0000] {logging_mixin.py:188} INFO - [2024-05-01T15:18:07.309+0000] {dagbag.py:540} INFO - Filling up the DagBag from /opt/airflow/dags/.ipynb_checkpoints/homework2_part2-checkpoint.py
[2024-05-01T15:18:07.620+0000] {processor.py:840} INFO - DAG(s) 'monthly_report_igor' retrieved from /opt/airflow/dags/.ipynb_checkpoints/homework2_part2-checkpoint.py
[2024-05-01T15:18:07.633+0000] {logging_mixin.py:188} INFO - [2024-05-01T15:18:07.633+0000] {dag.py:3096} INFO - Sync 1 DAGs
[2024-05-01T15:18:07.645+0000] {logging_mixin.py:188} INFO - [2024-05-01T15:18:07.645+0000] {dag.py:3954} INFO - Setting next_dagrun for monthly_report_igor to 2024-01-05 00:00:00+00:00, run_after=2024-02-05 00:00:00+00:00
[2024-05-01T15:18:07.656+0000] {processor.py:183} INFO - Processing /opt/airflow/dags/.ipynb_checkpoints/homework2_part2-checkpoint.py took 0.352 seconds
[2024-05-01T15:18:38.278+0000] {processor.py:161} INFO - Started process (PID=4501) to work on /opt/airflow/dags/.ipynb_checkpoints/homework2_part2-checkpoint.py
[2024-05-01T15:18:38.279+0000] {processor.py:830} INFO - Processing file /opt/airflow/dags/.ipynb_checkpoints/homework2_part2-checkpoint.py for tasks to queue
[2024-05-01T15:18:38.280+0000] {logging_mixin.py:188} INFO - [2024-05-01T15:18:38.280+0000] {dagbag.py:540} INFO - Filling up the DagBag from /opt/airflow/dags/.ipynb_checkpoints/homework2_part2-checkpoint.py
[2024-05-01T15:18:38.592+0000] {processor.py:840} INFO - DAG(s) 'monthly_report_igor' retrieved from /opt/airflow/dags/.ipynb_checkpoints/homework2_part2-checkpoint.py
[2024-05-01T15:18:38.606+0000] {logging_mixin.py:188} INFO - [2024-05-01T15:18:38.606+0000] {dag.py:3096} INFO - Sync 1 DAGs
[2024-05-01T15:18:38.618+0000] {logging_mixin.py:188} INFO - [2024-05-01T15:18:38.618+0000] {dag.py:3954} INFO - Setting next_dagrun for monthly_report_igor to 2024-01-05 00:00:00+00:00, run_after=2024-02-05 00:00:00+00:00
[2024-05-01T15:18:38.629+0000] {processor.py:183} INFO - Processing /opt/airflow/dags/.ipynb_checkpoints/homework2_part2-checkpoint.py took 0.354 seconds
[2024-05-01T15:19:09.236+0000] {processor.py:161} INFO - Started process (PID=4565) to work on /opt/airflow/dags/.ipynb_checkpoints/homework2_part2-checkpoint.py
[2024-05-01T15:19:09.237+0000] {processor.py:830} INFO - Processing file /opt/airflow/dags/.ipynb_checkpoints/homework2_part2-checkpoint.py for tasks to queue
[2024-05-01T15:19:09.238+0000] {logging_mixin.py:188} INFO - [2024-05-01T15:19:09.237+0000] {dagbag.py:540} INFO - Filling up the DagBag from /opt/airflow/dags/.ipynb_checkpoints/homework2_part2-checkpoint.py
[2024-05-01T15:19:09.575+0000] {processor.py:840} INFO - DAG(s) 'monthly_report_igor' retrieved from /opt/airflow/dags/.ipynb_checkpoints/homework2_part2-checkpoint.py
[2024-05-01T15:19:09.589+0000] {logging_mixin.py:188} INFO - [2024-05-01T15:19:09.589+0000] {dag.py:3096} INFO - Sync 1 DAGs
[2024-05-01T15:19:09.603+0000] {logging_mixin.py:188} INFO - [2024-05-01T15:19:09.603+0000] {dag.py:3954} INFO - Setting next_dagrun for monthly_report_igor to 2024-01-05 00:00:00+00:00, run_after=2024-02-05 00:00:00+00:00
[2024-05-01T15:19:09.614+0000] {processor.py:183} INFO - Processing /opt/airflow/dags/.ipynb_checkpoints/homework2_part2-checkpoint.py took 0.382 seconds
[2024-05-01T15:19:40.107+0000] {processor.py:161} INFO - Started process (PID=4629) to work on /opt/airflow/dags/.ipynb_checkpoints/homework2_part2-checkpoint.py
[2024-05-01T15:19:40.108+0000] {processor.py:830} INFO - Processing file /opt/airflow/dags/.ipynb_checkpoints/homework2_part2-checkpoint.py for tasks to queue
[2024-05-01T15:19:40.109+0000] {logging_mixin.py:188} INFO - [2024-05-01T15:19:40.109+0000] {dagbag.py:540} INFO - Filling up the DagBag from /opt/airflow/dags/.ipynb_checkpoints/homework2_part2-checkpoint.py
[2024-05-01T15:19:40.419+0000] {processor.py:840} INFO - DAG(s) 'monthly_report_igor' retrieved from /opt/airflow/dags/.ipynb_checkpoints/homework2_part2-checkpoint.py
[2024-05-01T15:19:40.432+0000] {logging_mixin.py:188} INFO - [2024-05-01T15:19:40.431+0000] {dag.py:3096} INFO - Sync 1 DAGs
[2024-05-01T15:19:40.444+0000] {logging_mixin.py:188} INFO - [2024-05-01T15:19:40.444+0000] {dag.py:3954} INFO - Setting next_dagrun for monthly_report_igor to 2024-01-05 00:00:00+00:00, run_after=2024-02-05 00:00:00+00:00
[2024-05-01T15:19:40.455+0000] {processor.py:183} INFO - Processing /opt/airflow/dags/.ipynb_checkpoints/homework2_part2-checkpoint.py took 0.352 seconds
[2024-05-01T15:20:10.647+0000] {processor.py:161} INFO - Started process (PID=4693) to work on /opt/airflow/dags/.ipynb_checkpoints/homework2_part2-checkpoint.py
[2024-05-01T15:20:10.648+0000] {processor.py:830} INFO - Processing file /opt/airflow/dags/.ipynb_checkpoints/homework2_part2-checkpoint.py for tasks to queue
[2024-05-01T15:20:10.648+0000] {logging_mixin.py:188} INFO - [2024-05-01T15:20:10.648+0000] {dagbag.py:540} INFO - Filling up the DagBag from /opt/airflow/dags/.ipynb_checkpoints/homework2_part2-checkpoint.py
[2024-05-01T15:20:10.964+0000] {processor.py:840} INFO - DAG(s) 'monthly_report_igor' retrieved from /opt/airflow/dags/.ipynb_checkpoints/homework2_part2-checkpoint.py
[2024-05-01T15:20:10.977+0000] {logging_mixin.py:188} INFO - [2024-05-01T15:20:10.976+0000] {dag.py:3096} INFO - Sync 1 DAGs
[2024-05-01T15:20:10.989+0000] {logging_mixin.py:188} INFO - [2024-05-01T15:20:10.989+0000] {dag.py:3954} INFO - Setting next_dagrun for monthly_report_igor to 2024-01-05 00:00:00+00:00, run_after=2024-02-05 00:00:00+00:00
[2024-05-01T15:20:11.000+0000] {processor.py:183} INFO - Processing /opt/airflow/dags/.ipynb_checkpoints/homework2_part2-checkpoint.py took 0.358 seconds
[2024-05-01T15:20:41.171+0000] {processor.py:161} INFO - Started process (PID=4757) to work on /opt/airflow/dags/.ipynb_checkpoints/homework2_part2-checkpoint.py
[2024-05-01T15:20:41.172+0000] {processor.py:830} INFO - Processing file /opt/airflow/dags/.ipynb_checkpoints/homework2_part2-checkpoint.py for tasks to queue
[2024-05-01T15:20:41.173+0000] {logging_mixin.py:188} INFO - [2024-05-01T15:20:41.172+0000] {dagbag.py:540} INFO - Filling up the DagBag from /opt/airflow/dags/.ipynb_checkpoints/homework2_part2-checkpoint.py
[2024-05-01T15:20:41.489+0000] {processor.py:840} INFO - DAG(s) 'monthly_report_igor' retrieved from /opt/airflow/dags/.ipynb_checkpoints/homework2_part2-checkpoint.py
[2024-05-01T15:20:41.502+0000] {logging_mixin.py:188} INFO - [2024-05-01T15:20:41.502+0000] {dag.py:3096} INFO - Sync 1 DAGs
[2024-05-01T15:20:41.514+0000] {logging_mixin.py:188} INFO - [2024-05-01T15:20:41.514+0000] {dag.py:3954} INFO - Setting next_dagrun for monthly_report_igor to 2024-01-05 00:00:00+00:00, run_after=2024-02-05 00:00:00+00:00
[2024-05-01T15:20:41.524+0000] {processor.py:183} INFO - Processing /opt/airflow/dags/.ipynb_checkpoints/homework2_part2-checkpoint.py took 0.359 seconds
[2024-05-01T15:21:12.307+0000] {processor.py:161} INFO - Started process (PID=4821) to work on /opt/airflow/dags/.ipynb_checkpoints/homework2_part2-checkpoint.py
[2024-05-01T15:21:12.308+0000] {processor.py:830} INFO - Processing file /opt/airflow/dags/.ipynb_checkpoints/homework2_part2-checkpoint.py for tasks to queue
[2024-05-01T15:21:12.308+0000] {logging_mixin.py:188} INFO - [2024-05-01T15:21:12.308+0000] {dagbag.py:540} INFO - Filling up the DagBag from /opt/airflow/dags/.ipynb_checkpoints/homework2_part2-checkpoint.py
[2024-05-01T15:21:12.617+0000] {processor.py:840} INFO - DAG(s) 'monthly_report_igor' retrieved from /opt/airflow/dags/.ipynb_checkpoints/homework2_part2-checkpoint.py
[2024-05-01T15:21:12.629+0000] {logging_mixin.py:188} INFO - [2024-05-01T15:21:12.629+0000] {dag.py:3096} INFO - Sync 1 DAGs
[2024-05-01T15:21:12.642+0000] {logging_mixin.py:188} INFO - [2024-05-01T15:21:12.642+0000] {dag.py:3954} INFO - Setting next_dagrun for monthly_report_igor to 2024-01-05 00:00:00+00:00, run_after=2024-02-05 00:00:00+00:00
[2024-05-01T15:21:12.654+0000] {processor.py:183} INFO - Processing /opt/airflow/dags/.ipynb_checkpoints/homework2_part2-checkpoint.py took 0.352 seconds
[2024-05-01T15:21:42.959+0000] {processor.py:161} INFO - Started process (PID=4885) to work on /opt/airflow/dags/.ipynb_checkpoints/homework2_part2-checkpoint.py
[2024-05-01T15:21:42.960+0000] {processor.py:830} INFO - Processing file /opt/airflow/dags/.ipynb_checkpoints/homework2_part2-checkpoint.py for tasks to queue
[2024-05-01T15:21:42.960+0000] {logging_mixin.py:188} INFO - [2024-05-01T15:21:42.960+0000] {dagbag.py:540} INFO - Filling up the DagBag from /opt/airflow/dags/.ipynb_checkpoints/homework2_part2-checkpoint.py
[2024-05-01T15:21:43.319+0000] {processor.py:840} INFO - DAG(s) 'monthly_report_igor' retrieved from /opt/airflow/dags/.ipynb_checkpoints/homework2_part2-checkpoint.py
[2024-05-01T15:21:43.333+0000] {logging_mixin.py:188} INFO - [2024-05-01T15:21:43.333+0000] {dag.py:3096} INFO - Sync 1 DAGs
[2024-05-01T15:21:43.346+0000] {logging_mixin.py:188} INFO - [2024-05-01T15:21:43.345+0000] {dag.py:3954} INFO - Setting next_dagrun for monthly_report_igor to 2024-01-05 00:00:00+00:00, run_after=2024-02-05 00:00:00+00:00
[2024-05-01T15:21:43.357+0000] {processor.py:183} INFO - Processing /opt/airflow/dags/.ipynb_checkpoints/homework2_part2-checkpoint.py took 0.403 seconds
