[2025-05-04T22:10:42.019+0300] {processor.py:161} INFO - Started process (PID=13966) to work on /Users/admin/anaconda3/lib/python3.11/site-packages/airflow/example_dags/plugins/event_listener.py
[2025-05-04T22:10:42.020+0300] {processor.py:830} INFO - Processing file /Users/admin/anaconda3/lib/python3.11/site-packages/airflow/example_dags/plugins/event_listener.py for tasks to queue
[2025-05-04T22:10:42.020+0300] {logging_mixin.py:188} INFO - [2025-05-04T22:10:42.020+0300] {dagbag.py:540} INFO - Filling up the DagBag from /Users/admin/anaconda3/lib/python3.11/site-packages/airflow/example_dags/plugins/event_listener.py
[2025-05-04T22:10:42.021+0300] {processor.py:842} WARNING - No viable dags retrieved from /Users/admin/anaconda3/lib/python3.11/site-packages/airflow/example_dags/plugins/event_listener.py
[2025-05-04T22:10:42.080+0300] {processor.py:183} INFO - Processing /Users/admin/anaconda3/lib/python3.11/site-packages/airflow/example_dags/plugins/event_listener.py took 0.061 seconds
[2025-05-04T22:12:38.330+0300] {processor.py:161} INFO - Started process (PID=14594) to work on /Users/admin/anaconda3/lib/python3.11/site-packages/airflow/example_dags/plugins/event_listener.py
[2025-05-04T22:12:38.331+0300] {processor.py:830} INFO - Processing file /Users/admin/anaconda3/lib/python3.11/site-packages/airflow/example_dags/plugins/event_listener.py for tasks to queue
[2025-05-04T22:12:38.332+0300] {logging_mixin.py:188} INFO - [2025-05-04T22:12:38.332+0300] {dagbag.py:540} INFO - Filling up the DagBag from /Users/admin/anaconda3/lib/python3.11/site-packages/airflow/example_dags/plugins/event_listener.py
[2025-05-04T22:12:38.332+0300] {processor.py:842} WARNING - No viable dags retrieved from /Users/admin/anaconda3/lib/python3.11/site-packages/airflow/example_dags/plugins/event_listener.py
[2025-05-04T22:12:38.379+0300] {processor.py:183} INFO - Processing /Users/admin/anaconda3/lib/python3.11/site-packages/airflow/example_dags/plugins/event_listener.py took 0.049 seconds
[2025-05-04T22:13:59.700+0300] {processor.py:161} INFO - Started process (PID=14979) to work on /Users/admin/anaconda3/lib/python3.11/site-packages/airflow/example_dags/plugins/event_listener.py
[2025-05-04T22:13:59.702+0300] {processor.py:830} INFO - Processing file /Users/admin/anaconda3/lib/python3.11/site-packages/airflow/example_dags/plugins/event_listener.py for tasks to queue
[2025-05-04T22:13:59.702+0300] {logging_mixin.py:188} INFO - [2025-05-04T22:13:59.702+0300] {dagbag.py:540} INFO - Filling up the DagBag from /Users/admin/anaconda3/lib/python3.11/site-packages/airflow/example_dags/plugins/event_listener.py
[2025-05-04T22:13:59.703+0300] {processor.py:842} WARNING - No viable dags retrieved from /Users/admin/anaconda3/lib/python3.11/site-packages/airflow/example_dags/plugins/event_listener.py
[2025-05-04T22:13:59.750+0300] {processor.py:183} INFO - Processing /Users/admin/anaconda3/lib/python3.11/site-packages/airflow/example_dags/plugins/event_listener.py took 0.050 seconds
[2025-05-04T22:15:20.687+0300] {processor.py:161} INFO - Started process (PID=15362) to work on /Users/admin/anaconda3/lib/python3.11/site-packages/airflow/example_dags/plugins/event_listener.py
[2025-05-04T22:15:20.688+0300] {processor.py:830} INFO - Processing file /Users/admin/anaconda3/lib/python3.11/site-packages/airflow/example_dags/plugins/event_listener.py for tasks to queue
[2025-05-04T22:15:20.688+0300] {logging_mixin.py:188} INFO - [2025-05-04T22:15:20.688+0300] {dagbag.py:540} INFO - Filling up the DagBag from /Users/admin/anaconda3/lib/python3.11/site-packages/airflow/example_dags/plugins/event_listener.py
[2025-05-04T22:15:20.689+0300] {processor.py:842} WARNING - No viable dags retrieved from /Users/admin/anaconda3/lib/python3.11/site-packages/airflow/example_dags/plugins/event_listener.py
[2025-05-04T22:15:20.735+0300] {processor.py:183} INFO - Processing /Users/admin/anaconda3/lib/python3.11/site-packages/airflow/example_dags/plugins/event_listener.py took 0.049 seconds
[2025-05-04T22:16:44.341+0300] {processor.py:161} INFO - Started process (PID=15763) to work on /Users/admin/anaconda3/lib/python3.11/site-packages/airflow/example_dags/plugins/event_listener.py
[2025-05-04T22:16:44.343+0300] {processor.py:830} INFO - Processing file /Users/admin/anaconda3/lib/python3.11/site-packages/airflow/example_dags/plugins/event_listener.py for tasks to queue
[2025-05-04T22:16:44.343+0300] {logging_mixin.py:188} INFO - [2025-05-04T22:16:44.343+0300] {dagbag.py:540} INFO - Filling up the DagBag from /Users/admin/anaconda3/lib/python3.11/site-packages/airflow/example_dags/plugins/event_listener.py
[2025-05-04T22:16:44.344+0300] {processor.py:842} WARNING - No viable dags retrieved from /Users/admin/anaconda3/lib/python3.11/site-packages/airflow/example_dags/plugins/event_listener.py
[2025-05-04T22:16:44.390+0300] {processor.py:183} INFO - Processing /Users/admin/anaconda3/lib/python3.11/site-packages/airflow/example_dags/plugins/event_listener.py took 0.049 seconds
[2025-05-04T22:18:10.158+0300] {processor.py:161} INFO - Started process (PID=16177) to work on /Users/admin/anaconda3/lib/python3.11/site-packages/airflow/example_dags/plugins/event_listener.py
[2025-05-04T22:18:10.160+0300] {processor.py:830} INFO - Processing file /Users/admin/anaconda3/lib/python3.11/site-packages/airflow/example_dags/plugins/event_listener.py for tasks to queue
[2025-05-04T22:18:10.160+0300] {logging_mixin.py:188} INFO - [2025-05-04T22:18:10.160+0300] {dagbag.py:540} INFO - Filling up the DagBag from /Users/admin/anaconda3/lib/python3.11/site-packages/airflow/example_dags/plugins/event_listener.py
[2025-05-04T22:18:10.161+0300] {processor.py:842} WARNING - No viable dags retrieved from /Users/admin/anaconda3/lib/python3.11/site-packages/airflow/example_dags/plugins/event_listener.py
[2025-05-04T22:18:10.207+0300] {processor.py:183} INFO - Processing /Users/admin/anaconda3/lib/python3.11/site-packages/airflow/example_dags/plugins/event_listener.py took 0.050 seconds
[2025-05-04T22:26:24.991+0300] {processor.py:161} INFO - Started process (PID=16611) to work on /Users/admin/anaconda3/lib/python3.11/site-packages/airflow/example_dags/plugins/event_listener.py
[2025-05-04T22:26:24.992+0300] {processor.py:830} INFO - Processing file /Users/admin/anaconda3/lib/python3.11/site-packages/airflow/example_dags/plugins/event_listener.py for tasks to queue
[2025-05-04T22:26:24.993+0300] {logging_mixin.py:188} INFO - [2025-05-04T22:26:24.993+0300] {dagbag.py:540} INFO - Filling up the DagBag from /Users/admin/anaconda3/lib/python3.11/site-packages/airflow/example_dags/plugins/event_listener.py
[2025-05-04T22:26:24.993+0300] {processor.py:842} WARNING - No viable dags retrieved from /Users/admin/anaconda3/lib/python3.11/site-packages/airflow/example_dags/plugins/event_listener.py
[2025-05-04T22:26:25.041+0300] {processor.py:183} INFO - Processing /Users/admin/anaconda3/lib/python3.11/site-packages/airflow/example_dags/plugins/event_listener.py took 0.051 seconds
[2025-05-04T22:27:48.485+0300] {processor.py:161} INFO - Started process (PID=17005) to work on /Users/admin/anaconda3/lib/python3.11/site-packages/airflow/example_dags/plugins/event_listener.py
[2025-05-04T22:27:48.485+0300] {processor.py:830} INFO - Processing file /Users/admin/anaconda3/lib/python3.11/site-packages/airflow/example_dags/plugins/event_listener.py for tasks to queue
[2025-05-04T22:27:48.486+0300] {logging_mixin.py:188} INFO - [2025-05-04T22:27:48.486+0300] {dagbag.py:540} INFO - Filling up the DagBag from /Users/admin/anaconda3/lib/python3.11/site-packages/airflow/example_dags/plugins/event_listener.py
[2025-05-04T22:27:48.486+0300] {processor.py:842} WARNING - No viable dags retrieved from /Users/admin/anaconda3/lib/python3.11/site-packages/airflow/example_dags/plugins/event_listener.py
[2025-05-04T22:27:48.533+0300] {processor.py:183} INFO - Processing /Users/admin/anaconda3/lib/python3.11/site-packages/airflow/example_dags/plugins/event_listener.py took 0.049 seconds
[2025-05-04T22:29:10.425+0300] {processor.py:161} INFO - Started process (PID=17385) to work on /Users/admin/anaconda3/lib/python3.11/site-packages/airflow/example_dags/plugins/event_listener.py
[2025-05-04T22:29:10.426+0300] {processor.py:830} INFO - Processing file /Users/admin/anaconda3/lib/python3.11/site-packages/airflow/example_dags/plugins/event_listener.py for tasks to queue
[2025-05-04T22:29:10.426+0300] {logging_mixin.py:188} INFO - [2025-05-04T22:29:10.426+0300] {dagbag.py:540} INFO - Filling up the DagBag from /Users/admin/anaconda3/lib/python3.11/site-packages/airflow/example_dags/plugins/event_listener.py
[2025-05-04T22:29:10.427+0300] {processor.py:842} WARNING - No viable dags retrieved from /Users/admin/anaconda3/lib/python3.11/site-packages/airflow/example_dags/plugins/event_listener.py
[2025-05-04T22:29:10.473+0300] {processor.py:183} INFO - Processing /Users/admin/anaconda3/lib/python3.11/site-packages/airflow/example_dags/plugins/event_listener.py took 0.049 seconds
[2025-05-04T22:30:31.115+0300] {processor.py:161} INFO - Started process (PID=17763) to work on /Users/admin/anaconda3/lib/python3.11/site-packages/airflow/example_dags/plugins/event_listener.py
[2025-05-04T22:30:31.115+0300] {processor.py:830} INFO - Processing file /Users/admin/anaconda3/lib/python3.11/site-packages/airflow/example_dags/plugins/event_listener.py for tasks to queue
[2025-05-04T22:30:31.116+0300] {logging_mixin.py:188} INFO - [2025-05-04T22:30:31.116+0300] {dagbag.py:540} INFO - Filling up the DagBag from /Users/admin/anaconda3/lib/python3.11/site-packages/airflow/example_dags/plugins/event_listener.py
[2025-05-04T22:30:31.116+0300] {processor.py:842} WARNING - No viable dags retrieved from /Users/admin/anaconda3/lib/python3.11/site-packages/airflow/example_dags/plugins/event_listener.py
[2025-05-04T22:30:31.163+0300] {processor.py:183} INFO - Processing /Users/admin/anaconda3/lib/python3.11/site-packages/airflow/example_dags/plugins/event_listener.py took 0.049 seconds
[2025-05-04T22:31:55.397+0300] {processor.py:161} INFO - Started process (PID=18172) to work on /Users/admin/anaconda3/lib/python3.11/site-packages/airflow/example_dags/plugins/event_listener.py
[2025-05-04T22:31:55.397+0300] {processor.py:830} INFO - Processing file /Users/admin/anaconda3/lib/python3.11/site-packages/airflow/example_dags/plugins/event_listener.py for tasks to queue
[2025-05-04T22:31:55.398+0300] {logging_mixin.py:188} INFO - [2025-05-04T22:31:55.398+0300] {dagbag.py:540} INFO - Filling up the DagBag from /Users/admin/anaconda3/lib/python3.11/site-packages/airflow/example_dags/plugins/event_listener.py
[2025-05-04T22:31:55.399+0300] {processor.py:842} WARNING - No viable dags retrieved from /Users/admin/anaconda3/lib/python3.11/site-packages/airflow/example_dags/plugins/event_listener.py
[2025-05-04T22:31:55.452+0300] {processor.py:183} INFO - Processing /Users/admin/anaconda3/lib/python3.11/site-packages/airflow/example_dags/plugins/event_listener.py took 0.057 seconds
[2025-05-04T23:17:11.615+0300] {processor.py:161} INFO - Started process (PID=18657) to work on /Users/admin/anaconda3/lib/python3.11/site-packages/airflow/example_dags/plugins/event_listener.py
[2025-05-04T23:17:11.617+0300] {processor.py:830} INFO - Processing file /Users/admin/anaconda3/lib/python3.11/site-packages/airflow/example_dags/plugins/event_listener.py for tasks to queue
[2025-05-04T23:17:11.617+0300] {logging_mixin.py:188} INFO - [2025-05-04T23:17:11.617+0300] {dagbag.py:540} INFO - Filling up the DagBag from /Users/admin/anaconda3/lib/python3.11/site-packages/airflow/example_dags/plugins/event_listener.py
[2025-05-04T23:17:11.618+0300] {processor.py:842} WARNING - No viable dags retrieved from /Users/admin/anaconda3/lib/python3.11/site-packages/airflow/example_dags/plugins/event_listener.py
[2025-05-04T23:17:11.664+0300] {processor.py:183} INFO - Processing /Users/admin/anaconda3/lib/python3.11/site-packages/airflow/example_dags/plugins/event_listener.py took 0.049 seconds
[2025-05-04T23:18:35.136+0300] {processor.py:161} INFO - Started process (PID=19049) to work on /Users/admin/anaconda3/lib/python3.11/site-packages/airflow/example_dags/plugins/event_listener.py
[2025-05-04T23:18:35.137+0300] {processor.py:830} INFO - Processing file /Users/admin/anaconda3/lib/python3.11/site-packages/airflow/example_dags/plugins/event_listener.py for tasks to queue
[2025-05-04T23:18:35.138+0300] {logging_mixin.py:188} INFO - [2025-05-04T23:18:35.138+0300] {dagbag.py:540} INFO - Filling up the DagBag from /Users/admin/anaconda3/lib/python3.11/site-packages/airflow/example_dags/plugins/event_listener.py
[2025-05-04T23:18:35.138+0300] {processor.py:842} WARNING - No viable dags retrieved from /Users/admin/anaconda3/lib/python3.11/site-packages/airflow/example_dags/plugins/event_listener.py
[2025-05-04T23:18:35.184+0300] {processor.py:183} INFO - Processing /Users/admin/anaconda3/lib/python3.11/site-packages/airflow/example_dags/plugins/event_listener.py took 0.048 seconds
[2025-05-04T23:19:56.027+0300] {processor.py:161} INFO - Started process (PID=19428) to work on /Users/admin/anaconda3/lib/python3.11/site-packages/airflow/example_dags/plugins/event_listener.py
[2025-05-04T23:19:56.029+0300] {processor.py:830} INFO - Processing file /Users/admin/anaconda3/lib/python3.11/site-packages/airflow/example_dags/plugins/event_listener.py for tasks to queue
[2025-05-04T23:19:56.029+0300] {logging_mixin.py:188} INFO - [2025-05-04T23:19:56.029+0300] {dagbag.py:540} INFO - Filling up the DagBag from /Users/admin/anaconda3/lib/python3.11/site-packages/airflow/example_dags/plugins/event_listener.py
[2025-05-04T23:19:56.030+0300] {processor.py:842} WARNING - No viable dags retrieved from /Users/admin/anaconda3/lib/python3.11/site-packages/airflow/example_dags/plugins/event_listener.py
[2025-05-04T23:19:56.076+0300] {processor.py:183} INFO - Processing /Users/admin/anaconda3/lib/python3.11/site-packages/airflow/example_dags/plugins/event_listener.py took 0.049 seconds
[2025-05-04T23:21:24.080+0300] {processor.py:161} INFO - Started process (PID=19848) to work on /Users/admin/anaconda3/lib/python3.11/site-packages/airflow/example_dags/plugins/event_listener.py
[2025-05-04T23:21:24.081+0300] {processor.py:830} INFO - Processing file /Users/admin/anaconda3/lib/python3.11/site-packages/airflow/example_dags/plugins/event_listener.py for tasks to queue
[2025-05-04T23:21:24.082+0300] {logging_mixin.py:188} INFO - [2025-05-04T23:21:24.081+0300] {dagbag.py:540} INFO - Filling up the DagBag from /Users/admin/anaconda3/lib/python3.11/site-packages/airflow/example_dags/plugins/event_listener.py
[2025-05-04T23:21:24.082+0300] {processor.py:842} WARNING - No viable dags retrieved from /Users/admin/anaconda3/lib/python3.11/site-packages/airflow/example_dags/plugins/event_listener.py
[2025-05-04T23:21:24.128+0300] {processor.py:183} INFO - Processing /Users/admin/anaconda3/lib/python3.11/site-packages/airflow/example_dags/plugins/event_listener.py took 0.049 seconds
[2025-05-04T23:22:54.706+0300] {processor.py:161} INFO - Started process (PID=20267) to work on /Users/admin/anaconda3/lib/python3.11/site-packages/airflow/example_dags/plugins/event_listener.py
[2025-05-04T23:22:54.708+0300] {processor.py:830} INFO - Processing file /Users/admin/anaconda3/lib/python3.11/site-packages/airflow/example_dags/plugins/event_listener.py for tasks to queue
[2025-05-04T23:22:54.708+0300] {logging_mixin.py:188} INFO - [2025-05-04T23:22:54.708+0300] {dagbag.py:540} INFO - Filling up the DagBag from /Users/admin/anaconda3/lib/python3.11/site-packages/airflow/example_dags/plugins/event_listener.py
[2025-05-04T23:22:54.709+0300] {processor.py:842} WARNING - No viable dags retrieved from /Users/admin/anaconda3/lib/python3.11/site-packages/airflow/example_dags/plugins/event_listener.py
[2025-05-04T23:22:54.755+0300] {processor.py:183} INFO - Processing /Users/admin/anaconda3/lib/python3.11/site-packages/airflow/example_dags/plugins/event_listener.py took 0.050 seconds
[2025-05-04T23:24:20.088+0300] {processor.py:161} INFO - Started process (PID=20676) to work on /Users/admin/anaconda3/lib/python3.11/site-packages/airflow/example_dags/plugins/event_listener.py
[2025-05-04T23:24:20.090+0300] {processor.py:830} INFO - Processing file /Users/admin/anaconda3/lib/python3.11/site-packages/airflow/example_dags/plugins/event_listener.py for tasks to queue
[2025-05-04T23:24:20.090+0300] {logging_mixin.py:188} INFO - [2025-05-04T23:24:20.090+0300] {dagbag.py:540} INFO - Filling up the DagBag from /Users/admin/anaconda3/lib/python3.11/site-packages/airflow/example_dags/plugins/event_listener.py
[2025-05-04T23:24:20.091+0300] {processor.py:842} WARNING - No viable dags retrieved from /Users/admin/anaconda3/lib/python3.11/site-packages/airflow/example_dags/plugins/event_listener.py
[2025-05-04T23:24:20.138+0300] {processor.py:183} INFO - Processing /Users/admin/anaconda3/lib/python3.11/site-packages/airflow/example_dags/plugins/event_listener.py took 0.050 seconds
[2025-05-04T23:25:46.920+0300] {processor.py:161} INFO - Started process (PID=21073) to work on /Users/admin/anaconda3/lib/python3.11/site-packages/airflow/example_dags/plugins/event_listener.py
[2025-05-04T23:25:46.921+0300] {processor.py:830} INFO - Processing file /Users/admin/anaconda3/lib/python3.11/site-packages/airflow/example_dags/plugins/event_listener.py for tasks to queue
[2025-05-04T23:25:46.922+0300] {logging_mixin.py:188} INFO - [2025-05-04T23:25:46.921+0300] {dagbag.py:540} INFO - Filling up the DagBag from /Users/admin/anaconda3/lib/python3.11/site-packages/airflow/example_dags/plugins/event_listener.py
[2025-05-04T23:25:46.922+0300] {processor.py:842} WARNING - No viable dags retrieved from /Users/admin/anaconda3/lib/python3.11/site-packages/airflow/example_dags/plugins/event_listener.py
[2025-05-04T23:25:46.968+0300] {processor.py:183} INFO - Processing /Users/admin/anaconda3/lib/python3.11/site-packages/airflow/example_dags/plugins/event_listener.py took 0.049 seconds
[2025-05-04T23:27:13.745+0300] {processor.py:161} INFO - Started process (PID=21495) to work on /Users/admin/anaconda3/lib/python3.11/site-packages/airflow/example_dags/plugins/event_listener.py
[2025-05-04T23:27:13.746+0300] {processor.py:830} INFO - Processing file /Users/admin/anaconda3/lib/python3.11/site-packages/airflow/example_dags/plugins/event_listener.py for tasks to queue
[2025-05-04T23:27:13.746+0300] {logging_mixin.py:188} INFO - [2025-05-04T23:27:13.746+0300] {dagbag.py:540} INFO - Filling up the DagBag from /Users/admin/anaconda3/lib/python3.11/site-packages/airflow/example_dags/plugins/event_listener.py
[2025-05-04T23:27:13.747+0300] {processor.py:842} WARNING - No viable dags retrieved from /Users/admin/anaconda3/lib/python3.11/site-packages/airflow/example_dags/plugins/event_listener.py
[2025-05-04T23:27:13.792+0300] {processor.py:183} INFO - Processing /Users/admin/anaconda3/lib/python3.11/site-packages/airflow/example_dags/plugins/event_listener.py took 0.049 seconds
[2025-05-04T23:28:40.655+0300] {processor.py:161} INFO - Started process (PID=21902) to work on /Users/admin/anaconda3/lib/python3.11/site-packages/airflow/example_dags/plugins/event_listener.py
[2025-05-04T23:28:40.657+0300] {processor.py:830} INFO - Processing file /Users/admin/anaconda3/lib/python3.11/site-packages/airflow/example_dags/plugins/event_listener.py for tasks to queue
[2025-05-04T23:28:40.657+0300] {logging_mixin.py:188} INFO - [2025-05-04T23:28:40.657+0300] {dagbag.py:540} INFO - Filling up the DagBag from /Users/admin/anaconda3/lib/python3.11/site-packages/airflow/example_dags/plugins/event_listener.py
[2025-05-04T23:28:40.658+0300] {processor.py:842} WARNING - No viable dags retrieved from /Users/admin/anaconda3/lib/python3.11/site-packages/airflow/example_dags/plugins/event_listener.py
[2025-05-04T23:28:40.703+0300] {processor.py:183} INFO - Processing /Users/admin/anaconda3/lib/python3.11/site-packages/airflow/example_dags/plugins/event_listener.py took 0.049 seconds
[2025-05-04T23:30:09.919+0300] {processor.py:161} INFO - Started process (PID=22346) to work on /Users/admin/anaconda3/lib/python3.11/site-packages/airflow/example_dags/plugins/event_listener.py
[2025-05-04T23:30:09.921+0300] {processor.py:830} INFO - Processing file /Users/admin/anaconda3/lib/python3.11/site-packages/airflow/example_dags/plugins/event_listener.py for tasks to queue
[2025-05-04T23:30:09.921+0300] {logging_mixin.py:188} INFO - [2025-05-04T23:30:09.921+0300] {dagbag.py:540} INFO - Filling up the DagBag from /Users/admin/anaconda3/lib/python3.11/site-packages/airflow/example_dags/plugins/event_listener.py
[2025-05-04T23:30:09.922+0300] {processor.py:842} WARNING - No viable dags retrieved from /Users/admin/anaconda3/lib/python3.11/site-packages/airflow/example_dags/plugins/event_listener.py
[2025-05-04T23:30:09.968+0300] {processor.py:183} INFO - Processing /Users/admin/anaconda3/lib/python3.11/site-packages/airflow/example_dags/plugins/event_listener.py took 0.049 seconds
[2025-05-04T23:31:41.094+0300] {processor.py:161} INFO - Started process (PID=22766) to work on /Users/admin/anaconda3/lib/python3.11/site-packages/airflow/example_dags/plugins/event_listener.py
[2025-05-04T23:31:41.095+0300] {processor.py:830} INFO - Processing file /Users/admin/anaconda3/lib/python3.11/site-packages/airflow/example_dags/plugins/event_listener.py for tasks to queue
[2025-05-04T23:31:41.095+0300] {logging_mixin.py:188} INFO - [2025-05-04T23:31:41.095+0300] {dagbag.py:540} INFO - Filling up the DagBag from /Users/admin/anaconda3/lib/python3.11/site-packages/airflow/example_dags/plugins/event_listener.py
[2025-05-04T23:31:41.096+0300] {processor.py:842} WARNING - No viable dags retrieved from /Users/admin/anaconda3/lib/python3.11/site-packages/airflow/example_dags/plugins/event_listener.py
[2025-05-04T23:31:41.141+0300] {processor.py:183} INFO - Processing /Users/admin/anaconda3/lib/python3.11/site-packages/airflow/example_dags/plugins/event_listener.py took 0.048 seconds
[2025-05-04T23:33:10.139+0300] {processor.py:161} INFO - Started process (PID=23183) to work on /Users/admin/anaconda3/lib/python3.11/site-packages/airflow/example_dags/plugins/event_listener.py
[2025-05-04T23:33:10.140+0300] {processor.py:830} INFO - Processing file /Users/admin/anaconda3/lib/python3.11/site-packages/airflow/example_dags/plugins/event_listener.py for tasks to queue
[2025-05-04T23:33:10.141+0300] {logging_mixin.py:188} INFO - [2025-05-04T23:33:10.140+0300] {dagbag.py:540} INFO - Filling up the DagBag from /Users/admin/anaconda3/lib/python3.11/site-packages/airflow/example_dags/plugins/event_listener.py
[2025-05-04T23:33:10.141+0300] {processor.py:842} WARNING - No viable dags retrieved from /Users/admin/anaconda3/lib/python3.11/site-packages/airflow/example_dags/plugins/event_listener.py
[2025-05-04T23:33:10.187+0300] {processor.py:183} INFO - Processing /Users/admin/anaconda3/lib/python3.11/site-packages/airflow/example_dags/plugins/event_listener.py took 0.048 seconds
[2025-05-04T23:34:38.319+0300] {processor.py:161} INFO - Started process (PID=23589) to work on /Users/admin/anaconda3/lib/python3.11/site-packages/airflow/example_dags/plugins/event_listener.py
[2025-05-04T23:34:38.319+0300] {processor.py:830} INFO - Processing file /Users/admin/anaconda3/lib/python3.11/site-packages/airflow/example_dags/plugins/event_listener.py for tasks to queue
[2025-05-04T23:34:38.320+0300] {logging_mixin.py:188} INFO - [2025-05-04T23:34:38.320+0300] {dagbag.py:540} INFO - Filling up the DagBag from /Users/admin/anaconda3/lib/python3.11/site-packages/airflow/example_dags/plugins/event_listener.py
[2025-05-04T23:34:38.321+0300] {processor.py:842} WARNING - No viable dags retrieved from /Users/admin/anaconda3/lib/python3.11/site-packages/airflow/example_dags/plugins/event_listener.py
[2025-05-04T23:34:38.369+0300] {processor.py:183} INFO - Processing /Users/admin/anaconda3/lib/python3.11/site-packages/airflow/example_dags/plugins/event_listener.py took 0.051 seconds
[2025-05-04T23:36:13.340+0300] {processor.py:161} INFO - Started process (PID=24053) to work on /Users/admin/anaconda3/lib/python3.11/site-packages/airflow/example_dags/plugins/event_listener.py
[2025-05-04T23:36:13.340+0300] {processor.py:830} INFO - Processing file /Users/admin/anaconda3/lib/python3.11/site-packages/airflow/example_dags/plugins/event_listener.py for tasks to queue
[2025-05-04T23:36:13.341+0300] {logging_mixin.py:188} INFO - [2025-05-04T23:36:13.341+0300] {dagbag.py:540} INFO - Filling up the DagBag from /Users/admin/anaconda3/lib/python3.11/site-packages/airflow/example_dags/plugins/event_listener.py
[2025-05-04T23:36:13.341+0300] {processor.py:842} WARNING - No viable dags retrieved from /Users/admin/anaconda3/lib/python3.11/site-packages/airflow/example_dags/plugins/event_listener.py
[2025-05-04T23:36:13.387+0300] {processor.py:183} INFO - Processing /Users/admin/anaconda3/lib/python3.11/site-packages/airflow/example_dags/plugins/event_listener.py took 0.048 seconds
[2025-05-04T23:37:43.240+0300] {processor.py:161} INFO - Started process (PID=24495) to work on /Users/admin/anaconda3/lib/python3.11/site-packages/airflow/example_dags/plugins/event_listener.py
[2025-05-04T23:37:43.241+0300] {processor.py:830} INFO - Processing file /Users/admin/anaconda3/lib/python3.11/site-packages/airflow/example_dags/plugins/event_listener.py for tasks to queue
[2025-05-04T23:37:43.241+0300] {logging_mixin.py:188} INFO - [2025-05-04T23:37:43.241+0300] {dagbag.py:540} INFO - Filling up the DagBag from /Users/admin/anaconda3/lib/python3.11/site-packages/airflow/example_dags/plugins/event_listener.py
[2025-05-04T23:37:43.242+0300] {processor.py:842} WARNING - No viable dags retrieved from /Users/admin/anaconda3/lib/python3.11/site-packages/airflow/example_dags/plugins/event_listener.py
[2025-05-04T23:37:43.288+0300] {processor.py:183} INFO - Processing /Users/admin/anaconda3/lib/python3.11/site-packages/airflow/example_dags/plugins/event_listener.py took 0.049 seconds
[2025-05-04T23:39:12.561+0300] {processor.py:161} INFO - Started process (PID=24914) to work on /Users/admin/anaconda3/lib/python3.11/site-packages/airflow/example_dags/plugins/event_listener.py
[2025-05-04T23:39:12.563+0300] {processor.py:830} INFO - Processing file /Users/admin/anaconda3/lib/python3.11/site-packages/airflow/example_dags/plugins/event_listener.py for tasks to queue
[2025-05-04T23:39:12.563+0300] {logging_mixin.py:188} INFO - [2025-05-04T23:39:12.563+0300] {dagbag.py:540} INFO - Filling up the DagBag from /Users/admin/anaconda3/lib/python3.11/site-packages/airflow/example_dags/plugins/event_listener.py
[2025-05-04T23:39:12.564+0300] {processor.py:842} WARNING - No viable dags retrieved from /Users/admin/anaconda3/lib/python3.11/site-packages/airflow/example_dags/plugins/event_listener.py
[2025-05-04T23:39:12.610+0300] {processor.py:183} INFO - Processing /Users/admin/anaconda3/lib/python3.11/site-packages/airflow/example_dags/plugins/event_listener.py took 0.049 seconds
[2025-05-04T23:40:51.236+0300] {processor.py:161} INFO - Started process (PID=25374) to work on /Users/admin/anaconda3/lib/python3.11/site-packages/airflow/example_dags/plugins/event_listener.py
[2025-05-04T23:40:51.238+0300] {processor.py:830} INFO - Processing file /Users/admin/anaconda3/lib/python3.11/site-packages/airflow/example_dags/plugins/event_listener.py for tasks to queue
[2025-05-04T23:40:51.238+0300] {logging_mixin.py:188} INFO - [2025-05-04T23:40:51.238+0300] {dagbag.py:540} INFO - Filling up the DagBag from /Users/admin/anaconda3/lib/python3.11/site-packages/airflow/example_dags/plugins/event_listener.py
[2025-05-04T23:40:51.239+0300] {processor.py:842} WARNING - No viable dags retrieved from /Users/admin/anaconda3/lib/python3.11/site-packages/airflow/example_dags/plugins/event_listener.py
[2025-05-04T23:40:51.312+0300] {processor.py:183} INFO - Processing /Users/admin/anaconda3/lib/python3.11/site-packages/airflow/example_dags/plugins/event_listener.py took 0.076 seconds
[2025-05-04T23:42:34.492+0300] {processor.py:161} INFO - Started process (PID=25850) to work on /Users/admin/anaconda3/lib/python3.11/site-packages/airflow/example_dags/plugins/event_listener.py
[2025-05-04T23:42:34.494+0300] {processor.py:830} INFO - Processing file /Users/admin/anaconda3/lib/python3.11/site-packages/airflow/example_dags/plugins/event_listener.py for tasks to queue
[2025-05-04T23:42:34.494+0300] {logging_mixin.py:188} INFO - [2025-05-04T23:42:34.494+0300] {dagbag.py:540} INFO - Filling up the DagBag from /Users/admin/anaconda3/lib/python3.11/site-packages/airflow/example_dags/plugins/event_listener.py
[2025-05-04T23:42:34.495+0300] {processor.py:842} WARNING - No viable dags retrieved from /Users/admin/anaconda3/lib/python3.11/site-packages/airflow/example_dags/plugins/event_listener.py
[2025-05-04T23:42:34.540+0300] {processor.py:183} INFO - Processing /Users/admin/anaconda3/lib/python3.11/site-packages/airflow/example_dags/plugins/event_listener.py took 0.049 seconds
[2025-05-04T23:44:22.035+0300] {processor.py:161} INFO - Started process (PID=26350) to work on /Users/admin/anaconda3/lib/python3.11/site-packages/airflow/example_dags/plugins/event_listener.py
[2025-05-04T23:44:22.036+0300] {processor.py:830} INFO - Processing file /Users/admin/anaconda3/lib/python3.11/site-packages/airflow/example_dags/plugins/event_listener.py for tasks to queue
[2025-05-04T23:44:22.037+0300] {logging_mixin.py:188} INFO - [2025-05-04T23:44:22.037+0300] {dagbag.py:540} INFO - Filling up the DagBag from /Users/admin/anaconda3/lib/python3.11/site-packages/airflow/example_dags/plugins/event_listener.py
[2025-05-04T23:44:22.037+0300] {processor.py:842} WARNING - No viable dags retrieved from /Users/admin/anaconda3/lib/python3.11/site-packages/airflow/example_dags/plugins/event_listener.py
[2025-05-04T23:44:22.084+0300] {processor.py:183} INFO - Processing /Users/admin/anaconda3/lib/python3.11/site-packages/airflow/example_dags/plugins/event_listener.py took 0.049 seconds
[2025-05-04T23:45:56.148+0300] {processor.py:161} INFO - Started process (PID=26786) to work on /Users/admin/anaconda3/lib/python3.11/site-packages/airflow/example_dags/plugins/event_listener.py
[2025-05-04T23:45:56.149+0300] {processor.py:830} INFO - Processing file /Users/admin/anaconda3/lib/python3.11/site-packages/airflow/example_dags/plugins/event_listener.py for tasks to queue
[2025-05-04T23:45:56.150+0300] {logging_mixin.py:188} INFO - [2025-05-04T23:45:56.149+0300] {dagbag.py:540} INFO - Filling up the DagBag from /Users/admin/anaconda3/lib/python3.11/site-packages/airflow/example_dags/plugins/event_listener.py
[2025-05-04T23:45:56.150+0300] {processor.py:842} WARNING - No viable dags retrieved from /Users/admin/anaconda3/lib/python3.11/site-packages/airflow/example_dags/plugins/event_listener.py
[2025-05-04T23:45:56.196+0300] {processor.py:183} INFO - Processing /Users/admin/anaconda3/lib/python3.11/site-packages/airflow/example_dags/plugins/event_listener.py took 0.049 seconds
[2025-05-04T23:47:26.448+0300] {processor.py:161} INFO - Started process (PID=27203) to work on /Users/admin/anaconda3/lib/python3.11/site-packages/airflow/example_dags/plugins/event_listener.py
[2025-05-04T23:47:26.450+0300] {processor.py:830} INFO - Processing file /Users/admin/anaconda3/lib/python3.11/site-packages/airflow/example_dags/plugins/event_listener.py for tasks to queue
[2025-05-04T23:47:26.450+0300] {logging_mixin.py:188} INFO - [2025-05-04T23:47:26.450+0300] {dagbag.py:540} INFO - Filling up the DagBag from /Users/admin/anaconda3/lib/python3.11/site-packages/airflow/example_dags/plugins/event_listener.py
[2025-05-04T23:47:26.451+0300] {processor.py:842} WARNING - No viable dags retrieved from /Users/admin/anaconda3/lib/python3.11/site-packages/airflow/example_dags/plugins/event_listener.py
[2025-05-04T23:47:26.497+0300] {processor.py:183} INFO - Processing /Users/admin/anaconda3/lib/python3.11/site-packages/airflow/example_dags/plugins/event_listener.py took 0.049 seconds
[2025-05-04T23:48:56.323+0300] {processor.py:161} INFO - Started process (PID=27630) to work on /Users/admin/anaconda3/lib/python3.11/site-packages/airflow/example_dags/plugins/event_listener.py
[2025-05-04T23:48:56.325+0300] {processor.py:830} INFO - Processing file /Users/admin/anaconda3/lib/python3.11/site-packages/airflow/example_dags/plugins/event_listener.py for tasks to queue
[2025-05-04T23:48:56.325+0300] {logging_mixin.py:188} INFO - [2025-05-04T23:48:56.325+0300] {dagbag.py:540} INFO - Filling up the DagBag from /Users/admin/anaconda3/lib/python3.11/site-packages/airflow/example_dags/plugins/event_listener.py
[2025-05-04T23:48:56.326+0300] {processor.py:842} WARNING - No viable dags retrieved from /Users/admin/anaconda3/lib/python3.11/site-packages/airflow/example_dags/plugins/event_listener.py
[2025-05-04T23:48:56.372+0300] {processor.py:183} INFO - Processing /Users/admin/anaconda3/lib/python3.11/site-packages/airflow/example_dags/plugins/event_listener.py took 0.049 seconds
[2025-05-04T23:50:24.293+0300] {processor.py:161} INFO - Started process (PID=28042) to work on /Users/admin/anaconda3/lib/python3.11/site-packages/airflow/example_dags/plugins/event_listener.py
[2025-05-04T23:50:24.294+0300] {processor.py:830} INFO - Processing file /Users/admin/anaconda3/lib/python3.11/site-packages/airflow/example_dags/plugins/event_listener.py for tasks to queue
[2025-05-04T23:50:24.294+0300] {logging_mixin.py:188} INFO - [2025-05-04T23:50:24.294+0300] {dagbag.py:540} INFO - Filling up the DagBag from /Users/admin/anaconda3/lib/python3.11/site-packages/airflow/example_dags/plugins/event_listener.py
[2025-05-04T23:50:24.295+0300] {processor.py:842} WARNING - No viable dags retrieved from /Users/admin/anaconda3/lib/python3.11/site-packages/airflow/example_dags/plugins/event_listener.py
[2025-05-04T23:50:24.341+0300] {processor.py:183} INFO - Processing /Users/admin/anaconda3/lib/python3.11/site-packages/airflow/example_dags/plugins/event_listener.py took 0.049 seconds
[2025-05-04T23:52:08.102+0300] {processor.py:161} INFO - Started process (PID=28526) to work on /Users/admin/anaconda3/lib/python3.11/site-packages/airflow/example_dags/plugins/event_listener.py
[2025-05-04T23:52:08.103+0300] {processor.py:830} INFO - Processing file /Users/admin/anaconda3/lib/python3.11/site-packages/airflow/example_dags/plugins/event_listener.py for tasks to queue
[2025-05-04T23:52:08.103+0300] {logging_mixin.py:188} INFO - [2025-05-04T23:52:08.103+0300] {dagbag.py:540} INFO - Filling up the DagBag from /Users/admin/anaconda3/lib/python3.11/site-packages/airflow/example_dags/plugins/event_listener.py
[2025-05-04T23:52:08.104+0300] {processor.py:842} WARNING - No viable dags retrieved from /Users/admin/anaconda3/lib/python3.11/site-packages/airflow/example_dags/plugins/event_listener.py
[2025-05-04T23:52:08.150+0300] {processor.py:183} INFO - Processing /Users/admin/anaconda3/lib/python3.11/site-packages/airflow/example_dags/plugins/event_listener.py took 0.049 seconds
[2025-05-04T23:58:04.109+0300] {processor.py:161} INFO - Started process (PID=28967) to work on /Users/admin/anaconda3/lib/python3.11/site-packages/airflow/example_dags/plugins/event_listener.py
[2025-05-04T23:58:04.111+0300] {processor.py:830} INFO - Processing file /Users/admin/anaconda3/lib/python3.11/site-packages/airflow/example_dags/plugins/event_listener.py for tasks to queue
[2025-05-04T23:58:04.111+0300] {logging_mixin.py:188} INFO - [2025-05-04T23:58:04.111+0300] {dagbag.py:540} INFO - Filling up the DagBag from /Users/admin/anaconda3/lib/python3.11/site-packages/airflow/example_dags/plugins/event_listener.py
[2025-05-04T23:58:04.112+0300] {processor.py:842} WARNING - No viable dags retrieved from /Users/admin/anaconda3/lib/python3.11/site-packages/airflow/example_dags/plugins/event_listener.py
[2025-05-04T23:58:04.157+0300] {processor.py:183} INFO - Processing /Users/admin/anaconda3/lib/python3.11/site-packages/airflow/example_dags/plugins/event_listener.py took 0.049 seconds
