[2025-05-04T22:10:39.658+0300] {processor.py:161} INFO - Started process (PID=13952) to work on /Users/admin/anaconda3/lib/python3.11/site-packages/airflow/example_dags/plugins/listener_plugin.py
[2025-05-04T22:10:39.659+0300] {processor.py:830} INFO - Processing file /Users/admin/anaconda3/lib/python3.11/site-packages/airflow/example_dags/plugins/listener_plugin.py for tasks to queue
[2025-05-04T22:10:39.659+0300] {logging_mixin.py:188} INFO - [2025-05-04T22:10:39.659+0300] {dagbag.py:540} INFO - Filling up the DagBag from /Users/admin/anaconda3/lib/python3.11/site-packages/airflow/example_dags/plugins/listener_plugin.py
[2025-05-04T22:10:39.661+0300] {processor.py:842} WARNING - No viable dags retrieved from /Users/admin/anaconda3/lib/python3.11/site-packages/airflow/example_dags/plugins/listener_plugin.py
[2025-05-04T22:10:39.708+0300] {processor.py:183} INFO - Processing /Users/admin/anaconda3/lib/python3.11/site-packages/airflow/example_dags/plugins/listener_plugin.py took 0.050 seconds
[2025-05-04T22:12:35.979+0300] {processor.py:161} INFO - Started process (PID=14576) to work on /Users/admin/anaconda3/lib/python3.11/site-packages/airflow/example_dags/plugins/listener_plugin.py
[2025-05-04T22:12:35.980+0300] {processor.py:830} INFO - Processing file /Users/admin/anaconda3/lib/python3.11/site-packages/airflow/example_dags/plugins/listener_plugin.py for tasks to queue
[2025-05-04T22:12:35.980+0300] {logging_mixin.py:188} INFO - [2025-05-04T22:12:35.980+0300] {dagbag.py:540} INFO - Filling up the DagBag from /Users/admin/anaconda3/lib/python3.11/site-packages/airflow/example_dags/plugins/listener_plugin.py
[2025-05-04T22:12:35.983+0300] {processor.py:842} WARNING - No viable dags retrieved from /Users/admin/anaconda3/lib/python3.11/site-packages/airflow/example_dags/plugins/listener_plugin.py
[2025-05-04T22:12:36.030+0300] {processor.py:183} INFO - Processing /Users/admin/anaconda3/lib/python3.11/site-packages/airflow/example_dags/plugins/listener_plugin.py took 0.052 seconds
[2025-05-04T22:13:57.321+0300] {processor.py:161} INFO - Started process (PID=14966) to work on /Users/admin/anaconda3/lib/python3.11/site-packages/airflow/example_dags/plugins/listener_plugin.py
[2025-05-04T22:13:57.322+0300] {processor.py:830} INFO - Processing file /Users/admin/anaconda3/lib/python3.11/site-packages/airflow/example_dags/plugins/listener_plugin.py for tasks to queue
[2025-05-04T22:13:57.322+0300] {logging_mixin.py:188} INFO - [2025-05-04T22:13:57.322+0300] {dagbag.py:540} INFO - Filling up the DagBag from /Users/admin/anaconda3/lib/python3.11/site-packages/airflow/example_dags/plugins/listener_plugin.py
[2025-05-04T22:13:57.324+0300] {processor.py:842} WARNING - No viable dags retrieved from /Users/admin/anaconda3/lib/python3.11/site-packages/airflow/example_dags/plugins/listener_plugin.py
[2025-05-04T22:13:57.370+0300] {processor.py:183} INFO - Processing /Users/admin/anaconda3/lib/python3.11/site-packages/airflow/example_dags/plugins/listener_plugin.py took 0.050 seconds
[2025-05-04T22:15:18.338+0300] {processor.py:161} INFO - Started process (PID=15353) to work on /Users/admin/anaconda3/lib/python3.11/site-packages/airflow/example_dags/plugins/listener_plugin.py
[2025-05-04T22:15:18.339+0300] {processor.py:830} INFO - Processing file /Users/admin/anaconda3/lib/python3.11/site-packages/airflow/example_dags/plugins/listener_plugin.py for tasks to queue
[2025-05-04T22:15:18.339+0300] {logging_mixin.py:188} INFO - [2025-05-04T22:15:18.339+0300] {dagbag.py:540} INFO - Filling up the DagBag from /Users/admin/anaconda3/lib/python3.11/site-packages/airflow/example_dags/plugins/listener_plugin.py
[2025-05-04T22:15:18.341+0300] {processor.py:842} WARNING - No viable dags retrieved from /Users/admin/anaconda3/lib/python3.11/site-packages/airflow/example_dags/plugins/listener_plugin.py
[2025-05-04T22:15:18.388+0300] {processor.py:183} INFO - Processing /Users/admin/anaconda3/lib/python3.11/site-packages/airflow/example_dags/plugins/listener_plugin.py took 0.050 seconds
[2025-05-04T22:16:41.983+0300] {processor.py:161} INFO - Started process (PID=15754) to work on /Users/admin/anaconda3/lib/python3.11/site-packages/airflow/example_dags/plugins/listener_plugin.py
[2025-05-04T22:16:41.984+0300] {processor.py:830} INFO - Processing file /Users/admin/anaconda3/lib/python3.11/site-packages/airflow/example_dags/plugins/listener_plugin.py for tasks to queue
[2025-05-04T22:16:41.985+0300] {logging_mixin.py:188} INFO - [2025-05-04T22:16:41.985+0300] {dagbag.py:540} INFO - Filling up the DagBag from /Users/admin/anaconda3/lib/python3.11/site-packages/airflow/example_dags/plugins/listener_plugin.py
[2025-05-04T22:16:41.986+0300] {processor.py:842} WARNING - No viable dags retrieved from /Users/admin/anaconda3/lib/python3.11/site-packages/airflow/example_dags/plugins/listener_plugin.py
[2025-05-04T22:16:42.032+0300] {processor.py:183} INFO - Processing /Users/admin/anaconda3/lib/python3.11/site-packages/airflow/example_dags/plugins/listener_plugin.py took 0.050 seconds
[2025-05-04T22:18:07.820+0300] {processor.py:161} INFO - Started process (PID=16155) to work on /Users/admin/anaconda3/lib/python3.11/site-packages/airflow/example_dags/plugins/listener_plugin.py
[2025-05-04T22:18:07.821+0300] {processor.py:830} INFO - Processing file /Users/admin/anaconda3/lib/python3.11/site-packages/airflow/example_dags/plugins/listener_plugin.py for tasks to queue
[2025-05-04T22:18:07.822+0300] {logging_mixin.py:188} INFO - [2025-05-04T22:18:07.822+0300] {dagbag.py:540} INFO - Filling up the DagBag from /Users/admin/anaconda3/lib/python3.11/site-packages/airflow/example_dags/plugins/listener_plugin.py
[2025-05-04T22:18:07.824+0300] {processor.py:842} WARNING - No viable dags retrieved from /Users/admin/anaconda3/lib/python3.11/site-packages/airflow/example_dags/plugins/listener_plugin.py
[2025-05-04T22:18:07.869+0300] {processor.py:183} INFO - Processing /Users/admin/anaconda3/lib/python3.11/site-packages/airflow/example_dags/plugins/listener_plugin.py took 0.049 seconds
[2025-05-04T22:26:22.931+0300] {processor.py:161} INFO - Started process (PID=16602) to work on /Users/admin/anaconda3/lib/python3.11/site-packages/airflow/example_dags/plugins/listener_plugin.py
[2025-05-04T22:26:22.932+0300] {processor.py:830} INFO - Processing file /Users/admin/anaconda3/lib/python3.11/site-packages/airflow/example_dags/plugins/listener_plugin.py for tasks to queue
[2025-05-04T22:26:22.932+0300] {logging_mixin.py:188} INFO - [2025-05-04T22:26:22.932+0300] {dagbag.py:540} INFO - Filling up the DagBag from /Users/admin/anaconda3/lib/python3.11/site-packages/airflow/example_dags/plugins/listener_plugin.py
[2025-05-04T22:26:22.934+0300] {processor.py:842} WARNING - No viable dags retrieved from /Users/admin/anaconda3/lib/python3.11/site-packages/airflow/example_dags/plugins/listener_plugin.py
[2025-05-04T22:26:22.980+0300] {processor.py:183} INFO - Processing /Users/admin/anaconda3/lib/python3.11/site-packages/airflow/example_dags/plugins/listener_plugin.py took 0.050 seconds
[2025-05-04T22:27:46.153+0300] {processor.py:161} INFO - Started process (PID=16995) to work on /Users/admin/anaconda3/lib/python3.11/site-packages/airflow/example_dags/plugins/listener_plugin.py
[2025-05-04T22:27:46.154+0300] {processor.py:830} INFO - Processing file /Users/admin/anaconda3/lib/python3.11/site-packages/airflow/example_dags/plugins/listener_plugin.py for tasks to queue
[2025-05-04T22:27:46.155+0300] {logging_mixin.py:188} INFO - [2025-05-04T22:27:46.154+0300] {dagbag.py:540} INFO - Filling up the DagBag from /Users/admin/anaconda3/lib/python3.11/site-packages/airflow/example_dags/plugins/listener_plugin.py
[2025-05-04T22:27:46.156+0300] {processor.py:842} WARNING - No viable dags retrieved from /Users/admin/anaconda3/lib/python3.11/site-packages/airflow/example_dags/plugins/listener_plugin.py
[2025-05-04T22:27:46.203+0300] {processor.py:183} INFO - Processing /Users/admin/anaconda3/lib/python3.11/site-packages/airflow/example_dags/plugins/listener_plugin.py took 0.050 seconds
[2025-05-04T22:29:08.055+0300] {processor.py:161} INFO - Started process (PID=17376) to work on /Users/admin/anaconda3/lib/python3.11/site-packages/airflow/example_dags/plugins/listener_plugin.py
[2025-05-04T22:29:08.055+0300] {processor.py:830} INFO - Processing file /Users/admin/anaconda3/lib/python3.11/site-packages/airflow/example_dags/plugins/listener_plugin.py for tasks to queue
[2025-05-04T22:29:08.056+0300] {logging_mixin.py:188} INFO - [2025-05-04T22:29:08.056+0300] {dagbag.py:540} INFO - Filling up the DagBag from /Users/admin/anaconda3/lib/python3.11/site-packages/airflow/example_dags/plugins/listener_plugin.py
[2025-05-04T22:29:08.057+0300] {processor.py:842} WARNING - No viable dags retrieved from /Users/admin/anaconda3/lib/python3.11/site-packages/airflow/example_dags/plugins/listener_plugin.py
[2025-05-04T22:29:08.103+0300] {processor.py:183} INFO - Processing /Users/admin/anaconda3/lib/python3.11/site-packages/airflow/example_dags/plugins/listener_plugin.py took 0.049 seconds
[2025-05-04T22:30:28.737+0300] {processor.py:161} INFO - Started process (PID=17754) to work on /Users/admin/anaconda3/lib/python3.11/site-packages/airflow/example_dags/plugins/listener_plugin.py
[2025-05-04T22:30:28.738+0300] {processor.py:830} INFO - Processing file /Users/admin/anaconda3/lib/python3.11/site-packages/airflow/example_dags/plugins/listener_plugin.py for tasks to queue
[2025-05-04T22:30:28.739+0300] {logging_mixin.py:188} INFO - [2025-05-04T22:30:28.739+0300] {dagbag.py:540} INFO - Filling up the DagBag from /Users/admin/anaconda3/lib/python3.11/site-packages/airflow/example_dags/plugins/listener_plugin.py
[2025-05-04T22:30:28.740+0300] {processor.py:842} WARNING - No viable dags retrieved from /Users/admin/anaconda3/lib/python3.11/site-packages/airflow/example_dags/plugins/listener_plugin.py
[2025-05-04T22:30:28.787+0300] {processor.py:183} INFO - Processing /Users/admin/anaconda3/lib/python3.11/site-packages/airflow/example_dags/plugins/listener_plugin.py took 0.051 seconds
[2025-05-04T22:31:51.612+0300] {processor.py:161} INFO - Started process (PID=18158) to work on /Users/admin/anaconda3/lib/python3.11/site-packages/airflow/example_dags/plugins/listener_plugin.py
[2025-05-04T22:31:51.613+0300] {processor.py:830} INFO - Processing file /Users/admin/anaconda3/lib/python3.11/site-packages/airflow/example_dags/plugins/listener_plugin.py for tasks to queue
[2025-05-04T22:31:51.614+0300] {logging_mixin.py:188} INFO - [2025-05-04T22:31:51.613+0300] {dagbag.py:540} INFO - Filling up the DagBag from /Users/admin/anaconda3/lib/python3.11/site-packages/airflow/example_dags/plugins/listener_plugin.py
[2025-05-04T22:31:51.615+0300] {processor.py:842} WARNING - No viable dags retrieved from /Users/admin/anaconda3/lib/python3.11/site-packages/airflow/example_dags/plugins/listener_plugin.py
[2025-05-04T22:31:51.661+0300] {processor.py:183} INFO - Processing /Users/admin/anaconda3/lib/python3.11/site-packages/airflow/example_dags/plugins/listener_plugin.py took 0.050 seconds
[2025-05-04T23:17:09.246+0300] {processor.py:161} INFO - Started process (PID=18648) to work on /Users/admin/anaconda3/lib/python3.11/site-packages/airflow/example_dags/plugins/listener_plugin.py
[2025-05-04T23:17:09.247+0300] {processor.py:830} INFO - Processing file /Users/admin/anaconda3/lib/python3.11/site-packages/airflow/example_dags/plugins/listener_plugin.py for tasks to queue
[2025-05-04T23:17:09.248+0300] {logging_mixin.py:188} INFO - [2025-05-04T23:17:09.248+0300] {dagbag.py:540} INFO - Filling up the DagBag from /Users/admin/anaconda3/lib/python3.11/site-packages/airflow/example_dags/plugins/listener_plugin.py
[2025-05-04T23:17:09.250+0300] {processor.py:842} WARNING - No viable dags retrieved from /Users/admin/anaconda3/lib/python3.11/site-packages/airflow/example_dags/plugins/listener_plugin.py
[2025-05-04T23:17:09.296+0300] {processor.py:183} INFO - Processing /Users/admin/anaconda3/lib/python3.11/site-packages/airflow/example_dags/plugins/listener_plugin.py took 0.051 seconds
[2025-05-04T23:18:32.785+0300] {processor.py:161} INFO - Started process (PID=19040) to work on /Users/admin/anaconda3/lib/python3.11/site-packages/airflow/example_dags/plugins/listener_plugin.py
[2025-05-04T23:18:32.786+0300] {processor.py:830} INFO - Processing file /Users/admin/anaconda3/lib/python3.11/site-packages/airflow/example_dags/plugins/listener_plugin.py for tasks to queue
[2025-05-04T23:18:32.787+0300] {logging_mixin.py:188} INFO - [2025-05-04T23:18:32.786+0300] {dagbag.py:540} INFO - Filling up the DagBag from /Users/admin/anaconda3/lib/python3.11/site-packages/airflow/example_dags/plugins/listener_plugin.py
[2025-05-04T23:18:32.788+0300] {processor.py:842} WARNING - No viable dags retrieved from /Users/admin/anaconda3/lib/python3.11/site-packages/airflow/example_dags/plugins/listener_plugin.py
[2025-05-04T23:18:32.835+0300] {processor.py:183} INFO - Processing /Users/admin/anaconda3/lib/python3.11/site-packages/airflow/example_dags/plugins/listener_plugin.py took 0.051 seconds
[2025-05-04T23:19:53.687+0300] {processor.py:161} INFO - Started process (PID=19418) to work on /Users/admin/anaconda3/lib/python3.11/site-packages/airflow/example_dags/plugins/listener_plugin.py
[2025-05-04T23:19:53.688+0300] {processor.py:830} INFO - Processing file /Users/admin/anaconda3/lib/python3.11/site-packages/airflow/example_dags/plugins/listener_plugin.py for tasks to queue
[2025-05-04T23:19:53.689+0300] {logging_mixin.py:188} INFO - [2025-05-04T23:19:53.689+0300] {dagbag.py:540} INFO - Filling up the DagBag from /Users/admin/anaconda3/lib/python3.11/site-packages/airflow/example_dags/plugins/listener_plugin.py
[2025-05-04T23:19:53.691+0300] {processor.py:842} WARNING - No viable dags retrieved from /Users/admin/anaconda3/lib/python3.11/site-packages/airflow/example_dags/plugins/listener_plugin.py
[2025-05-04T23:19:53.737+0300] {processor.py:183} INFO - Processing /Users/admin/anaconda3/lib/python3.11/site-packages/airflow/example_dags/plugins/listener_plugin.py took 0.051 seconds
[2025-05-04T23:21:21.737+0300] {processor.py:161} INFO - Started process (PID=19839) to work on /Users/admin/anaconda3/lib/python3.11/site-packages/airflow/example_dags/plugins/listener_plugin.py
[2025-05-04T23:21:21.739+0300] {processor.py:830} INFO - Processing file /Users/admin/anaconda3/lib/python3.11/site-packages/airflow/example_dags/plugins/listener_plugin.py for tasks to queue
[2025-05-04T23:21:21.739+0300] {logging_mixin.py:188} INFO - [2025-05-04T23:21:21.739+0300] {dagbag.py:540} INFO - Filling up the DagBag from /Users/admin/anaconda3/lib/python3.11/site-packages/airflow/example_dags/plugins/listener_plugin.py
[2025-05-04T23:21:21.741+0300] {processor.py:842} WARNING - No viable dags retrieved from /Users/admin/anaconda3/lib/python3.11/site-packages/airflow/example_dags/plugins/listener_plugin.py
[2025-05-04T23:21:21.786+0300] {processor.py:183} INFO - Processing /Users/admin/anaconda3/lib/python3.11/site-packages/airflow/example_dags/plugins/listener_plugin.py took 0.050 seconds
[2025-05-04T23:22:52.306+0300] {processor.py:161} INFO - Started process (PID=20255) to work on /Users/admin/anaconda3/lib/python3.11/site-packages/airflow/example_dags/plugins/listener_plugin.py
[2025-05-04T23:22:52.307+0300] {processor.py:830} INFO - Processing file /Users/admin/anaconda3/lib/python3.11/site-packages/airflow/example_dags/plugins/listener_plugin.py for tasks to queue
[2025-05-04T23:22:52.307+0300] {logging_mixin.py:188} INFO - [2025-05-04T23:22:52.307+0300] {dagbag.py:540} INFO - Filling up the DagBag from /Users/admin/anaconda3/lib/python3.11/site-packages/airflow/example_dags/plugins/listener_plugin.py
[2025-05-04T23:22:52.309+0300] {processor.py:842} WARNING - No viable dags retrieved from /Users/admin/anaconda3/lib/python3.11/site-packages/airflow/example_dags/plugins/listener_plugin.py
[2025-05-04T23:22:52.354+0300] {processor.py:183} INFO - Processing /Users/admin/anaconda3/lib/python3.11/site-packages/airflow/example_dags/plugins/listener_plugin.py took 0.049 seconds
[2025-05-04T23:24:17.692+0300] {processor.py:161} INFO - Started process (PID=20659) to work on /Users/admin/anaconda3/lib/python3.11/site-packages/airflow/example_dags/plugins/listener_plugin.py
[2025-05-04T23:24:17.693+0300] {processor.py:830} INFO - Processing file /Users/admin/anaconda3/lib/python3.11/site-packages/airflow/example_dags/plugins/listener_plugin.py for tasks to queue
[2025-05-04T23:24:17.694+0300] {logging_mixin.py:188} INFO - [2025-05-04T23:24:17.694+0300] {dagbag.py:540} INFO - Filling up the DagBag from /Users/admin/anaconda3/lib/python3.11/site-packages/airflow/example_dags/plugins/listener_plugin.py
[2025-05-04T23:24:17.695+0300] {processor.py:842} WARNING - No viable dags retrieved from /Users/admin/anaconda3/lib/python3.11/site-packages/airflow/example_dags/plugins/listener_plugin.py
[2025-05-04T23:24:17.741+0300] {processor.py:183} INFO - Processing /Users/admin/anaconda3/lib/python3.11/site-packages/airflow/example_dags/plugins/listener_plugin.py took 0.049 seconds
[2025-05-04T23:25:44.580+0300] {processor.py:161} INFO - Started process (PID=21063) to work on /Users/admin/anaconda3/lib/python3.11/site-packages/airflow/example_dags/plugins/listener_plugin.py
[2025-05-04T23:25:44.581+0300] {processor.py:830} INFO - Processing file /Users/admin/anaconda3/lib/python3.11/site-packages/airflow/example_dags/plugins/listener_plugin.py for tasks to queue
[2025-05-04T23:25:44.581+0300] {logging_mixin.py:188} INFO - [2025-05-04T23:25:44.581+0300] {dagbag.py:540} INFO - Filling up the DagBag from /Users/admin/anaconda3/lib/python3.11/site-packages/airflow/example_dags/plugins/listener_plugin.py
[2025-05-04T23:25:44.584+0300] {processor.py:842} WARNING - No viable dags retrieved from /Users/admin/anaconda3/lib/python3.11/site-packages/airflow/example_dags/plugins/listener_plugin.py
[2025-05-04T23:25:44.630+0300] {processor.py:183} INFO - Processing /Users/admin/anaconda3/lib/python3.11/site-packages/airflow/example_dags/plugins/listener_plugin.py took 0.051 seconds
[2025-05-04T23:27:11.400+0300] {processor.py:161} INFO - Started process (PID=21486) to work on /Users/admin/anaconda3/lib/python3.11/site-packages/airflow/example_dags/plugins/listener_plugin.py
[2025-05-04T23:27:11.401+0300] {processor.py:830} INFO - Processing file /Users/admin/anaconda3/lib/python3.11/site-packages/airflow/example_dags/plugins/listener_plugin.py for tasks to queue
[2025-05-04T23:27:11.402+0300] {logging_mixin.py:188} INFO - [2025-05-04T23:27:11.402+0300] {dagbag.py:540} INFO - Filling up the DagBag from /Users/admin/anaconda3/lib/python3.11/site-packages/airflow/example_dags/plugins/listener_plugin.py
[2025-05-04T23:27:11.404+0300] {processor.py:842} WARNING - No viable dags retrieved from /Users/admin/anaconda3/lib/python3.11/site-packages/airflow/example_dags/plugins/listener_plugin.py
[2025-05-04T23:27:11.449+0300] {processor.py:183} INFO - Processing /Users/admin/anaconda3/lib/python3.11/site-packages/airflow/example_dags/plugins/listener_plugin.py took 0.050 seconds
[2025-05-04T23:28:38.235+0300] {processor.py:161} INFO - Started process (PID=21893) to work on /Users/admin/anaconda3/lib/python3.11/site-packages/airflow/example_dags/plugins/listener_plugin.py
[2025-05-04T23:28:38.236+0300] {processor.py:830} INFO - Processing file /Users/admin/anaconda3/lib/python3.11/site-packages/airflow/example_dags/plugins/listener_plugin.py for tasks to queue
[2025-05-04T23:28:38.237+0300] {logging_mixin.py:188} INFO - [2025-05-04T23:28:38.237+0300] {dagbag.py:540} INFO - Filling up the DagBag from /Users/admin/anaconda3/lib/python3.11/site-packages/airflow/example_dags/plugins/listener_plugin.py
[2025-05-04T23:28:38.239+0300] {processor.py:842} WARNING - No viable dags retrieved from /Users/admin/anaconda3/lib/python3.11/site-packages/airflow/example_dags/plugins/listener_plugin.py
[2025-05-04T23:28:38.298+0300] {processor.py:183} INFO - Processing /Users/admin/anaconda3/lib/python3.11/site-packages/airflow/example_dags/plugins/listener_plugin.py took 0.064 seconds
[2025-05-04T23:30:07.555+0300] {processor.py:161} INFO - Started process (PID=22337) to work on /Users/admin/anaconda3/lib/python3.11/site-packages/airflow/example_dags/plugins/listener_plugin.py
[2025-05-04T23:30:07.556+0300] {processor.py:830} INFO - Processing file /Users/admin/anaconda3/lib/python3.11/site-packages/airflow/example_dags/plugins/listener_plugin.py for tasks to queue
[2025-05-04T23:30:07.557+0300] {logging_mixin.py:188} INFO - [2025-05-04T23:30:07.557+0300] {dagbag.py:540} INFO - Filling up the DagBag from /Users/admin/anaconda3/lib/python3.11/site-packages/airflow/example_dags/plugins/listener_plugin.py
[2025-05-04T23:30:07.559+0300] {processor.py:842} WARNING - No viable dags retrieved from /Users/admin/anaconda3/lib/python3.11/site-packages/airflow/example_dags/plugins/listener_plugin.py
[2025-05-04T23:30:07.605+0300] {processor.py:183} INFO - Processing /Users/admin/anaconda3/lib/python3.11/site-packages/airflow/example_dags/plugins/listener_plugin.py took 0.051 seconds
[2025-05-04T23:31:38.744+0300] {processor.py:161} INFO - Started process (PID=22757) to work on /Users/admin/anaconda3/lib/python3.11/site-packages/airflow/example_dags/plugins/listener_plugin.py
[2025-05-04T23:31:38.745+0300] {processor.py:830} INFO - Processing file /Users/admin/anaconda3/lib/python3.11/site-packages/airflow/example_dags/plugins/listener_plugin.py for tasks to queue
[2025-05-04T23:31:38.746+0300] {logging_mixin.py:188} INFO - [2025-05-04T23:31:38.746+0300] {dagbag.py:540} INFO - Filling up the DagBag from /Users/admin/anaconda3/lib/python3.11/site-packages/airflow/example_dags/plugins/listener_plugin.py
[2025-05-04T23:31:38.747+0300] {processor.py:842} WARNING - No viable dags retrieved from /Users/admin/anaconda3/lib/python3.11/site-packages/airflow/example_dags/plugins/listener_plugin.py
[2025-05-04T23:31:38.793+0300] {processor.py:183} INFO - Processing /Users/admin/anaconda3/lib/python3.11/site-packages/airflow/example_dags/plugins/listener_plugin.py took 0.049 seconds
[2025-05-04T23:33:07.736+0300] {processor.py:161} INFO - Started process (PID=23174) to work on /Users/admin/anaconda3/lib/python3.11/site-packages/airflow/example_dags/plugins/listener_plugin.py
[2025-05-04T23:33:07.738+0300] {processor.py:830} INFO - Processing file /Users/admin/anaconda3/lib/python3.11/site-packages/airflow/example_dags/plugins/listener_plugin.py for tasks to queue
[2025-05-04T23:33:07.738+0300] {logging_mixin.py:188} INFO - [2025-05-04T23:33:07.738+0300] {dagbag.py:540} INFO - Filling up the DagBag from /Users/admin/anaconda3/lib/python3.11/site-packages/airflow/example_dags/plugins/listener_plugin.py
[2025-05-04T23:33:07.740+0300] {processor.py:842} WARNING - No viable dags retrieved from /Users/admin/anaconda3/lib/python3.11/site-packages/airflow/example_dags/plugins/listener_plugin.py
[2025-05-04T23:33:07.786+0300] {processor.py:183} INFO - Processing /Users/admin/anaconda3/lib/python3.11/site-packages/airflow/example_dags/plugins/listener_plugin.py took 0.050 seconds
[2025-05-04T23:34:35.691+0300] {processor.py:161} INFO - Started process (PID=23579) to work on /Users/admin/anaconda3/lib/python3.11/site-packages/airflow/example_dags/plugins/listener_plugin.py
[2025-05-04T23:34:35.693+0300] {processor.py:830} INFO - Processing file /Users/admin/anaconda3/lib/python3.11/site-packages/airflow/example_dags/plugins/listener_plugin.py for tasks to queue
[2025-05-04T23:34:35.694+0300] {logging_mixin.py:188} INFO - [2025-05-04T23:34:35.694+0300] {dagbag.py:540} INFO - Filling up the DagBag from /Users/admin/anaconda3/lib/python3.11/site-packages/airflow/example_dags/plugins/listener_plugin.py
[2025-05-04T23:34:35.697+0300] {processor.py:842} WARNING - No viable dags retrieved from /Users/admin/anaconda3/lib/python3.11/site-packages/airflow/example_dags/plugins/listener_plugin.py
[2025-05-04T23:34:35.850+0300] {processor.py:183} INFO - Processing /Users/admin/anaconda3/lib/python3.11/site-packages/airflow/example_dags/plugins/listener_plugin.py took 0.159 seconds
[2025-05-04T23:36:10.970+0300] {processor.py:161} INFO - Started process (PID=24044) to work on /Users/admin/anaconda3/lib/python3.11/site-packages/airflow/example_dags/plugins/listener_plugin.py
[2025-05-04T23:36:10.971+0300] {processor.py:830} INFO - Processing file /Users/admin/anaconda3/lib/python3.11/site-packages/airflow/example_dags/plugins/listener_plugin.py for tasks to queue
[2025-05-04T23:36:10.972+0300] {logging_mixin.py:188} INFO - [2025-05-04T23:36:10.971+0300] {dagbag.py:540} INFO - Filling up the DagBag from /Users/admin/anaconda3/lib/python3.11/site-packages/airflow/example_dags/plugins/listener_plugin.py
[2025-05-04T23:36:10.973+0300] {processor.py:842} WARNING - No viable dags retrieved from /Users/admin/anaconda3/lib/python3.11/site-packages/airflow/example_dags/plugins/listener_plugin.py
[2025-05-04T23:36:11.020+0300] {processor.py:183} INFO - Processing /Users/admin/anaconda3/lib/python3.11/site-packages/airflow/example_dags/plugins/listener_plugin.py took 0.051 seconds
[2025-05-04T23:37:40.863+0300] {processor.py:161} INFO - Started process (PID=24486) to work on /Users/admin/anaconda3/lib/python3.11/site-packages/airflow/example_dags/plugins/listener_plugin.py
[2025-05-04T23:37:40.864+0300] {processor.py:830} INFO - Processing file /Users/admin/anaconda3/lib/python3.11/site-packages/airflow/example_dags/plugins/listener_plugin.py for tasks to queue
[2025-05-04T23:37:40.865+0300] {logging_mixin.py:188} INFO - [2025-05-04T23:37:40.865+0300] {dagbag.py:540} INFO - Filling up the DagBag from /Users/admin/anaconda3/lib/python3.11/site-packages/airflow/example_dags/plugins/listener_plugin.py
[2025-05-04T23:37:40.867+0300] {processor.py:842} WARNING - No viable dags retrieved from /Users/admin/anaconda3/lib/python3.11/site-packages/airflow/example_dags/plugins/listener_plugin.py
[2025-05-04T23:37:40.913+0300] {processor.py:183} INFO - Processing /Users/admin/anaconda3/lib/python3.11/site-packages/airflow/example_dags/plugins/listener_plugin.py took 0.050 seconds
[2025-05-04T23:39:10.196+0300] {processor.py:161} INFO - Started process (PID=24900) to work on /Users/admin/anaconda3/lib/python3.11/site-packages/airflow/example_dags/plugins/listener_plugin.py
[2025-05-04T23:39:10.198+0300] {processor.py:830} INFO - Processing file /Users/admin/anaconda3/lib/python3.11/site-packages/airflow/example_dags/plugins/listener_plugin.py for tasks to queue
[2025-05-04T23:39:10.198+0300] {logging_mixin.py:188} INFO - [2025-05-04T23:39:10.198+0300] {dagbag.py:540} INFO - Filling up the DagBag from /Users/admin/anaconda3/lib/python3.11/site-packages/airflow/example_dags/plugins/listener_plugin.py
[2025-05-04T23:39:10.200+0300] {processor.py:842} WARNING - No viable dags retrieved from /Users/admin/anaconda3/lib/python3.11/site-packages/airflow/example_dags/plugins/listener_plugin.py
[2025-05-04T23:39:10.246+0300] {processor.py:183} INFO - Processing /Users/admin/anaconda3/lib/python3.11/site-packages/airflow/example_dags/plugins/listener_plugin.py took 0.050 seconds
[2025-05-04T23:40:49.048+0300] {processor.py:161} INFO - Started process (PID=25365) to work on /Users/admin/anaconda3/lib/python3.11/site-packages/airflow/example_dags/plugins/listener_plugin.py
[2025-05-04T23:40:49.049+0300] {processor.py:830} INFO - Processing file /Users/admin/anaconda3/lib/python3.11/site-packages/airflow/example_dags/plugins/listener_plugin.py for tasks to queue
[2025-05-04T23:40:49.050+0300] {logging_mixin.py:188} INFO - [2025-05-04T23:40:49.050+0300] {dagbag.py:540} INFO - Filling up the DagBag from /Users/admin/anaconda3/lib/python3.11/site-packages/airflow/example_dags/plugins/listener_plugin.py
[2025-05-04T23:40:49.052+0300] {processor.py:842} WARNING - No viable dags retrieved from /Users/admin/anaconda3/lib/python3.11/site-packages/airflow/example_dags/plugins/listener_plugin.py
[2025-05-04T23:40:49.114+0300] {processor.py:183} INFO - Processing /Users/admin/anaconda3/lib/python3.11/site-packages/airflow/example_dags/plugins/listener_plugin.py took 0.068 seconds
[2025-05-04T23:42:32.747+0300] {processor.py:161} INFO - Started process (PID=25841) to work on /Users/admin/anaconda3/lib/python3.11/site-packages/airflow/example_dags/plugins/listener_plugin.py
[2025-05-04T23:42:32.749+0300] {processor.py:830} INFO - Processing file /Users/admin/anaconda3/lib/python3.11/site-packages/airflow/example_dags/plugins/listener_plugin.py for tasks to queue
[2025-05-04T23:42:32.749+0300] {logging_mixin.py:188} INFO - [2025-05-04T23:42:32.749+0300] {dagbag.py:540} INFO - Filling up the DagBag from /Users/admin/anaconda3/lib/python3.11/site-packages/airflow/example_dags/plugins/listener_plugin.py
[2025-05-04T23:42:32.751+0300] {processor.py:842} WARNING - No viable dags retrieved from /Users/admin/anaconda3/lib/python3.11/site-packages/airflow/example_dags/plugins/listener_plugin.py
[2025-05-04T23:42:32.797+0300] {processor.py:183} INFO - Processing /Users/admin/anaconda3/lib/python3.11/site-packages/airflow/example_dags/plugins/listener_plugin.py took 0.051 seconds
[2025-05-04T23:44:19.680+0300] {processor.py:161} INFO - Started process (PID=26341) to work on /Users/admin/anaconda3/lib/python3.11/site-packages/airflow/example_dags/plugins/listener_plugin.py
[2025-05-04T23:44:19.682+0300] {processor.py:830} INFO - Processing file /Users/admin/anaconda3/lib/python3.11/site-packages/airflow/example_dags/plugins/listener_plugin.py for tasks to queue
[2025-05-04T23:44:19.682+0300] {logging_mixin.py:188} INFO - [2025-05-04T23:44:19.682+0300] {dagbag.py:540} INFO - Filling up the DagBag from /Users/admin/anaconda3/lib/python3.11/site-packages/airflow/example_dags/plugins/listener_plugin.py
[2025-05-04T23:44:19.684+0300] {processor.py:842} WARNING - No viable dags retrieved from /Users/admin/anaconda3/lib/python3.11/site-packages/airflow/example_dags/plugins/listener_plugin.py
[2025-05-04T23:44:19.730+0300] {processor.py:183} INFO - Processing /Users/admin/anaconda3/lib/python3.11/site-packages/airflow/example_dags/plugins/listener_plugin.py took 0.050 seconds
[2025-05-04T23:45:53.769+0300] {processor.py:161} INFO - Started process (PID=26777) to work on /Users/admin/anaconda3/lib/python3.11/site-packages/airflow/example_dags/plugins/listener_plugin.py
[2025-05-04T23:45:53.771+0300] {processor.py:830} INFO - Processing file /Users/admin/anaconda3/lib/python3.11/site-packages/airflow/example_dags/plugins/listener_plugin.py for tasks to queue
[2025-05-04T23:45:53.771+0300] {logging_mixin.py:188} INFO - [2025-05-04T23:45:53.771+0300] {dagbag.py:540} INFO - Filling up the DagBag from /Users/admin/anaconda3/lib/python3.11/site-packages/airflow/example_dags/plugins/listener_plugin.py
[2025-05-04T23:45:53.773+0300] {processor.py:842} WARNING - No viable dags retrieved from /Users/admin/anaconda3/lib/python3.11/site-packages/airflow/example_dags/plugins/listener_plugin.py
[2025-05-04T23:45:53.820+0300] {processor.py:183} INFO - Processing /Users/admin/anaconda3/lib/python3.11/site-packages/airflow/example_dags/plugins/listener_plugin.py took 0.051 seconds
[2025-05-04T23:47:24.036+0300] {processor.py:161} INFO - Started process (PID=27193) to work on /Users/admin/anaconda3/lib/python3.11/site-packages/airflow/example_dags/plugins/listener_plugin.py
[2025-05-04T23:47:24.037+0300] {processor.py:830} INFO - Processing file /Users/admin/anaconda3/lib/python3.11/site-packages/airflow/example_dags/plugins/listener_plugin.py for tasks to queue
[2025-05-04T23:47:24.038+0300] {logging_mixin.py:188} INFO - [2025-05-04T23:47:24.038+0300] {dagbag.py:540} INFO - Filling up the DagBag from /Users/admin/anaconda3/lib/python3.11/site-packages/airflow/example_dags/plugins/listener_plugin.py
[2025-05-04T23:47:24.039+0300] {processor.py:842} WARNING - No viable dags retrieved from /Users/admin/anaconda3/lib/python3.11/site-packages/airflow/example_dags/plugins/listener_plugin.py
[2025-05-04T23:47:24.084+0300] {processor.py:183} INFO - Processing /Users/admin/anaconda3/lib/python3.11/site-packages/airflow/example_dags/plugins/listener_plugin.py took 0.049 seconds
[2025-05-04T23:48:53.959+0300] {processor.py:161} INFO - Started process (PID=27621) to work on /Users/admin/anaconda3/lib/python3.11/site-packages/airflow/example_dags/plugins/listener_plugin.py
[2025-05-04T23:48:53.961+0300] {processor.py:830} INFO - Processing file /Users/admin/anaconda3/lib/python3.11/site-packages/airflow/example_dags/plugins/listener_plugin.py for tasks to queue
[2025-05-04T23:48:53.961+0300] {logging_mixin.py:188} INFO - [2025-05-04T23:48:53.961+0300] {dagbag.py:540} INFO - Filling up the DagBag from /Users/admin/anaconda3/lib/python3.11/site-packages/airflow/example_dags/plugins/listener_plugin.py
[2025-05-04T23:48:53.963+0300] {processor.py:842} WARNING - No viable dags retrieved from /Users/admin/anaconda3/lib/python3.11/site-packages/airflow/example_dags/plugins/listener_plugin.py
[2025-05-04T23:48:54.008+0300] {processor.py:183} INFO - Processing /Users/admin/anaconda3/lib/python3.11/site-packages/airflow/example_dags/plugins/listener_plugin.py took 0.049 seconds
[2025-05-04T23:50:21.914+0300] {processor.py:161} INFO - Started process (PID=28027) to work on /Users/admin/anaconda3/lib/python3.11/site-packages/airflow/example_dags/plugins/listener_plugin.py
[2025-05-04T23:50:21.916+0300] {processor.py:830} INFO - Processing file /Users/admin/anaconda3/lib/python3.11/site-packages/airflow/example_dags/plugins/listener_plugin.py for tasks to queue
[2025-05-04T23:50:21.916+0300] {logging_mixin.py:188} INFO - [2025-05-04T23:50:21.916+0300] {dagbag.py:540} INFO - Filling up the DagBag from /Users/admin/anaconda3/lib/python3.11/site-packages/airflow/example_dags/plugins/listener_plugin.py
[2025-05-04T23:50:21.918+0300] {processor.py:842} WARNING - No viable dags retrieved from /Users/admin/anaconda3/lib/python3.11/site-packages/airflow/example_dags/plugins/listener_plugin.py
[2025-05-04T23:50:21.964+0300] {processor.py:183} INFO - Processing /Users/admin/anaconda3/lib/python3.11/site-packages/airflow/example_dags/plugins/listener_plugin.py took 0.050 seconds
[2025-05-04T23:52:06.291+0300] {processor.py:161} INFO - Started process (PID=28517) to work on /Users/admin/anaconda3/lib/python3.11/site-packages/airflow/example_dags/plugins/listener_plugin.py
[2025-05-04T23:52:06.292+0300] {processor.py:830} INFO - Processing file /Users/admin/anaconda3/lib/python3.11/site-packages/airflow/example_dags/plugins/listener_plugin.py for tasks to queue
[2025-05-04T23:52:06.293+0300] {logging_mixin.py:188} INFO - [2025-05-04T23:52:06.293+0300] {dagbag.py:540} INFO - Filling up the DagBag from /Users/admin/anaconda3/lib/python3.11/site-packages/airflow/example_dags/plugins/listener_plugin.py
[2025-05-04T23:52:06.294+0300] {processor.py:842} WARNING - No viable dags retrieved from /Users/admin/anaconda3/lib/python3.11/site-packages/airflow/example_dags/plugins/listener_plugin.py
[2025-05-04T23:52:06.340+0300] {processor.py:183} INFO - Processing /Users/admin/anaconda3/lib/python3.11/site-packages/airflow/example_dags/plugins/listener_plugin.py took 0.050 seconds
[2025-05-04T23:53:40.016+0300] {processor.py:161} INFO - Started process (PID=28958) to work on /Users/admin/anaconda3/lib/python3.11/site-packages/airflow/example_dags/plugins/listener_plugin.py
[2025-05-04T23:53:40.017+0300] {processor.py:830} INFO - Processing file /Users/admin/anaconda3/lib/python3.11/site-packages/airflow/example_dags/plugins/listener_plugin.py for tasks to queue
[2025-05-04T23:53:40.017+0300] {logging_mixin.py:188} INFO - [2025-05-04T23:53:40.017+0300] {dagbag.py:540} INFO - Filling up the DagBag from /Users/admin/anaconda3/lib/python3.11/site-packages/airflow/example_dags/plugins/listener_plugin.py
[2025-05-04T23:53:40.019+0300] {processor.py:842} WARNING - No viable dags retrieved from /Users/admin/anaconda3/lib/python3.11/site-packages/airflow/example_dags/plugins/listener_plugin.py
[2025-05-04T23:53:40.065+0300] {processor.py:183} INFO - Processing /Users/admin/anaconda3/lib/python3.11/site-packages/airflow/example_dags/plugins/listener_plugin.py took 0.050 seconds
