[2025-05-04T22:10:34.860+0300] {processor.py:161} INFO - Started process (PID=13931) to work on /Users/admin/anaconda3/lib/python3.11/site-packages/airflow/example_dags/subdags/subdag.py
[2025-05-04T22:10:34.861+0300] {processor.py:830} INFO - Processing file /Users/admin/anaconda3/lib/python3.11/site-packages/airflow/example_dags/subdags/subdag.py for tasks to queue
[2025-05-04T22:10:34.861+0300] {logging_mixin.py:188} INFO - [2025-05-04T22:10:34.861+0300] {dagbag.py:540} INFO - Filling up the DagBag from /Users/admin/anaconda3/lib/python3.11/site-packages/airflow/example_dags/subdags/subdag.py
[2025-05-04T22:10:34.863+0300] {processor.py:842} WARNING - No viable dags retrieved from /Users/admin/anaconda3/lib/python3.11/site-packages/airflow/example_dags/subdags/subdag.py
[2025-05-04T22:10:34.908+0300] {processor.py:183} INFO - Processing /Users/admin/anaconda3/lib/python3.11/site-packages/airflow/example_dags/subdags/subdag.py took 0.049 seconds
[2025-05-04T22:12:30.708+0300] {processor.py:161} INFO - Started process (PID=14552) to work on /Users/admin/anaconda3/lib/python3.11/site-packages/airflow/example_dags/subdags/subdag.py
[2025-05-04T22:12:30.709+0300] {processor.py:830} INFO - Processing file /Users/admin/anaconda3/lib/python3.11/site-packages/airflow/example_dags/subdags/subdag.py for tasks to queue
[2025-05-04T22:12:30.709+0300] {logging_mixin.py:188} INFO - [2025-05-04T22:12:30.709+0300] {dagbag.py:540} INFO - Filling up the DagBag from /Users/admin/anaconda3/lib/python3.11/site-packages/airflow/example_dags/subdags/subdag.py
[2025-05-04T22:12:30.712+0300] {processor.py:842} WARNING - No viable dags retrieved from /Users/admin/anaconda3/lib/python3.11/site-packages/airflow/example_dags/subdags/subdag.py
[2025-05-04T22:12:30.762+0300] {processor.py:183} INFO - Processing /Users/admin/anaconda3/lib/python3.11/site-packages/airflow/example_dags/subdags/subdag.py took 0.054 seconds
[2025-05-04T22:13:52.747+0300] {processor.py:161} INFO - Started process (PID=14937) to work on /Users/admin/anaconda3/lib/python3.11/site-packages/airflow/example_dags/subdags/subdag.py
[2025-05-04T22:13:52.748+0300] {processor.py:830} INFO - Processing file /Users/admin/anaconda3/lib/python3.11/site-packages/airflow/example_dags/subdags/subdag.py for tasks to queue
[2025-05-04T22:13:52.748+0300] {logging_mixin.py:188} INFO - [2025-05-04T22:13:52.748+0300] {dagbag.py:540} INFO - Filling up the DagBag from /Users/admin/anaconda3/lib/python3.11/site-packages/airflow/example_dags/subdags/subdag.py
[2025-05-04T22:13:52.750+0300] {processor.py:842} WARNING - No viable dags retrieved from /Users/admin/anaconda3/lib/python3.11/site-packages/airflow/example_dags/subdags/subdag.py
[2025-05-04T22:13:52.796+0300] {processor.py:183} INFO - Processing /Users/admin/anaconda3/lib/python3.11/site-packages/airflow/example_dags/subdags/subdag.py took 0.049 seconds
[2025-05-04T22:15:13.811+0300] {processor.py:161} INFO - Started process (PID=15334) to work on /Users/admin/anaconda3/lib/python3.11/site-packages/airflow/example_dags/subdags/subdag.py
[2025-05-04T22:15:13.812+0300] {processor.py:830} INFO - Processing file /Users/admin/anaconda3/lib/python3.11/site-packages/airflow/example_dags/subdags/subdag.py for tasks to queue
[2025-05-04T22:15:13.812+0300] {logging_mixin.py:188} INFO - [2025-05-04T22:15:13.812+0300] {dagbag.py:540} INFO - Filling up the DagBag from /Users/admin/anaconda3/lib/python3.11/site-packages/airflow/example_dags/subdags/subdag.py
[2025-05-04T22:15:13.815+0300] {processor.py:842} WARNING - No viable dags retrieved from /Users/admin/anaconda3/lib/python3.11/site-packages/airflow/example_dags/subdags/subdag.py
[2025-05-04T22:15:13.860+0300] {processor.py:183} INFO - Processing /Users/admin/anaconda3/lib/python3.11/site-packages/airflow/example_dags/subdags/subdag.py took 0.050 seconds
[2025-05-04T22:16:36.803+0300] {processor.py:161} INFO - Started process (PID=15736) to work on /Users/admin/anaconda3/lib/python3.11/site-packages/airflow/example_dags/subdags/subdag.py
[2025-05-04T22:16:36.804+0300] {processor.py:830} INFO - Processing file /Users/admin/anaconda3/lib/python3.11/site-packages/airflow/example_dags/subdags/subdag.py for tasks to queue
[2025-05-04T22:16:36.804+0300] {logging_mixin.py:188} INFO - [2025-05-04T22:16:36.804+0300] {dagbag.py:540} INFO - Filling up the DagBag from /Users/admin/anaconda3/lib/python3.11/site-packages/airflow/example_dags/subdags/subdag.py
[2025-05-04T22:16:36.807+0300] {processor.py:842} WARNING - No viable dags retrieved from /Users/admin/anaconda3/lib/python3.11/site-packages/airflow/example_dags/subdags/subdag.py
[2025-05-04T22:16:36.852+0300] {processor.py:183} INFO - Processing /Users/admin/anaconda3/lib/python3.11/site-packages/airflow/example_dags/subdags/subdag.py took 0.049 seconds
[2025-05-04T22:18:02.527+0300] {processor.py:161} INFO - Started process (PID=16136) to work on /Users/admin/anaconda3/lib/python3.11/site-packages/airflow/example_dags/subdags/subdag.py
[2025-05-04T22:18:02.528+0300] {processor.py:830} INFO - Processing file /Users/admin/anaconda3/lib/python3.11/site-packages/airflow/example_dags/subdags/subdag.py for tasks to queue
[2025-05-04T22:18:02.528+0300] {logging_mixin.py:188} INFO - [2025-05-04T22:18:02.528+0300] {dagbag.py:540} INFO - Filling up the DagBag from /Users/admin/anaconda3/lib/python3.11/site-packages/airflow/example_dags/subdags/subdag.py
[2025-05-04T22:18:02.531+0300] {processor.py:842} WARNING - No viable dags retrieved from /Users/admin/anaconda3/lib/python3.11/site-packages/airflow/example_dags/subdags/subdag.py
[2025-05-04T22:18:02.576+0300] {processor.py:183} INFO - Processing /Users/admin/anaconda3/lib/python3.11/site-packages/airflow/example_dags/subdags/subdag.py took 0.049 seconds
[2025-05-04T22:26:18.050+0300] {processor.py:161} INFO - Started process (PID=16579) to work on /Users/admin/anaconda3/lib/python3.11/site-packages/airflow/example_dags/subdags/subdag.py
[2025-05-04T22:26:18.051+0300] {processor.py:830} INFO - Processing file /Users/admin/anaconda3/lib/python3.11/site-packages/airflow/example_dags/subdags/subdag.py for tasks to queue
[2025-05-04T22:26:18.052+0300] {logging_mixin.py:188} INFO - [2025-05-04T22:26:18.052+0300] {dagbag.py:540} INFO - Filling up the DagBag from /Users/admin/anaconda3/lib/python3.11/site-packages/airflow/example_dags/subdags/subdag.py
[2025-05-04T22:26:18.054+0300] {processor.py:842} WARNING - No viable dags retrieved from /Users/admin/anaconda3/lib/python3.11/site-packages/airflow/example_dags/subdags/subdag.py
[2025-05-04T22:26:18.099+0300] {processor.py:183} INFO - Processing /Users/admin/anaconda3/lib/python3.11/site-packages/airflow/example_dags/subdags/subdag.py took 0.050 seconds
[2025-05-04T22:27:41.025+0300] {processor.py:161} INFO - Started process (PID=16969) to work on /Users/admin/anaconda3/lib/python3.11/site-packages/airflow/example_dags/subdags/subdag.py
[2025-05-04T22:27:41.026+0300] {processor.py:830} INFO - Processing file /Users/admin/anaconda3/lib/python3.11/site-packages/airflow/example_dags/subdags/subdag.py for tasks to queue
[2025-05-04T22:27:41.026+0300] {logging_mixin.py:188} INFO - [2025-05-04T22:27:41.026+0300] {dagbag.py:540} INFO - Filling up the DagBag from /Users/admin/anaconda3/lib/python3.11/site-packages/airflow/example_dags/subdags/subdag.py
[2025-05-04T22:27:41.028+0300] {processor.py:842} WARNING - No viable dags retrieved from /Users/admin/anaconda3/lib/python3.11/site-packages/airflow/example_dags/subdags/subdag.py
[2025-05-04T22:27:41.074+0300] {processor.py:183} INFO - Processing /Users/admin/anaconda3/lib/python3.11/site-packages/airflow/example_dags/subdags/subdag.py took 0.050 seconds
[2025-05-04T22:29:02.904+0300] {processor.py:161} INFO - Started process (PID=17357) to work on /Users/admin/anaconda3/lib/python3.11/site-packages/airflow/example_dags/subdags/subdag.py
[2025-05-04T22:29:02.906+0300] {processor.py:830} INFO - Processing file /Users/admin/anaconda3/lib/python3.11/site-packages/airflow/example_dags/subdags/subdag.py for tasks to queue
[2025-05-04T22:29:02.906+0300] {logging_mixin.py:188} INFO - [2025-05-04T22:29:02.906+0300] {dagbag.py:540} INFO - Filling up the DagBag from /Users/admin/anaconda3/lib/python3.11/site-packages/airflow/example_dags/subdags/subdag.py
[2025-05-04T22:29:02.908+0300] {processor.py:842} WARNING - No viable dags retrieved from /Users/admin/anaconda3/lib/python3.11/site-packages/airflow/example_dags/subdags/subdag.py
[2025-05-04T22:29:02.955+0300] {processor.py:183} INFO - Processing /Users/admin/anaconda3/lib/python3.11/site-packages/airflow/example_dags/subdags/subdag.py took 0.051 seconds
[2025-05-04T22:30:23.882+0300] {processor.py:161} INFO - Started process (PID=17735) to work on /Users/admin/anaconda3/lib/python3.11/site-packages/airflow/example_dags/subdags/subdag.py
[2025-05-04T22:30:23.883+0300] {processor.py:830} INFO - Processing file /Users/admin/anaconda3/lib/python3.11/site-packages/airflow/example_dags/subdags/subdag.py for tasks to queue
[2025-05-04T22:30:23.883+0300] {logging_mixin.py:188} INFO - [2025-05-04T22:30:23.883+0300] {dagbag.py:540} INFO - Filling up the DagBag from /Users/admin/anaconda3/lib/python3.11/site-packages/airflow/example_dags/subdags/subdag.py
[2025-05-04T22:30:23.886+0300] {processor.py:842} WARNING - No viable dags retrieved from /Users/admin/anaconda3/lib/python3.11/site-packages/airflow/example_dags/subdags/subdag.py
[2025-05-04T22:30:23.931+0300] {processor.py:183} INFO - Processing /Users/admin/anaconda3/lib/python3.11/site-packages/airflow/example_dags/subdags/subdag.py took 0.050 seconds
[2025-05-04T22:31:46.452+0300] {processor.py:161} INFO - Started process (PID=18139) to work on /Users/admin/anaconda3/lib/python3.11/site-packages/airflow/example_dags/subdags/subdag.py
[2025-05-04T22:31:46.453+0300] {processor.py:830} INFO - Processing file /Users/admin/anaconda3/lib/python3.11/site-packages/airflow/example_dags/subdags/subdag.py for tasks to queue
[2025-05-04T22:31:46.454+0300] {logging_mixin.py:188} INFO - [2025-05-04T22:31:46.454+0300] {dagbag.py:540} INFO - Filling up the DagBag from /Users/admin/anaconda3/lib/python3.11/site-packages/airflow/example_dags/subdags/subdag.py
[2025-05-04T22:31:46.456+0300] {processor.py:842} WARNING - No viable dags retrieved from /Users/admin/anaconda3/lib/python3.11/site-packages/airflow/example_dags/subdags/subdag.py
[2025-05-04T22:31:46.501+0300] {processor.py:183} INFO - Processing /Users/admin/anaconda3/lib/python3.11/site-packages/airflow/example_dags/subdags/subdag.py took 0.049 seconds
[2025-05-04T23:17:04.074+0300] {processor.py:161} INFO - Started process (PID=18630) to work on /Users/admin/anaconda3/lib/python3.11/site-packages/airflow/example_dags/subdags/subdag.py
[2025-05-04T23:17:04.075+0300] {processor.py:830} INFO - Processing file /Users/admin/anaconda3/lib/python3.11/site-packages/airflow/example_dags/subdags/subdag.py for tasks to queue
[2025-05-04T23:17:04.075+0300] {logging_mixin.py:188} INFO - [2025-05-04T23:17:04.075+0300] {dagbag.py:540} INFO - Filling up the DagBag from /Users/admin/anaconda3/lib/python3.11/site-packages/airflow/example_dags/subdags/subdag.py
[2025-05-04T23:17:04.078+0300] {processor.py:842} WARNING - No viable dags retrieved from /Users/admin/anaconda3/lib/python3.11/site-packages/airflow/example_dags/subdags/subdag.py
[2025-05-04T23:17:04.123+0300] {processor.py:183} INFO - Processing /Users/admin/anaconda3/lib/python3.11/site-packages/airflow/example_dags/subdags/subdag.py took 0.050 seconds
[2025-05-04T23:18:27.624+0300] {processor.py:161} INFO - Started process (PID=19022) to work on /Users/admin/anaconda3/lib/python3.11/site-packages/airflow/example_dags/subdags/subdag.py
[2025-05-04T23:18:27.625+0300] {processor.py:830} INFO - Processing file /Users/admin/anaconda3/lib/python3.11/site-packages/airflow/example_dags/subdags/subdag.py for tasks to queue
[2025-05-04T23:18:27.626+0300] {logging_mixin.py:188} INFO - [2025-05-04T23:18:27.626+0300] {dagbag.py:540} INFO - Filling up the DagBag from /Users/admin/anaconda3/lib/python3.11/site-packages/airflow/example_dags/subdags/subdag.py
[2025-05-04T23:18:27.628+0300] {processor.py:842} WARNING - No viable dags retrieved from /Users/admin/anaconda3/lib/python3.11/site-packages/airflow/example_dags/subdags/subdag.py
[2025-05-04T23:18:27.674+0300] {processor.py:183} INFO - Processing /Users/admin/anaconda3/lib/python3.11/site-packages/airflow/example_dags/subdags/subdag.py took 0.051 seconds
[2025-05-04T23:19:48.738+0300] {processor.py:161} INFO - Started process (PID=19400) to work on /Users/admin/anaconda3/lib/python3.11/site-packages/airflow/example_dags/subdags/subdag.py
[2025-05-04T23:19:48.740+0300] {processor.py:830} INFO - Processing file /Users/admin/anaconda3/lib/python3.11/site-packages/airflow/example_dags/subdags/subdag.py for tasks to queue
[2025-05-04T23:19:48.740+0300] {logging_mixin.py:188} INFO - [2025-05-04T23:19:48.740+0300] {dagbag.py:540} INFO - Filling up the DagBag from /Users/admin/anaconda3/lib/python3.11/site-packages/airflow/example_dags/subdags/subdag.py
[2025-05-04T23:19:48.742+0300] {processor.py:842} WARNING - No viable dags retrieved from /Users/admin/anaconda3/lib/python3.11/site-packages/airflow/example_dags/subdags/subdag.py
[2025-05-04T23:19:48.787+0300] {processor.py:183} INFO - Processing /Users/admin/anaconda3/lib/python3.11/site-packages/airflow/example_dags/subdags/subdag.py took 0.050 seconds
[2025-05-04T23:21:16.820+0300] {processor.py:161} INFO - Started process (PID=19807) to work on /Users/admin/anaconda3/lib/python3.11/site-packages/airflow/example_dags/subdags/subdag.py
[2025-05-04T23:21:16.821+0300] {processor.py:830} INFO - Processing file /Users/admin/anaconda3/lib/python3.11/site-packages/airflow/example_dags/subdags/subdag.py for tasks to queue
[2025-05-04T23:21:16.822+0300] {logging_mixin.py:188} INFO - [2025-05-04T23:21:16.821+0300] {dagbag.py:540} INFO - Filling up the DagBag from /Users/admin/anaconda3/lib/python3.11/site-packages/airflow/example_dags/subdags/subdag.py
[2025-05-04T23:21:16.824+0300] {processor.py:842} WARNING - No viable dags retrieved from /Users/admin/anaconda3/lib/python3.11/site-packages/airflow/example_dags/subdags/subdag.py
[2025-05-04T23:21:16.870+0300] {processor.py:183} INFO - Processing /Users/admin/anaconda3/lib/python3.11/site-packages/airflow/example_dags/subdags/subdag.py took 0.051 seconds
[2025-05-04T23:22:47.092+0300] {processor.py:161} INFO - Started process (PID=20237) to work on /Users/admin/anaconda3/lib/python3.11/site-packages/airflow/example_dags/subdags/subdag.py
[2025-05-04T23:22:47.094+0300] {processor.py:830} INFO - Processing file /Users/admin/anaconda3/lib/python3.11/site-packages/airflow/example_dags/subdags/subdag.py for tasks to queue
[2025-05-04T23:22:47.094+0300] {logging_mixin.py:188} INFO - [2025-05-04T23:22:47.094+0300] {dagbag.py:540} INFO - Filling up the DagBag from /Users/admin/anaconda3/lib/python3.11/site-packages/airflow/example_dags/subdags/subdag.py
[2025-05-04T23:22:47.096+0300] {processor.py:842} WARNING - No viable dags retrieved from /Users/admin/anaconda3/lib/python3.11/site-packages/airflow/example_dags/subdags/subdag.py
[2025-05-04T23:22:47.142+0300] {processor.py:183} INFO - Processing /Users/admin/anaconda3/lib/python3.11/site-packages/airflow/example_dags/subdags/subdag.py took 0.050 seconds
[2025-05-04T23:24:12.624+0300] {processor.py:161} INFO - Started process (PID=20634) to work on /Users/admin/anaconda3/lib/python3.11/site-packages/airflow/example_dags/subdags/subdag.py
[2025-05-04T23:24:12.625+0300] {processor.py:830} INFO - Processing file /Users/admin/anaconda3/lib/python3.11/site-packages/airflow/example_dags/subdags/subdag.py for tasks to queue
[2025-05-04T23:24:12.625+0300] {logging_mixin.py:188} INFO - [2025-05-04T23:24:12.625+0300] {dagbag.py:540} INFO - Filling up the DagBag from /Users/admin/anaconda3/lib/python3.11/site-packages/airflow/example_dags/subdags/subdag.py
[2025-05-04T23:24:12.628+0300] {processor.py:842} WARNING - No viable dags retrieved from /Users/admin/anaconda3/lib/python3.11/site-packages/airflow/example_dags/subdags/subdag.py
[2025-05-04T23:24:12.674+0300] {processor.py:183} INFO - Processing /Users/admin/anaconda3/lib/python3.11/site-packages/airflow/example_dags/subdags/subdag.py took 0.051 seconds
[2025-05-04T23:25:39.387+0300] {processor.py:161} INFO - Started process (PID=21044) to work on /Users/admin/anaconda3/lib/python3.11/site-packages/airflow/example_dags/subdags/subdag.py
[2025-05-04T23:25:39.388+0300] {processor.py:830} INFO - Processing file /Users/admin/anaconda3/lib/python3.11/site-packages/airflow/example_dags/subdags/subdag.py for tasks to queue
[2025-05-04T23:25:39.388+0300] {logging_mixin.py:188} INFO - [2025-05-04T23:25:39.388+0300] {dagbag.py:540} INFO - Filling up the DagBag from /Users/admin/anaconda3/lib/python3.11/site-packages/airflow/example_dags/subdags/subdag.py
[2025-05-04T23:25:39.391+0300] {processor.py:842} WARNING - No viable dags retrieved from /Users/admin/anaconda3/lib/python3.11/site-packages/airflow/example_dags/subdags/subdag.py
[2025-05-04T23:25:39.436+0300] {processor.py:183} INFO - Processing /Users/admin/anaconda3/lib/python3.11/site-packages/airflow/example_dags/subdags/subdag.py took 0.050 seconds
[2025-05-04T23:27:06.170+0300] {processor.py:161} INFO - Started process (PID=21462) to work on /Users/admin/anaconda3/lib/python3.11/site-packages/airflow/example_dags/subdags/subdag.py
[2025-05-04T23:27:06.172+0300] {processor.py:830} INFO - Processing file /Users/admin/anaconda3/lib/python3.11/site-packages/airflow/example_dags/subdags/subdag.py for tasks to queue
[2025-05-04T23:27:06.172+0300] {logging_mixin.py:188} INFO - [2025-05-04T23:27:06.172+0300] {dagbag.py:540} INFO - Filling up the DagBag from /Users/admin/anaconda3/lib/python3.11/site-packages/airflow/example_dags/subdags/subdag.py
[2025-05-04T23:27:06.174+0300] {processor.py:842} WARNING - No viable dags retrieved from /Users/admin/anaconda3/lib/python3.11/site-packages/airflow/example_dags/subdags/subdag.py
[2025-05-04T23:27:06.220+0300] {processor.py:183} INFO - Processing /Users/admin/anaconda3/lib/python3.11/site-packages/airflow/example_dags/subdags/subdag.py took 0.050 seconds
[2025-05-04T23:28:32.485+0300] {processor.py:161} INFO - Started process (PID=21866) to work on /Users/admin/anaconda3/lib/python3.11/site-packages/airflow/example_dags/subdags/subdag.py
[2025-05-04T23:28:32.486+0300] {processor.py:830} INFO - Processing file /Users/admin/anaconda3/lib/python3.11/site-packages/airflow/example_dags/subdags/subdag.py for tasks to queue
[2025-05-04T23:28:32.488+0300] {logging_mixin.py:188} INFO - [2025-05-04T23:28:32.487+0300] {dagbag.py:540} INFO - Filling up the DagBag from /Users/admin/anaconda3/lib/python3.11/site-packages/airflow/example_dags/subdags/subdag.py
[2025-05-04T23:28:32.490+0300] {processor.py:842} WARNING - No viable dags retrieved from /Users/admin/anaconda3/lib/python3.11/site-packages/airflow/example_dags/subdags/subdag.py
[2025-05-04T23:28:32.543+0300] {processor.py:183} INFO - Processing /Users/admin/anaconda3/lib/python3.11/site-packages/airflow/example_dags/subdags/subdag.py took 0.059 seconds
[2025-05-04T23:30:03.317+0300] {processor.py:161} INFO - Started process (PID=22312) to work on /Users/admin/anaconda3/lib/python3.11/site-packages/airflow/example_dags/subdags/subdag.py
[2025-05-04T23:30:03.318+0300] {processor.py:830} INFO - Processing file /Users/admin/anaconda3/lib/python3.11/site-packages/airflow/example_dags/subdags/subdag.py for tasks to queue
[2025-05-04T23:30:03.318+0300] {logging_mixin.py:188} INFO - [2025-05-04T23:30:03.318+0300] {dagbag.py:540} INFO - Filling up the DagBag from /Users/admin/anaconda3/lib/python3.11/site-packages/airflow/example_dags/subdags/subdag.py
[2025-05-04T23:30:03.320+0300] {processor.py:842} WARNING - No viable dags retrieved from /Users/admin/anaconda3/lib/python3.11/site-packages/airflow/example_dags/subdags/subdag.py
[2025-05-04T23:30:03.366+0300] {processor.py:183} INFO - Processing /Users/admin/anaconda3/lib/python3.11/site-packages/airflow/example_dags/subdags/subdag.py took 0.050 seconds
[2025-05-04T23:31:33.361+0300] {processor.py:161} INFO - Started process (PID=22730) to work on /Users/admin/anaconda3/lib/python3.11/site-packages/airflow/example_dags/subdags/subdag.py
[2025-05-04T23:31:33.362+0300] {processor.py:830} INFO - Processing file /Users/admin/anaconda3/lib/python3.11/site-packages/airflow/example_dags/subdags/subdag.py for tasks to queue
[2025-05-04T23:31:33.363+0300] {logging_mixin.py:188} INFO - [2025-05-04T23:31:33.363+0300] {dagbag.py:540} INFO - Filling up the DagBag from /Users/admin/anaconda3/lib/python3.11/site-packages/airflow/example_dags/subdags/subdag.py
[2025-05-04T23:31:33.365+0300] {processor.py:842} WARNING - No viable dags retrieved from /Users/admin/anaconda3/lib/python3.11/site-packages/airflow/example_dags/subdags/subdag.py
[2025-05-04T23:31:33.418+0300] {processor.py:183} INFO - Processing /Users/admin/anaconda3/lib/python3.11/site-packages/airflow/example_dags/subdags/subdag.py took 0.058 seconds
[2025-05-04T23:33:02.585+0300] {processor.py:161} INFO - Started process (PID=23143) to work on /Users/admin/anaconda3/lib/python3.11/site-packages/airflow/example_dags/subdags/subdag.py
[2025-05-04T23:33:02.586+0300] {processor.py:830} INFO - Processing file /Users/admin/anaconda3/lib/python3.11/site-packages/airflow/example_dags/subdags/subdag.py for tasks to queue
[2025-05-04T23:33:02.587+0300] {logging_mixin.py:188} INFO - [2025-05-04T23:33:02.587+0300] {dagbag.py:540} INFO - Filling up the DagBag from /Users/admin/anaconda3/lib/python3.11/site-packages/airflow/example_dags/subdags/subdag.py
[2025-05-04T23:33:02.589+0300] {processor.py:842} WARNING - No viable dags retrieved from /Users/admin/anaconda3/lib/python3.11/site-packages/airflow/example_dags/subdags/subdag.py
[2025-05-04T23:33:02.634+0300] {processor.py:183} INFO - Processing /Users/admin/anaconda3/lib/python3.11/site-packages/airflow/example_dags/subdags/subdag.py took 0.050 seconds
[2025-05-04T23:34:30.305+0300] {processor.py:161} INFO - Started process (PID=23553) to work on /Users/admin/anaconda3/lib/python3.11/site-packages/airflow/example_dags/subdags/subdag.py
[2025-05-04T23:34:30.307+0300] {processor.py:830} INFO - Processing file /Users/admin/anaconda3/lib/python3.11/site-packages/airflow/example_dags/subdags/subdag.py for tasks to queue
[2025-05-04T23:34:30.307+0300] {logging_mixin.py:188} INFO - [2025-05-04T23:34:30.307+0300] {dagbag.py:540} INFO - Filling up the DagBag from /Users/admin/anaconda3/lib/python3.11/site-packages/airflow/example_dags/subdags/subdag.py
[2025-05-04T23:34:30.310+0300] {processor.py:842} WARNING - No viable dags retrieved from /Users/admin/anaconda3/lib/python3.11/site-packages/airflow/example_dags/subdags/subdag.py
[2025-05-04T23:34:30.355+0300] {processor.py:183} INFO - Processing /Users/admin/anaconda3/lib/python3.11/site-packages/airflow/example_dags/subdags/subdag.py took 0.050 seconds
[2025-05-04T23:36:05.522+0300] {processor.py:161} INFO - Started process (PID=24018) to work on /Users/admin/anaconda3/lib/python3.11/site-packages/airflow/example_dags/subdags/subdag.py
[2025-05-04T23:36:05.523+0300] {processor.py:830} INFO - Processing file /Users/admin/anaconda3/lib/python3.11/site-packages/airflow/example_dags/subdags/subdag.py for tasks to queue
[2025-05-04T23:36:05.523+0300] {logging_mixin.py:188} INFO - [2025-05-04T23:36:05.523+0300] {dagbag.py:540} INFO - Filling up the DagBag from /Users/admin/anaconda3/lib/python3.11/site-packages/airflow/example_dags/subdags/subdag.py
[2025-05-04T23:36:05.525+0300] {processor.py:842} WARNING - No viable dags retrieved from /Users/admin/anaconda3/lib/python3.11/site-packages/airflow/example_dags/subdags/subdag.py
[2025-05-04T23:36:05.571+0300] {processor.py:183} INFO - Processing /Users/admin/anaconda3/lib/python3.11/site-packages/airflow/example_dags/subdags/subdag.py took 0.049 seconds
[2025-05-04T23:37:35.583+0300] {processor.py:161} INFO - Started process (PID=24467) to work on /Users/admin/anaconda3/lib/python3.11/site-packages/airflow/example_dags/subdags/subdag.py
[2025-05-04T23:37:35.584+0300] {processor.py:830} INFO - Processing file /Users/admin/anaconda3/lib/python3.11/site-packages/airflow/example_dags/subdags/subdag.py for tasks to queue
[2025-05-04T23:37:35.585+0300] {logging_mixin.py:188} INFO - [2025-05-04T23:37:35.584+0300] {dagbag.py:540} INFO - Filling up the DagBag from /Users/admin/anaconda3/lib/python3.11/site-packages/airflow/example_dags/subdags/subdag.py
[2025-05-04T23:37:35.587+0300] {processor.py:842} WARNING - No viable dags retrieved from /Users/admin/anaconda3/lib/python3.11/site-packages/airflow/example_dags/subdags/subdag.py
[2025-05-04T23:37:35.633+0300] {processor.py:183} INFO - Processing /Users/admin/anaconda3/lib/python3.11/site-packages/airflow/example_dags/subdags/subdag.py took 0.051 seconds
[2025-05-04T23:39:04.851+0300] {processor.py:161} INFO - Started process (PID=24881) to work on /Users/admin/anaconda3/lib/python3.11/site-packages/airflow/example_dags/subdags/subdag.py
[2025-05-04T23:39:04.852+0300] {processor.py:830} INFO - Processing file /Users/admin/anaconda3/lib/python3.11/site-packages/airflow/example_dags/subdags/subdag.py for tasks to queue
[2025-05-04T23:39:04.852+0300] {logging_mixin.py:188} INFO - [2025-05-04T23:39:04.852+0300] {dagbag.py:540} INFO - Filling up the DagBag from /Users/admin/anaconda3/lib/python3.11/site-packages/airflow/example_dags/subdags/subdag.py
[2025-05-04T23:39:04.855+0300] {processor.py:842} WARNING - No viable dags retrieved from /Users/admin/anaconda3/lib/python3.11/site-packages/airflow/example_dags/subdags/subdag.py
[2025-05-04T23:39:04.900+0300] {processor.py:183} INFO - Processing /Users/admin/anaconda3/lib/python3.11/site-packages/airflow/example_dags/subdags/subdag.py took 0.050 seconds
[2025-05-04T23:40:42.689+0300] {processor.py:161} INFO - Started process (PID=25333) to work on /Users/admin/anaconda3/lib/python3.11/site-packages/airflow/example_dags/subdags/subdag.py
[2025-05-04T23:40:42.690+0300] {processor.py:830} INFO - Processing file /Users/admin/anaconda3/lib/python3.11/site-packages/airflow/example_dags/subdags/subdag.py for tasks to queue
[2025-05-04T23:40:42.691+0300] {logging_mixin.py:188} INFO - [2025-05-04T23:40:42.691+0300] {dagbag.py:540} INFO - Filling up the DagBag from /Users/admin/anaconda3/lib/python3.11/site-packages/airflow/example_dags/subdags/subdag.py
[2025-05-04T23:40:42.694+0300] {processor.py:842} WARNING - No viable dags retrieved from /Users/admin/anaconda3/lib/python3.11/site-packages/airflow/example_dags/subdags/subdag.py
[2025-05-04T23:40:42.759+0300] {processor.py:183} INFO - Processing /Users/admin/anaconda3/lib/python3.11/site-packages/airflow/example_dags/subdags/subdag.py took 0.071 seconds
[2025-05-04T23:42:28.012+0300] {processor.py:161} INFO - Started process (PID=25822) to work on /Users/admin/anaconda3/lib/python3.11/site-packages/airflow/example_dags/subdags/subdag.py
[2025-05-04T23:42:28.013+0300] {processor.py:830} INFO - Processing file /Users/admin/anaconda3/lib/python3.11/site-packages/airflow/example_dags/subdags/subdag.py for tasks to queue
[2025-05-04T23:42:28.014+0300] {logging_mixin.py:188} INFO - [2025-05-04T23:42:28.014+0300] {dagbag.py:540} INFO - Filling up the DagBag from /Users/admin/anaconda3/lib/python3.11/site-packages/airflow/example_dags/subdags/subdag.py
[2025-05-04T23:42:28.016+0300] {processor.py:842} WARNING - No viable dags retrieved from /Users/admin/anaconda3/lib/python3.11/site-packages/airflow/example_dags/subdags/subdag.py
[2025-05-04T23:42:28.077+0300] {processor.py:183} INFO - Processing /Users/admin/anaconda3/lib/python3.11/site-packages/airflow/example_dags/subdags/subdag.py took 0.066 seconds
[2025-05-04T23:44:14.510+0300] {processor.py:161} INFO - Started process (PID=26309) to work on /Users/admin/anaconda3/lib/python3.11/site-packages/airflow/example_dags/subdags/subdag.py
[2025-05-04T23:44:14.511+0300] {processor.py:830} INFO - Processing file /Users/admin/anaconda3/lib/python3.11/site-packages/airflow/example_dags/subdags/subdag.py for tasks to queue
[2025-05-04T23:44:14.512+0300] {logging_mixin.py:188} INFO - [2025-05-04T23:44:14.512+0300] {dagbag.py:540} INFO - Filling up the DagBag from /Users/admin/anaconda3/lib/python3.11/site-packages/airflow/example_dags/subdags/subdag.py
[2025-05-04T23:44:14.514+0300] {processor.py:842} WARNING - No viable dags retrieved from /Users/admin/anaconda3/lib/python3.11/site-packages/airflow/example_dags/subdags/subdag.py
[2025-05-04T23:44:14.559+0300] {processor.py:183} INFO - Processing /Users/admin/anaconda3/lib/python3.11/site-packages/airflow/example_dags/subdags/subdag.py took 0.050 seconds
[2025-05-04T23:45:48.378+0300] {processor.py:161} INFO - Started process (PID=26745) to work on /Users/admin/anaconda3/lib/python3.11/site-packages/airflow/example_dags/subdags/subdag.py
[2025-05-04T23:45:48.379+0300] {processor.py:830} INFO - Processing file /Users/admin/anaconda3/lib/python3.11/site-packages/airflow/example_dags/subdags/subdag.py for tasks to queue
[2025-05-04T23:45:48.380+0300] {logging_mixin.py:188} INFO - [2025-05-04T23:45:48.379+0300] {dagbag.py:540} INFO - Filling up the DagBag from /Users/admin/anaconda3/lib/python3.11/site-packages/airflow/example_dags/subdags/subdag.py
[2025-05-04T23:45:48.382+0300] {processor.py:842} WARNING - No viable dags retrieved from /Users/admin/anaconda3/lib/python3.11/site-packages/airflow/example_dags/subdags/subdag.py
[2025-05-04T23:45:48.427+0300] {processor.py:183} INFO - Processing /Users/admin/anaconda3/lib/python3.11/site-packages/airflow/example_dags/subdags/subdag.py took 0.050 seconds
[2025-05-04T23:47:18.814+0300] {processor.py:161} INFO - Started process (PID=27174) to work on /Users/admin/anaconda3/lib/python3.11/site-packages/airflow/example_dags/subdags/subdag.py
[2025-05-04T23:47:18.816+0300] {processor.py:830} INFO - Processing file /Users/admin/anaconda3/lib/python3.11/site-packages/airflow/example_dags/subdags/subdag.py for tasks to queue
[2025-05-04T23:47:18.816+0300] {logging_mixin.py:188} INFO - [2025-05-04T23:47:18.816+0300] {dagbag.py:540} INFO - Filling up the DagBag from /Users/admin/anaconda3/lib/python3.11/site-packages/airflow/example_dags/subdags/subdag.py
[2025-05-04T23:47:18.818+0300] {processor.py:842} WARNING - No viable dags retrieved from /Users/admin/anaconda3/lib/python3.11/site-packages/airflow/example_dags/subdags/subdag.py
[2025-05-04T23:47:18.872+0300] {processor.py:183} INFO - Processing /Users/admin/anaconda3/lib/python3.11/site-packages/airflow/example_dags/subdags/subdag.py took 0.058 seconds
[2025-05-04T23:48:48.814+0300] {processor.py:161} INFO - Started process (PID=27595) to work on /Users/admin/anaconda3/lib/python3.11/site-packages/airflow/example_dags/subdags/subdag.py
[2025-05-04T23:48:48.815+0300] {processor.py:830} INFO - Processing file /Users/admin/anaconda3/lib/python3.11/site-packages/airflow/example_dags/subdags/subdag.py for tasks to queue
[2025-05-04T23:48:48.816+0300] {logging_mixin.py:188} INFO - [2025-05-04T23:48:48.815+0300] {dagbag.py:540} INFO - Filling up the DagBag from /Users/admin/anaconda3/lib/python3.11/site-packages/airflow/example_dags/subdags/subdag.py
[2025-05-04T23:48:48.818+0300] {processor.py:842} WARNING - No viable dags retrieved from /Users/admin/anaconda3/lib/python3.11/site-packages/airflow/example_dags/subdags/subdag.py
[2025-05-04T23:48:48.864+0300] {processor.py:183} INFO - Processing /Users/admin/anaconda3/lib/python3.11/site-packages/airflow/example_dags/subdags/subdag.py took 0.051 seconds
[2025-05-04T23:50:17.246+0300] {processor.py:161} INFO - Started process (PID=28008) to work on /Users/admin/anaconda3/lib/python3.11/site-packages/airflow/example_dags/subdags/subdag.py
[2025-05-04T23:50:17.247+0300] {processor.py:830} INFO - Processing file /Users/admin/anaconda3/lib/python3.11/site-packages/airflow/example_dags/subdags/subdag.py for tasks to queue
[2025-05-04T23:50:17.248+0300] {logging_mixin.py:188} INFO - [2025-05-04T23:50:17.247+0300] {dagbag.py:540} INFO - Filling up the DagBag from /Users/admin/anaconda3/lib/python3.11/site-packages/airflow/example_dags/subdags/subdag.py
[2025-05-04T23:50:17.250+0300] {processor.py:842} WARNING - No viable dags retrieved from /Users/admin/anaconda3/lib/python3.11/site-packages/airflow/example_dags/subdags/subdag.py
[2025-05-04T23:50:17.295+0300] {processor.py:183} INFO - Processing /Users/admin/anaconda3/lib/python3.11/site-packages/airflow/example_dags/subdags/subdag.py took 0.049 seconds
[2025-05-04T23:52:01.140+0300] {processor.py:161} INFO - Started process (PID=28499) to work on /Users/admin/anaconda3/lib/python3.11/site-packages/airflow/example_dags/subdags/subdag.py
[2025-05-04T23:52:01.141+0300] {processor.py:830} INFO - Processing file /Users/admin/anaconda3/lib/python3.11/site-packages/airflow/example_dags/subdags/subdag.py for tasks to queue
[2025-05-04T23:52:01.142+0300] {logging_mixin.py:188} INFO - [2025-05-04T23:52:01.141+0300] {dagbag.py:540} INFO - Filling up the DagBag from /Users/admin/anaconda3/lib/python3.11/site-packages/airflow/example_dags/subdags/subdag.py
[2025-05-04T23:52:01.144+0300] {processor.py:842} WARNING - No viable dags retrieved from /Users/admin/anaconda3/lib/python3.11/site-packages/airflow/example_dags/subdags/subdag.py
[2025-05-04T23:52:01.190+0300] {processor.py:183} INFO - Processing /Users/admin/anaconda3/lib/python3.11/site-packages/airflow/example_dags/subdags/subdag.py took 0.050 seconds
[2025-05-04T23:53:34.705+0300] {processor.py:161} INFO - Started process (PID=28935) to work on /Users/admin/anaconda3/lib/python3.11/site-packages/airflow/example_dags/subdags/subdag.py
[2025-05-04T23:53:34.707+0300] {processor.py:830} INFO - Processing file /Users/admin/anaconda3/lib/python3.11/site-packages/airflow/example_dags/subdags/subdag.py for tasks to queue
[2025-05-04T23:53:34.707+0300] {logging_mixin.py:188} INFO - [2025-05-04T23:53:34.707+0300] {dagbag.py:540} INFO - Filling up the DagBag from /Users/admin/anaconda3/lib/python3.11/site-packages/airflow/example_dags/subdags/subdag.py
[2025-05-04T23:53:34.709+0300] {processor.py:842} WARNING - No viable dags retrieved from /Users/admin/anaconda3/lib/python3.11/site-packages/airflow/example_dags/subdags/subdag.py
[2025-05-04T23:53:34.755+0300] {processor.py:183} INFO - Processing /Users/admin/anaconda3/lib/python3.11/site-packages/airflow/example_dags/subdags/subdag.py took 0.050 seconds
